[2024-09-12T18:31:24.258+0000] {local_task_job_runner.py:123} INFO - ::group::Pre task execution logs
[2024-09-12T18:31:24.272+0000] {taskinstance.py:2612} INFO - Dependencies all met for dep_context=non-requeueable deps ti=<TaskInstance: snowflake_automation_dag.poll_step_layer2 manual__2024-09-12T18:06:56.514228+00:00 [queued]>
[2024-09-12T18:31:24.277+0000] {taskinstance.py:2612} INFO - Dependencies all met for dep_context=requeueable deps ti=<TaskInstance: snowflake_automation_dag.poll_step_layer2 manual__2024-09-12T18:06:56.514228+00:00 [queued]>
[2024-09-12T18:31:24.277+0000] {taskinstance.py:2865} INFO - Starting attempt 1 of 1
[2024-09-12T18:31:24.283+0000] {taskinstance.py:2888} INFO - Executing <Task(PythonOperator): poll_step_layer2> on 2024-09-12 18:06:56.514228+00:00
[2024-09-12T18:31:24.290+0000] {warnings.py:112} WARNING - /home/***/.local/lib/python3.12/site-packages/***/task/task_runner/standard_task_runner.py:70: DeprecationWarning: This process (pid=1677) is multi-threaded, use of fork() may lead to deadlocks in the child.
  pid = os.fork()

[2024-09-12T18:31:24.292+0000] {standard_task_runner.py:72} INFO - Started process 1679 to run task
[2024-09-12T18:31:24.292+0000] {standard_task_runner.py:104} INFO - Running: ['***', 'tasks', 'run', 'snowflake_automation_dag', 'poll_step_layer2', 'manual__2024-09-12T18:06:56.514228+00:00', '--job-id', '28', '--raw', '--subdir', 'DAGS_FOLDER/***_emr_spark_s3_snowflake.py', '--cfg-path', '/tmp/tmp8bjpnu_y']
[2024-09-12T18:31:24.295+0000] {standard_task_runner.py:105} INFO - Job 28: Subtask poll_step_layer2
[2024-09-12T18:31:24.338+0000] {task_command.py:467} INFO - Running <TaskInstance: snowflake_automation_dag.poll_step_layer2 manual__2024-09-12T18:06:56.514228+00:00 [running]> on host 70476fe7f1d5
[2024-09-12T18:31:24.405+0000] {taskinstance.py:3131} INFO - Exporting env vars: AIRFLOW_CTX_DAG_OWNER='Airflow' AIRFLOW_CTX_DAG_ID='snowflake_automation_dag' AIRFLOW_CTX_TASK_ID='poll_step_layer2' AIRFLOW_CTX_EXECUTION_DATE='2024-09-12T18:06:56.514228+00:00' AIRFLOW_CTX_TRY_NUMBER='1' AIRFLOW_CTX_DAG_RUN_ID='manual__2024-09-12T18:06:56.514228+00:00'
[2024-09-12T18:31:24.407+0000] {taskinstance.py:731} INFO - ::endgroup::
[2024-09-12T18:31:24.416+0000] {logging_mixin.py:190} INFO - The cluster id : j-1EI6GRS564UP8
[2024-09-12T18:31:24.417+0000] {logging_mixin.py:190} INFO - The emr step id : s-00975732WPLJUYG01IL
[2024-09-12T18:31:24.800+0000] {logging_mixin.py:190} INFO - The step is PENDING
[2024-09-12T18:32:05.200+0000] {logging_mixin.py:190} INFO - The step is PENDING
[2024-09-12T18:32:45.585+0000] {logging_mixin.py:190} INFO - The step is RUNNING
[2024-09-12T18:33:25.916+0000] {python.py:240} INFO - Done. Returned value was: None
[2024-09-12T18:33:25.966+0000] {taskinstance.py:340} INFO - ::group::Post task execution logs
[2024-09-12T18:33:25.971+0000] {taskinstance.py:352} INFO - Marking task as SUCCESS. dag_id=snowflake_automation_dag, task_id=poll_step_layer2, run_id=manual__2024-09-12T18:06:56.514228+00:00, execution_date=20240912T180656, start_date=20240912T183124, end_date=20240912T183325
[2024-09-12T18:33:26.064+0000] {local_task_job_runner.py:266} INFO - Task exited with return code 0
[2024-09-12T18:33:26.080+0000] {warnings.py:112} WARNING - /home/***/.local/lib/python3.12/site-packages/***/models/baseoperator.py:1378: AirflowProviderDeprecationWarning: Call to deprecated class SnowflakeOperator. (This class is deprecated. Please use `***.providers.common.sql.operators.sql.SQLExecuteQueryOperator`. Also, you can provide `hook_params={'warehouse': <warehouse>, 'database': <database>, 'role': <role>, 'schema': <schema>, 'authenticator': <authenticator>,'session_parameters': <session_parameters>}`.)
  result = cls.__new__(cls)

[2024-09-12T18:33:26.102+0000] {taskinstance.py:3900} INFO - 1 downstream tasks scheduled from follow-on schedule check
[2024-09-12T18:33:26.104+0000] {local_task_job_runner.py:245} INFO - ::endgroup::
