[2024-09-12T17:15:59.401+0000] {local_task_job_runner.py:123} INFO - ::group::Pre task execution logs
[2024-09-12T17:15:59.413+0000] {taskinstance.py:2612} INFO - Dependencies all met for dep_context=non-requeueable deps ti=<TaskInstance: snowflake_automation_dag.poll_step_layer manual__2024-09-12T17:15:53.704070+00:00 [queued]>
[2024-09-12T17:15:59.418+0000] {taskinstance.py:2612} INFO - Dependencies all met for dep_context=requeueable deps ti=<TaskInstance: snowflake_automation_dag.poll_step_layer manual__2024-09-12T17:15:53.704070+00:00 [queued]>
[2024-09-12T17:15:59.419+0000] {taskinstance.py:2865} INFO - Starting attempt 1 of 1
[2024-09-12T17:15:59.426+0000] {taskinstance.py:2888} INFO - Executing <Task(PythonOperator): poll_step_layer> on 2024-09-12 17:15:53.704070+00:00
[2024-09-12T17:15:59.431+0000] {warnings.py:112} WARNING - /home/***/.local/lib/python3.12/site-packages/***/task/task_runner/standard_task_runner.py:70: DeprecationWarning: This process (pid=621) is multi-threaded, use of fork() may lead to deadlocks in the child.
  pid = os.fork()

[2024-09-12T17:15:59.433+0000] {standard_task_runner.py:72} INFO - Started process 623 to run task
[2024-09-12T17:15:59.434+0000] {standard_task_runner.py:104} INFO - Running: ['***', 'tasks', 'run', 'snowflake_automation_dag', 'poll_step_layer', 'manual__2024-09-12T17:15:53.704070+00:00', '--job-id', '16', '--raw', '--subdir', 'DAGS_FOLDER/***_emr_spark_s3_snowflake.py', '--cfg-path', '/tmp/tmpvzb0k86c']
[2024-09-12T17:15:59.437+0000] {standard_task_runner.py:105} INFO - Job 16: Subtask poll_step_layer
[2024-09-12T17:15:59.476+0000] {task_command.py:467} INFO - Running <TaskInstance: snowflake_automation_dag.poll_step_layer manual__2024-09-12T17:15:53.704070+00:00 [running]> on host 70476fe7f1d5
[2024-09-12T17:15:59.540+0000] {taskinstance.py:3131} INFO - Exporting env vars: AIRFLOW_CTX_DAG_OWNER='Airflow' AIRFLOW_CTX_DAG_ID='snowflake_automation_dag' AIRFLOW_CTX_TASK_ID='poll_step_layer' AIRFLOW_CTX_EXECUTION_DATE='2024-09-12T17:15:53.704070+00:00' AIRFLOW_CTX_TRY_NUMBER='1' AIRFLOW_CTX_DAG_RUN_ID='manual__2024-09-12T17:15:53.704070+00:00'
[2024-09-12T17:15:59.541+0000] {taskinstance.py:731} INFO - ::endgroup::
[2024-09-12T17:15:59.549+0000] {logging_mixin.py:190} INFO - The cluster id : j-1V208XABQ3GY2
[2024-09-12T17:15:59.550+0000] {logging_mixin.py:190} INFO - The emr step id : s-0393019259QCGUBA330K
[2024-09-12T17:15:59.909+0000] {logging_mixin.py:190} INFO - The step is PENDING
[2024-09-12T17:16:10.393+0000] {logging_mixin.py:190} INFO - The step is PENDING
[2024-09-12T17:16:20.825+0000] {logging_mixin.py:190} INFO - The step is PENDING
[2024-09-12T17:16:31.228+0000] {logging_mixin.py:190} INFO - The step is PENDING
[2024-09-12T17:16:41.614+0000] {logging_mixin.py:190} INFO - The step is PENDING
[2024-09-12T17:16:52.028+0000] {logging_mixin.py:190} INFO - The step is PENDING
[2024-09-12T17:17:02.411+0000] {python.py:240} INFO - Done. Returned value was: None
[2024-09-12T17:17:02.435+0000] {taskinstance.py:340} INFO - ::group::Post task execution logs
[2024-09-12T17:17:02.437+0000] {taskinstance.py:352} INFO - Marking task as SUCCESS. dag_id=snowflake_automation_dag, task_id=poll_step_layer, run_id=manual__2024-09-12T17:15:53.704070+00:00, execution_date=20240912T171553, start_date=20240912T171559, end_date=20240912T171702
[2024-09-12T17:17:02.484+0000] {local_task_job_runner.py:266} INFO - Task exited with return code 0
[2024-09-12T17:17:02.495+0000] {warnings.py:112} WARNING - /home/***/.local/lib/python3.12/site-packages/***/models/baseoperator.py:1378: AirflowProviderDeprecationWarning: Call to deprecated class SnowflakeOperator. (This class is deprecated. Please use `***.providers.common.sql.operators.sql.SQLExecuteQueryOperator`. Also, you can provide `hook_params={'warehouse': <warehouse>, 'database': <database>, 'role': <role>, 'schema': <schema>, 'authenticator': <authenticator>,'session_parameters': <session_parameters>}`.)
  result = cls.__new__(cls)

[2024-09-12T17:17:02.507+0000] {taskinstance.py:3900} INFO - 1 downstream tasks scheduled from follow-on schedule check
[2024-09-12T17:17:02.509+0000] {local_task_job_runner.py:245} INFO - ::endgroup::
