[2024-09-17T00:44:03.752+0000] {processor.py:186} INFO - Started process (PID=11287) to work on /opt/airflow/dags/online_retail_transaction.py
[2024-09-17T00:44:03.753+0000] {processor.py:914} INFO - Processing file /opt/airflow/dags/online_retail_transaction.py for tasks to queue
[2024-09-17T00:44:03.756+0000] {logging_mixin.py:190} INFO - [2024-09-17T00:44:03.755+0000] {dagbag.py:587} INFO - Filling up the DagBag from /opt/airflow/dags/online_retail_transaction.py
[2024-09-17T00:44:04.433+0000] {logging_mixin.py:190} WARNING - /home/airflow/.local/lib/python3.12/site-packages/snowflake/sqlalchemy/base.py:1068 SAWarning: The GenericFunction 'flatten' is already registered and is going to be overridden.
[2024-09-17T00:44:04.436+0000] {processor.py:925} INFO - DAG(s) 'online_retail_transaction' retrieved from /opt/airflow/dags/online_retail_transaction.py
[2024-09-17T00:44:04.496+0000] {logging_mixin.py:190} INFO - [2024-09-17T00:44:04.495+0000] {dag.py:3229} INFO - Sync 1 DAGs
[2024-09-17T00:44:04.505+0000] {logging_mixin.py:190} INFO - [2024-09-17T00:44:04.505+0000] {dag.py:4156} INFO - Setting next_dagrun for online_retail_transaction to None, run_after=None
[2024-09-17T00:44:04.517+0000] {processor.py:208} INFO - Processing /opt/airflow/dags/online_retail_transaction.py took 0.770 seconds
[2024-09-17T01:53:13.401+0000] {processor.py:186} INFO - Started process (PID=11299) to work on /opt/airflow/dags/online_retail_transaction.py
[2024-09-17T01:53:13.403+0000] {processor.py:914} INFO - Processing file /opt/airflow/dags/online_retail_transaction.py for tasks to queue
[2024-09-17T01:53:13.406+0000] {logging_mixin.py:190} INFO - [2024-09-17T01:53:13.405+0000] {dagbag.py:587} INFO - Filling up the DagBag from /opt/airflow/dags/online_retail_transaction.py
[2024-09-17T01:53:13.956+0000] {logging_mixin.py:190} WARNING - /home/airflow/.local/lib/python3.12/site-packages/snowflake/sqlalchemy/base.py:1068 SAWarning: The GenericFunction 'flatten' is already registered and is going to be overridden.
[2024-09-17T01:53:13.958+0000] {processor.py:925} INFO - DAG(s) 'online_retail_transaction' retrieved from /opt/airflow/dags/online_retail_transaction.py
[2024-09-17T01:53:13.968+0000] {logging_mixin.py:190} INFO - [2024-09-17T01:53:13.968+0000] {dag.py:3229} INFO - Sync 1 DAGs
[2024-09-17T01:53:13.979+0000] {logging_mixin.py:190} INFO - [2024-09-17T01:53:13.979+0000] {dag.py:4156} INFO - Setting next_dagrun for online_retail_transaction to None, run_after=None
[2024-09-17T01:53:13.989+0000] {processor.py:208} INFO - Processing /opt/airflow/dags/online_retail_transaction.py took 0.595 seconds
[2024-09-17T02:46:39.318+0000] {processor.py:186} INFO - Started process (PID=11311) to work on /opt/airflow/dags/online_retail_transaction.py
[2024-09-17T02:46:39.319+0000] {processor.py:914} INFO - Processing file /opt/airflow/dags/online_retail_transaction.py for tasks to queue
[2024-09-17T02:46:39.323+0000] {logging_mixin.py:190} INFO - [2024-09-17T02:46:39.322+0000] {dagbag.py:587} INFO - Filling up the DagBag from /opt/airflow/dags/online_retail_transaction.py
[2024-09-17T02:46:40.233+0000] {logging_mixin.py:190} WARNING - /home/airflow/.local/lib/python3.12/site-packages/snowflake/sqlalchemy/base.py:1068 SAWarning: The GenericFunction 'flatten' is already registered and is going to be overridden.
[2024-09-17T02:46:40.237+0000] {processor.py:925} INFO - DAG(s) 'online_retail_transaction' retrieved from /opt/airflow/dags/online_retail_transaction.py
[2024-09-17T02:46:40.248+0000] {logging_mixin.py:190} INFO - [2024-09-17T02:46:40.248+0000] {dag.py:3229} INFO - Sync 1 DAGs
[2024-09-17T02:46:40.258+0000] {logging_mixin.py:190} INFO - [2024-09-17T02:46:40.258+0000] {dag.py:4156} INFO - Setting next_dagrun for online_retail_transaction to None, run_after=None
[2024-09-17T02:46:40.269+0000] {processor.py:208} INFO - Processing /opt/airflow/dags/online_retail_transaction.py took 0.959 seconds
[2024-09-17T02:47:10.641+0000] {processor.py:186} INFO - Started process (PID=11323) to work on /opt/airflow/dags/online_retail_transaction.py
[2024-09-17T02:47:10.642+0000] {processor.py:914} INFO - Processing file /opt/airflow/dags/online_retail_transaction.py for tasks to queue
[2024-09-17T02:47:10.645+0000] {logging_mixin.py:190} INFO - [2024-09-17T02:47:10.645+0000] {dagbag.py:587} INFO - Filling up the DagBag from /opt/airflow/dags/online_retail_transaction.py
[2024-09-17T02:47:11.145+0000] {logging_mixin.py:190} WARNING - /home/airflow/.local/lib/python3.12/site-packages/snowflake/sqlalchemy/base.py:1068 SAWarning: The GenericFunction 'flatten' is already registered and is going to be overridden.
[2024-09-17T02:47:11.148+0000] {processor.py:925} INFO - DAG(s) 'online_retail_transaction' retrieved from /opt/airflow/dags/online_retail_transaction.py
[2024-09-17T02:47:11.158+0000] {logging_mixin.py:190} INFO - [2024-09-17T02:47:11.157+0000] {dag.py:3229} INFO - Sync 1 DAGs
[2024-09-17T02:47:11.165+0000] {logging_mixin.py:190} INFO - [2024-09-17T02:47:11.165+0000] {dag.py:4156} INFO - Setting next_dagrun for online_retail_transaction to None, run_after=None
[2024-09-17T02:47:11.176+0000] {processor.py:208} INFO - Processing /opt/airflow/dags/online_retail_transaction.py took 0.540 seconds
[2024-09-17T02:47:41.542+0000] {processor.py:186} INFO - Started process (PID=11335) to work on /opt/airflow/dags/online_retail_transaction.py
[2024-09-17T02:47:41.544+0000] {processor.py:914} INFO - Processing file /opt/airflow/dags/online_retail_transaction.py for tasks to queue
[2024-09-17T02:47:41.547+0000] {logging_mixin.py:190} INFO - [2024-09-17T02:47:41.546+0000] {dagbag.py:587} INFO - Filling up the DagBag from /opt/airflow/dags/online_retail_transaction.py
[2024-09-17T02:47:42.094+0000] {logging_mixin.py:190} WARNING - /home/airflow/.local/lib/python3.12/site-packages/snowflake/sqlalchemy/base.py:1068 SAWarning: The GenericFunction 'flatten' is already registered and is going to be overridden.
[2024-09-17T02:47:42.097+0000] {processor.py:925} INFO - DAG(s) 'online_retail_transaction' retrieved from /opt/airflow/dags/online_retail_transaction.py
[2024-09-17T02:47:42.108+0000] {logging_mixin.py:190} INFO - [2024-09-17T02:47:42.108+0000] {dag.py:3229} INFO - Sync 1 DAGs
[2024-09-17T02:47:42.116+0000] {logging_mixin.py:190} INFO - [2024-09-17T02:47:42.116+0000] {dag.py:4156} INFO - Setting next_dagrun for online_retail_transaction to None, run_after=None
[2024-09-17T02:47:42.125+0000] {processor.py:208} INFO - Processing /opt/airflow/dags/online_retail_transaction.py took 0.590 seconds
[2024-09-17T02:48:12.366+0000] {processor.py:186} INFO - Started process (PID=11347) to work on /opt/airflow/dags/online_retail_transaction.py
[2024-09-17T02:48:12.368+0000] {processor.py:914} INFO - Processing file /opt/airflow/dags/online_retail_transaction.py for tasks to queue
[2024-09-17T02:48:12.372+0000] {logging_mixin.py:190} INFO - [2024-09-17T02:48:12.371+0000] {dagbag.py:587} INFO - Filling up the DagBag from /opt/airflow/dags/online_retail_transaction.py
[2024-09-17T02:48:13.016+0000] {logging_mixin.py:190} WARNING - /home/airflow/.local/lib/python3.12/site-packages/snowflake/sqlalchemy/base.py:1068 SAWarning: The GenericFunction 'flatten' is already registered and is going to be overridden.
[2024-09-17T02:48:13.019+0000] {processor.py:925} INFO - DAG(s) 'online_retail_transaction' retrieved from /opt/airflow/dags/online_retail_transaction.py
[2024-09-17T02:48:13.035+0000] {logging_mixin.py:190} INFO - [2024-09-17T02:48:13.035+0000] {dag.py:3229} INFO - Sync 1 DAGs
[2024-09-17T02:48:13.045+0000] {logging_mixin.py:190} INFO - [2024-09-17T02:48:13.045+0000] {dag.py:4156} INFO - Setting next_dagrun for online_retail_transaction to None, run_after=None
[2024-09-17T02:48:13.057+0000] {processor.py:208} INFO - Processing /opt/airflow/dags/online_retail_transaction.py took 0.697 seconds
[2024-09-17T02:48:43.537+0000] {processor.py:186} INFO - Started process (PID=11359) to work on /opt/airflow/dags/online_retail_transaction.py
[2024-09-17T02:48:43.539+0000] {processor.py:914} INFO - Processing file /opt/airflow/dags/online_retail_transaction.py for tasks to queue
[2024-09-17T02:48:43.544+0000] {logging_mixin.py:190} INFO - [2024-09-17T02:48:43.543+0000] {dagbag.py:587} INFO - Filling up the DagBag from /opt/airflow/dags/online_retail_transaction.py
[2024-09-17T02:48:44.468+0000] {logging_mixin.py:190} WARNING - /home/airflow/.local/lib/python3.12/site-packages/snowflake/sqlalchemy/base.py:1068 SAWarning: The GenericFunction 'flatten' is already registered and is going to be overridden.
[2024-09-17T02:48:44.472+0000] {processor.py:925} INFO - DAG(s) 'online_retail_transaction' retrieved from /opt/airflow/dags/online_retail_transaction.py
[2024-09-17T02:48:44.488+0000] {logging_mixin.py:190} INFO - [2024-09-17T02:48:44.488+0000] {dag.py:3229} INFO - Sync 1 DAGs
[2024-09-17T02:48:44.499+0000] {logging_mixin.py:190} INFO - [2024-09-17T02:48:44.499+0000] {dag.py:4156} INFO - Setting next_dagrun for online_retail_transaction to None, run_after=None
[2024-09-17T02:48:44.512+0000] {processor.py:208} INFO - Processing /opt/airflow/dags/online_retail_transaction.py took 0.985 seconds
[2024-09-17T02:49:14.961+0000] {processor.py:186} INFO - Started process (PID=11371) to work on /opt/airflow/dags/online_retail_transaction.py
[2024-09-17T02:49:14.963+0000] {processor.py:914} INFO - Processing file /opt/airflow/dags/online_retail_transaction.py for tasks to queue
[2024-09-17T02:49:14.967+0000] {logging_mixin.py:190} INFO - [2024-09-17T02:49:14.966+0000] {dagbag.py:587} INFO - Filling up the DagBag from /opt/airflow/dags/online_retail_transaction.py
[2024-09-17T02:49:15.559+0000] {logging_mixin.py:190} WARNING - /home/airflow/.local/lib/python3.12/site-packages/snowflake/sqlalchemy/base.py:1068 SAWarning: The GenericFunction 'flatten' is already registered and is going to be overridden.
[2024-09-17T02:49:15.562+0000] {processor.py:925} INFO - DAG(s) 'online_retail_transaction' retrieved from /opt/airflow/dags/online_retail_transaction.py
[2024-09-17T02:49:15.575+0000] {logging_mixin.py:190} INFO - [2024-09-17T02:49:15.575+0000] {dag.py:3229} INFO - Sync 1 DAGs
[2024-09-17T02:49:15.584+0000] {logging_mixin.py:190} INFO - [2024-09-17T02:49:15.584+0000] {dag.py:4156} INFO - Setting next_dagrun for online_retail_transaction to None, run_after=None
[2024-09-17T02:49:15.592+0000] {processor.py:208} INFO - Processing /opt/airflow/dags/online_retail_transaction.py took 0.641 seconds
[2024-09-17T02:49:45.883+0000] {processor.py:186} INFO - Started process (PID=11383) to work on /opt/airflow/dags/online_retail_transaction.py
[2024-09-17T02:49:45.885+0000] {processor.py:914} INFO - Processing file /opt/airflow/dags/online_retail_transaction.py for tasks to queue
[2024-09-17T02:49:45.889+0000] {logging_mixin.py:190} INFO - [2024-09-17T02:49:45.888+0000] {dagbag.py:587} INFO - Filling up the DagBag from /opt/airflow/dags/online_retail_transaction.py
[2024-09-17T02:49:46.680+0000] {logging_mixin.py:190} WARNING - /home/airflow/.local/lib/python3.12/site-packages/snowflake/sqlalchemy/base.py:1068 SAWarning: The GenericFunction 'flatten' is already registered and is going to be overridden.
[2024-09-17T02:49:46.683+0000] {processor.py:925} INFO - DAG(s) 'online_retail_transaction' retrieved from /opt/airflow/dags/online_retail_transaction.py
[2024-09-17T02:49:46.696+0000] {logging_mixin.py:190} INFO - [2024-09-17T02:49:46.695+0000] {dag.py:3229} INFO - Sync 1 DAGs
[2024-09-17T02:49:46.705+0000] {logging_mixin.py:190} INFO - [2024-09-17T02:49:46.705+0000] {dag.py:4156} INFO - Setting next_dagrun for online_retail_transaction to None, run_after=None
[2024-09-17T02:49:46.716+0000] {processor.py:208} INFO - Processing /opt/airflow/dags/online_retail_transaction.py took 0.841 seconds
[2024-09-17T02:50:17.093+0000] {processor.py:186} INFO - Started process (PID=11394) to work on /opt/airflow/dags/online_retail_transaction.py
[2024-09-17T02:50:17.096+0000] {processor.py:914} INFO - Processing file /opt/airflow/dags/online_retail_transaction.py for tasks to queue
[2024-09-17T02:50:17.100+0000] {logging_mixin.py:190} INFO - [2024-09-17T02:50:17.100+0000] {dagbag.py:587} INFO - Filling up the DagBag from /opt/airflow/dags/online_retail_transaction.py
[2024-09-17T02:50:17.874+0000] {logging_mixin.py:190} WARNING - /home/airflow/.local/lib/python3.12/site-packages/snowflake/sqlalchemy/base.py:1068 SAWarning: The GenericFunction 'flatten' is already registered and is going to be overridden.
[2024-09-17T02:50:17.877+0000] {processor.py:925} INFO - DAG(s) 'online_retail_transaction' retrieved from /opt/airflow/dags/online_retail_transaction.py
[2024-09-17T02:50:17.888+0000] {logging_mixin.py:190} INFO - [2024-09-17T02:50:17.887+0000] {dag.py:3229} INFO - Sync 1 DAGs
[2024-09-17T02:50:17.895+0000] {logging_mixin.py:190} INFO - [2024-09-17T02:50:17.895+0000] {dag.py:4156} INFO - Setting next_dagrun for online_retail_transaction to None, run_after=None
[2024-09-17T02:50:17.907+0000] {processor.py:208} INFO - Processing /opt/airflow/dags/online_retail_transaction.py took 0.828 seconds
[2024-09-17T02:50:48.327+0000] {processor.py:186} INFO - Started process (PID=11411) to work on /opt/airflow/dags/online_retail_transaction.py
[2024-09-17T02:50:48.329+0000] {processor.py:914} INFO - Processing file /opt/airflow/dags/online_retail_transaction.py for tasks to queue
[2024-09-17T02:50:48.333+0000] {logging_mixin.py:190} INFO - [2024-09-17T02:50:48.332+0000] {dagbag.py:587} INFO - Filling up the DagBag from /opt/airflow/dags/online_retail_transaction.py
[2024-09-17T02:50:49.097+0000] {logging_mixin.py:190} WARNING - /home/airflow/.local/lib/python3.12/site-packages/snowflake/sqlalchemy/base.py:1068 SAWarning: The GenericFunction 'flatten' is already registered and is going to be overridden.
[2024-09-17T02:50:49.102+0000] {processor.py:925} INFO - DAG(s) 'online_retail_transaction' retrieved from /opt/airflow/dags/online_retail_transaction.py
[2024-09-17T02:50:49.120+0000] {logging_mixin.py:190} INFO - [2024-09-17T02:50:49.120+0000] {dag.py:3229} INFO - Sync 1 DAGs
[2024-09-17T02:50:49.131+0000] {logging_mixin.py:190} INFO - [2024-09-17T02:50:49.131+0000] {dag.py:4156} INFO - Setting next_dagrun for online_retail_transaction to None, run_after=None
[2024-09-17T02:50:49.142+0000] {processor.py:208} INFO - Processing /opt/airflow/dags/online_retail_transaction.py took 0.826 seconds
[2024-09-17T02:51:19.499+0000] {processor.py:186} INFO - Started process (PID=11423) to work on /opt/airflow/dags/online_retail_transaction.py
[2024-09-17T02:51:19.501+0000] {processor.py:914} INFO - Processing file /opt/airflow/dags/online_retail_transaction.py for tasks to queue
[2024-09-17T02:51:19.504+0000] {logging_mixin.py:190} INFO - [2024-09-17T02:51:19.504+0000] {dagbag.py:587} INFO - Filling up the DagBag from /opt/airflow/dags/online_retail_transaction.py
[2024-09-17T02:51:20.254+0000] {logging_mixin.py:190} WARNING - /home/airflow/.local/lib/python3.12/site-packages/snowflake/sqlalchemy/base.py:1068 SAWarning: The GenericFunction 'flatten' is already registered and is going to be overridden.
[2024-09-17T02:51:20.257+0000] {processor.py:925} INFO - DAG(s) 'online_retail_transaction' retrieved from /opt/airflow/dags/online_retail_transaction.py
[2024-09-17T02:51:20.269+0000] {logging_mixin.py:190} INFO - [2024-09-17T02:51:20.269+0000] {dag.py:3229} INFO - Sync 1 DAGs
[2024-09-17T02:51:20.279+0000] {logging_mixin.py:190} INFO - [2024-09-17T02:51:20.279+0000] {dag.py:4156} INFO - Setting next_dagrun for online_retail_transaction to None, run_after=None
[2024-09-17T02:51:20.289+0000] {processor.py:208} INFO - Processing /opt/airflow/dags/online_retail_transaction.py took 0.799 seconds
[2024-09-17T02:51:50.762+0000] {processor.py:186} INFO - Started process (PID=11435) to work on /opt/airflow/dags/online_retail_transaction.py
[2024-09-17T02:51:50.767+0000] {processor.py:914} INFO - Processing file /opt/airflow/dags/online_retail_transaction.py for tasks to queue
[2024-09-17T02:51:50.786+0000] {logging_mixin.py:190} INFO - [2024-09-17T02:51:50.784+0000] {dagbag.py:587} INFO - Filling up the DagBag from /opt/airflow/dags/online_retail_transaction.py
[2024-09-17T02:51:52.001+0000] {logging_mixin.py:190} WARNING - /home/airflow/.local/lib/python3.12/site-packages/snowflake/sqlalchemy/base.py:1068 SAWarning: The GenericFunction 'flatten' is already registered and is going to be overridden.
[2024-09-17T02:51:52.005+0000] {processor.py:925} INFO - DAG(s) 'online_retail_transaction' retrieved from /opt/airflow/dags/online_retail_transaction.py
[2024-09-17T02:51:52.016+0000] {logging_mixin.py:190} INFO - [2024-09-17T02:51:52.015+0000] {dag.py:3229} INFO - Sync 1 DAGs
[2024-09-17T02:51:52.024+0000] {logging_mixin.py:190} INFO - [2024-09-17T02:51:52.024+0000] {dag.py:4156} INFO - Setting next_dagrun for online_retail_transaction to None, run_after=None
[2024-09-17T02:51:52.037+0000] {processor.py:208} INFO - Processing /opt/airflow/dags/online_retail_transaction.py took 1.288 seconds
[2024-09-17T02:52:22.542+0000] {processor.py:186} INFO - Started process (PID=11449) to work on /opt/airflow/dags/online_retail_transaction.py
[2024-09-17T02:52:22.547+0000] {processor.py:914} INFO - Processing file /opt/airflow/dags/online_retail_transaction.py for tasks to queue
[2024-09-17T02:52:22.560+0000] {logging_mixin.py:190} INFO - [2024-09-17T02:52:22.559+0000] {dagbag.py:587} INFO - Filling up the DagBag from /opt/airflow/dags/online_retail_transaction.py
[2024-09-17T02:52:23.354+0000] {logging_mixin.py:190} WARNING - /home/airflow/.local/lib/python3.12/site-packages/snowflake/sqlalchemy/base.py:1068 SAWarning: The GenericFunction 'flatten' is already registered and is going to be overridden.
[2024-09-17T02:52:23.356+0000] {processor.py:925} INFO - DAG(s) 'online_retail_transaction' retrieved from /opt/airflow/dags/online_retail_transaction.py
[2024-09-17T02:52:23.370+0000] {logging_mixin.py:190} INFO - [2024-09-17T02:52:23.369+0000] {dag.py:3229} INFO - Sync 1 DAGs
[2024-09-17T02:52:23.379+0000] {logging_mixin.py:190} INFO - [2024-09-17T02:52:23.378+0000] {dag.py:4156} INFO - Setting next_dagrun for online_retail_transaction to None, run_after=None
[2024-09-17T02:52:23.392+0000] {processor.py:208} INFO - Processing /opt/airflow/dags/online_retail_transaction.py took 0.864 seconds
[2024-09-17T02:52:53.491+0000] {processor.py:186} INFO - Started process (PID=11459) to work on /opt/airflow/dags/online_retail_transaction.py
[2024-09-17T02:52:53.493+0000] {processor.py:914} INFO - Processing file /opt/airflow/dags/online_retail_transaction.py for tasks to queue
[2024-09-17T02:52:53.498+0000] {logging_mixin.py:190} INFO - [2024-09-17T02:52:53.497+0000] {dagbag.py:587} INFO - Filling up the DagBag from /opt/airflow/dags/online_retail_transaction.py
[2024-09-17T02:52:54.404+0000] {logging_mixin.py:190} WARNING - /home/airflow/.local/lib/python3.12/site-packages/snowflake/sqlalchemy/base.py:1068 SAWarning: The GenericFunction 'flatten' is already registered and is going to be overridden.
[2024-09-17T02:52:54.407+0000] {processor.py:925} INFO - DAG(s) 'online_retail_transaction' retrieved from /opt/airflow/dags/online_retail_transaction.py
[2024-09-17T02:52:54.419+0000] {logging_mixin.py:190} INFO - [2024-09-17T02:52:54.419+0000] {dag.py:3229} INFO - Sync 1 DAGs
[2024-09-17T02:52:54.429+0000] {logging_mixin.py:190} INFO - [2024-09-17T02:52:54.429+0000] {dag.py:4156} INFO - Setting next_dagrun for online_retail_transaction to None, run_after=None
[2024-09-17T02:52:54.447+0000] {processor.py:208} INFO - Processing /opt/airflow/dags/online_retail_transaction.py took 0.965 seconds
[2024-09-17T02:53:24.999+0000] {processor.py:186} INFO - Started process (PID=11471) to work on /opt/airflow/dags/online_retail_transaction.py
[2024-09-17T02:53:25.002+0000] {processor.py:914} INFO - Processing file /opt/airflow/dags/online_retail_transaction.py for tasks to queue
[2024-09-17T02:53:25.008+0000] {logging_mixin.py:190} INFO - [2024-09-17T02:53:25.007+0000] {dagbag.py:587} INFO - Filling up the DagBag from /opt/airflow/dags/online_retail_transaction.py
[2024-09-17T02:53:26.172+0000] {logging_mixin.py:190} WARNING - /home/airflow/.local/lib/python3.12/site-packages/snowflake/sqlalchemy/base.py:1068 SAWarning: The GenericFunction 'flatten' is already registered and is going to be overridden.
[2024-09-17T02:53:26.176+0000] {processor.py:925} INFO - DAG(s) 'online_retail_transaction' retrieved from /opt/airflow/dags/online_retail_transaction.py
[2024-09-17T02:53:26.200+0000] {logging_mixin.py:190} INFO - [2024-09-17T02:53:26.200+0000] {dag.py:3229} INFO - Sync 1 DAGs
[2024-09-17T02:53:26.214+0000] {logging_mixin.py:190} INFO - [2024-09-17T02:53:26.214+0000] {dag.py:4156} INFO - Setting next_dagrun for online_retail_transaction to None, run_after=None
[2024-09-17T02:53:26.234+0000] {processor.py:208} INFO - Processing /opt/airflow/dags/online_retail_transaction.py took 1.252 seconds
