[2024-09-12T15:20:07.337+0000] {processor.py:186} INFO - Started process (PID=45) to work on /home/airflow/.local/lib/python3.12/site-packages/airflow/example_dags/example_sensors.py
[2024-09-12T15:20:07.338+0000] {processor.py:914} INFO - Processing file /home/airflow/.local/lib/python3.12/site-packages/airflow/example_dags/example_sensors.py for tasks to queue
[2024-09-12T15:20:07.340+0000] {logging_mixin.py:190} INFO - [2024-09-12T15:20:07.340+0000] {dagbag.py:587} INFO - Filling up the DagBag from /home/airflow/.local/lib/python3.12/site-packages/airflow/example_dags/example_sensors.py
[2024-09-12T15:20:07.349+0000] {processor.py:925} INFO - DAG(s) 'example_sensors' retrieved from /home/airflow/.local/lib/python3.12/site-packages/airflow/example_dags/example_sensors.py
[2024-09-12T15:20:07.429+0000] {logging_mixin.py:190} INFO - [2024-09-12T15:20:07.428+0000] {override.py:1900} INFO - Created Permission View: can read on DAG:example_sensors
[2024-09-12T15:20:07.435+0000] {logging_mixin.py:190} INFO - [2024-09-12T15:20:07.435+0000] {override.py:1900} INFO - Created Permission View: can delete on DAG:example_sensors
[2024-09-12T15:20:07.439+0000] {logging_mixin.py:190} INFO - [2024-09-12T15:20:07.439+0000] {override.py:1900} INFO - Created Permission View: can edit on DAG:example_sensors
[2024-09-12T15:20:07.443+0000] {logging_mixin.py:190} INFO - [2024-09-12T15:20:07.442+0000] {override.py:1900} INFO - Created Permission View: can read on DAG Run:example_sensors
[2024-09-12T15:20:07.446+0000] {logging_mixin.py:190} INFO - [2024-09-12T15:20:07.446+0000] {override.py:1900} INFO - Created Permission View: can create on DAG Run:example_sensors
[2024-09-12T15:20:07.450+0000] {logging_mixin.py:190} INFO - [2024-09-12T15:20:07.449+0000] {override.py:1900} INFO - Created Permission View: menu access on DAG Run:example_sensors
[2024-09-12T15:20:07.454+0000] {logging_mixin.py:190} INFO - [2024-09-12T15:20:07.454+0000] {override.py:1900} INFO - Created Permission View: can delete on DAG Run:example_sensors
[2024-09-12T15:20:07.455+0000] {logging_mixin.py:190} INFO - [2024-09-12T15:20:07.455+0000] {dag.py:3229} INFO - Sync 1 DAGs
[2024-09-12T15:20:07.464+0000] {logging_mixin.py:190} INFO - [2024-09-12T15:20:07.464+0000] {dag.py:3252} INFO - Creating ORM DAG for example_sensors
[2024-09-12T15:20:07.465+0000] {logging_mixin.py:190} INFO - [2024-09-12T15:20:07.465+0000] {dag.py:4156} INFO - Setting next_dagrun for example_sensors to None, run_after=None
[2024-09-12T15:20:07.475+0000] {processor.py:208} INFO - Processing /home/airflow/.local/lib/python3.12/site-packages/airflow/example_dags/example_sensors.py took 0.143 seconds
[2024-09-12T15:20:37.588+0000] {processor.py:186} INFO - Started process (PID=108) to work on /home/airflow/.local/lib/python3.12/site-packages/airflow/example_dags/example_sensors.py
[2024-09-12T15:20:37.589+0000] {processor.py:914} INFO - Processing file /home/airflow/.local/lib/python3.12/site-packages/airflow/example_dags/example_sensors.py for tasks to queue
[2024-09-12T15:20:37.591+0000] {logging_mixin.py:190} INFO - [2024-09-12T15:20:37.591+0000] {dagbag.py:587} INFO - Filling up the DagBag from /home/airflow/.local/lib/python3.12/site-packages/airflow/example_dags/example_sensors.py
[2024-09-12T15:20:37.599+0000] {processor.py:925} INFO - DAG(s) 'example_sensors' retrieved from /home/airflow/.local/lib/python3.12/site-packages/airflow/example_dags/example_sensors.py
[2024-09-12T15:20:37.619+0000] {logging_mixin.py:190} INFO - [2024-09-12T15:20:37.619+0000] {dag.py:3229} INFO - Sync 1 DAGs
[2024-09-12T15:20:37.628+0000] {logging_mixin.py:190} INFO - [2024-09-12T15:20:37.628+0000] {dag.py:4156} INFO - Setting next_dagrun for example_sensors to None, run_after=None
[2024-09-12T15:20:37.638+0000] {processor.py:208} INFO - Processing /home/airflow/.local/lib/python3.12/site-packages/airflow/example_dags/example_sensors.py took 0.055 seconds
[2024-09-12T15:21:08.184+0000] {processor.py:186} INFO - Started process (PID=171) to work on /home/airflow/.local/lib/python3.12/site-packages/airflow/example_dags/example_sensors.py
[2024-09-12T15:21:08.186+0000] {processor.py:914} INFO - Processing file /home/airflow/.local/lib/python3.12/site-packages/airflow/example_dags/example_sensors.py for tasks to queue
[2024-09-12T15:21:08.188+0000] {logging_mixin.py:190} INFO - [2024-09-12T15:21:08.188+0000] {dagbag.py:587} INFO - Filling up the DagBag from /home/airflow/.local/lib/python3.12/site-packages/airflow/example_dags/example_sensors.py
[2024-09-12T15:21:08.196+0000] {processor.py:925} INFO - DAG(s) 'example_sensors' retrieved from /home/airflow/.local/lib/python3.12/site-packages/airflow/example_dags/example_sensors.py
[2024-09-12T15:21:08.216+0000] {logging_mixin.py:190} INFO - [2024-09-12T15:21:08.216+0000] {dag.py:3229} INFO - Sync 1 DAGs
[2024-09-12T15:21:08.226+0000] {logging_mixin.py:190} INFO - [2024-09-12T15:21:08.226+0000] {dag.py:4156} INFO - Setting next_dagrun for example_sensors to None, run_after=None
[2024-09-12T15:21:08.236+0000] {processor.py:208} INFO - Processing /home/airflow/.local/lib/python3.12/site-packages/airflow/example_dags/example_sensors.py took 0.056 seconds
[2024-09-12T15:21:39.071+0000] {processor.py:186} INFO - Started process (PID=233) to work on /home/airflow/.local/lib/python3.12/site-packages/airflow/example_dags/example_sensors.py
[2024-09-12T15:21:39.073+0000] {processor.py:914} INFO - Processing file /home/airflow/.local/lib/python3.12/site-packages/airflow/example_dags/example_sensors.py for tasks to queue
[2024-09-12T15:21:39.076+0000] {logging_mixin.py:190} INFO - [2024-09-12T15:21:39.075+0000] {dagbag.py:587} INFO - Filling up the DagBag from /home/airflow/.local/lib/python3.12/site-packages/airflow/example_dags/example_sensors.py
[2024-09-12T15:21:39.083+0000] {processor.py:925} INFO - DAG(s) 'example_sensors' retrieved from /home/airflow/.local/lib/python3.12/site-packages/airflow/example_dags/example_sensors.py
[2024-09-12T15:21:39.103+0000] {logging_mixin.py:190} INFO - [2024-09-12T15:21:39.103+0000] {dag.py:3229} INFO - Sync 1 DAGs
[2024-09-12T15:21:39.112+0000] {logging_mixin.py:190} INFO - [2024-09-12T15:21:39.112+0000] {dag.py:4156} INFO - Setting next_dagrun for example_sensors to None, run_after=None
[2024-09-12T15:21:39.125+0000] {processor.py:208} INFO - Processing /home/airflow/.local/lib/python3.12/site-packages/airflow/example_dags/example_sensors.py took 0.059 seconds
[2024-09-12T15:22:09.952+0000] {processor.py:186} INFO - Started process (PID=295) to work on /home/airflow/.local/lib/python3.12/site-packages/airflow/example_dags/example_sensors.py
[2024-09-12T15:22:09.953+0000] {processor.py:914} INFO - Processing file /home/airflow/.local/lib/python3.12/site-packages/airflow/example_dags/example_sensors.py for tasks to queue
[2024-09-12T15:22:09.956+0000] {logging_mixin.py:190} INFO - [2024-09-12T15:22:09.955+0000] {dagbag.py:587} INFO - Filling up the DagBag from /home/airflow/.local/lib/python3.12/site-packages/airflow/example_dags/example_sensors.py
[2024-09-12T15:22:09.965+0000] {processor.py:925} INFO - DAG(s) 'example_sensors' retrieved from /home/airflow/.local/lib/python3.12/site-packages/airflow/example_dags/example_sensors.py
[2024-09-12T15:22:09.987+0000] {logging_mixin.py:190} INFO - [2024-09-12T15:22:09.987+0000] {dag.py:3229} INFO - Sync 1 DAGs
[2024-09-12T15:22:09.998+0000] {logging_mixin.py:190} INFO - [2024-09-12T15:22:09.998+0000] {dag.py:4156} INFO - Setting next_dagrun for example_sensors to None, run_after=None
[2024-09-12T15:22:10.012+0000] {processor.py:208} INFO - Processing /home/airflow/.local/lib/python3.12/site-packages/airflow/example_dags/example_sensors.py took 0.064 seconds
[2024-09-12T15:22:40.689+0000] {processor.py:186} INFO - Started process (PID=357) to work on /home/airflow/.local/lib/python3.12/site-packages/airflow/example_dags/example_sensors.py
[2024-09-12T15:22:40.691+0000] {processor.py:914} INFO - Processing file /home/airflow/.local/lib/python3.12/site-packages/airflow/example_dags/example_sensors.py for tasks to queue
[2024-09-12T15:22:40.693+0000] {logging_mixin.py:190} INFO - [2024-09-12T15:22:40.693+0000] {dagbag.py:587} INFO - Filling up the DagBag from /home/airflow/.local/lib/python3.12/site-packages/airflow/example_dags/example_sensors.py
[2024-09-12T15:22:40.702+0000] {processor.py:925} INFO - DAG(s) 'example_sensors' retrieved from /home/airflow/.local/lib/python3.12/site-packages/airflow/example_dags/example_sensors.py
[2024-09-12T15:22:40.722+0000] {logging_mixin.py:190} INFO - [2024-09-12T15:22:40.722+0000] {dag.py:3229} INFO - Sync 1 DAGs
[2024-09-12T15:22:40.731+0000] {logging_mixin.py:190} INFO - [2024-09-12T15:22:40.731+0000] {dag.py:4156} INFO - Setting next_dagrun for example_sensors to None, run_after=None
[2024-09-12T15:22:40.742+0000] {processor.py:208} INFO - Processing /home/airflow/.local/lib/python3.12/site-packages/airflow/example_dags/example_sensors.py took 0.057 seconds
[2024-09-12T15:23:11.884+0000] {processor.py:186} INFO - Started process (PID=419) to work on /home/airflow/.local/lib/python3.12/site-packages/airflow/example_dags/example_sensors.py
[2024-09-12T15:23:11.885+0000] {processor.py:914} INFO - Processing file /home/airflow/.local/lib/python3.12/site-packages/airflow/example_dags/example_sensors.py for tasks to queue
[2024-09-12T15:23:11.887+0000] {logging_mixin.py:190} INFO - [2024-09-12T15:23:11.887+0000] {dagbag.py:587} INFO - Filling up the DagBag from /home/airflow/.local/lib/python3.12/site-packages/airflow/example_dags/example_sensors.py
[2024-09-12T15:23:11.896+0000] {processor.py:925} INFO - DAG(s) 'example_sensors' retrieved from /home/airflow/.local/lib/python3.12/site-packages/airflow/example_dags/example_sensors.py
[2024-09-12T15:23:11.915+0000] {logging_mixin.py:190} INFO - [2024-09-12T15:23:11.915+0000] {dag.py:3229} INFO - Sync 1 DAGs
[2024-09-12T15:23:11.924+0000] {logging_mixin.py:190} INFO - [2024-09-12T15:23:11.924+0000] {dag.py:4156} INFO - Setting next_dagrun for example_sensors to None, run_after=None
[2024-09-12T15:23:11.935+0000] {processor.py:208} INFO - Processing /home/airflow/.local/lib/python3.12/site-packages/airflow/example_dags/example_sensors.py took 0.056 seconds
[2024-09-12T15:23:42.246+0000] {processor.py:186} INFO - Started process (PID=481) to work on /home/airflow/.local/lib/python3.12/site-packages/airflow/example_dags/example_sensors.py
[2024-09-12T15:23:42.248+0000] {processor.py:914} INFO - Processing file /home/airflow/.local/lib/python3.12/site-packages/airflow/example_dags/example_sensors.py for tasks to queue
[2024-09-12T15:23:42.250+0000] {logging_mixin.py:190} INFO - [2024-09-12T15:23:42.250+0000] {dagbag.py:587} INFO - Filling up the DagBag from /home/airflow/.local/lib/python3.12/site-packages/airflow/example_dags/example_sensors.py
[2024-09-12T15:23:42.258+0000] {processor.py:925} INFO - DAG(s) 'example_sensors' retrieved from /home/airflow/.local/lib/python3.12/site-packages/airflow/example_dags/example_sensors.py
[2024-09-12T15:23:42.279+0000] {logging_mixin.py:190} INFO - [2024-09-12T15:23:42.279+0000] {dag.py:3229} INFO - Sync 1 DAGs
[2024-09-12T15:23:42.288+0000] {logging_mixin.py:190} INFO - [2024-09-12T15:23:42.288+0000] {dag.py:4156} INFO - Setting next_dagrun for example_sensors to None, run_after=None
[2024-09-12T15:23:42.298+0000] {processor.py:208} INFO - Processing /home/airflow/.local/lib/python3.12/site-packages/airflow/example_dags/example_sensors.py took 0.057 seconds
[2024-09-12T15:24:12.835+0000] {processor.py:186} INFO - Started process (PID=542) to work on /home/airflow/.local/lib/python3.12/site-packages/airflow/example_dags/example_sensors.py
[2024-09-12T15:24:12.837+0000] {processor.py:914} INFO - Processing file /home/airflow/.local/lib/python3.12/site-packages/airflow/example_dags/example_sensors.py for tasks to queue
[2024-09-12T15:24:12.839+0000] {logging_mixin.py:190} INFO - [2024-09-12T15:24:12.839+0000] {dagbag.py:587} INFO - Filling up the DagBag from /home/airflow/.local/lib/python3.12/site-packages/airflow/example_dags/example_sensors.py
[2024-09-12T15:24:12.851+0000] {processor.py:925} INFO - DAG(s) 'example_sensors' retrieved from /home/airflow/.local/lib/python3.12/site-packages/airflow/example_dags/example_sensors.py
[2024-09-12T15:24:12.884+0000] {logging_mixin.py:190} INFO - [2024-09-12T15:24:12.883+0000] {dag.py:3229} INFO - Sync 1 DAGs
[2024-09-12T15:24:12.895+0000] {logging_mixin.py:190} INFO - [2024-09-12T15:24:12.895+0000] {dag.py:4156} INFO - Setting next_dagrun for example_sensors to None, run_after=None
[2024-09-12T15:24:12.912+0000] {processor.py:208} INFO - Processing /home/airflow/.local/lib/python3.12/site-packages/airflow/example_dags/example_sensors.py took 0.088 seconds
[2024-09-12T15:24:43.397+0000] {processor.py:186} INFO - Started process (PID=604) to work on /home/airflow/.local/lib/python3.12/site-packages/airflow/example_dags/example_sensors.py
[2024-09-12T15:24:43.398+0000] {processor.py:914} INFO - Processing file /home/airflow/.local/lib/python3.12/site-packages/airflow/example_dags/example_sensors.py for tasks to queue
[2024-09-12T15:24:43.401+0000] {logging_mixin.py:190} INFO - [2024-09-12T15:24:43.400+0000] {dagbag.py:587} INFO - Filling up the DagBag from /home/airflow/.local/lib/python3.12/site-packages/airflow/example_dags/example_sensors.py
[2024-09-12T15:24:43.408+0000] {processor.py:925} INFO - DAG(s) 'example_sensors' retrieved from /home/airflow/.local/lib/python3.12/site-packages/airflow/example_dags/example_sensors.py
[2024-09-12T15:24:43.428+0000] {logging_mixin.py:190} INFO - [2024-09-12T15:24:43.428+0000] {dag.py:3229} INFO - Sync 1 DAGs
[2024-09-12T15:24:43.438+0000] {logging_mixin.py:190} INFO - [2024-09-12T15:24:43.438+0000] {dag.py:4156} INFO - Setting next_dagrun for example_sensors to None, run_after=None
[2024-09-12T15:24:43.450+0000] {processor.py:208} INFO - Processing /home/airflow/.local/lib/python3.12/site-packages/airflow/example_dags/example_sensors.py took 0.058 seconds
[2024-09-12T15:25:13.797+0000] {processor.py:186} INFO - Started process (PID=666) to work on /home/airflow/.local/lib/python3.12/site-packages/airflow/example_dags/example_sensors.py
[2024-09-12T15:25:13.799+0000] {processor.py:914} INFO - Processing file /home/airflow/.local/lib/python3.12/site-packages/airflow/example_dags/example_sensors.py for tasks to queue
[2024-09-12T15:25:13.801+0000] {logging_mixin.py:190} INFO - [2024-09-12T15:25:13.801+0000] {dagbag.py:587} INFO - Filling up the DagBag from /home/airflow/.local/lib/python3.12/site-packages/airflow/example_dags/example_sensors.py
[2024-09-12T15:25:13.810+0000] {processor.py:925} INFO - DAG(s) 'example_sensors' retrieved from /home/airflow/.local/lib/python3.12/site-packages/airflow/example_dags/example_sensors.py
[2024-09-12T15:25:13.834+0000] {logging_mixin.py:190} INFO - [2024-09-12T15:25:13.833+0000] {dag.py:3229} INFO - Sync 1 DAGs
[2024-09-12T15:25:13.848+0000] {logging_mixin.py:190} INFO - [2024-09-12T15:25:13.847+0000] {dag.py:4156} INFO - Setting next_dagrun for example_sensors to None, run_after=None
[2024-09-12T15:25:13.863+0000] {processor.py:208} INFO - Processing /home/airflow/.local/lib/python3.12/site-packages/airflow/example_dags/example_sensors.py took 0.070 seconds
[2024-09-12T15:25:44.059+0000] {processor.py:186} INFO - Started process (PID=728) to work on /home/airflow/.local/lib/python3.12/site-packages/airflow/example_dags/example_sensors.py
[2024-09-12T15:25:44.061+0000] {processor.py:914} INFO - Processing file /home/airflow/.local/lib/python3.12/site-packages/airflow/example_dags/example_sensors.py for tasks to queue
[2024-09-12T15:25:44.064+0000] {logging_mixin.py:190} INFO - [2024-09-12T15:25:44.063+0000] {dagbag.py:587} INFO - Filling up the DagBag from /home/airflow/.local/lib/python3.12/site-packages/airflow/example_dags/example_sensors.py
[2024-09-12T15:25:44.072+0000] {processor.py:925} INFO - DAG(s) 'example_sensors' retrieved from /home/airflow/.local/lib/python3.12/site-packages/airflow/example_dags/example_sensors.py
[2024-09-12T15:25:44.092+0000] {logging_mixin.py:190} INFO - [2024-09-12T15:25:44.092+0000] {dag.py:3229} INFO - Sync 1 DAGs
[2024-09-12T15:25:44.102+0000] {logging_mixin.py:190} INFO - [2024-09-12T15:25:44.102+0000] {dag.py:4156} INFO - Setting next_dagrun for example_sensors to None, run_after=None
[2024-09-12T15:25:44.114+0000] {processor.py:208} INFO - Processing /home/airflow/.local/lib/python3.12/site-packages/airflow/example_dags/example_sensors.py took 0.059 seconds
[2024-09-12T15:26:14.302+0000] {processor.py:186} INFO - Started process (PID=790) to work on /home/airflow/.local/lib/python3.12/site-packages/airflow/example_dags/example_sensors.py
[2024-09-12T15:26:14.303+0000] {processor.py:914} INFO - Processing file /home/airflow/.local/lib/python3.12/site-packages/airflow/example_dags/example_sensors.py for tasks to queue
[2024-09-12T15:26:14.305+0000] {logging_mixin.py:190} INFO - [2024-09-12T15:26:14.305+0000] {dagbag.py:587} INFO - Filling up the DagBag from /home/airflow/.local/lib/python3.12/site-packages/airflow/example_dags/example_sensors.py
[2024-09-12T15:26:14.313+0000] {processor.py:925} INFO - DAG(s) 'example_sensors' retrieved from /home/airflow/.local/lib/python3.12/site-packages/airflow/example_dags/example_sensors.py
[2024-09-12T15:26:14.335+0000] {logging_mixin.py:190} INFO - [2024-09-12T15:26:14.335+0000] {dag.py:3229} INFO - Sync 1 DAGs
[2024-09-12T15:26:14.345+0000] {logging_mixin.py:190} INFO - [2024-09-12T15:26:14.345+0000] {dag.py:4156} INFO - Setting next_dagrun for example_sensors to None, run_after=None
[2024-09-12T15:26:14.356+0000] {processor.py:208} INFO - Processing /home/airflow/.local/lib/python3.12/site-packages/airflow/example_dags/example_sensors.py took 0.059 seconds
[2024-09-12T15:26:45.479+0000] {processor.py:186} INFO - Started process (PID=858) to work on /home/airflow/.local/lib/python3.12/site-packages/airflow/example_dags/example_sensors.py
[2024-09-12T15:26:45.480+0000] {processor.py:914} INFO - Processing file /home/airflow/.local/lib/python3.12/site-packages/airflow/example_dags/example_sensors.py for tasks to queue
[2024-09-12T15:26:45.483+0000] {logging_mixin.py:190} INFO - [2024-09-12T15:26:45.482+0000] {dagbag.py:587} INFO - Filling up the DagBag from /home/airflow/.local/lib/python3.12/site-packages/airflow/example_dags/example_sensors.py
[2024-09-12T15:26:45.491+0000] {processor.py:925} INFO - DAG(s) 'example_sensors' retrieved from /home/airflow/.local/lib/python3.12/site-packages/airflow/example_dags/example_sensors.py
[2024-09-12T15:26:45.511+0000] {logging_mixin.py:190} INFO - [2024-09-12T15:26:45.511+0000] {dag.py:3229} INFO - Sync 1 DAGs
[2024-09-12T15:26:45.521+0000] {logging_mixin.py:190} INFO - [2024-09-12T15:26:45.520+0000] {dag.py:4156} INFO - Setting next_dagrun for example_sensors to None, run_after=None
[2024-09-12T15:26:45.532+0000] {processor.py:208} INFO - Processing /home/airflow/.local/lib/python3.12/site-packages/airflow/example_dags/example_sensors.py took 0.057 seconds
[2024-09-12T15:27:15.788+0000] {processor.py:186} INFO - Started process (PID=920) to work on /home/airflow/.local/lib/python3.12/site-packages/airflow/example_dags/example_sensors.py
[2024-09-12T15:27:15.790+0000] {processor.py:914} INFO - Processing file /home/airflow/.local/lib/python3.12/site-packages/airflow/example_dags/example_sensors.py for tasks to queue
[2024-09-12T15:27:15.792+0000] {logging_mixin.py:190} INFO - [2024-09-12T15:27:15.792+0000] {dagbag.py:587} INFO - Filling up the DagBag from /home/airflow/.local/lib/python3.12/site-packages/airflow/example_dags/example_sensors.py
[2024-09-12T15:27:15.801+0000] {processor.py:925} INFO - DAG(s) 'example_sensors' retrieved from /home/airflow/.local/lib/python3.12/site-packages/airflow/example_dags/example_sensors.py
[2024-09-12T15:27:15.823+0000] {logging_mixin.py:190} INFO - [2024-09-12T15:27:15.823+0000] {dag.py:3229} INFO - Sync 1 DAGs
[2024-09-12T15:27:15.834+0000] {logging_mixin.py:190} INFO - [2024-09-12T15:27:15.833+0000] {dag.py:4156} INFO - Setting next_dagrun for example_sensors to None, run_after=None
[2024-09-12T15:27:15.847+0000] {processor.py:208} INFO - Processing /home/airflow/.local/lib/python3.12/site-packages/airflow/example_dags/example_sensors.py took 0.064 seconds
[2024-09-12T15:27:46.382+0000] {processor.py:186} INFO - Started process (PID=982) to work on /home/airflow/.local/lib/python3.12/site-packages/airflow/example_dags/example_sensors.py
[2024-09-12T15:27:46.384+0000] {processor.py:914} INFO - Processing file /home/airflow/.local/lib/python3.12/site-packages/airflow/example_dags/example_sensors.py for tasks to queue
[2024-09-12T15:27:46.388+0000] {logging_mixin.py:190} INFO - [2024-09-12T15:27:46.387+0000] {dagbag.py:587} INFO - Filling up the DagBag from /home/airflow/.local/lib/python3.12/site-packages/airflow/example_dags/example_sensors.py
[2024-09-12T15:27:46.408+0000] {processor.py:925} INFO - DAG(s) 'example_sensors' retrieved from /home/airflow/.local/lib/python3.12/site-packages/airflow/example_dags/example_sensors.py
[2024-09-12T15:27:46.438+0000] {logging_mixin.py:190} INFO - [2024-09-12T15:27:46.437+0000] {dag.py:3229} INFO - Sync 1 DAGs
[2024-09-12T15:27:46.454+0000] {logging_mixin.py:190} INFO - [2024-09-12T15:27:46.454+0000] {dag.py:4156} INFO - Setting next_dagrun for example_sensors to None, run_after=None
[2024-09-12T15:27:46.483+0000] {processor.py:208} INFO - Processing /home/airflow/.local/lib/python3.12/site-packages/airflow/example_dags/example_sensors.py took 0.106 seconds
[2024-09-12T15:28:17.160+0000] {processor.py:186} INFO - Started process (PID=1044) to work on /home/airflow/.local/lib/python3.12/site-packages/airflow/example_dags/example_sensors.py
[2024-09-12T15:28:17.162+0000] {processor.py:914} INFO - Processing file /home/airflow/.local/lib/python3.12/site-packages/airflow/example_dags/example_sensors.py for tasks to queue
[2024-09-12T15:28:17.164+0000] {logging_mixin.py:190} INFO - [2024-09-12T15:28:17.164+0000] {dagbag.py:587} INFO - Filling up the DagBag from /home/airflow/.local/lib/python3.12/site-packages/airflow/example_dags/example_sensors.py
[2024-09-12T15:28:17.173+0000] {processor.py:925} INFO - DAG(s) 'example_sensors' retrieved from /home/airflow/.local/lib/python3.12/site-packages/airflow/example_dags/example_sensors.py
[2024-09-12T15:28:17.195+0000] {logging_mixin.py:190} INFO - [2024-09-12T15:28:17.195+0000] {dag.py:3229} INFO - Sync 1 DAGs
[2024-09-12T15:28:17.206+0000] {logging_mixin.py:190} INFO - [2024-09-12T15:28:17.205+0000] {dag.py:4156} INFO - Setting next_dagrun for example_sensors to None, run_after=None
[2024-09-12T15:28:17.218+0000] {processor.py:208} INFO - Processing /home/airflow/.local/lib/python3.12/site-packages/airflow/example_dags/example_sensors.py took 0.063 seconds
[2024-09-12T15:28:47.698+0000] {processor.py:186} INFO - Started process (PID=1106) to work on /home/airflow/.local/lib/python3.12/site-packages/airflow/example_dags/example_sensors.py
[2024-09-12T15:28:47.699+0000] {processor.py:914} INFO - Processing file /home/airflow/.local/lib/python3.12/site-packages/airflow/example_dags/example_sensors.py for tasks to queue
[2024-09-12T15:28:47.702+0000] {logging_mixin.py:190} INFO - [2024-09-12T15:28:47.701+0000] {dagbag.py:587} INFO - Filling up the DagBag from /home/airflow/.local/lib/python3.12/site-packages/airflow/example_dags/example_sensors.py
[2024-09-12T15:28:47.710+0000] {processor.py:925} INFO - DAG(s) 'example_sensors' retrieved from /home/airflow/.local/lib/python3.12/site-packages/airflow/example_dags/example_sensors.py
[2024-09-12T15:28:47.728+0000] {logging_mixin.py:190} INFO - [2024-09-12T15:28:47.728+0000] {dag.py:3229} INFO - Sync 1 DAGs
[2024-09-12T15:28:47.737+0000] {logging_mixin.py:190} INFO - [2024-09-12T15:28:47.737+0000] {dag.py:4156} INFO - Setting next_dagrun for example_sensors to None, run_after=None
[2024-09-12T15:28:47.748+0000] {processor.py:208} INFO - Processing /home/airflow/.local/lib/python3.12/site-packages/airflow/example_dags/example_sensors.py took 0.054 seconds
[2024-09-12T15:29:18.096+0000] {processor.py:186} INFO - Started process (PID=1168) to work on /home/airflow/.local/lib/python3.12/site-packages/airflow/example_dags/example_sensors.py
[2024-09-12T15:29:18.097+0000] {processor.py:914} INFO - Processing file /home/airflow/.local/lib/python3.12/site-packages/airflow/example_dags/example_sensors.py for tasks to queue
[2024-09-12T15:29:18.099+0000] {logging_mixin.py:190} INFO - [2024-09-12T15:29:18.099+0000] {dagbag.py:587} INFO - Filling up the DagBag from /home/airflow/.local/lib/python3.12/site-packages/airflow/example_dags/example_sensors.py
[2024-09-12T15:29:18.108+0000] {processor.py:925} INFO - DAG(s) 'example_sensors' retrieved from /home/airflow/.local/lib/python3.12/site-packages/airflow/example_dags/example_sensors.py
[2024-09-12T15:29:18.126+0000] {logging_mixin.py:190} INFO - [2024-09-12T15:29:18.126+0000] {dag.py:3229} INFO - Sync 1 DAGs
[2024-09-12T15:29:18.136+0000] {logging_mixin.py:190} INFO - [2024-09-12T15:29:18.136+0000] {dag.py:4156} INFO - Setting next_dagrun for example_sensors to None, run_after=None
[2024-09-12T15:29:18.147+0000] {processor.py:208} INFO - Processing /home/airflow/.local/lib/python3.12/site-packages/airflow/example_dags/example_sensors.py took 0.055 seconds
[2024-09-12T15:29:48.539+0000] {processor.py:186} INFO - Started process (PID=1230) to work on /home/airflow/.local/lib/python3.12/site-packages/airflow/example_dags/example_sensors.py
[2024-09-12T15:29:48.540+0000] {processor.py:914} INFO - Processing file /home/airflow/.local/lib/python3.12/site-packages/airflow/example_dags/example_sensors.py for tasks to queue
[2024-09-12T15:29:48.542+0000] {logging_mixin.py:190} INFO - [2024-09-12T15:29:48.542+0000] {dagbag.py:587} INFO - Filling up the DagBag from /home/airflow/.local/lib/python3.12/site-packages/airflow/example_dags/example_sensors.py
[2024-09-12T15:29:48.550+0000] {processor.py:925} INFO - DAG(s) 'example_sensors' retrieved from /home/airflow/.local/lib/python3.12/site-packages/airflow/example_dags/example_sensors.py
[2024-09-12T15:29:48.569+0000] {logging_mixin.py:190} INFO - [2024-09-12T15:29:48.568+0000] {dag.py:3229} INFO - Sync 1 DAGs
[2024-09-12T15:29:48.577+0000] {logging_mixin.py:190} INFO - [2024-09-12T15:29:48.577+0000] {dag.py:4156} INFO - Setting next_dagrun for example_sensors to None, run_after=None
[2024-09-12T15:29:48.588+0000] {processor.py:208} INFO - Processing /home/airflow/.local/lib/python3.12/site-packages/airflow/example_dags/example_sensors.py took 0.054 seconds
[2024-09-12T15:30:19.619+0000] {processor.py:186} INFO - Started process (PID=1292) to work on /home/airflow/.local/lib/python3.12/site-packages/airflow/example_dags/example_sensors.py
[2024-09-12T15:30:19.621+0000] {processor.py:914} INFO - Processing file /home/airflow/.local/lib/python3.12/site-packages/airflow/example_dags/example_sensors.py for tasks to queue
[2024-09-12T15:30:19.623+0000] {logging_mixin.py:190} INFO - [2024-09-12T15:30:19.623+0000] {dagbag.py:587} INFO - Filling up the DagBag from /home/airflow/.local/lib/python3.12/site-packages/airflow/example_dags/example_sensors.py
[2024-09-12T15:30:19.631+0000] {processor.py:925} INFO - DAG(s) 'example_sensors' retrieved from /home/airflow/.local/lib/python3.12/site-packages/airflow/example_dags/example_sensors.py
[2024-09-12T15:30:19.651+0000] {logging_mixin.py:190} INFO - [2024-09-12T15:30:19.650+0000] {dag.py:3229} INFO - Sync 1 DAGs
[2024-09-12T15:30:19.659+0000] {logging_mixin.py:190} INFO - [2024-09-12T15:30:19.659+0000] {dag.py:4156} INFO - Setting next_dagrun for example_sensors to None, run_after=None
[2024-09-12T15:30:19.670+0000] {processor.py:208} INFO - Processing /home/airflow/.local/lib/python3.12/site-packages/airflow/example_dags/example_sensors.py took 0.055 seconds
[2024-09-12T15:30:50.840+0000] {processor.py:186} INFO - Started process (PID=1354) to work on /home/airflow/.local/lib/python3.12/site-packages/airflow/example_dags/example_sensors.py
[2024-09-12T15:30:50.841+0000] {processor.py:914} INFO - Processing file /home/airflow/.local/lib/python3.12/site-packages/airflow/example_dags/example_sensors.py for tasks to queue
[2024-09-12T15:30:50.844+0000] {logging_mixin.py:190} INFO - [2024-09-12T15:30:50.843+0000] {dagbag.py:587} INFO - Filling up the DagBag from /home/airflow/.local/lib/python3.12/site-packages/airflow/example_dags/example_sensors.py
[2024-09-12T15:30:50.853+0000] {processor.py:925} INFO - DAG(s) 'example_sensors' retrieved from /home/airflow/.local/lib/python3.12/site-packages/airflow/example_dags/example_sensors.py
[2024-09-12T15:30:50.872+0000] {logging_mixin.py:190} INFO - [2024-09-12T15:30:50.872+0000] {dag.py:3229} INFO - Sync 1 DAGs
[2024-09-12T15:30:50.881+0000] {logging_mixin.py:190} INFO - [2024-09-12T15:30:50.881+0000] {dag.py:4156} INFO - Setting next_dagrun for example_sensors to None, run_after=None
[2024-09-12T15:30:50.892+0000] {processor.py:208} INFO - Processing /home/airflow/.local/lib/python3.12/site-packages/airflow/example_dags/example_sensors.py took 0.056 seconds
[2024-09-12T15:31:21.164+0000] {processor.py:186} INFO - Started process (PID=1416) to work on /home/airflow/.local/lib/python3.12/site-packages/airflow/example_dags/example_sensors.py
[2024-09-12T15:31:21.166+0000] {processor.py:914} INFO - Processing file /home/airflow/.local/lib/python3.12/site-packages/airflow/example_dags/example_sensors.py for tasks to queue
[2024-09-12T15:31:21.168+0000] {logging_mixin.py:190} INFO - [2024-09-12T15:31:21.168+0000] {dagbag.py:587} INFO - Filling up the DagBag from /home/airflow/.local/lib/python3.12/site-packages/airflow/example_dags/example_sensors.py
[2024-09-12T15:31:21.176+0000] {processor.py:925} INFO - DAG(s) 'example_sensors' retrieved from /home/airflow/.local/lib/python3.12/site-packages/airflow/example_dags/example_sensors.py
[2024-09-12T15:31:21.196+0000] {logging_mixin.py:190} INFO - [2024-09-12T15:31:21.196+0000] {dag.py:3229} INFO - Sync 1 DAGs
[2024-09-12T15:31:21.206+0000] {logging_mixin.py:190} INFO - [2024-09-12T15:31:21.206+0000] {dag.py:4156} INFO - Setting next_dagrun for example_sensors to None, run_after=None
[2024-09-12T15:31:21.217+0000] {processor.py:208} INFO - Processing /home/airflow/.local/lib/python3.12/site-packages/airflow/example_dags/example_sensors.py took 0.057 seconds
[2024-09-12T15:31:51.549+0000] {processor.py:186} INFO - Started process (PID=1478) to work on /home/airflow/.local/lib/python3.12/site-packages/airflow/example_dags/example_sensors.py
[2024-09-12T15:31:51.550+0000] {processor.py:914} INFO - Processing file /home/airflow/.local/lib/python3.12/site-packages/airflow/example_dags/example_sensors.py for tasks to queue
[2024-09-12T15:31:51.552+0000] {logging_mixin.py:190} INFO - [2024-09-12T15:31:51.552+0000] {dagbag.py:587} INFO - Filling up the DagBag from /home/airflow/.local/lib/python3.12/site-packages/airflow/example_dags/example_sensors.py
[2024-09-12T15:31:51.560+0000] {processor.py:925} INFO - DAG(s) 'example_sensors' retrieved from /home/airflow/.local/lib/python3.12/site-packages/airflow/example_dags/example_sensors.py
[2024-09-12T15:31:51.580+0000] {logging_mixin.py:190} INFO - [2024-09-12T15:31:51.580+0000] {dag.py:3229} INFO - Sync 1 DAGs
[2024-09-12T15:31:51.589+0000] {logging_mixin.py:190} INFO - [2024-09-12T15:31:51.589+0000] {dag.py:4156} INFO - Setting next_dagrun for example_sensors to None, run_after=None
[2024-09-12T15:31:51.600+0000] {processor.py:208} INFO - Processing /home/airflow/.local/lib/python3.12/site-packages/airflow/example_dags/example_sensors.py took 0.056 seconds
[2024-09-12T15:32:21.734+0000] {processor.py:186} INFO - Started process (PID=1539) to work on /home/airflow/.local/lib/python3.12/site-packages/airflow/example_dags/example_sensors.py
[2024-09-12T15:32:21.735+0000] {processor.py:914} INFO - Processing file /home/airflow/.local/lib/python3.12/site-packages/airflow/example_dags/example_sensors.py for tasks to queue
[2024-09-12T15:32:21.737+0000] {logging_mixin.py:190} INFO - [2024-09-12T15:32:21.737+0000] {dagbag.py:587} INFO - Filling up the DagBag from /home/airflow/.local/lib/python3.12/site-packages/airflow/example_dags/example_sensors.py
[2024-09-12T15:32:21.744+0000] {processor.py:925} INFO - DAG(s) 'example_sensors' retrieved from /home/airflow/.local/lib/python3.12/site-packages/airflow/example_dags/example_sensors.py
[2024-09-12T15:32:21.763+0000] {logging_mixin.py:190} INFO - [2024-09-12T15:32:21.763+0000] {dag.py:3229} INFO - Sync 1 DAGs
[2024-09-12T15:32:21.772+0000] {logging_mixin.py:190} INFO - [2024-09-12T15:32:21.772+0000] {dag.py:4156} INFO - Setting next_dagrun for example_sensors to None, run_after=None
[2024-09-12T15:32:21.782+0000] {processor.py:208} INFO - Processing /home/airflow/.local/lib/python3.12/site-packages/airflow/example_dags/example_sensors.py took 0.052 seconds
[2024-09-12T15:32:51.951+0000] {processor.py:186} INFO - Started process (PID=1600) to work on /home/airflow/.local/lib/python3.12/site-packages/airflow/example_dags/example_sensors.py
[2024-09-12T15:32:51.952+0000] {processor.py:914} INFO - Processing file /home/airflow/.local/lib/python3.12/site-packages/airflow/example_dags/example_sensors.py for tasks to queue
[2024-09-12T15:32:51.954+0000] {logging_mixin.py:190} INFO - [2024-09-12T15:32:51.954+0000] {dagbag.py:587} INFO - Filling up the DagBag from /home/airflow/.local/lib/python3.12/site-packages/airflow/example_dags/example_sensors.py
[2024-09-12T15:32:51.962+0000] {processor.py:925} INFO - DAG(s) 'example_sensors' retrieved from /home/airflow/.local/lib/python3.12/site-packages/airflow/example_dags/example_sensors.py
[2024-09-12T15:32:51.983+0000] {logging_mixin.py:190} INFO - [2024-09-12T15:32:51.983+0000] {dag.py:3229} INFO - Sync 1 DAGs
[2024-09-12T15:32:51.992+0000] {logging_mixin.py:190} INFO - [2024-09-12T15:32:51.992+0000] {dag.py:4156} INFO - Setting next_dagrun for example_sensors to None, run_after=None
[2024-09-12T15:32:52.003+0000] {processor.py:208} INFO - Processing /home/airflow/.local/lib/python3.12/site-packages/airflow/example_dags/example_sensors.py took 0.057 seconds
[2024-09-12T15:33:22.322+0000] {processor.py:186} INFO - Started process (PID=1662) to work on /home/airflow/.local/lib/python3.12/site-packages/airflow/example_dags/example_sensors.py
[2024-09-12T15:33:22.323+0000] {processor.py:914} INFO - Processing file /home/airflow/.local/lib/python3.12/site-packages/airflow/example_dags/example_sensors.py for tasks to queue
[2024-09-12T15:33:22.325+0000] {logging_mixin.py:190} INFO - [2024-09-12T15:33:22.325+0000] {dagbag.py:587} INFO - Filling up the DagBag from /home/airflow/.local/lib/python3.12/site-packages/airflow/example_dags/example_sensors.py
[2024-09-12T15:33:22.334+0000] {processor.py:925} INFO - DAG(s) 'example_sensors' retrieved from /home/airflow/.local/lib/python3.12/site-packages/airflow/example_dags/example_sensors.py
[2024-09-12T15:33:22.354+0000] {logging_mixin.py:190} INFO - [2024-09-12T15:33:22.354+0000] {dag.py:3229} INFO - Sync 1 DAGs
[2024-09-12T15:33:22.362+0000] {logging_mixin.py:190} INFO - [2024-09-12T15:33:22.362+0000] {dag.py:4156} INFO - Setting next_dagrun for example_sensors to None, run_after=None
[2024-09-12T15:33:22.373+0000] {processor.py:208} INFO - Processing /home/airflow/.local/lib/python3.12/site-packages/airflow/example_dags/example_sensors.py took 0.056 seconds
[2024-09-12T15:33:52.670+0000] {processor.py:186} INFO - Started process (PID=1724) to work on /home/airflow/.local/lib/python3.12/site-packages/airflow/example_dags/example_sensors.py
[2024-09-12T15:33:52.672+0000] {processor.py:914} INFO - Processing file /home/airflow/.local/lib/python3.12/site-packages/airflow/example_dags/example_sensors.py for tasks to queue
[2024-09-12T15:33:52.674+0000] {logging_mixin.py:190} INFO - [2024-09-12T15:33:52.674+0000] {dagbag.py:587} INFO - Filling up the DagBag from /home/airflow/.local/lib/python3.12/site-packages/airflow/example_dags/example_sensors.py
[2024-09-12T15:33:52.682+0000] {processor.py:925} INFO - DAG(s) 'example_sensors' retrieved from /home/airflow/.local/lib/python3.12/site-packages/airflow/example_dags/example_sensors.py
[2024-09-12T15:33:52.703+0000] {logging_mixin.py:190} INFO - [2024-09-12T15:33:52.703+0000] {dag.py:3229} INFO - Sync 1 DAGs
[2024-09-12T15:33:52.713+0000] {logging_mixin.py:190} INFO - [2024-09-12T15:33:52.713+0000] {dag.py:4156} INFO - Setting next_dagrun for example_sensors to None, run_after=None
[2024-09-12T15:33:52.725+0000] {processor.py:208} INFO - Processing /home/airflow/.local/lib/python3.12/site-packages/airflow/example_dags/example_sensors.py took 0.060 seconds
