[2024-09-12T15:20:10.143+0000] {processor.py:186} INFO - Started process (PID=71) to work on /home/airflow/.local/lib/python3.12/site-packages/airflow/example_dags/example_inlet_event_extra.py
[2024-09-12T15:20:10.169+0000] {processor.py:914} INFO - Processing file /home/airflow/.local/lib/python3.12/site-packages/airflow/example_dags/example_inlet_event_extra.py for tasks to queue
[2024-09-12T15:20:10.177+0000] {logging_mixin.py:190} INFO - [2024-09-12T15:20:10.177+0000] {dagbag.py:587} INFO - Filling up the DagBag from /home/airflow/.local/lib/python3.12/site-packages/airflow/example_dags/example_inlet_event_extra.py
[2024-09-12T15:20:10.285+0000] {processor.py:925} INFO - DAG(s) 'read_dataset_event_from_classic', 'read_dataset_event' retrieved from /home/airflow/.local/lib/python3.12/site-packages/airflow/example_dags/example_inlet_event_extra.py
[2024-09-12T15:20:10.426+0000] {logging_mixin.py:190} INFO - [2024-09-12T15:20:10.425+0000] {override.py:1900} INFO - Created Permission View: can read on DAG:read_dataset_event_from_classic
[2024-09-12T15:20:10.433+0000] {logging_mixin.py:190} INFO - [2024-09-12T15:20:10.432+0000] {override.py:1900} INFO - Created Permission View: can delete on DAG:read_dataset_event_from_classic
[2024-09-12T15:20:10.437+0000] {logging_mixin.py:190} INFO - [2024-09-12T15:20:10.437+0000] {override.py:1900} INFO - Created Permission View: can edit on DAG:read_dataset_event_from_classic
[2024-09-12T15:20:10.443+0000] {logging_mixin.py:190} INFO - [2024-09-12T15:20:10.443+0000] {override.py:1900} INFO - Created Permission View: can read on DAG Run:read_dataset_event_from_classic
[2024-09-12T15:20:10.447+0000] {logging_mixin.py:190} INFO - [2024-09-12T15:20:10.447+0000] {override.py:1900} INFO - Created Permission View: can create on DAG Run:read_dataset_event_from_classic
[2024-09-12T15:20:10.452+0000] {logging_mixin.py:190} INFO - [2024-09-12T15:20:10.451+0000] {override.py:1900} INFO - Created Permission View: menu access on DAG Run:read_dataset_event_from_classic
[2024-09-12T15:20:10.456+0000] {logging_mixin.py:190} INFO - [2024-09-12T15:20:10.455+0000] {override.py:1900} INFO - Created Permission View: can delete on DAG Run:read_dataset_event_from_classic
[2024-09-12T15:20:10.463+0000] {logging_mixin.py:190} INFO - [2024-09-12T15:20:10.463+0000] {override.py:1900} INFO - Created Permission View: can read on DAG:read_dataset_event
[2024-09-12T15:20:10.467+0000] {logging_mixin.py:190} INFO - [2024-09-12T15:20:10.467+0000] {override.py:1900} INFO - Created Permission View: can delete on DAG:read_dataset_event
[2024-09-12T15:20:10.471+0000] {logging_mixin.py:190} INFO - [2024-09-12T15:20:10.471+0000] {override.py:1900} INFO - Created Permission View: can edit on DAG:read_dataset_event
[2024-09-12T15:20:10.475+0000] {logging_mixin.py:190} INFO - [2024-09-12T15:20:10.475+0000] {override.py:1900} INFO - Created Permission View: can read on DAG Run:read_dataset_event
[2024-09-12T15:20:10.479+0000] {logging_mixin.py:190} INFO - [2024-09-12T15:20:10.479+0000] {override.py:1900} INFO - Created Permission View: can create on DAG Run:read_dataset_event
[2024-09-12T15:20:10.482+0000] {logging_mixin.py:190} INFO - [2024-09-12T15:20:10.482+0000] {override.py:1900} INFO - Created Permission View: menu access on DAG Run:read_dataset_event
[2024-09-12T15:20:10.486+0000] {logging_mixin.py:190} INFO - [2024-09-12T15:20:10.486+0000] {override.py:1900} INFO - Created Permission View: can delete on DAG Run:read_dataset_event
[2024-09-12T15:20:10.487+0000] {logging_mixin.py:190} INFO - [2024-09-12T15:20:10.487+0000] {dag.py:3229} INFO - Sync 2 DAGs
[2024-09-12T15:20:10.494+0000] {logging_mixin.py:190} INFO - [2024-09-12T15:20:10.494+0000] {dag.py:3252} INFO - Creating ORM DAG for read_dataset_event
[2024-09-12T15:20:10.495+0000] {logging_mixin.py:190} INFO - [2024-09-12T15:20:10.495+0000] {dag.py:3252} INFO - Creating ORM DAG for read_dataset_event_from_classic
[2024-09-12T15:20:10.505+0000] {logging_mixin.py:190} INFO - [2024-09-12T15:20:10.504+0000] {dag.py:4156} INFO - Setting next_dagrun for read_dataset_event to 2024-09-11 00:00:00+00:00, run_after=2024-09-12 00:00:00+00:00
[2024-09-12T15:20:10.507+0000] {logging_mixin.py:190} INFO - [2024-09-12T15:20:10.507+0000] {dag.py:4156} INFO - Setting next_dagrun for read_dataset_event_from_classic to 2024-09-11 00:00:00+00:00, run_after=2024-09-12 00:00:00+00:00
[2024-09-12T15:20:10.517+0000] {processor.py:208} INFO - Processing /home/airflow/.local/lib/python3.12/site-packages/airflow/example_dags/example_inlet_event_extra.py took 0.380 seconds
[2024-09-12T15:20:41.182+0000] {processor.py:186} INFO - Started process (PID=134) to work on /home/airflow/.local/lib/python3.12/site-packages/airflow/example_dags/example_inlet_event_extra.py
[2024-09-12T15:20:41.184+0000] {processor.py:914} INFO - Processing file /home/airflow/.local/lib/python3.12/site-packages/airflow/example_dags/example_inlet_event_extra.py for tasks to queue
[2024-09-12T15:20:41.187+0000] {logging_mixin.py:190} INFO - [2024-09-12T15:20:41.186+0000] {dagbag.py:587} INFO - Filling up the DagBag from /home/airflow/.local/lib/python3.12/site-packages/airflow/example_dags/example_inlet_event_extra.py
[2024-09-12T15:20:41.281+0000] {processor.py:925} INFO - DAG(s) 'read_dataset_event_from_classic', 'read_dataset_event' retrieved from /home/airflow/.local/lib/python3.12/site-packages/airflow/example_dags/example_inlet_event_extra.py
[2024-09-12T15:20:41.304+0000] {logging_mixin.py:190} INFO - [2024-09-12T15:20:41.304+0000] {dag.py:3229} INFO - Sync 2 DAGs
[2024-09-12T15:20:41.321+0000] {logging_mixin.py:190} INFO - [2024-09-12T15:20:41.321+0000] {dag.py:4156} INFO - Setting next_dagrun for read_dataset_event to 2024-09-11 00:00:00+00:00, run_after=2024-09-12 00:00:00+00:00
[2024-09-12T15:20:41.324+0000] {logging_mixin.py:190} INFO - [2024-09-12T15:20:41.324+0000] {dag.py:4156} INFO - Setting next_dagrun for read_dataset_event_from_classic to 2024-09-11 00:00:00+00:00, run_after=2024-09-12 00:00:00+00:00
[2024-09-12T15:20:41.336+0000] {processor.py:208} INFO - Processing /home/airflow/.local/lib/python3.12/site-packages/airflow/example_dags/example_inlet_event_extra.py took 0.159 seconds
[2024-09-12T15:21:11.672+0000] {processor.py:186} INFO - Started process (PID=197) to work on /home/airflow/.local/lib/python3.12/site-packages/airflow/example_dags/example_inlet_event_extra.py
[2024-09-12T15:21:11.674+0000] {processor.py:914} INFO - Processing file /home/airflow/.local/lib/python3.12/site-packages/airflow/example_dags/example_inlet_event_extra.py for tasks to queue
[2024-09-12T15:21:11.678+0000] {logging_mixin.py:190} INFO - [2024-09-12T15:21:11.678+0000] {dagbag.py:587} INFO - Filling up the DagBag from /home/airflow/.local/lib/python3.12/site-packages/airflow/example_dags/example_inlet_event_extra.py
[2024-09-12T15:21:11.806+0000] {processor.py:925} INFO - DAG(s) 'read_dataset_event', 'read_dataset_event_from_classic' retrieved from /home/airflow/.local/lib/python3.12/site-packages/airflow/example_dags/example_inlet_event_extra.py
[2024-09-12T15:21:11.824+0000] {logging_mixin.py:190} INFO - [2024-09-12T15:21:11.824+0000] {dag.py:3229} INFO - Sync 2 DAGs
[2024-09-12T15:21:11.843+0000] {logging_mixin.py:190} INFO - [2024-09-12T15:21:11.843+0000] {dag.py:4156} INFO - Setting next_dagrun for read_dataset_event to 2024-09-11 00:00:00+00:00, run_after=2024-09-12 00:00:00+00:00
[2024-09-12T15:21:11.847+0000] {logging_mixin.py:190} INFO - [2024-09-12T15:21:11.846+0000] {dag.py:4156} INFO - Setting next_dagrun for read_dataset_event_from_classic to 2024-09-11 00:00:00+00:00, run_after=2024-09-12 00:00:00+00:00
[2024-09-12T15:21:11.860+0000] {processor.py:208} INFO - Processing /home/airflow/.local/lib/python3.12/site-packages/airflow/example_dags/example_inlet_event_extra.py took 0.196 seconds
[2024-09-12T15:21:42.654+0000] {processor.py:186} INFO - Started process (PID=259) to work on /home/airflow/.local/lib/python3.12/site-packages/airflow/example_dags/example_inlet_event_extra.py
[2024-09-12T15:21:42.655+0000] {processor.py:914} INFO - Processing file /home/airflow/.local/lib/python3.12/site-packages/airflow/example_dags/example_inlet_event_extra.py for tasks to queue
[2024-09-12T15:21:42.658+0000] {logging_mixin.py:190} INFO - [2024-09-12T15:21:42.658+0000] {dagbag.py:587} INFO - Filling up the DagBag from /home/airflow/.local/lib/python3.12/site-packages/airflow/example_dags/example_inlet_event_extra.py
[2024-09-12T15:21:42.762+0000] {processor.py:925} INFO - DAG(s) 'read_dataset_event_from_classic', 'read_dataset_event' retrieved from /home/airflow/.local/lib/python3.12/site-packages/airflow/example_dags/example_inlet_event_extra.py
[2024-09-12T15:21:42.790+0000] {logging_mixin.py:190} INFO - [2024-09-12T15:21:42.790+0000] {dag.py:3229} INFO - Sync 2 DAGs
[2024-09-12T15:21:42.809+0000] {logging_mixin.py:190} INFO - [2024-09-12T15:21:42.809+0000] {dag.py:4156} INFO - Setting next_dagrun for read_dataset_event to 2024-09-11 00:00:00+00:00, run_after=2024-09-12 00:00:00+00:00
[2024-09-12T15:21:42.814+0000] {logging_mixin.py:190} INFO - [2024-09-12T15:21:42.814+0000] {dag.py:4156} INFO - Setting next_dagrun for read_dataset_event_from_classic to 2024-09-11 00:00:00+00:00, run_after=2024-09-12 00:00:00+00:00
[2024-09-12T15:21:42.826+0000] {processor.py:208} INFO - Processing /home/airflow/.local/lib/python3.12/site-packages/airflow/example_dags/example_inlet_event_extra.py took 0.177 seconds
[2024-09-12T15:22:13.532+0000] {processor.py:186} INFO - Started process (PID=321) to work on /home/airflow/.local/lib/python3.12/site-packages/airflow/example_dags/example_inlet_event_extra.py
[2024-09-12T15:22:13.534+0000] {processor.py:914} INFO - Processing file /home/airflow/.local/lib/python3.12/site-packages/airflow/example_dags/example_inlet_event_extra.py for tasks to queue
[2024-09-12T15:22:13.547+0000] {logging_mixin.py:190} INFO - [2024-09-12T15:22:13.537+0000] {dagbag.py:587} INFO - Filling up the DagBag from /home/airflow/.local/lib/python3.12/site-packages/airflow/example_dags/example_inlet_event_extra.py
[2024-09-12T15:22:13.686+0000] {processor.py:925} INFO - DAG(s) 'read_dataset_event', 'read_dataset_event_from_classic' retrieved from /home/airflow/.local/lib/python3.12/site-packages/airflow/example_dags/example_inlet_event_extra.py
[2024-09-12T15:22:13.723+0000] {logging_mixin.py:190} INFO - [2024-09-12T15:22:13.723+0000] {dag.py:3229} INFO - Sync 2 DAGs
[2024-09-12T15:22:13.785+0000] {logging_mixin.py:190} INFO - [2024-09-12T15:22:13.785+0000] {dag.py:4156} INFO - Setting next_dagrun for read_dataset_event to 2024-09-11 00:00:00+00:00, run_after=2024-09-12 00:00:00+00:00
[2024-09-12T15:22:13.789+0000] {logging_mixin.py:190} INFO - [2024-09-12T15:22:13.789+0000] {dag.py:4156} INFO - Setting next_dagrun for read_dataset_event_from_classic to 2024-09-11 00:00:00+00:00, run_after=2024-09-12 00:00:00+00:00
[2024-09-12T15:22:13.843+0000] {processor.py:208} INFO - Processing /home/airflow/.local/lib/python3.12/site-packages/airflow/example_dags/example_inlet_event_extra.py took 0.323 seconds
[2024-09-12T15:22:43.951+0000] {processor.py:186} INFO - Started process (PID=383) to work on /home/airflow/.local/lib/python3.12/site-packages/airflow/example_dags/example_inlet_event_extra.py
[2024-09-12T15:22:43.953+0000] {processor.py:914} INFO - Processing file /home/airflow/.local/lib/python3.12/site-packages/airflow/example_dags/example_inlet_event_extra.py for tasks to queue
[2024-09-12T15:22:43.957+0000] {logging_mixin.py:190} INFO - [2024-09-12T15:22:43.957+0000] {dagbag.py:587} INFO - Filling up the DagBag from /home/airflow/.local/lib/python3.12/site-packages/airflow/example_dags/example_inlet_event_extra.py
[2024-09-12T15:22:44.063+0000] {processor.py:925} INFO - DAG(s) 'read_dataset_event_from_classic', 'read_dataset_event' retrieved from /home/airflow/.local/lib/python3.12/site-packages/airflow/example_dags/example_inlet_event_extra.py
[2024-09-12T15:22:44.083+0000] {logging_mixin.py:190} INFO - [2024-09-12T15:22:44.083+0000] {dag.py:3229} INFO - Sync 2 DAGs
[2024-09-12T15:22:44.101+0000] {logging_mixin.py:190} INFO - [2024-09-12T15:22:44.101+0000] {dag.py:4156} INFO - Setting next_dagrun for read_dataset_event to 2024-09-11 00:00:00+00:00, run_after=2024-09-12 00:00:00+00:00
[2024-09-12T15:22:44.107+0000] {logging_mixin.py:190} INFO - [2024-09-12T15:22:44.107+0000] {dag.py:4156} INFO - Setting next_dagrun for read_dataset_event_from_classic to 2024-09-11 00:00:00+00:00, run_after=2024-09-12 00:00:00+00:00
[2024-09-12T15:22:44.123+0000] {processor.py:208} INFO - Processing /home/airflow/.local/lib/python3.12/site-packages/airflow/example_dags/example_inlet_event_extra.py took 0.178 seconds
[2024-09-12T15:23:14.227+0000] {processor.py:186} INFO - Started process (PID=445) to work on /home/airflow/.local/lib/python3.12/site-packages/airflow/example_dags/example_inlet_event_extra.py
[2024-09-12T15:23:14.228+0000] {processor.py:914} INFO - Processing file /home/airflow/.local/lib/python3.12/site-packages/airflow/example_dags/example_inlet_event_extra.py for tasks to queue
[2024-09-12T15:23:14.230+0000] {logging_mixin.py:190} INFO - [2024-09-12T15:23:14.230+0000] {dagbag.py:587} INFO - Filling up the DagBag from /home/airflow/.local/lib/python3.12/site-packages/airflow/example_dags/example_inlet_event_extra.py
[2024-09-12T15:23:14.325+0000] {processor.py:925} INFO - DAG(s) 'read_dataset_event', 'read_dataset_event_from_classic' retrieved from /home/airflow/.local/lib/python3.12/site-packages/airflow/example_dags/example_inlet_event_extra.py
[2024-09-12T15:23:14.342+0000] {logging_mixin.py:190} INFO - [2024-09-12T15:23:14.342+0000] {dag.py:3229} INFO - Sync 2 DAGs
[2024-09-12T15:23:14.358+0000] {logging_mixin.py:190} INFO - [2024-09-12T15:23:14.358+0000] {dag.py:4156} INFO - Setting next_dagrun for read_dataset_event to 2024-09-11 00:00:00+00:00, run_after=2024-09-12 00:00:00+00:00
[2024-09-12T15:23:14.361+0000] {logging_mixin.py:190} INFO - [2024-09-12T15:23:14.361+0000] {dag.py:4156} INFO - Setting next_dagrun for read_dataset_event_from_classic to 2024-09-11 00:00:00+00:00, run_after=2024-09-12 00:00:00+00:00
[2024-09-12T15:23:14.370+0000] {processor.py:208} INFO - Processing /home/airflow/.local/lib/python3.12/site-packages/airflow/example_dags/example_inlet_event_extra.py took 0.147 seconds
[2024-09-12T15:23:44.472+0000] {processor.py:186} INFO - Started process (PID=507) to work on /home/airflow/.local/lib/python3.12/site-packages/airflow/example_dags/example_inlet_event_extra.py
[2024-09-12T15:23:44.474+0000] {processor.py:914} INFO - Processing file /home/airflow/.local/lib/python3.12/site-packages/airflow/example_dags/example_inlet_event_extra.py for tasks to queue
[2024-09-12T15:23:44.476+0000] {logging_mixin.py:190} INFO - [2024-09-12T15:23:44.476+0000] {dagbag.py:587} INFO - Filling up the DagBag from /home/airflow/.local/lib/python3.12/site-packages/airflow/example_dags/example_inlet_event_extra.py
[2024-09-12T15:23:44.609+0000] {processor.py:925} INFO - DAG(s) 'read_dataset_event', 'read_dataset_event_from_classic' retrieved from /home/airflow/.local/lib/python3.12/site-packages/airflow/example_dags/example_inlet_event_extra.py
[2024-09-12T15:23:44.630+0000] {logging_mixin.py:190} INFO - [2024-09-12T15:23:44.630+0000] {dag.py:3229} INFO - Sync 2 DAGs
[2024-09-12T15:23:44.647+0000] {logging_mixin.py:190} INFO - [2024-09-12T15:23:44.647+0000] {dag.py:4156} INFO - Setting next_dagrun for read_dataset_event to 2024-09-11 00:00:00+00:00, run_after=2024-09-12 00:00:00+00:00
[2024-09-12T15:23:44.651+0000] {logging_mixin.py:190} INFO - [2024-09-12T15:23:44.651+0000] {dag.py:4156} INFO - Setting next_dagrun for read_dataset_event_from_classic to 2024-09-11 00:00:00+00:00, run_after=2024-09-12 00:00:00+00:00
[2024-09-12T15:23:44.662+0000] {processor.py:208} INFO - Processing /home/airflow/.local/lib/python3.12/site-packages/airflow/example_dags/example_inlet_event_extra.py took 0.196 seconds
[2024-09-12T15:24:15.477+0000] {processor.py:186} INFO - Started process (PID=574) to work on /home/airflow/.local/lib/python3.12/site-packages/airflow/example_dags/example_inlet_event_extra.py
[2024-09-12T15:24:15.478+0000] {processor.py:914} INFO - Processing file /home/airflow/.local/lib/python3.12/site-packages/airflow/example_dags/example_inlet_event_extra.py for tasks to queue
[2024-09-12T15:24:15.481+0000] {logging_mixin.py:190} INFO - [2024-09-12T15:24:15.481+0000] {dagbag.py:587} INFO - Filling up the DagBag from /home/airflow/.local/lib/python3.12/site-packages/airflow/example_dags/example_inlet_event_extra.py
[2024-09-12T15:24:15.575+0000] {processor.py:925} INFO - DAG(s) 'read_dataset_event', 'read_dataset_event_from_classic' retrieved from /home/airflow/.local/lib/python3.12/site-packages/airflow/example_dags/example_inlet_event_extra.py
[2024-09-12T15:24:15.591+0000] {logging_mixin.py:190} INFO - [2024-09-12T15:24:15.591+0000] {dag.py:3229} INFO - Sync 2 DAGs
[2024-09-12T15:24:15.607+0000] {logging_mixin.py:190} INFO - [2024-09-12T15:24:15.607+0000] {dag.py:4156} INFO - Setting next_dagrun for read_dataset_event to 2024-09-11 00:00:00+00:00, run_after=2024-09-12 00:00:00+00:00
[2024-09-12T15:24:15.611+0000] {logging_mixin.py:190} INFO - [2024-09-12T15:24:15.611+0000] {dag.py:4156} INFO - Setting next_dagrun for read_dataset_event_from_classic to 2024-09-11 00:00:00+00:00, run_after=2024-09-12 00:00:00+00:00
[2024-09-12T15:24:15.621+0000] {processor.py:208} INFO - Processing /home/airflow/.local/lib/python3.12/site-packages/airflow/example_dags/example_inlet_event_extra.py took 0.150 seconds
[2024-09-12T15:24:45.725+0000] {processor.py:186} INFO - Started process (PID=636) to work on /home/airflow/.local/lib/python3.12/site-packages/airflow/example_dags/example_inlet_event_extra.py
[2024-09-12T15:24:45.727+0000] {processor.py:914} INFO - Processing file /home/airflow/.local/lib/python3.12/site-packages/airflow/example_dags/example_inlet_event_extra.py for tasks to queue
[2024-09-12T15:24:45.730+0000] {logging_mixin.py:190} INFO - [2024-09-12T15:24:45.730+0000] {dagbag.py:587} INFO - Filling up the DagBag from /home/airflow/.local/lib/python3.12/site-packages/airflow/example_dags/example_inlet_event_extra.py
[2024-09-12T15:24:45.835+0000] {processor.py:925} INFO - DAG(s) 'read_dataset_event_from_classic', 'read_dataset_event' retrieved from /home/airflow/.local/lib/python3.12/site-packages/airflow/example_dags/example_inlet_event_extra.py
[2024-09-12T15:24:45.853+0000] {logging_mixin.py:190} INFO - [2024-09-12T15:24:45.853+0000] {dag.py:3229} INFO - Sync 2 DAGs
[2024-09-12T15:24:45.868+0000] {logging_mixin.py:190} INFO - [2024-09-12T15:24:45.868+0000] {dag.py:4156} INFO - Setting next_dagrun for read_dataset_event to 2024-09-11 00:00:00+00:00, run_after=2024-09-12 00:00:00+00:00
[2024-09-12T15:24:45.871+0000] {logging_mixin.py:190} INFO - [2024-09-12T15:24:45.871+0000] {dag.py:4156} INFO - Setting next_dagrun for read_dataset_event_from_classic to 2024-09-11 00:00:00+00:00, run_after=2024-09-12 00:00:00+00:00
[2024-09-12T15:24:45.882+0000] {processor.py:208} INFO - Processing /home/airflow/.local/lib/python3.12/site-packages/airflow/example_dags/example_inlet_event_extra.py took 0.164 seconds
[2024-09-12T15:25:16.079+0000] {processor.py:186} INFO - Started process (PID=698) to work on /home/airflow/.local/lib/python3.12/site-packages/airflow/example_dags/example_inlet_event_extra.py
[2024-09-12T15:25:16.081+0000] {processor.py:914} INFO - Processing file /home/airflow/.local/lib/python3.12/site-packages/airflow/example_dags/example_inlet_event_extra.py for tasks to queue
[2024-09-12T15:25:16.084+0000] {logging_mixin.py:190} INFO - [2024-09-12T15:25:16.083+0000] {dagbag.py:587} INFO - Filling up the DagBag from /home/airflow/.local/lib/python3.12/site-packages/airflow/example_dags/example_inlet_event_extra.py
[2024-09-12T15:25:16.181+0000] {processor.py:925} INFO - DAG(s) 'read_dataset_event', 'read_dataset_event_from_classic' retrieved from /home/airflow/.local/lib/python3.12/site-packages/airflow/example_dags/example_inlet_event_extra.py
[2024-09-12T15:25:16.197+0000] {logging_mixin.py:190} INFO - [2024-09-12T15:25:16.197+0000] {dag.py:3229} INFO - Sync 2 DAGs
[2024-09-12T15:25:16.213+0000] {logging_mixin.py:190} INFO - [2024-09-12T15:25:16.213+0000] {dag.py:4156} INFO - Setting next_dagrun for read_dataset_event to 2024-09-11 00:00:00+00:00, run_after=2024-09-12 00:00:00+00:00
[2024-09-12T15:25:16.217+0000] {logging_mixin.py:190} INFO - [2024-09-12T15:25:16.217+0000] {dag.py:4156} INFO - Setting next_dagrun for read_dataset_event_from_classic to 2024-09-11 00:00:00+00:00, run_after=2024-09-12 00:00:00+00:00
[2024-09-12T15:25:16.226+0000] {processor.py:208} INFO - Processing /home/airflow/.local/lib/python3.12/site-packages/airflow/example_dags/example_inlet_event_extra.py took 0.153 seconds
[2024-09-12T15:25:46.273+0000] {processor.py:186} INFO - Started process (PID=760) to work on /home/airflow/.local/lib/python3.12/site-packages/airflow/example_dags/example_inlet_event_extra.py
[2024-09-12T15:25:46.274+0000] {processor.py:914} INFO - Processing file /home/airflow/.local/lib/python3.12/site-packages/airflow/example_dags/example_inlet_event_extra.py for tasks to queue
[2024-09-12T15:25:46.277+0000] {logging_mixin.py:190} INFO - [2024-09-12T15:25:46.276+0000] {dagbag.py:587} INFO - Filling up the DagBag from /home/airflow/.local/lib/python3.12/site-packages/airflow/example_dags/example_inlet_event_extra.py
[2024-09-12T15:25:46.364+0000] {processor.py:925} INFO - DAG(s) 'read_dataset_event_from_classic', 'read_dataset_event' retrieved from /home/airflow/.local/lib/python3.12/site-packages/airflow/example_dags/example_inlet_event_extra.py
[2024-09-12T15:25:46.380+0000] {logging_mixin.py:190} INFO - [2024-09-12T15:25:46.380+0000] {dag.py:3229} INFO - Sync 2 DAGs
[2024-09-12T15:25:46.396+0000] {logging_mixin.py:190} INFO - [2024-09-12T15:25:46.395+0000] {dag.py:4156} INFO - Setting next_dagrun for read_dataset_event to 2024-09-11 00:00:00+00:00, run_after=2024-09-12 00:00:00+00:00
[2024-09-12T15:25:46.399+0000] {logging_mixin.py:190} INFO - [2024-09-12T15:25:46.399+0000] {dag.py:4156} INFO - Setting next_dagrun for read_dataset_event_from_classic to 2024-09-11 00:00:00+00:00, run_after=2024-09-12 00:00:00+00:00
[2024-09-12T15:25:46.409+0000] {processor.py:208} INFO - Processing /home/airflow/.local/lib/python3.12/site-packages/airflow/example_dags/example_inlet_event_extra.py took 0.141 seconds
[2024-09-12T15:26:16.533+0000] {processor.py:186} INFO - Started process (PID=822) to work on /home/airflow/.local/lib/python3.12/site-packages/airflow/example_dags/example_inlet_event_extra.py
[2024-09-12T15:26:16.535+0000] {processor.py:914} INFO - Processing file /home/airflow/.local/lib/python3.12/site-packages/airflow/example_dags/example_inlet_event_extra.py for tasks to queue
[2024-09-12T15:26:16.538+0000] {logging_mixin.py:190} INFO - [2024-09-12T15:26:16.538+0000] {dagbag.py:587} INFO - Filling up the DagBag from /home/airflow/.local/lib/python3.12/site-packages/airflow/example_dags/example_inlet_event_extra.py
[2024-09-12T15:26:16.632+0000] {processor.py:925} INFO - DAG(s) 'read_dataset_event', 'read_dataset_event_from_classic' retrieved from /home/airflow/.local/lib/python3.12/site-packages/airflow/example_dags/example_inlet_event_extra.py
[2024-09-12T15:26:16.648+0000] {logging_mixin.py:190} INFO - [2024-09-12T15:26:16.648+0000] {dag.py:3229} INFO - Sync 2 DAGs
[2024-09-12T15:26:16.663+0000] {logging_mixin.py:190} INFO - [2024-09-12T15:26:16.663+0000] {dag.py:4156} INFO - Setting next_dagrun for read_dataset_event to 2024-09-11 00:00:00+00:00, run_after=2024-09-12 00:00:00+00:00
[2024-09-12T15:26:16.666+0000] {logging_mixin.py:190} INFO - [2024-09-12T15:26:16.666+0000] {dag.py:4156} INFO - Setting next_dagrun for read_dataset_event_from_classic to 2024-09-11 00:00:00+00:00, run_after=2024-09-12 00:00:00+00:00
[2024-09-12T15:26:16.676+0000] {processor.py:208} INFO - Processing /home/airflow/.local/lib/python3.12/site-packages/airflow/example_dags/example_inlet_event_extra.py took 0.150 seconds
[2024-09-12T15:26:46.775+0000] {processor.py:186} INFO - Started process (PID=884) to work on /home/airflow/.local/lib/python3.12/site-packages/airflow/example_dags/example_inlet_event_extra.py
[2024-09-12T15:26:46.777+0000] {processor.py:914} INFO - Processing file /home/airflow/.local/lib/python3.12/site-packages/airflow/example_dags/example_inlet_event_extra.py for tasks to queue
[2024-09-12T15:26:46.779+0000] {logging_mixin.py:190} INFO - [2024-09-12T15:26:46.779+0000] {dagbag.py:587} INFO - Filling up the DagBag from /home/airflow/.local/lib/python3.12/site-packages/airflow/example_dags/example_inlet_event_extra.py
[2024-09-12T15:26:46.865+0000] {processor.py:925} INFO - DAG(s) 'read_dataset_event_from_classic', 'read_dataset_event' retrieved from /home/airflow/.local/lib/python3.12/site-packages/airflow/example_dags/example_inlet_event_extra.py
[2024-09-12T15:26:46.885+0000] {logging_mixin.py:190} INFO - [2024-09-12T15:26:46.884+0000] {dag.py:3229} INFO - Sync 2 DAGs
[2024-09-12T15:26:46.901+0000] {logging_mixin.py:190} INFO - [2024-09-12T15:26:46.900+0000] {dag.py:4156} INFO - Setting next_dagrun for read_dataset_event to 2024-09-11 00:00:00+00:00, run_after=2024-09-12 00:00:00+00:00
[2024-09-12T15:26:46.904+0000] {logging_mixin.py:190} INFO - [2024-09-12T15:26:46.904+0000] {dag.py:4156} INFO - Setting next_dagrun for read_dataset_event_from_classic to 2024-09-11 00:00:00+00:00, run_after=2024-09-12 00:00:00+00:00
[2024-09-12T15:26:46.915+0000] {processor.py:208} INFO - Processing /home/airflow/.local/lib/python3.12/site-packages/airflow/example_dags/example_inlet_event_extra.py took 0.144 seconds
[2024-09-12T15:27:17.026+0000] {processor.py:186} INFO - Started process (PID=947) to work on /home/airflow/.local/lib/python3.12/site-packages/airflow/example_dags/example_inlet_event_extra.py
[2024-09-12T15:27:17.028+0000] {processor.py:914} INFO - Processing file /home/airflow/.local/lib/python3.12/site-packages/airflow/example_dags/example_inlet_event_extra.py for tasks to queue
[2024-09-12T15:27:17.030+0000] {logging_mixin.py:190} INFO - [2024-09-12T15:27:17.030+0000] {dagbag.py:587} INFO - Filling up the DagBag from /home/airflow/.local/lib/python3.12/site-packages/airflow/example_dags/example_inlet_event_extra.py
[2024-09-12T15:27:17.115+0000] {processor.py:925} INFO - DAG(s) 'read_dataset_event_from_classic', 'read_dataset_event' retrieved from /home/airflow/.local/lib/python3.12/site-packages/airflow/example_dags/example_inlet_event_extra.py
[2024-09-12T15:27:17.132+0000] {logging_mixin.py:190} INFO - [2024-09-12T15:27:17.132+0000] {dag.py:3229} INFO - Sync 2 DAGs
[2024-09-12T15:27:17.147+0000] {logging_mixin.py:190} INFO - [2024-09-12T15:27:17.147+0000] {dag.py:4156} INFO - Setting next_dagrun for read_dataset_event to 2024-09-11 00:00:00+00:00, run_after=2024-09-12 00:00:00+00:00
[2024-09-12T15:27:17.150+0000] {logging_mixin.py:190} INFO - [2024-09-12T15:27:17.150+0000] {dag.py:4156} INFO - Setting next_dagrun for read_dataset_event_from_classic to 2024-09-11 00:00:00+00:00, run_after=2024-09-12 00:00:00+00:00
[2024-09-12T15:27:17.160+0000] {processor.py:208} INFO - Processing /home/airflow/.local/lib/python3.12/site-packages/airflow/example_dags/example_inlet_event_extra.py took 0.138 seconds
[2024-09-12T15:27:47.939+0000] {processor.py:186} INFO - Started process (PID=1008) to work on /home/airflow/.local/lib/python3.12/site-packages/airflow/example_dags/example_inlet_event_extra.py
[2024-09-12T15:27:47.941+0000] {processor.py:914} INFO - Processing file /home/airflow/.local/lib/python3.12/site-packages/airflow/example_dags/example_inlet_event_extra.py for tasks to queue
[2024-09-12T15:27:47.944+0000] {logging_mixin.py:190} INFO - [2024-09-12T15:27:47.944+0000] {dagbag.py:587} INFO - Filling up the DagBag from /home/airflow/.local/lib/python3.12/site-packages/airflow/example_dags/example_inlet_event_extra.py
[2024-09-12T15:27:48.039+0000] {processor.py:925} INFO - DAG(s) 'read_dataset_event_from_classic', 'read_dataset_event' retrieved from /home/airflow/.local/lib/python3.12/site-packages/airflow/example_dags/example_inlet_event_extra.py
[2024-09-12T15:27:48.057+0000] {logging_mixin.py:190} INFO - [2024-09-12T15:27:48.057+0000] {dag.py:3229} INFO - Sync 2 DAGs
[2024-09-12T15:27:48.072+0000] {logging_mixin.py:190} INFO - [2024-09-12T15:27:48.072+0000] {dag.py:4156} INFO - Setting next_dagrun for read_dataset_event to 2024-09-11 00:00:00+00:00, run_after=2024-09-12 00:00:00+00:00
[2024-09-12T15:27:48.076+0000] {logging_mixin.py:190} INFO - [2024-09-12T15:27:48.076+0000] {dag.py:4156} INFO - Setting next_dagrun for read_dataset_event_from_classic to 2024-09-11 00:00:00+00:00, run_after=2024-09-12 00:00:00+00:00
[2024-09-12T15:27:48.087+0000] {processor.py:208} INFO - Processing /home/airflow/.local/lib/python3.12/site-packages/airflow/example_dags/example_inlet_event_extra.py took 0.152 seconds
[2024-09-12T15:28:18.757+0000] {processor.py:186} INFO - Started process (PID=1070) to work on /home/airflow/.local/lib/python3.12/site-packages/airflow/example_dags/example_inlet_event_extra.py
[2024-09-12T15:28:18.759+0000] {processor.py:914} INFO - Processing file /home/airflow/.local/lib/python3.12/site-packages/airflow/example_dags/example_inlet_event_extra.py for tasks to queue
[2024-09-12T15:28:18.761+0000] {logging_mixin.py:190} INFO - [2024-09-12T15:28:18.761+0000] {dagbag.py:587} INFO - Filling up the DagBag from /home/airflow/.local/lib/python3.12/site-packages/airflow/example_dags/example_inlet_event_extra.py
[2024-09-12T15:28:18.861+0000] {processor.py:925} INFO - DAG(s) 'read_dataset_event_from_classic', 'read_dataset_event' retrieved from /home/airflow/.local/lib/python3.12/site-packages/airflow/example_dags/example_inlet_event_extra.py
[2024-09-12T15:28:18.882+0000] {logging_mixin.py:190} INFO - [2024-09-12T15:28:18.882+0000] {dag.py:3229} INFO - Sync 2 DAGs
[2024-09-12T15:28:18.904+0000] {logging_mixin.py:190} INFO - [2024-09-12T15:28:18.904+0000] {dag.py:4156} INFO - Setting next_dagrun for read_dataset_event to 2024-09-11 00:00:00+00:00, run_after=2024-09-12 00:00:00+00:00
[2024-09-12T15:28:18.909+0000] {logging_mixin.py:190} INFO - [2024-09-12T15:28:18.908+0000] {dag.py:4156} INFO - Setting next_dagrun for read_dataset_event_from_classic to 2024-09-11 00:00:00+00:00, run_after=2024-09-12 00:00:00+00:00
[2024-09-12T15:28:18.921+0000] {processor.py:208} INFO - Processing /home/airflow/.local/lib/python3.12/site-packages/airflow/example_dags/example_inlet_event_extra.py took 0.175 seconds
[2024-09-12T15:28:49.030+0000] {processor.py:186} INFO - Started process (PID=1132) to work on /home/airflow/.local/lib/python3.12/site-packages/airflow/example_dags/example_inlet_event_extra.py
[2024-09-12T15:28:49.032+0000] {processor.py:914} INFO - Processing file /home/airflow/.local/lib/python3.12/site-packages/airflow/example_dags/example_inlet_event_extra.py for tasks to queue
[2024-09-12T15:28:49.034+0000] {logging_mixin.py:190} INFO - [2024-09-12T15:28:49.034+0000] {dagbag.py:587} INFO - Filling up the DagBag from /home/airflow/.local/lib/python3.12/site-packages/airflow/example_dags/example_inlet_event_extra.py
[2024-09-12T15:28:49.125+0000] {processor.py:925} INFO - DAG(s) 'read_dataset_event_from_classic', 'read_dataset_event' retrieved from /home/airflow/.local/lib/python3.12/site-packages/airflow/example_dags/example_inlet_event_extra.py
[2024-09-12T15:28:49.142+0000] {logging_mixin.py:190} INFO - [2024-09-12T15:28:49.141+0000] {dag.py:3229} INFO - Sync 2 DAGs
[2024-09-12T15:28:49.157+0000] {logging_mixin.py:190} INFO - [2024-09-12T15:28:49.157+0000] {dag.py:4156} INFO - Setting next_dagrun for read_dataset_event to 2024-09-11 00:00:00+00:00, run_after=2024-09-12 00:00:00+00:00
[2024-09-12T15:28:49.160+0000] {logging_mixin.py:190} INFO - [2024-09-12T15:28:49.160+0000] {dag.py:4156} INFO - Setting next_dagrun for read_dataset_event_from_classic to 2024-09-11 00:00:00+00:00, run_after=2024-09-12 00:00:00+00:00
[2024-09-12T15:28:49.172+0000] {processor.py:208} INFO - Processing /home/airflow/.local/lib/python3.12/site-packages/airflow/example_dags/example_inlet_event_extra.py took 0.146 seconds
[2024-09-12T15:29:19.497+0000] {processor.py:186} INFO - Started process (PID=1194) to work on /home/airflow/.local/lib/python3.12/site-packages/airflow/example_dags/example_inlet_event_extra.py
[2024-09-12T15:29:19.499+0000] {processor.py:914} INFO - Processing file /home/airflow/.local/lib/python3.12/site-packages/airflow/example_dags/example_inlet_event_extra.py for tasks to queue
[2024-09-12T15:29:19.501+0000] {logging_mixin.py:190} INFO - [2024-09-12T15:29:19.501+0000] {dagbag.py:587} INFO - Filling up the DagBag from /home/airflow/.local/lib/python3.12/site-packages/airflow/example_dags/example_inlet_event_extra.py
[2024-09-12T15:29:19.600+0000] {processor.py:925} INFO - DAG(s) 'read_dataset_event', 'read_dataset_event_from_classic' retrieved from /home/airflow/.local/lib/python3.12/site-packages/airflow/example_dags/example_inlet_event_extra.py
[2024-09-12T15:29:19.619+0000] {logging_mixin.py:190} INFO - [2024-09-12T15:29:19.619+0000] {dag.py:3229} INFO - Sync 2 DAGs
[2024-09-12T15:29:19.636+0000] {logging_mixin.py:190} INFO - [2024-09-12T15:29:19.636+0000] {dag.py:4156} INFO - Setting next_dagrun for read_dataset_event to 2024-09-11 00:00:00+00:00, run_after=2024-09-12 00:00:00+00:00
[2024-09-12T15:29:19.639+0000] {logging_mixin.py:190} INFO - [2024-09-12T15:29:19.639+0000] {dag.py:4156} INFO - Setting next_dagrun for read_dataset_event_from_classic to 2024-09-11 00:00:00+00:00, run_after=2024-09-12 00:00:00+00:00
[2024-09-12T15:29:19.650+0000] {processor.py:208} INFO - Processing /home/airflow/.local/lib/python3.12/site-packages/airflow/example_dags/example_inlet_event_extra.py took 0.159 seconds
[2024-09-12T15:29:49.693+0000] {processor.py:186} INFO - Started process (PID=1256) to work on /home/airflow/.local/lib/python3.12/site-packages/airflow/example_dags/example_inlet_event_extra.py
[2024-09-12T15:29:49.694+0000] {processor.py:914} INFO - Processing file /home/airflow/.local/lib/python3.12/site-packages/airflow/example_dags/example_inlet_event_extra.py for tasks to queue
[2024-09-12T15:29:49.697+0000] {logging_mixin.py:190} INFO - [2024-09-12T15:29:49.696+0000] {dagbag.py:587} INFO - Filling up the DagBag from /home/airflow/.local/lib/python3.12/site-packages/airflow/example_dags/example_inlet_event_extra.py
[2024-09-12T15:29:49.782+0000] {processor.py:925} INFO - DAG(s) 'read_dataset_event', 'read_dataset_event_from_classic' retrieved from /home/airflow/.local/lib/python3.12/site-packages/airflow/example_dags/example_inlet_event_extra.py
[2024-09-12T15:29:49.800+0000] {logging_mixin.py:190} INFO - [2024-09-12T15:29:49.800+0000] {dag.py:3229} INFO - Sync 2 DAGs
[2024-09-12T15:29:49.815+0000] {logging_mixin.py:190} INFO - [2024-09-12T15:29:49.814+0000] {dag.py:4156} INFO - Setting next_dagrun for read_dataset_event to 2024-09-11 00:00:00+00:00, run_after=2024-09-12 00:00:00+00:00
[2024-09-12T15:29:49.818+0000] {logging_mixin.py:190} INFO - [2024-09-12T15:29:49.818+0000] {dag.py:4156} INFO - Setting next_dagrun for read_dataset_event_from_classic to 2024-09-11 00:00:00+00:00, run_after=2024-09-12 00:00:00+00:00
[2024-09-12T15:29:49.827+0000] {processor.py:208} INFO - Processing /home/airflow/.local/lib/python3.12/site-packages/airflow/example_dags/example_inlet_event_extra.py took 0.139 seconds
[2024-09-12T15:30:20.774+0000] {processor.py:186} INFO - Started process (PID=1318) to work on /home/airflow/.local/lib/python3.12/site-packages/airflow/example_dags/example_inlet_event_extra.py
[2024-09-12T15:30:20.776+0000] {processor.py:914} INFO - Processing file /home/airflow/.local/lib/python3.12/site-packages/airflow/example_dags/example_inlet_event_extra.py for tasks to queue
[2024-09-12T15:30:20.778+0000] {logging_mixin.py:190} INFO - [2024-09-12T15:30:20.778+0000] {dagbag.py:587} INFO - Filling up the DagBag from /home/airflow/.local/lib/python3.12/site-packages/airflow/example_dags/example_inlet_event_extra.py
[2024-09-12T15:30:20.864+0000] {processor.py:925} INFO - DAG(s) 'read_dataset_event', 'read_dataset_event_from_classic' retrieved from /home/airflow/.local/lib/python3.12/site-packages/airflow/example_dags/example_inlet_event_extra.py
[2024-09-12T15:30:20.882+0000] {logging_mixin.py:190} INFO - [2024-09-12T15:30:20.882+0000] {dag.py:3229} INFO - Sync 2 DAGs
[2024-09-12T15:30:20.896+0000] {logging_mixin.py:190} INFO - [2024-09-12T15:30:20.896+0000] {dag.py:4156} INFO - Setting next_dagrun for read_dataset_event to 2024-09-11 00:00:00+00:00, run_after=2024-09-12 00:00:00+00:00
[2024-09-12T15:30:20.900+0000] {logging_mixin.py:190} INFO - [2024-09-12T15:30:20.899+0000] {dag.py:4156} INFO - Setting next_dagrun for read_dataset_event_from_classic to 2024-09-11 00:00:00+00:00, run_after=2024-09-12 00:00:00+00:00
[2024-09-12T15:30:20.910+0000] {processor.py:208} INFO - Processing /home/airflow/.local/lib/python3.12/site-packages/airflow/example_dags/example_inlet_event_extra.py took 0.140 seconds
[2024-09-12T15:30:52.126+0000] {processor.py:186} INFO - Started process (PID=1380) to work on /home/airflow/.local/lib/python3.12/site-packages/airflow/example_dags/example_inlet_event_extra.py
[2024-09-12T15:30:52.127+0000] {processor.py:914} INFO - Processing file /home/airflow/.local/lib/python3.12/site-packages/airflow/example_dags/example_inlet_event_extra.py for tasks to queue
[2024-09-12T15:30:52.129+0000] {logging_mixin.py:190} INFO - [2024-09-12T15:30:52.129+0000] {dagbag.py:587} INFO - Filling up the DagBag from /home/airflow/.local/lib/python3.12/site-packages/airflow/example_dags/example_inlet_event_extra.py
[2024-09-12T15:30:52.217+0000] {processor.py:925} INFO - DAG(s) 'read_dataset_event_from_classic', 'read_dataset_event' retrieved from /home/airflow/.local/lib/python3.12/site-packages/airflow/example_dags/example_inlet_event_extra.py
[2024-09-12T15:30:52.233+0000] {logging_mixin.py:190} INFO - [2024-09-12T15:30:52.233+0000] {dag.py:3229} INFO - Sync 2 DAGs
[2024-09-12T15:30:52.250+0000] {logging_mixin.py:190} INFO - [2024-09-12T15:30:52.250+0000] {dag.py:4156} INFO - Setting next_dagrun for read_dataset_event to 2024-09-11 00:00:00+00:00, run_after=2024-09-12 00:00:00+00:00
[2024-09-12T15:30:52.253+0000] {logging_mixin.py:190} INFO - [2024-09-12T15:30:52.253+0000] {dag.py:4156} INFO - Setting next_dagrun for read_dataset_event_from_classic to 2024-09-11 00:00:00+00:00, run_after=2024-09-12 00:00:00+00:00
[2024-09-12T15:30:52.262+0000] {processor.py:208} INFO - Processing /home/airflow/.local/lib/python3.12/site-packages/airflow/example_dags/example_inlet_event_extra.py took 0.142 seconds
[2024-09-12T15:31:22.517+0000] {processor.py:186} INFO - Started process (PID=1442) to work on /home/airflow/.local/lib/python3.12/site-packages/airflow/example_dags/example_inlet_event_extra.py
[2024-09-12T15:31:22.518+0000] {processor.py:914} INFO - Processing file /home/airflow/.local/lib/python3.12/site-packages/airflow/example_dags/example_inlet_event_extra.py for tasks to queue
[2024-09-12T15:31:22.520+0000] {logging_mixin.py:190} INFO - [2024-09-12T15:31:22.520+0000] {dagbag.py:587} INFO - Filling up the DagBag from /home/airflow/.local/lib/python3.12/site-packages/airflow/example_dags/example_inlet_event_extra.py
[2024-09-12T15:31:22.603+0000] {processor.py:925} INFO - DAG(s) 'read_dataset_event', 'read_dataset_event_from_classic' retrieved from /home/airflow/.local/lib/python3.12/site-packages/airflow/example_dags/example_inlet_event_extra.py
[2024-09-12T15:31:22.620+0000] {logging_mixin.py:190} INFO - [2024-09-12T15:31:22.620+0000] {dag.py:3229} INFO - Sync 2 DAGs
[2024-09-12T15:31:22.635+0000] {logging_mixin.py:190} INFO - [2024-09-12T15:31:22.635+0000] {dag.py:4156} INFO - Setting next_dagrun for read_dataset_event to 2024-09-11 00:00:00+00:00, run_after=2024-09-12 00:00:00+00:00
[2024-09-12T15:31:22.639+0000] {logging_mixin.py:190} INFO - [2024-09-12T15:31:22.639+0000] {dag.py:4156} INFO - Setting next_dagrun for read_dataset_event_from_classic to 2024-09-11 00:00:00+00:00, run_after=2024-09-12 00:00:00+00:00
[2024-09-12T15:31:22.650+0000] {processor.py:208} INFO - Processing /home/airflow/.local/lib/python3.12/site-packages/airflow/example_dags/example_inlet_event_extra.py took 0.138 seconds
[2024-09-12T15:31:52.788+0000] {processor.py:186} INFO - Started process (PID=1504) to work on /home/airflow/.local/lib/python3.12/site-packages/airflow/example_dags/example_inlet_event_extra.py
[2024-09-12T15:31:52.789+0000] {processor.py:914} INFO - Processing file /home/airflow/.local/lib/python3.12/site-packages/airflow/example_dags/example_inlet_event_extra.py for tasks to queue
[2024-09-12T15:31:52.792+0000] {logging_mixin.py:190} INFO - [2024-09-12T15:31:52.791+0000] {dagbag.py:587} INFO - Filling up the DagBag from /home/airflow/.local/lib/python3.12/site-packages/airflow/example_dags/example_inlet_event_extra.py
[2024-09-12T15:31:52.878+0000] {processor.py:925} INFO - DAG(s) 'read_dataset_event', 'read_dataset_event_from_classic' retrieved from /home/airflow/.local/lib/python3.12/site-packages/airflow/example_dags/example_inlet_event_extra.py
[2024-09-12T15:31:52.895+0000] {logging_mixin.py:190} INFO - [2024-09-12T15:31:52.895+0000] {dag.py:3229} INFO - Sync 2 DAGs
[2024-09-12T15:31:52.910+0000] {logging_mixin.py:190} INFO - [2024-09-12T15:31:52.910+0000] {dag.py:4156} INFO - Setting next_dagrun for read_dataset_event to 2024-09-11 00:00:00+00:00, run_after=2024-09-12 00:00:00+00:00
[2024-09-12T15:31:52.913+0000] {logging_mixin.py:190} INFO - [2024-09-12T15:31:52.913+0000] {dag.py:4156} INFO - Setting next_dagrun for read_dataset_event_from_classic to 2024-09-11 00:00:00+00:00, run_after=2024-09-12 00:00:00+00:00
[2024-09-12T15:31:52.923+0000] {processor.py:208} INFO - Processing /home/airflow/.local/lib/python3.12/site-packages/airflow/example_dags/example_inlet_event_extra.py took 0.140 seconds
[2024-09-12T15:32:22.992+0000] {processor.py:186} INFO - Started process (PID=1565) to work on /home/airflow/.local/lib/python3.12/site-packages/airflow/example_dags/example_inlet_event_extra.py
[2024-09-12T15:32:22.993+0000] {processor.py:914} INFO - Processing file /home/airflow/.local/lib/python3.12/site-packages/airflow/example_dags/example_inlet_event_extra.py for tasks to queue
[2024-09-12T15:32:22.996+0000] {logging_mixin.py:190} INFO - [2024-09-12T15:32:22.996+0000] {dagbag.py:587} INFO - Filling up the DagBag from /home/airflow/.local/lib/python3.12/site-packages/airflow/example_dags/example_inlet_event_extra.py
[2024-09-12T15:32:23.083+0000] {processor.py:925} INFO - DAG(s) 'read_dataset_event', 'read_dataset_event_from_classic' retrieved from /home/airflow/.local/lib/python3.12/site-packages/airflow/example_dags/example_inlet_event_extra.py
[2024-09-12T15:32:23.100+0000] {logging_mixin.py:190} INFO - [2024-09-12T15:32:23.100+0000] {dag.py:3229} INFO - Sync 2 DAGs
[2024-09-12T15:32:23.116+0000] {logging_mixin.py:190} INFO - [2024-09-12T15:32:23.116+0000] {dag.py:4156} INFO - Setting next_dagrun for read_dataset_event to 2024-09-11 00:00:00+00:00, run_after=2024-09-12 00:00:00+00:00
[2024-09-12T15:32:23.120+0000] {logging_mixin.py:190} INFO - [2024-09-12T15:32:23.120+0000] {dag.py:4156} INFO - Setting next_dagrun for read_dataset_event_from_classic to 2024-09-11 00:00:00+00:00, run_after=2024-09-12 00:00:00+00:00
[2024-09-12T15:32:23.130+0000] {processor.py:208} INFO - Processing /home/airflow/.local/lib/python3.12/site-packages/airflow/example_dags/example_inlet_event_extra.py took 0.142 seconds
[2024-09-12T15:32:53.422+0000] {processor.py:186} INFO - Started process (PID=1626) to work on /home/airflow/.local/lib/python3.12/site-packages/airflow/example_dags/example_inlet_event_extra.py
[2024-09-12T15:32:53.423+0000] {processor.py:914} INFO - Processing file /home/airflow/.local/lib/python3.12/site-packages/airflow/example_dags/example_inlet_event_extra.py for tasks to queue
[2024-09-12T15:32:53.425+0000] {logging_mixin.py:190} INFO - [2024-09-12T15:32:53.425+0000] {dagbag.py:587} INFO - Filling up the DagBag from /home/airflow/.local/lib/python3.12/site-packages/airflow/example_dags/example_inlet_event_extra.py
[2024-09-12T15:32:53.511+0000] {processor.py:925} INFO - DAG(s) 'read_dataset_event', 'read_dataset_event_from_classic' retrieved from /home/airflow/.local/lib/python3.12/site-packages/airflow/example_dags/example_inlet_event_extra.py
[2024-09-12T15:32:53.528+0000] {logging_mixin.py:190} INFO - [2024-09-12T15:32:53.528+0000] {dag.py:3229} INFO - Sync 2 DAGs
[2024-09-12T15:32:53.543+0000] {logging_mixin.py:190} INFO - [2024-09-12T15:32:53.543+0000] {dag.py:4156} INFO - Setting next_dagrun for read_dataset_event to 2024-09-11 00:00:00+00:00, run_after=2024-09-12 00:00:00+00:00
[2024-09-12T15:32:53.547+0000] {logging_mixin.py:190} INFO - [2024-09-12T15:32:53.546+0000] {dag.py:4156} INFO - Setting next_dagrun for read_dataset_event_from_classic to 2024-09-11 00:00:00+00:00, run_after=2024-09-12 00:00:00+00:00
[2024-09-12T15:32:53.557+0000] {processor.py:208} INFO - Processing /home/airflow/.local/lib/python3.12/site-packages/airflow/example_dags/example_inlet_event_extra.py took 0.139 seconds
[2024-09-12T15:33:23.640+0000] {processor.py:186} INFO - Started process (PID=1688) to work on /home/airflow/.local/lib/python3.12/site-packages/airflow/example_dags/example_inlet_event_extra.py
[2024-09-12T15:33:23.641+0000] {processor.py:914} INFO - Processing file /home/airflow/.local/lib/python3.12/site-packages/airflow/example_dags/example_inlet_event_extra.py for tasks to queue
[2024-09-12T15:33:23.643+0000] {logging_mixin.py:190} INFO - [2024-09-12T15:33:23.643+0000] {dagbag.py:587} INFO - Filling up the DagBag from /home/airflow/.local/lib/python3.12/site-packages/airflow/example_dags/example_inlet_event_extra.py
[2024-09-12T15:33:23.732+0000] {processor.py:925} INFO - DAG(s) 'read_dataset_event', 'read_dataset_event_from_classic' retrieved from /home/airflow/.local/lib/python3.12/site-packages/airflow/example_dags/example_inlet_event_extra.py
[2024-09-12T15:33:23.750+0000] {logging_mixin.py:190} INFO - [2024-09-12T15:33:23.750+0000] {dag.py:3229} INFO - Sync 2 DAGs
[2024-09-12T15:33:23.765+0000] {logging_mixin.py:190} INFO - [2024-09-12T15:33:23.765+0000] {dag.py:4156} INFO - Setting next_dagrun for read_dataset_event to 2024-09-11 00:00:00+00:00, run_after=2024-09-12 00:00:00+00:00
[2024-09-12T15:33:23.768+0000] {logging_mixin.py:190} INFO - [2024-09-12T15:33:23.768+0000] {dag.py:4156} INFO - Setting next_dagrun for read_dataset_event_from_classic to 2024-09-11 00:00:00+00:00, run_after=2024-09-12 00:00:00+00:00
[2024-09-12T15:33:23.780+0000] {processor.py:208} INFO - Processing /home/airflow/.local/lib/python3.12/site-packages/airflow/example_dags/example_inlet_event_extra.py took 0.145 seconds
[2024-09-12T15:33:54.073+0000] {processor.py:186} INFO - Started process (PID=1751) to work on /home/airflow/.local/lib/python3.12/site-packages/airflow/example_dags/example_inlet_event_extra.py
[2024-09-12T15:33:54.074+0000] {processor.py:914} INFO - Processing file /home/airflow/.local/lib/python3.12/site-packages/airflow/example_dags/example_inlet_event_extra.py for tasks to queue
[2024-09-12T15:33:54.076+0000] {logging_mixin.py:190} INFO - [2024-09-12T15:33:54.076+0000] {dagbag.py:587} INFO - Filling up the DagBag from /home/airflow/.local/lib/python3.12/site-packages/airflow/example_dags/example_inlet_event_extra.py
[2024-09-12T15:33:54.161+0000] {processor.py:925} INFO - DAG(s) 'read_dataset_event_from_classic', 'read_dataset_event' retrieved from /home/airflow/.local/lib/python3.12/site-packages/airflow/example_dags/example_inlet_event_extra.py
[2024-09-12T15:33:54.183+0000] {logging_mixin.py:190} INFO - [2024-09-12T15:33:54.183+0000] {dag.py:3229} INFO - Sync 2 DAGs
[2024-09-12T15:33:54.198+0000] {logging_mixin.py:190} INFO - [2024-09-12T15:33:54.197+0000] {dag.py:4156} INFO - Setting next_dagrun for read_dataset_event to 2024-09-11 00:00:00+00:00, run_after=2024-09-12 00:00:00+00:00
[2024-09-12T15:33:54.201+0000] {logging_mixin.py:190} INFO - [2024-09-12T15:33:54.201+0000] {dag.py:4156} INFO - Setting next_dagrun for read_dataset_event_from_classic to 2024-09-11 00:00:00+00:00, run_after=2024-09-12 00:00:00+00:00
[2024-09-12T15:33:54.210+0000] {processor.py:208} INFO - Processing /home/airflow/.local/lib/python3.12/site-packages/airflow/example_dags/example_inlet_event_extra.py took 0.142 seconds
