[2024-09-12T15:20:05.377+0000] {processor.py:186} INFO - Started process (PID=33) to work on /home/airflow/.local/lib/python3.12/site-packages/airflow/example_dags/example_dataset_alias_with_no_taskflow.py
[2024-09-12T15:20:05.379+0000] {processor.py:914} INFO - Processing file /home/airflow/.local/lib/python3.12/site-packages/airflow/example_dags/example_dataset_alias_with_no_taskflow.py for tasks to queue
[2024-09-12T15:20:05.382+0000] {logging_mixin.py:190} INFO - [2024-09-12T15:20:05.381+0000] {dagbag.py:587} INFO - Filling up the DagBag from /home/airflow/.local/lib/python3.12/site-packages/airflow/example_dags/example_dataset_alias_with_no_taskflow.py
[2024-09-12T15:20:05.754+0000] {processor.py:925} INFO - DAG(s) 'dataset_alias_example_alias_consumer_with_no_taskflow', 'dataset_s3_bucket_consumer_with_no_taskflow', 'dataset_alias_example_alias_producer_with_no_taskflow', 'dataset_s3_bucket_producer_with_no_taskflow' retrieved from /home/airflow/.local/lib/python3.12/site-packages/airflow/example_dags/example_dataset_alias_with_no_taskflow.py
[2024-09-12T15:20:05.818+0000] {logging_mixin.py:190} INFO - [2024-09-12T15:20:05.818+0000] {override.py:1900} INFO - Created Permission View: can read on DAG:dataset_alias_example_alias_consumer_with_no_taskflow
[2024-09-12T15:20:05.824+0000] {logging_mixin.py:190} INFO - [2024-09-12T15:20:05.824+0000] {override.py:1900} INFO - Created Permission View: can delete on DAG:dataset_alias_example_alias_consumer_with_no_taskflow
[2024-09-12T15:20:05.827+0000] {logging_mixin.py:190} INFO - [2024-09-12T15:20:05.827+0000] {override.py:1900} INFO - Created Permission View: can edit on DAG:dataset_alias_example_alias_consumer_with_no_taskflow
[2024-09-12T15:20:05.833+0000] {logging_mixin.py:190} INFO - [2024-09-12T15:20:05.833+0000] {override.py:1900} INFO - Created Permission View: can read on DAG Run:dataset_alias_example_alias_consumer_with_no_taskflow
[2024-09-12T15:20:05.837+0000] {logging_mixin.py:190} INFO - [2024-09-12T15:20:05.837+0000] {override.py:1900} INFO - Created Permission View: can create on DAG Run:dataset_alias_example_alias_consumer_with_no_taskflow
[2024-09-12T15:20:05.840+0000] {logging_mixin.py:190} INFO - [2024-09-12T15:20:05.840+0000] {override.py:1900} INFO - Created Permission View: menu access on DAG Run:dataset_alias_example_alias_consumer_with_no_taskflow
[2024-09-12T15:20:05.843+0000] {logging_mixin.py:190} INFO - [2024-09-12T15:20:05.843+0000] {override.py:1900} INFO - Created Permission View: can delete on DAG Run:dataset_alias_example_alias_consumer_with_no_taskflow
[2024-09-12T15:20:05.849+0000] {logging_mixin.py:190} INFO - [2024-09-12T15:20:05.849+0000] {override.py:1900} INFO - Created Permission View: can read on DAG:dataset_s3_bucket_consumer_with_no_taskflow
[2024-09-12T15:20:05.853+0000] {logging_mixin.py:190} INFO - [2024-09-12T15:20:05.853+0000] {override.py:1900} INFO - Created Permission View: can delete on DAG:dataset_s3_bucket_consumer_with_no_taskflow
[2024-09-12T15:20:05.861+0000] {logging_mixin.py:190} INFO - [2024-09-12T15:20:05.861+0000] {override.py:1900} INFO - Created Permission View: can edit on DAG:dataset_s3_bucket_consumer_with_no_taskflow
[2024-09-12T15:20:05.864+0000] {logging_mixin.py:190} INFO - [2024-09-12T15:20:05.864+0000] {override.py:1900} INFO - Created Permission View: can read on DAG Run:dataset_s3_bucket_consumer_with_no_taskflow
[2024-09-12T15:20:05.868+0000] {logging_mixin.py:190} INFO - [2024-09-12T15:20:05.868+0000] {override.py:1900} INFO - Created Permission View: can create on DAG Run:dataset_s3_bucket_consumer_with_no_taskflow
[2024-09-12T15:20:05.871+0000] {logging_mixin.py:190} INFO - [2024-09-12T15:20:05.870+0000] {override.py:1900} INFO - Created Permission View: menu access on DAG Run:dataset_s3_bucket_consumer_with_no_taskflow
[2024-09-12T15:20:05.874+0000] {logging_mixin.py:190} INFO - [2024-09-12T15:20:05.874+0000] {override.py:1900} INFO - Created Permission View: can delete on DAG Run:dataset_s3_bucket_consumer_with_no_taskflow
[2024-09-12T15:20:05.880+0000] {logging_mixin.py:190} INFO - [2024-09-12T15:20:05.880+0000] {override.py:1900} INFO - Created Permission View: can read on DAG:dataset_alias_example_alias_producer_with_no_taskflow
[2024-09-12T15:20:05.892+0000] {logging_mixin.py:190} INFO - [2024-09-12T15:20:05.892+0000] {override.py:1900} INFO - Created Permission View: can delete on DAG:dataset_alias_example_alias_producer_with_no_taskflow
[2024-09-12T15:20:05.895+0000] {logging_mixin.py:190} INFO - [2024-09-12T15:20:05.895+0000] {override.py:1900} INFO - Created Permission View: can edit on DAG:dataset_alias_example_alias_producer_with_no_taskflow
[2024-09-12T15:20:05.899+0000] {logging_mixin.py:190} INFO - [2024-09-12T15:20:05.899+0000] {override.py:1900} INFO - Created Permission View: can read on DAG Run:dataset_alias_example_alias_producer_with_no_taskflow
[2024-09-12T15:20:05.902+0000] {logging_mixin.py:190} INFO - [2024-09-12T15:20:05.902+0000] {override.py:1900} INFO - Created Permission View: can create on DAG Run:dataset_alias_example_alias_producer_with_no_taskflow
[2024-09-12T15:20:05.905+0000] {logging_mixin.py:190} INFO - [2024-09-12T15:20:05.905+0000] {override.py:1900} INFO - Created Permission View: menu access on DAG Run:dataset_alias_example_alias_producer_with_no_taskflow
[2024-09-12T15:20:05.910+0000] {logging_mixin.py:190} INFO - [2024-09-12T15:20:05.910+0000] {override.py:1900} INFO - Created Permission View: can delete on DAG Run:dataset_alias_example_alias_producer_with_no_taskflow
[2024-09-12T15:20:05.918+0000] {logging_mixin.py:190} INFO - [2024-09-12T15:20:05.918+0000] {override.py:1900} INFO - Created Permission View: can read on DAG:dataset_s3_bucket_producer_with_no_taskflow
[2024-09-12T15:20:05.921+0000] {logging_mixin.py:190} INFO - [2024-09-12T15:20:05.921+0000] {override.py:1900} INFO - Created Permission View: can delete on DAG:dataset_s3_bucket_producer_with_no_taskflow
[2024-09-12T15:20:05.925+0000] {logging_mixin.py:190} INFO - [2024-09-12T15:20:05.924+0000] {override.py:1900} INFO - Created Permission View: can edit on DAG:dataset_s3_bucket_producer_with_no_taskflow
[2024-09-12T15:20:05.928+0000] {logging_mixin.py:190} INFO - [2024-09-12T15:20:05.928+0000] {override.py:1900} INFO - Created Permission View: can read on DAG Run:dataset_s3_bucket_producer_with_no_taskflow
[2024-09-12T15:20:05.932+0000] {logging_mixin.py:190} INFO - [2024-09-12T15:20:05.932+0000] {override.py:1900} INFO - Created Permission View: can create on DAG Run:dataset_s3_bucket_producer_with_no_taskflow
[2024-09-12T15:20:05.935+0000] {logging_mixin.py:190} INFO - [2024-09-12T15:20:05.935+0000] {override.py:1900} INFO - Created Permission View: menu access on DAG Run:dataset_s3_bucket_producer_with_no_taskflow
[2024-09-12T15:20:05.938+0000] {logging_mixin.py:190} INFO - [2024-09-12T15:20:05.938+0000] {override.py:1900} INFO - Created Permission View: can delete on DAG Run:dataset_s3_bucket_producer_with_no_taskflow
[2024-09-12T15:20:05.939+0000] {logging_mixin.py:190} INFO - [2024-09-12T15:20:05.939+0000] {dag.py:3229} INFO - Sync 4 DAGs
[2024-09-12T15:20:05.947+0000] {logging_mixin.py:190} INFO - [2024-09-12T15:20:05.946+0000] {dag.py:3252} INFO - Creating ORM DAG for dataset_s3_bucket_producer_with_no_taskflow
[2024-09-12T15:20:05.947+0000] {logging_mixin.py:190} INFO - [2024-09-12T15:20:05.947+0000] {dag.py:3252} INFO - Creating ORM DAG for dataset_s3_bucket_consumer_with_no_taskflow
[2024-09-12T15:20:05.948+0000] {logging_mixin.py:190} INFO - [2024-09-12T15:20:05.948+0000] {dag.py:3252} INFO - Creating ORM DAG for dataset_alias_example_alias_consumer_with_no_taskflow
[2024-09-12T15:20:05.949+0000] {logging_mixin.py:190} INFO - [2024-09-12T15:20:05.949+0000] {dag.py:3252} INFO - Creating ORM DAG for dataset_alias_example_alias_producer_with_no_taskflow
[2024-09-12T15:20:05.957+0000] {logging_mixin.py:190} INFO - [2024-09-12T15:20:05.957+0000] {dag.py:4156} INFO - Setting next_dagrun for dataset_alias_example_alias_consumer_with_no_taskflow to None, run_after=None
[2024-09-12T15:20:05.958+0000] {logging_mixin.py:190} INFO - [2024-09-12T15:20:05.958+0000] {dag.py:4156} INFO - Setting next_dagrun for dataset_alias_example_alias_producer_with_no_taskflow to None, run_after=None
[2024-09-12T15:20:05.959+0000] {logging_mixin.py:190} INFO - [2024-09-12T15:20:05.959+0000] {dag.py:4156} INFO - Setting next_dagrun for dataset_s3_bucket_consumer_with_no_taskflow to None, run_after=None
[2024-09-12T15:20:05.960+0000] {logging_mixin.py:190} INFO - [2024-09-12T15:20:05.960+0000] {dag.py:4156} INFO - Setting next_dagrun for dataset_s3_bucket_producer_with_no_taskflow to None, run_after=None
[2024-09-12T15:20:05.975+0000] {processor.py:208} INFO - Processing /home/airflow/.local/lib/python3.12/site-packages/airflow/example_dags/example_dataset_alias_with_no_taskflow.py took 0.604 seconds
[2024-09-12T15:20:36.860+0000] {processor.py:186} INFO - Started process (PID=96) to work on /home/airflow/.local/lib/python3.12/site-packages/airflow/example_dags/example_dataset_alias_with_no_taskflow.py
[2024-09-12T15:20:36.868+0000] {processor.py:914} INFO - Processing file /home/airflow/.local/lib/python3.12/site-packages/airflow/example_dags/example_dataset_alias_with_no_taskflow.py for tasks to queue
[2024-09-12T15:20:36.871+0000] {logging_mixin.py:190} INFO - [2024-09-12T15:20:36.871+0000] {dagbag.py:587} INFO - Filling up the DagBag from /home/airflow/.local/lib/python3.12/site-packages/airflow/example_dags/example_dataset_alias_with_no_taskflow.py
[2024-09-12T15:20:37.017+0000] {processor.py:925} INFO - DAG(s) 'dataset_alias_example_alias_producer_with_no_taskflow', 'dataset_s3_bucket_producer_with_no_taskflow', 'dataset_s3_bucket_consumer_with_no_taskflow', 'dataset_alias_example_alias_consumer_with_no_taskflow' retrieved from /home/airflow/.local/lib/python3.12/site-packages/airflow/example_dags/example_dataset_alias_with_no_taskflow.py
[2024-09-12T15:20:37.031+0000] {logging_mixin.py:190} INFO - [2024-09-12T15:20:37.031+0000] {dag.py:3229} INFO - Sync 4 DAGs
[2024-09-12T15:20:37.050+0000] {logging_mixin.py:190} INFO - [2024-09-12T15:20:37.050+0000] {dag.py:4156} INFO - Setting next_dagrun for dataset_alias_example_alias_consumer_with_no_taskflow to None, run_after=None
[2024-09-12T15:20:37.052+0000] {logging_mixin.py:190} INFO - [2024-09-12T15:20:37.052+0000] {dag.py:4156} INFO - Setting next_dagrun for dataset_alias_example_alias_producer_with_no_taskflow to None, run_after=None
[2024-09-12T15:20:37.054+0000] {logging_mixin.py:190} INFO - [2024-09-12T15:20:37.054+0000] {dag.py:4156} INFO - Setting next_dagrun for dataset_s3_bucket_consumer_with_no_taskflow to None, run_after=None
[2024-09-12T15:20:37.055+0000] {logging_mixin.py:190} INFO - [2024-09-12T15:20:37.055+0000] {dag.py:4156} INFO - Setting next_dagrun for dataset_s3_bucket_producer_with_no_taskflow to None, run_after=None
[2024-09-12T15:20:37.071+0000] {processor.py:208} INFO - Processing /home/airflow/.local/lib/python3.12/site-packages/airflow/example_dags/example_dataset_alias_with_no_taskflow.py took 0.221 seconds
[2024-09-12T15:21:07.246+0000] {processor.py:186} INFO - Started process (PID=159) to work on /home/airflow/.local/lib/python3.12/site-packages/airflow/example_dags/example_dataset_alias_with_no_taskflow.py
[2024-09-12T15:21:07.248+0000] {processor.py:914} INFO - Processing file /home/airflow/.local/lib/python3.12/site-packages/airflow/example_dags/example_dataset_alias_with_no_taskflow.py for tasks to queue
[2024-09-12T15:21:07.250+0000] {logging_mixin.py:190} INFO - [2024-09-12T15:21:07.250+0000] {dagbag.py:587} INFO - Filling up the DagBag from /home/airflow/.local/lib/python3.12/site-packages/airflow/example_dags/example_dataset_alias_with_no_taskflow.py
[2024-09-12T15:21:07.450+0000] {processor.py:925} INFO - DAG(s) 'dataset_alias_example_alias_producer_with_no_taskflow', 'dataset_s3_bucket_producer_with_no_taskflow', 'dataset_s3_bucket_consumer_with_no_taskflow', 'dataset_alias_example_alias_consumer_with_no_taskflow' retrieved from /home/airflow/.local/lib/python3.12/site-packages/airflow/example_dags/example_dataset_alias_with_no_taskflow.py
[2024-09-12T15:21:07.466+0000] {logging_mixin.py:190} INFO - [2024-09-12T15:21:07.466+0000] {dag.py:3229} INFO - Sync 4 DAGs
[2024-09-12T15:21:07.490+0000] {logging_mixin.py:190} INFO - [2024-09-12T15:21:07.490+0000] {dag.py:4156} INFO - Setting next_dagrun for dataset_alias_example_alias_consumer_with_no_taskflow to None, run_after=None
[2024-09-12T15:21:07.497+0000] {logging_mixin.py:190} INFO - [2024-09-12T15:21:07.496+0000] {dag.py:4156} INFO - Setting next_dagrun for dataset_alias_example_alias_producer_with_no_taskflow to None, run_after=None
[2024-09-12T15:21:07.498+0000] {logging_mixin.py:190} INFO - [2024-09-12T15:21:07.498+0000] {dag.py:4156} INFO - Setting next_dagrun for dataset_s3_bucket_consumer_with_no_taskflow to None, run_after=None
[2024-09-12T15:21:07.499+0000] {logging_mixin.py:190} INFO - [2024-09-12T15:21:07.499+0000] {dag.py:4156} INFO - Setting next_dagrun for dataset_s3_bucket_producer_with_no_taskflow to None, run_after=None
[2024-09-12T15:21:07.516+0000] {processor.py:208} INFO - Processing /home/airflow/.local/lib/python3.12/site-packages/airflow/example_dags/example_dataset_alias_with_no_taskflow.py took 0.275 seconds
[2024-09-12T15:21:38.063+0000] {processor.py:186} INFO - Started process (PID=221) to work on /home/airflow/.local/lib/python3.12/site-packages/airflow/example_dags/example_dataset_alias_with_no_taskflow.py
[2024-09-12T15:21:38.065+0000] {processor.py:914} INFO - Processing file /home/airflow/.local/lib/python3.12/site-packages/airflow/example_dags/example_dataset_alias_with_no_taskflow.py for tasks to queue
[2024-09-12T15:21:38.068+0000] {logging_mixin.py:190} INFO - [2024-09-12T15:21:38.068+0000] {dagbag.py:587} INFO - Filling up the DagBag from /home/airflow/.local/lib/python3.12/site-packages/airflow/example_dags/example_dataset_alias_with_no_taskflow.py
[2024-09-12T15:21:38.280+0000] {processor.py:925} INFO - DAG(s) 'dataset_alias_example_alias_consumer_with_no_taskflow', 'dataset_s3_bucket_producer_with_no_taskflow', 'dataset_s3_bucket_consumer_with_no_taskflow', 'dataset_alias_example_alias_producer_with_no_taskflow' retrieved from /home/airflow/.local/lib/python3.12/site-packages/airflow/example_dags/example_dataset_alias_with_no_taskflow.py
[2024-09-12T15:21:38.293+0000] {logging_mixin.py:190} INFO - [2024-09-12T15:21:38.292+0000] {dag.py:3229} INFO - Sync 4 DAGs
[2024-09-12T15:21:38.307+0000] {logging_mixin.py:190} INFO - [2024-09-12T15:21:38.307+0000] {dag.py:4156} INFO - Setting next_dagrun for dataset_alias_example_alias_consumer_with_no_taskflow to None, run_after=None
[2024-09-12T15:21:38.311+0000] {logging_mixin.py:190} INFO - [2024-09-12T15:21:38.311+0000] {dag.py:4156} INFO - Setting next_dagrun for dataset_alias_example_alias_producer_with_no_taskflow to None, run_after=None
[2024-09-12T15:21:38.312+0000] {logging_mixin.py:190} INFO - [2024-09-12T15:21:38.312+0000] {dag.py:4156} INFO - Setting next_dagrun for dataset_s3_bucket_consumer_with_no_taskflow to None, run_after=None
[2024-09-12T15:21:38.313+0000] {logging_mixin.py:190} INFO - [2024-09-12T15:21:38.313+0000] {dag.py:4156} INFO - Setting next_dagrun for dataset_s3_bucket_producer_with_no_taskflow to None, run_after=None
[2024-09-12T15:21:38.333+0000] {processor.py:208} INFO - Processing /home/airflow/.local/lib/python3.12/site-packages/airflow/example_dags/example_dataset_alias_with_no_taskflow.py took 0.276 seconds
[2024-09-12T15:22:09.129+0000] {processor.py:186} INFO - Started process (PID=283) to work on /home/airflow/.local/lib/python3.12/site-packages/airflow/example_dags/example_dataset_alias_with_no_taskflow.py
[2024-09-12T15:22:09.130+0000] {processor.py:914} INFO - Processing file /home/airflow/.local/lib/python3.12/site-packages/airflow/example_dags/example_dataset_alias_with_no_taskflow.py for tasks to queue
[2024-09-12T15:22:09.134+0000] {logging_mixin.py:190} INFO - [2024-09-12T15:22:09.133+0000] {dagbag.py:587} INFO - Filling up the DagBag from /home/airflow/.local/lib/python3.12/site-packages/airflow/example_dags/example_dataset_alias_with_no_taskflow.py
[2024-09-12T15:22:09.311+0000] {processor.py:925} INFO - DAG(s) 'dataset_alias_example_alias_consumer_with_no_taskflow', 'dataset_alias_example_alias_producer_with_no_taskflow', 'dataset_s3_bucket_producer_with_no_taskflow', 'dataset_s3_bucket_consumer_with_no_taskflow' retrieved from /home/airflow/.local/lib/python3.12/site-packages/airflow/example_dags/example_dataset_alias_with_no_taskflow.py
[2024-09-12T15:22:09.330+0000] {logging_mixin.py:190} INFO - [2024-09-12T15:22:09.329+0000] {dag.py:3229} INFO - Sync 4 DAGs
[2024-09-12T15:22:09.350+0000] {logging_mixin.py:190} INFO - [2024-09-12T15:22:09.350+0000] {dag.py:4156} INFO - Setting next_dagrun for dataset_alias_example_alias_consumer_with_no_taskflow to None, run_after=None
[2024-09-12T15:22:09.352+0000] {logging_mixin.py:190} INFO - [2024-09-12T15:22:09.352+0000] {dag.py:4156} INFO - Setting next_dagrun for dataset_alias_example_alias_producer_with_no_taskflow to None, run_after=None
[2024-09-12T15:22:09.354+0000] {logging_mixin.py:190} INFO - [2024-09-12T15:22:09.354+0000] {dag.py:4156} INFO - Setting next_dagrun for dataset_s3_bucket_consumer_with_no_taskflow to None, run_after=None
[2024-09-12T15:22:09.355+0000] {logging_mixin.py:190} INFO - [2024-09-12T15:22:09.355+0000] {dag.py:4156} INFO - Setting next_dagrun for dataset_s3_bucket_producer_with_no_taskflow to None, run_after=None
[2024-09-12T15:22:09.371+0000] {processor.py:208} INFO - Processing /home/airflow/.local/lib/python3.12/site-packages/airflow/example_dags/example_dataset_alias_with_no_taskflow.py took 0.249 seconds
[2024-09-12T15:22:39.995+0000] {processor.py:186} INFO - Started process (PID=345) to work on /home/airflow/.local/lib/python3.12/site-packages/airflow/example_dags/example_dataset_alias_with_no_taskflow.py
[2024-09-12T15:22:39.996+0000] {processor.py:914} INFO - Processing file /home/airflow/.local/lib/python3.12/site-packages/airflow/example_dags/example_dataset_alias_with_no_taskflow.py for tasks to queue
[2024-09-12T15:22:39.999+0000] {logging_mixin.py:190} INFO - [2024-09-12T15:22:39.998+0000] {dagbag.py:587} INFO - Filling up the DagBag from /home/airflow/.local/lib/python3.12/site-packages/airflow/example_dags/example_dataset_alias_with_no_taskflow.py
[2024-09-12T15:22:40.128+0000] {processor.py:925} INFO - DAG(s) 'dataset_s3_bucket_producer_with_no_taskflow', 'dataset_s3_bucket_consumer_with_no_taskflow', 'dataset_alias_example_alias_consumer_with_no_taskflow', 'dataset_alias_example_alias_producer_with_no_taskflow' retrieved from /home/airflow/.local/lib/python3.12/site-packages/airflow/example_dags/example_dataset_alias_with_no_taskflow.py
[2024-09-12T15:22:40.139+0000] {logging_mixin.py:190} INFO - [2024-09-12T15:22:40.139+0000] {dag.py:3229} INFO - Sync 4 DAGs
[2024-09-12T15:22:40.154+0000] {logging_mixin.py:190} INFO - [2024-09-12T15:22:40.154+0000] {dag.py:4156} INFO - Setting next_dagrun for dataset_alias_example_alias_consumer_with_no_taskflow to None, run_after=None
[2024-09-12T15:22:40.156+0000] {logging_mixin.py:190} INFO - [2024-09-12T15:22:40.156+0000] {dag.py:4156} INFO - Setting next_dagrun for dataset_alias_example_alias_producer_with_no_taskflow to None, run_after=None
[2024-09-12T15:22:40.157+0000] {logging_mixin.py:190} INFO - [2024-09-12T15:22:40.157+0000] {dag.py:4156} INFO - Setting next_dagrun for dataset_s3_bucket_consumer_with_no_taskflow to None, run_after=None
[2024-09-12T15:22:40.158+0000] {logging_mixin.py:190} INFO - [2024-09-12T15:22:40.158+0000] {dag.py:4156} INFO - Setting next_dagrun for dataset_s3_bucket_producer_with_no_taskflow to None, run_after=None
[2024-09-12T15:22:40.171+0000] {processor.py:208} INFO - Processing /home/airflow/.local/lib/python3.12/site-packages/airflow/example_dags/example_dataset_alias_with_no_taskflow.py took 0.181 seconds
[2024-09-12T15:23:11.159+0000] {processor.py:186} INFO - Started process (PID=407) to work on /home/airflow/.local/lib/python3.12/site-packages/airflow/example_dags/example_dataset_alias_with_no_taskflow.py
[2024-09-12T15:23:11.161+0000] {processor.py:914} INFO - Processing file /home/airflow/.local/lib/python3.12/site-packages/airflow/example_dags/example_dataset_alias_with_no_taskflow.py for tasks to queue
[2024-09-12T15:23:11.168+0000] {logging_mixin.py:190} INFO - [2024-09-12T15:23:11.167+0000] {dagbag.py:587} INFO - Filling up the DagBag from /home/airflow/.local/lib/python3.12/site-packages/airflow/example_dags/example_dataset_alias_with_no_taskflow.py
[2024-09-12T15:23:11.327+0000] {processor.py:925} INFO - DAG(s) 'dataset_alias_example_alias_consumer_with_no_taskflow', 'dataset_alias_example_alias_producer_with_no_taskflow', 'dataset_s3_bucket_producer_with_no_taskflow', 'dataset_s3_bucket_consumer_with_no_taskflow' retrieved from /home/airflow/.local/lib/python3.12/site-packages/airflow/example_dags/example_dataset_alias_with_no_taskflow.py
[2024-09-12T15:23:11.342+0000] {logging_mixin.py:190} INFO - [2024-09-12T15:23:11.342+0000] {dag.py:3229} INFO - Sync 4 DAGs
[2024-09-12T15:23:11.361+0000] {logging_mixin.py:190} INFO - [2024-09-12T15:23:11.361+0000] {dag.py:4156} INFO - Setting next_dagrun for dataset_alias_example_alias_consumer_with_no_taskflow to None, run_after=None
[2024-09-12T15:23:11.364+0000] {logging_mixin.py:190} INFO - [2024-09-12T15:23:11.364+0000] {dag.py:4156} INFO - Setting next_dagrun for dataset_alias_example_alias_producer_with_no_taskflow to None, run_after=None
[2024-09-12T15:23:11.365+0000] {logging_mixin.py:190} INFO - [2024-09-12T15:23:11.365+0000] {dag.py:4156} INFO - Setting next_dagrun for dataset_s3_bucket_consumer_with_no_taskflow to None, run_after=None
[2024-09-12T15:23:11.366+0000] {logging_mixin.py:190} INFO - [2024-09-12T15:23:11.366+0000] {dag.py:4156} INFO - Setting next_dagrun for dataset_s3_bucket_producer_with_no_taskflow to None, run_after=None
[2024-09-12T15:23:11.382+0000] {processor.py:208} INFO - Processing /home/airflow/.local/lib/python3.12/site-packages/airflow/example_dags/example_dataset_alias_with_no_taskflow.py took 0.230 seconds
[2024-09-12T15:23:41.526+0000] {processor.py:186} INFO - Started process (PID=469) to work on /home/airflow/.local/lib/python3.12/site-packages/airflow/example_dags/example_dataset_alias_with_no_taskflow.py
[2024-09-12T15:23:41.528+0000] {processor.py:914} INFO - Processing file /home/airflow/.local/lib/python3.12/site-packages/airflow/example_dags/example_dataset_alias_with_no_taskflow.py for tasks to queue
[2024-09-12T15:23:41.531+0000] {logging_mixin.py:190} INFO - [2024-09-12T15:23:41.530+0000] {dagbag.py:587} INFO - Filling up the DagBag from /home/airflow/.local/lib/python3.12/site-packages/airflow/example_dags/example_dataset_alias_with_no_taskflow.py
[2024-09-12T15:23:41.683+0000] {processor.py:925} INFO - DAG(s) 'dataset_s3_bucket_producer_with_no_taskflow', 'dataset_s3_bucket_consumer_with_no_taskflow', 'dataset_alias_example_alias_consumer_with_no_taskflow', 'dataset_alias_example_alias_producer_with_no_taskflow' retrieved from /home/airflow/.local/lib/python3.12/site-packages/airflow/example_dags/example_dataset_alias_with_no_taskflow.py
[2024-09-12T15:23:41.695+0000] {logging_mixin.py:190} INFO - [2024-09-12T15:23:41.695+0000] {dag.py:3229} INFO - Sync 4 DAGs
[2024-09-12T15:23:41.709+0000] {logging_mixin.py:190} INFO - [2024-09-12T15:23:41.709+0000] {dag.py:4156} INFO - Setting next_dagrun for dataset_alias_example_alias_consumer_with_no_taskflow to None, run_after=None
[2024-09-12T15:23:41.711+0000] {logging_mixin.py:190} INFO - [2024-09-12T15:23:41.711+0000] {dag.py:4156} INFO - Setting next_dagrun for dataset_alias_example_alias_producer_with_no_taskflow to None, run_after=None
[2024-09-12T15:23:41.712+0000] {logging_mixin.py:190} INFO - [2024-09-12T15:23:41.712+0000] {dag.py:4156} INFO - Setting next_dagrun for dataset_s3_bucket_consumer_with_no_taskflow to None, run_after=None
[2024-09-12T15:23:41.713+0000] {logging_mixin.py:190} INFO - [2024-09-12T15:23:41.713+0000] {dag.py:4156} INFO - Setting next_dagrun for dataset_s3_bucket_producer_with_no_taskflow to None, run_after=None
[2024-09-12T15:23:41.727+0000] {processor.py:208} INFO - Processing /home/airflow/.local/lib/python3.12/site-packages/airflow/example_dags/example_dataset_alias_with_no_taskflow.py took 0.206 seconds
[2024-09-12T15:24:11.793+0000] {processor.py:186} INFO - Started process (PID=530) to work on /home/airflow/.local/lib/python3.12/site-packages/airflow/example_dags/example_dataset_alias_with_no_taskflow.py
[2024-09-12T15:24:11.795+0000] {processor.py:914} INFO - Processing file /home/airflow/.local/lib/python3.12/site-packages/airflow/example_dags/example_dataset_alias_with_no_taskflow.py for tasks to queue
[2024-09-12T15:24:11.798+0000] {logging_mixin.py:190} INFO - [2024-09-12T15:24:11.798+0000] {dagbag.py:587} INFO - Filling up the DagBag from /home/airflow/.local/lib/python3.12/site-packages/airflow/example_dags/example_dataset_alias_with_no_taskflow.py
[2024-09-12T15:24:12.001+0000] {processor.py:925} INFO - DAG(s) 'dataset_alias_example_alias_consumer_with_no_taskflow', 'dataset_s3_bucket_consumer_with_no_taskflow', 'dataset_s3_bucket_producer_with_no_taskflow', 'dataset_alias_example_alias_producer_with_no_taskflow' retrieved from /home/airflow/.local/lib/python3.12/site-packages/airflow/example_dags/example_dataset_alias_with_no_taskflow.py
[2024-09-12T15:24:12.030+0000] {logging_mixin.py:190} INFO - [2024-09-12T15:24:12.030+0000] {dag.py:3229} INFO - Sync 4 DAGs
[2024-09-12T15:24:12.052+0000] {logging_mixin.py:190} INFO - [2024-09-12T15:24:12.051+0000] {dag.py:4156} INFO - Setting next_dagrun for dataset_alias_example_alias_consumer_with_no_taskflow to None, run_after=None
[2024-09-12T15:24:12.055+0000] {logging_mixin.py:190} INFO - [2024-09-12T15:24:12.055+0000] {dag.py:4156} INFO - Setting next_dagrun for dataset_alias_example_alias_producer_with_no_taskflow to None, run_after=None
[2024-09-12T15:24:12.057+0000] {logging_mixin.py:190} INFO - [2024-09-12T15:24:12.057+0000] {dag.py:4156} INFO - Setting next_dagrun for dataset_s3_bucket_consumer_with_no_taskflow to None, run_after=None
[2024-09-12T15:24:12.060+0000] {logging_mixin.py:190} INFO - [2024-09-12T15:24:12.059+0000] {dag.py:4156} INFO - Setting next_dagrun for dataset_s3_bucket_producer_with_no_taskflow to None, run_after=None
[2024-09-12T15:24:12.076+0000] {processor.py:208} INFO - Processing /home/airflow/.local/lib/python3.12/site-packages/airflow/example_dags/example_dataset_alias_with_no_taskflow.py took 0.289 seconds
[2024-09-12T15:24:42.695+0000] {processor.py:186} INFO - Started process (PID=592) to work on /home/airflow/.local/lib/python3.12/site-packages/airflow/example_dags/example_dataset_alias_with_no_taskflow.py
[2024-09-12T15:24:42.697+0000] {processor.py:914} INFO - Processing file /home/airflow/.local/lib/python3.12/site-packages/airflow/example_dags/example_dataset_alias_with_no_taskflow.py for tasks to queue
[2024-09-12T15:24:42.700+0000] {logging_mixin.py:190} INFO - [2024-09-12T15:24:42.700+0000] {dagbag.py:587} INFO - Filling up the DagBag from /home/airflow/.local/lib/python3.12/site-packages/airflow/example_dags/example_dataset_alias_with_no_taskflow.py
[2024-09-12T15:24:42.841+0000] {processor.py:925} INFO - DAG(s) 'dataset_s3_bucket_producer_with_no_taskflow', 'dataset_alias_example_alias_consumer_with_no_taskflow', 'dataset_alias_example_alias_producer_with_no_taskflow', 'dataset_s3_bucket_consumer_with_no_taskflow' retrieved from /home/airflow/.local/lib/python3.12/site-packages/airflow/example_dags/example_dataset_alias_with_no_taskflow.py
[2024-09-12T15:24:42.854+0000] {logging_mixin.py:190} INFO - [2024-09-12T15:24:42.854+0000] {dag.py:3229} INFO - Sync 4 DAGs
[2024-09-12T15:24:42.870+0000] {logging_mixin.py:190} INFO - [2024-09-12T15:24:42.870+0000] {dag.py:4156} INFO - Setting next_dagrun for dataset_alias_example_alias_consumer_with_no_taskflow to None, run_after=None
[2024-09-12T15:24:42.873+0000] {logging_mixin.py:190} INFO - [2024-09-12T15:24:42.872+0000] {dag.py:4156} INFO - Setting next_dagrun for dataset_alias_example_alias_producer_with_no_taskflow to None, run_after=None
[2024-09-12T15:24:42.874+0000] {logging_mixin.py:190} INFO - [2024-09-12T15:24:42.874+0000] {dag.py:4156} INFO - Setting next_dagrun for dataset_s3_bucket_consumer_with_no_taskflow to None, run_after=None
[2024-09-12T15:24:42.876+0000] {logging_mixin.py:190} INFO - [2024-09-12T15:24:42.876+0000] {dag.py:4156} INFO - Setting next_dagrun for dataset_s3_bucket_producer_with_no_taskflow to None, run_after=None
[2024-09-12T15:24:42.894+0000] {processor.py:208} INFO - Processing /home/airflow/.local/lib/python3.12/site-packages/airflow/example_dags/example_dataset_alias_with_no_taskflow.py took 0.209 seconds
[2024-09-12T15:25:13.020+0000] {processor.py:186} INFO - Started process (PID=654) to work on /home/airflow/.local/lib/python3.12/site-packages/airflow/example_dags/example_dataset_alias_with_no_taskflow.py
[2024-09-12T15:25:13.023+0000] {processor.py:914} INFO - Processing file /home/airflow/.local/lib/python3.12/site-packages/airflow/example_dags/example_dataset_alias_with_no_taskflow.py for tasks to queue
[2024-09-12T15:25:13.027+0000] {logging_mixin.py:190} INFO - [2024-09-12T15:25:13.026+0000] {dagbag.py:587} INFO - Filling up the DagBag from /home/airflow/.local/lib/python3.12/site-packages/airflow/example_dags/example_dataset_alias_with_no_taskflow.py
[2024-09-12T15:25:13.177+0000] {processor.py:925} INFO - DAG(s) 'dataset_alias_example_alias_consumer_with_no_taskflow', 'dataset_s3_bucket_producer_with_no_taskflow', 'dataset_alias_example_alias_producer_with_no_taskflow', 'dataset_s3_bucket_consumer_with_no_taskflow' retrieved from /home/airflow/.local/lib/python3.12/site-packages/airflow/example_dags/example_dataset_alias_with_no_taskflow.py
[2024-09-12T15:25:13.190+0000] {logging_mixin.py:190} INFO - [2024-09-12T15:25:13.190+0000] {dag.py:3229} INFO - Sync 4 DAGs
[2024-09-12T15:25:13.205+0000] {logging_mixin.py:190} INFO - [2024-09-12T15:25:13.205+0000] {dag.py:4156} INFO - Setting next_dagrun for dataset_alias_example_alias_consumer_with_no_taskflow to None, run_after=None
[2024-09-12T15:25:13.209+0000] {logging_mixin.py:190} INFO - [2024-09-12T15:25:13.209+0000] {dag.py:4156} INFO - Setting next_dagrun for dataset_alias_example_alias_producer_with_no_taskflow to None, run_after=None
[2024-09-12T15:25:13.211+0000] {logging_mixin.py:190} INFO - [2024-09-12T15:25:13.211+0000] {dag.py:4156} INFO - Setting next_dagrun for dataset_s3_bucket_consumer_with_no_taskflow to None, run_after=None
[2024-09-12T15:25:13.213+0000] {logging_mixin.py:190} INFO - [2024-09-12T15:25:13.213+0000] {dag.py:4156} INFO - Setting next_dagrun for dataset_s3_bucket_producer_with_no_taskflow to None, run_after=None
[2024-09-12T15:25:13.230+0000] {processor.py:208} INFO - Processing /home/airflow/.local/lib/python3.12/site-packages/airflow/example_dags/example_dataset_alias_with_no_taskflow.py took 0.219 seconds
[2024-09-12T15:25:43.342+0000] {processor.py:186} INFO - Started process (PID=716) to work on /home/airflow/.local/lib/python3.12/site-packages/airflow/example_dags/example_dataset_alias_with_no_taskflow.py
[2024-09-12T15:25:43.345+0000] {processor.py:914} INFO - Processing file /home/airflow/.local/lib/python3.12/site-packages/airflow/example_dags/example_dataset_alias_with_no_taskflow.py for tasks to queue
[2024-09-12T15:25:43.349+0000] {logging_mixin.py:190} INFO - [2024-09-12T15:25:43.348+0000] {dagbag.py:587} INFO - Filling up the DagBag from /home/airflow/.local/lib/python3.12/site-packages/airflow/example_dags/example_dataset_alias_with_no_taskflow.py
[2024-09-12T15:25:43.466+0000] {processor.py:925} INFO - DAG(s) 'dataset_s3_bucket_consumer_with_no_taskflow', 'dataset_alias_example_alias_consumer_with_no_taskflow', 'dataset_alias_example_alias_producer_with_no_taskflow', 'dataset_s3_bucket_producer_with_no_taskflow' retrieved from /home/airflow/.local/lib/python3.12/site-packages/airflow/example_dags/example_dataset_alias_with_no_taskflow.py
[2024-09-12T15:25:43.479+0000] {logging_mixin.py:190} INFO - [2024-09-12T15:25:43.479+0000] {dag.py:3229} INFO - Sync 4 DAGs
[2024-09-12T15:25:43.493+0000] {logging_mixin.py:190} INFO - [2024-09-12T15:25:43.493+0000] {dag.py:4156} INFO - Setting next_dagrun for dataset_alias_example_alias_consumer_with_no_taskflow to None, run_after=None
[2024-09-12T15:25:43.496+0000] {logging_mixin.py:190} INFO - [2024-09-12T15:25:43.495+0000] {dag.py:4156} INFO - Setting next_dagrun for dataset_alias_example_alias_producer_with_no_taskflow to None, run_after=None
[2024-09-12T15:25:43.498+0000] {logging_mixin.py:190} INFO - [2024-09-12T15:25:43.497+0000] {dag.py:4156} INFO - Setting next_dagrun for dataset_s3_bucket_consumer_with_no_taskflow to None, run_after=None
[2024-09-12T15:25:43.499+0000] {logging_mixin.py:190} INFO - [2024-09-12T15:25:43.499+0000] {dag.py:4156} INFO - Setting next_dagrun for dataset_s3_bucket_producer_with_no_taskflow to None, run_after=None
[2024-09-12T15:25:43.513+0000] {processor.py:208} INFO - Processing /home/airflow/.local/lib/python3.12/site-packages/airflow/example_dags/example_dataset_alias_with_no_taskflow.py took 0.180 seconds
[2024-09-12T15:26:13.615+0000] {processor.py:186} INFO - Started process (PID=778) to work on /home/airflow/.local/lib/python3.12/site-packages/airflow/example_dags/example_dataset_alias_with_no_taskflow.py
[2024-09-12T15:26:13.618+0000] {processor.py:914} INFO - Processing file /home/airflow/.local/lib/python3.12/site-packages/airflow/example_dags/example_dataset_alias_with_no_taskflow.py for tasks to queue
[2024-09-12T15:26:13.623+0000] {logging_mixin.py:190} INFO - [2024-09-12T15:26:13.622+0000] {dagbag.py:587} INFO - Filling up the DagBag from /home/airflow/.local/lib/python3.12/site-packages/airflow/example_dags/example_dataset_alias_with_no_taskflow.py
[2024-09-12T15:26:13.754+0000] {processor.py:925} INFO - DAG(s) 'dataset_s3_bucket_producer_with_no_taskflow', 'dataset_alias_example_alias_producer_with_no_taskflow', 'dataset_s3_bucket_consumer_with_no_taskflow', 'dataset_alias_example_alias_consumer_with_no_taskflow' retrieved from /home/airflow/.local/lib/python3.12/site-packages/airflow/example_dags/example_dataset_alias_with_no_taskflow.py
[2024-09-12T15:26:13.767+0000] {logging_mixin.py:190} INFO - [2024-09-12T15:26:13.767+0000] {dag.py:3229} INFO - Sync 4 DAGs
[2024-09-12T15:26:13.780+0000] {logging_mixin.py:190} INFO - [2024-09-12T15:26:13.780+0000] {dag.py:4156} INFO - Setting next_dagrun for dataset_alias_example_alias_consumer_with_no_taskflow to None, run_after=None
[2024-09-12T15:26:13.783+0000] {logging_mixin.py:190} INFO - [2024-09-12T15:26:13.782+0000] {dag.py:4156} INFO - Setting next_dagrun for dataset_alias_example_alias_producer_with_no_taskflow to None, run_after=None
[2024-09-12T15:26:13.784+0000] {logging_mixin.py:190} INFO - [2024-09-12T15:26:13.784+0000] {dag.py:4156} INFO - Setting next_dagrun for dataset_s3_bucket_consumer_with_no_taskflow to None, run_after=None
[2024-09-12T15:26:13.785+0000] {logging_mixin.py:190} INFO - [2024-09-12T15:26:13.785+0000] {dag.py:4156} INFO - Setting next_dagrun for dataset_s3_bucket_producer_with_no_taskflow to None, run_after=None
[2024-09-12T15:26:13.798+0000] {processor.py:208} INFO - Processing /home/airflow/.local/lib/python3.12/site-packages/airflow/example_dags/example_dataset_alias_with_no_taskflow.py took 0.190 seconds
[2024-09-12T15:26:44.778+0000] {processor.py:186} INFO - Started process (PID=840) to work on /home/airflow/.local/lib/python3.12/site-packages/airflow/example_dags/example_dataset_alias_with_no_taskflow.py
[2024-09-12T15:26:44.780+0000] {processor.py:914} INFO - Processing file /home/airflow/.local/lib/python3.12/site-packages/airflow/example_dags/example_dataset_alias_with_no_taskflow.py for tasks to queue
[2024-09-12T15:26:44.783+0000] {logging_mixin.py:190} INFO - [2024-09-12T15:26:44.783+0000] {dagbag.py:587} INFO - Filling up the DagBag from /home/airflow/.local/lib/python3.12/site-packages/airflow/example_dags/example_dataset_alias_with_no_taskflow.py
[2024-09-12T15:26:44.893+0000] {processor.py:925} INFO - DAG(s) 'dataset_alias_example_alias_consumer_with_no_taskflow', 'dataset_s3_bucket_producer_with_no_taskflow', 'dataset_alias_example_alias_producer_with_no_taskflow', 'dataset_s3_bucket_consumer_with_no_taskflow' retrieved from /home/airflow/.local/lib/python3.12/site-packages/airflow/example_dags/example_dataset_alias_with_no_taskflow.py
[2024-09-12T15:26:44.905+0000] {logging_mixin.py:190} INFO - [2024-09-12T15:26:44.905+0000] {dag.py:3229} INFO - Sync 4 DAGs
[2024-09-12T15:26:44.923+0000] {logging_mixin.py:190} INFO - [2024-09-12T15:26:44.923+0000] {dag.py:4156} INFO - Setting next_dagrun for dataset_alias_example_alias_consumer_with_no_taskflow to None, run_after=None
[2024-09-12T15:26:44.926+0000] {logging_mixin.py:190} INFO - [2024-09-12T15:26:44.926+0000] {dag.py:4156} INFO - Setting next_dagrun for dataset_alias_example_alias_producer_with_no_taskflow to None, run_after=None
[2024-09-12T15:26:44.927+0000] {logging_mixin.py:190} INFO - [2024-09-12T15:26:44.927+0000] {dag.py:4156} INFO - Setting next_dagrun for dataset_s3_bucket_consumer_with_no_taskflow to None, run_after=None
[2024-09-12T15:26:44.932+0000] {logging_mixin.py:190} INFO - [2024-09-12T15:26:44.932+0000] {dag.py:4156} INFO - Setting next_dagrun for dataset_s3_bucket_producer_with_no_taskflow to None, run_after=None
[2024-09-12T15:26:44.945+0000] {processor.py:208} INFO - Processing /home/airflow/.local/lib/python3.12/site-packages/airflow/example_dags/example_dataset_alias_with_no_taskflow.py took 0.174 seconds
[2024-09-12T15:27:15.040+0000] {processor.py:186} INFO - Started process (PID=908) to work on /home/airflow/.local/lib/python3.12/site-packages/airflow/example_dags/example_dataset_alias_with_no_taskflow.py
[2024-09-12T15:27:15.042+0000] {processor.py:914} INFO - Processing file /home/airflow/.local/lib/python3.12/site-packages/airflow/example_dags/example_dataset_alias_with_no_taskflow.py for tasks to queue
[2024-09-12T15:27:15.044+0000] {logging_mixin.py:190} INFO - [2024-09-12T15:27:15.044+0000] {dagbag.py:587} INFO - Filling up the DagBag from /home/airflow/.local/lib/python3.12/site-packages/airflow/example_dags/example_dataset_alias_with_no_taskflow.py
[2024-09-12T15:27:15.142+0000] {processor.py:925} INFO - DAG(s) 'dataset_alias_example_alias_consumer_with_no_taskflow', 'dataset_s3_bucket_consumer_with_no_taskflow', 'dataset_alias_example_alias_producer_with_no_taskflow', 'dataset_s3_bucket_producer_with_no_taskflow' retrieved from /home/airflow/.local/lib/python3.12/site-packages/airflow/example_dags/example_dataset_alias_with_no_taskflow.py
[2024-09-12T15:27:15.155+0000] {logging_mixin.py:190} INFO - [2024-09-12T15:27:15.155+0000] {dag.py:3229} INFO - Sync 4 DAGs
[2024-09-12T15:27:15.169+0000] {logging_mixin.py:190} INFO - [2024-09-12T15:27:15.169+0000] {dag.py:4156} INFO - Setting next_dagrun for dataset_alias_example_alias_consumer_with_no_taskflow to None, run_after=None
[2024-09-12T15:27:15.171+0000] {logging_mixin.py:190} INFO - [2024-09-12T15:27:15.171+0000] {dag.py:4156} INFO - Setting next_dagrun for dataset_alias_example_alias_producer_with_no_taskflow to None, run_after=None
[2024-09-12T15:27:15.172+0000] {logging_mixin.py:190} INFO - [2024-09-12T15:27:15.172+0000] {dag.py:4156} INFO - Setting next_dagrun for dataset_s3_bucket_consumer_with_no_taskflow to None, run_after=None
[2024-09-12T15:27:15.173+0000] {logging_mixin.py:190} INFO - [2024-09-12T15:27:15.173+0000] {dag.py:4156} INFO - Setting next_dagrun for dataset_s3_bucket_producer_with_no_taskflow to None, run_after=None
[2024-09-12T15:27:15.185+0000] {processor.py:208} INFO - Processing /home/airflow/.local/lib/python3.12/site-packages/airflow/example_dags/example_dataset_alias_with_no_taskflow.py took 0.149 seconds
[2024-09-12T15:27:45.242+0000] {processor.py:186} INFO - Started process (PID=970) to work on /home/airflow/.local/lib/python3.12/site-packages/airflow/example_dags/example_dataset_alias_with_no_taskflow.py
[2024-09-12T15:27:45.243+0000] {processor.py:914} INFO - Processing file /home/airflow/.local/lib/python3.12/site-packages/airflow/example_dags/example_dataset_alias_with_no_taskflow.py for tasks to queue
[2024-09-12T15:27:45.246+0000] {logging_mixin.py:190} INFO - [2024-09-12T15:27:45.245+0000] {dagbag.py:587} INFO - Filling up the DagBag from /home/airflow/.local/lib/python3.12/site-packages/airflow/example_dags/example_dataset_alias_with_no_taskflow.py
[2024-09-12T15:27:45.455+0000] {processor.py:925} INFO - DAG(s) 'dataset_alias_example_alias_producer_with_no_taskflow', 'dataset_s3_bucket_consumer_with_no_taskflow', 'dataset_alias_example_alias_consumer_with_no_taskflow', 'dataset_s3_bucket_producer_with_no_taskflow' retrieved from /home/airflow/.local/lib/python3.12/site-packages/airflow/example_dags/example_dataset_alias_with_no_taskflow.py
[2024-09-12T15:27:45.469+0000] {logging_mixin.py:190} INFO - [2024-09-12T15:27:45.469+0000] {dag.py:3229} INFO - Sync 4 DAGs
[2024-09-12T15:27:45.485+0000] {logging_mixin.py:190} INFO - [2024-09-12T15:27:45.485+0000] {dag.py:4156} INFO - Setting next_dagrun for dataset_alias_example_alias_consumer_with_no_taskflow to None, run_after=None
[2024-09-12T15:27:45.488+0000] {logging_mixin.py:190} INFO - [2024-09-12T15:27:45.488+0000] {dag.py:4156} INFO - Setting next_dagrun for dataset_alias_example_alias_producer_with_no_taskflow to None, run_after=None
[2024-09-12T15:27:45.489+0000] {logging_mixin.py:190} INFO - [2024-09-12T15:27:45.489+0000] {dag.py:4156} INFO - Setting next_dagrun for dataset_s3_bucket_consumer_with_no_taskflow to None, run_after=None
[2024-09-12T15:27:45.490+0000] {logging_mixin.py:190} INFO - [2024-09-12T15:27:45.490+0000] {dag.py:4156} INFO - Setting next_dagrun for dataset_s3_bucket_producer_with_no_taskflow to None, run_after=None
[2024-09-12T15:27:45.504+0000] {processor.py:208} INFO - Processing /home/airflow/.local/lib/python3.12/site-packages/airflow/example_dags/example_dataset_alias_with_no_taskflow.py took 0.267 seconds
[2024-09-12T15:28:16.416+0000] {processor.py:186} INFO - Started process (PID=1032) to work on /home/airflow/.local/lib/python3.12/site-packages/airflow/example_dags/example_dataset_alias_with_no_taskflow.py
[2024-09-12T15:28:16.418+0000] {processor.py:914} INFO - Processing file /home/airflow/.local/lib/python3.12/site-packages/airflow/example_dags/example_dataset_alias_with_no_taskflow.py for tasks to queue
[2024-09-12T15:28:16.422+0000] {logging_mixin.py:190} INFO - [2024-09-12T15:28:16.421+0000] {dagbag.py:587} INFO - Filling up the DagBag from /home/airflow/.local/lib/python3.12/site-packages/airflow/example_dags/example_dataset_alias_with_no_taskflow.py
[2024-09-12T15:28:16.555+0000] {processor.py:925} INFO - DAG(s) 'dataset_alias_example_alias_consumer_with_no_taskflow', 'dataset_s3_bucket_producer_with_no_taskflow', 'dataset_s3_bucket_consumer_with_no_taskflow', 'dataset_alias_example_alias_producer_with_no_taskflow' retrieved from /home/airflow/.local/lib/python3.12/site-packages/airflow/example_dags/example_dataset_alias_with_no_taskflow.py
[2024-09-12T15:28:16.570+0000] {logging_mixin.py:190} INFO - [2024-09-12T15:28:16.570+0000] {dag.py:3229} INFO - Sync 4 DAGs
[2024-09-12T15:28:16.588+0000] {logging_mixin.py:190} INFO - [2024-09-12T15:28:16.588+0000] {dag.py:4156} INFO - Setting next_dagrun for dataset_alias_example_alias_consumer_with_no_taskflow to None, run_after=None
[2024-09-12T15:28:16.591+0000] {logging_mixin.py:190} INFO - [2024-09-12T15:28:16.590+0000] {dag.py:4156} INFO - Setting next_dagrun for dataset_alias_example_alias_producer_with_no_taskflow to None, run_after=None
[2024-09-12T15:28:16.592+0000] {logging_mixin.py:190} INFO - [2024-09-12T15:28:16.592+0000] {dag.py:4156} INFO - Setting next_dagrun for dataset_s3_bucket_consumer_with_no_taskflow to None, run_after=None
[2024-09-12T15:28:16.593+0000] {logging_mixin.py:190} INFO - [2024-09-12T15:28:16.593+0000] {dag.py:4156} INFO - Setting next_dagrun for dataset_s3_bucket_producer_with_no_taskflow to None, run_after=None
[2024-09-12T15:28:16.609+0000] {processor.py:208} INFO - Processing /home/airflow/.local/lib/python3.12/site-packages/airflow/example_dags/example_dataset_alias_with_no_taskflow.py took 0.200 seconds
[2024-09-12T15:28:47.025+0000] {processor.py:186} INFO - Started process (PID=1094) to work on /home/airflow/.local/lib/python3.12/site-packages/airflow/example_dags/example_dataset_alias_with_no_taskflow.py
[2024-09-12T15:28:47.028+0000] {processor.py:914} INFO - Processing file /home/airflow/.local/lib/python3.12/site-packages/airflow/example_dags/example_dataset_alias_with_no_taskflow.py for tasks to queue
[2024-09-12T15:28:47.031+0000] {logging_mixin.py:190} INFO - [2024-09-12T15:28:47.031+0000] {dagbag.py:587} INFO - Filling up the DagBag from /home/airflow/.local/lib/python3.12/site-packages/airflow/example_dags/example_dataset_alias_with_no_taskflow.py
[2024-09-12T15:28:47.158+0000] {processor.py:925} INFO - DAG(s) 'dataset_s3_bucket_producer_with_no_taskflow', 'dataset_s3_bucket_consumer_with_no_taskflow', 'dataset_alias_example_alias_producer_with_no_taskflow', 'dataset_alias_example_alias_consumer_with_no_taskflow' retrieved from /home/airflow/.local/lib/python3.12/site-packages/airflow/example_dags/example_dataset_alias_with_no_taskflow.py
[2024-09-12T15:28:47.171+0000] {logging_mixin.py:190} INFO - [2024-09-12T15:28:47.171+0000] {dag.py:3229} INFO - Sync 4 DAGs
[2024-09-12T15:28:47.185+0000] {logging_mixin.py:190} INFO - [2024-09-12T15:28:47.185+0000] {dag.py:4156} INFO - Setting next_dagrun for dataset_alias_example_alias_consumer_with_no_taskflow to None, run_after=None
[2024-09-12T15:28:47.187+0000] {logging_mixin.py:190} INFO - [2024-09-12T15:28:47.187+0000] {dag.py:4156} INFO - Setting next_dagrun for dataset_alias_example_alias_producer_with_no_taskflow to None, run_after=None
[2024-09-12T15:28:47.189+0000] {logging_mixin.py:190} INFO - [2024-09-12T15:28:47.189+0000] {dag.py:4156} INFO - Setting next_dagrun for dataset_s3_bucket_consumer_with_no_taskflow to None, run_after=None
[2024-09-12T15:28:47.190+0000] {logging_mixin.py:190} INFO - [2024-09-12T15:28:47.190+0000] {dag.py:4156} INFO - Setting next_dagrun for dataset_s3_bucket_producer_with_no_taskflow to None, run_after=None
[2024-09-12T15:28:47.203+0000] {processor.py:208} INFO - Processing /home/airflow/.local/lib/python3.12/site-packages/airflow/example_dags/example_dataset_alias_with_no_taskflow.py took 0.187 seconds
[2024-09-12T15:29:17.316+0000] {processor.py:186} INFO - Started process (PID=1156) to work on /home/airflow/.local/lib/python3.12/site-packages/airflow/example_dags/example_dataset_alias_with_no_taskflow.py
[2024-09-12T15:29:17.319+0000] {processor.py:914} INFO - Processing file /home/airflow/.local/lib/python3.12/site-packages/airflow/example_dags/example_dataset_alias_with_no_taskflow.py for tasks to queue
[2024-09-12T15:29:17.325+0000] {logging_mixin.py:190} INFO - [2024-09-12T15:29:17.325+0000] {dagbag.py:587} INFO - Filling up the DagBag from /home/airflow/.local/lib/python3.12/site-packages/airflow/example_dags/example_dataset_alias_with_no_taskflow.py
[2024-09-12T15:29:17.487+0000] {processor.py:925} INFO - DAG(s) 'dataset_alias_example_alias_producer_with_no_taskflow', 'dataset_s3_bucket_consumer_with_no_taskflow', 'dataset_alias_example_alias_consumer_with_no_taskflow', 'dataset_s3_bucket_producer_with_no_taskflow' retrieved from /home/airflow/.local/lib/python3.12/site-packages/airflow/example_dags/example_dataset_alias_with_no_taskflow.py
[2024-09-12T15:29:17.505+0000] {logging_mixin.py:190} INFO - [2024-09-12T15:29:17.504+0000] {dag.py:3229} INFO - Sync 4 DAGs
[2024-09-12T15:29:17.526+0000] {logging_mixin.py:190} INFO - [2024-09-12T15:29:17.526+0000] {dag.py:4156} INFO - Setting next_dagrun for dataset_alias_example_alias_consumer_with_no_taskflow to None, run_after=None
[2024-09-12T15:29:17.528+0000] {logging_mixin.py:190} INFO - [2024-09-12T15:29:17.528+0000] {dag.py:4156} INFO - Setting next_dagrun for dataset_alias_example_alias_producer_with_no_taskflow to None, run_after=None
[2024-09-12T15:29:17.530+0000] {logging_mixin.py:190} INFO - [2024-09-12T15:29:17.530+0000] {dag.py:4156} INFO - Setting next_dagrun for dataset_s3_bucket_consumer_with_no_taskflow to None, run_after=None
[2024-09-12T15:29:17.531+0000] {logging_mixin.py:190} INFO - [2024-09-12T15:29:17.531+0000] {dag.py:4156} INFO - Setting next_dagrun for dataset_s3_bucket_producer_with_no_taskflow to None, run_after=None
[2024-09-12T15:29:17.548+0000] {processor.py:208} INFO - Processing /home/airflow/.local/lib/python3.12/site-packages/airflow/example_dags/example_dataset_alias_with_no_taskflow.py took 0.241 seconds
[2024-09-12T15:29:47.781+0000] {processor.py:186} INFO - Started process (PID=1218) to work on /home/airflow/.local/lib/python3.12/site-packages/airflow/example_dags/example_dataset_alias_with_no_taskflow.py
[2024-09-12T15:29:47.785+0000] {processor.py:914} INFO - Processing file /home/airflow/.local/lib/python3.12/site-packages/airflow/example_dags/example_dataset_alias_with_no_taskflow.py for tasks to queue
[2024-09-12T15:29:47.790+0000] {logging_mixin.py:190} INFO - [2024-09-12T15:29:47.789+0000] {dagbag.py:587} INFO - Filling up the DagBag from /home/airflow/.local/lib/python3.12/site-packages/airflow/example_dags/example_dataset_alias_with_no_taskflow.py
[2024-09-12T15:29:47.932+0000] {processor.py:925} INFO - DAG(s) 'dataset_alias_example_alias_consumer_with_no_taskflow', 'dataset_s3_bucket_producer_with_no_taskflow', 'dataset_alias_example_alias_producer_with_no_taskflow', 'dataset_s3_bucket_consumer_with_no_taskflow' retrieved from /home/airflow/.local/lib/python3.12/site-packages/airflow/example_dags/example_dataset_alias_with_no_taskflow.py
[2024-09-12T15:29:47.950+0000] {logging_mixin.py:190} INFO - [2024-09-12T15:29:47.949+0000] {dag.py:3229} INFO - Sync 4 DAGs
[2024-09-12T15:29:47.970+0000] {logging_mixin.py:190} INFO - [2024-09-12T15:29:47.970+0000] {dag.py:4156} INFO - Setting next_dagrun for dataset_alias_example_alias_consumer_with_no_taskflow to None, run_after=None
[2024-09-12T15:29:47.972+0000] {logging_mixin.py:190} INFO - [2024-09-12T15:29:47.972+0000] {dag.py:4156} INFO - Setting next_dagrun for dataset_alias_example_alias_producer_with_no_taskflow to None, run_after=None
[2024-09-12T15:29:47.974+0000] {logging_mixin.py:190} INFO - [2024-09-12T15:29:47.974+0000] {dag.py:4156} INFO - Setting next_dagrun for dataset_s3_bucket_consumer_with_no_taskflow to None, run_after=None
[2024-09-12T15:29:47.975+0000] {logging_mixin.py:190} INFO - [2024-09-12T15:29:47.975+0000] {dag.py:4156} INFO - Setting next_dagrun for dataset_s3_bucket_producer_with_no_taskflow to None, run_after=None
[2024-09-12T15:29:47.990+0000] {processor.py:208} INFO - Processing /home/airflow/.local/lib/python3.12/site-packages/airflow/example_dags/example_dataset_alias_with_no_taskflow.py took 0.220 seconds
[2024-09-12T15:30:18.946+0000] {processor.py:186} INFO - Started process (PID=1280) to work on /home/airflow/.local/lib/python3.12/site-packages/airflow/example_dags/example_dataset_alias_with_no_taskflow.py
[2024-09-12T15:30:18.949+0000] {processor.py:914} INFO - Processing file /home/airflow/.local/lib/python3.12/site-packages/airflow/example_dags/example_dataset_alias_with_no_taskflow.py for tasks to queue
[2024-09-12T15:30:18.952+0000] {logging_mixin.py:190} INFO - [2024-09-12T15:30:18.952+0000] {dagbag.py:587} INFO - Filling up the DagBag from /home/airflow/.local/lib/python3.12/site-packages/airflow/example_dags/example_dataset_alias_with_no_taskflow.py
[2024-09-12T15:30:19.070+0000] {processor.py:925} INFO - DAG(s) 'dataset_alias_example_alias_consumer_with_no_taskflow', 'dataset_alias_example_alias_producer_with_no_taskflow', 'dataset_s3_bucket_consumer_with_no_taskflow', 'dataset_s3_bucket_producer_with_no_taskflow' retrieved from /home/airflow/.local/lib/python3.12/site-packages/airflow/example_dags/example_dataset_alias_with_no_taskflow.py
[2024-09-12T15:30:19.084+0000] {logging_mixin.py:190} INFO - [2024-09-12T15:30:19.084+0000] {dag.py:3229} INFO - Sync 4 DAGs
[2024-09-12T15:30:19.102+0000] {logging_mixin.py:190} INFO - [2024-09-12T15:30:19.102+0000] {dag.py:4156} INFO - Setting next_dagrun for dataset_alias_example_alias_consumer_with_no_taskflow to None, run_after=None
[2024-09-12T15:30:19.104+0000] {logging_mixin.py:190} INFO - [2024-09-12T15:30:19.104+0000] {dag.py:4156} INFO - Setting next_dagrun for dataset_alias_example_alias_producer_with_no_taskflow to None, run_after=None
[2024-09-12T15:30:19.106+0000] {logging_mixin.py:190} INFO - [2024-09-12T15:30:19.106+0000] {dag.py:4156} INFO - Setting next_dagrun for dataset_s3_bucket_consumer_with_no_taskflow to None, run_after=None
[2024-09-12T15:30:19.107+0000] {logging_mixin.py:190} INFO - [2024-09-12T15:30:19.107+0000] {dag.py:4156} INFO - Setting next_dagrun for dataset_s3_bucket_producer_with_no_taskflow to None, run_after=None
[2024-09-12T15:30:19.124+0000] {processor.py:208} INFO - Processing /home/airflow/.local/lib/python3.12/site-packages/airflow/example_dags/example_dataset_alias_with_no_taskflow.py took 0.184 seconds
[2024-09-12T15:30:50.114+0000] {processor.py:186} INFO - Started process (PID=1342) to work on /home/airflow/.local/lib/python3.12/site-packages/airflow/example_dags/example_dataset_alias_with_no_taskflow.py
[2024-09-12T15:30:50.117+0000] {processor.py:914} INFO - Processing file /home/airflow/.local/lib/python3.12/site-packages/airflow/example_dags/example_dataset_alias_with_no_taskflow.py for tasks to queue
[2024-09-12T15:30:50.121+0000] {logging_mixin.py:190} INFO - [2024-09-12T15:30:50.121+0000] {dagbag.py:587} INFO - Filling up the DagBag from /home/airflow/.local/lib/python3.12/site-packages/airflow/example_dags/example_dataset_alias_with_no_taskflow.py
[2024-09-12T15:30:50.257+0000] {processor.py:925} INFO - DAG(s) 'dataset_s3_bucket_producer_with_no_taskflow', 'dataset_alias_example_alias_consumer_with_no_taskflow', 'dataset_s3_bucket_consumer_with_no_taskflow', 'dataset_alias_example_alias_producer_with_no_taskflow' retrieved from /home/airflow/.local/lib/python3.12/site-packages/airflow/example_dags/example_dataset_alias_with_no_taskflow.py
[2024-09-12T15:30:50.272+0000] {logging_mixin.py:190} INFO - [2024-09-12T15:30:50.271+0000] {dag.py:3229} INFO - Sync 4 DAGs
[2024-09-12T15:30:50.292+0000] {logging_mixin.py:190} INFO - [2024-09-12T15:30:50.291+0000] {dag.py:4156} INFO - Setting next_dagrun for dataset_alias_example_alias_consumer_with_no_taskflow to None, run_after=None
[2024-09-12T15:30:50.294+0000] {logging_mixin.py:190} INFO - [2024-09-12T15:30:50.294+0000] {dag.py:4156} INFO - Setting next_dagrun for dataset_alias_example_alias_producer_with_no_taskflow to None, run_after=None
[2024-09-12T15:30:50.296+0000] {logging_mixin.py:190} INFO - [2024-09-12T15:30:50.295+0000] {dag.py:4156} INFO - Setting next_dagrun for dataset_s3_bucket_consumer_with_no_taskflow to None, run_after=None
[2024-09-12T15:30:50.297+0000] {logging_mixin.py:190} INFO - [2024-09-12T15:30:50.297+0000] {dag.py:4156} INFO - Setting next_dagrun for dataset_s3_bucket_producer_with_no_taskflow to None, run_after=None
[2024-09-12T15:30:50.315+0000] {processor.py:208} INFO - Processing /home/airflow/.local/lib/python3.12/site-packages/airflow/example_dags/example_dataset_alias_with_no_taskflow.py took 0.210 seconds
[2024-09-12T15:31:20.381+0000] {processor.py:186} INFO - Started process (PID=1404) to work on /home/airflow/.local/lib/python3.12/site-packages/airflow/example_dags/example_dataset_alias_with_no_taskflow.py
[2024-09-12T15:31:20.384+0000] {processor.py:914} INFO - Processing file /home/airflow/.local/lib/python3.12/site-packages/airflow/example_dags/example_dataset_alias_with_no_taskflow.py for tasks to queue
[2024-09-12T15:31:20.387+0000] {logging_mixin.py:190} INFO - [2024-09-12T15:31:20.386+0000] {dagbag.py:587} INFO - Filling up the DagBag from /home/airflow/.local/lib/python3.12/site-packages/airflow/example_dags/example_dataset_alias_with_no_taskflow.py
[2024-09-12T15:31:20.506+0000] {processor.py:925} INFO - DAG(s) 'dataset_alias_example_alias_consumer_with_no_taskflow', 'dataset_s3_bucket_consumer_with_no_taskflow', 'dataset_s3_bucket_producer_with_no_taskflow', 'dataset_alias_example_alias_producer_with_no_taskflow' retrieved from /home/airflow/.local/lib/python3.12/site-packages/airflow/example_dags/example_dataset_alias_with_no_taskflow.py
[2024-09-12T15:31:20.520+0000] {logging_mixin.py:190} INFO - [2024-09-12T15:31:20.519+0000] {dag.py:3229} INFO - Sync 4 DAGs
[2024-09-12T15:31:20.534+0000] {logging_mixin.py:190} INFO - [2024-09-12T15:31:20.534+0000] {dag.py:4156} INFO - Setting next_dagrun for dataset_alias_example_alias_consumer_with_no_taskflow to None, run_after=None
[2024-09-12T15:31:20.536+0000] {logging_mixin.py:190} INFO - [2024-09-12T15:31:20.536+0000] {dag.py:4156} INFO - Setting next_dagrun for dataset_alias_example_alias_producer_with_no_taskflow to None, run_after=None
[2024-09-12T15:31:20.538+0000] {logging_mixin.py:190} INFO - [2024-09-12T15:31:20.538+0000] {dag.py:4156} INFO - Setting next_dagrun for dataset_s3_bucket_consumer_with_no_taskflow to None, run_after=None
[2024-09-12T15:31:20.539+0000] {logging_mixin.py:190} INFO - [2024-09-12T15:31:20.539+0000] {dag.py:4156} INFO - Setting next_dagrun for dataset_s3_bucket_producer_with_no_taskflow to None, run_after=None
[2024-09-12T15:31:20.552+0000] {processor.py:208} INFO - Processing /home/airflow/.local/lib/python3.12/site-packages/airflow/example_dags/example_dataset_alias_with_no_taskflow.py took 0.179 seconds
[2024-09-12T15:31:50.739+0000] {processor.py:186} INFO - Started process (PID=1466) to work on /home/airflow/.local/lib/python3.12/site-packages/airflow/example_dags/example_dataset_alias_with_no_taskflow.py
[2024-09-12T15:31:50.742+0000] {processor.py:914} INFO - Processing file /home/airflow/.local/lib/python3.12/site-packages/airflow/example_dags/example_dataset_alias_with_no_taskflow.py for tasks to queue
[2024-09-12T15:31:50.745+0000] {logging_mixin.py:190} INFO - [2024-09-12T15:31:50.745+0000] {dagbag.py:587} INFO - Filling up the DagBag from /home/airflow/.local/lib/python3.12/site-packages/airflow/example_dags/example_dataset_alias_with_no_taskflow.py
[2024-09-12T15:31:50.856+0000] {processor.py:925} INFO - DAG(s) 'dataset_alias_example_alias_producer_with_no_taskflow', 'dataset_alias_example_alias_consumer_with_no_taskflow', 'dataset_s3_bucket_consumer_with_no_taskflow', 'dataset_s3_bucket_producer_with_no_taskflow' retrieved from /home/airflow/.local/lib/python3.12/site-packages/airflow/example_dags/example_dataset_alias_with_no_taskflow.py
[2024-09-12T15:31:50.871+0000] {logging_mixin.py:190} INFO - [2024-09-12T15:31:50.871+0000] {dag.py:3229} INFO - Sync 4 DAGs
[2024-09-12T15:31:50.885+0000] {logging_mixin.py:190} INFO - [2024-09-12T15:31:50.885+0000] {dag.py:4156} INFO - Setting next_dagrun for dataset_alias_example_alias_consumer_with_no_taskflow to None, run_after=None
[2024-09-12T15:31:50.887+0000] {logging_mixin.py:190} INFO - [2024-09-12T15:31:50.887+0000] {dag.py:4156} INFO - Setting next_dagrun for dataset_alias_example_alias_producer_with_no_taskflow to None, run_after=None
[2024-09-12T15:31:50.888+0000] {logging_mixin.py:190} INFO - [2024-09-12T15:31:50.888+0000] {dag.py:4156} INFO - Setting next_dagrun for dataset_s3_bucket_consumer_with_no_taskflow to None, run_after=None
[2024-09-12T15:31:50.889+0000] {logging_mixin.py:190} INFO - [2024-09-12T15:31:50.889+0000] {dag.py:4156} INFO - Setting next_dagrun for dataset_s3_bucket_producer_with_no_taskflow to None, run_after=None
[2024-09-12T15:31:50.903+0000] {processor.py:208} INFO - Processing /home/airflow/.local/lib/python3.12/site-packages/airflow/example_dags/example_dataset_alias_with_no_taskflow.py took 0.174 seconds
[2024-09-12T15:32:20.981+0000] {processor.py:186} INFO - Started process (PID=1528) to work on /home/airflow/.local/lib/python3.12/site-packages/airflow/example_dags/example_dataset_alias_with_no_taskflow.py
[2024-09-12T15:32:20.983+0000] {processor.py:914} INFO - Processing file /home/airflow/.local/lib/python3.12/site-packages/airflow/example_dags/example_dataset_alias_with_no_taskflow.py for tasks to queue
[2024-09-12T15:32:20.986+0000] {logging_mixin.py:190} INFO - [2024-09-12T15:32:20.985+0000] {dagbag.py:587} INFO - Filling up the DagBag from /home/airflow/.local/lib/python3.12/site-packages/airflow/example_dags/example_dataset_alias_with_no_taskflow.py
[2024-09-12T15:32:21.090+0000] {processor.py:925} INFO - DAG(s) 'dataset_alias_example_alias_producer_with_no_taskflow', 'dataset_s3_bucket_producer_with_no_taskflow', 'dataset_alias_example_alias_consumer_with_no_taskflow', 'dataset_s3_bucket_consumer_with_no_taskflow' retrieved from /home/airflow/.local/lib/python3.12/site-packages/airflow/example_dags/example_dataset_alias_with_no_taskflow.py
[2024-09-12T15:32:21.102+0000] {logging_mixin.py:190} INFO - [2024-09-12T15:32:21.102+0000] {dag.py:3229} INFO - Sync 4 DAGs
[2024-09-12T15:32:21.116+0000] {logging_mixin.py:190} INFO - [2024-09-12T15:32:21.116+0000] {dag.py:4156} INFO - Setting next_dagrun for dataset_alias_example_alias_consumer_with_no_taskflow to None, run_after=None
[2024-09-12T15:32:21.120+0000] {logging_mixin.py:190} INFO - [2024-09-12T15:32:21.120+0000] {dag.py:4156} INFO - Setting next_dagrun for dataset_alias_example_alias_producer_with_no_taskflow to None, run_after=None
[2024-09-12T15:32:21.121+0000] {logging_mixin.py:190} INFO - [2024-09-12T15:32:21.121+0000] {dag.py:4156} INFO - Setting next_dagrun for dataset_s3_bucket_consumer_with_no_taskflow to None, run_after=None
[2024-09-12T15:32:21.122+0000] {logging_mixin.py:190} INFO - [2024-09-12T15:32:21.122+0000] {dag.py:4156} INFO - Setting next_dagrun for dataset_s3_bucket_producer_with_no_taskflow to None, run_after=None
[2024-09-12T15:32:21.135+0000] {processor.py:208} INFO - Processing /home/airflow/.local/lib/python3.12/site-packages/airflow/example_dags/example_dataset_alias_with_no_taskflow.py took 0.161 seconds
[2024-09-12T15:32:51.242+0000] {processor.py:186} INFO - Started process (PID=1588) to work on /home/airflow/.local/lib/python3.12/site-packages/airflow/example_dags/example_dataset_alias_with_no_taskflow.py
[2024-09-12T15:32:51.245+0000] {processor.py:914} INFO - Processing file /home/airflow/.local/lib/python3.12/site-packages/airflow/example_dags/example_dataset_alias_with_no_taskflow.py for tasks to queue
[2024-09-12T15:32:51.248+0000] {logging_mixin.py:190} INFO - [2024-09-12T15:32:51.248+0000] {dagbag.py:587} INFO - Filling up the DagBag from /home/airflow/.local/lib/python3.12/site-packages/airflow/example_dags/example_dataset_alias_with_no_taskflow.py
[2024-09-12T15:32:51.391+0000] {processor.py:925} INFO - DAG(s) 'dataset_s3_bucket_producer_with_no_taskflow', 'dataset_s3_bucket_consumer_with_no_taskflow', 'dataset_alias_example_alias_producer_with_no_taskflow', 'dataset_alias_example_alias_consumer_with_no_taskflow' retrieved from /home/airflow/.local/lib/python3.12/site-packages/airflow/example_dags/example_dataset_alias_with_no_taskflow.py
[2024-09-12T15:32:51.406+0000] {logging_mixin.py:190} INFO - [2024-09-12T15:32:51.405+0000] {dag.py:3229} INFO - Sync 4 DAGs
[2024-09-12T15:32:51.424+0000] {logging_mixin.py:190} INFO - [2024-09-12T15:32:51.424+0000] {dag.py:4156} INFO - Setting next_dagrun for dataset_alias_example_alias_consumer_with_no_taskflow to None, run_after=None
[2024-09-12T15:32:51.427+0000] {logging_mixin.py:190} INFO - [2024-09-12T15:32:51.427+0000] {dag.py:4156} INFO - Setting next_dagrun for dataset_alias_example_alias_producer_with_no_taskflow to None, run_after=None
[2024-09-12T15:32:51.428+0000] {logging_mixin.py:190} INFO - [2024-09-12T15:32:51.428+0000] {dag.py:4156} INFO - Setting next_dagrun for dataset_s3_bucket_consumer_with_no_taskflow to None, run_after=None
[2024-09-12T15:32:51.429+0000] {logging_mixin.py:190} INFO - [2024-09-12T15:32:51.429+0000] {dag.py:4156} INFO - Setting next_dagrun for dataset_s3_bucket_producer_with_no_taskflow to None, run_after=None
[2024-09-12T15:32:51.452+0000] {processor.py:208} INFO - Processing /home/airflow/.local/lib/python3.12/site-packages/airflow/example_dags/example_dataset_alias_with_no_taskflow.py took 0.220 seconds
[2024-09-12T15:33:21.627+0000] {processor.py:186} INFO - Started process (PID=1650) to work on /home/airflow/.local/lib/python3.12/site-packages/airflow/example_dags/example_dataset_alias_with_no_taskflow.py
[2024-09-12T15:33:21.629+0000] {processor.py:914} INFO - Processing file /home/airflow/.local/lib/python3.12/site-packages/airflow/example_dags/example_dataset_alias_with_no_taskflow.py for tasks to queue
[2024-09-12T15:33:21.632+0000] {logging_mixin.py:190} INFO - [2024-09-12T15:33:21.632+0000] {dagbag.py:587} INFO - Filling up the DagBag from /home/airflow/.local/lib/python3.12/site-packages/airflow/example_dags/example_dataset_alias_with_no_taskflow.py
[2024-09-12T15:33:21.767+0000] {processor.py:925} INFO - DAG(s) 'dataset_s3_bucket_producer_with_no_taskflow', 'dataset_alias_example_alias_producer_with_no_taskflow', 'dataset_alias_example_alias_consumer_with_no_taskflow', 'dataset_s3_bucket_consumer_with_no_taskflow' retrieved from /home/airflow/.local/lib/python3.12/site-packages/airflow/example_dags/example_dataset_alias_with_no_taskflow.py
[2024-09-12T15:33:21.785+0000] {logging_mixin.py:190} INFO - [2024-09-12T15:33:21.785+0000] {dag.py:3229} INFO - Sync 4 DAGs
[2024-09-12T15:33:21.803+0000] {logging_mixin.py:190} INFO - [2024-09-12T15:33:21.803+0000] {dag.py:4156} INFO - Setting next_dagrun for dataset_alias_example_alias_consumer_with_no_taskflow to None, run_after=None
[2024-09-12T15:33:21.805+0000] {logging_mixin.py:190} INFO - [2024-09-12T15:33:21.805+0000] {dag.py:4156} INFO - Setting next_dagrun for dataset_alias_example_alias_producer_with_no_taskflow to None, run_after=None
[2024-09-12T15:33:21.807+0000] {logging_mixin.py:190} INFO - [2024-09-12T15:33:21.807+0000] {dag.py:4156} INFO - Setting next_dagrun for dataset_s3_bucket_consumer_with_no_taskflow to None, run_after=None
[2024-09-12T15:33:21.808+0000] {logging_mixin.py:190} INFO - [2024-09-12T15:33:21.808+0000] {dag.py:4156} INFO - Setting next_dagrun for dataset_s3_bucket_producer_with_no_taskflow to None, run_after=None
[2024-09-12T15:33:21.821+0000] {processor.py:208} INFO - Processing /home/airflow/.local/lib/python3.12/site-packages/airflow/example_dags/example_dataset_alias_with_no_taskflow.py took 0.203 seconds
[2024-09-12T15:33:51.936+0000] {processor.py:186} INFO - Started process (PID=1712) to work on /home/airflow/.local/lib/python3.12/site-packages/airflow/example_dags/example_dataset_alias_with_no_taskflow.py
[2024-09-12T15:33:51.938+0000] {processor.py:914} INFO - Processing file /home/airflow/.local/lib/python3.12/site-packages/airflow/example_dags/example_dataset_alias_with_no_taskflow.py for tasks to queue
[2024-09-12T15:33:51.941+0000] {logging_mixin.py:190} INFO - [2024-09-12T15:33:51.941+0000] {dagbag.py:587} INFO - Filling up the DagBag from /home/airflow/.local/lib/python3.12/site-packages/airflow/example_dags/example_dataset_alias_with_no_taskflow.py
[2024-09-12T15:33:52.091+0000] {processor.py:925} INFO - DAG(s) 'dataset_s3_bucket_consumer_with_no_taskflow', 'dataset_alias_example_alias_consumer_with_no_taskflow', 'dataset_alias_example_alias_producer_with_no_taskflow', 'dataset_s3_bucket_producer_with_no_taskflow' retrieved from /home/airflow/.local/lib/python3.12/site-packages/airflow/example_dags/example_dataset_alias_with_no_taskflow.py
[2024-09-12T15:33:52.113+0000] {logging_mixin.py:190} INFO - [2024-09-12T15:33:52.112+0000] {dag.py:3229} INFO - Sync 4 DAGs
[2024-09-12T15:33:52.134+0000] {logging_mixin.py:190} INFO - [2024-09-12T15:33:52.134+0000] {dag.py:4156} INFO - Setting next_dagrun for dataset_alias_example_alias_consumer_with_no_taskflow to None, run_after=None
[2024-09-12T15:33:52.137+0000] {logging_mixin.py:190} INFO - [2024-09-12T15:33:52.137+0000] {dag.py:4156} INFO - Setting next_dagrun for dataset_alias_example_alias_producer_with_no_taskflow to None, run_after=None
[2024-09-12T15:33:52.138+0000] {logging_mixin.py:190} INFO - [2024-09-12T15:33:52.138+0000] {dag.py:4156} INFO - Setting next_dagrun for dataset_s3_bucket_consumer_with_no_taskflow to None, run_after=None
[2024-09-12T15:33:52.139+0000] {logging_mixin.py:190} INFO - [2024-09-12T15:33:52.139+0000] {dag.py:4156} INFO - Setting next_dagrun for dataset_s3_bucket_producer_with_no_taskflow to None, run_after=None
[2024-09-12T15:33:52.154+0000] {processor.py:208} INFO - Processing /home/airflow/.local/lib/python3.12/site-packages/airflow/example_dags/example_dataset_alias_with_no_taskflow.py took 0.228 seconds
