[2024-09-12T15:20:06.585+0000] {processor.py:186} INFO - Started process (PID=39) to work on /home/airflow/.local/lib/python3.12/site-packages/airflow/example_dags/example_bash_operator.py
[2024-09-12T15:20:06.587+0000] {processor.py:914} INFO - Processing file /home/airflow/.local/lib/python3.12/site-packages/airflow/example_dags/example_bash_operator.py for tasks to queue
[2024-09-12T15:20:06.593+0000] {logging_mixin.py:190} INFO - [2024-09-12T15:20:06.593+0000] {dagbag.py:587} INFO - Filling up the DagBag from /home/airflow/.local/lib/python3.12/site-packages/airflow/example_dags/example_bash_operator.py
[2024-09-12T15:20:06.603+0000] {processor.py:925} INFO - DAG(s) 'example_bash_operator' retrieved from /home/airflow/.local/lib/python3.12/site-packages/airflow/example_dags/example_bash_operator.py
[2024-09-12T15:20:06.668+0000] {logging_mixin.py:190} INFO - [2024-09-12T15:20:06.668+0000] {override.py:1900} INFO - Created Permission View: can read on DAG:example_bash_operator
[2024-09-12T15:20:06.674+0000] {logging_mixin.py:190} INFO - [2024-09-12T15:20:06.674+0000] {override.py:1900} INFO - Created Permission View: can delete on DAG:example_bash_operator
[2024-09-12T15:20:06.678+0000] {logging_mixin.py:190} INFO - [2024-09-12T15:20:06.678+0000] {override.py:1900} INFO - Created Permission View: can edit on DAG:example_bash_operator
[2024-09-12T15:20:06.682+0000] {logging_mixin.py:190} INFO - [2024-09-12T15:20:06.682+0000] {override.py:1900} INFO - Created Permission View: can read on DAG Run:example_bash_operator
[2024-09-12T15:20:06.685+0000] {logging_mixin.py:190} INFO - [2024-09-12T15:20:06.685+0000] {override.py:1900} INFO - Created Permission View: can create on DAG Run:example_bash_operator
[2024-09-12T15:20:06.688+0000] {logging_mixin.py:190} INFO - [2024-09-12T15:20:06.688+0000] {override.py:1900} INFO - Created Permission View: menu access on DAG Run:example_bash_operator
[2024-09-12T15:20:06.691+0000] {logging_mixin.py:190} INFO - [2024-09-12T15:20:06.691+0000] {override.py:1900} INFO - Created Permission View: can delete on DAG Run:example_bash_operator
[2024-09-12T15:20:06.692+0000] {logging_mixin.py:190} INFO - [2024-09-12T15:20:06.692+0000] {dag.py:3229} INFO - Sync 1 DAGs
[2024-09-12T15:20:06.699+0000] {logging_mixin.py:190} INFO - [2024-09-12T15:20:06.699+0000] {dag.py:3252} INFO - Creating ORM DAG for example_bash_operator
[2024-09-12T15:20:06.705+0000] {logging_mixin.py:190} INFO - [2024-09-12T15:20:06.705+0000] {dag.py:4156} INFO - Setting next_dagrun for example_bash_operator to 2024-09-11 00:00:00+00:00, run_after=2024-09-12 00:00:00+00:00
[2024-09-12T15:20:06.713+0000] {processor.py:208} INFO - Processing /home/airflow/.local/lib/python3.12/site-packages/airflow/example_dags/example_bash_operator.py took 0.133 seconds
[2024-09-12T15:20:37.319+0000] {processor.py:186} INFO - Started process (PID=102) to work on /home/airflow/.local/lib/python3.12/site-packages/airflow/example_dags/example_bash_operator.py
[2024-09-12T15:20:37.320+0000] {processor.py:914} INFO - Processing file /home/airflow/.local/lib/python3.12/site-packages/airflow/example_dags/example_bash_operator.py for tasks to queue
[2024-09-12T15:20:37.322+0000] {logging_mixin.py:190} INFO - [2024-09-12T15:20:37.322+0000] {dagbag.py:587} INFO - Filling up the DagBag from /home/airflow/.local/lib/python3.12/site-packages/airflow/example_dags/example_bash_operator.py
[2024-09-12T15:20:37.333+0000] {processor.py:925} INFO - DAG(s) 'example_bash_operator' retrieved from /home/airflow/.local/lib/python3.12/site-packages/airflow/example_dags/example_bash_operator.py
[2024-09-12T15:20:37.354+0000] {logging_mixin.py:190} INFO - [2024-09-12T15:20:37.354+0000] {dag.py:3229} INFO - Sync 1 DAGs
[2024-09-12T15:20:37.370+0000] {logging_mixin.py:190} INFO - [2024-09-12T15:20:37.370+0000] {dag.py:4156} INFO - Setting next_dagrun for example_bash_operator to 2024-09-11 00:00:00+00:00, run_after=2024-09-12 00:00:00+00:00
[2024-09-12T15:20:37.381+0000] {processor.py:208} INFO - Processing /home/airflow/.local/lib/python3.12/site-packages/airflow/example_dags/example_bash_operator.py took 0.067 seconds
[2024-09-12T15:21:07.831+0000] {processor.py:186} INFO - Started process (PID=165) to work on /home/airflow/.local/lib/python3.12/site-packages/airflow/example_dags/example_bash_operator.py
[2024-09-12T15:21:07.833+0000] {processor.py:914} INFO - Processing file /home/airflow/.local/lib/python3.12/site-packages/airflow/example_dags/example_bash_operator.py for tasks to queue
[2024-09-12T15:21:07.839+0000] {logging_mixin.py:190} INFO - [2024-09-12T15:21:07.839+0000] {dagbag.py:587} INFO - Filling up the DagBag from /home/airflow/.local/lib/python3.12/site-packages/airflow/example_dags/example_bash_operator.py
[2024-09-12T15:21:07.862+0000] {processor.py:925} INFO - DAG(s) 'example_bash_operator' retrieved from /home/airflow/.local/lib/python3.12/site-packages/airflow/example_dags/example_bash_operator.py
[2024-09-12T15:21:07.894+0000] {logging_mixin.py:190} INFO - [2024-09-12T15:21:07.893+0000] {dag.py:3229} INFO - Sync 1 DAGs
[2024-09-12T15:21:07.912+0000] {logging_mixin.py:190} INFO - [2024-09-12T15:21:07.912+0000] {dag.py:4156} INFO - Setting next_dagrun for example_bash_operator to 2024-09-11 00:00:00+00:00, run_after=2024-09-12 00:00:00+00:00
[2024-09-12T15:21:07.926+0000] {processor.py:208} INFO - Processing /home/airflow/.local/lib/python3.12/site-packages/airflow/example_dags/example_bash_operator.py took 0.101 seconds
[2024-09-12T15:21:38.702+0000] {processor.py:186} INFO - Started process (PID=227) to work on /home/airflow/.local/lib/python3.12/site-packages/airflow/example_dags/example_bash_operator.py
[2024-09-12T15:21:38.703+0000] {processor.py:914} INFO - Processing file /home/airflow/.local/lib/python3.12/site-packages/airflow/example_dags/example_bash_operator.py for tasks to queue
[2024-09-12T15:21:38.706+0000] {logging_mixin.py:190} INFO - [2024-09-12T15:21:38.705+0000] {dagbag.py:587} INFO - Filling up the DagBag from /home/airflow/.local/lib/python3.12/site-packages/airflow/example_dags/example_bash_operator.py
[2024-09-12T15:21:38.735+0000] {processor.py:925} INFO - DAG(s) 'example_bash_operator' retrieved from /home/airflow/.local/lib/python3.12/site-packages/airflow/example_dags/example_bash_operator.py
[2024-09-12T15:21:38.764+0000] {logging_mixin.py:190} INFO - [2024-09-12T15:21:38.764+0000] {dag.py:3229} INFO - Sync 1 DAGs
[2024-09-12T15:21:38.790+0000] {logging_mixin.py:190} INFO - [2024-09-12T15:21:38.790+0000] {dag.py:4156} INFO - Setting next_dagrun for example_bash_operator to 2024-09-11 00:00:00+00:00, run_after=2024-09-12 00:00:00+00:00
[2024-09-12T15:21:38.848+0000] {processor.py:208} INFO - Processing /home/airflow/.local/lib/python3.12/site-packages/airflow/example_dags/example_bash_operator.py took 0.151 seconds
[2024-09-12T15:22:09.646+0000] {processor.py:186} INFO - Started process (PID=289) to work on /home/airflow/.local/lib/python3.12/site-packages/airflow/example_dags/example_bash_operator.py
[2024-09-12T15:22:09.648+0000] {processor.py:914} INFO - Processing file /home/airflow/.local/lib/python3.12/site-packages/airflow/example_dags/example_bash_operator.py for tasks to queue
[2024-09-12T15:22:09.650+0000] {logging_mixin.py:190} INFO - [2024-09-12T15:22:09.650+0000] {dagbag.py:587} INFO - Filling up the DagBag from /home/airflow/.local/lib/python3.12/site-packages/airflow/example_dags/example_bash_operator.py
[2024-09-12T15:22:09.660+0000] {processor.py:925} INFO - DAG(s) 'example_bash_operator' retrieved from /home/airflow/.local/lib/python3.12/site-packages/airflow/example_dags/example_bash_operator.py
[2024-09-12T15:22:09.688+0000] {logging_mixin.py:190} INFO - [2024-09-12T15:22:09.688+0000] {dag.py:3229} INFO - Sync 1 DAGs
[2024-09-12T15:22:09.712+0000] {logging_mixin.py:190} INFO - [2024-09-12T15:22:09.712+0000] {dag.py:4156} INFO - Setting next_dagrun for example_bash_operator to 2024-09-11 00:00:00+00:00, run_after=2024-09-12 00:00:00+00:00
[2024-09-12T15:22:09.729+0000] {processor.py:208} INFO - Processing /home/airflow/.local/lib/python3.12/site-packages/airflow/example_dags/example_bash_operator.py took 0.088 seconds
[2024-09-12T15:22:40.421+0000] {processor.py:186} INFO - Started process (PID=351) to work on /home/airflow/.local/lib/python3.12/site-packages/airflow/example_dags/example_bash_operator.py
[2024-09-12T15:22:40.423+0000] {processor.py:914} INFO - Processing file /home/airflow/.local/lib/python3.12/site-packages/airflow/example_dags/example_bash_operator.py for tasks to queue
[2024-09-12T15:22:40.425+0000] {logging_mixin.py:190} INFO - [2024-09-12T15:22:40.425+0000] {dagbag.py:587} INFO - Filling up the DagBag from /home/airflow/.local/lib/python3.12/site-packages/airflow/example_dags/example_bash_operator.py
[2024-09-12T15:22:40.436+0000] {processor.py:925} INFO - DAG(s) 'example_bash_operator' retrieved from /home/airflow/.local/lib/python3.12/site-packages/airflow/example_dags/example_bash_operator.py
[2024-09-12T15:22:40.456+0000] {logging_mixin.py:190} INFO - [2024-09-12T15:22:40.456+0000] {dag.py:3229} INFO - Sync 1 DAGs
[2024-09-12T15:22:40.473+0000] {logging_mixin.py:190} INFO - [2024-09-12T15:22:40.473+0000] {dag.py:4156} INFO - Setting next_dagrun for example_bash_operator to 2024-09-11 00:00:00+00:00, run_after=2024-09-12 00:00:00+00:00
[2024-09-12T15:22:40.485+0000] {processor.py:208} INFO - Processing /home/airflow/.local/lib/python3.12/site-packages/airflow/example_dags/example_bash_operator.py took 0.068 seconds
[2024-09-12T15:23:11.626+0000] {processor.py:186} INFO - Started process (PID=413) to work on /home/airflow/.local/lib/python3.12/site-packages/airflow/example_dags/example_bash_operator.py
[2024-09-12T15:23:11.627+0000] {processor.py:914} INFO - Processing file /home/airflow/.local/lib/python3.12/site-packages/airflow/example_dags/example_bash_operator.py for tasks to queue
[2024-09-12T15:23:11.630+0000] {logging_mixin.py:190} INFO - [2024-09-12T15:23:11.629+0000] {dagbag.py:587} INFO - Filling up the DagBag from /home/airflow/.local/lib/python3.12/site-packages/airflow/example_dags/example_bash_operator.py
[2024-09-12T15:23:11.639+0000] {processor.py:925} INFO - DAG(s) 'example_bash_operator' retrieved from /home/airflow/.local/lib/python3.12/site-packages/airflow/example_dags/example_bash_operator.py
[2024-09-12T15:23:11.658+0000] {logging_mixin.py:190} INFO - [2024-09-12T15:23:11.658+0000] {dag.py:3229} INFO - Sync 1 DAGs
[2024-09-12T15:23:11.674+0000] {logging_mixin.py:190} INFO - [2024-09-12T15:23:11.674+0000] {dag.py:4156} INFO - Setting next_dagrun for example_bash_operator to 2024-09-11 00:00:00+00:00, run_after=2024-09-12 00:00:00+00:00
[2024-09-12T15:23:11.684+0000] {processor.py:208} INFO - Processing /home/airflow/.local/lib/python3.12/site-packages/airflow/example_dags/example_bash_operator.py took 0.062 seconds
[2024-09-12T15:23:41.978+0000] {processor.py:186} INFO - Started process (PID=475) to work on /home/airflow/.local/lib/python3.12/site-packages/airflow/example_dags/example_bash_operator.py
[2024-09-12T15:23:41.979+0000] {processor.py:914} INFO - Processing file /home/airflow/.local/lib/python3.12/site-packages/airflow/example_dags/example_bash_operator.py for tasks to queue
[2024-09-12T15:23:41.982+0000] {logging_mixin.py:190} INFO - [2024-09-12T15:23:41.982+0000] {dagbag.py:587} INFO - Filling up the DagBag from /home/airflow/.local/lib/python3.12/site-packages/airflow/example_dags/example_bash_operator.py
[2024-09-12T15:23:41.992+0000] {processor.py:925} INFO - DAG(s) 'example_bash_operator' retrieved from /home/airflow/.local/lib/python3.12/site-packages/airflow/example_dags/example_bash_operator.py
[2024-09-12T15:23:42.013+0000] {logging_mixin.py:190} INFO - [2024-09-12T15:23:42.013+0000] {dag.py:3229} INFO - Sync 1 DAGs
[2024-09-12T15:23:42.029+0000] {logging_mixin.py:190} INFO - [2024-09-12T15:23:42.029+0000] {dag.py:4156} INFO - Setting next_dagrun for example_bash_operator to 2024-09-11 00:00:00+00:00, run_after=2024-09-12 00:00:00+00:00
[2024-09-12T15:23:42.040+0000] {processor.py:208} INFO - Processing /home/airflow/.local/lib/python3.12/site-packages/airflow/example_dags/example_bash_operator.py took 0.067 seconds
[2024-09-12T15:24:12.432+0000] {processor.py:186} INFO - Started process (PID=536) to work on /home/airflow/.local/lib/python3.12/site-packages/airflow/example_dags/example_bash_operator.py
[2024-09-12T15:24:12.434+0000] {processor.py:914} INFO - Processing file /home/airflow/.local/lib/python3.12/site-packages/airflow/example_dags/example_bash_operator.py for tasks to queue
[2024-09-12T15:24:12.438+0000] {logging_mixin.py:190} INFO - [2024-09-12T15:24:12.437+0000] {dagbag.py:587} INFO - Filling up the DagBag from /home/airflow/.local/lib/python3.12/site-packages/airflow/example_dags/example_bash_operator.py
[2024-09-12T15:24:12.452+0000] {processor.py:925} INFO - DAG(s) 'example_bash_operator' retrieved from /home/airflow/.local/lib/python3.12/site-packages/airflow/example_dags/example_bash_operator.py
[2024-09-12T15:24:12.481+0000] {logging_mixin.py:190} INFO - [2024-09-12T15:24:12.481+0000] {dag.py:3229} INFO - Sync 1 DAGs
[2024-09-12T15:24:12.508+0000] {logging_mixin.py:190} INFO - [2024-09-12T15:24:12.508+0000] {dag.py:4156} INFO - Setting next_dagrun for example_bash_operator to 2024-09-11 00:00:00+00:00, run_after=2024-09-12 00:00:00+00:00
[2024-09-12T15:24:12.529+0000] {processor.py:208} INFO - Processing /home/airflow/.local/lib/python3.12/site-packages/airflow/example_dags/example_bash_operator.py took 0.106 seconds
[2024-09-12T15:24:43.130+0000] {processor.py:186} INFO - Started process (PID=598) to work on /home/airflow/.local/lib/python3.12/site-packages/airflow/example_dags/example_bash_operator.py
[2024-09-12T15:24:43.132+0000] {processor.py:914} INFO - Processing file /home/airflow/.local/lib/python3.12/site-packages/airflow/example_dags/example_bash_operator.py for tasks to queue
[2024-09-12T15:24:43.135+0000] {logging_mixin.py:190} INFO - [2024-09-12T15:24:43.134+0000] {dagbag.py:587} INFO - Filling up the DagBag from /home/airflow/.local/lib/python3.12/site-packages/airflow/example_dags/example_bash_operator.py
[2024-09-12T15:24:43.147+0000] {processor.py:925} INFO - DAG(s) 'example_bash_operator' retrieved from /home/airflow/.local/lib/python3.12/site-packages/airflow/example_dags/example_bash_operator.py
[2024-09-12T15:24:43.168+0000] {logging_mixin.py:190} INFO - [2024-09-12T15:24:43.168+0000] {dag.py:3229} INFO - Sync 1 DAGs
[2024-09-12T15:24:43.182+0000] {logging_mixin.py:190} INFO - [2024-09-12T15:24:43.182+0000] {dag.py:4156} INFO - Setting next_dagrun for example_bash_operator to 2024-09-11 00:00:00+00:00, run_after=2024-09-12 00:00:00+00:00
[2024-09-12T15:24:43.193+0000] {processor.py:208} INFO - Processing /home/airflow/.local/lib/python3.12/site-packages/airflow/example_dags/example_bash_operator.py took 0.068 seconds
[2024-09-12T15:25:13.506+0000] {processor.py:186} INFO - Started process (PID=660) to work on /home/airflow/.local/lib/python3.12/site-packages/airflow/example_dags/example_bash_operator.py
[2024-09-12T15:25:13.508+0000] {processor.py:914} INFO - Processing file /home/airflow/.local/lib/python3.12/site-packages/airflow/example_dags/example_bash_operator.py for tasks to queue
[2024-09-12T15:25:13.511+0000] {logging_mixin.py:190} INFO - [2024-09-12T15:25:13.511+0000] {dagbag.py:587} INFO - Filling up the DagBag from /home/airflow/.local/lib/python3.12/site-packages/airflow/example_dags/example_bash_operator.py
[2024-09-12T15:25:13.523+0000] {processor.py:925} INFO - DAG(s) 'example_bash_operator' retrieved from /home/airflow/.local/lib/python3.12/site-packages/airflow/example_dags/example_bash_operator.py
[2024-09-12T15:25:13.545+0000] {logging_mixin.py:190} INFO - [2024-09-12T15:25:13.545+0000] {dag.py:3229} INFO - Sync 1 DAGs
[2024-09-12T15:25:13.561+0000] {logging_mixin.py:190} INFO - [2024-09-12T15:25:13.561+0000] {dag.py:4156} INFO - Setting next_dagrun for example_bash_operator to 2024-09-11 00:00:00+00:00, run_after=2024-09-12 00:00:00+00:00
[2024-09-12T15:25:13.572+0000] {processor.py:208} INFO - Processing /home/airflow/.local/lib/python3.12/site-packages/airflow/example_dags/example_bash_operator.py took 0.070 seconds
[2024-09-12T15:25:43.753+0000] {processor.py:186} INFO - Started process (PID=722) to work on /home/airflow/.local/lib/python3.12/site-packages/airflow/example_dags/example_bash_operator.py
[2024-09-12T15:25:43.754+0000] {processor.py:914} INFO - Processing file /home/airflow/.local/lib/python3.12/site-packages/airflow/example_dags/example_bash_operator.py for tasks to queue
[2024-09-12T15:25:43.757+0000] {logging_mixin.py:190} INFO - [2024-09-12T15:25:43.756+0000] {dagbag.py:587} INFO - Filling up the DagBag from /home/airflow/.local/lib/python3.12/site-packages/airflow/example_dags/example_bash_operator.py
[2024-09-12T15:25:43.767+0000] {processor.py:925} INFO - DAG(s) 'example_bash_operator' retrieved from /home/airflow/.local/lib/python3.12/site-packages/airflow/example_dags/example_bash_operator.py
[2024-09-12T15:25:43.786+0000] {logging_mixin.py:190} INFO - [2024-09-12T15:25:43.785+0000] {dag.py:3229} INFO - Sync 1 DAGs
[2024-09-12T15:25:43.799+0000] {logging_mixin.py:190} INFO - [2024-09-12T15:25:43.799+0000] {dag.py:4156} INFO - Setting next_dagrun for example_bash_operator to 2024-09-11 00:00:00+00:00, run_after=2024-09-12 00:00:00+00:00
[2024-09-12T15:25:43.810+0000] {processor.py:208} INFO - Processing /home/airflow/.local/lib/python3.12/site-packages/airflow/example_dags/example_bash_operator.py took 0.062 seconds
[2024-09-12T15:26:14.044+0000] {processor.py:186} INFO - Started process (PID=784) to work on /home/airflow/.local/lib/python3.12/site-packages/airflow/example_dags/example_bash_operator.py
[2024-09-12T15:26:14.045+0000] {processor.py:914} INFO - Processing file /home/airflow/.local/lib/python3.12/site-packages/airflow/example_dags/example_bash_operator.py for tasks to queue
[2024-09-12T15:26:14.047+0000] {logging_mixin.py:190} INFO - [2024-09-12T15:26:14.047+0000] {dagbag.py:587} INFO - Filling up the DagBag from /home/airflow/.local/lib/python3.12/site-packages/airflow/example_dags/example_bash_operator.py
[2024-09-12T15:26:14.058+0000] {processor.py:925} INFO - DAG(s) 'example_bash_operator' retrieved from /home/airflow/.local/lib/python3.12/site-packages/airflow/example_dags/example_bash_operator.py
[2024-09-12T15:26:14.077+0000] {logging_mixin.py:190} INFO - [2024-09-12T15:26:14.077+0000] {dag.py:3229} INFO - Sync 1 DAGs
[2024-09-12T15:26:14.093+0000] {logging_mixin.py:190} INFO - [2024-09-12T15:26:14.093+0000] {dag.py:4156} INFO - Setting next_dagrun for example_bash_operator to 2024-09-11 00:00:00+00:00, run_after=2024-09-12 00:00:00+00:00
[2024-09-12T15:26:14.103+0000] {processor.py:208} INFO - Processing /home/airflow/.local/lib/python3.12/site-packages/airflow/example_dags/example_bash_operator.py took 0.063 seconds
[2024-09-12T15:26:45.195+0000] {processor.py:186} INFO - Started process (PID=852) to work on /home/airflow/.local/lib/python3.12/site-packages/airflow/example_dags/example_bash_operator.py
[2024-09-12T15:26:45.196+0000] {processor.py:914} INFO - Processing file /home/airflow/.local/lib/python3.12/site-packages/airflow/example_dags/example_bash_operator.py for tasks to queue
[2024-09-12T15:26:45.198+0000] {logging_mixin.py:190} INFO - [2024-09-12T15:26:45.198+0000] {dagbag.py:587} INFO - Filling up the DagBag from /home/airflow/.local/lib/python3.12/site-packages/airflow/example_dags/example_bash_operator.py
[2024-09-12T15:26:45.208+0000] {processor.py:925} INFO - DAG(s) 'example_bash_operator' retrieved from /home/airflow/.local/lib/python3.12/site-packages/airflow/example_dags/example_bash_operator.py
[2024-09-12T15:26:45.227+0000] {logging_mixin.py:190} INFO - [2024-09-12T15:26:45.227+0000] {dag.py:3229} INFO - Sync 1 DAGs
[2024-09-12T15:26:45.242+0000] {logging_mixin.py:190} INFO - [2024-09-12T15:26:45.242+0000] {dag.py:4156} INFO - Setting next_dagrun for example_bash_operator to 2024-09-11 00:00:00+00:00, run_after=2024-09-12 00:00:00+00:00
[2024-09-12T15:26:45.253+0000] {processor.py:208} INFO - Processing /home/airflow/.local/lib/python3.12/site-packages/airflow/example_dags/example_bash_operator.py took 0.063 seconds
[2024-09-12T15:27:15.463+0000] {processor.py:186} INFO - Started process (PID=914) to work on /home/airflow/.local/lib/python3.12/site-packages/airflow/example_dags/example_bash_operator.py
[2024-09-12T15:27:15.466+0000] {processor.py:914} INFO - Processing file /home/airflow/.local/lib/python3.12/site-packages/airflow/example_dags/example_bash_operator.py for tasks to queue
[2024-09-12T15:27:15.469+0000] {logging_mixin.py:190} INFO - [2024-09-12T15:27:15.468+0000] {dagbag.py:587} INFO - Filling up the DagBag from /home/airflow/.local/lib/python3.12/site-packages/airflow/example_dags/example_bash_operator.py
[2024-09-12T15:27:15.479+0000] {processor.py:925} INFO - DAG(s) 'example_bash_operator' retrieved from /home/airflow/.local/lib/python3.12/site-packages/airflow/example_dags/example_bash_operator.py
[2024-09-12T15:27:15.508+0000] {logging_mixin.py:190} INFO - [2024-09-12T15:27:15.508+0000] {dag.py:3229} INFO - Sync 1 DAGs
[2024-09-12T15:27:15.539+0000] {logging_mixin.py:190} INFO - [2024-09-12T15:27:15.539+0000] {dag.py:4156} INFO - Setting next_dagrun for example_bash_operator to 2024-09-11 00:00:00+00:00, run_after=2024-09-12 00:00:00+00:00
[2024-09-12T15:27:15.563+0000] {processor.py:208} INFO - Processing /home/airflow/.local/lib/python3.12/site-packages/airflow/example_dags/example_bash_operator.py took 0.109 seconds
[2024-09-12T15:27:45.977+0000] {processor.py:186} INFO - Started process (PID=976) to work on /home/airflow/.local/lib/python3.12/site-packages/airflow/example_dags/example_bash_operator.py
[2024-09-12T15:27:45.980+0000] {processor.py:914} INFO - Processing file /home/airflow/.local/lib/python3.12/site-packages/airflow/example_dags/example_bash_operator.py for tasks to queue
[2024-09-12T15:27:45.985+0000] {logging_mixin.py:190} INFO - [2024-09-12T15:27:45.984+0000] {dagbag.py:587} INFO - Filling up the DagBag from /home/airflow/.local/lib/python3.12/site-packages/airflow/example_dags/example_bash_operator.py
[2024-09-12T15:27:45.998+0000] {processor.py:925} INFO - DAG(s) 'example_bash_operator' retrieved from /home/airflow/.local/lib/python3.12/site-packages/airflow/example_dags/example_bash_operator.py
[2024-09-12T15:27:46.032+0000] {logging_mixin.py:190} INFO - [2024-09-12T15:27:46.032+0000] {dag.py:3229} INFO - Sync 1 DAGs
[2024-09-12T15:27:46.051+0000] {logging_mixin.py:190} INFO - [2024-09-12T15:27:46.051+0000] {dag.py:4156} INFO - Setting next_dagrun for example_bash_operator to 2024-09-11 00:00:00+00:00, run_after=2024-09-12 00:00:00+00:00
[2024-09-12T15:27:46.072+0000] {processor.py:208} INFO - Processing /home/airflow/.local/lib/python3.12/site-packages/airflow/example_dags/example_bash_operator.py took 0.114 seconds
[2024-09-12T15:28:16.859+0000] {processor.py:186} INFO - Started process (PID=1038) to work on /home/airflow/.local/lib/python3.12/site-packages/airflow/example_dags/example_bash_operator.py
[2024-09-12T15:28:16.860+0000] {processor.py:914} INFO - Processing file /home/airflow/.local/lib/python3.12/site-packages/airflow/example_dags/example_bash_operator.py for tasks to queue
[2024-09-12T15:28:16.863+0000] {logging_mixin.py:190} INFO - [2024-09-12T15:28:16.862+0000] {dagbag.py:587} INFO - Filling up the DagBag from /home/airflow/.local/lib/python3.12/site-packages/airflow/example_dags/example_bash_operator.py
[2024-09-12T15:28:16.872+0000] {processor.py:925} INFO - DAG(s) 'example_bash_operator' retrieved from /home/airflow/.local/lib/python3.12/site-packages/airflow/example_dags/example_bash_operator.py
[2024-09-12T15:28:16.892+0000] {logging_mixin.py:190} INFO - [2024-09-12T15:28:16.892+0000] {dag.py:3229} INFO - Sync 1 DAGs
[2024-09-12T15:28:16.910+0000] {logging_mixin.py:190} INFO - [2024-09-12T15:28:16.910+0000] {dag.py:4156} INFO - Setting next_dagrun for example_bash_operator to 2024-09-11 00:00:00+00:00, run_after=2024-09-12 00:00:00+00:00
[2024-09-12T15:28:16.921+0000] {processor.py:208} INFO - Processing /home/airflow/.local/lib/python3.12/site-packages/airflow/example_dags/example_bash_operator.py took 0.066 seconds
[2024-09-12T15:28:47.440+0000] {processor.py:186} INFO - Started process (PID=1100) to work on /home/airflow/.local/lib/python3.12/site-packages/airflow/example_dags/example_bash_operator.py
[2024-09-12T15:28:47.441+0000] {processor.py:914} INFO - Processing file /home/airflow/.local/lib/python3.12/site-packages/airflow/example_dags/example_bash_operator.py for tasks to queue
[2024-09-12T15:28:47.444+0000] {logging_mixin.py:190} INFO - [2024-09-12T15:28:47.444+0000] {dagbag.py:587} INFO - Filling up the DagBag from /home/airflow/.local/lib/python3.12/site-packages/airflow/example_dags/example_bash_operator.py
[2024-09-12T15:28:47.455+0000] {processor.py:925} INFO - DAG(s) 'example_bash_operator' retrieved from /home/airflow/.local/lib/python3.12/site-packages/airflow/example_dags/example_bash_operator.py
[2024-09-12T15:28:47.474+0000] {logging_mixin.py:190} INFO - [2024-09-12T15:28:47.474+0000] {dag.py:3229} INFO - Sync 1 DAGs
[2024-09-12T15:28:47.489+0000] {logging_mixin.py:190} INFO - [2024-09-12T15:28:47.489+0000] {dag.py:4156} INFO - Setting next_dagrun for example_bash_operator to 2024-09-11 00:00:00+00:00, run_after=2024-09-12 00:00:00+00:00
[2024-09-12T15:28:47.500+0000] {processor.py:208} INFO - Processing /home/airflow/.local/lib/python3.12/site-packages/airflow/example_dags/example_bash_operator.py took 0.065 seconds
[2024-09-12T15:29:17.793+0000] {processor.py:186} INFO - Started process (PID=1162) to work on /home/airflow/.local/lib/python3.12/site-packages/airflow/example_dags/example_bash_operator.py
[2024-09-12T15:29:17.795+0000] {processor.py:914} INFO - Processing file /home/airflow/.local/lib/python3.12/site-packages/airflow/example_dags/example_bash_operator.py for tasks to queue
[2024-09-12T15:29:17.797+0000] {logging_mixin.py:190} INFO - [2024-09-12T15:29:17.797+0000] {dagbag.py:587} INFO - Filling up the DagBag from /home/airflow/.local/lib/python3.12/site-packages/airflow/example_dags/example_bash_operator.py
[2024-09-12T15:29:17.808+0000] {processor.py:925} INFO - DAG(s) 'example_bash_operator' retrieved from /home/airflow/.local/lib/python3.12/site-packages/airflow/example_dags/example_bash_operator.py
[2024-09-12T15:29:17.830+0000] {logging_mixin.py:190} INFO - [2024-09-12T15:29:17.829+0000] {dag.py:3229} INFO - Sync 1 DAGs
[2024-09-12T15:29:17.847+0000] {logging_mixin.py:190} INFO - [2024-09-12T15:29:17.847+0000] {dag.py:4156} INFO - Setting next_dagrun for example_bash_operator to 2024-09-11 00:00:00+00:00, run_after=2024-09-12 00:00:00+00:00
[2024-09-12T15:29:17.860+0000] {processor.py:208} INFO - Processing /home/airflow/.local/lib/python3.12/site-packages/airflow/example_dags/example_bash_operator.py took 0.072 seconds
[2024-09-12T15:29:48.205+0000] {processor.py:186} INFO - Started process (PID=1224) to work on /home/airflow/.local/lib/python3.12/site-packages/airflow/example_dags/example_bash_operator.py
[2024-09-12T15:29:48.206+0000] {processor.py:914} INFO - Processing file /home/airflow/.local/lib/python3.12/site-packages/airflow/example_dags/example_bash_operator.py for tasks to queue
[2024-09-12T15:29:48.208+0000] {logging_mixin.py:190} INFO - [2024-09-12T15:29:48.208+0000] {dagbag.py:587} INFO - Filling up the DagBag from /home/airflow/.local/lib/python3.12/site-packages/airflow/example_dags/example_bash_operator.py
[2024-09-12T15:29:48.218+0000] {processor.py:925} INFO - DAG(s) 'example_bash_operator' retrieved from /home/airflow/.local/lib/python3.12/site-packages/airflow/example_dags/example_bash_operator.py
[2024-09-12T15:29:48.239+0000] {logging_mixin.py:190} INFO - [2024-09-12T15:29:48.239+0000] {dag.py:3229} INFO - Sync 1 DAGs
[2024-09-12T15:29:48.253+0000] {logging_mixin.py:190} INFO - [2024-09-12T15:29:48.253+0000] {dag.py:4156} INFO - Setting next_dagrun for example_bash_operator to 2024-09-11 00:00:00+00:00, run_after=2024-09-12 00:00:00+00:00
[2024-09-12T15:29:48.267+0000] {processor.py:208} INFO - Processing /home/airflow/.local/lib/python3.12/site-packages/airflow/example_dags/example_bash_operator.py took 0.067 seconds
[2024-09-12T15:30:19.359+0000] {processor.py:186} INFO - Started process (PID=1286) to work on /home/airflow/.local/lib/python3.12/site-packages/airflow/example_dags/example_bash_operator.py
[2024-09-12T15:30:19.361+0000] {processor.py:914} INFO - Processing file /home/airflow/.local/lib/python3.12/site-packages/airflow/example_dags/example_bash_operator.py for tasks to queue
[2024-09-12T15:30:19.363+0000] {logging_mixin.py:190} INFO - [2024-09-12T15:30:19.363+0000] {dagbag.py:587} INFO - Filling up the DagBag from /home/airflow/.local/lib/python3.12/site-packages/airflow/example_dags/example_bash_operator.py
[2024-09-12T15:30:19.374+0000] {processor.py:925} INFO - DAG(s) 'example_bash_operator' retrieved from /home/airflow/.local/lib/python3.12/site-packages/airflow/example_dags/example_bash_operator.py
[2024-09-12T15:30:19.393+0000] {logging_mixin.py:190} INFO - [2024-09-12T15:30:19.393+0000] {dag.py:3229} INFO - Sync 1 DAGs
[2024-09-12T15:30:19.408+0000] {logging_mixin.py:190} INFO - [2024-09-12T15:30:19.407+0000] {dag.py:4156} INFO - Setting next_dagrun for example_bash_operator to 2024-09-11 00:00:00+00:00, run_after=2024-09-12 00:00:00+00:00
[2024-09-12T15:30:19.419+0000] {processor.py:208} INFO - Processing /home/airflow/.local/lib/python3.12/site-packages/airflow/example_dags/example_bash_operator.py took 0.064 seconds
[2024-09-12T15:30:50.576+0000] {processor.py:186} INFO - Started process (PID=1348) to work on /home/airflow/.local/lib/python3.12/site-packages/airflow/example_dags/example_bash_operator.py
[2024-09-12T15:30:50.577+0000] {processor.py:914} INFO - Processing file /home/airflow/.local/lib/python3.12/site-packages/airflow/example_dags/example_bash_operator.py for tasks to queue
[2024-09-12T15:30:50.580+0000] {logging_mixin.py:190} INFO - [2024-09-12T15:30:50.579+0000] {dagbag.py:587} INFO - Filling up the DagBag from /home/airflow/.local/lib/python3.12/site-packages/airflow/example_dags/example_bash_operator.py
[2024-09-12T15:30:50.590+0000] {processor.py:925} INFO - DAG(s) 'example_bash_operator' retrieved from /home/airflow/.local/lib/python3.12/site-packages/airflow/example_dags/example_bash_operator.py
[2024-09-12T15:30:50.611+0000] {logging_mixin.py:190} INFO - [2024-09-12T15:30:50.610+0000] {dag.py:3229} INFO - Sync 1 DAGs
[2024-09-12T15:30:50.625+0000] {logging_mixin.py:190} INFO - [2024-09-12T15:30:50.625+0000] {dag.py:4156} INFO - Setting next_dagrun for example_bash_operator to 2024-09-11 00:00:00+00:00, run_after=2024-09-12 00:00:00+00:00
[2024-09-12T15:30:50.635+0000] {processor.py:208} INFO - Processing /home/airflow/.local/lib/python3.12/site-packages/airflow/example_dags/example_bash_operator.py took 0.064 seconds
[2024-09-12T15:31:20.902+0000] {processor.py:186} INFO - Started process (PID=1410) to work on /home/airflow/.local/lib/python3.12/site-packages/airflow/example_dags/example_bash_operator.py
[2024-09-12T15:31:20.904+0000] {processor.py:914} INFO - Processing file /home/airflow/.local/lib/python3.12/site-packages/airflow/example_dags/example_bash_operator.py for tasks to queue
[2024-09-12T15:31:20.906+0000] {logging_mixin.py:190} INFO - [2024-09-12T15:31:20.906+0000] {dagbag.py:587} INFO - Filling up the DagBag from /home/airflow/.local/lib/python3.12/site-packages/airflow/example_dags/example_bash_operator.py
[2024-09-12T15:31:20.916+0000] {processor.py:925} INFO - DAG(s) 'example_bash_operator' retrieved from /home/airflow/.local/lib/python3.12/site-packages/airflow/example_dags/example_bash_operator.py
[2024-09-12T15:31:20.935+0000] {logging_mixin.py:190} INFO - [2024-09-12T15:31:20.934+0000] {dag.py:3229} INFO - Sync 1 DAGs
[2024-09-12T15:31:20.949+0000] {logging_mixin.py:190} INFO - [2024-09-12T15:31:20.949+0000] {dag.py:4156} INFO - Setting next_dagrun for example_bash_operator to 2024-09-11 00:00:00+00:00, run_after=2024-09-12 00:00:00+00:00
[2024-09-12T15:31:20.962+0000] {processor.py:208} INFO - Processing /home/airflow/.local/lib/python3.12/site-packages/airflow/example_dags/example_bash_operator.py took 0.064 seconds
[2024-09-12T15:31:51.206+0000] {processor.py:186} INFO - Started process (PID=1472) to work on /home/airflow/.local/lib/python3.12/site-packages/airflow/example_dags/example_bash_operator.py
[2024-09-12T15:31:51.208+0000] {processor.py:914} INFO - Processing file /home/airflow/.local/lib/python3.12/site-packages/airflow/example_dags/example_bash_operator.py for tasks to queue
[2024-09-12T15:31:51.210+0000] {logging_mixin.py:190} INFO - [2024-09-12T15:31:51.210+0000] {dagbag.py:587} INFO - Filling up the DagBag from /home/airflow/.local/lib/python3.12/site-packages/airflow/example_dags/example_bash_operator.py
[2024-09-12T15:31:51.221+0000] {processor.py:925} INFO - DAG(s) 'example_bash_operator' retrieved from /home/airflow/.local/lib/python3.12/site-packages/airflow/example_dags/example_bash_operator.py
[2024-09-12T15:31:51.240+0000] {logging_mixin.py:190} INFO - [2024-09-12T15:31:51.240+0000] {dag.py:3229} INFO - Sync 1 DAGs
[2024-09-12T15:31:51.255+0000] {logging_mixin.py:190} INFO - [2024-09-12T15:31:51.255+0000] {dag.py:4156} INFO - Setting next_dagrun for example_bash_operator to 2024-09-11 00:00:00+00:00, run_after=2024-09-12 00:00:00+00:00
[2024-09-12T15:31:51.266+0000] {processor.py:208} INFO - Processing /home/airflow/.local/lib/python3.12/site-packages/airflow/example_dags/example_bash_operator.py took 0.065 seconds
[2024-09-12T15:32:21.412+0000] {processor.py:186} INFO - Started process (PID=1533) to work on /home/airflow/.local/lib/python3.12/site-packages/airflow/example_dags/example_bash_operator.py
[2024-09-12T15:32:21.413+0000] {processor.py:914} INFO - Processing file /home/airflow/.local/lib/python3.12/site-packages/airflow/example_dags/example_bash_operator.py for tasks to queue
[2024-09-12T15:32:21.416+0000] {logging_mixin.py:190} INFO - [2024-09-12T15:32:21.415+0000] {dagbag.py:587} INFO - Filling up the DagBag from /home/airflow/.local/lib/python3.12/site-packages/airflow/example_dags/example_bash_operator.py
[2024-09-12T15:32:21.426+0000] {processor.py:925} INFO - DAG(s) 'example_bash_operator' retrieved from /home/airflow/.local/lib/python3.12/site-packages/airflow/example_dags/example_bash_operator.py
[2024-09-12T15:32:21.444+0000] {logging_mixin.py:190} INFO - [2024-09-12T15:32:21.444+0000] {dag.py:3229} INFO - Sync 1 DAGs
[2024-09-12T15:32:21.459+0000] {logging_mixin.py:190} INFO - [2024-09-12T15:32:21.459+0000] {dag.py:4156} INFO - Setting next_dagrun for example_bash_operator to 2024-09-11 00:00:00+00:00, run_after=2024-09-12 00:00:00+00:00
[2024-09-12T15:32:21.469+0000] {processor.py:208} INFO - Processing /home/airflow/.local/lib/python3.12/site-packages/airflow/example_dags/example_bash_operator.py took 0.061 seconds
[2024-09-12T15:32:51.681+0000] {processor.py:186} INFO - Started process (PID=1594) to work on /home/airflow/.local/lib/python3.12/site-packages/airflow/example_dags/example_bash_operator.py
[2024-09-12T15:32:51.682+0000] {processor.py:914} INFO - Processing file /home/airflow/.local/lib/python3.12/site-packages/airflow/example_dags/example_bash_operator.py for tasks to queue
[2024-09-12T15:32:51.685+0000] {logging_mixin.py:190} INFO - [2024-09-12T15:32:51.685+0000] {dagbag.py:587} INFO - Filling up the DagBag from /home/airflow/.local/lib/python3.12/site-packages/airflow/example_dags/example_bash_operator.py
[2024-09-12T15:32:51.695+0000] {processor.py:925} INFO - DAG(s) 'example_bash_operator' retrieved from /home/airflow/.local/lib/python3.12/site-packages/airflow/example_dags/example_bash_operator.py
[2024-09-12T15:32:51.715+0000] {logging_mixin.py:190} INFO - [2024-09-12T15:32:51.715+0000] {dag.py:3229} INFO - Sync 1 DAGs
[2024-09-12T15:32:51.731+0000] {logging_mixin.py:190} INFO - [2024-09-12T15:32:51.731+0000] {dag.py:4156} INFO - Setting next_dagrun for example_bash_operator to 2024-09-11 00:00:00+00:00, run_after=2024-09-12 00:00:00+00:00
[2024-09-12T15:32:51.742+0000] {processor.py:208} INFO - Processing /home/airflow/.local/lib/python3.12/site-packages/airflow/example_dags/example_bash_operator.py took 0.066 seconds
[2024-09-12T15:33:22.058+0000] {processor.py:186} INFO - Started process (PID=1656) to work on /home/airflow/.local/lib/python3.12/site-packages/airflow/example_dags/example_bash_operator.py
[2024-09-12T15:33:22.059+0000] {processor.py:914} INFO - Processing file /home/airflow/.local/lib/python3.12/site-packages/airflow/example_dags/example_bash_operator.py for tasks to queue
[2024-09-12T15:33:22.062+0000] {logging_mixin.py:190} INFO - [2024-09-12T15:33:22.062+0000] {dagbag.py:587} INFO - Filling up the DagBag from /home/airflow/.local/lib/python3.12/site-packages/airflow/example_dags/example_bash_operator.py
[2024-09-12T15:33:22.072+0000] {processor.py:925} INFO - DAG(s) 'example_bash_operator' retrieved from /home/airflow/.local/lib/python3.12/site-packages/airflow/example_dags/example_bash_operator.py
[2024-09-12T15:33:22.092+0000] {logging_mixin.py:190} INFO - [2024-09-12T15:33:22.092+0000] {dag.py:3229} INFO - Sync 1 DAGs
[2024-09-12T15:33:22.106+0000] {logging_mixin.py:190} INFO - [2024-09-12T15:33:22.106+0000] {dag.py:4156} INFO - Setting next_dagrun for example_bash_operator to 2024-09-11 00:00:00+00:00, run_after=2024-09-12 00:00:00+00:00
[2024-09-12T15:33:22.117+0000] {processor.py:208} INFO - Processing /home/airflow/.local/lib/python3.12/site-packages/airflow/example_dags/example_bash_operator.py took 0.063 seconds
[2024-09-12T15:33:52.408+0000] {processor.py:186} INFO - Started process (PID=1718) to work on /home/airflow/.local/lib/python3.12/site-packages/airflow/example_dags/example_bash_operator.py
[2024-09-12T15:33:52.410+0000] {processor.py:914} INFO - Processing file /home/airflow/.local/lib/python3.12/site-packages/airflow/example_dags/example_bash_operator.py for tasks to queue
[2024-09-12T15:33:52.412+0000] {logging_mixin.py:190} INFO - [2024-09-12T15:33:52.412+0000] {dagbag.py:587} INFO - Filling up the DagBag from /home/airflow/.local/lib/python3.12/site-packages/airflow/example_dags/example_bash_operator.py
[2024-09-12T15:33:52.423+0000] {processor.py:925} INFO - DAG(s) 'example_bash_operator' retrieved from /home/airflow/.local/lib/python3.12/site-packages/airflow/example_dags/example_bash_operator.py
[2024-09-12T15:33:52.446+0000] {logging_mixin.py:190} INFO - [2024-09-12T15:33:52.446+0000] {dag.py:3229} INFO - Sync 1 DAGs
[2024-09-12T15:33:52.460+0000] {logging_mixin.py:190} INFO - [2024-09-12T15:33:52.460+0000] {dag.py:4156} INFO - Setting next_dagrun for example_bash_operator to 2024-09-11 00:00:00+00:00, run_after=2024-09-12 00:00:00+00:00
[2024-09-12T15:33:52.470+0000] {processor.py:208} INFO - Processing /home/airflow/.local/lib/python3.12/site-packages/airflow/example_dags/example_bash_operator.py took 0.067 seconds
