[2024-09-12T15:20:05.016+0000] {processor.py:186} INFO - Started process (PID=31) to work on /home/airflow/.local/lib/python3.12/site-packages/airflow/example_dags/example_external_task_marker_dag.py
[2024-09-12T15:20:05.024+0000] {processor.py:914} INFO - Processing file /home/airflow/.local/lib/python3.12/site-packages/airflow/example_dags/example_external_task_marker_dag.py for tasks to queue
[2024-09-12T15:20:05.028+0000] {logging_mixin.py:190} INFO - [2024-09-12T15:20:05.027+0000] {dagbag.py:587} INFO - Filling up the DagBag from /home/airflow/.local/lib/python3.12/site-packages/airflow/example_dags/example_external_task_marker_dag.py
[2024-09-12T15:20:05.037+0000] {processor.py:925} INFO - DAG(s) 'example_external_task_marker_child', 'example_external_task_marker_parent' retrieved from /home/airflow/.local/lib/python3.12/site-packages/airflow/example_dags/example_external_task_marker_dag.py
[2024-09-12T15:20:05.183+0000] {logging_mixin.py:190} INFO - [2024-09-12T15:20:05.182+0000] {override.py:1900} INFO - Created Permission View: can read on DAG:example_external_task_marker_child
[2024-09-12T15:20:05.194+0000] {logging_mixin.py:190} INFO - [2024-09-12T15:20:05.194+0000] {override.py:1900} INFO - Created Permission View: can delete on DAG:example_external_task_marker_child
[2024-09-12T15:20:05.198+0000] {logging_mixin.py:190} INFO - [2024-09-12T15:20:05.198+0000] {override.py:1900} INFO - Created Permission View: can edit on DAG:example_external_task_marker_child
[2024-09-12T15:20:05.203+0000] {logging_mixin.py:190} INFO - [2024-09-12T15:20:05.203+0000] {override.py:1900} INFO - Created Permission View: can read on DAG Run:example_external_task_marker_child
[2024-09-12T15:20:05.208+0000] {logging_mixin.py:190} INFO - [2024-09-12T15:20:05.208+0000] {override.py:1900} INFO - Created Permission View: can create on DAG Run:example_external_task_marker_child
[2024-09-12T15:20:05.212+0000] {logging_mixin.py:190} INFO - [2024-09-12T15:20:05.212+0000] {override.py:1900} INFO - Created Permission View: menu access on DAG Run:example_external_task_marker_child
[2024-09-12T15:20:05.217+0000] {logging_mixin.py:190} INFO - [2024-09-12T15:20:05.217+0000] {override.py:1900} INFO - Created Permission View: can delete on DAG Run:example_external_task_marker_child
[2024-09-12T15:20:05.226+0000] {logging_mixin.py:190} INFO - [2024-09-12T15:20:05.225+0000] {override.py:1900} INFO - Created Permission View: can read on DAG:example_external_task_marker_parent
[2024-09-12T15:20:05.231+0000] {logging_mixin.py:190} INFO - [2024-09-12T15:20:05.231+0000] {override.py:1900} INFO - Created Permission View: can delete on DAG:example_external_task_marker_parent
[2024-09-12T15:20:05.234+0000] {logging_mixin.py:190} INFO - [2024-09-12T15:20:05.234+0000] {override.py:1900} INFO - Created Permission View: can edit on DAG:example_external_task_marker_parent
[2024-09-12T15:20:05.238+0000] {logging_mixin.py:190} INFO - [2024-09-12T15:20:05.238+0000] {override.py:1900} INFO - Created Permission View: can read on DAG Run:example_external_task_marker_parent
[2024-09-12T15:20:05.243+0000] {logging_mixin.py:190} INFO - [2024-09-12T15:20:05.243+0000] {override.py:1900} INFO - Created Permission View: can create on DAG Run:example_external_task_marker_parent
[2024-09-12T15:20:05.248+0000] {logging_mixin.py:190} INFO - [2024-09-12T15:20:05.248+0000] {override.py:1900} INFO - Created Permission View: menu access on DAG Run:example_external_task_marker_parent
[2024-09-12T15:20:05.252+0000] {logging_mixin.py:190} INFO - [2024-09-12T15:20:05.252+0000] {override.py:1900} INFO - Created Permission View: can delete on DAG Run:example_external_task_marker_parent
[2024-09-12T15:20:05.253+0000] {logging_mixin.py:190} INFO - [2024-09-12T15:20:05.253+0000] {dag.py:3229} INFO - Sync 2 DAGs
[2024-09-12T15:20:05.263+0000] {logging_mixin.py:190} INFO - [2024-09-12T15:20:05.263+0000] {dag.py:3252} INFO - Creating ORM DAG for example_external_task_marker_parent
[2024-09-12T15:20:05.265+0000] {logging_mixin.py:190} INFO - [2024-09-12T15:20:05.265+0000] {dag.py:3252} INFO - Creating ORM DAG for example_external_task_marker_child
[2024-09-12T15:20:05.271+0000] {logging_mixin.py:190} INFO - [2024-09-12T15:20:05.271+0000] {dag.py:4156} INFO - Setting next_dagrun for example_external_task_marker_child to None, run_after=None
[2024-09-12T15:20:05.276+0000] {logging_mixin.py:190} INFO - [2024-09-12T15:20:05.276+0000] {dag.py:4156} INFO - Setting next_dagrun for example_external_task_marker_parent to None, run_after=None
[2024-09-12T15:20:05.317+0000] {processor.py:208} INFO - Processing /home/airflow/.local/lib/python3.12/site-packages/airflow/example_dags/example_external_task_marker_dag.py took 0.306 seconds
[2024-09-12T15:20:35.732+0000] {processor.py:186} INFO - Started process (PID=94) to work on /home/airflow/.local/lib/python3.12/site-packages/airflow/example_dags/example_external_task_marker_dag.py
[2024-09-12T15:20:35.734+0000] {processor.py:914} INFO - Processing file /home/airflow/.local/lib/python3.12/site-packages/airflow/example_dags/example_external_task_marker_dag.py for tasks to queue
[2024-09-12T15:20:35.736+0000] {logging_mixin.py:190} INFO - [2024-09-12T15:20:35.735+0000] {dagbag.py:587} INFO - Filling up the DagBag from /home/airflow/.local/lib/python3.12/site-packages/airflow/example_dags/example_external_task_marker_dag.py
[2024-09-12T15:20:35.742+0000] {processor.py:925} INFO - DAG(s) 'example_external_task_marker_parent', 'example_external_task_marker_child' retrieved from /home/airflow/.local/lib/python3.12/site-packages/airflow/example_dags/example_external_task_marker_dag.py
[2024-09-12T15:20:35.761+0000] {logging_mixin.py:190} INFO - [2024-09-12T15:20:35.761+0000] {dag.py:3229} INFO - Sync 2 DAGs
[2024-09-12T15:20:35.770+0000] {logging_mixin.py:190} INFO - [2024-09-12T15:20:35.770+0000] {dag.py:4156} INFO - Setting next_dagrun for example_external_task_marker_child to None, run_after=None
[2024-09-12T15:20:35.773+0000] {logging_mixin.py:190} INFO - [2024-09-12T15:20:35.773+0000] {dag.py:4156} INFO - Setting next_dagrun for example_external_task_marker_parent to None, run_after=None
[2024-09-12T15:20:35.783+0000] {processor.py:208} INFO - Processing /home/airflow/.local/lib/python3.12/site-packages/airflow/example_dags/example_external_task_marker_dag.py took 0.055 seconds
[2024-09-12T15:21:06.219+0000] {processor.py:186} INFO - Started process (PID=157) to work on /home/airflow/.local/lib/python3.12/site-packages/airflow/example_dags/example_external_task_marker_dag.py
[2024-09-12T15:21:06.226+0000] {processor.py:914} INFO - Processing file /home/airflow/.local/lib/python3.12/site-packages/airflow/example_dags/example_external_task_marker_dag.py for tasks to queue
[2024-09-12T15:21:06.228+0000] {logging_mixin.py:190} INFO - [2024-09-12T15:21:06.228+0000] {dagbag.py:587} INFO - Filling up the DagBag from /home/airflow/.local/lib/python3.12/site-packages/airflow/example_dags/example_external_task_marker_dag.py
[2024-09-12T15:21:06.238+0000] {processor.py:925} INFO - DAG(s) 'example_external_task_marker_child', 'example_external_task_marker_parent' retrieved from /home/airflow/.local/lib/python3.12/site-packages/airflow/example_dags/example_external_task_marker_dag.py
[2024-09-12T15:21:06.267+0000] {logging_mixin.py:190} INFO - [2024-09-12T15:21:06.267+0000] {dag.py:3229} INFO - Sync 2 DAGs
[2024-09-12T15:21:06.284+0000] {logging_mixin.py:190} INFO - [2024-09-12T15:21:06.284+0000] {dag.py:4156} INFO - Setting next_dagrun for example_external_task_marker_child to None, run_after=None
[2024-09-12T15:21:06.288+0000] {logging_mixin.py:190} INFO - [2024-09-12T15:21:06.288+0000] {dag.py:4156} INFO - Setting next_dagrun for example_external_task_marker_parent to None, run_after=None
[2024-09-12T15:21:06.333+0000] {processor.py:208} INFO - Processing /home/airflow/.local/lib/python3.12/site-packages/airflow/example_dags/example_external_task_marker_dag.py took 0.120 seconds
[2024-09-12T15:21:36.949+0000] {processor.py:186} INFO - Started process (PID=219) to work on /home/airflow/.local/lib/python3.12/site-packages/airflow/example_dags/example_external_task_marker_dag.py
[2024-09-12T15:21:36.950+0000] {processor.py:914} INFO - Processing file /home/airflow/.local/lib/python3.12/site-packages/airflow/example_dags/example_external_task_marker_dag.py for tasks to queue
[2024-09-12T15:21:36.953+0000] {logging_mixin.py:190} INFO - [2024-09-12T15:21:36.953+0000] {dagbag.py:587} INFO - Filling up the DagBag from /home/airflow/.local/lib/python3.12/site-packages/airflow/example_dags/example_external_task_marker_dag.py
[2024-09-12T15:21:36.960+0000] {processor.py:925} INFO - DAG(s) 'example_external_task_marker_child', 'example_external_task_marker_parent' retrieved from /home/airflow/.local/lib/python3.12/site-packages/airflow/example_dags/example_external_task_marker_dag.py
[2024-09-12T15:21:36.979+0000] {logging_mixin.py:190} INFO - [2024-09-12T15:21:36.979+0000] {dag.py:3229} INFO - Sync 2 DAGs
[2024-09-12T15:21:36.990+0000] {logging_mixin.py:190} INFO - [2024-09-12T15:21:36.989+0000] {dag.py:4156} INFO - Setting next_dagrun for example_external_task_marker_child to None, run_after=None
[2024-09-12T15:21:36.992+0000] {logging_mixin.py:190} INFO - [2024-09-12T15:21:36.992+0000] {dag.py:4156} INFO - Setting next_dagrun for example_external_task_marker_parent to None, run_after=None
[2024-09-12T15:21:37.001+0000] {processor.py:208} INFO - Processing /home/airflow/.local/lib/python3.12/site-packages/airflow/example_dags/example_external_task_marker_dag.py took 0.057 seconds
[2024-09-12T15:22:08.032+0000] {processor.py:186} INFO - Started process (PID=281) to work on /home/airflow/.local/lib/python3.12/site-packages/airflow/example_dags/example_external_task_marker_dag.py
[2024-09-12T15:22:08.033+0000] {processor.py:914} INFO - Processing file /home/airflow/.local/lib/python3.12/site-packages/airflow/example_dags/example_external_task_marker_dag.py for tasks to queue
[2024-09-12T15:22:08.035+0000] {logging_mixin.py:190} INFO - [2024-09-12T15:22:08.035+0000] {dagbag.py:587} INFO - Filling up the DagBag from /home/airflow/.local/lib/python3.12/site-packages/airflow/example_dags/example_external_task_marker_dag.py
[2024-09-12T15:22:08.042+0000] {processor.py:925} INFO - DAG(s) 'example_external_task_marker_child', 'example_external_task_marker_parent' retrieved from /home/airflow/.local/lib/python3.12/site-packages/airflow/example_dags/example_external_task_marker_dag.py
[2024-09-12T15:22:08.064+0000] {logging_mixin.py:190} INFO - [2024-09-12T15:22:08.064+0000] {dag.py:3229} INFO - Sync 2 DAGs
[2024-09-12T15:22:08.075+0000] {logging_mixin.py:190} INFO - [2024-09-12T15:22:08.075+0000] {dag.py:4156} INFO - Setting next_dagrun for example_external_task_marker_child to None, run_after=None
[2024-09-12T15:22:08.078+0000] {logging_mixin.py:190} INFO - [2024-09-12T15:22:08.078+0000] {dag.py:4156} INFO - Setting next_dagrun for example_external_task_marker_parent to None, run_after=None
[2024-09-12T15:22:08.089+0000] {processor.py:208} INFO - Processing /home/airflow/.local/lib/python3.12/site-packages/airflow/example_dags/example_external_task_marker_dag.py took 0.061 seconds
[2024-09-12T15:22:38.892+0000] {processor.py:186} INFO - Started process (PID=343) to work on /home/airflow/.local/lib/python3.12/site-packages/airflow/example_dags/example_external_task_marker_dag.py
[2024-09-12T15:22:38.893+0000] {processor.py:914} INFO - Processing file /home/airflow/.local/lib/python3.12/site-packages/airflow/example_dags/example_external_task_marker_dag.py for tasks to queue
[2024-09-12T15:22:38.896+0000] {logging_mixin.py:190} INFO - [2024-09-12T15:22:38.895+0000] {dagbag.py:587} INFO - Filling up the DagBag from /home/airflow/.local/lib/python3.12/site-packages/airflow/example_dags/example_external_task_marker_dag.py
[2024-09-12T15:22:38.902+0000] {processor.py:925} INFO - DAG(s) 'example_external_task_marker_parent', 'example_external_task_marker_child' retrieved from /home/airflow/.local/lib/python3.12/site-packages/airflow/example_dags/example_external_task_marker_dag.py
[2024-09-12T15:22:38.931+0000] {logging_mixin.py:190} INFO - [2024-09-12T15:22:38.931+0000] {dag.py:3229} INFO - Sync 2 DAGs
[2024-09-12T15:22:38.941+0000] {logging_mixin.py:190} INFO - [2024-09-12T15:22:38.941+0000] {dag.py:4156} INFO - Setting next_dagrun for example_external_task_marker_child to None, run_after=None
[2024-09-12T15:22:38.944+0000] {logging_mixin.py:190} INFO - [2024-09-12T15:22:38.944+0000] {dag.py:4156} INFO - Setting next_dagrun for example_external_task_marker_parent to None, run_after=None
[2024-09-12T15:22:38.953+0000] {processor.py:208} INFO - Processing /home/airflow/.local/lib/python3.12/site-packages/airflow/example_dags/example_external_task_marker_dag.py took 0.067 seconds
[2024-09-12T15:23:09.031+0000] {processor.py:186} INFO - Started process (PID=405) to work on /home/airflow/.local/lib/python3.12/site-packages/airflow/example_dags/example_external_task_marker_dag.py
[2024-09-12T15:23:09.032+0000] {processor.py:914} INFO - Processing file /home/airflow/.local/lib/python3.12/site-packages/airflow/example_dags/example_external_task_marker_dag.py for tasks to queue
[2024-09-12T15:23:09.034+0000] {logging_mixin.py:190} INFO - [2024-09-12T15:23:09.034+0000] {dagbag.py:587} INFO - Filling up the DagBag from /home/airflow/.local/lib/python3.12/site-packages/airflow/example_dags/example_external_task_marker_dag.py
[2024-09-12T15:23:09.042+0000] {processor.py:925} INFO - DAG(s) 'example_external_task_marker_parent', 'example_external_task_marker_child' retrieved from /home/airflow/.local/lib/python3.12/site-packages/airflow/example_dags/example_external_task_marker_dag.py
[2024-09-12T15:23:09.060+0000] {logging_mixin.py:190} INFO - [2024-09-12T15:23:09.059+0000] {dag.py:3229} INFO - Sync 2 DAGs
[2024-09-12T15:23:09.069+0000] {logging_mixin.py:190} INFO - [2024-09-12T15:23:09.069+0000] {dag.py:4156} INFO - Setting next_dagrun for example_external_task_marker_child to None, run_after=None
[2024-09-12T15:23:09.071+0000] {logging_mixin.py:190} INFO - [2024-09-12T15:23:09.071+0000] {dag.py:4156} INFO - Setting next_dagrun for example_external_task_marker_parent to None, run_after=None
[2024-09-12T15:23:09.081+0000] {processor.py:208} INFO - Processing /home/airflow/.local/lib/python3.12/site-packages/airflow/example_dags/example_external_task_marker_dag.py took 0.054 seconds
[2024-09-12T15:23:39.345+0000] {processor.py:186} INFO - Started process (PID=467) to work on /home/airflow/.local/lib/python3.12/site-packages/airflow/example_dags/example_external_task_marker_dag.py
[2024-09-12T15:23:39.347+0000] {processor.py:914} INFO - Processing file /home/airflow/.local/lib/python3.12/site-packages/airflow/example_dags/example_external_task_marker_dag.py for tasks to queue
[2024-09-12T15:23:39.350+0000] {logging_mixin.py:190} INFO - [2024-09-12T15:23:39.349+0000] {dagbag.py:587} INFO - Filling up the DagBag from /home/airflow/.local/lib/python3.12/site-packages/airflow/example_dags/example_external_task_marker_dag.py
[2024-09-12T15:23:39.357+0000] {processor.py:925} INFO - DAG(s) 'example_external_task_marker_child', 'example_external_task_marker_parent' retrieved from /home/airflow/.local/lib/python3.12/site-packages/airflow/example_dags/example_external_task_marker_dag.py
[2024-09-12T15:23:39.426+0000] {logging_mixin.py:190} INFO - [2024-09-12T15:23:39.426+0000] {dag.py:3229} INFO - Sync 2 DAGs
[2024-09-12T15:23:39.453+0000] {logging_mixin.py:190} INFO - [2024-09-12T15:23:39.452+0000] {dag.py:4156} INFO - Setting next_dagrun for example_external_task_marker_child to None, run_after=None
[2024-09-12T15:23:39.456+0000] {logging_mixin.py:190} INFO - [2024-09-12T15:23:39.456+0000] {dag.py:4156} INFO - Setting next_dagrun for example_external_task_marker_parent to None, run_after=None
[2024-09-12T15:23:39.468+0000] {processor.py:208} INFO - Processing /home/airflow/.local/lib/python3.12/site-packages/airflow/example_dags/example_external_task_marker_dag.py took 0.129 seconds
[2024-09-12T15:24:09.609+0000] {processor.py:186} INFO - Started process (PID=528) to work on /home/airflow/.local/lib/python3.12/site-packages/airflow/example_dags/example_external_task_marker_dag.py
[2024-09-12T15:24:09.610+0000] {processor.py:914} INFO - Processing file /home/airflow/.local/lib/python3.12/site-packages/airflow/example_dags/example_external_task_marker_dag.py for tasks to queue
[2024-09-12T15:24:09.613+0000] {logging_mixin.py:190} INFO - [2024-09-12T15:24:09.613+0000] {dagbag.py:587} INFO - Filling up the DagBag from /home/airflow/.local/lib/python3.12/site-packages/airflow/example_dags/example_external_task_marker_dag.py
[2024-09-12T15:24:09.620+0000] {processor.py:925} INFO - DAG(s) 'example_external_task_marker_child', 'example_external_task_marker_parent' retrieved from /home/airflow/.local/lib/python3.12/site-packages/airflow/example_dags/example_external_task_marker_dag.py
[2024-09-12T15:24:09.639+0000] {logging_mixin.py:190} INFO - [2024-09-12T15:24:09.638+0000] {dag.py:3229} INFO - Sync 2 DAGs
[2024-09-12T15:24:09.648+0000] {logging_mixin.py:190} INFO - [2024-09-12T15:24:09.648+0000] {dag.py:4156} INFO - Setting next_dagrun for example_external_task_marker_child to None, run_after=None
[2024-09-12T15:24:09.651+0000] {logging_mixin.py:190} INFO - [2024-09-12T15:24:09.651+0000] {dag.py:4156} INFO - Setting next_dagrun for example_external_task_marker_parent to None, run_after=None
[2024-09-12T15:24:09.665+0000] {processor.py:208} INFO - Processing /home/airflow/.local/lib/python3.12/site-packages/airflow/example_dags/example_external_task_marker_dag.py took 0.060 seconds
[2024-09-12T15:24:40.567+0000] {processor.py:186} INFO - Started process (PID=590) to work on /home/airflow/.local/lib/python3.12/site-packages/airflow/example_dags/example_external_task_marker_dag.py
[2024-09-12T15:24:40.568+0000] {processor.py:914} INFO - Processing file /home/airflow/.local/lib/python3.12/site-packages/airflow/example_dags/example_external_task_marker_dag.py for tasks to queue
[2024-09-12T15:24:40.571+0000] {logging_mixin.py:190} INFO - [2024-09-12T15:24:40.570+0000] {dagbag.py:587} INFO - Filling up the DagBag from /home/airflow/.local/lib/python3.12/site-packages/airflow/example_dags/example_external_task_marker_dag.py
[2024-09-12T15:24:40.577+0000] {processor.py:925} INFO - DAG(s) 'example_external_task_marker_parent', 'example_external_task_marker_child' retrieved from /home/airflow/.local/lib/python3.12/site-packages/airflow/example_dags/example_external_task_marker_dag.py
[2024-09-12T15:24:40.595+0000] {logging_mixin.py:190} INFO - [2024-09-12T15:24:40.595+0000] {dag.py:3229} INFO - Sync 2 DAGs
[2024-09-12T15:24:40.605+0000] {logging_mixin.py:190} INFO - [2024-09-12T15:24:40.605+0000] {dag.py:4156} INFO - Setting next_dagrun for example_external_task_marker_child to None, run_after=None
[2024-09-12T15:24:40.607+0000] {logging_mixin.py:190} INFO - [2024-09-12T15:24:40.607+0000] {dag.py:4156} INFO - Setting next_dagrun for example_external_task_marker_parent to None, run_after=None
[2024-09-12T15:24:40.618+0000] {processor.py:208} INFO - Processing /home/airflow/.local/lib/python3.12/site-packages/airflow/example_dags/example_external_task_marker_dag.py took 0.055 seconds
[2024-09-12T15:25:10.903+0000] {processor.py:186} INFO - Started process (PID=652) to work on /home/airflow/.local/lib/python3.12/site-packages/airflow/example_dags/example_external_task_marker_dag.py
[2024-09-12T15:25:10.904+0000] {processor.py:914} INFO - Processing file /home/airflow/.local/lib/python3.12/site-packages/airflow/example_dags/example_external_task_marker_dag.py for tasks to queue
[2024-09-12T15:25:10.906+0000] {logging_mixin.py:190} INFO - [2024-09-12T15:25:10.906+0000] {dagbag.py:587} INFO - Filling up the DagBag from /home/airflow/.local/lib/python3.12/site-packages/airflow/example_dags/example_external_task_marker_dag.py
[2024-09-12T15:25:10.913+0000] {processor.py:925} INFO - DAG(s) 'example_external_task_marker_parent', 'example_external_task_marker_child' retrieved from /home/airflow/.local/lib/python3.12/site-packages/airflow/example_dags/example_external_task_marker_dag.py
[2024-09-12T15:25:10.931+0000] {logging_mixin.py:190} INFO - [2024-09-12T15:25:10.931+0000] {dag.py:3229} INFO - Sync 2 DAGs
[2024-09-12T15:25:10.942+0000] {logging_mixin.py:190} INFO - [2024-09-12T15:25:10.942+0000] {dag.py:4156} INFO - Setting next_dagrun for example_external_task_marker_child to None, run_after=None
[2024-09-12T15:25:10.945+0000] {logging_mixin.py:190} INFO - [2024-09-12T15:25:10.945+0000] {dag.py:4156} INFO - Setting next_dagrun for example_external_task_marker_parent to None, run_after=None
[2024-09-12T15:25:10.954+0000] {processor.py:208} INFO - Processing /home/airflow/.local/lib/python3.12/site-packages/airflow/example_dags/example_external_task_marker_dag.py took 0.056 seconds
[2024-09-12T15:25:41.210+0000] {processor.py:186} INFO - Started process (PID=714) to work on /home/airflow/.local/lib/python3.12/site-packages/airflow/example_dags/example_external_task_marker_dag.py
[2024-09-12T15:25:41.212+0000] {processor.py:914} INFO - Processing file /home/airflow/.local/lib/python3.12/site-packages/airflow/example_dags/example_external_task_marker_dag.py for tasks to queue
[2024-09-12T15:25:41.214+0000] {logging_mixin.py:190} INFO - [2024-09-12T15:25:41.214+0000] {dagbag.py:587} INFO - Filling up the DagBag from /home/airflow/.local/lib/python3.12/site-packages/airflow/example_dags/example_external_task_marker_dag.py
[2024-09-12T15:25:41.221+0000] {processor.py:925} INFO - DAG(s) 'example_external_task_marker_parent', 'example_external_task_marker_child' retrieved from /home/airflow/.local/lib/python3.12/site-packages/airflow/example_dags/example_external_task_marker_dag.py
[2024-09-12T15:25:41.241+0000] {logging_mixin.py:190} INFO - [2024-09-12T15:25:41.241+0000] {dag.py:3229} INFO - Sync 2 DAGs
[2024-09-12T15:25:41.252+0000] {logging_mixin.py:190} INFO - [2024-09-12T15:25:41.252+0000] {dag.py:4156} INFO - Setting next_dagrun for example_external_task_marker_child to None, run_after=None
[2024-09-12T15:25:41.255+0000] {logging_mixin.py:190} INFO - [2024-09-12T15:25:41.255+0000] {dag.py:4156} INFO - Setting next_dagrun for example_external_task_marker_parent to None, run_after=None
[2024-09-12T15:25:41.266+0000] {processor.py:208} INFO - Processing /home/airflow/.local/lib/python3.12/site-packages/airflow/example_dags/example_external_task_marker_dag.py took 0.060 seconds
[2024-09-12T15:26:11.492+0000] {processor.py:186} INFO - Started process (PID=776) to work on /home/airflow/.local/lib/python3.12/site-packages/airflow/example_dags/example_external_task_marker_dag.py
[2024-09-12T15:26:11.493+0000] {processor.py:914} INFO - Processing file /home/airflow/.local/lib/python3.12/site-packages/airflow/example_dags/example_external_task_marker_dag.py for tasks to queue
[2024-09-12T15:26:11.496+0000] {logging_mixin.py:190} INFO - [2024-09-12T15:26:11.495+0000] {dagbag.py:587} INFO - Filling up the DagBag from /home/airflow/.local/lib/python3.12/site-packages/airflow/example_dags/example_external_task_marker_dag.py
[2024-09-12T15:26:11.503+0000] {processor.py:925} INFO - DAG(s) 'example_external_task_marker_child', 'example_external_task_marker_parent' retrieved from /home/airflow/.local/lib/python3.12/site-packages/airflow/example_dags/example_external_task_marker_dag.py
[2024-09-12T15:26:11.523+0000] {logging_mixin.py:190} INFO - [2024-09-12T15:26:11.523+0000] {dag.py:3229} INFO - Sync 2 DAGs
[2024-09-12T15:26:11.533+0000] {logging_mixin.py:190} INFO - [2024-09-12T15:26:11.533+0000] {dag.py:4156} INFO - Setting next_dagrun for example_external_task_marker_child to None, run_after=None
[2024-09-12T15:26:11.536+0000] {logging_mixin.py:190} INFO - [2024-09-12T15:26:11.536+0000] {dag.py:4156} INFO - Setting next_dagrun for example_external_task_marker_parent to None, run_after=None
[2024-09-12T15:26:11.545+0000] {processor.py:208} INFO - Processing /home/airflow/.local/lib/python3.12/site-packages/airflow/example_dags/example_external_task_marker_dag.py took 0.058 seconds
[2024-09-12T15:26:41.652+0000] {processor.py:186} INFO - Started process (PID=838) to work on /home/airflow/.local/lib/python3.12/site-packages/airflow/example_dags/example_external_task_marker_dag.py
[2024-09-12T15:26:41.654+0000] {processor.py:914} INFO - Processing file /home/airflow/.local/lib/python3.12/site-packages/airflow/example_dags/example_external_task_marker_dag.py for tasks to queue
[2024-09-12T15:26:41.656+0000] {logging_mixin.py:190} INFO - [2024-09-12T15:26:41.656+0000] {dagbag.py:587} INFO - Filling up the DagBag from /home/airflow/.local/lib/python3.12/site-packages/airflow/example_dags/example_external_task_marker_dag.py
[2024-09-12T15:26:41.663+0000] {processor.py:925} INFO - DAG(s) 'example_external_task_marker_parent', 'example_external_task_marker_child' retrieved from /home/airflow/.local/lib/python3.12/site-packages/airflow/example_dags/example_external_task_marker_dag.py
[2024-09-12T15:26:41.683+0000] {logging_mixin.py:190} INFO - [2024-09-12T15:26:41.682+0000] {dag.py:3229} INFO - Sync 2 DAGs
[2024-09-12T15:26:41.693+0000] {logging_mixin.py:190} INFO - [2024-09-12T15:26:41.693+0000] {dag.py:4156} INFO - Setting next_dagrun for example_external_task_marker_child to None, run_after=None
[2024-09-12T15:26:41.696+0000] {logging_mixin.py:190} INFO - [2024-09-12T15:26:41.696+0000] {dag.py:4156} INFO - Setting next_dagrun for example_external_task_marker_parent to None, run_after=None
[2024-09-12T15:26:41.708+0000] {processor.py:208} INFO - Processing /home/airflow/.local/lib/python3.12/site-packages/airflow/example_dags/example_external_task_marker_dag.py took 0.060 seconds
[2024-09-12T15:27:11.881+0000] {processor.py:186} INFO - Started process (PID=900) to work on /home/airflow/.local/lib/python3.12/site-packages/airflow/example_dags/example_external_task_marker_dag.py
[2024-09-12T15:27:11.882+0000] {processor.py:914} INFO - Processing file /home/airflow/.local/lib/python3.12/site-packages/airflow/example_dags/example_external_task_marker_dag.py for tasks to queue
[2024-09-12T15:27:11.885+0000] {logging_mixin.py:190} INFO - [2024-09-12T15:27:11.884+0000] {dagbag.py:587} INFO - Filling up the DagBag from /home/airflow/.local/lib/python3.12/site-packages/airflow/example_dags/example_external_task_marker_dag.py
[2024-09-12T15:27:11.891+0000] {processor.py:925} INFO - DAG(s) 'example_external_task_marker_parent', 'example_external_task_marker_child' retrieved from /home/airflow/.local/lib/python3.12/site-packages/airflow/example_dags/example_external_task_marker_dag.py
[2024-09-12T15:27:11.909+0000] {logging_mixin.py:190} INFO - [2024-09-12T15:27:11.909+0000] {dag.py:3229} INFO - Sync 2 DAGs
[2024-09-12T15:27:11.918+0000] {logging_mixin.py:190} INFO - [2024-09-12T15:27:11.918+0000] {dag.py:4156} INFO - Setting next_dagrun for example_external_task_marker_child to None, run_after=None
[2024-09-12T15:27:11.921+0000] {logging_mixin.py:190} INFO - [2024-09-12T15:27:11.921+0000] {dag.py:4156} INFO - Setting next_dagrun for example_external_task_marker_parent to None, run_after=None
[2024-09-12T15:27:11.929+0000] {processor.py:208} INFO - Processing /home/airflow/.local/lib/python3.12/site-packages/airflow/example_dags/example_external_task_marker_dag.py took 0.052 seconds
[2024-09-12T15:27:42.067+0000] {processor.py:186} INFO - Started process (PID=962) to work on /home/airflow/.local/lib/python3.12/site-packages/airflow/example_dags/example_external_task_marker_dag.py
[2024-09-12T15:27:42.068+0000] {processor.py:914} INFO - Processing file /home/airflow/.local/lib/python3.12/site-packages/airflow/example_dags/example_external_task_marker_dag.py for tasks to queue
[2024-09-12T15:27:42.071+0000] {logging_mixin.py:190} INFO - [2024-09-12T15:27:42.070+0000] {dagbag.py:587} INFO - Filling up the DagBag from /home/airflow/.local/lib/python3.12/site-packages/airflow/example_dags/example_external_task_marker_dag.py
[2024-09-12T15:27:42.077+0000] {processor.py:925} INFO - DAG(s) 'example_external_task_marker_parent', 'example_external_task_marker_child' retrieved from /home/airflow/.local/lib/python3.12/site-packages/airflow/example_dags/example_external_task_marker_dag.py
[2024-09-12T15:27:42.096+0000] {logging_mixin.py:190} INFO - [2024-09-12T15:27:42.096+0000] {dag.py:3229} INFO - Sync 2 DAGs
[2024-09-12T15:27:42.106+0000] {logging_mixin.py:190} INFO - [2024-09-12T15:27:42.106+0000] {dag.py:4156} INFO - Setting next_dagrun for example_external_task_marker_child to None, run_after=None
[2024-09-12T15:27:42.109+0000] {logging_mixin.py:190} INFO - [2024-09-12T15:27:42.109+0000] {dag.py:4156} INFO - Setting next_dagrun for example_external_task_marker_parent to None, run_after=None
[2024-09-12T15:27:42.119+0000] {processor.py:208} INFO - Processing /home/airflow/.local/lib/python3.12/site-packages/airflow/example_dags/example_external_task_marker_dag.py took 0.056 seconds
[2024-09-12T15:28:12.253+0000] {processor.py:186} INFO - Started process (PID=1024) to work on /home/airflow/.local/lib/python3.12/site-packages/airflow/example_dags/example_external_task_marker_dag.py
[2024-09-12T15:28:12.255+0000] {processor.py:914} INFO - Processing file /home/airflow/.local/lib/python3.12/site-packages/airflow/example_dags/example_external_task_marker_dag.py for tasks to queue
[2024-09-12T15:28:12.257+0000] {logging_mixin.py:190} INFO - [2024-09-12T15:28:12.257+0000] {dagbag.py:587} INFO - Filling up the DagBag from /home/airflow/.local/lib/python3.12/site-packages/airflow/example_dags/example_external_task_marker_dag.py
[2024-09-12T15:28:12.264+0000] {processor.py:925} INFO - DAG(s) 'example_external_task_marker_child', 'example_external_task_marker_parent' retrieved from /home/airflow/.local/lib/python3.12/site-packages/airflow/example_dags/example_external_task_marker_dag.py
[2024-09-12T15:28:12.281+0000] {logging_mixin.py:190} INFO - [2024-09-12T15:28:12.281+0000] {dag.py:3229} INFO - Sync 2 DAGs
[2024-09-12T15:28:12.291+0000] {logging_mixin.py:190} INFO - [2024-09-12T15:28:12.290+0000] {dag.py:4156} INFO - Setting next_dagrun for example_external_task_marker_child to None, run_after=None
[2024-09-12T15:28:12.293+0000] {logging_mixin.py:190} INFO - [2024-09-12T15:28:12.293+0000] {dag.py:4156} INFO - Setting next_dagrun for example_external_task_marker_parent to None, run_after=None
[2024-09-12T15:28:12.302+0000] {processor.py:208} INFO - Processing /home/airflow/.local/lib/python3.12/site-packages/airflow/example_dags/example_external_task_marker_dag.py took 0.053 seconds
[2024-09-12T15:28:42.872+0000] {processor.py:186} INFO - Started process (PID=1086) to work on /home/airflow/.local/lib/python3.12/site-packages/airflow/example_dags/example_external_task_marker_dag.py
[2024-09-12T15:28:42.874+0000] {processor.py:914} INFO - Processing file /home/airflow/.local/lib/python3.12/site-packages/airflow/example_dags/example_external_task_marker_dag.py for tasks to queue
[2024-09-12T15:28:42.876+0000] {logging_mixin.py:190} INFO - [2024-09-12T15:28:42.876+0000] {dagbag.py:587} INFO - Filling up the DagBag from /home/airflow/.local/lib/python3.12/site-packages/airflow/example_dags/example_external_task_marker_dag.py
[2024-09-12T15:28:42.882+0000] {processor.py:925} INFO - DAG(s) 'example_external_task_marker_child', 'example_external_task_marker_parent' retrieved from /home/airflow/.local/lib/python3.12/site-packages/airflow/example_dags/example_external_task_marker_dag.py
[2024-09-12T15:28:42.900+0000] {logging_mixin.py:190} INFO - [2024-09-12T15:28:42.899+0000] {dag.py:3229} INFO - Sync 2 DAGs
[2024-09-12T15:28:42.909+0000] {logging_mixin.py:190} INFO - [2024-09-12T15:28:42.909+0000] {dag.py:4156} INFO - Setting next_dagrun for example_external_task_marker_child to None, run_after=None
[2024-09-12T15:28:42.912+0000] {logging_mixin.py:190} INFO - [2024-09-12T15:28:42.912+0000] {dag.py:4156} INFO - Setting next_dagrun for example_external_task_marker_parent to None, run_after=None
[2024-09-12T15:28:42.921+0000] {processor.py:208} INFO - Processing /home/airflow/.local/lib/python3.12/site-packages/airflow/example_dags/example_external_task_marker_dag.py took 0.053 seconds
[2024-09-12T15:29:13.143+0000] {processor.py:186} INFO - Started process (PID=1148) to work on /home/airflow/.local/lib/python3.12/site-packages/airflow/example_dags/example_external_task_marker_dag.py
[2024-09-12T15:29:13.146+0000] {processor.py:914} INFO - Processing file /home/airflow/.local/lib/python3.12/site-packages/airflow/example_dags/example_external_task_marker_dag.py for tasks to queue
[2024-09-12T15:29:13.149+0000] {logging_mixin.py:190} INFO - [2024-09-12T15:29:13.149+0000] {dagbag.py:587} INFO - Filling up the DagBag from /home/airflow/.local/lib/python3.12/site-packages/airflow/example_dags/example_external_task_marker_dag.py
[2024-09-12T15:29:13.156+0000] {processor.py:925} INFO - DAG(s) 'example_external_task_marker_child', 'example_external_task_marker_parent' retrieved from /home/airflow/.local/lib/python3.12/site-packages/airflow/example_dags/example_external_task_marker_dag.py
[2024-09-12T15:29:13.176+0000] {logging_mixin.py:190} INFO - [2024-09-12T15:29:13.176+0000] {dag.py:3229} INFO - Sync 2 DAGs
[2024-09-12T15:29:13.186+0000] {logging_mixin.py:190} INFO - [2024-09-12T15:29:13.186+0000] {dag.py:4156} INFO - Setting next_dagrun for example_external_task_marker_child to None, run_after=None
[2024-09-12T15:29:13.189+0000] {logging_mixin.py:190} INFO - [2024-09-12T15:29:13.189+0000] {dag.py:4156} INFO - Setting next_dagrun for example_external_task_marker_parent to None, run_after=None
[2024-09-12T15:29:13.199+0000] {processor.py:208} INFO - Processing /home/airflow/.local/lib/python3.12/site-packages/airflow/example_dags/example_external_task_marker_dag.py took 0.061 seconds
[2024-09-12T15:29:43.595+0000] {processor.py:186} INFO - Started process (PID=1210) to work on /home/airflow/.local/lib/python3.12/site-packages/airflow/example_dags/example_external_task_marker_dag.py
[2024-09-12T15:29:43.596+0000] {processor.py:914} INFO - Processing file /home/airflow/.local/lib/python3.12/site-packages/airflow/example_dags/example_external_task_marker_dag.py for tasks to queue
[2024-09-12T15:29:43.598+0000] {logging_mixin.py:190} INFO - [2024-09-12T15:29:43.598+0000] {dagbag.py:587} INFO - Filling up the DagBag from /home/airflow/.local/lib/python3.12/site-packages/airflow/example_dags/example_external_task_marker_dag.py
[2024-09-12T15:29:43.604+0000] {processor.py:925} INFO - DAG(s) 'example_external_task_marker_parent', 'example_external_task_marker_child' retrieved from /home/airflow/.local/lib/python3.12/site-packages/airflow/example_dags/example_external_task_marker_dag.py
[2024-09-12T15:29:43.622+0000] {logging_mixin.py:190} INFO - [2024-09-12T15:29:43.622+0000] {dag.py:3229} INFO - Sync 2 DAGs
[2024-09-12T15:29:43.631+0000] {logging_mixin.py:190} INFO - [2024-09-12T15:29:43.631+0000] {dag.py:4156} INFO - Setting next_dagrun for example_external_task_marker_child to None, run_after=None
[2024-09-12T15:29:43.634+0000] {logging_mixin.py:190} INFO - [2024-09-12T15:29:43.634+0000] {dag.py:4156} INFO - Setting next_dagrun for example_external_task_marker_parent to None, run_after=None
[2024-09-12T15:29:43.643+0000] {processor.py:208} INFO - Processing /home/airflow/.local/lib/python3.12/site-packages/airflow/example_dags/example_external_task_marker_dag.py took 0.053 seconds
[2024-09-12T15:30:13.784+0000] {processor.py:186} INFO - Started process (PID=1272) to work on /home/airflow/.local/lib/python3.12/site-packages/airflow/example_dags/example_external_task_marker_dag.py
[2024-09-12T15:30:13.786+0000] {processor.py:914} INFO - Processing file /home/airflow/.local/lib/python3.12/site-packages/airflow/example_dags/example_external_task_marker_dag.py for tasks to queue
[2024-09-12T15:30:13.788+0000] {logging_mixin.py:190} INFO - [2024-09-12T15:30:13.788+0000] {dagbag.py:587} INFO - Filling up the DagBag from /home/airflow/.local/lib/python3.12/site-packages/airflow/example_dags/example_external_task_marker_dag.py
[2024-09-12T15:30:13.795+0000] {processor.py:925} INFO - DAG(s) 'example_external_task_marker_child', 'example_external_task_marker_parent' retrieved from /home/airflow/.local/lib/python3.12/site-packages/airflow/example_dags/example_external_task_marker_dag.py
[2024-09-12T15:30:13.813+0000] {logging_mixin.py:190} INFO - [2024-09-12T15:30:13.812+0000] {dag.py:3229} INFO - Sync 2 DAGs
[2024-09-12T15:30:13.822+0000] {logging_mixin.py:190} INFO - [2024-09-12T15:30:13.822+0000] {dag.py:4156} INFO - Setting next_dagrun for example_external_task_marker_child to None, run_after=None
[2024-09-12T15:30:13.824+0000] {logging_mixin.py:190} INFO - [2024-09-12T15:30:13.824+0000] {dag.py:4156} INFO - Setting next_dagrun for example_external_task_marker_parent to None, run_after=None
[2024-09-12T15:30:13.834+0000] {processor.py:208} INFO - Processing /home/airflow/.local/lib/python3.12/site-packages/airflow/example_dags/example_external_task_marker_dag.py took 0.054 seconds
[2024-09-12T15:30:44.943+0000] {processor.py:186} INFO - Started process (PID=1334) to work on /home/airflow/.local/lib/python3.12/site-packages/airflow/example_dags/example_external_task_marker_dag.py
[2024-09-12T15:30:44.945+0000] {processor.py:914} INFO - Processing file /home/airflow/.local/lib/python3.12/site-packages/airflow/example_dags/example_external_task_marker_dag.py for tasks to queue
[2024-09-12T15:30:44.947+0000] {logging_mixin.py:190} INFO - [2024-09-12T15:30:44.947+0000] {dagbag.py:587} INFO - Filling up the DagBag from /home/airflow/.local/lib/python3.12/site-packages/airflow/example_dags/example_external_task_marker_dag.py
[2024-09-12T15:30:44.953+0000] {processor.py:925} INFO - DAG(s) 'example_external_task_marker_child', 'example_external_task_marker_parent' retrieved from /home/airflow/.local/lib/python3.12/site-packages/airflow/example_dags/example_external_task_marker_dag.py
[2024-09-12T15:30:44.971+0000] {logging_mixin.py:190} INFO - [2024-09-12T15:30:44.971+0000] {dag.py:3229} INFO - Sync 2 DAGs
[2024-09-12T15:30:44.981+0000] {logging_mixin.py:190} INFO - [2024-09-12T15:30:44.981+0000] {dag.py:4156} INFO - Setting next_dagrun for example_external_task_marker_child to None, run_after=None
[2024-09-12T15:30:44.984+0000] {logging_mixin.py:190} INFO - [2024-09-12T15:30:44.984+0000] {dag.py:4156} INFO - Setting next_dagrun for example_external_task_marker_parent to None, run_after=None
[2024-09-12T15:30:44.993+0000] {processor.py:208} INFO - Processing /home/airflow/.local/lib/python3.12/site-packages/airflow/example_dags/example_external_task_marker_dag.py took 0.054 seconds
[2024-09-12T15:31:15.184+0000] {processor.py:186} INFO - Started process (PID=1396) to work on /home/airflow/.local/lib/python3.12/site-packages/airflow/example_dags/example_external_task_marker_dag.py
[2024-09-12T15:31:15.186+0000] {processor.py:914} INFO - Processing file /home/airflow/.local/lib/python3.12/site-packages/airflow/example_dags/example_external_task_marker_dag.py for tasks to queue
[2024-09-12T15:31:15.188+0000] {logging_mixin.py:190} INFO - [2024-09-12T15:31:15.187+0000] {dagbag.py:587} INFO - Filling up the DagBag from /home/airflow/.local/lib/python3.12/site-packages/airflow/example_dags/example_external_task_marker_dag.py
[2024-09-12T15:31:15.194+0000] {processor.py:925} INFO - DAG(s) 'example_external_task_marker_parent', 'example_external_task_marker_child' retrieved from /home/airflow/.local/lib/python3.12/site-packages/airflow/example_dags/example_external_task_marker_dag.py
[2024-09-12T15:31:15.212+0000] {logging_mixin.py:190} INFO - [2024-09-12T15:31:15.212+0000] {dag.py:3229} INFO - Sync 2 DAGs
[2024-09-12T15:31:15.221+0000] {logging_mixin.py:190} INFO - [2024-09-12T15:31:15.221+0000] {dag.py:4156} INFO - Setting next_dagrun for example_external_task_marker_child to None, run_after=None
[2024-09-12T15:31:15.224+0000] {logging_mixin.py:190} INFO - [2024-09-12T15:31:15.224+0000] {dag.py:4156} INFO - Setting next_dagrun for example_external_task_marker_parent to None, run_after=None
[2024-09-12T15:31:15.233+0000] {processor.py:208} INFO - Processing /home/airflow/.local/lib/python3.12/site-packages/airflow/example_dags/example_external_task_marker_dag.py took 0.053 seconds
[2024-09-12T15:31:45.531+0000] {processor.py:186} INFO - Started process (PID=1458) to work on /home/airflow/.local/lib/python3.12/site-packages/airflow/example_dags/example_external_task_marker_dag.py
[2024-09-12T15:31:45.532+0000] {processor.py:914} INFO - Processing file /home/airflow/.local/lib/python3.12/site-packages/airflow/example_dags/example_external_task_marker_dag.py for tasks to queue
[2024-09-12T15:31:45.534+0000] {logging_mixin.py:190} INFO - [2024-09-12T15:31:45.534+0000] {dagbag.py:587} INFO - Filling up the DagBag from /home/airflow/.local/lib/python3.12/site-packages/airflow/example_dags/example_external_task_marker_dag.py
[2024-09-12T15:31:45.541+0000] {processor.py:925} INFO - DAG(s) 'example_external_task_marker_child', 'example_external_task_marker_parent' retrieved from /home/airflow/.local/lib/python3.12/site-packages/airflow/example_dags/example_external_task_marker_dag.py
[2024-09-12T15:31:45.559+0000] {logging_mixin.py:190} INFO - [2024-09-12T15:31:45.559+0000] {dag.py:3229} INFO - Sync 2 DAGs
[2024-09-12T15:31:45.569+0000] {logging_mixin.py:190} INFO - [2024-09-12T15:31:45.569+0000] {dag.py:4156} INFO - Setting next_dagrun for example_external_task_marker_child to None, run_after=None
[2024-09-12T15:31:45.572+0000] {logging_mixin.py:190} INFO - [2024-09-12T15:31:45.571+0000] {dag.py:4156} INFO - Setting next_dagrun for example_external_task_marker_parent to None, run_after=None
[2024-09-12T15:31:45.580+0000] {processor.py:208} INFO - Processing /home/airflow/.local/lib/python3.12/site-packages/airflow/example_dags/example_external_task_marker_dag.py took 0.054 seconds
[2024-09-12T15:32:15.766+0000] {processor.py:186} INFO - Started process (PID=1520) to work on /home/airflow/.local/lib/python3.12/site-packages/airflow/example_dags/example_external_task_marker_dag.py
[2024-09-12T15:32:15.767+0000] {processor.py:914} INFO - Processing file /home/airflow/.local/lib/python3.12/site-packages/airflow/example_dags/example_external_task_marker_dag.py for tasks to queue
[2024-09-12T15:32:15.770+0000] {logging_mixin.py:190} INFO - [2024-09-12T15:32:15.769+0000] {dagbag.py:587} INFO - Filling up the DagBag from /home/airflow/.local/lib/python3.12/site-packages/airflow/example_dags/example_external_task_marker_dag.py
[2024-09-12T15:32:15.776+0000] {processor.py:925} INFO - DAG(s) 'example_external_task_marker_parent', 'example_external_task_marker_child' retrieved from /home/airflow/.local/lib/python3.12/site-packages/airflow/example_dags/example_external_task_marker_dag.py
[2024-09-12T15:32:15.796+0000] {logging_mixin.py:190} INFO - [2024-09-12T15:32:15.795+0000] {dag.py:3229} INFO - Sync 2 DAGs
[2024-09-12T15:32:15.809+0000] {logging_mixin.py:190} INFO - [2024-09-12T15:32:15.808+0000] {dag.py:4156} INFO - Setting next_dagrun for example_external_task_marker_child to None, run_after=None
[2024-09-12T15:32:15.811+0000] {logging_mixin.py:190} INFO - [2024-09-12T15:32:15.811+0000] {dag.py:4156} INFO - Setting next_dagrun for example_external_task_marker_parent to None, run_after=None
[2024-09-12T15:32:15.820+0000] {processor.py:208} INFO - Processing /home/airflow/.local/lib/python3.12/site-packages/airflow/example_dags/example_external_task_marker_dag.py took 0.058 seconds
[2024-09-12T15:32:46.068+0000] {processor.py:186} INFO - Started process (PID=1586) to work on /home/airflow/.local/lib/python3.12/site-packages/airflow/example_dags/example_external_task_marker_dag.py
[2024-09-12T15:32:46.069+0000] {processor.py:914} INFO - Processing file /home/airflow/.local/lib/python3.12/site-packages/airflow/example_dags/example_external_task_marker_dag.py for tasks to queue
[2024-09-12T15:32:46.071+0000] {logging_mixin.py:190} INFO - [2024-09-12T15:32:46.071+0000] {dagbag.py:587} INFO - Filling up the DagBag from /home/airflow/.local/lib/python3.12/site-packages/airflow/example_dags/example_external_task_marker_dag.py
[2024-09-12T15:32:46.078+0000] {processor.py:925} INFO - DAG(s) 'example_external_task_marker_parent', 'example_external_task_marker_child' retrieved from /home/airflow/.local/lib/python3.12/site-packages/airflow/example_dags/example_external_task_marker_dag.py
[2024-09-12T15:32:46.096+0000] {logging_mixin.py:190} INFO - [2024-09-12T15:32:46.096+0000] {dag.py:3229} INFO - Sync 2 DAGs
[2024-09-12T15:32:46.105+0000] {logging_mixin.py:190} INFO - [2024-09-12T15:32:46.105+0000] {dag.py:4156} INFO - Setting next_dagrun for example_external_task_marker_child to None, run_after=None
[2024-09-12T15:32:46.108+0000] {logging_mixin.py:190} INFO - [2024-09-12T15:32:46.108+0000] {dag.py:4156} INFO - Setting next_dagrun for example_external_task_marker_parent to None, run_after=None
[2024-09-12T15:32:46.118+0000] {processor.py:208} INFO - Processing /home/airflow/.local/lib/python3.12/site-packages/airflow/example_dags/example_external_task_marker_dag.py took 0.054 seconds
[2024-09-12T15:33:16.462+0000] {processor.py:186} INFO - Started process (PID=1648) to work on /home/airflow/.local/lib/python3.12/site-packages/airflow/example_dags/example_external_task_marker_dag.py
[2024-09-12T15:33:16.463+0000] {processor.py:914} INFO - Processing file /home/airflow/.local/lib/python3.12/site-packages/airflow/example_dags/example_external_task_marker_dag.py for tasks to queue
[2024-09-12T15:33:16.465+0000] {logging_mixin.py:190} INFO - [2024-09-12T15:33:16.465+0000] {dagbag.py:587} INFO - Filling up the DagBag from /home/airflow/.local/lib/python3.12/site-packages/airflow/example_dags/example_external_task_marker_dag.py
[2024-09-12T15:33:16.472+0000] {processor.py:925} INFO - DAG(s) 'example_external_task_marker_parent', 'example_external_task_marker_child' retrieved from /home/airflow/.local/lib/python3.12/site-packages/airflow/example_dags/example_external_task_marker_dag.py
[2024-09-12T15:33:16.492+0000] {logging_mixin.py:190} INFO - [2024-09-12T15:33:16.491+0000] {dag.py:3229} INFO - Sync 2 DAGs
[2024-09-12T15:33:16.502+0000] {logging_mixin.py:190} INFO - [2024-09-12T15:33:16.502+0000] {dag.py:4156} INFO - Setting next_dagrun for example_external_task_marker_child to None, run_after=None
[2024-09-12T15:33:16.505+0000] {logging_mixin.py:190} INFO - [2024-09-12T15:33:16.504+0000] {dag.py:4156} INFO - Setting next_dagrun for example_external_task_marker_parent to None, run_after=None
[2024-09-12T15:33:16.515+0000] {processor.py:208} INFO - Processing /home/airflow/.local/lib/python3.12/site-packages/airflow/example_dags/example_external_task_marker_dag.py took 0.059 seconds
[2024-09-12T15:33:46.746+0000] {processor.py:186} INFO - Started process (PID=1710) to work on /home/airflow/.local/lib/python3.12/site-packages/airflow/example_dags/example_external_task_marker_dag.py
[2024-09-12T15:33:46.747+0000] {processor.py:914} INFO - Processing file /home/airflow/.local/lib/python3.12/site-packages/airflow/example_dags/example_external_task_marker_dag.py for tasks to queue
[2024-09-12T15:33:46.749+0000] {logging_mixin.py:190} INFO - [2024-09-12T15:33:46.749+0000] {dagbag.py:587} INFO - Filling up the DagBag from /home/airflow/.local/lib/python3.12/site-packages/airflow/example_dags/example_external_task_marker_dag.py
[2024-09-12T15:33:46.756+0000] {processor.py:925} INFO - DAG(s) 'example_external_task_marker_parent', 'example_external_task_marker_child' retrieved from /home/airflow/.local/lib/python3.12/site-packages/airflow/example_dags/example_external_task_marker_dag.py
[2024-09-12T15:33:46.777+0000] {logging_mixin.py:190} INFO - [2024-09-12T15:33:46.777+0000] {dag.py:3229} INFO - Sync 2 DAGs
[2024-09-12T15:33:46.790+0000] {logging_mixin.py:190} INFO - [2024-09-12T15:33:46.790+0000] {dag.py:4156} INFO - Setting next_dagrun for example_external_task_marker_child to None, run_after=None
[2024-09-12T15:33:46.793+0000] {logging_mixin.py:190} INFO - [2024-09-12T15:33:46.793+0000] {dag.py:4156} INFO - Setting next_dagrun for example_external_task_marker_parent to None, run_after=None
[2024-09-12T15:33:46.807+0000] {processor.py:208} INFO - Processing /home/airflow/.local/lib/python3.12/site-packages/airflow/example_dags/example_external_task_marker_dag.py took 0.066 seconds
