[2024-09-12T15:20:03.635+0000] {processor.py:186} INFO - Started process (PID=26) to work on /home/airflow/.local/lib/python3.12/site-packages/airflow/example_dags/example_latest_only_with_trigger.py
[2024-09-12T15:20:03.637+0000] {processor.py:914} INFO - Processing file /home/airflow/.local/lib/python3.12/site-packages/airflow/example_dags/example_latest_only_with_trigger.py for tasks to queue
[2024-09-12T15:20:03.643+0000] {logging_mixin.py:190} INFO - [2024-09-12T15:20:03.642+0000] {dagbag.py:587} INFO - Filling up the DagBag from /home/airflow/.local/lib/python3.12/site-packages/airflow/example_dags/example_latest_only_with_trigger.py
[2024-09-12T15:20:03.658+0000] {processor.py:925} INFO - DAG(s) 'latest_only_with_trigger' retrieved from /home/airflow/.local/lib/python3.12/site-packages/airflow/example_dags/example_latest_only_with_trigger.py
[2024-09-12T15:20:03.934+0000] {logging_mixin.py:190} INFO - [2024-09-12T15:20:03.934+0000] {override.py:1900} INFO - Created Permission View: can read on DAG:latest_only_with_trigger
[2024-09-12T15:20:03.949+0000] {logging_mixin.py:190} INFO - [2024-09-12T15:20:03.949+0000] {override.py:1900} INFO - Created Permission View: can delete on DAG:latest_only_with_trigger
[2024-09-12T15:20:03.957+0000] {logging_mixin.py:190} INFO - [2024-09-12T15:20:03.956+0000] {override.py:1900} INFO - Created Permission View: can edit on DAG:latest_only_with_trigger
[2024-09-12T15:20:03.964+0000] {logging_mixin.py:190} INFO - [2024-09-12T15:20:03.964+0000] {override.py:1900} INFO - Created Permission View: can read on DAG Run:latest_only_with_trigger
[2024-09-12T15:20:03.970+0000] {logging_mixin.py:190} INFO - [2024-09-12T15:20:03.970+0000] {override.py:1900} INFO - Created Permission View: can create on DAG Run:latest_only_with_trigger
[2024-09-12T15:20:03.977+0000] {logging_mixin.py:190} INFO - [2024-09-12T15:20:03.976+0000] {override.py:1900} INFO - Created Permission View: menu access on DAG Run:latest_only_with_trigger
[2024-09-12T15:20:03.982+0000] {logging_mixin.py:190} INFO - [2024-09-12T15:20:03.982+0000] {override.py:1900} INFO - Created Permission View: can delete on DAG Run:latest_only_with_trigger
[2024-09-12T15:20:03.986+0000] {logging_mixin.py:190} INFO - [2024-09-12T15:20:03.983+0000] {dag.py:3229} INFO - Sync 1 DAGs
[2024-09-12T15:20:04.010+0000] {logging_mixin.py:190} INFO - [2024-09-12T15:20:04.009+0000] {dag.py:3252} INFO - Creating ORM DAG for latest_only_with_trigger
[2024-09-12T15:20:04.024+0000] {logging_mixin.py:190} INFO - [2024-09-12T15:20:04.024+0000] {dag.py:4156} INFO - Setting next_dagrun for latest_only_with_trigger to 2024-09-12 08:00:00+00:00, run_after=2024-09-12 12:00:00+00:00
[2024-09-12T15:20:04.037+0000] {processor.py:208} INFO - Processing /home/airflow/.local/lib/python3.12/site-packages/airflow/example_dags/example_latest_only_with_trigger.py took 0.411 seconds
[2024-09-12T15:20:34.527+0000] {processor.py:186} INFO - Started process (PID=89) to work on /home/airflow/.local/lib/python3.12/site-packages/airflow/example_dags/example_latest_only_with_trigger.py
[2024-09-12T15:20:34.529+0000] {processor.py:914} INFO - Processing file /home/airflow/.local/lib/python3.12/site-packages/airflow/example_dags/example_latest_only_with_trigger.py for tasks to queue
[2024-09-12T15:20:34.534+0000] {logging_mixin.py:190} INFO - [2024-09-12T15:20:34.533+0000] {dagbag.py:587} INFO - Filling up the DagBag from /home/airflow/.local/lib/python3.12/site-packages/airflow/example_dags/example_latest_only_with_trigger.py
[2024-09-12T15:20:34.548+0000] {processor.py:925} INFO - DAG(s) 'latest_only_with_trigger' retrieved from /home/airflow/.local/lib/python3.12/site-packages/airflow/example_dags/example_latest_only_with_trigger.py
[2024-09-12T15:20:34.576+0000] {logging_mixin.py:190} INFO - [2024-09-12T15:20:34.576+0000] {dag.py:3229} INFO - Sync 1 DAGs
[2024-09-12T15:20:34.598+0000] {logging_mixin.py:190} INFO - [2024-09-12T15:20:34.597+0000] {dag.py:4156} INFO - Setting next_dagrun for latest_only_with_trigger to 2024-09-12 08:00:00+00:00, run_after=2024-09-12 12:00:00+00:00
[2024-09-12T15:20:34.612+0000] {processor.py:208} INFO - Processing /home/airflow/.local/lib/python3.12/site-packages/airflow/example_dags/example_latest_only_with_trigger.py took 0.095 seconds
[2024-09-12T15:21:04.876+0000] {processor.py:186} INFO - Started process (PID=152) to work on /home/airflow/.local/lib/python3.12/site-packages/airflow/example_dags/example_latest_only_with_trigger.py
[2024-09-12T15:21:04.880+0000] {processor.py:914} INFO - Processing file /home/airflow/.local/lib/python3.12/site-packages/airflow/example_dags/example_latest_only_with_trigger.py for tasks to queue
[2024-09-12T15:21:04.886+0000] {logging_mixin.py:190} INFO - [2024-09-12T15:21:04.885+0000] {dagbag.py:587} INFO - Filling up the DagBag from /home/airflow/.local/lib/python3.12/site-packages/airflow/example_dags/example_latest_only_with_trigger.py
[2024-09-12T15:21:04.899+0000] {processor.py:925} INFO - DAG(s) 'latest_only_with_trigger' retrieved from /home/airflow/.local/lib/python3.12/site-packages/airflow/example_dags/example_latest_only_with_trigger.py
[2024-09-12T15:21:04.940+0000] {logging_mixin.py:190} INFO - [2024-09-12T15:21:04.940+0000] {dag.py:3229} INFO - Sync 1 DAGs
[2024-09-12T15:21:04.980+0000] {logging_mixin.py:190} INFO - [2024-09-12T15:21:04.980+0000] {dag.py:4156} INFO - Setting next_dagrun for latest_only_with_trigger to 2024-09-12 08:00:00+00:00, run_after=2024-09-12 12:00:00+00:00
[2024-09-12T15:21:05.000+0000] {processor.py:208} INFO - Processing /home/airflow/.local/lib/python3.12/site-packages/airflow/example_dags/example_latest_only_with_trigger.py took 0.133 seconds
[2024-09-12T15:21:35.683+0000] {processor.py:186} INFO - Started process (PID=214) to work on /home/airflow/.local/lib/python3.12/site-packages/airflow/example_dags/example_latest_only_with_trigger.py
[2024-09-12T15:21:35.685+0000] {processor.py:914} INFO - Processing file /home/airflow/.local/lib/python3.12/site-packages/airflow/example_dags/example_latest_only_with_trigger.py for tasks to queue
[2024-09-12T15:21:35.692+0000] {logging_mixin.py:190} INFO - [2024-09-12T15:21:35.691+0000] {dagbag.py:587} INFO - Filling up the DagBag from /home/airflow/.local/lib/python3.12/site-packages/airflow/example_dags/example_latest_only_with_trigger.py
[2024-09-12T15:21:35.710+0000] {processor.py:925} INFO - DAG(s) 'latest_only_with_trigger' retrieved from /home/airflow/.local/lib/python3.12/site-packages/airflow/example_dags/example_latest_only_with_trigger.py
[2024-09-12T15:21:35.749+0000] {logging_mixin.py:190} INFO - [2024-09-12T15:21:35.749+0000] {dag.py:3229} INFO - Sync 1 DAGs
[2024-09-12T15:21:35.769+0000] {logging_mixin.py:190} INFO - [2024-09-12T15:21:35.769+0000] {dag.py:4156} INFO - Setting next_dagrun for latest_only_with_trigger to 2024-09-12 08:00:00+00:00, run_after=2024-09-12 12:00:00+00:00
[2024-09-12T15:21:35.782+0000] {processor.py:208} INFO - Processing /home/airflow/.local/lib/python3.12/site-packages/airflow/example_dags/example_latest_only_with_trigger.py took 0.110 seconds
[2024-09-12T15:22:06.666+0000] {processor.py:186} INFO - Started process (PID=276) to work on /home/airflow/.local/lib/python3.12/site-packages/airflow/example_dags/example_latest_only_with_trigger.py
[2024-09-12T15:22:06.667+0000] {processor.py:914} INFO - Processing file /home/airflow/.local/lib/python3.12/site-packages/airflow/example_dags/example_latest_only_with_trigger.py for tasks to queue
[2024-09-12T15:22:06.674+0000] {logging_mixin.py:190} INFO - [2024-09-12T15:22:06.673+0000] {dagbag.py:587} INFO - Filling up the DagBag from /home/airflow/.local/lib/python3.12/site-packages/airflow/example_dags/example_latest_only_with_trigger.py
[2024-09-12T15:22:06.686+0000] {processor.py:925} INFO - DAG(s) 'latest_only_with_trigger' retrieved from /home/airflow/.local/lib/python3.12/site-packages/airflow/example_dags/example_latest_only_with_trigger.py
[2024-09-12T15:22:06.736+0000] {logging_mixin.py:190} INFO - [2024-09-12T15:22:06.736+0000] {dag.py:3229} INFO - Sync 1 DAGs
[2024-09-12T15:22:06.767+0000] {logging_mixin.py:190} INFO - [2024-09-12T15:22:06.767+0000] {dag.py:4156} INFO - Setting next_dagrun for latest_only_with_trigger to 2024-09-12 08:00:00+00:00, run_after=2024-09-12 12:00:00+00:00
[2024-09-12T15:22:06.788+0000] {processor.py:208} INFO - Processing /home/airflow/.local/lib/python3.12/site-packages/airflow/example_dags/example_latest_only_with_trigger.py took 0.133 seconds
[2024-09-12T15:22:37.636+0000] {processor.py:186} INFO - Started process (PID=338) to work on /home/airflow/.local/lib/python3.12/site-packages/airflow/example_dags/example_latest_only_with_trigger.py
[2024-09-12T15:22:37.638+0000] {processor.py:914} INFO - Processing file /home/airflow/.local/lib/python3.12/site-packages/airflow/example_dags/example_latest_only_with_trigger.py for tasks to queue
[2024-09-12T15:22:37.645+0000] {logging_mixin.py:190} INFO - [2024-09-12T15:22:37.644+0000] {dagbag.py:587} INFO - Filling up the DagBag from /home/airflow/.local/lib/python3.12/site-packages/airflow/example_dags/example_latest_only_with_trigger.py
[2024-09-12T15:22:37.659+0000] {processor.py:925} INFO - DAG(s) 'latest_only_with_trigger' retrieved from /home/airflow/.local/lib/python3.12/site-packages/airflow/example_dags/example_latest_only_with_trigger.py
[2024-09-12T15:22:37.685+0000] {logging_mixin.py:190} INFO - [2024-09-12T15:22:37.684+0000] {dag.py:3229} INFO - Sync 1 DAGs
[2024-09-12T15:22:37.709+0000] {logging_mixin.py:190} INFO - [2024-09-12T15:22:37.709+0000] {dag.py:4156} INFO - Setting next_dagrun for latest_only_with_trigger to 2024-09-12 08:00:00+00:00, run_after=2024-09-12 12:00:00+00:00
[2024-09-12T15:22:37.725+0000] {processor.py:208} INFO - Processing /home/airflow/.local/lib/python3.12/site-packages/airflow/example_dags/example_latest_only_with_trigger.py took 0.098 seconds
[2024-09-12T15:23:07.829+0000] {processor.py:186} INFO - Started process (PID=400) to work on /home/airflow/.local/lib/python3.12/site-packages/airflow/example_dags/example_latest_only_with_trigger.py
[2024-09-12T15:23:07.831+0000] {processor.py:914} INFO - Processing file /home/airflow/.local/lib/python3.12/site-packages/airflow/example_dags/example_latest_only_with_trigger.py for tasks to queue
[2024-09-12T15:23:07.836+0000] {logging_mixin.py:190} INFO - [2024-09-12T15:23:07.835+0000] {dagbag.py:587} INFO - Filling up the DagBag from /home/airflow/.local/lib/python3.12/site-packages/airflow/example_dags/example_latest_only_with_trigger.py
[2024-09-12T15:23:07.851+0000] {processor.py:925} INFO - DAG(s) 'latest_only_with_trigger' retrieved from /home/airflow/.local/lib/python3.12/site-packages/airflow/example_dags/example_latest_only_with_trigger.py
[2024-09-12T15:23:07.874+0000] {logging_mixin.py:190} INFO - [2024-09-12T15:23:07.874+0000] {dag.py:3229} INFO - Sync 1 DAGs
[2024-09-12T15:23:07.894+0000] {logging_mixin.py:190} INFO - [2024-09-12T15:23:07.894+0000] {dag.py:4156} INFO - Setting next_dagrun for latest_only_with_trigger to 2024-09-12 08:00:00+00:00, run_after=2024-09-12 12:00:00+00:00
[2024-09-12T15:23:07.907+0000] {processor.py:208} INFO - Processing /home/airflow/.local/lib/python3.12/site-packages/airflow/example_dags/example_latest_only_with_trigger.py took 0.089 seconds
[2024-09-12T15:23:38.921+0000] {processor.py:186} INFO - Started process (PID=462) to work on /home/airflow/.local/lib/python3.12/site-packages/airflow/example_dags/example_latest_only_with_trigger.py
[2024-09-12T15:23:38.923+0000] {processor.py:914} INFO - Processing file /home/airflow/.local/lib/python3.12/site-packages/airflow/example_dags/example_latest_only_with_trigger.py for tasks to queue
[2024-09-12T15:23:38.930+0000] {logging_mixin.py:190} INFO - [2024-09-12T15:23:38.929+0000] {dagbag.py:587} INFO - Filling up the DagBag from /home/airflow/.local/lib/python3.12/site-packages/airflow/example_dags/example_latest_only_with_trigger.py
[2024-09-12T15:23:38.946+0000] {processor.py:925} INFO - DAG(s) 'latest_only_with_trigger' retrieved from /home/airflow/.local/lib/python3.12/site-packages/airflow/example_dags/example_latest_only_with_trigger.py
[2024-09-12T15:23:38.995+0000] {logging_mixin.py:190} INFO - [2024-09-12T15:23:38.992+0000] {dag.py:3229} INFO - Sync 1 DAGs
[2024-09-12T15:23:39.043+0000] {logging_mixin.py:190} INFO - [2024-09-12T15:23:39.043+0000] {dag.py:4156} INFO - Setting next_dagrun for latest_only_with_trigger to 2024-09-12 08:00:00+00:00, run_after=2024-09-12 12:00:00+00:00
[2024-09-12T15:23:39.060+0000] {processor.py:208} INFO - Processing /home/airflow/.local/lib/python3.12/site-packages/airflow/example_dags/example_latest_only_with_trigger.py took 0.152 seconds
[2024-09-12T15:24:09.314+0000] {processor.py:186} INFO - Started process (PID=523) to work on /home/airflow/.local/lib/python3.12/site-packages/airflow/example_dags/example_latest_only_with_trigger.py
[2024-09-12T15:24:09.316+0000] {processor.py:914} INFO - Processing file /home/airflow/.local/lib/python3.12/site-packages/airflow/example_dags/example_latest_only_with_trigger.py for tasks to queue
[2024-09-12T15:24:09.322+0000] {logging_mixin.py:190} INFO - [2024-09-12T15:24:09.322+0000] {dagbag.py:587} INFO - Filling up the DagBag from /home/airflow/.local/lib/python3.12/site-packages/airflow/example_dags/example_latest_only_with_trigger.py
[2024-09-12T15:24:09.336+0000] {processor.py:925} INFO - DAG(s) 'latest_only_with_trigger' retrieved from /home/airflow/.local/lib/python3.12/site-packages/airflow/example_dags/example_latest_only_with_trigger.py
[2024-09-12T15:24:09.359+0000] {logging_mixin.py:190} INFO - [2024-09-12T15:24:09.359+0000] {dag.py:3229} INFO - Sync 1 DAGs
[2024-09-12T15:24:09.378+0000] {logging_mixin.py:190} INFO - [2024-09-12T15:24:09.378+0000] {dag.py:4156} INFO - Setting next_dagrun for latest_only_with_trigger to 2024-09-12 08:00:00+00:00, run_after=2024-09-12 12:00:00+00:00
[2024-09-12T15:24:09.393+0000] {processor.py:208} INFO - Processing /home/airflow/.local/lib/python3.12/site-packages/airflow/example_dags/example_latest_only_with_trigger.py took 0.088 seconds
[2024-09-12T15:24:40.291+0000] {processor.py:186} INFO - Started process (PID=585) to work on /home/airflow/.local/lib/python3.12/site-packages/airflow/example_dags/example_latest_only_with_trigger.py
[2024-09-12T15:24:40.294+0000] {processor.py:914} INFO - Processing file /home/airflow/.local/lib/python3.12/site-packages/airflow/example_dags/example_latest_only_with_trigger.py for tasks to queue
[2024-09-12T15:24:40.298+0000] {logging_mixin.py:190} INFO - [2024-09-12T15:24:40.298+0000] {dagbag.py:587} INFO - Filling up the DagBag from /home/airflow/.local/lib/python3.12/site-packages/airflow/example_dags/example_latest_only_with_trigger.py
[2024-09-12T15:24:40.307+0000] {processor.py:925} INFO - DAG(s) 'latest_only_with_trigger' retrieved from /home/airflow/.local/lib/python3.12/site-packages/airflow/example_dags/example_latest_only_with_trigger.py
[2024-09-12T15:24:40.334+0000] {logging_mixin.py:190} INFO - [2024-09-12T15:24:40.334+0000] {dag.py:3229} INFO - Sync 1 DAGs
[2024-09-12T15:24:40.353+0000] {logging_mixin.py:190} INFO - [2024-09-12T15:24:40.353+0000] {dag.py:4156} INFO - Setting next_dagrun for latest_only_with_trigger to 2024-09-12 08:00:00+00:00, run_after=2024-09-12 12:00:00+00:00
[2024-09-12T15:24:40.368+0000] {processor.py:208} INFO - Processing /home/airflow/.local/lib/python3.12/site-packages/airflow/example_dags/example_latest_only_with_trigger.py took 0.084 seconds
[2024-09-12T15:25:10.588+0000] {processor.py:186} INFO - Started process (PID=647) to work on /home/airflow/.local/lib/python3.12/site-packages/airflow/example_dags/example_latest_only_with_trigger.py
[2024-09-12T15:25:10.590+0000] {processor.py:914} INFO - Processing file /home/airflow/.local/lib/python3.12/site-packages/airflow/example_dags/example_latest_only_with_trigger.py for tasks to queue
[2024-09-12T15:25:10.596+0000] {logging_mixin.py:190} INFO - [2024-09-12T15:25:10.595+0000] {dagbag.py:587} INFO - Filling up the DagBag from /home/airflow/.local/lib/python3.12/site-packages/airflow/example_dags/example_latest_only_with_trigger.py
[2024-09-12T15:25:10.608+0000] {processor.py:925} INFO - DAG(s) 'latest_only_with_trigger' retrieved from /home/airflow/.local/lib/python3.12/site-packages/airflow/example_dags/example_latest_only_with_trigger.py
[2024-09-12T15:25:10.632+0000] {logging_mixin.py:190} INFO - [2024-09-12T15:25:10.631+0000] {dag.py:3229} INFO - Sync 1 DAGs
[2024-09-12T15:25:10.651+0000] {logging_mixin.py:190} INFO - [2024-09-12T15:25:10.651+0000] {dag.py:4156} INFO - Setting next_dagrun for latest_only_with_trigger to 2024-09-12 08:00:00+00:00, run_after=2024-09-12 12:00:00+00:00
[2024-09-12T15:25:10.666+0000] {processor.py:208} INFO - Processing /home/airflow/.local/lib/python3.12/site-packages/airflow/example_dags/example_latest_only_with_trigger.py took 0.088 seconds
[2024-09-12T15:25:40.914+0000] {processor.py:186} INFO - Started process (PID=709) to work on /home/airflow/.local/lib/python3.12/site-packages/airflow/example_dags/example_latest_only_with_trigger.py
[2024-09-12T15:25:40.919+0000] {processor.py:914} INFO - Processing file /home/airflow/.local/lib/python3.12/site-packages/airflow/example_dags/example_latest_only_with_trigger.py for tasks to queue
[2024-09-12T15:25:40.923+0000] {logging_mixin.py:190} INFO - [2024-09-12T15:25:40.923+0000] {dagbag.py:587} INFO - Filling up the DagBag from /home/airflow/.local/lib/python3.12/site-packages/airflow/example_dags/example_latest_only_with_trigger.py
[2024-09-12T15:25:40.933+0000] {processor.py:925} INFO - DAG(s) 'latest_only_with_trigger' retrieved from /home/airflow/.local/lib/python3.12/site-packages/airflow/example_dags/example_latest_only_with_trigger.py
[2024-09-12T15:25:40.956+0000] {logging_mixin.py:190} INFO - [2024-09-12T15:25:40.956+0000] {dag.py:3229} INFO - Sync 1 DAGs
[2024-09-12T15:25:40.974+0000] {logging_mixin.py:190} INFO - [2024-09-12T15:25:40.974+0000] {dag.py:4156} INFO - Setting next_dagrun for latest_only_with_trigger to 2024-09-12 08:00:00+00:00, run_after=2024-09-12 12:00:00+00:00
[2024-09-12T15:25:40.988+0000] {processor.py:208} INFO - Processing /home/airflow/.local/lib/python3.12/site-packages/airflow/example_dags/example_latest_only_with_trigger.py took 0.083 seconds
[2024-09-12T15:26:11.099+0000] {processor.py:186} INFO - Started process (PID=771) to work on /home/airflow/.local/lib/python3.12/site-packages/airflow/example_dags/example_latest_only_with_trigger.py
[2024-09-12T15:26:11.101+0000] {processor.py:914} INFO - Processing file /home/airflow/.local/lib/python3.12/site-packages/airflow/example_dags/example_latest_only_with_trigger.py for tasks to queue
[2024-09-12T15:26:11.108+0000] {logging_mixin.py:190} INFO - [2024-09-12T15:26:11.107+0000] {dagbag.py:587} INFO - Filling up the DagBag from /home/airflow/.local/lib/python3.12/site-packages/airflow/example_dags/example_latest_only_with_trigger.py
[2024-09-12T15:26:11.129+0000] {processor.py:925} INFO - DAG(s) 'latest_only_with_trigger' retrieved from /home/airflow/.local/lib/python3.12/site-packages/airflow/example_dags/example_latest_only_with_trigger.py
[2024-09-12T15:26:11.174+0000] {logging_mixin.py:190} INFO - [2024-09-12T15:26:11.173+0000] {dag.py:3229} INFO - Sync 1 DAGs
[2024-09-12T15:26:11.222+0000] {logging_mixin.py:190} INFO - [2024-09-12T15:26:11.222+0000] {dag.py:4156} INFO - Setting next_dagrun for latest_only_with_trigger to 2024-09-12 08:00:00+00:00, run_after=2024-09-12 12:00:00+00:00
[2024-09-12T15:26:11.243+0000] {processor.py:208} INFO - Processing /home/airflow/.local/lib/python3.12/site-packages/airflow/example_dags/example_latest_only_with_trigger.py took 0.156 seconds
[2024-09-12T15:26:41.331+0000] {processor.py:186} INFO - Started process (PID=833) to work on /home/airflow/.local/lib/python3.12/site-packages/airflow/example_dags/example_latest_only_with_trigger.py
[2024-09-12T15:26:41.333+0000] {processor.py:914} INFO - Processing file /home/airflow/.local/lib/python3.12/site-packages/airflow/example_dags/example_latest_only_with_trigger.py for tasks to queue
[2024-09-12T15:26:41.339+0000] {logging_mixin.py:190} INFO - [2024-09-12T15:26:41.338+0000] {dagbag.py:587} INFO - Filling up the DagBag from /home/airflow/.local/lib/python3.12/site-packages/airflow/example_dags/example_latest_only_with_trigger.py
[2024-09-12T15:26:41.353+0000] {processor.py:925} INFO - DAG(s) 'latest_only_with_trigger' retrieved from /home/airflow/.local/lib/python3.12/site-packages/airflow/example_dags/example_latest_only_with_trigger.py
[2024-09-12T15:26:41.383+0000] {logging_mixin.py:190} INFO - [2024-09-12T15:26:41.383+0000] {dag.py:3229} INFO - Sync 1 DAGs
[2024-09-12T15:26:41.401+0000] {logging_mixin.py:190} INFO - [2024-09-12T15:26:41.401+0000] {dag.py:4156} INFO - Setting next_dagrun for latest_only_with_trigger to 2024-09-12 08:00:00+00:00, run_after=2024-09-12 12:00:00+00:00
[2024-09-12T15:26:41.418+0000] {processor.py:208} INFO - Processing /home/airflow/.local/lib/python3.12/site-packages/airflow/example_dags/example_latest_only_with_trigger.py took 0.099 seconds
[2024-09-12T15:27:11.610+0000] {processor.py:186} INFO - Started process (PID=895) to work on /home/airflow/.local/lib/python3.12/site-packages/airflow/example_dags/example_latest_only_with_trigger.py
[2024-09-12T15:27:11.613+0000] {processor.py:914} INFO - Processing file /home/airflow/.local/lib/python3.12/site-packages/airflow/example_dags/example_latest_only_with_trigger.py for tasks to queue
[2024-09-12T15:27:11.616+0000] {logging_mixin.py:190} INFO - [2024-09-12T15:27:11.616+0000] {dagbag.py:587} INFO - Filling up the DagBag from /home/airflow/.local/lib/python3.12/site-packages/airflow/example_dags/example_latest_only_with_trigger.py
[2024-09-12T15:27:11.624+0000] {processor.py:925} INFO - DAG(s) 'latest_only_with_trigger' retrieved from /home/airflow/.local/lib/python3.12/site-packages/airflow/example_dags/example_latest_only_with_trigger.py
[2024-09-12T15:27:11.643+0000] {logging_mixin.py:190} INFO - [2024-09-12T15:27:11.643+0000] {dag.py:3229} INFO - Sync 1 DAGs
[2024-09-12T15:27:11.659+0000] {logging_mixin.py:190} INFO - [2024-09-12T15:27:11.658+0000] {dag.py:4156} INFO - Setting next_dagrun for latest_only_with_trigger to 2024-09-12 08:00:00+00:00, run_after=2024-09-12 12:00:00+00:00
[2024-09-12T15:27:11.669+0000] {processor.py:208} INFO - Processing /home/airflow/.local/lib/python3.12/site-packages/airflow/example_dags/example_latest_only_with_trigger.py took 0.069 seconds
[2024-09-12T15:27:41.780+0000] {processor.py:186} INFO - Started process (PID=957) to work on /home/airflow/.local/lib/python3.12/site-packages/airflow/example_dags/example_latest_only_with_trigger.py
[2024-09-12T15:27:41.782+0000] {processor.py:914} INFO - Processing file /home/airflow/.local/lib/python3.12/site-packages/airflow/example_dags/example_latest_only_with_trigger.py for tasks to queue
[2024-09-12T15:27:41.787+0000] {logging_mixin.py:190} INFO - [2024-09-12T15:27:41.786+0000] {dagbag.py:587} INFO - Filling up the DagBag from /home/airflow/.local/lib/python3.12/site-packages/airflow/example_dags/example_latest_only_with_trigger.py
[2024-09-12T15:27:41.800+0000] {processor.py:925} INFO - DAG(s) 'latest_only_with_trigger' retrieved from /home/airflow/.local/lib/python3.12/site-packages/airflow/example_dags/example_latest_only_with_trigger.py
[2024-09-12T15:27:41.828+0000] {logging_mixin.py:190} INFO - [2024-09-12T15:27:41.827+0000] {dag.py:3229} INFO - Sync 1 DAGs
[2024-09-12T15:27:41.849+0000] {logging_mixin.py:190} INFO - [2024-09-12T15:27:41.849+0000] {dag.py:4156} INFO - Setting next_dagrun for latest_only_with_trigger to 2024-09-12 08:00:00+00:00, run_after=2024-09-12 12:00:00+00:00
[2024-09-12T15:27:41.864+0000] {processor.py:208} INFO - Processing /home/airflow/.local/lib/python3.12/site-packages/airflow/example_dags/example_latest_only_with_trigger.py took 0.091 seconds
[2024-09-12T15:28:11.942+0000] {processor.py:186} INFO - Started process (PID=1019) to work on /home/airflow/.local/lib/python3.12/site-packages/airflow/example_dags/example_latest_only_with_trigger.py
[2024-09-12T15:28:11.944+0000] {processor.py:914} INFO - Processing file /home/airflow/.local/lib/python3.12/site-packages/airflow/example_dags/example_latest_only_with_trigger.py for tasks to queue
[2024-09-12T15:28:11.949+0000] {logging_mixin.py:190} INFO - [2024-09-12T15:28:11.948+0000] {dagbag.py:587} INFO - Filling up the DagBag from /home/airflow/.local/lib/python3.12/site-packages/airflow/example_dags/example_latest_only_with_trigger.py
[2024-09-12T15:28:11.962+0000] {processor.py:925} INFO - DAG(s) 'latest_only_with_trigger' retrieved from /home/airflow/.local/lib/python3.12/site-packages/airflow/example_dags/example_latest_only_with_trigger.py
[2024-09-12T15:28:11.991+0000] {logging_mixin.py:190} INFO - [2024-09-12T15:28:11.991+0000] {dag.py:3229} INFO - Sync 1 DAGs
[2024-09-12T15:28:12.014+0000] {logging_mixin.py:190} INFO - [2024-09-12T15:28:12.014+0000] {dag.py:4156} INFO - Setting next_dagrun for latest_only_with_trigger to 2024-09-12 08:00:00+00:00, run_after=2024-09-12 12:00:00+00:00
[2024-09-12T15:28:12.030+0000] {processor.py:208} INFO - Processing /home/airflow/.local/lib/python3.12/site-packages/airflow/example_dags/example_latest_only_with_trigger.py took 0.098 seconds
[2024-09-12T15:28:42.612+0000] {processor.py:186} INFO - Started process (PID=1081) to work on /home/airflow/.local/lib/python3.12/site-packages/airflow/example_dags/example_latest_only_with_trigger.py
[2024-09-12T15:28:42.613+0000] {processor.py:914} INFO - Processing file /home/airflow/.local/lib/python3.12/site-packages/airflow/example_dags/example_latest_only_with_trigger.py for tasks to queue
[2024-09-12T15:28:42.617+0000] {logging_mixin.py:190} INFO - [2024-09-12T15:28:42.617+0000] {dagbag.py:587} INFO - Filling up the DagBag from /home/airflow/.local/lib/python3.12/site-packages/airflow/example_dags/example_latest_only_with_trigger.py
[2024-09-12T15:28:42.626+0000] {processor.py:925} INFO - DAG(s) 'latest_only_with_trigger' retrieved from /home/airflow/.local/lib/python3.12/site-packages/airflow/example_dags/example_latest_only_with_trigger.py
[2024-09-12T15:28:42.647+0000] {logging_mixin.py:190} INFO - [2024-09-12T15:28:42.646+0000] {dag.py:3229} INFO - Sync 1 DAGs
[2024-09-12T15:28:42.664+0000] {logging_mixin.py:190} INFO - [2024-09-12T15:28:42.663+0000] {dag.py:4156} INFO - Setting next_dagrun for latest_only_with_trigger to 2024-09-12 08:00:00+00:00, run_after=2024-09-12 12:00:00+00:00
[2024-09-12T15:28:42.676+0000] {processor.py:208} INFO - Processing /home/airflow/.local/lib/python3.12/site-packages/airflow/example_dags/example_latest_only_with_trigger.py took 0.072 seconds
[2024-09-12T15:29:12.860+0000] {processor.py:186} INFO - Started process (PID=1143) to work on /home/airflow/.local/lib/python3.12/site-packages/airflow/example_dags/example_latest_only_with_trigger.py
[2024-09-12T15:29:12.862+0000] {processor.py:914} INFO - Processing file /home/airflow/.local/lib/python3.12/site-packages/airflow/example_dags/example_latest_only_with_trigger.py for tasks to queue
[2024-09-12T15:29:12.866+0000] {logging_mixin.py:190} INFO - [2024-09-12T15:29:12.865+0000] {dagbag.py:587} INFO - Filling up the DagBag from /home/airflow/.local/lib/python3.12/site-packages/airflow/example_dags/example_latest_only_with_trigger.py
[2024-09-12T15:29:12.874+0000] {processor.py:925} INFO - DAG(s) 'latest_only_with_trigger' retrieved from /home/airflow/.local/lib/python3.12/site-packages/airflow/example_dags/example_latest_only_with_trigger.py
[2024-09-12T15:29:12.895+0000] {logging_mixin.py:190} INFO - [2024-09-12T15:29:12.895+0000] {dag.py:3229} INFO - Sync 1 DAGs
[2024-09-12T15:29:12.915+0000] {logging_mixin.py:190} INFO - [2024-09-12T15:29:12.915+0000] {dag.py:4156} INFO - Setting next_dagrun for latest_only_with_trigger to 2024-09-12 08:00:00+00:00, run_after=2024-09-12 12:00:00+00:00
[2024-09-12T15:29:12.929+0000] {processor.py:208} INFO - Processing /home/airflow/.local/lib/python3.12/site-packages/airflow/example_dags/example_latest_only_with_trigger.py took 0.076 seconds
[2024-09-12T15:29:43.316+0000] {processor.py:186} INFO - Started process (PID=1205) to work on /home/airflow/.local/lib/python3.12/site-packages/airflow/example_dags/example_latest_only_with_trigger.py
[2024-09-12T15:29:43.319+0000] {processor.py:914} INFO - Processing file /home/airflow/.local/lib/python3.12/site-packages/airflow/example_dags/example_latest_only_with_trigger.py for tasks to queue
[2024-09-12T15:29:43.324+0000] {logging_mixin.py:190} INFO - [2024-09-12T15:29:43.324+0000] {dagbag.py:587} INFO - Filling up the DagBag from /home/airflow/.local/lib/python3.12/site-packages/airflow/example_dags/example_latest_only_with_trigger.py
[2024-09-12T15:29:43.338+0000] {processor.py:925} INFO - DAG(s) 'latest_only_with_trigger' retrieved from /home/airflow/.local/lib/python3.12/site-packages/airflow/example_dags/example_latest_only_with_trigger.py
[2024-09-12T15:29:43.364+0000] {logging_mixin.py:190} INFO - [2024-09-12T15:29:43.363+0000] {dag.py:3229} INFO - Sync 1 DAGs
[2024-09-12T15:29:43.385+0000] {logging_mixin.py:190} INFO - [2024-09-12T15:29:43.384+0000] {dag.py:4156} INFO - Setting next_dagrun for latest_only_with_trigger to 2024-09-12 08:00:00+00:00, run_after=2024-09-12 12:00:00+00:00
[2024-09-12T15:29:43.398+0000] {processor.py:208} INFO - Processing /home/airflow/.local/lib/python3.12/site-packages/airflow/example_dags/example_latest_only_with_trigger.py took 0.094 seconds
[2024-09-12T15:30:13.515+0000] {processor.py:186} INFO - Started process (PID=1267) to work on /home/airflow/.local/lib/python3.12/site-packages/airflow/example_dags/example_latest_only_with_trigger.py
[2024-09-12T15:30:13.518+0000] {processor.py:914} INFO - Processing file /home/airflow/.local/lib/python3.12/site-packages/airflow/example_dags/example_latest_only_with_trigger.py for tasks to queue
[2024-09-12T15:30:13.523+0000] {logging_mixin.py:190} INFO - [2024-09-12T15:30:13.523+0000] {dagbag.py:587} INFO - Filling up the DagBag from /home/airflow/.local/lib/python3.12/site-packages/airflow/example_dags/example_latest_only_with_trigger.py
[2024-09-12T15:30:13.535+0000] {processor.py:925} INFO - DAG(s) 'latest_only_with_trigger' retrieved from /home/airflow/.local/lib/python3.12/site-packages/airflow/example_dags/example_latest_only_with_trigger.py
[2024-09-12T15:30:13.558+0000] {logging_mixin.py:190} INFO - [2024-09-12T15:30:13.558+0000] {dag.py:3229} INFO - Sync 1 DAGs
[2024-09-12T15:30:13.576+0000] {logging_mixin.py:190} INFO - [2024-09-12T15:30:13.576+0000] {dag.py:4156} INFO - Setting next_dagrun for latest_only_with_trigger to 2024-09-12 08:00:00+00:00, run_after=2024-09-12 12:00:00+00:00
[2024-09-12T15:30:13.588+0000] {processor.py:208} INFO - Processing /home/airflow/.local/lib/python3.12/site-packages/airflow/example_dags/example_latest_only_with_trigger.py took 0.083 seconds
[2024-09-12T15:30:44.643+0000] {processor.py:186} INFO - Started process (PID=1329) to work on /home/airflow/.local/lib/python3.12/site-packages/airflow/example_dags/example_latest_only_with_trigger.py
[2024-09-12T15:30:44.646+0000] {processor.py:914} INFO - Processing file /home/airflow/.local/lib/python3.12/site-packages/airflow/example_dags/example_latest_only_with_trigger.py for tasks to queue
[2024-09-12T15:30:44.653+0000] {logging_mixin.py:190} INFO - [2024-09-12T15:30:44.652+0000] {dagbag.py:587} INFO - Filling up the DagBag from /home/airflow/.local/lib/python3.12/site-packages/airflow/example_dags/example_latest_only_with_trigger.py
[2024-09-12T15:30:44.663+0000] {processor.py:925} INFO - DAG(s) 'latest_only_with_trigger' retrieved from /home/airflow/.local/lib/python3.12/site-packages/airflow/example_dags/example_latest_only_with_trigger.py
[2024-09-12T15:30:44.690+0000] {logging_mixin.py:190} INFO - [2024-09-12T15:30:44.690+0000] {dag.py:3229} INFO - Sync 1 DAGs
[2024-09-12T15:30:44.712+0000] {logging_mixin.py:190} INFO - [2024-09-12T15:30:44.712+0000] {dag.py:4156} INFO - Setting next_dagrun for latest_only_with_trigger to 2024-09-12 08:00:00+00:00, run_after=2024-09-12 12:00:00+00:00
[2024-09-12T15:30:44.726+0000] {processor.py:208} INFO - Processing /home/airflow/.local/lib/python3.12/site-packages/airflow/example_dags/example_latest_only_with_trigger.py took 0.099 seconds
[2024-09-12T15:31:14.907+0000] {processor.py:186} INFO - Started process (PID=1391) to work on /home/airflow/.local/lib/python3.12/site-packages/airflow/example_dags/example_latest_only_with_trigger.py
[2024-09-12T15:31:14.909+0000] {processor.py:914} INFO - Processing file /home/airflow/.local/lib/python3.12/site-packages/airflow/example_dags/example_latest_only_with_trigger.py for tasks to queue
[2024-09-12T15:31:14.914+0000] {logging_mixin.py:190} INFO - [2024-09-12T15:31:14.913+0000] {dagbag.py:587} INFO - Filling up the DagBag from /home/airflow/.local/lib/python3.12/site-packages/airflow/example_dags/example_latest_only_with_trigger.py
[2024-09-12T15:31:14.923+0000] {processor.py:925} INFO - DAG(s) 'latest_only_with_trigger' retrieved from /home/airflow/.local/lib/python3.12/site-packages/airflow/example_dags/example_latest_only_with_trigger.py
[2024-09-12T15:31:14.947+0000] {logging_mixin.py:190} INFO - [2024-09-12T15:31:14.947+0000] {dag.py:3229} INFO - Sync 1 DAGs
[2024-09-12T15:31:14.970+0000] {logging_mixin.py:190} INFO - [2024-09-12T15:31:14.970+0000] {dag.py:4156} INFO - Setting next_dagrun for latest_only_with_trigger to 2024-09-12 08:00:00+00:00, run_after=2024-09-12 12:00:00+00:00
[2024-09-12T15:31:14.986+0000] {processor.py:208} INFO - Processing /home/airflow/.local/lib/python3.12/site-packages/airflow/example_dags/example_latest_only_with_trigger.py took 0.088 seconds
[2024-09-12T15:31:45.251+0000] {processor.py:186} INFO - Started process (PID=1453) to work on /home/airflow/.local/lib/python3.12/site-packages/airflow/example_dags/example_latest_only_with_trigger.py
[2024-09-12T15:31:45.253+0000] {processor.py:914} INFO - Processing file /home/airflow/.local/lib/python3.12/site-packages/airflow/example_dags/example_latest_only_with_trigger.py for tasks to queue
[2024-09-12T15:31:45.259+0000] {logging_mixin.py:190} INFO - [2024-09-12T15:31:45.258+0000] {dagbag.py:587} INFO - Filling up the DagBag from /home/airflow/.local/lib/python3.12/site-packages/airflow/example_dags/example_latest_only_with_trigger.py
[2024-09-12T15:31:45.269+0000] {processor.py:925} INFO - DAG(s) 'latest_only_with_trigger' retrieved from /home/airflow/.local/lib/python3.12/site-packages/airflow/example_dags/example_latest_only_with_trigger.py
[2024-09-12T15:31:45.291+0000] {logging_mixin.py:190} INFO - [2024-09-12T15:31:45.290+0000] {dag.py:3229} INFO - Sync 1 DAGs
[2024-09-12T15:31:45.311+0000] {logging_mixin.py:190} INFO - [2024-09-12T15:31:45.311+0000] {dag.py:4156} INFO - Setting next_dagrun for latest_only_with_trigger to 2024-09-12 08:00:00+00:00, run_after=2024-09-12 12:00:00+00:00
[2024-09-12T15:31:45.324+0000] {processor.py:208} INFO - Processing /home/airflow/.local/lib/python3.12/site-packages/airflow/example_dags/example_latest_only_with_trigger.py took 0.082 seconds
[2024-09-12T15:32:15.513+0000] {processor.py:186} INFO - Started process (PID=1515) to work on /home/airflow/.local/lib/python3.12/site-packages/airflow/example_dags/example_latest_only_with_trigger.py
[2024-09-12T15:32:15.515+0000] {processor.py:914} INFO - Processing file /home/airflow/.local/lib/python3.12/site-packages/airflow/example_dags/example_latest_only_with_trigger.py for tasks to queue
[2024-09-12T15:32:15.518+0000] {logging_mixin.py:190} INFO - [2024-09-12T15:32:15.518+0000] {dagbag.py:587} INFO - Filling up the DagBag from /home/airflow/.local/lib/python3.12/site-packages/airflow/example_dags/example_latest_only_with_trigger.py
[2024-09-12T15:32:15.526+0000] {processor.py:925} INFO - DAG(s) 'latest_only_with_trigger' retrieved from /home/airflow/.local/lib/python3.12/site-packages/airflow/example_dags/example_latest_only_with_trigger.py
[2024-09-12T15:32:15.548+0000] {logging_mixin.py:190} INFO - [2024-09-12T15:32:15.548+0000] {dag.py:3229} INFO - Sync 1 DAGs
[2024-09-12T15:32:15.563+0000] {logging_mixin.py:190} INFO - [2024-09-12T15:32:15.563+0000] {dag.py:4156} INFO - Setting next_dagrun for latest_only_with_trigger to 2024-09-12 08:00:00+00:00, run_after=2024-09-12 12:00:00+00:00
[2024-09-12T15:32:15.575+0000] {processor.py:208} INFO - Processing /home/airflow/.local/lib/python3.12/site-packages/airflow/example_dags/example_latest_only_with_trigger.py took 0.069 seconds
[2024-09-12T15:32:45.761+0000] {processor.py:186} INFO - Started process (PID=1576) to work on /home/airflow/.local/lib/python3.12/site-packages/airflow/example_dags/example_latest_only_with_trigger.py
[2024-09-12T15:32:45.764+0000] {processor.py:914} INFO - Processing file /home/airflow/.local/lib/python3.12/site-packages/airflow/example_dags/example_latest_only_with_trigger.py for tasks to queue
[2024-09-12T15:32:45.768+0000] {logging_mixin.py:190} INFO - [2024-09-12T15:32:45.768+0000] {dagbag.py:587} INFO - Filling up the DagBag from /home/airflow/.local/lib/python3.12/site-packages/airflow/example_dags/example_latest_only_with_trigger.py
[2024-09-12T15:32:45.778+0000] {processor.py:925} INFO - DAG(s) 'latest_only_with_trigger' retrieved from /home/airflow/.local/lib/python3.12/site-packages/airflow/example_dags/example_latest_only_with_trigger.py
[2024-09-12T15:32:45.807+0000] {logging_mixin.py:190} INFO - [2024-09-12T15:32:45.806+0000] {dag.py:3229} INFO - Sync 1 DAGs
[2024-09-12T15:32:45.830+0000] {logging_mixin.py:190} INFO - [2024-09-12T15:32:45.830+0000] {dag.py:4156} INFO - Setting next_dagrun for latest_only_with_trigger to 2024-09-12 08:00:00+00:00, run_after=2024-09-12 12:00:00+00:00
[2024-09-12T15:32:45.847+0000] {processor.py:208} INFO - Processing /home/airflow/.local/lib/python3.12/site-packages/airflow/example_dags/example_latest_only_with_trigger.py took 0.097 seconds
[2024-09-12T15:33:16.176+0000] {processor.py:186} INFO - Started process (PID=1643) to work on /home/airflow/.local/lib/python3.12/site-packages/airflow/example_dags/example_latest_only_with_trigger.py
[2024-09-12T15:33:16.178+0000] {processor.py:914} INFO - Processing file /home/airflow/.local/lib/python3.12/site-packages/airflow/example_dags/example_latest_only_with_trigger.py for tasks to queue
[2024-09-12T15:33:16.180+0000] {logging_mixin.py:190} INFO - [2024-09-12T15:33:16.180+0000] {dagbag.py:587} INFO - Filling up the DagBag from /home/airflow/.local/lib/python3.12/site-packages/airflow/example_dags/example_latest_only_with_trigger.py
[2024-09-12T15:33:16.188+0000] {processor.py:925} INFO - DAG(s) 'latest_only_with_trigger' retrieved from /home/airflow/.local/lib/python3.12/site-packages/airflow/example_dags/example_latest_only_with_trigger.py
[2024-09-12T15:33:16.211+0000] {logging_mixin.py:190} INFO - [2024-09-12T15:33:16.211+0000] {dag.py:3229} INFO - Sync 1 DAGs
[2024-09-12T15:33:16.236+0000] {logging_mixin.py:190} INFO - [2024-09-12T15:33:16.236+0000] {dag.py:4156} INFO - Setting next_dagrun for latest_only_with_trigger to 2024-09-12 08:00:00+00:00, run_after=2024-09-12 12:00:00+00:00
[2024-09-12T15:33:16.251+0000] {processor.py:208} INFO - Processing /home/airflow/.local/lib/python3.12/site-packages/airflow/example_dags/example_latest_only_with_trigger.py took 0.083 seconds
[2024-09-12T15:33:46.442+0000] {processor.py:186} INFO - Started process (PID=1705) to work on /home/airflow/.local/lib/python3.12/site-packages/airflow/example_dags/example_latest_only_with_trigger.py
[2024-09-12T15:33:46.444+0000] {processor.py:914} INFO - Processing file /home/airflow/.local/lib/python3.12/site-packages/airflow/example_dags/example_latest_only_with_trigger.py for tasks to queue
[2024-09-12T15:33:46.449+0000] {logging_mixin.py:190} INFO - [2024-09-12T15:33:46.448+0000] {dagbag.py:587} INFO - Filling up the DagBag from /home/airflow/.local/lib/python3.12/site-packages/airflow/example_dags/example_latest_only_with_trigger.py
[2024-09-12T15:33:46.464+0000] {processor.py:925} INFO - DAG(s) 'latest_only_with_trigger' retrieved from /home/airflow/.local/lib/python3.12/site-packages/airflow/example_dags/example_latest_only_with_trigger.py
[2024-09-12T15:33:46.496+0000] {logging_mixin.py:190} INFO - [2024-09-12T15:33:46.496+0000] {dag.py:3229} INFO - Sync 1 DAGs
[2024-09-12T15:33:46.517+0000] {logging_mixin.py:190} INFO - [2024-09-12T15:33:46.517+0000] {dag.py:4156} INFO - Setting next_dagrun for latest_only_with_trigger to 2024-09-12 08:00:00+00:00, run_after=2024-09-12 12:00:00+00:00
[2024-09-12T15:33:46.542+0000] {processor.py:208} INFO - Processing /home/airflow/.local/lib/python3.12/site-packages/airflow/example_dags/example_latest_only_with_trigger.py took 0.109 seconds
