[2024-09-12T15:20:09.675+0000] {processor.py:186} INFO - Started process (PID=67) to work on /home/airflow/.local/lib/python3.12/site-packages/airflow/example_dags/example_display_name.py
[2024-09-12T15:20:09.676+0000] {processor.py:914} INFO - Processing file /home/airflow/.local/lib/python3.12/site-packages/airflow/example_dags/example_display_name.py for tasks to queue
[2024-09-12T15:20:09.679+0000] {logging_mixin.py:190} INFO - [2024-09-12T15:20:09.678+0000] {dagbag.py:587} INFO - Filling up the DagBag from /home/airflow/.local/lib/python3.12/site-packages/airflow/example_dags/example_display_name.py
[2024-09-12T15:20:09.685+0000] {processor.py:925} INFO - DAG(s) 'example_display_name' retrieved from /home/airflow/.local/lib/python3.12/site-packages/airflow/example_dags/example_display_name.py
[2024-09-12T15:20:09.748+0000] {logging_mixin.py:190} INFO - [2024-09-12T15:20:09.748+0000] {override.py:1900} INFO - Created Permission View: can read on DAG:example_display_name
[2024-09-12T15:20:09.766+0000] {logging_mixin.py:190} INFO - [2024-09-12T15:20:09.765+0000] {override.py:1900} INFO - Created Permission View: can delete on DAG:example_display_name
[2024-09-12T15:20:09.771+0000] {logging_mixin.py:190} INFO - [2024-09-12T15:20:09.771+0000] {override.py:1900} INFO - Created Permission View: can edit on DAG:example_display_name
[2024-09-12T15:20:09.779+0000] {logging_mixin.py:190} INFO - [2024-09-12T15:20:09.778+0000] {override.py:1900} INFO - Created Permission View: can read on DAG Run:example_display_name
[2024-09-12T15:20:09.783+0000] {logging_mixin.py:190} INFO - [2024-09-12T15:20:09.783+0000] {override.py:1900} INFO - Created Permission View: can create on DAG Run:example_display_name
[2024-09-12T15:20:09.791+0000] {logging_mixin.py:190} INFO - [2024-09-12T15:20:09.791+0000] {override.py:1900} INFO - Created Permission View: menu access on DAG Run:example_display_name
[2024-09-12T15:20:09.805+0000] {logging_mixin.py:190} INFO - [2024-09-12T15:20:09.804+0000] {override.py:1900} INFO - Created Permission View: can delete on DAG Run:example_display_name
[2024-09-12T15:20:09.805+0000] {logging_mixin.py:190} INFO - [2024-09-12T15:20:09.805+0000] {dag.py:3229} INFO - Sync 1 DAGs
[2024-09-12T15:20:09.813+0000] {logging_mixin.py:190} INFO - [2024-09-12T15:20:09.813+0000] {dag.py:3252} INFO - Creating ORM DAG for example_display_name
[2024-09-12T15:20:09.814+0000] {logging_mixin.py:190} INFO - [2024-09-12T15:20:09.814+0000] {dag.py:4156} INFO - Setting next_dagrun for example_display_name to None, run_after=None
[2024-09-12T15:20:09.828+0000] {processor.py:208} INFO - Processing /home/airflow/.local/lib/python3.12/site-packages/airflow/example_dags/example_display_name.py took 0.157 seconds
[2024-09-12T15:20:39.954+0000] {processor.py:186} INFO - Started process (PID=130) to work on /home/airflow/.local/lib/python3.12/site-packages/airflow/example_dags/example_display_name.py
[2024-09-12T15:20:39.956+0000] {processor.py:914} INFO - Processing file /home/airflow/.local/lib/python3.12/site-packages/airflow/example_dags/example_display_name.py for tasks to queue
[2024-09-12T15:20:39.958+0000] {logging_mixin.py:190} INFO - [2024-09-12T15:20:39.958+0000] {dagbag.py:587} INFO - Filling up the DagBag from /home/airflow/.local/lib/python3.12/site-packages/airflow/example_dags/example_display_name.py
[2024-09-12T15:20:39.965+0000] {processor.py:925} INFO - DAG(s) 'example_display_name' retrieved from /home/airflow/.local/lib/python3.12/site-packages/airflow/example_dags/example_display_name.py
[2024-09-12T15:20:39.983+0000] {logging_mixin.py:190} INFO - [2024-09-12T15:20:39.983+0000] {dag.py:3229} INFO - Sync 1 DAGs
[2024-09-12T15:20:39.993+0000] {logging_mixin.py:190} INFO - [2024-09-12T15:20:39.993+0000] {dag.py:4156} INFO - Setting next_dagrun for example_display_name to None, run_after=None
[2024-09-12T15:20:40.005+0000] {processor.py:208} INFO - Processing /home/airflow/.local/lib/python3.12/site-packages/airflow/example_dags/example_display_name.py took 0.056 seconds
[2024-09-12T15:21:10.417+0000] {processor.py:186} INFO - Started process (PID=193) to work on /home/airflow/.local/lib/python3.12/site-packages/airflow/example_dags/example_display_name.py
[2024-09-12T15:21:10.423+0000] {processor.py:914} INFO - Processing file /home/airflow/.local/lib/python3.12/site-packages/airflow/example_dags/example_display_name.py for tasks to queue
[2024-09-12T15:21:10.429+0000] {logging_mixin.py:190} INFO - [2024-09-12T15:21:10.428+0000] {dagbag.py:587} INFO - Filling up the DagBag from /home/airflow/.local/lib/python3.12/site-packages/airflow/example_dags/example_display_name.py
[2024-09-12T15:21:10.437+0000] {processor.py:925} INFO - DAG(s) 'example_display_name' retrieved from /home/airflow/.local/lib/python3.12/site-packages/airflow/example_dags/example_display_name.py
[2024-09-12T15:21:10.457+0000] {logging_mixin.py:190} INFO - [2024-09-12T15:21:10.456+0000] {dag.py:3229} INFO - Sync 1 DAGs
[2024-09-12T15:21:10.468+0000] {logging_mixin.py:190} INFO - [2024-09-12T15:21:10.468+0000] {dag.py:4156} INFO - Setting next_dagrun for example_display_name to None, run_after=None
[2024-09-12T15:21:10.480+0000] {processor.py:208} INFO - Processing /home/airflow/.local/lib/python3.12/site-packages/airflow/example_dags/example_display_name.py took 0.067 seconds
[2024-09-12T15:21:41.524+0000] {processor.py:186} INFO - Started process (PID=255) to work on /home/airflow/.local/lib/python3.12/site-packages/airflow/example_dags/example_display_name.py
[2024-09-12T15:21:41.525+0000] {processor.py:914} INFO - Processing file /home/airflow/.local/lib/python3.12/site-packages/airflow/example_dags/example_display_name.py for tasks to queue
[2024-09-12T15:21:41.528+0000] {logging_mixin.py:190} INFO - [2024-09-12T15:21:41.528+0000] {dagbag.py:587} INFO - Filling up the DagBag from /home/airflow/.local/lib/python3.12/site-packages/airflow/example_dags/example_display_name.py
[2024-09-12T15:21:41.535+0000] {processor.py:925} INFO - DAG(s) 'example_display_name' retrieved from /home/airflow/.local/lib/python3.12/site-packages/airflow/example_dags/example_display_name.py
[2024-09-12T15:21:41.553+0000] {logging_mixin.py:190} INFO - [2024-09-12T15:21:41.552+0000] {dag.py:3229} INFO - Sync 1 DAGs
[2024-09-12T15:21:41.563+0000] {logging_mixin.py:190} INFO - [2024-09-12T15:21:41.563+0000] {dag.py:4156} INFO - Setting next_dagrun for example_display_name to None, run_after=None
[2024-09-12T15:21:41.574+0000] {processor.py:208} INFO - Processing /home/airflow/.local/lib/python3.12/site-packages/airflow/example_dags/example_display_name.py took 0.055 seconds
[2024-09-12T15:22:12.352+0000] {processor.py:186} INFO - Started process (PID=317) to work on /home/airflow/.local/lib/python3.12/site-packages/airflow/example_dags/example_display_name.py
[2024-09-12T15:22:12.354+0000] {processor.py:914} INFO - Processing file /home/airflow/.local/lib/python3.12/site-packages/airflow/example_dags/example_display_name.py for tasks to queue
[2024-09-12T15:22:12.356+0000] {logging_mixin.py:190} INFO - [2024-09-12T15:22:12.356+0000] {dagbag.py:587} INFO - Filling up the DagBag from /home/airflow/.local/lib/python3.12/site-packages/airflow/example_dags/example_display_name.py
[2024-09-12T15:22:12.363+0000] {processor.py:925} INFO - DAG(s) 'example_display_name' retrieved from /home/airflow/.local/lib/python3.12/site-packages/airflow/example_dags/example_display_name.py
[2024-09-12T15:22:12.380+0000] {logging_mixin.py:190} INFO - [2024-09-12T15:22:12.380+0000] {dag.py:3229} INFO - Sync 1 DAGs
[2024-09-12T15:22:12.391+0000] {logging_mixin.py:190} INFO - [2024-09-12T15:22:12.391+0000] {dag.py:4156} INFO - Setting next_dagrun for example_display_name to None, run_after=None
[2024-09-12T15:22:12.402+0000] {processor.py:208} INFO - Processing /home/airflow/.local/lib/python3.12/site-packages/airflow/example_dags/example_display_name.py took 0.056 seconds
[2024-09-12T15:22:42.775+0000] {processor.py:186} INFO - Started process (PID=379) to work on /home/airflow/.local/lib/python3.12/site-packages/airflow/example_dags/example_display_name.py
[2024-09-12T15:22:42.777+0000] {processor.py:914} INFO - Processing file /home/airflow/.local/lib/python3.12/site-packages/airflow/example_dags/example_display_name.py for tasks to queue
[2024-09-12T15:22:42.780+0000] {logging_mixin.py:190} INFO - [2024-09-12T15:22:42.779+0000] {dagbag.py:587} INFO - Filling up the DagBag from /home/airflow/.local/lib/python3.12/site-packages/airflow/example_dags/example_display_name.py
[2024-09-12T15:22:42.786+0000] {processor.py:925} INFO - DAG(s) 'example_display_name' retrieved from /home/airflow/.local/lib/python3.12/site-packages/airflow/example_dags/example_display_name.py
[2024-09-12T15:22:42.803+0000] {logging_mixin.py:190} INFO - [2024-09-12T15:22:42.802+0000] {dag.py:3229} INFO - Sync 1 DAGs
[2024-09-12T15:22:42.812+0000] {logging_mixin.py:190} INFO - [2024-09-12T15:22:42.812+0000] {dag.py:4156} INFO - Setting next_dagrun for example_display_name to None, run_after=None
[2024-09-12T15:22:42.824+0000] {processor.py:208} INFO - Processing /home/airflow/.local/lib/python3.12/site-packages/airflow/example_dags/example_display_name.py took 0.053 seconds
[2024-09-12T15:23:12.889+0000] {processor.py:186} INFO - Started process (PID=440) to work on /home/airflow/.local/lib/python3.12/site-packages/airflow/example_dags/example_display_name.py
[2024-09-12T15:23:12.890+0000] {processor.py:914} INFO - Processing file /home/airflow/.local/lib/python3.12/site-packages/airflow/example_dags/example_display_name.py for tasks to queue
[2024-09-12T15:23:12.892+0000] {logging_mixin.py:190} INFO - [2024-09-12T15:23:12.892+0000] {dagbag.py:587} INFO - Filling up the DagBag from /home/airflow/.local/lib/python3.12/site-packages/airflow/example_dags/example_display_name.py
[2024-09-12T15:23:12.898+0000] {processor.py:925} INFO - DAG(s) 'example_display_name' retrieved from /home/airflow/.local/lib/python3.12/site-packages/airflow/example_dags/example_display_name.py
[2024-09-12T15:23:12.913+0000] {logging_mixin.py:190} INFO - [2024-09-12T15:23:12.913+0000] {dag.py:3229} INFO - Sync 1 DAGs
[2024-09-12T15:23:12.922+0000] {logging_mixin.py:190} INFO - [2024-09-12T15:23:12.922+0000] {dag.py:4156} INFO - Setting next_dagrun for example_display_name to None, run_after=None
[2024-09-12T15:23:12.932+0000] {processor.py:208} INFO - Processing /home/airflow/.local/lib/python3.12/site-packages/airflow/example_dags/example_display_name.py took 0.047 seconds
[2024-09-12T15:23:43.193+0000] {processor.py:186} INFO - Started process (PID=502) to work on /home/airflow/.local/lib/python3.12/site-packages/airflow/example_dags/example_display_name.py
[2024-09-12T15:23:43.194+0000] {processor.py:914} INFO - Processing file /home/airflow/.local/lib/python3.12/site-packages/airflow/example_dags/example_display_name.py for tasks to queue
[2024-09-12T15:23:43.196+0000] {logging_mixin.py:190} INFO - [2024-09-12T15:23:43.196+0000] {dagbag.py:587} INFO - Filling up the DagBag from /home/airflow/.local/lib/python3.12/site-packages/airflow/example_dags/example_display_name.py
[2024-09-12T15:23:43.203+0000] {processor.py:925} INFO - DAG(s) 'example_display_name' retrieved from /home/airflow/.local/lib/python3.12/site-packages/airflow/example_dags/example_display_name.py
[2024-09-12T15:23:43.219+0000] {logging_mixin.py:190} INFO - [2024-09-12T15:23:43.219+0000] {dag.py:3229} INFO - Sync 1 DAGs
[2024-09-12T15:23:43.229+0000] {logging_mixin.py:190} INFO - [2024-09-12T15:23:43.229+0000] {dag.py:4156} INFO - Setting next_dagrun for example_display_name to None, run_after=None
[2024-09-12T15:23:43.240+0000] {processor.py:208} INFO - Processing /home/airflow/.local/lib/python3.12/site-packages/airflow/example_dags/example_display_name.py took 0.052 seconds
[2024-09-12T15:24:14.267+0000] {processor.py:186} INFO - Started process (PID=564) to work on /home/airflow/.local/lib/python3.12/site-packages/airflow/example_dags/example_display_name.py
[2024-09-12T15:24:14.269+0000] {processor.py:914} INFO - Processing file /home/airflow/.local/lib/python3.12/site-packages/airflow/example_dags/example_display_name.py for tasks to queue
[2024-09-12T15:24:14.272+0000] {logging_mixin.py:190} INFO - [2024-09-12T15:24:14.272+0000] {dagbag.py:587} INFO - Filling up the DagBag from /home/airflow/.local/lib/python3.12/site-packages/airflow/example_dags/example_display_name.py
[2024-09-12T15:24:14.281+0000] {processor.py:925} INFO - DAG(s) 'example_display_name' retrieved from /home/airflow/.local/lib/python3.12/site-packages/airflow/example_dags/example_display_name.py
[2024-09-12T15:24:14.305+0000] {logging_mixin.py:190} INFO - [2024-09-12T15:24:14.304+0000] {dag.py:3229} INFO - Sync 1 DAGs
[2024-09-12T15:24:14.318+0000] {logging_mixin.py:190} INFO - [2024-09-12T15:24:14.318+0000] {dag.py:4156} INFO - Setting next_dagrun for example_display_name to None, run_after=None
[2024-09-12T15:24:14.331+0000] {processor.py:208} INFO - Processing /home/airflow/.local/lib/python3.12/site-packages/airflow/example_dags/example_display_name.py took 0.069 seconds
[2024-09-12T15:24:44.493+0000] {processor.py:186} INFO - Started process (PID=626) to work on /home/airflow/.local/lib/python3.12/site-packages/airflow/example_dags/example_display_name.py
[2024-09-12T15:24:44.494+0000] {processor.py:914} INFO - Processing file /home/airflow/.local/lib/python3.12/site-packages/airflow/example_dags/example_display_name.py for tasks to queue
[2024-09-12T15:24:44.496+0000] {logging_mixin.py:190} INFO - [2024-09-12T15:24:44.496+0000] {dagbag.py:587} INFO - Filling up the DagBag from /home/airflow/.local/lib/python3.12/site-packages/airflow/example_dags/example_display_name.py
[2024-09-12T15:24:44.503+0000] {processor.py:925} INFO - DAG(s) 'example_display_name' retrieved from /home/airflow/.local/lib/python3.12/site-packages/airflow/example_dags/example_display_name.py
[2024-09-12T15:24:44.522+0000] {logging_mixin.py:190} INFO - [2024-09-12T15:24:44.522+0000] {dag.py:3229} INFO - Sync 1 DAGs
[2024-09-12T15:24:44.531+0000] {logging_mixin.py:190} INFO - [2024-09-12T15:24:44.531+0000] {dag.py:4156} INFO - Setting next_dagrun for example_display_name to None, run_after=None
[2024-09-12T15:24:44.545+0000] {processor.py:208} INFO - Processing /home/airflow/.local/lib/python3.12/site-packages/airflow/example_dags/example_display_name.py took 0.059 seconds
[2024-09-12T15:25:14.797+0000] {processor.py:186} INFO - Started process (PID=693) to work on /home/airflow/.local/lib/python3.12/site-packages/airflow/example_dags/example_display_name.py
[2024-09-12T15:25:14.799+0000] {processor.py:914} INFO - Processing file /home/airflow/.local/lib/python3.12/site-packages/airflow/example_dags/example_display_name.py for tasks to queue
[2024-09-12T15:25:14.804+0000] {logging_mixin.py:190} INFO - [2024-09-12T15:25:14.804+0000] {dagbag.py:587} INFO - Filling up the DagBag from /home/airflow/.local/lib/python3.12/site-packages/airflow/example_dags/example_display_name.py
[2024-09-12T15:25:14.811+0000] {processor.py:925} INFO - DAG(s) 'example_display_name' retrieved from /home/airflow/.local/lib/python3.12/site-packages/airflow/example_dags/example_display_name.py
[2024-09-12T15:25:14.828+0000] {logging_mixin.py:190} INFO - [2024-09-12T15:25:14.828+0000] {dag.py:3229} INFO - Sync 1 DAGs
[2024-09-12T15:25:14.838+0000] {logging_mixin.py:190} INFO - [2024-09-12T15:25:14.838+0000] {dag.py:4156} INFO - Setting next_dagrun for example_display_name to None, run_after=None
[2024-09-12T15:25:14.850+0000] {processor.py:208} INFO - Processing /home/airflow/.local/lib/python3.12/site-packages/airflow/example_dags/example_display_name.py took 0.059 seconds
[2024-09-12T15:25:45.008+0000] {processor.py:186} INFO - Started process (PID=755) to work on /home/airflow/.local/lib/python3.12/site-packages/airflow/example_dags/example_display_name.py
[2024-09-12T15:25:45.009+0000] {processor.py:914} INFO - Processing file /home/airflow/.local/lib/python3.12/site-packages/airflow/example_dags/example_display_name.py for tasks to queue
[2024-09-12T15:25:45.011+0000] {logging_mixin.py:190} INFO - [2024-09-12T15:25:45.011+0000] {dagbag.py:587} INFO - Filling up the DagBag from /home/airflow/.local/lib/python3.12/site-packages/airflow/example_dags/example_display_name.py
[2024-09-12T15:25:45.017+0000] {processor.py:925} INFO - DAG(s) 'example_display_name' retrieved from /home/airflow/.local/lib/python3.12/site-packages/airflow/example_dags/example_display_name.py
[2024-09-12T15:25:45.033+0000] {logging_mixin.py:190} INFO - [2024-09-12T15:25:45.033+0000] {dag.py:3229} INFO - Sync 1 DAGs
[2024-09-12T15:25:45.042+0000] {logging_mixin.py:190} INFO - [2024-09-12T15:25:45.042+0000] {dag.py:4156} INFO - Setting next_dagrun for example_display_name to None, run_after=None
[2024-09-12T15:25:45.053+0000] {processor.py:208} INFO - Processing /home/airflow/.local/lib/python3.12/site-packages/airflow/example_dags/example_display_name.py took 0.050 seconds
[2024-09-12T15:26:15.237+0000] {processor.py:186} INFO - Started process (PID=817) to work on /home/airflow/.local/lib/python3.12/site-packages/airflow/example_dags/example_display_name.py
[2024-09-12T15:26:15.239+0000] {processor.py:914} INFO - Processing file /home/airflow/.local/lib/python3.12/site-packages/airflow/example_dags/example_display_name.py for tasks to queue
[2024-09-12T15:26:15.241+0000] {logging_mixin.py:190} INFO - [2024-09-12T15:26:15.241+0000] {dagbag.py:587} INFO - Filling up the DagBag from /home/airflow/.local/lib/python3.12/site-packages/airflow/example_dags/example_display_name.py
[2024-09-12T15:26:15.248+0000] {processor.py:925} INFO - DAG(s) 'example_display_name' retrieved from /home/airflow/.local/lib/python3.12/site-packages/airflow/example_dags/example_display_name.py
[2024-09-12T15:26:15.267+0000] {logging_mixin.py:190} INFO - [2024-09-12T15:26:15.267+0000] {dag.py:3229} INFO - Sync 1 DAGs
[2024-09-12T15:26:15.280+0000] {logging_mixin.py:190} INFO - [2024-09-12T15:26:15.280+0000] {dag.py:4156} INFO - Setting next_dagrun for example_display_name to None, run_after=None
[2024-09-12T15:26:15.304+0000] {processor.py:208} INFO - Processing /home/airflow/.local/lib/python3.12/site-packages/airflow/example_dags/example_display_name.py took 0.071 seconds
[2024-09-12T15:26:46.594+0000] {processor.py:186} INFO - Started process (PID=880) to work on /home/airflow/.local/lib/python3.12/site-packages/airflow/example_dags/example_display_name.py
[2024-09-12T15:26:46.595+0000] {processor.py:914} INFO - Processing file /home/airflow/.local/lib/python3.12/site-packages/airflow/example_dags/example_display_name.py for tasks to queue
[2024-09-12T15:26:46.598+0000] {logging_mixin.py:190} INFO - [2024-09-12T15:26:46.597+0000] {dagbag.py:587} INFO - Filling up the DagBag from /home/airflow/.local/lib/python3.12/site-packages/airflow/example_dags/example_display_name.py
[2024-09-12T15:26:46.604+0000] {processor.py:925} INFO - DAG(s) 'example_display_name' retrieved from /home/airflow/.local/lib/python3.12/site-packages/airflow/example_dags/example_display_name.py
[2024-09-12T15:26:46.620+0000] {logging_mixin.py:190} INFO - [2024-09-12T15:26:46.620+0000] {dag.py:3229} INFO - Sync 1 DAGs
[2024-09-12T15:26:46.629+0000] {logging_mixin.py:190} INFO - [2024-09-12T15:26:46.629+0000] {dag.py:4156} INFO - Setting next_dagrun for example_display_name to None, run_after=None
[2024-09-12T15:26:46.640+0000] {processor.py:208} INFO - Processing /home/airflow/.local/lib/python3.12/site-packages/airflow/example_dags/example_display_name.py took 0.050 seconds
[2024-09-12T15:27:16.776+0000] {processor.py:186} INFO - Started process (PID=942) to work on /home/airflow/.local/lib/python3.12/site-packages/airflow/example_dags/example_display_name.py
[2024-09-12T15:27:16.777+0000] {processor.py:914} INFO - Processing file /home/airflow/.local/lib/python3.12/site-packages/airflow/example_dags/example_display_name.py for tasks to queue
[2024-09-12T15:27:16.780+0000] {logging_mixin.py:190} INFO - [2024-09-12T15:27:16.779+0000] {dagbag.py:587} INFO - Filling up the DagBag from /home/airflow/.local/lib/python3.12/site-packages/airflow/example_dags/example_display_name.py
[2024-09-12T15:27:16.785+0000] {processor.py:925} INFO - DAG(s) 'example_display_name' retrieved from /home/airflow/.local/lib/python3.12/site-packages/airflow/example_dags/example_display_name.py
[2024-09-12T15:27:16.802+0000] {logging_mixin.py:190} INFO - [2024-09-12T15:27:16.802+0000] {dag.py:3229} INFO - Sync 1 DAGs
[2024-09-12T15:27:16.812+0000] {logging_mixin.py:190} INFO - [2024-09-12T15:27:16.812+0000] {dag.py:4156} INFO - Setting next_dagrun for example_display_name to None, run_after=None
[2024-09-12T15:27:16.822+0000] {processor.py:208} INFO - Processing /home/airflow/.local/lib/python3.12/site-packages/airflow/example_dags/example_display_name.py took 0.051 seconds
[2024-09-12T15:27:47.705+0000] {processor.py:186} INFO - Started process (PID=1004) to work on /home/airflow/.local/lib/python3.12/site-packages/airflow/example_dags/example_display_name.py
[2024-09-12T15:27:47.707+0000] {processor.py:914} INFO - Processing file /home/airflow/.local/lib/python3.12/site-packages/airflow/example_dags/example_display_name.py for tasks to queue
[2024-09-12T15:27:47.711+0000] {logging_mixin.py:190} INFO - [2024-09-12T15:27:47.710+0000] {dagbag.py:587} INFO - Filling up the DagBag from /home/airflow/.local/lib/python3.12/site-packages/airflow/example_dags/example_display_name.py
[2024-09-12T15:27:47.718+0000] {processor.py:925} INFO - DAG(s) 'example_display_name' retrieved from /home/airflow/.local/lib/python3.12/site-packages/airflow/example_dags/example_display_name.py
[2024-09-12T15:27:47.746+0000] {logging_mixin.py:190} INFO - [2024-09-12T15:27:47.746+0000] {dag.py:3229} INFO - Sync 1 DAGs
[2024-09-12T15:27:47.758+0000] {logging_mixin.py:190} INFO - [2024-09-12T15:27:47.758+0000] {dag.py:4156} INFO - Setting next_dagrun for example_display_name to None, run_after=None
[2024-09-12T15:27:47.772+0000] {processor.py:208} INFO - Processing /home/airflow/.local/lib/python3.12/site-packages/airflow/example_dags/example_display_name.py took 0.073 seconds
[2024-09-12T15:28:18.406+0000] {processor.py:186} INFO - Started process (PID=1066) to work on /home/airflow/.local/lib/python3.12/site-packages/airflow/example_dags/example_display_name.py
[2024-09-12T15:28:18.409+0000] {processor.py:914} INFO - Processing file /home/airflow/.local/lib/python3.12/site-packages/airflow/example_dags/example_display_name.py for tasks to queue
[2024-09-12T15:28:18.412+0000] {logging_mixin.py:190} INFO - [2024-09-12T15:28:18.412+0000] {dagbag.py:587} INFO - Filling up the DagBag from /home/airflow/.local/lib/python3.12/site-packages/airflow/example_dags/example_display_name.py
[2024-09-12T15:28:18.419+0000] {processor.py:925} INFO - DAG(s) 'example_display_name' retrieved from /home/airflow/.local/lib/python3.12/site-packages/airflow/example_dags/example_display_name.py
[2024-09-12T15:28:18.441+0000] {logging_mixin.py:190} INFO - [2024-09-12T15:28:18.441+0000] {dag.py:3229} INFO - Sync 1 DAGs
[2024-09-12T15:28:18.456+0000] {logging_mixin.py:190} INFO - [2024-09-12T15:28:18.455+0000] {dag.py:4156} INFO - Setting next_dagrun for example_display_name to None, run_after=None
[2024-09-12T15:28:18.477+0000] {processor.py:208} INFO - Processing /home/airflow/.local/lib/python3.12/site-packages/airflow/example_dags/example_display_name.py took 0.083 seconds
[2024-09-12T15:28:48.776+0000] {processor.py:186} INFO - Started process (PID=1128) to work on /home/airflow/.local/lib/python3.12/site-packages/airflow/example_dags/example_display_name.py
[2024-09-12T15:28:48.778+0000] {processor.py:914} INFO - Processing file /home/airflow/.local/lib/python3.12/site-packages/airflow/example_dags/example_display_name.py for tasks to queue
[2024-09-12T15:28:48.780+0000] {logging_mixin.py:190} INFO - [2024-09-12T15:28:48.780+0000] {dagbag.py:587} INFO - Filling up the DagBag from /home/airflow/.local/lib/python3.12/site-packages/airflow/example_dags/example_display_name.py
[2024-09-12T15:28:48.788+0000] {processor.py:925} INFO - DAG(s) 'example_display_name' retrieved from /home/airflow/.local/lib/python3.12/site-packages/airflow/example_dags/example_display_name.py
[2024-09-12T15:28:48.808+0000] {logging_mixin.py:190} INFO - [2024-09-12T15:28:48.808+0000] {dag.py:3229} INFO - Sync 1 DAGs
[2024-09-12T15:28:48.817+0000] {logging_mixin.py:190} INFO - [2024-09-12T15:28:48.817+0000] {dag.py:4156} INFO - Setting next_dagrun for example_display_name to None, run_after=None
[2024-09-12T15:28:48.828+0000] {processor.py:208} INFO - Processing /home/airflow/.local/lib/python3.12/site-packages/airflow/example_dags/example_display_name.py took 0.056 seconds
[2024-09-12T15:29:19.136+0000] {processor.py:186} INFO - Started process (PID=1190) to work on /home/airflow/.local/lib/python3.12/site-packages/airflow/example_dags/example_display_name.py
[2024-09-12T15:29:19.138+0000] {processor.py:914} INFO - Processing file /home/airflow/.local/lib/python3.12/site-packages/airflow/example_dags/example_display_name.py for tasks to queue
[2024-09-12T15:29:19.140+0000] {logging_mixin.py:190} INFO - [2024-09-12T15:29:19.140+0000] {dagbag.py:587} INFO - Filling up the DagBag from /home/airflow/.local/lib/python3.12/site-packages/airflow/example_dags/example_display_name.py
[2024-09-12T15:29:19.146+0000] {processor.py:925} INFO - DAG(s) 'example_display_name' retrieved from /home/airflow/.local/lib/python3.12/site-packages/airflow/example_dags/example_display_name.py
[2024-09-12T15:29:19.163+0000] {logging_mixin.py:190} INFO - [2024-09-12T15:29:19.163+0000] {dag.py:3229} INFO - Sync 1 DAGs
[2024-09-12T15:29:19.173+0000] {logging_mixin.py:190} INFO - [2024-09-12T15:29:19.173+0000] {dag.py:4156} INFO - Setting next_dagrun for example_display_name to None, run_after=None
[2024-09-12T15:29:19.184+0000] {processor.py:208} INFO - Processing /home/airflow/.local/lib/python3.12/site-packages/airflow/example_dags/example_display_name.py took 0.052 seconds
[2024-09-12T15:29:49.460+0000] {processor.py:186} INFO - Started process (PID=1252) to work on /home/airflow/.local/lib/python3.12/site-packages/airflow/example_dags/example_display_name.py
[2024-09-12T15:29:49.462+0000] {processor.py:914} INFO - Processing file /home/airflow/.local/lib/python3.12/site-packages/airflow/example_dags/example_display_name.py for tasks to queue
[2024-09-12T15:29:49.465+0000] {logging_mixin.py:190} INFO - [2024-09-12T15:29:49.464+0000] {dagbag.py:587} INFO - Filling up the DagBag from /home/airflow/.local/lib/python3.12/site-packages/airflow/example_dags/example_display_name.py
[2024-09-12T15:29:49.471+0000] {processor.py:925} INFO - DAG(s) 'example_display_name' retrieved from /home/airflow/.local/lib/python3.12/site-packages/airflow/example_dags/example_display_name.py
[2024-09-12T15:29:49.488+0000] {logging_mixin.py:190} INFO - [2024-09-12T15:29:49.487+0000] {dag.py:3229} INFO - Sync 1 DAGs
[2024-09-12T15:29:49.497+0000] {logging_mixin.py:190} INFO - [2024-09-12T15:29:49.497+0000] {dag.py:4156} INFO - Setting next_dagrun for example_display_name to None, run_after=None
[2024-09-12T15:29:49.507+0000] {processor.py:208} INFO - Processing /home/airflow/.local/lib/python3.12/site-packages/airflow/example_dags/example_display_name.py took 0.052 seconds
[2024-09-12T15:30:20.596+0000] {processor.py:186} INFO - Started process (PID=1314) to work on /home/airflow/.local/lib/python3.12/site-packages/airflow/example_dags/example_display_name.py
[2024-09-12T15:30:20.598+0000] {processor.py:914} INFO - Processing file /home/airflow/.local/lib/python3.12/site-packages/airflow/example_dags/example_display_name.py for tasks to queue
[2024-09-12T15:30:20.600+0000] {logging_mixin.py:190} INFO - [2024-09-12T15:30:20.600+0000] {dagbag.py:587} INFO - Filling up the DagBag from /home/airflow/.local/lib/python3.12/site-packages/airflow/example_dags/example_display_name.py
[2024-09-12T15:30:20.606+0000] {processor.py:925} INFO - DAG(s) 'example_display_name' retrieved from /home/airflow/.local/lib/python3.12/site-packages/airflow/example_dags/example_display_name.py
[2024-09-12T15:30:20.622+0000] {logging_mixin.py:190} INFO - [2024-09-12T15:30:20.622+0000] {dag.py:3229} INFO - Sync 1 DAGs
[2024-09-12T15:30:20.632+0000] {logging_mixin.py:190} INFO - [2024-09-12T15:30:20.632+0000] {dag.py:4156} INFO - Setting next_dagrun for example_display_name to None, run_after=None
[2024-09-12T15:30:20.643+0000] {processor.py:208} INFO - Processing /home/airflow/.local/lib/python3.12/site-packages/airflow/example_dags/example_display_name.py took 0.051 seconds
[2024-09-12T15:30:51.887+0000] {processor.py:186} INFO - Started process (PID=1376) to work on /home/airflow/.local/lib/python3.12/site-packages/airflow/example_dags/example_display_name.py
[2024-09-12T15:30:51.888+0000] {processor.py:914} INFO - Processing file /home/airflow/.local/lib/python3.12/site-packages/airflow/example_dags/example_display_name.py for tasks to queue
[2024-09-12T15:30:51.891+0000] {logging_mixin.py:190} INFO - [2024-09-12T15:30:51.890+0000] {dagbag.py:587} INFO - Filling up the DagBag from /home/airflow/.local/lib/python3.12/site-packages/airflow/example_dags/example_display_name.py
[2024-09-12T15:30:51.897+0000] {processor.py:925} INFO - DAG(s) 'example_display_name' retrieved from /home/airflow/.local/lib/python3.12/site-packages/airflow/example_dags/example_display_name.py
[2024-09-12T15:30:51.913+0000] {logging_mixin.py:190} INFO - [2024-09-12T15:30:51.913+0000] {dag.py:3229} INFO - Sync 1 DAGs
[2024-09-12T15:30:51.923+0000] {logging_mixin.py:190} INFO - [2024-09-12T15:30:51.923+0000] {dag.py:4156} INFO - Setting next_dagrun for example_display_name to None, run_after=None
[2024-09-12T15:30:51.934+0000] {processor.py:208} INFO - Processing /home/airflow/.local/lib/python3.12/site-packages/airflow/example_dags/example_display_name.py took 0.052 seconds
[2024-09-12T15:31:22.158+0000] {processor.py:186} INFO - Started process (PID=1437) to work on /home/airflow/.local/lib/python3.12/site-packages/airflow/example_dags/example_display_name.py
[2024-09-12T15:31:22.160+0000] {processor.py:914} INFO - Processing file /home/airflow/.local/lib/python3.12/site-packages/airflow/example_dags/example_display_name.py for tasks to queue
[2024-09-12T15:31:22.162+0000] {logging_mixin.py:190} INFO - [2024-09-12T15:31:22.162+0000] {dagbag.py:587} INFO - Filling up the DagBag from /home/airflow/.local/lib/python3.12/site-packages/airflow/example_dags/example_display_name.py
[2024-09-12T15:31:22.169+0000] {processor.py:925} INFO - DAG(s) 'example_display_name' retrieved from /home/airflow/.local/lib/python3.12/site-packages/airflow/example_dags/example_display_name.py
[2024-09-12T15:31:22.186+0000] {logging_mixin.py:190} INFO - [2024-09-12T15:31:22.186+0000] {dag.py:3229} INFO - Sync 1 DAGs
[2024-09-12T15:31:22.196+0000] {logging_mixin.py:190} INFO - [2024-09-12T15:31:22.196+0000] {dag.py:4156} INFO - Setting next_dagrun for example_display_name to None, run_after=None
[2024-09-12T15:31:22.208+0000] {processor.py:208} INFO - Processing /home/airflow/.local/lib/python3.12/site-packages/airflow/example_dags/example_display_name.py took 0.054 seconds
[2024-09-12T15:31:52.615+0000] {processor.py:186} INFO - Started process (PID=1500) to work on /home/airflow/.local/lib/python3.12/site-packages/airflow/example_dags/example_display_name.py
[2024-09-12T15:31:52.617+0000] {processor.py:914} INFO - Processing file /home/airflow/.local/lib/python3.12/site-packages/airflow/example_dags/example_display_name.py for tasks to queue
[2024-09-12T15:31:52.619+0000] {logging_mixin.py:190} INFO - [2024-09-12T15:31:52.619+0000] {dagbag.py:587} INFO - Filling up the DagBag from /home/airflow/.local/lib/python3.12/site-packages/airflow/example_dags/example_display_name.py
[2024-09-12T15:31:52.625+0000] {processor.py:925} INFO - DAG(s) 'example_display_name' retrieved from /home/airflow/.local/lib/python3.12/site-packages/airflow/example_dags/example_display_name.py
[2024-09-12T15:31:52.641+0000] {logging_mixin.py:190} INFO - [2024-09-12T15:31:52.641+0000] {dag.py:3229} INFO - Sync 1 DAGs
[2024-09-12T15:31:52.651+0000] {logging_mixin.py:190} INFO - [2024-09-12T15:31:52.651+0000] {dag.py:4156} INFO - Setting next_dagrun for example_display_name to None, run_after=None
[2024-09-12T15:31:52.662+0000] {processor.py:208} INFO - Processing /home/airflow/.local/lib/python3.12/site-packages/airflow/example_dags/example_display_name.py took 0.051 seconds
[2024-09-12T15:32:22.753+0000] {processor.py:186} INFO - Started process (PID=1560) to work on /home/airflow/.local/lib/python3.12/site-packages/airflow/example_dags/example_display_name.py
[2024-09-12T15:32:22.755+0000] {processor.py:914} INFO - Processing file /home/airflow/.local/lib/python3.12/site-packages/airflow/example_dags/example_display_name.py for tasks to queue
[2024-09-12T15:32:22.757+0000] {logging_mixin.py:190} INFO - [2024-09-12T15:32:22.757+0000] {dagbag.py:587} INFO - Filling up the DagBag from /home/airflow/.local/lib/python3.12/site-packages/airflow/example_dags/example_display_name.py
[2024-09-12T15:32:22.764+0000] {processor.py:925} INFO - DAG(s) 'example_display_name' retrieved from /home/airflow/.local/lib/python3.12/site-packages/airflow/example_dags/example_display_name.py
[2024-09-12T15:32:22.779+0000] {logging_mixin.py:190} INFO - [2024-09-12T15:32:22.779+0000] {dag.py:3229} INFO - Sync 1 DAGs
[2024-09-12T15:32:22.788+0000] {logging_mixin.py:190} INFO - [2024-09-12T15:32:22.788+0000] {dag.py:4156} INFO - Setting next_dagrun for example_display_name to None, run_after=None
[2024-09-12T15:32:22.798+0000] {processor.py:208} INFO - Processing /home/airflow/.local/lib/python3.12/site-packages/airflow/example_dags/example_display_name.py took 0.049 seconds
[2024-09-12T15:32:53.188+0000] {processor.py:186} INFO - Started process (PID=1622) to work on /home/airflow/.local/lib/python3.12/site-packages/airflow/example_dags/example_display_name.py
[2024-09-12T15:32:53.189+0000] {processor.py:914} INFO - Processing file /home/airflow/.local/lib/python3.12/site-packages/airflow/example_dags/example_display_name.py for tasks to queue
[2024-09-12T15:32:53.191+0000] {logging_mixin.py:190} INFO - [2024-09-12T15:32:53.191+0000] {dagbag.py:587} INFO - Filling up the DagBag from /home/airflow/.local/lib/python3.12/site-packages/airflow/example_dags/example_display_name.py
[2024-09-12T15:32:53.197+0000] {processor.py:925} INFO - DAG(s) 'example_display_name' retrieved from /home/airflow/.local/lib/python3.12/site-packages/airflow/example_dags/example_display_name.py
[2024-09-12T15:32:53.212+0000] {logging_mixin.py:190} INFO - [2024-09-12T15:32:53.212+0000] {dag.py:3229} INFO - Sync 1 DAGs
[2024-09-12T15:32:53.222+0000] {logging_mixin.py:190} INFO - [2024-09-12T15:32:53.222+0000] {dag.py:4156} INFO - Setting next_dagrun for example_display_name to None, run_after=None
[2024-09-12T15:32:53.232+0000] {processor.py:208} INFO - Processing /home/airflow/.local/lib/python3.12/site-packages/airflow/example_dags/example_display_name.py took 0.049 seconds
[2024-09-12T15:33:23.414+0000] {processor.py:186} INFO - Started process (PID=1684) to work on /home/airflow/.local/lib/python3.12/site-packages/airflow/example_dags/example_display_name.py
[2024-09-12T15:33:23.415+0000] {processor.py:914} INFO - Processing file /home/airflow/.local/lib/python3.12/site-packages/airflow/example_dags/example_display_name.py for tasks to queue
[2024-09-12T15:33:23.417+0000] {logging_mixin.py:190} INFO - [2024-09-12T15:33:23.417+0000] {dagbag.py:587} INFO - Filling up the DagBag from /home/airflow/.local/lib/python3.12/site-packages/airflow/example_dags/example_display_name.py
[2024-09-12T15:33:23.423+0000] {processor.py:925} INFO - DAG(s) 'example_display_name' retrieved from /home/airflow/.local/lib/python3.12/site-packages/airflow/example_dags/example_display_name.py
[2024-09-12T15:33:23.438+0000] {logging_mixin.py:190} INFO - [2024-09-12T15:33:23.438+0000] {dag.py:3229} INFO - Sync 1 DAGs
[2024-09-12T15:33:23.447+0000] {logging_mixin.py:190} INFO - [2024-09-12T15:33:23.447+0000] {dag.py:4156} INFO - Setting next_dagrun for example_display_name to None, run_after=None
[2024-09-12T15:33:23.458+0000] {processor.py:208} INFO - Processing /home/airflow/.local/lib/python3.12/site-packages/airflow/example_dags/example_display_name.py took 0.049 seconds
[2024-09-12T15:33:53.806+0000] {processor.py:186} INFO - Started process (PID=1746) to work on /home/airflow/.local/lib/python3.12/site-packages/airflow/example_dags/example_display_name.py
[2024-09-12T15:33:53.807+0000] {processor.py:914} INFO - Processing file /home/airflow/.local/lib/python3.12/site-packages/airflow/example_dags/example_display_name.py for tasks to queue
[2024-09-12T15:33:53.810+0000] {logging_mixin.py:190} INFO - [2024-09-12T15:33:53.810+0000] {dagbag.py:587} INFO - Filling up the DagBag from /home/airflow/.local/lib/python3.12/site-packages/airflow/example_dags/example_display_name.py
[2024-09-12T15:33:53.816+0000] {processor.py:925} INFO - DAG(s) 'example_display_name' retrieved from /home/airflow/.local/lib/python3.12/site-packages/airflow/example_dags/example_display_name.py
[2024-09-12T15:33:53.832+0000] {logging_mixin.py:190} INFO - [2024-09-12T15:33:53.831+0000] {dag.py:3229} INFO - Sync 1 DAGs
[2024-09-12T15:33:53.841+0000] {logging_mixin.py:190} INFO - [2024-09-12T15:33:53.840+0000] {dag.py:4156} INFO - Setting next_dagrun for example_display_name to None, run_after=None
[2024-09-12T15:33:53.851+0000] {processor.py:208} INFO - Processing /home/airflow/.local/lib/python3.12/site-packages/airflow/example_dags/example_display_name.py took 0.049 seconds
