[2024-09-12T15:20:06.234+0000] {processor.py:186} INFO - Started process (PID=36) to work on /home/airflow/.local/lib/python3.12/site-packages/airflow/example_dags/example_dataset_alias.py
[2024-09-12T15:20:06.235+0000] {processor.py:914} INFO - Processing file /home/airflow/.local/lib/python3.12/site-packages/airflow/example_dags/example_dataset_alias.py for tasks to queue
[2024-09-12T15:20:06.238+0000] {logging_mixin.py:190} INFO - [2024-09-12T15:20:06.237+0000] {dagbag.py:587} INFO - Filling up the DagBag from /home/airflow/.local/lib/python3.12/site-packages/airflow/example_dags/example_dataset_alias.py
[2024-09-12T15:20:06.348+0000] {processor.py:925} INFO - DAG(s) 'dataset_s3_bucket_consumer', 'dataset_alias_example_alias_producer', 'dataset_s3_bucket_producer', 'dataset_alias_example_alias_consumer' retrieved from /home/airflow/.local/lib/python3.12/site-packages/airflow/example_dags/example_dataset_alias.py
[2024-09-12T15:20:06.408+0000] {logging_mixin.py:190} INFO - [2024-09-12T15:20:06.407+0000] {override.py:1900} INFO - Created Permission View: can read on DAG:dataset_s3_bucket_consumer
[2024-09-12T15:20:06.414+0000] {logging_mixin.py:190} INFO - [2024-09-12T15:20:06.414+0000] {override.py:1900} INFO - Created Permission View: can delete on DAG:dataset_s3_bucket_consumer
[2024-09-12T15:20:06.419+0000] {logging_mixin.py:190} INFO - [2024-09-12T15:20:06.419+0000] {override.py:1900} INFO - Created Permission View: can edit on DAG:dataset_s3_bucket_consumer
[2024-09-12T15:20:06.424+0000] {logging_mixin.py:190} INFO - [2024-09-12T15:20:06.424+0000] {override.py:1900} INFO - Created Permission View: can read on DAG Run:dataset_s3_bucket_consumer
[2024-09-12T15:20:06.429+0000] {logging_mixin.py:190} INFO - [2024-09-12T15:20:06.429+0000] {override.py:1900} INFO - Created Permission View: can create on DAG Run:dataset_s3_bucket_consumer
[2024-09-12T15:20:06.432+0000] {logging_mixin.py:190} INFO - [2024-09-12T15:20:06.432+0000] {override.py:1900} INFO - Created Permission View: menu access on DAG Run:dataset_s3_bucket_consumer
[2024-09-12T15:20:06.435+0000] {logging_mixin.py:190} INFO - [2024-09-12T15:20:06.435+0000] {override.py:1900} INFO - Created Permission View: can delete on DAG Run:dataset_s3_bucket_consumer
[2024-09-12T15:20:06.443+0000] {logging_mixin.py:190} INFO - [2024-09-12T15:20:06.442+0000] {override.py:1900} INFO - Created Permission View: can read on DAG:dataset_alias_example_alias_producer
[2024-09-12T15:20:06.449+0000] {logging_mixin.py:190} INFO - [2024-09-12T15:20:06.449+0000] {override.py:1900} INFO - Created Permission View: can delete on DAG:dataset_alias_example_alias_producer
[2024-09-12T15:20:06.452+0000] {logging_mixin.py:190} INFO - [2024-09-12T15:20:06.452+0000] {override.py:1900} INFO - Created Permission View: can edit on DAG:dataset_alias_example_alias_producer
[2024-09-12T15:20:06.455+0000] {logging_mixin.py:190} INFO - [2024-09-12T15:20:06.455+0000] {override.py:1900} INFO - Created Permission View: can read on DAG Run:dataset_alias_example_alias_producer
[2024-09-12T15:20:06.458+0000] {logging_mixin.py:190} INFO - [2024-09-12T15:20:06.458+0000] {override.py:1900} INFO - Created Permission View: can create on DAG Run:dataset_alias_example_alias_producer
[2024-09-12T15:20:06.461+0000] {logging_mixin.py:190} INFO - [2024-09-12T15:20:06.461+0000] {override.py:1900} INFO - Created Permission View: menu access on DAG Run:dataset_alias_example_alias_producer
[2024-09-12T15:20:06.464+0000] {logging_mixin.py:190} INFO - [2024-09-12T15:20:06.464+0000] {override.py:1900} INFO - Created Permission View: can delete on DAG Run:dataset_alias_example_alias_producer
[2024-09-12T15:20:06.469+0000] {logging_mixin.py:190} INFO - [2024-09-12T15:20:06.469+0000] {override.py:1900} INFO - Created Permission View: can read on DAG:dataset_s3_bucket_producer
[2024-09-12T15:20:06.472+0000] {logging_mixin.py:190} INFO - [2024-09-12T15:20:06.472+0000] {override.py:1900} INFO - Created Permission View: can delete on DAG:dataset_s3_bucket_producer
[2024-09-12T15:20:06.475+0000] {logging_mixin.py:190} INFO - [2024-09-12T15:20:06.475+0000] {override.py:1900} INFO - Created Permission View: can edit on DAG:dataset_s3_bucket_producer
[2024-09-12T15:20:06.479+0000] {logging_mixin.py:190} INFO - [2024-09-12T15:20:06.479+0000] {override.py:1900} INFO - Created Permission View: can read on DAG Run:dataset_s3_bucket_producer
[2024-09-12T15:20:06.482+0000] {logging_mixin.py:190} INFO - [2024-09-12T15:20:06.481+0000] {override.py:1900} INFO - Created Permission View: can create on DAG Run:dataset_s3_bucket_producer
[2024-09-12T15:20:06.485+0000] {logging_mixin.py:190} INFO - [2024-09-12T15:20:06.484+0000] {override.py:1900} INFO - Created Permission View: menu access on DAG Run:dataset_s3_bucket_producer
[2024-09-12T15:20:06.488+0000] {logging_mixin.py:190} INFO - [2024-09-12T15:20:06.488+0000] {override.py:1900} INFO - Created Permission View: can delete on DAG Run:dataset_s3_bucket_producer
[2024-09-12T15:20:06.493+0000] {logging_mixin.py:190} INFO - [2024-09-12T15:20:06.492+0000] {override.py:1900} INFO - Created Permission View: can read on DAG:dataset_alias_example_alias_consumer
[2024-09-12T15:20:06.502+0000] {logging_mixin.py:190} INFO - [2024-09-12T15:20:06.502+0000] {override.py:1900} INFO - Created Permission View: can delete on DAG:dataset_alias_example_alias_consumer
[2024-09-12T15:20:06.505+0000] {logging_mixin.py:190} INFO - [2024-09-12T15:20:06.505+0000] {override.py:1900} INFO - Created Permission View: can edit on DAG:dataset_alias_example_alias_consumer
[2024-09-12T15:20:06.509+0000] {logging_mixin.py:190} INFO - [2024-09-12T15:20:06.509+0000] {override.py:1900} INFO - Created Permission View: can read on DAG Run:dataset_alias_example_alias_consumer
[2024-09-12T15:20:06.513+0000] {logging_mixin.py:190} INFO - [2024-09-12T15:20:06.512+0000] {override.py:1900} INFO - Created Permission View: can create on DAG Run:dataset_alias_example_alias_consumer
[2024-09-12T15:20:06.515+0000] {logging_mixin.py:190} INFO - [2024-09-12T15:20:06.515+0000] {override.py:1900} INFO - Created Permission View: menu access on DAG Run:dataset_alias_example_alias_consumer
[2024-09-12T15:20:06.519+0000] {logging_mixin.py:190} INFO - [2024-09-12T15:20:06.518+0000] {override.py:1900} INFO - Created Permission View: can delete on DAG Run:dataset_alias_example_alias_consumer
[2024-09-12T15:20:06.519+0000] {logging_mixin.py:190} INFO - [2024-09-12T15:20:06.519+0000] {dag.py:3229} INFO - Sync 4 DAGs
[2024-09-12T15:20:06.526+0000] {logging_mixin.py:190} INFO - [2024-09-12T15:20:06.526+0000] {dag.py:3252} INFO - Creating ORM DAG for dataset_alias_example_alias_consumer
[2024-09-12T15:20:06.527+0000] {logging_mixin.py:190} INFO - [2024-09-12T15:20:06.527+0000] {dag.py:3252} INFO - Creating ORM DAG for dataset_alias_example_alias_producer
[2024-09-12T15:20:06.528+0000] {logging_mixin.py:190} INFO - [2024-09-12T15:20:06.528+0000] {dag.py:3252} INFO - Creating ORM DAG for dataset_s3_bucket_producer
[2024-09-12T15:20:06.528+0000] {logging_mixin.py:190} INFO - [2024-09-12T15:20:06.528+0000] {dag.py:3252} INFO - Creating ORM DAG for dataset_s3_bucket_consumer
[2024-09-12T15:20:06.534+0000] {logging_mixin.py:190} INFO - [2024-09-12T15:20:06.533+0000] {dag.py:4156} INFO - Setting next_dagrun for dataset_alias_example_alias_consumer to None, run_after=None
[2024-09-12T15:20:06.534+0000] {logging_mixin.py:190} INFO - [2024-09-12T15:20:06.534+0000] {dag.py:4156} INFO - Setting next_dagrun for dataset_alias_example_alias_producer to None, run_after=None
[2024-09-12T15:20:06.535+0000] {logging_mixin.py:190} INFO - [2024-09-12T15:20:06.535+0000] {dag.py:4156} INFO - Setting next_dagrun for dataset_s3_bucket_consumer to None, run_after=None
[2024-09-12T15:20:06.535+0000] {logging_mixin.py:190} INFO - [2024-09-12T15:20:06.535+0000] {dag.py:4156} INFO - Setting next_dagrun for dataset_s3_bucket_producer to None, run_after=None
[2024-09-12T15:20:06.551+0000] {processor.py:208} INFO - Processing /home/airflow/.local/lib/python3.12/site-packages/airflow/example_dags/example_dataset_alias.py took 0.322 seconds
[2024-09-12T15:20:37.125+0000] {processor.py:186} INFO - Started process (PID=99) to work on /home/airflow/.local/lib/python3.12/site-packages/airflow/example_dags/example_dataset_alias.py
[2024-09-12T15:20:37.126+0000] {processor.py:914} INFO - Processing file /home/airflow/.local/lib/python3.12/site-packages/airflow/example_dags/example_dataset_alias.py for tasks to queue
[2024-09-12T15:20:37.129+0000] {logging_mixin.py:190} INFO - [2024-09-12T15:20:37.128+0000] {dagbag.py:587} INFO - Filling up the DagBag from /home/airflow/.local/lib/python3.12/site-packages/airflow/example_dags/example_dataset_alias.py
[2024-09-12T15:20:37.233+0000] {processor.py:925} INFO - DAG(s) 'dataset_alias_example_alias_producer', 'dataset_alias_example_alias_consumer', 'dataset_s3_bucket_consumer', 'dataset_s3_bucket_producer' retrieved from /home/airflow/.local/lib/python3.12/site-packages/airflow/example_dags/example_dataset_alias.py
[2024-09-12T15:20:37.245+0000] {logging_mixin.py:190} INFO - [2024-09-12T15:20:37.245+0000] {dag.py:3229} INFO - Sync 4 DAGs
[2024-09-12T15:20:37.261+0000] {logging_mixin.py:190} INFO - [2024-09-12T15:20:37.261+0000] {dag.py:4156} INFO - Setting next_dagrun for dataset_alias_example_alias_consumer to None, run_after=None
[2024-09-12T15:20:37.263+0000] {logging_mixin.py:190} INFO - [2024-09-12T15:20:37.263+0000] {dag.py:4156} INFO - Setting next_dagrun for dataset_alias_example_alias_producer to None, run_after=None
[2024-09-12T15:20:37.265+0000] {logging_mixin.py:190} INFO - [2024-09-12T15:20:37.264+0000] {dag.py:4156} INFO - Setting next_dagrun for dataset_s3_bucket_consumer to None, run_after=None
[2024-09-12T15:20:37.266+0000] {logging_mixin.py:190} INFO - [2024-09-12T15:20:37.266+0000] {dag.py:4156} INFO - Setting next_dagrun for dataset_s3_bucket_producer to None, run_after=None
[2024-09-12T15:20:37.278+0000] {processor.py:208} INFO - Processing /home/airflow/.local/lib/python3.12/site-packages/airflow/example_dags/example_dataset_alias.py took 0.158 seconds
[2024-09-12T15:21:07.578+0000] {processor.py:186} INFO - Started process (PID=162) to work on /home/airflow/.local/lib/python3.12/site-packages/airflow/example_dags/example_dataset_alias.py
[2024-09-12T15:21:07.579+0000] {processor.py:914} INFO - Processing file /home/airflow/.local/lib/python3.12/site-packages/airflow/example_dags/example_dataset_alias.py for tasks to queue
[2024-09-12T15:21:07.581+0000] {logging_mixin.py:190} INFO - [2024-09-12T15:21:07.581+0000] {dagbag.py:587} INFO - Filling up the DagBag from /home/airflow/.local/lib/python3.12/site-packages/airflow/example_dags/example_dataset_alias.py
[2024-09-12T15:21:07.721+0000] {processor.py:925} INFO - DAG(s) 'dataset_alias_example_alias_producer', 'dataset_s3_bucket_consumer', 'dataset_s3_bucket_producer', 'dataset_alias_example_alias_consumer' retrieved from /home/airflow/.local/lib/python3.12/site-packages/airflow/example_dags/example_dataset_alias.py
[2024-09-12T15:21:07.736+0000] {logging_mixin.py:190} INFO - [2024-09-12T15:21:07.736+0000] {dag.py:3229} INFO - Sync 4 DAGs
[2024-09-12T15:21:07.752+0000] {logging_mixin.py:190} INFO - [2024-09-12T15:21:07.752+0000] {dag.py:4156} INFO - Setting next_dagrun for dataset_alias_example_alias_consumer to None, run_after=None
[2024-09-12T15:21:07.758+0000] {logging_mixin.py:190} INFO - [2024-09-12T15:21:07.758+0000] {dag.py:4156} INFO - Setting next_dagrun for dataset_alias_example_alias_producer to None, run_after=None
[2024-09-12T15:21:07.759+0000] {logging_mixin.py:190} INFO - [2024-09-12T15:21:07.759+0000] {dag.py:4156} INFO - Setting next_dagrun for dataset_s3_bucket_consumer to None, run_after=None
[2024-09-12T15:21:07.761+0000] {logging_mixin.py:190} INFO - [2024-09-12T15:21:07.761+0000] {dag.py:4156} INFO - Setting next_dagrun for dataset_s3_bucket_producer to None, run_after=None
[2024-09-12T15:21:07.776+0000] {processor.py:208} INFO - Processing /home/airflow/.local/lib/python3.12/site-packages/airflow/example_dags/example_dataset_alias.py took 0.203 seconds
[2024-09-12T15:21:38.398+0000] {processor.py:186} INFO - Started process (PID=224) to work on /home/airflow/.local/lib/python3.12/site-packages/airflow/example_dags/example_dataset_alias.py
[2024-09-12T15:21:38.400+0000] {processor.py:914} INFO - Processing file /home/airflow/.local/lib/python3.12/site-packages/airflow/example_dags/example_dataset_alias.py for tasks to queue
[2024-09-12T15:21:38.402+0000] {logging_mixin.py:190} INFO - [2024-09-12T15:21:38.402+0000] {dagbag.py:587} INFO - Filling up the DagBag from /home/airflow/.local/lib/python3.12/site-packages/airflow/example_dags/example_dataset_alias.py
[2024-09-12T15:21:38.520+0000] {processor.py:925} INFO - DAG(s) 'dataset_alias_example_alias_consumer', 'dataset_s3_bucket_consumer', 'dataset_alias_example_alias_producer', 'dataset_s3_bucket_producer' retrieved from /home/airflow/.local/lib/python3.12/site-packages/airflow/example_dags/example_dataset_alias.py
[2024-09-12T15:21:38.547+0000] {logging_mixin.py:190} INFO - [2024-09-12T15:21:38.547+0000] {dag.py:3229} INFO - Sync 4 DAGs
[2024-09-12T15:21:38.567+0000] {logging_mixin.py:190} INFO - [2024-09-12T15:21:38.567+0000] {dag.py:4156} INFO - Setting next_dagrun for dataset_alias_example_alias_consumer to None, run_after=None
[2024-09-12T15:21:38.569+0000] {logging_mixin.py:190} INFO - [2024-09-12T15:21:38.569+0000] {dag.py:4156} INFO - Setting next_dagrun for dataset_alias_example_alias_producer to None, run_after=None
[2024-09-12T15:21:38.570+0000] {logging_mixin.py:190} INFO - [2024-09-12T15:21:38.570+0000] {dag.py:4156} INFO - Setting next_dagrun for dataset_s3_bucket_consumer to None, run_after=None
[2024-09-12T15:21:38.571+0000] {logging_mixin.py:190} INFO - [2024-09-12T15:21:38.571+0000] {dag.py:4156} INFO - Setting next_dagrun for dataset_s3_bucket_producer to None, run_after=None
[2024-09-12T15:21:38.584+0000] {processor.py:208} INFO - Processing /home/airflow/.local/lib/python3.12/site-packages/airflow/example_dags/example_dataset_alias.py took 0.191 seconds
[2024-09-12T15:22:09.442+0000] {processor.py:186} INFO - Started process (PID=286) to work on /home/airflow/.local/lib/python3.12/site-packages/airflow/example_dags/example_dataset_alias.py
[2024-09-12T15:22:09.448+0000] {processor.py:914} INFO - Processing file /home/airflow/.local/lib/python3.12/site-packages/airflow/example_dags/example_dataset_alias.py for tasks to queue
[2024-09-12T15:22:09.451+0000] {logging_mixin.py:190} INFO - [2024-09-12T15:22:09.450+0000] {dagbag.py:587} INFO - Filling up the DagBag from /home/airflow/.local/lib/python3.12/site-packages/airflow/example_dags/example_dataset_alias.py
[2024-09-12T15:22:09.560+0000] {processor.py:925} INFO - DAG(s) 'dataset_alias_example_alias_consumer', 'dataset_s3_bucket_producer', 'dataset_alias_example_alias_producer', 'dataset_s3_bucket_consumer' retrieved from /home/airflow/.local/lib/python3.12/site-packages/airflow/example_dags/example_dataset_alias.py
[2024-09-12T15:22:09.575+0000] {logging_mixin.py:190} INFO - [2024-09-12T15:22:09.575+0000] {dag.py:3229} INFO - Sync 4 DAGs
[2024-09-12T15:22:09.590+0000] {logging_mixin.py:190} INFO - [2024-09-12T15:22:09.590+0000] {dag.py:4156} INFO - Setting next_dagrun for dataset_alias_example_alias_consumer to None, run_after=None
[2024-09-12T15:22:09.592+0000] {logging_mixin.py:190} INFO - [2024-09-12T15:22:09.592+0000] {dag.py:4156} INFO - Setting next_dagrun for dataset_alias_example_alias_producer to None, run_after=None
[2024-09-12T15:22:09.593+0000] {logging_mixin.py:190} INFO - [2024-09-12T15:22:09.593+0000] {dag.py:4156} INFO - Setting next_dagrun for dataset_s3_bucket_consumer to None, run_after=None
[2024-09-12T15:22:09.595+0000] {logging_mixin.py:190} INFO - [2024-09-12T15:22:09.595+0000] {dag.py:4156} INFO - Setting next_dagrun for dataset_s3_bucket_producer to None, run_after=None
[2024-09-12T15:22:09.608+0000] {processor.py:208} INFO - Processing /home/airflow/.local/lib/python3.12/site-packages/airflow/example_dags/example_dataset_alias.py took 0.171 seconds
[2024-09-12T15:22:40.235+0000] {processor.py:186} INFO - Started process (PID=348) to work on /home/airflow/.local/lib/python3.12/site-packages/airflow/example_dags/example_dataset_alias.py
[2024-09-12T15:22:40.237+0000] {processor.py:914} INFO - Processing file /home/airflow/.local/lib/python3.12/site-packages/airflow/example_dags/example_dataset_alias.py for tasks to queue
[2024-09-12T15:22:40.240+0000] {logging_mixin.py:190} INFO - [2024-09-12T15:22:40.240+0000] {dagbag.py:587} INFO - Filling up the DagBag from /home/airflow/.local/lib/python3.12/site-packages/airflow/example_dags/example_dataset_alias.py
[2024-09-12T15:22:40.341+0000] {processor.py:925} INFO - DAG(s) 'dataset_alias_example_alias_consumer', 'dataset_s3_bucket_producer', 'dataset_s3_bucket_consumer', 'dataset_alias_example_alias_producer' retrieved from /home/airflow/.local/lib/python3.12/site-packages/airflow/example_dags/example_dataset_alias.py
[2024-09-12T15:22:40.353+0000] {logging_mixin.py:190} INFO - [2024-09-12T15:22:40.353+0000] {dag.py:3229} INFO - Sync 4 DAGs
[2024-09-12T15:22:40.367+0000] {logging_mixin.py:190} INFO - [2024-09-12T15:22:40.367+0000] {dag.py:4156} INFO - Setting next_dagrun for dataset_alias_example_alias_consumer to None, run_after=None
[2024-09-12T15:22:40.369+0000] {logging_mixin.py:190} INFO - [2024-09-12T15:22:40.369+0000] {dag.py:4156} INFO - Setting next_dagrun for dataset_alias_example_alias_producer to None, run_after=None
[2024-09-12T15:22:40.370+0000] {logging_mixin.py:190} INFO - [2024-09-12T15:22:40.370+0000] {dag.py:4156} INFO - Setting next_dagrun for dataset_s3_bucket_consumer to None, run_after=None
[2024-09-12T15:22:40.371+0000] {logging_mixin.py:190} INFO - [2024-09-12T15:22:40.371+0000] {dag.py:4156} INFO - Setting next_dagrun for dataset_s3_bucket_producer to None, run_after=None
[2024-09-12T15:22:40.384+0000] {processor.py:208} INFO - Processing /home/airflow/.local/lib/python3.12/site-packages/airflow/example_dags/example_dataset_alias.py took 0.154 seconds
[2024-09-12T15:23:11.439+0000] {processor.py:186} INFO - Started process (PID=410) to work on /home/airflow/.local/lib/python3.12/site-packages/airflow/example_dags/example_dataset_alias.py
[2024-09-12T15:23:11.440+0000] {processor.py:914} INFO - Processing file /home/airflow/.local/lib/python3.12/site-packages/airflow/example_dags/example_dataset_alias.py for tasks to queue
[2024-09-12T15:23:11.443+0000] {logging_mixin.py:190} INFO - [2024-09-12T15:23:11.442+0000] {dagbag.py:587} INFO - Filling up the DagBag from /home/airflow/.local/lib/python3.12/site-packages/airflow/example_dags/example_dataset_alias.py
[2024-09-12T15:23:11.548+0000] {processor.py:925} INFO - DAG(s) 'dataset_alias_example_alias_consumer', 'dataset_alias_example_alias_producer', 'dataset_s3_bucket_consumer', 'dataset_s3_bucket_producer' retrieved from /home/airflow/.local/lib/python3.12/site-packages/airflow/example_dags/example_dataset_alias.py
[2024-09-12T15:23:11.559+0000] {logging_mixin.py:190} INFO - [2024-09-12T15:23:11.559+0000] {dag.py:3229} INFO - Sync 4 DAGs
[2024-09-12T15:23:11.573+0000] {logging_mixin.py:190} INFO - [2024-09-12T15:23:11.573+0000] {dag.py:4156} INFO - Setting next_dagrun for dataset_alias_example_alias_consumer to None, run_after=None
[2024-09-12T15:23:11.576+0000] {logging_mixin.py:190} INFO - [2024-09-12T15:23:11.576+0000] {dag.py:4156} INFO - Setting next_dagrun for dataset_alias_example_alias_producer to None, run_after=None
[2024-09-12T15:23:11.577+0000] {logging_mixin.py:190} INFO - [2024-09-12T15:23:11.577+0000] {dag.py:4156} INFO - Setting next_dagrun for dataset_s3_bucket_consumer to None, run_after=None
[2024-09-12T15:23:11.579+0000] {logging_mixin.py:190} INFO - [2024-09-12T15:23:11.579+0000] {dag.py:4156} INFO - Setting next_dagrun for dataset_s3_bucket_producer to None, run_after=None
[2024-09-12T15:23:11.591+0000] {processor.py:208} INFO - Processing /home/airflow/.local/lib/python3.12/site-packages/airflow/example_dags/example_dataset_alias.py took 0.157 seconds
[2024-09-12T15:23:41.797+0000] {processor.py:186} INFO - Started process (PID=472) to work on /home/airflow/.local/lib/python3.12/site-packages/airflow/example_dags/example_dataset_alias.py
[2024-09-12T15:23:41.798+0000] {processor.py:914} INFO - Processing file /home/airflow/.local/lib/python3.12/site-packages/airflow/example_dags/example_dataset_alias.py for tasks to queue
[2024-09-12T15:23:41.802+0000] {logging_mixin.py:190} INFO - [2024-09-12T15:23:41.801+0000] {dagbag.py:587} INFO - Filling up the DagBag from /home/airflow/.local/lib/python3.12/site-packages/airflow/example_dags/example_dataset_alias.py
[2024-09-12T15:23:41.902+0000] {processor.py:925} INFO - DAG(s) 'dataset_s3_bucket_consumer', 'dataset_alias_example_alias_producer', 'dataset_alias_example_alias_consumer', 'dataset_s3_bucket_producer' retrieved from /home/airflow/.local/lib/python3.12/site-packages/airflow/example_dags/example_dataset_alias.py
[2024-09-12T15:23:41.914+0000] {logging_mixin.py:190} INFO - [2024-09-12T15:23:41.914+0000] {dag.py:3229} INFO - Sync 4 DAGs
[2024-09-12T15:23:41.928+0000] {logging_mixin.py:190} INFO - [2024-09-12T15:23:41.928+0000] {dag.py:4156} INFO - Setting next_dagrun for dataset_alias_example_alias_consumer to None, run_after=None
[2024-09-12T15:23:41.930+0000] {logging_mixin.py:190} INFO - [2024-09-12T15:23:41.930+0000] {dag.py:4156} INFO - Setting next_dagrun for dataset_alias_example_alias_producer to None, run_after=None
[2024-09-12T15:23:41.931+0000] {logging_mixin.py:190} INFO - [2024-09-12T15:23:41.931+0000] {dag.py:4156} INFO - Setting next_dagrun for dataset_s3_bucket_consumer to None, run_after=None
[2024-09-12T15:23:41.933+0000] {logging_mixin.py:190} INFO - [2024-09-12T15:23:41.932+0000] {dag.py:4156} INFO - Setting next_dagrun for dataset_s3_bucket_producer to None, run_after=None
[2024-09-12T15:23:41.944+0000] {processor.py:208} INFO - Processing /home/airflow/.local/lib/python3.12/site-packages/airflow/example_dags/example_dataset_alias.py took 0.153 seconds
[2024-09-12T15:24:12.187+0000] {processor.py:186} INFO - Started process (PID=533) to work on /home/airflow/.local/lib/python3.12/site-packages/airflow/example_dags/example_dataset_alias.py
[2024-09-12T15:24:12.189+0000] {processor.py:914} INFO - Processing file /home/airflow/.local/lib/python3.12/site-packages/airflow/example_dags/example_dataset_alias.py for tasks to queue
[2024-09-12T15:24:12.191+0000] {logging_mixin.py:190} INFO - [2024-09-12T15:24:12.191+0000] {dagbag.py:587} INFO - Filling up the DagBag from /home/airflow/.local/lib/python3.12/site-packages/airflow/example_dags/example_dataset_alias.py
[2024-09-12T15:24:12.320+0000] {processor.py:925} INFO - DAG(s) 'dataset_alias_example_alias_producer', 'dataset_s3_bucket_producer', 'dataset_alias_example_alias_consumer', 'dataset_s3_bucket_consumer' retrieved from /home/airflow/.local/lib/python3.12/site-packages/airflow/example_dags/example_dataset_alias.py
[2024-09-12T15:24:12.336+0000] {logging_mixin.py:190} INFO - [2024-09-12T15:24:12.335+0000] {dag.py:3229} INFO - Sync 4 DAGs
[2024-09-12T15:24:12.354+0000] {logging_mixin.py:190} INFO - [2024-09-12T15:24:12.353+0000] {dag.py:4156} INFO - Setting next_dagrun for dataset_alias_example_alias_consumer to None, run_after=None
[2024-09-12T15:24:12.356+0000] {logging_mixin.py:190} INFO - [2024-09-12T15:24:12.356+0000] {dag.py:4156} INFO - Setting next_dagrun for dataset_alias_example_alias_producer to None, run_after=None
[2024-09-12T15:24:12.359+0000] {logging_mixin.py:190} INFO - [2024-09-12T15:24:12.358+0000] {dag.py:4156} INFO - Setting next_dagrun for dataset_s3_bucket_consumer to None, run_after=None
[2024-09-12T15:24:12.360+0000] {logging_mixin.py:190} INFO - [2024-09-12T15:24:12.360+0000] {dag.py:4156} INFO - Setting next_dagrun for dataset_s3_bucket_producer to None, run_after=None
[2024-09-12T15:24:12.379+0000] {processor.py:208} INFO - Processing /home/airflow/.local/lib/python3.12/site-packages/airflow/example_dags/example_dataset_alias.py took 0.199 seconds
[2024-09-12T15:24:42.952+0000] {processor.py:186} INFO - Started process (PID=595) to work on /home/airflow/.local/lib/python3.12/site-packages/airflow/example_dags/example_dataset_alias.py
[2024-09-12T15:24:42.953+0000] {processor.py:914} INFO - Processing file /home/airflow/.local/lib/python3.12/site-packages/airflow/example_dags/example_dataset_alias.py for tasks to queue
[2024-09-12T15:24:42.956+0000] {logging_mixin.py:190} INFO - [2024-09-12T15:24:42.955+0000] {dagbag.py:587} INFO - Filling up the DagBag from /home/airflow/.local/lib/python3.12/site-packages/airflow/example_dags/example_dataset_alias.py
[2024-09-12T15:24:43.052+0000] {processor.py:925} INFO - DAG(s) 'dataset_alias_example_alias_consumer', 'dataset_alias_example_alias_producer', 'dataset_s3_bucket_consumer', 'dataset_s3_bucket_producer' retrieved from /home/airflow/.local/lib/python3.12/site-packages/airflow/example_dags/example_dataset_alias.py
[2024-09-12T15:24:43.065+0000] {logging_mixin.py:190} INFO - [2024-09-12T15:24:43.064+0000] {dag.py:3229} INFO - Sync 4 DAGs
[2024-09-12T15:24:43.079+0000] {logging_mixin.py:190} INFO - [2024-09-12T15:24:43.079+0000] {dag.py:4156} INFO - Setting next_dagrun for dataset_alias_example_alias_consumer to None, run_after=None
[2024-09-12T15:24:43.081+0000] {logging_mixin.py:190} INFO - [2024-09-12T15:24:43.081+0000] {dag.py:4156} INFO - Setting next_dagrun for dataset_alias_example_alias_producer to None, run_after=None
[2024-09-12T15:24:43.082+0000] {logging_mixin.py:190} INFO - [2024-09-12T15:24:43.082+0000] {dag.py:4156} INFO - Setting next_dagrun for dataset_s3_bucket_consumer to None, run_after=None
[2024-09-12T15:24:43.083+0000] {logging_mixin.py:190} INFO - [2024-09-12T15:24:43.083+0000] {dag.py:4156} INFO - Setting next_dagrun for dataset_s3_bucket_producer to None, run_after=None
[2024-09-12T15:24:43.095+0000] {processor.py:208} INFO - Processing /home/airflow/.local/lib/python3.12/site-packages/airflow/example_dags/example_dataset_alias.py took 0.148 seconds
[2024-09-12T15:25:13.295+0000] {processor.py:186} INFO - Started process (PID=657) to work on /home/airflow/.local/lib/python3.12/site-packages/airflow/example_dags/example_dataset_alias.py
[2024-09-12T15:25:13.296+0000] {processor.py:914} INFO - Processing file /home/airflow/.local/lib/python3.12/site-packages/airflow/example_dags/example_dataset_alias.py for tasks to queue
[2024-09-12T15:25:13.299+0000] {logging_mixin.py:190} INFO - [2024-09-12T15:25:13.298+0000] {dagbag.py:587} INFO - Filling up the DagBag from /home/airflow/.local/lib/python3.12/site-packages/airflow/example_dags/example_dataset_alias.py
[2024-09-12T15:25:13.409+0000] {processor.py:925} INFO - DAG(s) 'dataset_alias_example_alias_producer', 'dataset_alias_example_alias_consumer', 'dataset_s3_bucket_producer', 'dataset_s3_bucket_consumer' retrieved from /home/airflow/.local/lib/python3.12/site-packages/airflow/example_dags/example_dataset_alias.py
[2024-09-12T15:25:13.422+0000] {logging_mixin.py:190} INFO - [2024-09-12T15:25:13.421+0000] {dag.py:3229} INFO - Sync 4 DAGs
[2024-09-12T15:25:13.437+0000] {logging_mixin.py:190} INFO - [2024-09-12T15:25:13.436+0000] {dag.py:4156} INFO - Setting next_dagrun for dataset_alias_example_alias_consumer to None, run_after=None
[2024-09-12T15:25:13.442+0000] {logging_mixin.py:190} INFO - [2024-09-12T15:25:13.442+0000] {dag.py:4156} INFO - Setting next_dagrun for dataset_alias_example_alias_producer to None, run_after=None
[2024-09-12T15:25:13.444+0000] {logging_mixin.py:190} INFO - [2024-09-12T15:25:13.444+0000] {dag.py:4156} INFO - Setting next_dagrun for dataset_s3_bucket_consumer to None, run_after=None
[2024-09-12T15:25:13.446+0000] {logging_mixin.py:190} INFO - [2024-09-12T15:25:13.445+0000] {dag.py:4156} INFO - Setting next_dagrun for dataset_s3_bucket_producer to None, run_after=None
[2024-09-12T15:25:13.460+0000] {processor.py:208} INFO - Processing /home/airflow/.local/lib/python3.12/site-packages/airflow/example_dags/example_dataset_alias.py took 0.170 seconds
[2024-09-12T15:25:43.573+0000] {processor.py:186} INFO - Started process (PID=719) to work on /home/airflow/.local/lib/python3.12/site-packages/airflow/example_dags/example_dataset_alias.py
[2024-09-12T15:25:43.574+0000] {processor.py:914} INFO - Processing file /home/airflow/.local/lib/python3.12/site-packages/airflow/example_dags/example_dataset_alias.py for tasks to queue
[2024-09-12T15:25:43.577+0000] {logging_mixin.py:190} INFO - [2024-09-12T15:25:43.576+0000] {dagbag.py:587} INFO - Filling up the DagBag from /home/airflow/.local/lib/python3.12/site-packages/airflow/example_dags/example_dataset_alias.py
[2024-09-12T15:25:43.675+0000] {processor.py:925} INFO - DAG(s) 'dataset_s3_bucket_producer', 'dataset_alias_example_alias_producer', 'dataset_s3_bucket_consumer', 'dataset_alias_example_alias_consumer' retrieved from /home/airflow/.local/lib/python3.12/site-packages/airflow/example_dags/example_dataset_alias.py
[2024-09-12T15:25:43.688+0000] {logging_mixin.py:190} INFO - [2024-09-12T15:25:43.688+0000] {dag.py:3229} INFO - Sync 4 DAGs
[2024-09-12T15:25:43.702+0000] {logging_mixin.py:190} INFO - [2024-09-12T15:25:43.702+0000] {dag.py:4156} INFO - Setting next_dagrun for dataset_alias_example_alias_consumer to None, run_after=None
[2024-09-12T15:25:43.704+0000] {logging_mixin.py:190} INFO - [2024-09-12T15:25:43.704+0000] {dag.py:4156} INFO - Setting next_dagrun for dataset_alias_example_alias_producer to None, run_after=None
[2024-09-12T15:25:43.705+0000] {logging_mixin.py:190} INFO - [2024-09-12T15:25:43.705+0000] {dag.py:4156} INFO - Setting next_dagrun for dataset_s3_bucket_consumer to None, run_after=None
[2024-09-12T15:25:43.706+0000] {logging_mixin.py:190} INFO - [2024-09-12T15:25:43.706+0000] {dag.py:4156} INFO - Setting next_dagrun for dataset_s3_bucket_producer to None, run_after=None
[2024-09-12T15:25:43.718+0000] {processor.py:208} INFO - Processing /home/airflow/.local/lib/python3.12/site-packages/airflow/example_dags/example_dataset_alias.py took 0.150 seconds
[2024-09-12T15:26:13.853+0000] {processor.py:186} INFO - Started process (PID=781) to work on /home/airflow/.local/lib/python3.12/site-packages/airflow/example_dags/example_dataset_alias.py
[2024-09-12T15:26:13.854+0000] {processor.py:914} INFO - Processing file /home/airflow/.local/lib/python3.12/site-packages/airflow/example_dags/example_dataset_alias.py for tasks to queue
[2024-09-12T15:26:13.857+0000] {logging_mixin.py:190} INFO - [2024-09-12T15:26:13.856+0000] {dagbag.py:587} INFO - Filling up the DagBag from /home/airflow/.local/lib/python3.12/site-packages/airflow/example_dags/example_dataset_alias.py
[2024-09-12T15:26:13.959+0000] {processor.py:925} INFO - DAG(s) 'dataset_alias_example_alias_producer', 'dataset_s3_bucket_producer', 'dataset_s3_bucket_consumer', 'dataset_alias_example_alias_consumer' retrieved from /home/airflow/.local/lib/python3.12/site-packages/airflow/example_dags/example_dataset_alias.py
[2024-09-12T15:26:13.973+0000] {logging_mixin.py:190} INFO - [2024-09-12T15:26:13.973+0000] {dag.py:3229} INFO - Sync 4 DAGs
[2024-09-12T15:26:13.990+0000] {logging_mixin.py:190} INFO - [2024-09-12T15:26:13.990+0000] {dag.py:4156} INFO - Setting next_dagrun for dataset_alias_example_alias_consumer to None, run_after=None
[2024-09-12T15:26:13.994+0000] {logging_mixin.py:190} INFO - [2024-09-12T15:26:13.994+0000] {dag.py:4156} INFO - Setting next_dagrun for dataset_alias_example_alias_producer to None, run_after=None
[2024-09-12T15:26:13.995+0000] {logging_mixin.py:190} INFO - [2024-09-12T15:26:13.995+0000] {dag.py:4156} INFO - Setting next_dagrun for dataset_s3_bucket_consumer to None, run_after=None
[2024-09-12T15:26:13.997+0000] {logging_mixin.py:190} INFO - [2024-09-12T15:26:13.997+0000] {dag.py:4156} INFO - Setting next_dagrun for dataset_s3_bucket_producer to None, run_after=None
[2024-09-12T15:26:14.010+0000] {processor.py:208} INFO - Processing /home/airflow/.local/lib/python3.12/site-packages/airflow/example_dags/example_dataset_alias.py took 0.161 seconds
[2024-09-12T15:26:45.007+0000] {processor.py:186} INFO - Started process (PID=849) to work on /home/airflow/.local/lib/python3.12/site-packages/airflow/example_dags/example_dataset_alias.py
[2024-09-12T15:26:45.008+0000] {processor.py:914} INFO - Processing file /home/airflow/.local/lib/python3.12/site-packages/airflow/example_dags/example_dataset_alias.py for tasks to queue
[2024-09-12T15:26:45.010+0000] {logging_mixin.py:190} INFO - [2024-09-12T15:26:45.010+0000] {dagbag.py:587} INFO - Filling up the DagBag from /home/airflow/.local/lib/python3.12/site-packages/airflow/example_dags/example_dataset_alias.py
[2024-09-12T15:26:45.111+0000] {processor.py:925} INFO - DAG(s) 'dataset_alias_example_alias_consumer', 'dataset_alias_example_alias_producer', 'dataset_s3_bucket_consumer', 'dataset_s3_bucket_producer' retrieved from /home/airflow/.local/lib/python3.12/site-packages/airflow/example_dags/example_dataset_alias.py
[2024-09-12T15:26:45.125+0000] {logging_mixin.py:190} INFO - [2024-09-12T15:26:45.125+0000] {dag.py:3229} INFO - Sync 4 DAGs
[2024-09-12T15:26:45.141+0000] {logging_mixin.py:190} INFO - [2024-09-12T15:26:45.141+0000] {dag.py:4156} INFO - Setting next_dagrun for dataset_alias_example_alias_consumer to None, run_after=None
[2024-09-12T15:26:45.143+0000] {logging_mixin.py:190} INFO - [2024-09-12T15:26:45.143+0000] {dag.py:4156} INFO - Setting next_dagrun for dataset_alias_example_alias_producer to None, run_after=None
[2024-09-12T15:26:45.144+0000] {logging_mixin.py:190} INFO - [2024-09-12T15:26:45.144+0000] {dag.py:4156} INFO - Setting next_dagrun for dataset_s3_bucket_consumer to None, run_after=None
[2024-09-12T15:26:45.145+0000] {logging_mixin.py:190} INFO - [2024-09-12T15:26:45.145+0000] {dag.py:4156} INFO - Setting next_dagrun for dataset_s3_bucket_producer to None, run_after=None
[2024-09-12T15:26:45.158+0000] {processor.py:208} INFO - Processing /home/airflow/.local/lib/python3.12/site-packages/airflow/example_dags/example_dataset_alias.py took 0.156 seconds
[2024-09-12T15:27:15.249+0000] {processor.py:186} INFO - Started process (PID=911) to work on /home/airflow/.local/lib/python3.12/site-packages/airflow/example_dags/example_dataset_alias.py
[2024-09-12T15:27:15.251+0000] {processor.py:914} INFO - Processing file /home/airflow/.local/lib/python3.12/site-packages/airflow/example_dags/example_dataset_alias.py for tasks to queue
[2024-09-12T15:27:15.254+0000] {logging_mixin.py:190} INFO - [2024-09-12T15:27:15.254+0000] {dagbag.py:587} INFO - Filling up the DagBag from /home/airflow/.local/lib/python3.12/site-packages/airflow/example_dags/example_dataset_alias.py
[2024-09-12T15:27:15.361+0000] {processor.py:925} INFO - DAG(s) 'dataset_s3_bucket_producer', 'dataset_s3_bucket_consumer', 'dataset_alias_example_alias_consumer', 'dataset_alias_example_alias_producer' retrieved from /home/airflow/.local/lib/python3.12/site-packages/airflow/example_dags/example_dataset_alias.py
[2024-09-12T15:27:15.377+0000] {logging_mixin.py:190} INFO - [2024-09-12T15:27:15.377+0000] {dag.py:3229} INFO - Sync 4 DAGs
[2024-09-12T15:27:15.392+0000] {logging_mixin.py:190} INFO - [2024-09-12T15:27:15.392+0000] {dag.py:4156} INFO - Setting next_dagrun for dataset_alias_example_alias_consumer to None, run_after=None
[2024-09-12T15:27:15.395+0000] {logging_mixin.py:190} INFO - [2024-09-12T15:27:15.395+0000] {dag.py:4156} INFO - Setting next_dagrun for dataset_alias_example_alias_producer to None, run_after=None
[2024-09-12T15:27:15.396+0000] {logging_mixin.py:190} INFO - [2024-09-12T15:27:15.396+0000] {dag.py:4156} INFO - Setting next_dagrun for dataset_s3_bucket_consumer to None, run_after=None
[2024-09-12T15:27:15.397+0000] {logging_mixin.py:190} INFO - [2024-09-12T15:27:15.397+0000] {dag.py:4156} INFO - Setting next_dagrun for dataset_s3_bucket_producer to None, run_after=None
[2024-09-12T15:27:15.412+0000] {processor.py:208} INFO - Processing /home/airflow/.local/lib/python3.12/site-packages/airflow/example_dags/example_dataset_alias.py took 0.167 seconds
[2024-09-12T15:27:45.688+0000] {processor.py:186} INFO - Started process (PID=973) to work on /home/airflow/.local/lib/python3.12/site-packages/airflow/example_dags/example_dataset_alias.py
[2024-09-12T15:27:45.692+0000] {processor.py:914} INFO - Processing file /home/airflow/.local/lib/python3.12/site-packages/airflow/example_dags/example_dataset_alias.py for tasks to queue
[2024-09-12T15:27:45.695+0000] {logging_mixin.py:190} INFO - [2024-09-12T15:27:45.694+0000] {dagbag.py:587} INFO - Filling up the DagBag from /home/airflow/.local/lib/python3.12/site-packages/airflow/example_dags/example_dataset_alias.py
[2024-09-12T15:27:45.835+0000] {processor.py:925} INFO - DAG(s) 'dataset_s3_bucket_consumer', 'dataset_s3_bucket_producer', 'dataset_alias_example_alias_consumer', 'dataset_alias_example_alias_producer' retrieved from /home/airflow/.local/lib/python3.12/site-packages/airflow/example_dags/example_dataset_alias.py
[2024-09-12T15:27:45.859+0000] {logging_mixin.py:190} INFO - [2024-09-12T15:27:45.858+0000] {dag.py:3229} INFO - Sync 4 DAGs
[2024-09-12T15:27:45.878+0000] {logging_mixin.py:190} INFO - [2024-09-12T15:27:45.877+0000] {dag.py:4156} INFO - Setting next_dagrun for dataset_alias_example_alias_consumer to None, run_after=None
[2024-09-12T15:27:45.880+0000] {logging_mixin.py:190} INFO - [2024-09-12T15:27:45.880+0000] {dag.py:4156} INFO - Setting next_dagrun for dataset_alias_example_alias_producer to None, run_after=None
[2024-09-12T15:27:45.881+0000] {logging_mixin.py:190} INFO - [2024-09-12T15:27:45.881+0000] {dag.py:4156} INFO - Setting next_dagrun for dataset_s3_bucket_consumer to None, run_after=None
[2024-09-12T15:27:45.883+0000] {logging_mixin.py:190} INFO - [2024-09-12T15:27:45.882+0000] {dag.py:4156} INFO - Setting next_dagrun for dataset_s3_bucket_producer to None, run_after=None
[2024-09-12T15:27:45.896+0000] {processor.py:208} INFO - Processing /home/airflow/.local/lib/python3.12/site-packages/airflow/example_dags/example_dataset_alias.py took 0.214 seconds
[2024-09-12T15:28:16.669+0000] {processor.py:186} INFO - Started process (PID=1035) to work on /home/airflow/.local/lib/python3.12/site-packages/airflow/example_dags/example_dataset_alias.py
[2024-09-12T15:28:16.670+0000] {processor.py:914} INFO - Processing file /home/airflow/.local/lib/python3.12/site-packages/airflow/example_dags/example_dataset_alias.py for tasks to queue
[2024-09-12T15:28:16.673+0000] {logging_mixin.py:190} INFO - [2024-09-12T15:28:16.673+0000] {dagbag.py:587} INFO - Filling up the DagBag from /home/airflow/.local/lib/python3.12/site-packages/airflow/example_dags/example_dataset_alias.py
[2024-09-12T15:28:16.773+0000] {processor.py:925} INFO - DAG(s) 'dataset_s3_bucket_consumer', 'dataset_alias_example_alias_producer', 'dataset_s3_bucket_producer', 'dataset_alias_example_alias_consumer' retrieved from /home/airflow/.local/lib/python3.12/site-packages/airflow/example_dags/example_dataset_alias.py
[2024-09-12T15:28:16.785+0000] {logging_mixin.py:190} INFO - [2024-09-12T15:28:16.785+0000] {dag.py:3229} INFO - Sync 4 DAGs
[2024-09-12T15:28:16.802+0000] {logging_mixin.py:190} INFO - [2024-09-12T15:28:16.802+0000] {dag.py:4156} INFO - Setting next_dagrun for dataset_alias_example_alias_consumer to None, run_after=None
[2024-09-12T15:28:16.806+0000] {logging_mixin.py:190} INFO - [2024-09-12T15:28:16.806+0000] {dag.py:4156} INFO - Setting next_dagrun for dataset_alias_example_alias_producer to None, run_after=None
[2024-09-12T15:28:16.810+0000] {logging_mixin.py:190} INFO - [2024-09-12T15:28:16.809+0000] {dag.py:4156} INFO - Setting next_dagrun for dataset_s3_bucket_consumer to None, run_after=None
[2024-09-12T15:28:16.811+0000] {logging_mixin.py:190} INFO - [2024-09-12T15:28:16.811+0000] {dag.py:4156} INFO - Setting next_dagrun for dataset_s3_bucket_producer to None, run_after=None
[2024-09-12T15:28:16.823+0000] {processor.py:208} INFO - Processing /home/airflow/.local/lib/python3.12/site-packages/airflow/example_dags/example_dataset_alias.py took 0.158 seconds
[2024-09-12T15:28:47.259+0000] {processor.py:186} INFO - Started process (PID=1097) to work on /home/airflow/.local/lib/python3.12/site-packages/airflow/example_dags/example_dataset_alias.py
[2024-09-12T15:28:47.261+0000] {processor.py:914} INFO - Processing file /home/airflow/.local/lib/python3.12/site-packages/airflow/example_dags/example_dataset_alias.py for tasks to queue
[2024-09-12T15:28:47.263+0000] {logging_mixin.py:190} INFO - [2024-09-12T15:28:47.262+0000] {dagbag.py:587} INFO - Filling up the DagBag from /home/airflow/.local/lib/python3.12/site-packages/airflow/example_dags/example_dataset_alias.py
[2024-09-12T15:28:47.360+0000] {processor.py:925} INFO - DAG(s) 'dataset_s3_bucket_producer', 'dataset_alias_example_alias_producer', 'dataset_alias_example_alias_consumer', 'dataset_s3_bucket_consumer' retrieved from /home/airflow/.local/lib/python3.12/site-packages/airflow/example_dags/example_dataset_alias.py
[2024-09-12T15:28:47.373+0000] {logging_mixin.py:190} INFO - [2024-09-12T15:28:47.373+0000] {dag.py:3229} INFO - Sync 4 DAGs
[2024-09-12T15:28:47.387+0000] {logging_mixin.py:190} INFO - [2024-09-12T15:28:47.387+0000] {dag.py:4156} INFO - Setting next_dagrun for dataset_alias_example_alias_consumer to None, run_after=None
[2024-09-12T15:28:47.390+0000] {logging_mixin.py:190} INFO - [2024-09-12T15:28:47.390+0000] {dag.py:4156} INFO - Setting next_dagrun for dataset_alias_example_alias_producer to None, run_after=None
[2024-09-12T15:28:47.392+0000] {logging_mixin.py:190} INFO - [2024-09-12T15:28:47.392+0000] {dag.py:4156} INFO - Setting next_dagrun for dataset_s3_bucket_consumer to None, run_after=None
[2024-09-12T15:28:47.393+0000] {logging_mixin.py:190} INFO - [2024-09-12T15:28:47.393+0000] {dag.py:4156} INFO - Setting next_dagrun for dataset_s3_bucket_producer to None, run_after=None
[2024-09-12T15:28:47.405+0000] {processor.py:208} INFO - Processing /home/airflow/.local/lib/python3.12/site-packages/airflow/example_dags/example_dataset_alias.py took 0.151 seconds
[2024-09-12T15:29:17.603+0000] {processor.py:186} INFO - Started process (PID=1159) to work on /home/airflow/.local/lib/python3.12/site-packages/airflow/example_dags/example_dataset_alias.py
[2024-09-12T15:29:17.604+0000] {processor.py:914} INFO - Processing file /home/airflow/.local/lib/python3.12/site-packages/airflow/example_dags/example_dataset_alias.py for tasks to queue
[2024-09-12T15:29:17.607+0000] {logging_mixin.py:190} INFO - [2024-09-12T15:29:17.606+0000] {dagbag.py:587} INFO - Filling up the DagBag from /home/airflow/.local/lib/python3.12/site-packages/airflow/example_dags/example_dataset_alias.py
[2024-09-12T15:29:17.706+0000] {processor.py:925} INFO - DAG(s) 'dataset_alias_example_alias_producer', 'dataset_alias_example_alias_consumer', 'dataset_s3_bucket_consumer', 'dataset_s3_bucket_producer' retrieved from /home/airflow/.local/lib/python3.12/site-packages/airflow/example_dags/example_dataset_alias.py
[2024-09-12T15:29:17.717+0000] {logging_mixin.py:190} INFO - [2024-09-12T15:29:17.717+0000] {dag.py:3229} INFO - Sync 4 DAGs
[2024-09-12T15:29:17.732+0000] {logging_mixin.py:190} INFO - [2024-09-12T15:29:17.732+0000] {dag.py:4156} INFO - Setting next_dagrun for dataset_alias_example_alias_consumer to None, run_after=None
[2024-09-12T15:29:17.735+0000] {logging_mixin.py:190} INFO - [2024-09-12T15:29:17.735+0000] {dag.py:4156} INFO - Setting next_dagrun for dataset_alias_example_alias_producer to None, run_after=None
[2024-09-12T15:29:17.736+0000] {logging_mixin.py:190} INFO - [2024-09-12T15:29:17.736+0000] {dag.py:4156} INFO - Setting next_dagrun for dataset_s3_bucket_consumer to None, run_after=None
[2024-09-12T15:29:17.737+0000] {logging_mixin.py:190} INFO - [2024-09-12T15:29:17.737+0000] {dag.py:4156} INFO - Setting next_dagrun for dataset_s3_bucket_producer to None, run_after=None
[2024-09-12T15:29:17.753+0000] {processor.py:208} INFO - Processing /home/airflow/.local/lib/python3.12/site-packages/airflow/example_dags/example_dataset_alias.py took 0.154 seconds
[2024-09-12T15:29:48.104+0000] {processor.py:186} INFO - Started process (PID=1222) to work on /home/airflow/.local/lib/python3.12/site-packages/airflow/example_dags/example_dataset_alias.py
[2024-09-12T15:29:48.106+0000] {processor.py:914} INFO - Processing file /home/airflow/.local/lib/python3.12/site-packages/airflow/example_dags/example_dataset_alias.py for tasks to queue
[2024-09-12T15:29:48.108+0000] {logging_mixin.py:190} INFO - [2024-09-12T15:29:48.108+0000] {dagbag.py:587} INFO - Filling up the DagBag from /home/airflow/.local/lib/python3.12/site-packages/airflow/example_dags/example_dataset_alias.py
[2024-09-12T15:29:48.208+0000] {processor.py:925} INFO - DAG(s) 'dataset_alias_example_alias_producer', 'dataset_alias_example_alias_consumer', 'dataset_s3_bucket_producer', 'dataset_s3_bucket_consumer' retrieved from /home/airflow/.local/lib/python3.12/site-packages/airflow/example_dags/example_dataset_alias.py
[2024-09-12T15:29:48.222+0000] {logging_mixin.py:190} INFO - [2024-09-12T15:29:48.222+0000] {dag.py:3229} INFO - Sync 4 DAGs
[2024-09-12T15:29:48.235+0000] {logging_mixin.py:190} INFO - [2024-09-12T15:29:48.235+0000] {dag.py:4156} INFO - Setting next_dagrun for dataset_alias_example_alias_consumer to None, run_after=None
[2024-09-12T15:29:48.240+0000] {logging_mixin.py:190} INFO - [2024-09-12T15:29:48.240+0000] {dag.py:4156} INFO - Setting next_dagrun for dataset_alias_example_alias_producer to None, run_after=None
[2024-09-12T15:29:48.241+0000] {logging_mixin.py:190} INFO - [2024-09-12T15:29:48.241+0000] {dag.py:4156} INFO - Setting next_dagrun for dataset_s3_bucket_consumer to None, run_after=None
[2024-09-12T15:29:48.242+0000] {logging_mixin.py:190} INFO - [2024-09-12T15:29:48.242+0000] {dag.py:4156} INFO - Setting next_dagrun for dataset_s3_bucket_producer to None, run_after=None
[2024-09-12T15:29:48.253+0000] {processor.py:208} INFO - Processing /home/airflow/.local/lib/python3.12/site-packages/airflow/example_dags/example_dataset_alias.py took 0.154 seconds
[2024-09-12T15:30:19.182+0000] {processor.py:186} INFO - Started process (PID=1283) to work on /home/airflow/.local/lib/python3.12/site-packages/airflow/example_dags/example_dataset_alias.py
[2024-09-12T15:30:19.183+0000] {processor.py:914} INFO - Processing file /home/airflow/.local/lib/python3.12/site-packages/airflow/example_dags/example_dataset_alias.py for tasks to queue
[2024-09-12T15:30:19.185+0000] {logging_mixin.py:190} INFO - [2024-09-12T15:30:19.185+0000] {dagbag.py:587} INFO - Filling up the DagBag from /home/airflow/.local/lib/python3.12/site-packages/airflow/example_dags/example_dataset_alias.py
[2024-09-12T15:30:19.282+0000] {processor.py:925} INFO - DAG(s) 'dataset_s3_bucket_consumer', 'dataset_alias_example_alias_consumer', 'dataset_alias_example_alias_producer', 'dataset_s3_bucket_producer' retrieved from /home/airflow/.local/lib/python3.12/site-packages/airflow/example_dags/example_dataset_alias.py
[2024-09-12T15:30:19.294+0000] {logging_mixin.py:190} INFO - [2024-09-12T15:30:19.293+0000] {dag.py:3229} INFO - Sync 4 DAGs
[2024-09-12T15:30:19.310+0000] {logging_mixin.py:190} INFO - [2024-09-12T15:30:19.309+0000] {dag.py:4156} INFO - Setting next_dagrun for dataset_alias_example_alias_consumer to None, run_after=None
[2024-09-12T15:30:19.311+0000] {logging_mixin.py:190} INFO - [2024-09-12T15:30:19.311+0000] {dag.py:4156} INFO - Setting next_dagrun for dataset_alias_example_alias_producer to None, run_after=None
[2024-09-12T15:30:19.313+0000] {logging_mixin.py:190} INFO - [2024-09-12T15:30:19.313+0000] {dag.py:4156} INFO - Setting next_dagrun for dataset_s3_bucket_consumer to None, run_after=None
[2024-09-12T15:30:19.314+0000] {logging_mixin.py:190} INFO - [2024-09-12T15:30:19.314+0000] {dag.py:4156} INFO - Setting next_dagrun for dataset_s3_bucket_producer to None, run_after=None
[2024-09-12T15:30:19.326+0000] {processor.py:208} INFO - Processing /home/airflow/.local/lib/python3.12/site-packages/airflow/example_dags/example_dataset_alias.py took 0.149 seconds
[2024-09-12T15:30:50.382+0000] {processor.py:186} INFO - Started process (PID=1345) to work on /home/airflow/.local/lib/python3.12/site-packages/airflow/example_dags/example_dataset_alias.py
[2024-09-12T15:30:50.383+0000] {processor.py:914} INFO - Processing file /home/airflow/.local/lib/python3.12/site-packages/airflow/example_dags/example_dataset_alias.py for tasks to queue
[2024-09-12T15:30:50.385+0000] {logging_mixin.py:190} INFO - [2024-09-12T15:30:50.385+0000] {dagbag.py:587} INFO - Filling up the DagBag from /home/airflow/.local/lib/python3.12/site-packages/airflow/example_dags/example_dataset_alias.py
[2024-09-12T15:30:50.495+0000] {processor.py:925} INFO - DAG(s) 'dataset_alias_example_alias_producer', 'dataset_s3_bucket_consumer', 'dataset_s3_bucket_producer', 'dataset_alias_example_alias_consumer' retrieved from /home/airflow/.local/lib/python3.12/site-packages/airflow/example_dags/example_dataset_alias.py
[2024-09-12T15:30:50.508+0000] {logging_mixin.py:190} INFO - [2024-09-12T15:30:50.508+0000] {dag.py:3229} INFO - Sync 4 DAGs
[2024-09-12T15:30:50.523+0000] {logging_mixin.py:190} INFO - [2024-09-12T15:30:50.522+0000] {dag.py:4156} INFO - Setting next_dagrun for dataset_alias_example_alias_consumer to None, run_after=None
[2024-09-12T15:30:50.525+0000] {logging_mixin.py:190} INFO - [2024-09-12T15:30:50.525+0000] {dag.py:4156} INFO - Setting next_dagrun for dataset_alias_example_alias_producer to None, run_after=None
[2024-09-12T15:30:50.527+0000] {logging_mixin.py:190} INFO - [2024-09-12T15:30:50.527+0000] {dag.py:4156} INFO - Setting next_dagrun for dataset_s3_bucket_consumer to None, run_after=None
[2024-09-12T15:30:50.528+0000] {logging_mixin.py:190} INFO - [2024-09-12T15:30:50.528+0000] {dag.py:4156} INFO - Setting next_dagrun for dataset_s3_bucket_producer to None, run_after=None
[2024-09-12T15:30:50.540+0000] {processor.py:208} INFO - Processing /home/airflow/.local/lib/python3.12/site-packages/airflow/example_dags/example_dataset_alias.py took 0.163 seconds
[2024-09-12T15:31:20.682+0000] {processor.py:186} INFO - Started process (PID=1407) to work on /home/airflow/.local/lib/python3.12/site-packages/airflow/example_dags/example_dataset_alias.py
[2024-09-12T15:31:20.683+0000] {processor.py:914} INFO - Processing file /home/airflow/.local/lib/python3.12/site-packages/airflow/example_dags/example_dataset_alias.py for tasks to queue
[2024-09-12T15:31:20.686+0000] {logging_mixin.py:190} INFO - [2024-09-12T15:31:20.686+0000] {dagbag.py:587} INFO - Filling up the DagBag from /home/airflow/.local/lib/python3.12/site-packages/airflow/example_dags/example_dataset_alias.py
[2024-09-12T15:31:20.804+0000] {processor.py:925} INFO - DAG(s) 'dataset_alias_example_alias_consumer', 'dataset_alias_example_alias_producer', 'dataset_s3_bucket_producer', 'dataset_s3_bucket_consumer' retrieved from /home/airflow/.local/lib/python3.12/site-packages/airflow/example_dags/example_dataset_alias.py
[2024-09-12T15:31:20.819+0000] {logging_mixin.py:190} INFO - [2024-09-12T15:31:20.818+0000] {dag.py:3229} INFO - Sync 4 DAGs
[2024-09-12T15:31:20.833+0000] {logging_mixin.py:190} INFO - [2024-09-12T15:31:20.833+0000] {dag.py:4156} INFO - Setting next_dagrun for dataset_alias_example_alias_consumer to None, run_after=None
[2024-09-12T15:31:20.835+0000] {logging_mixin.py:190} INFO - [2024-09-12T15:31:20.835+0000] {dag.py:4156} INFO - Setting next_dagrun for dataset_alias_example_alias_producer to None, run_after=None
[2024-09-12T15:31:20.836+0000] {logging_mixin.py:190} INFO - [2024-09-12T15:31:20.836+0000] {dag.py:4156} INFO - Setting next_dagrun for dataset_s3_bucket_consumer to None, run_after=None
[2024-09-12T15:31:20.837+0000] {logging_mixin.py:190} INFO - [2024-09-12T15:31:20.837+0000] {dag.py:4156} INFO - Setting next_dagrun for dataset_s3_bucket_producer to None, run_after=None
[2024-09-12T15:31:20.849+0000] {processor.py:208} INFO - Processing /home/airflow/.local/lib/python3.12/site-packages/airflow/example_dags/example_dataset_alias.py took 0.172 seconds
[2024-09-12T15:31:50.940+0000] {processor.py:186} INFO - Started process (PID=1469) to work on /home/airflow/.local/lib/python3.12/site-packages/airflow/example_dags/example_dataset_alias.py
[2024-09-12T15:31:50.942+0000] {processor.py:914} INFO - Processing file /home/airflow/.local/lib/python3.12/site-packages/airflow/example_dags/example_dataset_alias.py for tasks to queue
[2024-09-12T15:31:50.945+0000] {logging_mixin.py:190} INFO - [2024-09-12T15:31:50.945+0000] {dagbag.py:587} INFO - Filling up the DagBag from /home/airflow/.local/lib/python3.12/site-packages/airflow/example_dags/example_dataset_alias.py
[2024-09-12T15:31:51.046+0000] {processor.py:925} INFO - DAG(s) 'dataset_s3_bucket_consumer', 'dataset_s3_bucket_producer', 'dataset_alias_example_alias_consumer', 'dataset_alias_example_alias_producer' retrieved from /home/airflow/.local/lib/python3.12/site-packages/airflow/example_dags/example_dataset_alias.py
[2024-09-12T15:31:51.060+0000] {logging_mixin.py:190} INFO - [2024-09-12T15:31:51.060+0000] {dag.py:3229} INFO - Sync 4 DAGs
[2024-09-12T15:31:51.074+0000] {logging_mixin.py:190} INFO - [2024-09-12T15:31:51.074+0000] {dag.py:4156} INFO - Setting next_dagrun for dataset_alias_example_alias_consumer to None, run_after=None
[2024-09-12T15:31:51.076+0000] {logging_mixin.py:190} INFO - [2024-09-12T15:31:51.076+0000] {dag.py:4156} INFO - Setting next_dagrun for dataset_alias_example_alias_producer to None, run_after=None
[2024-09-12T15:31:51.077+0000] {logging_mixin.py:190} INFO - [2024-09-12T15:31:51.077+0000] {dag.py:4156} INFO - Setting next_dagrun for dataset_s3_bucket_consumer to None, run_after=None
[2024-09-12T15:31:51.078+0000] {logging_mixin.py:190} INFO - [2024-09-12T15:31:51.078+0000] {dag.py:4156} INFO - Setting next_dagrun for dataset_s3_bucket_producer to None, run_after=None
[2024-09-12T15:31:51.094+0000] {processor.py:208} INFO - Processing /home/airflow/.local/lib/python3.12/site-packages/airflow/example_dags/example_dataset_alias.py took 0.158 seconds
[2024-09-12T15:32:21.172+0000] {processor.py:186} INFO - Started process (PID=1530) to work on /home/airflow/.local/lib/python3.12/site-packages/airflow/example_dags/example_dataset_alias.py
[2024-09-12T15:32:21.173+0000] {processor.py:914} INFO - Processing file /home/airflow/.local/lib/python3.12/site-packages/airflow/example_dags/example_dataset_alias.py for tasks to queue
[2024-09-12T15:32:21.175+0000] {logging_mixin.py:190} INFO - [2024-09-12T15:32:21.175+0000] {dagbag.py:587} INFO - Filling up the DagBag from /home/airflow/.local/lib/python3.12/site-packages/airflow/example_dags/example_dataset_alias.py
[2024-09-12T15:32:21.271+0000] {processor.py:925} INFO - DAG(s) 'dataset_s3_bucket_consumer', 'dataset_alias_example_alias_producer', 'dataset_s3_bucket_producer', 'dataset_alias_example_alias_consumer' retrieved from /home/airflow/.local/lib/python3.12/site-packages/airflow/example_dags/example_dataset_alias.py
[2024-09-12T15:32:21.283+0000] {logging_mixin.py:190} INFO - [2024-09-12T15:32:21.283+0000] {dag.py:3229} INFO - Sync 4 DAGs
[2024-09-12T15:32:21.297+0000] {logging_mixin.py:190} INFO - [2024-09-12T15:32:21.297+0000] {dag.py:4156} INFO - Setting next_dagrun for dataset_alias_example_alias_consumer to None, run_after=None
[2024-09-12T15:32:21.299+0000] {logging_mixin.py:190} INFO - [2024-09-12T15:32:21.299+0000] {dag.py:4156} INFO - Setting next_dagrun for dataset_alias_example_alias_producer to None, run_after=None
[2024-09-12T15:32:21.300+0000] {logging_mixin.py:190} INFO - [2024-09-12T15:32:21.300+0000] {dag.py:4156} INFO - Setting next_dagrun for dataset_s3_bucket_consumer to None, run_after=None
[2024-09-12T15:32:21.302+0000] {logging_mixin.py:190} INFO - [2024-09-12T15:32:21.301+0000] {dag.py:4156} INFO - Setting next_dagrun for dataset_s3_bucket_producer to None, run_after=None
[2024-09-12T15:32:21.313+0000] {processor.py:208} INFO - Processing /home/airflow/.local/lib/python3.12/site-packages/airflow/example_dags/example_dataset_alias.py took 0.146 seconds
[2024-09-12T15:32:51.495+0000] {processor.py:186} INFO - Started process (PID=1591) to work on /home/airflow/.local/lib/python3.12/site-packages/airflow/example_dags/example_dataset_alias.py
[2024-09-12T15:32:51.496+0000] {processor.py:914} INFO - Processing file /home/airflow/.local/lib/python3.12/site-packages/airflow/example_dags/example_dataset_alias.py for tasks to queue
[2024-09-12T15:32:51.498+0000] {logging_mixin.py:190} INFO - [2024-09-12T15:32:51.498+0000] {dagbag.py:587} INFO - Filling up the DagBag from /home/airflow/.local/lib/python3.12/site-packages/airflow/example_dags/example_dataset_alias.py
[2024-09-12T15:32:51.600+0000] {processor.py:925} INFO - DAG(s) 'dataset_alias_example_alias_consumer', 'dataset_s3_bucket_consumer', 'dataset_alias_example_alias_producer', 'dataset_s3_bucket_producer' retrieved from /home/airflow/.local/lib/python3.12/site-packages/airflow/example_dags/example_dataset_alias.py
[2024-09-12T15:32:51.614+0000] {logging_mixin.py:190} INFO - [2024-09-12T15:32:51.613+0000] {dag.py:3229} INFO - Sync 4 DAGs
[2024-09-12T15:32:51.627+0000] {logging_mixin.py:190} INFO - [2024-09-12T15:32:51.627+0000] {dag.py:4156} INFO - Setting next_dagrun for dataset_alias_example_alias_consumer to None, run_after=None
[2024-09-12T15:32:51.629+0000] {logging_mixin.py:190} INFO - [2024-09-12T15:32:51.629+0000] {dag.py:4156} INFO - Setting next_dagrun for dataset_alias_example_alias_producer to None, run_after=None
[2024-09-12T15:32:51.630+0000] {logging_mixin.py:190} INFO - [2024-09-12T15:32:51.630+0000] {dag.py:4156} INFO - Setting next_dagrun for dataset_s3_bucket_consumer to None, run_after=None
[2024-09-12T15:32:51.631+0000] {logging_mixin.py:190} INFO - [2024-09-12T15:32:51.631+0000] {dag.py:4156} INFO - Setting next_dagrun for dataset_s3_bucket_producer to None, run_after=None
[2024-09-12T15:32:51.643+0000] {processor.py:208} INFO - Processing /home/airflow/.local/lib/python3.12/site-packages/airflow/example_dags/example_dataset_alias.py took 0.153 seconds
[2024-09-12T15:33:21.879+0000] {processor.py:186} INFO - Started process (PID=1653) to work on /home/airflow/.local/lib/python3.12/site-packages/airflow/example_dags/example_dataset_alias.py
[2024-09-12T15:33:21.880+0000] {processor.py:914} INFO - Processing file /home/airflow/.local/lib/python3.12/site-packages/airflow/example_dags/example_dataset_alias.py for tasks to queue
[2024-09-12T15:33:21.882+0000] {logging_mixin.py:190} INFO - [2024-09-12T15:33:21.882+0000] {dagbag.py:587} INFO - Filling up the DagBag from /home/airflow/.local/lib/python3.12/site-packages/airflow/example_dags/example_dataset_alias.py
[2024-09-12T15:33:21.981+0000] {processor.py:925} INFO - DAG(s) 'dataset_s3_bucket_consumer', 'dataset_alias_example_alias_consumer', 'dataset_alias_example_alias_producer', 'dataset_s3_bucket_producer' retrieved from /home/airflow/.local/lib/python3.12/site-packages/airflow/example_dags/example_dataset_alias.py
[2024-09-12T15:33:21.993+0000] {logging_mixin.py:190} INFO - [2024-09-12T15:33:21.993+0000] {dag.py:3229} INFO - Sync 4 DAGs
[2024-09-12T15:33:22.006+0000] {logging_mixin.py:190} INFO - [2024-09-12T15:33:22.006+0000] {dag.py:4156} INFO - Setting next_dagrun for dataset_alias_example_alias_consumer to None, run_after=None
[2024-09-12T15:33:22.009+0000] {logging_mixin.py:190} INFO - [2024-09-12T15:33:22.008+0000] {dag.py:4156} INFO - Setting next_dagrun for dataset_alias_example_alias_producer to None, run_after=None
[2024-09-12T15:33:22.010+0000] {logging_mixin.py:190} INFO - [2024-09-12T15:33:22.010+0000] {dag.py:4156} INFO - Setting next_dagrun for dataset_s3_bucket_consumer to None, run_after=None
[2024-09-12T15:33:22.011+0000] {logging_mixin.py:190} INFO - [2024-09-12T15:33:22.011+0000] {dag.py:4156} INFO - Setting next_dagrun for dataset_s3_bucket_producer to None, run_after=None
[2024-09-12T15:33:22.023+0000] {processor.py:208} INFO - Processing /home/airflow/.local/lib/python3.12/site-packages/airflow/example_dags/example_dataset_alias.py took 0.148 seconds
[2024-09-12T15:33:52.217+0000] {processor.py:186} INFO - Started process (PID=1715) to work on /home/airflow/.local/lib/python3.12/site-packages/airflow/example_dags/example_dataset_alias.py
[2024-09-12T15:33:52.219+0000] {processor.py:914} INFO - Processing file /home/airflow/.local/lib/python3.12/site-packages/airflow/example_dags/example_dataset_alias.py for tasks to queue
[2024-09-12T15:33:52.221+0000] {logging_mixin.py:190} INFO - [2024-09-12T15:33:52.221+0000] {dagbag.py:587} INFO - Filling up the DagBag from /home/airflow/.local/lib/python3.12/site-packages/airflow/example_dags/example_dataset_alias.py
[2024-09-12T15:33:52.324+0000] {processor.py:925} INFO - DAG(s) 'dataset_alias_example_alias_consumer', 'dataset_alias_example_alias_producer', 'dataset_s3_bucket_consumer', 'dataset_s3_bucket_producer' retrieved from /home/airflow/.local/lib/python3.12/site-packages/airflow/example_dags/example_dataset_alias.py
[2024-09-12T15:33:52.338+0000] {logging_mixin.py:190} INFO - [2024-09-12T15:33:52.338+0000] {dag.py:3229} INFO - Sync 4 DAGs
[2024-09-12T15:33:52.355+0000] {logging_mixin.py:190} INFO - [2024-09-12T15:33:52.355+0000] {dag.py:4156} INFO - Setting next_dagrun for dataset_alias_example_alias_consumer to None, run_after=None
[2024-09-12T15:33:52.357+0000] {logging_mixin.py:190} INFO - [2024-09-12T15:33:52.357+0000] {dag.py:4156} INFO - Setting next_dagrun for dataset_alias_example_alias_producer to None, run_after=None
[2024-09-12T15:33:52.358+0000] {logging_mixin.py:190} INFO - [2024-09-12T15:33:52.358+0000] {dag.py:4156} INFO - Setting next_dagrun for dataset_s3_bucket_consumer to None, run_after=None
[2024-09-12T15:33:52.360+0000] {logging_mixin.py:190} INFO - [2024-09-12T15:33:52.360+0000] {dag.py:4156} INFO - Setting next_dagrun for dataset_s3_bucket_producer to None, run_after=None
[2024-09-12T15:33:52.372+0000] {processor.py:208} INFO - Processing /home/airflow/.local/lib/python3.12/site-packages/airflow/example_dags/example_dataset_alias.py took 0.160 seconds
