[2024-09-12T15:20:06.970+0000] {processor.py:186} INFO - Started process (PID=42) to work on /home/airflow/.local/lib/python3.12/site-packages/airflow/example_dags/example_nested_branch_dag.py
[2024-09-12T15:20:06.972+0000] {processor.py:914} INFO - Processing file /home/airflow/.local/lib/python3.12/site-packages/airflow/example_dags/example_nested_branch_dag.py for tasks to queue
[2024-09-12T15:20:06.977+0000] {logging_mixin.py:190} INFO - [2024-09-12T15:20:06.977+0000] {dagbag.py:587} INFO - Filling up the DagBag from /home/airflow/.local/lib/python3.12/site-packages/airflow/example_dags/example_nested_branch_dag.py
[2024-09-12T15:20:06.986+0000] {processor.py:925} INFO - DAG(s) 'example_nested_branch_dag' retrieved from /home/airflow/.local/lib/python3.12/site-packages/airflow/example_dags/example_nested_branch_dag.py
[2024-09-12T15:20:07.053+0000] {logging_mixin.py:190} INFO - [2024-09-12T15:20:07.053+0000] {override.py:1900} INFO - Created Permission View: can read on DAG:example_nested_branch_dag
[2024-09-12T15:20:07.061+0000] {logging_mixin.py:190} INFO - [2024-09-12T15:20:07.061+0000] {override.py:1900} INFO - Created Permission View: can delete on DAG:example_nested_branch_dag
[2024-09-12T15:20:07.066+0000] {logging_mixin.py:190} INFO - [2024-09-12T15:20:07.066+0000] {override.py:1900} INFO - Created Permission View: can edit on DAG:example_nested_branch_dag
[2024-09-12T15:20:07.071+0000] {logging_mixin.py:190} INFO - [2024-09-12T15:20:07.071+0000] {override.py:1900} INFO - Created Permission View: can read on DAG Run:example_nested_branch_dag
[2024-09-12T15:20:07.076+0000] {logging_mixin.py:190} INFO - [2024-09-12T15:20:07.075+0000] {override.py:1900} INFO - Created Permission View: can create on DAG Run:example_nested_branch_dag
[2024-09-12T15:20:07.080+0000] {logging_mixin.py:190} INFO - [2024-09-12T15:20:07.079+0000] {override.py:1900} INFO - Created Permission View: menu access on DAG Run:example_nested_branch_dag
[2024-09-12T15:20:07.083+0000] {logging_mixin.py:190} INFO - [2024-09-12T15:20:07.083+0000] {override.py:1900} INFO - Created Permission View: can delete on DAG Run:example_nested_branch_dag
[2024-09-12T15:20:07.084+0000] {logging_mixin.py:190} INFO - [2024-09-12T15:20:07.084+0000] {dag.py:3229} INFO - Sync 1 DAGs
[2024-09-12T15:20:07.093+0000] {logging_mixin.py:190} INFO - [2024-09-12T15:20:07.093+0000] {dag.py:3252} INFO - Creating ORM DAG for example_nested_branch_dag
[2024-09-12T15:20:07.100+0000] {logging_mixin.py:190} INFO - [2024-09-12T15:20:07.100+0000] {dag.py:4156} INFO - Setting next_dagrun for example_nested_branch_dag to 2024-09-11 00:00:00+00:00, run_after=2024-09-12 00:00:00+00:00
[2024-09-12T15:20:07.111+0000] {processor.py:208} INFO - Processing /home/airflow/.local/lib/python3.12/site-packages/airflow/example_dags/example_nested_branch_dag.py took 0.145 seconds
[2024-09-12T15:20:37.443+0000] {processor.py:186} INFO - Started process (PID=105) to work on /home/airflow/.local/lib/python3.12/site-packages/airflow/example_dags/example_nested_branch_dag.py
[2024-09-12T15:20:37.445+0000] {processor.py:914} INFO - Processing file /home/airflow/.local/lib/python3.12/site-packages/airflow/example_dags/example_nested_branch_dag.py for tasks to queue
[2024-09-12T15:20:37.447+0000] {logging_mixin.py:190} INFO - [2024-09-12T15:20:37.446+0000] {dagbag.py:587} INFO - Filling up the DagBag from /home/airflow/.local/lib/python3.12/site-packages/airflow/example_dags/example_nested_branch_dag.py
[2024-09-12T15:20:37.456+0000] {processor.py:925} INFO - DAG(s) 'example_nested_branch_dag' retrieved from /home/airflow/.local/lib/python3.12/site-packages/airflow/example_dags/example_nested_branch_dag.py
[2024-09-12T15:20:37.481+0000] {logging_mixin.py:190} INFO - [2024-09-12T15:20:37.481+0000] {dag.py:3229} INFO - Sync 1 DAGs
[2024-09-12T15:20:37.496+0000] {logging_mixin.py:190} INFO - [2024-09-12T15:20:37.496+0000] {dag.py:4156} INFO - Setting next_dagrun for example_nested_branch_dag to 2024-09-11 00:00:00+00:00, run_after=2024-09-12 00:00:00+00:00
[2024-09-12T15:20:37.507+0000] {processor.py:208} INFO - Processing /home/airflow/.local/lib/python3.12/site-packages/airflow/example_dags/example_nested_branch_dag.py took 0.068 seconds
[2024-09-12T15:21:08.034+0000] {processor.py:186} INFO - Started process (PID=168) to work on /home/airflow/.local/lib/python3.12/site-packages/airflow/example_dags/example_nested_branch_dag.py
[2024-09-12T15:21:08.036+0000] {processor.py:914} INFO - Processing file /home/airflow/.local/lib/python3.12/site-packages/airflow/example_dags/example_nested_branch_dag.py for tasks to queue
[2024-09-12T15:21:08.041+0000] {logging_mixin.py:190} INFO - [2024-09-12T15:21:08.040+0000] {dagbag.py:587} INFO - Filling up the DagBag from /home/airflow/.local/lib/python3.12/site-packages/airflow/example_dags/example_nested_branch_dag.py
[2024-09-12T15:21:08.053+0000] {processor.py:925} INFO - DAG(s) 'example_nested_branch_dag' retrieved from /home/airflow/.local/lib/python3.12/site-packages/airflow/example_dags/example_nested_branch_dag.py
[2024-09-12T15:21:08.077+0000] {logging_mixin.py:190} INFO - [2024-09-12T15:21:08.077+0000] {dag.py:3229} INFO - Sync 1 DAGs
[2024-09-12T15:21:08.096+0000] {logging_mixin.py:190} INFO - [2024-09-12T15:21:08.096+0000] {dag.py:4156} INFO - Setting next_dagrun for example_nested_branch_dag to 2024-09-11 00:00:00+00:00, run_after=2024-09-12 00:00:00+00:00
[2024-09-12T15:21:08.106+0000] {processor.py:208} INFO - Processing /home/airflow/.local/lib/python3.12/site-packages/airflow/example_dags/example_nested_branch_dag.py took 0.084 seconds
[2024-09-12T15:21:38.901+0000] {processor.py:186} INFO - Started process (PID=230) to work on /home/airflow/.local/lib/python3.12/site-packages/airflow/example_dags/example_nested_branch_dag.py
[2024-09-12T15:21:38.903+0000] {processor.py:914} INFO - Processing file /home/airflow/.local/lib/python3.12/site-packages/airflow/example_dags/example_nested_branch_dag.py for tasks to queue
[2024-09-12T15:21:38.905+0000] {logging_mixin.py:190} INFO - [2024-09-12T15:21:38.905+0000] {dagbag.py:587} INFO - Filling up the DagBag from /home/airflow/.local/lib/python3.12/site-packages/airflow/example_dags/example_nested_branch_dag.py
[2024-09-12T15:21:38.915+0000] {processor.py:925} INFO - DAG(s) 'example_nested_branch_dag' retrieved from /home/airflow/.local/lib/python3.12/site-packages/airflow/example_dags/example_nested_branch_dag.py
[2024-09-12T15:21:38.949+0000] {logging_mixin.py:190} INFO - [2024-09-12T15:21:38.948+0000] {dag.py:3229} INFO - Sync 1 DAGs
[2024-09-12T15:21:38.964+0000] {logging_mixin.py:190} INFO - [2024-09-12T15:21:38.964+0000] {dag.py:4156} INFO - Setting next_dagrun for example_nested_branch_dag to 2024-09-11 00:00:00+00:00, run_after=2024-09-12 00:00:00+00:00
[2024-09-12T15:21:38.977+0000] {processor.py:208} INFO - Processing /home/airflow/.local/lib/python3.12/site-packages/airflow/example_dags/example_nested_branch_dag.py took 0.081 seconds
[2024-09-12T15:22:09.786+0000] {processor.py:186} INFO - Started process (PID=292) to work on /home/airflow/.local/lib/python3.12/site-packages/airflow/example_dags/example_nested_branch_dag.py
[2024-09-12T15:22:09.787+0000] {processor.py:914} INFO - Processing file /home/airflow/.local/lib/python3.12/site-packages/airflow/example_dags/example_nested_branch_dag.py for tasks to queue
[2024-09-12T15:22:09.789+0000] {logging_mixin.py:190} INFO - [2024-09-12T15:22:09.789+0000] {dagbag.py:587} INFO - Filling up the DagBag from /home/airflow/.local/lib/python3.12/site-packages/airflow/example_dags/example_nested_branch_dag.py
[2024-09-12T15:22:09.798+0000] {processor.py:925} INFO - DAG(s) 'example_nested_branch_dag' retrieved from /home/airflow/.local/lib/python3.12/site-packages/airflow/example_dags/example_nested_branch_dag.py
[2024-09-12T15:22:09.818+0000] {logging_mixin.py:190} INFO - [2024-09-12T15:22:09.817+0000] {dag.py:3229} INFO - Sync 1 DAGs
[2024-09-12T15:22:09.834+0000] {logging_mixin.py:190} INFO - [2024-09-12T15:22:09.834+0000] {dag.py:4156} INFO - Setting next_dagrun for example_nested_branch_dag to 2024-09-11 00:00:00+00:00, run_after=2024-09-12 00:00:00+00:00
[2024-09-12T15:22:09.845+0000] {processor.py:208} INFO - Processing /home/airflow/.local/lib/python3.12/site-packages/airflow/example_dags/example_nested_branch_dag.py took 0.064 seconds
[2024-09-12T15:22:40.549+0000] {processor.py:186} INFO - Started process (PID=354) to work on /home/airflow/.local/lib/python3.12/site-packages/airflow/example_dags/example_nested_branch_dag.py
[2024-09-12T15:22:40.551+0000] {processor.py:914} INFO - Processing file /home/airflow/.local/lib/python3.12/site-packages/airflow/example_dags/example_nested_branch_dag.py for tasks to queue
[2024-09-12T15:22:40.553+0000] {logging_mixin.py:190} INFO - [2024-09-12T15:22:40.553+0000] {dagbag.py:587} INFO - Filling up the DagBag from /home/airflow/.local/lib/python3.12/site-packages/airflow/example_dags/example_nested_branch_dag.py
[2024-09-12T15:22:40.562+0000] {processor.py:925} INFO - DAG(s) 'example_nested_branch_dag' retrieved from /home/airflow/.local/lib/python3.12/site-packages/airflow/example_dags/example_nested_branch_dag.py
[2024-09-12T15:22:40.583+0000] {logging_mixin.py:190} INFO - [2024-09-12T15:22:40.583+0000] {dag.py:3229} INFO - Sync 1 DAGs
[2024-09-12T15:22:40.598+0000] {logging_mixin.py:190} INFO - [2024-09-12T15:22:40.598+0000] {dag.py:4156} INFO - Setting next_dagrun for example_nested_branch_dag to 2024-09-11 00:00:00+00:00, run_after=2024-09-12 00:00:00+00:00
[2024-09-12T15:22:40.609+0000] {processor.py:208} INFO - Processing /home/airflow/.local/lib/python3.12/site-packages/airflow/example_dags/example_nested_branch_dag.py took 0.064 seconds
[2024-09-12T15:23:11.751+0000] {processor.py:186} INFO - Started process (PID=416) to work on /home/airflow/.local/lib/python3.12/site-packages/airflow/example_dags/example_nested_branch_dag.py
[2024-09-12T15:23:11.753+0000] {processor.py:914} INFO - Processing file /home/airflow/.local/lib/python3.12/site-packages/airflow/example_dags/example_nested_branch_dag.py for tasks to queue
[2024-09-12T15:23:11.755+0000] {logging_mixin.py:190} INFO - [2024-09-12T15:23:11.755+0000] {dagbag.py:587} INFO - Filling up the DagBag from /home/airflow/.local/lib/python3.12/site-packages/airflow/example_dags/example_nested_branch_dag.py
[2024-09-12T15:23:11.764+0000] {processor.py:925} INFO - DAG(s) 'example_nested_branch_dag' retrieved from /home/airflow/.local/lib/python3.12/site-packages/airflow/example_dags/example_nested_branch_dag.py
[2024-09-12T15:23:11.782+0000] {logging_mixin.py:190} INFO - [2024-09-12T15:23:11.782+0000] {dag.py:3229} INFO - Sync 1 DAGs
[2024-09-12T15:23:11.798+0000] {logging_mixin.py:190} INFO - [2024-09-12T15:23:11.797+0000] {dag.py:4156} INFO - Setting next_dagrun for example_nested_branch_dag to 2024-09-11 00:00:00+00:00, run_after=2024-09-12 00:00:00+00:00
[2024-09-12T15:23:11.807+0000] {processor.py:208} INFO - Processing /home/airflow/.local/lib/python3.12/site-packages/airflow/example_dags/example_nested_branch_dag.py took 0.060 seconds
[2024-09-12T15:23:42.099+0000] {processor.py:186} INFO - Started process (PID=478) to work on /home/airflow/.local/lib/python3.12/site-packages/airflow/example_dags/example_nested_branch_dag.py
[2024-09-12T15:23:42.101+0000] {processor.py:914} INFO - Processing file /home/airflow/.local/lib/python3.12/site-packages/airflow/example_dags/example_nested_branch_dag.py for tasks to queue
[2024-09-12T15:23:42.103+0000] {logging_mixin.py:190} INFO - [2024-09-12T15:23:42.103+0000] {dagbag.py:587} INFO - Filling up the DagBag from /home/airflow/.local/lib/python3.12/site-packages/airflow/example_dags/example_nested_branch_dag.py
[2024-09-12T15:23:42.112+0000] {processor.py:925} INFO - DAG(s) 'example_nested_branch_dag' retrieved from /home/airflow/.local/lib/python3.12/site-packages/airflow/example_dags/example_nested_branch_dag.py
[2024-09-12T15:23:42.130+0000] {logging_mixin.py:190} INFO - [2024-09-12T15:23:42.129+0000] {dag.py:3229} INFO - Sync 1 DAGs
[2024-09-12T15:23:42.145+0000] {logging_mixin.py:190} INFO - [2024-09-12T15:23:42.145+0000] {dag.py:4156} INFO - Setting next_dagrun for example_nested_branch_dag to 2024-09-11 00:00:00+00:00, run_after=2024-09-12 00:00:00+00:00
[2024-09-12T15:23:42.158+0000] {processor.py:208} INFO - Processing /home/airflow/.local/lib/python3.12/site-packages/airflow/example_dags/example_nested_branch_dag.py took 0.063 seconds
[2024-09-12T15:24:12.611+0000] {processor.py:186} INFO - Started process (PID=539) to work on /home/airflow/.local/lib/python3.12/site-packages/airflow/example_dags/example_nested_branch_dag.py
[2024-09-12T15:24:12.613+0000] {processor.py:914} INFO - Processing file /home/airflow/.local/lib/python3.12/site-packages/airflow/example_dags/example_nested_branch_dag.py for tasks to queue
[2024-09-12T15:24:12.617+0000] {logging_mixin.py:190} INFO - [2024-09-12T15:24:12.616+0000] {dagbag.py:587} INFO - Filling up the DagBag from /home/airflow/.local/lib/python3.12/site-packages/airflow/example_dags/example_nested_branch_dag.py
[2024-09-12T15:24:12.637+0000] {processor.py:925} INFO - DAG(s) 'example_nested_branch_dag' retrieved from /home/airflow/.local/lib/python3.12/site-packages/airflow/example_dags/example_nested_branch_dag.py
[2024-09-12T15:24:12.673+0000] {logging_mixin.py:190} INFO - [2024-09-12T15:24:12.673+0000] {dag.py:3229} INFO - Sync 1 DAGs
[2024-09-12T15:24:12.697+0000] {logging_mixin.py:190} INFO - [2024-09-12T15:24:12.697+0000] {dag.py:4156} INFO - Setting next_dagrun for example_nested_branch_dag to 2024-09-11 00:00:00+00:00, run_after=2024-09-12 00:00:00+00:00
[2024-09-12T15:24:12.721+0000] {processor.py:208} INFO - Processing /home/airflow/.local/lib/python3.12/site-packages/airflow/example_dags/example_nested_branch_dag.py took 0.116 seconds
[2024-09-12T15:24:43.261+0000] {processor.py:186} INFO - Started process (PID=601) to work on /home/airflow/.local/lib/python3.12/site-packages/airflow/example_dags/example_nested_branch_dag.py
[2024-09-12T15:24:43.263+0000] {processor.py:914} INFO - Processing file /home/airflow/.local/lib/python3.12/site-packages/airflow/example_dags/example_nested_branch_dag.py for tasks to queue
[2024-09-12T15:24:43.265+0000] {logging_mixin.py:190} INFO - [2024-09-12T15:24:43.265+0000] {dagbag.py:587} INFO - Filling up the DagBag from /home/airflow/.local/lib/python3.12/site-packages/airflow/example_dags/example_nested_branch_dag.py
[2024-09-12T15:24:43.274+0000] {processor.py:925} INFO - DAG(s) 'example_nested_branch_dag' retrieved from /home/airflow/.local/lib/python3.12/site-packages/airflow/example_dags/example_nested_branch_dag.py
[2024-09-12T15:24:43.293+0000] {logging_mixin.py:190} INFO - [2024-09-12T15:24:43.293+0000] {dag.py:3229} INFO - Sync 1 DAGs
[2024-09-12T15:24:43.308+0000] {logging_mixin.py:190} INFO - [2024-09-12T15:24:43.308+0000] {dag.py:4156} INFO - Setting next_dagrun for example_nested_branch_dag to 2024-09-11 00:00:00+00:00, run_after=2024-09-12 00:00:00+00:00
[2024-09-12T15:24:43.318+0000] {processor.py:208} INFO - Processing /home/airflow/.local/lib/python3.12/site-packages/airflow/example_dags/example_nested_branch_dag.py took 0.061 seconds
[2024-09-12T15:25:13.644+0000] {processor.py:186} INFO - Started process (PID=663) to work on /home/airflow/.local/lib/python3.12/site-packages/airflow/example_dags/example_nested_branch_dag.py
[2024-09-12T15:25:13.646+0000] {processor.py:914} INFO - Processing file /home/airflow/.local/lib/python3.12/site-packages/airflow/example_dags/example_nested_branch_dag.py for tasks to queue
[2024-09-12T15:25:13.648+0000] {logging_mixin.py:190} INFO - [2024-09-12T15:25:13.648+0000] {dagbag.py:587} INFO - Filling up the DagBag from /home/airflow/.local/lib/python3.12/site-packages/airflow/example_dags/example_nested_branch_dag.py
[2024-09-12T15:25:13.658+0000] {processor.py:925} INFO - DAG(s) 'example_nested_branch_dag' retrieved from /home/airflow/.local/lib/python3.12/site-packages/airflow/example_dags/example_nested_branch_dag.py
[2024-09-12T15:25:13.678+0000] {logging_mixin.py:190} INFO - [2024-09-12T15:25:13.678+0000] {dag.py:3229} INFO - Sync 1 DAGs
[2024-09-12T15:25:13.695+0000] {logging_mixin.py:190} INFO - [2024-09-12T15:25:13.695+0000] {dag.py:4156} INFO - Setting next_dagrun for example_nested_branch_dag to 2024-09-11 00:00:00+00:00, run_after=2024-09-12 00:00:00+00:00
[2024-09-12T15:25:13.708+0000] {processor.py:208} INFO - Processing /home/airflow/.local/lib/python3.12/site-packages/airflow/example_dags/example_nested_branch_dag.py took 0.069 seconds
[2024-09-12T15:25:43.871+0000] {processor.py:186} INFO - Started process (PID=725) to work on /home/airflow/.local/lib/python3.12/site-packages/airflow/example_dags/example_nested_branch_dag.py
[2024-09-12T15:25:43.873+0000] {processor.py:914} INFO - Processing file /home/airflow/.local/lib/python3.12/site-packages/airflow/example_dags/example_nested_branch_dag.py for tasks to queue
[2024-09-12T15:25:43.875+0000] {logging_mixin.py:190} INFO - [2024-09-12T15:25:43.875+0000] {dagbag.py:587} INFO - Filling up the DagBag from /home/airflow/.local/lib/python3.12/site-packages/airflow/example_dags/example_nested_branch_dag.py
[2024-09-12T15:25:43.883+0000] {processor.py:925} INFO - DAG(s) 'example_nested_branch_dag' retrieved from /home/airflow/.local/lib/python3.12/site-packages/airflow/example_dags/example_nested_branch_dag.py
[2024-09-12T15:25:43.907+0000] {logging_mixin.py:190} INFO - [2024-09-12T15:25:43.906+0000] {dag.py:3229} INFO - Sync 1 DAGs
[2024-09-12T15:25:43.926+0000] {logging_mixin.py:190} INFO - [2024-09-12T15:25:43.925+0000] {dag.py:4156} INFO - Setting next_dagrun for example_nested_branch_dag to 2024-09-11 00:00:00+00:00, run_after=2024-09-12 00:00:00+00:00
[2024-09-12T15:25:43.941+0000] {processor.py:208} INFO - Processing /home/airflow/.local/lib/python3.12/site-packages/airflow/example_dags/example_nested_branch_dag.py took 0.074 seconds
[2024-09-12T15:26:14.164+0000] {processor.py:186} INFO - Started process (PID=787) to work on /home/airflow/.local/lib/python3.12/site-packages/airflow/example_dags/example_nested_branch_dag.py
[2024-09-12T15:26:14.167+0000] {processor.py:914} INFO - Processing file /home/airflow/.local/lib/python3.12/site-packages/airflow/example_dags/example_nested_branch_dag.py for tasks to queue
[2024-09-12T15:26:14.169+0000] {logging_mixin.py:190} INFO - [2024-09-12T15:26:14.169+0000] {dagbag.py:587} INFO - Filling up the DagBag from /home/airflow/.local/lib/python3.12/site-packages/airflow/example_dags/example_nested_branch_dag.py
[2024-09-12T15:26:14.178+0000] {processor.py:925} INFO - DAG(s) 'example_nested_branch_dag' retrieved from /home/airflow/.local/lib/python3.12/site-packages/airflow/example_dags/example_nested_branch_dag.py
[2024-09-12T15:26:14.195+0000] {logging_mixin.py:190} INFO - [2024-09-12T15:26:14.195+0000] {dag.py:3229} INFO - Sync 1 DAGs
[2024-09-12T15:26:14.210+0000] {logging_mixin.py:190} INFO - [2024-09-12T15:26:14.210+0000] {dag.py:4156} INFO - Setting next_dagrun for example_nested_branch_dag to 2024-09-11 00:00:00+00:00, run_after=2024-09-12 00:00:00+00:00
[2024-09-12T15:26:14.220+0000] {processor.py:208} INFO - Processing /home/airflow/.local/lib/python3.12/site-packages/airflow/example_dags/example_nested_branch_dag.py took 0.060 seconds
[2024-09-12T15:26:45.326+0000] {processor.py:186} INFO - Started process (PID=855) to work on /home/airflow/.local/lib/python3.12/site-packages/airflow/example_dags/example_nested_branch_dag.py
[2024-09-12T15:26:45.327+0000] {processor.py:914} INFO - Processing file /home/airflow/.local/lib/python3.12/site-packages/airflow/example_dags/example_nested_branch_dag.py for tasks to queue
[2024-09-12T15:26:45.330+0000] {logging_mixin.py:190} INFO - [2024-09-12T15:26:45.329+0000] {dagbag.py:587} INFO - Filling up the DagBag from /home/airflow/.local/lib/python3.12/site-packages/airflow/example_dags/example_nested_branch_dag.py
[2024-09-12T15:26:45.338+0000] {processor.py:925} INFO - DAG(s) 'example_nested_branch_dag' retrieved from /home/airflow/.local/lib/python3.12/site-packages/airflow/example_dags/example_nested_branch_dag.py
[2024-09-12T15:26:45.357+0000] {logging_mixin.py:190} INFO - [2024-09-12T15:26:45.357+0000] {dag.py:3229} INFO - Sync 1 DAGs
[2024-09-12T15:26:45.374+0000] {logging_mixin.py:190} INFO - [2024-09-12T15:26:45.374+0000] {dag.py:4156} INFO - Setting next_dagrun for example_nested_branch_dag to 2024-09-11 00:00:00+00:00, run_after=2024-09-12 00:00:00+00:00
[2024-09-12T15:26:45.388+0000] {processor.py:208} INFO - Processing /home/airflow/.local/lib/python3.12/site-packages/airflow/example_dags/example_nested_branch_dag.py took 0.066 seconds
[2024-09-12T15:27:15.642+0000] {processor.py:186} INFO - Started process (PID=917) to work on /home/airflow/.local/lib/python3.12/site-packages/airflow/example_dags/example_nested_branch_dag.py
[2024-09-12T15:27:15.643+0000] {processor.py:914} INFO - Processing file /home/airflow/.local/lib/python3.12/site-packages/airflow/example_dags/example_nested_branch_dag.py for tasks to queue
[2024-09-12T15:27:15.650+0000] {logging_mixin.py:190} INFO - [2024-09-12T15:27:15.649+0000] {dagbag.py:587} INFO - Filling up the DagBag from /home/airflow/.local/lib/python3.12/site-packages/airflow/example_dags/example_nested_branch_dag.py
[2024-09-12T15:27:15.663+0000] {processor.py:925} INFO - DAG(s) 'example_nested_branch_dag' retrieved from /home/airflow/.local/lib/python3.12/site-packages/airflow/example_dags/example_nested_branch_dag.py
[2024-09-12T15:27:15.683+0000] {logging_mixin.py:190} INFO - [2024-09-12T15:27:15.682+0000] {dag.py:3229} INFO - Sync 1 DAGs
[2024-09-12T15:27:15.698+0000] {logging_mixin.py:190} INFO - [2024-09-12T15:27:15.698+0000] {dag.py:4156} INFO - Setting next_dagrun for example_nested_branch_dag to 2024-09-11 00:00:00+00:00, run_after=2024-09-12 00:00:00+00:00
[2024-09-12T15:27:15.708+0000] {processor.py:208} INFO - Processing /home/airflow/.local/lib/python3.12/site-packages/airflow/example_dags/example_nested_branch_dag.py took 0.072 seconds
[2024-09-12T15:27:46.163+0000] {processor.py:186} INFO - Started process (PID=979) to work on /home/airflow/.local/lib/python3.12/site-packages/airflow/example_dags/example_nested_branch_dag.py
[2024-09-12T15:27:46.165+0000] {processor.py:914} INFO - Processing file /home/airflow/.local/lib/python3.12/site-packages/airflow/example_dags/example_nested_branch_dag.py for tasks to queue
[2024-09-12T15:27:46.167+0000] {logging_mixin.py:190} INFO - [2024-09-12T15:27:46.167+0000] {dagbag.py:587} INFO - Filling up the DagBag from /home/airflow/.local/lib/python3.12/site-packages/airflow/example_dags/example_nested_branch_dag.py
[2024-09-12T15:27:46.179+0000] {processor.py:925} INFO - DAG(s) 'example_nested_branch_dag' retrieved from /home/airflow/.local/lib/python3.12/site-packages/airflow/example_dags/example_nested_branch_dag.py
[2024-09-12T15:27:46.207+0000] {logging_mixin.py:190} INFO - [2024-09-12T15:27:46.207+0000] {dag.py:3229} INFO - Sync 1 DAGs
[2024-09-12T15:27:46.227+0000] {logging_mixin.py:190} INFO - [2024-09-12T15:27:46.227+0000] {dag.py:4156} INFO - Setting next_dagrun for example_nested_branch_dag to 2024-09-11 00:00:00+00:00, run_after=2024-09-12 00:00:00+00:00
[2024-09-12T15:27:46.239+0000] {processor.py:208} INFO - Processing /home/airflow/.local/lib/python3.12/site-packages/airflow/example_dags/example_nested_branch_dag.py took 0.081 seconds
[2024-09-12T15:28:16.984+0000] {processor.py:186} INFO - Started process (PID=1041) to work on /home/airflow/.local/lib/python3.12/site-packages/airflow/example_dags/example_nested_branch_dag.py
[2024-09-12T15:28:16.985+0000] {processor.py:914} INFO - Processing file /home/airflow/.local/lib/python3.12/site-packages/airflow/example_dags/example_nested_branch_dag.py for tasks to queue
[2024-09-12T15:28:16.988+0000] {logging_mixin.py:190} INFO - [2024-09-12T15:28:16.987+0000] {dagbag.py:587} INFO - Filling up the DagBag from /home/airflow/.local/lib/python3.12/site-packages/airflow/example_dags/example_nested_branch_dag.py
[2024-09-12T15:28:16.996+0000] {processor.py:925} INFO - DAG(s) 'example_nested_branch_dag' retrieved from /home/airflow/.local/lib/python3.12/site-packages/airflow/example_dags/example_nested_branch_dag.py
[2024-09-12T15:28:17.016+0000] {logging_mixin.py:190} INFO - [2024-09-12T15:28:17.015+0000] {dag.py:3229} INFO - Sync 1 DAGs
[2024-09-12T15:28:17.043+0000] {logging_mixin.py:190} INFO - [2024-09-12T15:28:17.043+0000] {dag.py:4156} INFO - Setting next_dagrun for example_nested_branch_dag to 2024-09-11 00:00:00+00:00, run_after=2024-09-12 00:00:00+00:00
[2024-09-12T15:28:17.057+0000] {processor.py:208} INFO - Processing /home/airflow/.local/lib/python3.12/site-packages/airflow/example_dags/example_nested_branch_dag.py took 0.078 seconds
[2024-09-12T15:28:47.560+0000] {processor.py:186} INFO - Started process (PID=1103) to work on /home/airflow/.local/lib/python3.12/site-packages/airflow/example_dags/example_nested_branch_dag.py
[2024-09-12T15:28:47.562+0000] {processor.py:914} INFO - Processing file /home/airflow/.local/lib/python3.12/site-packages/airflow/example_dags/example_nested_branch_dag.py for tasks to queue
[2024-09-12T15:28:47.564+0000] {logging_mixin.py:190} INFO - [2024-09-12T15:28:47.564+0000] {dagbag.py:587} INFO - Filling up the DagBag from /home/airflow/.local/lib/python3.12/site-packages/airflow/example_dags/example_nested_branch_dag.py
[2024-09-12T15:28:47.573+0000] {processor.py:925} INFO - DAG(s) 'example_nested_branch_dag' retrieved from /home/airflow/.local/lib/python3.12/site-packages/airflow/example_dags/example_nested_branch_dag.py
[2024-09-12T15:28:47.590+0000] {logging_mixin.py:190} INFO - [2024-09-12T15:28:47.590+0000] {dag.py:3229} INFO - Sync 1 DAGs
[2024-09-12T15:28:47.606+0000] {logging_mixin.py:190} INFO - [2024-09-12T15:28:47.606+0000] {dag.py:4156} INFO - Setting next_dagrun for example_nested_branch_dag to 2024-09-11 00:00:00+00:00, run_after=2024-09-12 00:00:00+00:00
[2024-09-12T15:28:47.617+0000] {processor.py:208} INFO - Processing /home/airflow/.local/lib/python3.12/site-packages/airflow/example_dags/example_nested_branch_dag.py took 0.061 seconds
[2024-09-12T15:29:17.942+0000] {processor.py:186} INFO - Started process (PID=1165) to work on /home/airflow/.local/lib/python3.12/site-packages/airflow/example_dags/example_nested_branch_dag.py
[2024-09-12T15:29:17.944+0000] {processor.py:914} INFO - Processing file /home/airflow/.local/lib/python3.12/site-packages/airflow/example_dags/example_nested_branch_dag.py for tasks to queue
[2024-09-12T15:29:17.947+0000] {logging_mixin.py:190} INFO - [2024-09-12T15:29:17.946+0000] {dagbag.py:587} INFO - Filling up the DagBag from /home/airflow/.local/lib/python3.12/site-packages/airflow/example_dags/example_nested_branch_dag.py
[2024-09-12T15:29:17.956+0000] {processor.py:925} INFO - DAG(s) 'example_nested_branch_dag' retrieved from /home/airflow/.local/lib/python3.12/site-packages/airflow/example_dags/example_nested_branch_dag.py
[2024-09-12T15:29:17.973+0000] {logging_mixin.py:190} INFO - [2024-09-12T15:29:17.973+0000] {dag.py:3229} INFO - Sync 1 DAGs
[2024-09-12T15:29:17.989+0000] {logging_mixin.py:190} INFO - [2024-09-12T15:29:17.989+0000] {dag.py:4156} INFO - Setting next_dagrun for example_nested_branch_dag to 2024-09-11 00:00:00+00:00, run_after=2024-09-12 00:00:00+00:00
[2024-09-12T15:29:18.003+0000] {processor.py:208} INFO - Processing /home/airflow/.local/lib/python3.12/site-packages/airflow/example_dags/example_nested_branch_dag.py took 0.066 seconds
[2024-09-12T15:29:48.375+0000] {processor.py:186} INFO - Started process (PID=1227) to work on /home/airflow/.local/lib/python3.12/site-packages/airflow/example_dags/example_nested_branch_dag.py
[2024-09-12T15:29:48.377+0000] {processor.py:914} INFO - Processing file /home/airflow/.local/lib/python3.12/site-packages/airflow/example_dags/example_nested_branch_dag.py for tasks to queue
[2024-09-12T15:29:48.379+0000] {logging_mixin.py:190} INFO - [2024-09-12T15:29:48.378+0000] {dagbag.py:587} INFO - Filling up the DagBag from /home/airflow/.local/lib/python3.12/site-packages/airflow/example_dags/example_nested_branch_dag.py
[2024-09-12T15:29:48.387+0000] {processor.py:925} INFO - DAG(s) 'example_nested_branch_dag' retrieved from /home/airflow/.local/lib/python3.12/site-packages/airflow/example_dags/example_nested_branch_dag.py
[2024-09-12T15:29:48.404+0000] {logging_mixin.py:190} INFO - [2024-09-12T15:29:48.404+0000] {dag.py:3229} INFO - Sync 1 DAGs
[2024-09-12T15:29:48.418+0000] {logging_mixin.py:190} INFO - [2024-09-12T15:29:48.418+0000] {dag.py:4156} INFO - Setting next_dagrun for example_nested_branch_dag to 2024-09-11 00:00:00+00:00, run_after=2024-09-12 00:00:00+00:00
[2024-09-12T15:29:48.437+0000] {processor.py:208} INFO - Processing /home/airflow/.local/lib/python3.12/site-packages/airflow/example_dags/example_nested_branch_dag.py took 0.066 seconds
[2024-09-12T15:30:19.484+0000] {processor.py:186} INFO - Started process (PID=1289) to work on /home/airflow/.local/lib/python3.12/site-packages/airflow/example_dags/example_nested_branch_dag.py
[2024-09-12T15:30:19.485+0000] {processor.py:914} INFO - Processing file /home/airflow/.local/lib/python3.12/site-packages/airflow/example_dags/example_nested_branch_dag.py for tasks to queue
[2024-09-12T15:30:19.488+0000] {logging_mixin.py:190} INFO - [2024-09-12T15:30:19.488+0000] {dagbag.py:587} INFO - Filling up the DagBag from /home/airflow/.local/lib/python3.12/site-packages/airflow/example_dags/example_nested_branch_dag.py
[2024-09-12T15:30:19.497+0000] {processor.py:925} INFO - DAG(s) 'example_nested_branch_dag' retrieved from /home/airflow/.local/lib/python3.12/site-packages/airflow/example_dags/example_nested_branch_dag.py
[2024-09-12T15:30:19.520+0000] {logging_mixin.py:190} INFO - [2024-09-12T15:30:19.520+0000] {dag.py:3229} INFO - Sync 1 DAGs
[2024-09-12T15:30:19.536+0000] {logging_mixin.py:190} INFO - [2024-09-12T15:30:19.535+0000] {dag.py:4156} INFO - Setting next_dagrun for example_nested_branch_dag to 2024-09-11 00:00:00+00:00, run_after=2024-09-12 00:00:00+00:00
[2024-09-12T15:30:19.546+0000] {processor.py:208} INFO - Processing /home/airflow/.local/lib/python3.12/site-packages/airflow/example_dags/example_nested_branch_dag.py took 0.067 seconds
[2024-09-12T15:30:50.699+0000] {processor.py:186} INFO - Started process (PID=1351) to work on /home/airflow/.local/lib/python3.12/site-packages/airflow/example_dags/example_nested_branch_dag.py
[2024-09-12T15:30:50.701+0000] {processor.py:914} INFO - Processing file /home/airflow/.local/lib/python3.12/site-packages/airflow/example_dags/example_nested_branch_dag.py for tasks to queue
[2024-09-12T15:30:50.703+0000] {logging_mixin.py:190} INFO - [2024-09-12T15:30:50.702+0000] {dagbag.py:587} INFO - Filling up the DagBag from /home/airflow/.local/lib/python3.12/site-packages/airflow/example_dags/example_nested_branch_dag.py
[2024-09-12T15:30:50.711+0000] {processor.py:925} INFO - DAG(s) 'example_nested_branch_dag' retrieved from /home/airflow/.local/lib/python3.12/site-packages/airflow/example_dags/example_nested_branch_dag.py
[2024-09-12T15:30:50.729+0000] {logging_mixin.py:190} INFO - [2024-09-12T15:30:50.729+0000] {dag.py:3229} INFO - Sync 1 DAGs
[2024-09-12T15:30:50.745+0000] {logging_mixin.py:190} INFO - [2024-09-12T15:30:50.745+0000] {dag.py:4156} INFO - Setting next_dagrun for example_nested_branch_dag to 2024-09-11 00:00:00+00:00, run_after=2024-09-12 00:00:00+00:00
[2024-09-12T15:30:50.756+0000] {processor.py:208} INFO - Processing /home/airflow/.local/lib/python3.12/site-packages/airflow/example_dags/example_nested_branch_dag.py took 0.061 seconds
[2024-09-12T15:31:21.047+0000] {processor.py:186} INFO - Started process (PID=1413) to work on /home/airflow/.local/lib/python3.12/site-packages/airflow/example_dags/example_nested_branch_dag.py
[2024-09-12T15:31:21.049+0000] {processor.py:914} INFO - Processing file /home/airflow/.local/lib/python3.12/site-packages/airflow/example_dags/example_nested_branch_dag.py for tasks to queue
[2024-09-12T15:31:21.051+0000] {logging_mixin.py:190} INFO - [2024-09-12T15:31:21.051+0000] {dagbag.py:587} INFO - Filling up the DagBag from /home/airflow/.local/lib/python3.12/site-packages/airflow/example_dags/example_nested_branch_dag.py
[2024-09-12T15:31:21.060+0000] {processor.py:925} INFO - DAG(s) 'example_nested_branch_dag' retrieved from /home/airflow/.local/lib/python3.12/site-packages/airflow/example_dags/example_nested_branch_dag.py
[2024-09-12T15:31:21.076+0000] {logging_mixin.py:190} INFO - [2024-09-12T15:31:21.076+0000] {dag.py:3229} INFO - Sync 1 DAGs
[2024-09-12T15:31:21.091+0000] {logging_mixin.py:190} INFO - [2024-09-12T15:31:21.091+0000] {dag.py:4156} INFO - Setting next_dagrun for example_nested_branch_dag to 2024-09-11 00:00:00+00:00, run_after=2024-09-12 00:00:00+00:00
[2024-09-12T15:31:21.101+0000] {processor.py:208} INFO - Processing /home/airflow/.local/lib/python3.12/site-packages/airflow/example_dags/example_nested_branch_dag.py took 0.059 seconds
[2024-09-12T15:31:51.375+0000] {processor.py:186} INFO - Started process (PID=1475) to work on /home/airflow/.local/lib/python3.12/site-packages/airflow/example_dags/example_nested_branch_dag.py
[2024-09-12T15:31:51.376+0000] {processor.py:914} INFO - Processing file /home/airflow/.local/lib/python3.12/site-packages/airflow/example_dags/example_nested_branch_dag.py for tasks to queue
[2024-09-12T15:31:51.379+0000] {logging_mixin.py:190} INFO - [2024-09-12T15:31:51.378+0000] {dagbag.py:587} INFO - Filling up the DagBag from /home/airflow/.local/lib/python3.12/site-packages/airflow/example_dags/example_nested_branch_dag.py
[2024-09-12T15:31:51.387+0000] {processor.py:925} INFO - DAG(s) 'example_nested_branch_dag' retrieved from /home/airflow/.local/lib/python3.12/site-packages/airflow/example_dags/example_nested_branch_dag.py
[2024-09-12T15:31:51.404+0000] {logging_mixin.py:190} INFO - [2024-09-12T15:31:51.404+0000] {dag.py:3229} INFO - Sync 1 DAGs
[2024-09-12T15:31:51.418+0000] {logging_mixin.py:190} INFO - [2024-09-12T15:31:51.418+0000] {dag.py:4156} INFO - Setting next_dagrun for example_nested_branch_dag to 2024-09-11 00:00:00+00:00, run_after=2024-09-12 00:00:00+00:00
[2024-09-12T15:31:51.431+0000] {processor.py:208} INFO - Processing /home/airflow/.local/lib/python3.12/site-packages/airflow/example_dags/example_nested_branch_dag.py took 0.060 seconds
[2024-09-12T15:32:21.571+0000] {processor.py:186} INFO - Started process (PID=1536) to work on /home/airflow/.local/lib/python3.12/site-packages/airflow/example_dags/example_nested_branch_dag.py
[2024-09-12T15:32:21.572+0000] {processor.py:914} INFO - Processing file /home/airflow/.local/lib/python3.12/site-packages/airflow/example_dags/example_nested_branch_dag.py for tasks to queue
[2024-09-12T15:32:21.575+0000] {logging_mixin.py:190} INFO - [2024-09-12T15:32:21.574+0000] {dagbag.py:587} INFO - Filling up the DagBag from /home/airflow/.local/lib/python3.12/site-packages/airflow/example_dags/example_nested_branch_dag.py
[2024-09-12T15:32:21.583+0000] {processor.py:925} INFO - DAG(s) 'example_nested_branch_dag' retrieved from /home/airflow/.local/lib/python3.12/site-packages/airflow/example_dags/example_nested_branch_dag.py
[2024-09-12T15:32:21.599+0000] {logging_mixin.py:190} INFO - [2024-09-12T15:32:21.599+0000] {dag.py:3229} INFO - Sync 1 DAGs
[2024-09-12T15:32:21.613+0000] {logging_mixin.py:190} INFO - [2024-09-12T15:32:21.613+0000] {dag.py:4156} INFO - Setting next_dagrun for example_nested_branch_dag to 2024-09-11 00:00:00+00:00, run_after=2024-09-12 00:00:00+00:00
[2024-09-12T15:32:21.623+0000] {processor.py:208} INFO - Processing /home/airflow/.local/lib/python3.12/site-packages/airflow/example_dags/example_nested_branch_dag.py took 0.056 seconds
[2024-09-12T15:32:51.823+0000] {processor.py:186} INFO - Started process (PID=1597) to work on /home/airflow/.local/lib/python3.12/site-packages/airflow/example_dags/example_nested_branch_dag.py
[2024-09-12T15:32:51.824+0000] {processor.py:914} INFO - Processing file /home/airflow/.local/lib/python3.12/site-packages/airflow/example_dags/example_nested_branch_dag.py for tasks to queue
[2024-09-12T15:32:51.827+0000] {logging_mixin.py:190} INFO - [2024-09-12T15:32:51.826+0000] {dagbag.py:587} INFO - Filling up the DagBag from /home/airflow/.local/lib/python3.12/site-packages/airflow/example_dags/example_nested_branch_dag.py
[2024-09-12T15:32:51.836+0000] {processor.py:925} INFO - DAG(s) 'example_nested_branch_dag' retrieved from /home/airflow/.local/lib/python3.12/site-packages/airflow/example_dags/example_nested_branch_dag.py
[2024-09-12T15:32:51.854+0000] {logging_mixin.py:190} INFO - [2024-09-12T15:32:51.854+0000] {dag.py:3229} INFO - Sync 1 DAGs
[2024-09-12T15:32:51.869+0000] {logging_mixin.py:190} INFO - [2024-09-12T15:32:51.869+0000] {dag.py:4156} INFO - Setting next_dagrun for example_nested_branch_dag to 2024-09-11 00:00:00+00:00, run_after=2024-09-12 00:00:00+00:00
[2024-09-12T15:32:51.880+0000] {processor.py:208} INFO - Processing /home/airflow/.local/lib/python3.12/site-packages/airflow/example_dags/example_nested_branch_dag.py took 0.062 seconds
[2024-09-12T15:33:22.180+0000] {processor.py:186} INFO - Started process (PID=1659) to work on /home/airflow/.local/lib/python3.12/site-packages/airflow/example_dags/example_nested_branch_dag.py
[2024-09-12T15:33:22.181+0000] {processor.py:914} INFO - Processing file /home/airflow/.local/lib/python3.12/site-packages/airflow/example_dags/example_nested_branch_dag.py for tasks to queue
[2024-09-12T15:33:22.184+0000] {logging_mixin.py:190} INFO - [2024-09-12T15:33:22.183+0000] {dagbag.py:587} INFO - Filling up the DagBag from /home/airflow/.local/lib/python3.12/site-packages/airflow/example_dags/example_nested_branch_dag.py
[2024-09-12T15:33:22.193+0000] {processor.py:925} INFO - DAG(s) 'example_nested_branch_dag' retrieved from /home/airflow/.local/lib/python3.12/site-packages/airflow/example_dags/example_nested_branch_dag.py
[2024-09-12T15:33:22.210+0000] {logging_mixin.py:190} INFO - [2024-09-12T15:33:22.210+0000] {dag.py:3229} INFO - Sync 1 DAGs
[2024-09-12T15:33:22.225+0000] {logging_mixin.py:190} INFO - [2024-09-12T15:33:22.225+0000] {dag.py:4156} INFO - Setting next_dagrun for example_nested_branch_dag to 2024-09-11 00:00:00+00:00, run_after=2024-09-12 00:00:00+00:00
[2024-09-12T15:33:22.236+0000] {processor.py:208} INFO - Processing /home/airflow/.local/lib/python3.12/site-packages/airflow/example_dags/example_nested_branch_dag.py took 0.061 seconds
[2024-09-12T15:33:52.523+0000] {processor.py:186} INFO - Started process (PID=1721) to work on /home/airflow/.local/lib/python3.12/site-packages/airflow/example_dags/example_nested_branch_dag.py
[2024-09-12T15:33:52.524+0000] {processor.py:914} INFO - Processing file /home/airflow/.local/lib/python3.12/site-packages/airflow/example_dags/example_nested_branch_dag.py for tasks to queue
[2024-09-12T15:33:52.526+0000] {logging_mixin.py:190} INFO - [2024-09-12T15:33:52.526+0000] {dagbag.py:587} INFO - Filling up the DagBag from /home/airflow/.local/lib/python3.12/site-packages/airflow/example_dags/example_nested_branch_dag.py
[2024-09-12T15:33:52.535+0000] {processor.py:925} INFO - DAG(s) 'example_nested_branch_dag' retrieved from /home/airflow/.local/lib/python3.12/site-packages/airflow/example_dags/example_nested_branch_dag.py
[2024-09-12T15:33:52.552+0000] {logging_mixin.py:190} INFO - [2024-09-12T15:33:52.552+0000] {dag.py:3229} INFO - Sync 1 DAGs
[2024-09-12T15:33:52.568+0000] {logging_mixin.py:190} INFO - [2024-09-12T15:33:52.568+0000] {dag.py:4156} INFO - Setting next_dagrun for example_nested_branch_dag to 2024-09-11 00:00:00+00:00, run_after=2024-09-12 00:00:00+00:00
[2024-09-12T15:33:52.579+0000] {processor.py:208} INFO - Processing /home/airflow/.local/lib/python3.12/site-packages/airflow/example_dags/example_nested_branch_dag.py took 0.060 seconds
