[2024-09-12T15:20:07.702+0000] {processor.py:186} INFO - Started process (PID=49) to work on /home/airflow/.local/lib/python3.12/site-packages/airflow/example_dags/example_branch_labels.py
[2024-09-12T15:20:07.704+0000] {processor.py:914} INFO - Processing file /home/airflow/.local/lib/python3.12/site-packages/airflow/example_dags/example_branch_labels.py for tasks to queue
[2024-09-12T15:20:07.706+0000] {logging_mixin.py:190} INFO - [2024-09-12T15:20:07.706+0000] {dagbag.py:587} INFO - Filling up the DagBag from /home/airflow/.local/lib/python3.12/site-packages/airflow/example_dags/example_branch_labels.py
[2024-09-12T15:20:07.717+0000] {processor.py:925} INFO - DAG(s) 'example_branch_labels' retrieved from /home/airflow/.local/lib/python3.12/site-packages/airflow/example_dags/example_branch_labels.py
[2024-09-12T15:20:07.782+0000] {logging_mixin.py:190} INFO - [2024-09-12T15:20:07.782+0000] {override.py:1900} INFO - Created Permission View: can read on DAG:example_branch_labels
[2024-09-12T15:20:07.794+0000] {logging_mixin.py:190} INFO - [2024-09-12T15:20:07.794+0000] {override.py:1900} INFO - Created Permission View: can delete on DAG:example_branch_labels
[2024-09-12T15:20:07.798+0000] {logging_mixin.py:190} INFO - [2024-09-12T15:20:07.798+0000] {override.py:1900} INFO - Created Permission View: can edit on DAG:example_branch_labels
[2024-09-12T15:20:07.801+0000] {logging_mixin.py:190} INFO - [2024-09-12T15:20:07.801+0000] {override.py:1900} INFO - Created Permission View: can read on DAG Run:example_branch_labels
[2024-09-12T15:20:07.805+0000] {logging_mixin.py:190} INFO - [2024-09-12T15:20:07.805+0000] {override.py:1900} INFO - Created Permission View: can create on DAG Run:example_branch_labels
[2024-09-12T15:20:07.808+0000] {logging_mixin.py:190} INFO - [2024-09-12T15:20:07.808+0000] {override.py:1900} INFO - Created Permission View: menu access on DAG Run:example_branch_labels
[2024-09-12T15:20:07.812+0000] {logging_mixin.py:190} INFO - [2024-09-12T15:20:07.811+0000] {override.py:1900} INFO - Created Permission View: can delete on DAG Run:example_branch_labels
[2024-09-12T15:20:07.812+0000] {logging_mixin.py:190} INFO - [2024-09-12T15:20:07.812+0000] {dag.py:3229} INFO - Sync 1 DAGs
[2024-09-12T15:20:07.823+0000] {logging_mixin.py:190} INFO - [2024-09-12T15:20:07.823+0000] {dag.py:3252} INFO - Creating ORM DAG for example_branch_labels
[2024-09-12T15:20:07.829+0000] {logging_mixin.py:190} INFO - [2024-09-12T15:20:07.829+0000] {dag.py:4156} INFO - Setting next_dagrun for example_branch_labels to 2024-09-11 00:00:00+00:00, run_after=2024-09-12 00:00:00+00:00
[2024-09-12T15:20:07.839+0000] {processor.py:208} INFO - Processing /home/airflow/.local/lib/python3.12/site-packages/airflow/example_dags/example_branch_labels.py took 0.141 seconds
[2024-09-12T15:20:38.813+0000] {processor.py:186} INFO - Started process (PID=112) to work on /home/airflow/.local/lib/python3.12/site-packages/airflow/example_dags/example_branch_labels.py
[2024-09-12T15:20:38.814+0000] {processor.py:914} INFO - Processing file /home/airflow/.local/lib/python3.12/site-packages/airflow/example_dags/example_branch_labels.py for tasks to queue
[2024-09-12T15:20:38.816+0000] {logging_mixin.py:190} INFO - [2024-09-12T15:20:38.816+0000] {dagbag.py:587} INFO - Filling up the DagBag from /home/airflow/.local/lib/python3.12/site-packages/airflow/example_dags/example_branch_labels.py
[2024-09-12T15:20:38.826+0000] {processor.py:925} INFO - DAG(s) 'example_branch_labels' retrieved from /home/airflow/.local/lib/python3.12/site-packages/airflow/example_dags/example_branch_labels.py
[2024-09-12T15:20:38.845+0000] {logging_mixin.py:190} INFO - [2024-09-12T15:20:38.844+0000] {dag.py:3229} INFO - Sync 1 DAGs
[2024-09-12T15:20:38.860+0000] {logging_mixin.py:190} INFO - [2024-09-12T15:20:38.860+0000] {dag.py:4156} INFO - Setting next_dagrun for example_branch_labels to 2024-09-11 00:00:00+00:00, run_after=2024-09-12 00:00:00+00:00
[2024-09-12T15:20:38.872+0000] {processor.py:208} INFO - Processing /home/airflow/.local/lib/python3.12/site-packages/airflow/example_dags/example_branch_labels.py took 0.065 seconds
[2024-09-12T15:21:09.366+0000] {processor.py:186} INFO - Started process (PID=175) to work on /home/airflow/.local/lib/python3.12/site-packages/airflow/example_dags/example_branch_labels.py
[2024-09-12T15:21:09.368+0000] {processor.py:914} INFO - Processing file /home/airflow/.local/lib/python3.12/site-packages/airflow/example_dags/example_branch_labels.py for tasks to queue
[2024-09-12T15:21:09.371+0000] {logging_mixin.py:190} INFO - [2024-09-12T15:21:09.370+0000] {dagbag.py:587} INFO - Filling up the DagBag from /home/airflow/.local/lib/python3.12/site-packages/airflow/example_dags/example_branch_labels.py
[2024-09-12T15:21:09.385+0000] {processor.py:925} INFO - DAG(s) 'example_branch_labels' retrieved from /home/airflow/.local/lib/python3.12/site-packages/airflow/example_dags/example_branch_labels.py
[2024-09-12T15:21:09.403+0000] {logging_mixin.py:190} INFO - [2024-09-12T15:21:09.403+0000] {dag.py:3229} INFO - Sync 1 DAGs
[2024-09-12T15:21:09.420+0000] {logging_mixin.py:190} INFO - [2024-09-12T15:21:09.420+0000] {dag.py:4156} INFO - Setting next_dagrun for example_branch_labels to 2024-09-11 00:00:00+00:00, run_after=2024-09-12 00:00:00+00:00
[2024-09-12T15:21:09.432+0000] {processor.py:208} INFO - Processing /home/airflow/.local/lib/python3.12/site-packages/airflow/example_dags/example_branch_labels.py took 0.071 seconds
[2024-09-12T15:21:40.270+0000] {processor.py:186} INFO - Started process (PID=237) to work on /home/airflow/.local/lib/python3.12/site-packages/airflow/example_dags/example_branch_labels.py
[2024-09-12T15:21:40.271+0000] {processor.py:914} INFO - Processing file /home/airflow/.local/lib/python3.12/site-packages/airflow/example_dags/example_branch_labels.py for tasks to queue
[2024-09-12T15:21:40.290+0000] {logging_mixin.py:190} INFO - [2024-09-12T15:21:40.290+0000] {dagbag.py:587} INFO - Filling up the DagBag from /home/airflow/.local/lib/python3.12/site-packages/airflow/example_dags/example_branch_labels.py
[2024-09-12T15:21:40.305+0000] {processor.py:925} INFO - DAG(s) 'example_branch_labels' retrieved from /home/airflow/.local/lib/python3.12/site-packages/airflow/example_dags/example_branch_labels.py
[2024-09-12T15:21:40.337+0000] {logging_mixin.py:190} INFO - [2024-09-12T15:21:40.337+0000] {dag.py:3229} INFO - Sync 1 DAGs
[2024-09-12T15:21:40.359+0000] {logging_mixin.py:190} INFO - [2024-09-12T15:21:40.359+0000] {dag.py:4156} INFO - Setting next_dagrun for example_branch_labels to 2024-09-11 00:00:00+00:00, run_after=2024-09-12 00:00:00+00:00
[2024-09-12T15:21:40.443+0000] {processor.py:208} INFO - Processing /home/airflow/.local/lib/python3.12/site-packages/airflow/example_dags/example_branch_labels.py took 0.178 seconds
[2024-09-12T15:22:11.165+0000] {processor.py:186} INFO - Started process (PID=299) to work on /home/airflow/.local/lib/python3.12/site-packages/airflow/example_dags/example_branch_labels.py
[2024-09-12T15:22:11.166+0000] {processor.py:914} INFO - Processing file /home/airflow/.local/lib/python3.12/site-packages/airflow/example_dags/example_branch_labels.py for tasks to queue
[2024-09-12T15:22:11.171+0000] {logging_mixin.py:190} INFO - [2024-09-12T15:22:11.170+0000] {dagbag.py:587} INFO - Filling up the DagBag from /home/airflow/.local/lib/python3.12/site-packages/airflow/example_dags/example_branch_labels.py
[2024-09-12T15:22:11.191+0000] {processor.py:925} INFO - DAG(s) 'example_branch_labels' retrieved from /home/airflow/.local/lib/python3.12/site-packages/airflow/example_dags/example_branch_labels.py
[2024-09-12T15:22:11.224+0000] {logging_mixin.py:190} INFO - [2024-09-12T15:22:11.224+0000] {dag.py:3229} INFO - Sync 1 DAGs
[2024-09-12T15:22:11.260+0000] {logging_mixin.py:190} INFO - [2024-09-12T15:22:11.260+0000] {dag.py:4156} INFO - Setting next_dagrun for example_branch_labels to 2024-09-11 00:00:00+00:00, run_after=2024-09-12 00:00:00+00:00
[2024-09-12T15:22:11.288+0000] {processor.py:208} INFO - Processing /home/airflow/.local/lib/python3.12/site-packages/airflow/example_dags/example_branch_labels.py took 0.131 seconds
[2024-09-12T15:22:41.910+0000] {processor.py:186} INFO - Started process (PID=361) to work on /home/airflow/.local/lib/python3.12/site-packages/airflow/example_dags/example_branch_labels.py
[2024-09-12T15:22:41.915+0000] {processor.py:914} INFO - Processing file /home/airflow/.local/lib/python3.12/site-packages/airflow/example_dags/example_branch_labels.py for tasks to queue
[2024-09-12T15:22:41.919+0000] {logging_mixin.py:190} INFO - [2024-09-12T15:22:41.919+0000] {dagbag.py:587} INFO - Filling up the DagBag from /home/airflow/.local/lib/python3.12/site-packages/airflow/example_dags/example_branch_labels.py
[2024-09-12T15:22:41.929+0000] {processor.py:925} INFO - DAG(s) 'example_branch_labels' retrieved from /home/airflow/.local/lib/python3.12/site-packages/airflow/example_dags/example_branch_labels.py
[2024-09-12T15:22:41.948+0000] {logging_mixin.py:190} INFO - [2024-09-12T15:22:41.948+0000] {dag.py:3229} INFO - Sync 1 DAGs
[2024-09-12T15:22:41.964+0000] {logging_mixin.py:190} INFO - [2024-09-12T15:22:41.964+0000] {dag.py:4156} INFO - Setting next_dagrun for example_branch_labels to 2024-09-11 00:00:00+00:00, run_after=2024-09-12 00:00:00+00:00
[2024-09-12T15:22:41.974+0000] {processor.py:208} INFO - Processing /home/airflow/.local/lib/python3.12/site-packages/airflow/example_dags/example_branch_labels.py took 0.075 seconds
[2024-09-12T15:23:12.056+0000] {processor.py:186} INFO - Started process (PID=423) to work on /home/airflow/.local/lib/python3.12/site-packages/airflow/example_dags/example_branch_labels.py
[2024-09-12T15:23:12.057+0000] {processor.py:914} INFO - Processing file /home/airflow/.local/lib/python3.12/site-packages/airflow/example_dags/example_branch_labels.py for tasks to queue
[2024-09-12T15:23:12.059+0000] {logging_mixin.py:190} INFO - [2024-09-12T15:23:12.059+0000] {dagbag.py:587} INFO - Filling up the DagBag from /home/airflow/.local/lib/python3.12/site-packages/airflow/example_dags/example_branch_labels.py
[2024-09-12T15:23:12.067+0000] {processor.py:925} INFO - DAG(s) 'example_branch_labels' retrieved from /home/airflow/.local/lib/python3.12/site-packages/airflow/example_dags/example_branch_labels.py
[2024-09-12T15:23:12.083+0000] {logging_mixin.py:190} INFO - [2024-09-12T15:23:12.083+0000] {dag.py:3229} INFO - Sync 1 DAGs
[2024-09-12T15:23:12.099+0000] {logging_mixin.py:190} INFO - [2024-09-12T15:23:12.099+0000] {dag.py:4156} INFO - Setting next_dagrun for example_branch_labels to 2024-09-11 00:00:00+00:00, run_after=2024-09-12 00:00:00+00:00
[2024-09-12T15:23:12.109+0000] {processor.py:208} INFO - Processing /home/airflow/.local/lib/python3.12/site-packages/airflow/example_dags/example_branch_labels.py took 0.058 seconds
[2024-09-12T15:23:42.419+0000] {processor.py:186} INFO - Started process (PID=485) to work on /home/airflow/.local/lib/python3.12/site-packages/airflow/example_dags/example_branch_labels.py
[2024-09-12T15:23:42.420+0000] {processor.py:914} INFO - Processing file /home/airflow/.local/lib/python3.12/site-packages/airflow/example_dags/example_branch_labels.py for tasks to queue
[2024-09-12T15:23:42.423+0000] {logging_mixin.py:190} INFO - [2024-09-12T15:23:42.422+0000] {dagbag.py:587} INFO - Filling up the DagBag from /home/airflow/.local/lib/python3.12/site-packages/airflow/example_dags/example_branch_labels.py
[2024-09-12T15:23:42.432+0000] {processor.py:925} INFO - DAG(s) 'example_branch_labels' retrieved from /home/airflow/.local/lib/python3.12/site-packages/airflow/example_dags/example_branch_labels.py
[2024-09-12T15:23:42.460+0000] {logging_mixin.py:190} INFO - [2024-09-12T15:23:42.460+0000] {dag.py:3229} INFO - Sync 1 DAGs
[2024-09-12T15:23:42.484+0000] {logging_mixin.py:190} INFO - [2024-09-12T15:23:42.484+0000] {dag.py:4156} INFO - Setting next_dagrun for example_branch_labels to 2024-09-11 00:00:00+00:00, run_after=2024-09-12 00:00:00+00:00
[2024-09-12T15:23:42.496+0000] {processor.py:208} INFO - Processing /home/airflow/.local/lib/python3.12/site-packages/airflow/example_dags/example_branch_labels.py took 0.082 seconds
[2024-09-12T15:24:13.091+0000] {processor.py:186} INFO - Started process (PID=546) to work on /home/airflow/.local/lib/python3.12/site-packages/airflow/example_dags/example_branch_labels.py
[2024-09-12T15:24:13.095+0000] {processor.py:914} INFO - Processing file /home/airflow/.local/lib/python3.12/site-packages/airflow/example_dags/example_branch_labels.py for tasks to queue
[2024-09-12T15:24:13.097+0000] {logging_mixin.py:190} INFO - [2024-09-12T15:24:13.097+0000] {dagbag.py:587} INFO - Filling up the DagBag from /home/airflow/.local/lib/python3.12/site-packages/airflow/example_dags/example_branch_labels.py
[2024-09-12T15:24:13.105+0000] {processor.py:925} INFO - DAG(s) 'example_branch_labels' retrieved from /home/airflow/.local/lib/python3.12/site-packages/airflow/example_dags/example_branch_labels.py
[2024-09-12T15:24:13.127+0000] {logging_mixin.py:190} INFO - [2024-09-12T15:24:13.126+0000] {dag.py:3229} INFO - Sync 1 DAGs
[2024-09-12T15:24:13.144+0000] {logging_mixin.py:190} INFO - [2024-09-12T15:24:13.144+0000] {dag.py:4156} INFO - Setting next_dagrun for example_branch_labels to 2024-09-11 00:00:00+00:00, run_after=2024-09-12 00:00:00+00:00
[2024-09-12T15:24:13.172+0000] {processor.py:208} INFO - Processing /home/airflow/.local/lib/python3.12/site-packages/airflow/example_dags/example_branch_labels.py took 0.088 seconds
[2024-09-12T15:24:43.572+0000] {processor.py:186} INFO - Started process (PID=608) to work on /home/airflow/.local/lib/python3.12/site-packages/airflow/example_dags/example_branch_labels.py
[2024-09-12T15:24:43.573+0000] {processor.py:914} INFO - Processing file /home/airflow/.local/lib/python3.12/site-packages/airflow/example_dags/example_branch_labels.py for tasks to queue
[2024-09-12T15:24:43.575+0000] {logging_mixin.py:190} INFO - [2024-09-12T15:24:43.575+0000] {dagbag.py:587} INFO - Filling up the DagBag from /home/airflow/.local/lib/python3.12/site-packages/airflow/example_dags/example_branch_labels.py
[2024-09-12T15:24:43.583+0000] {processor.py:925} INFO - DAG(s) 'example_branch_labels' retrieved from /home/airflow/.local/lib/python3.12/site-packages/airflow/example_dags/example_branch_labels.py
[2024-09-12T15:24:43.600+0000] {logging_mixin.py:190} INFO - [2024-09-12T15:24:43.600+0000] {dag.py:3229} INFO - Sync 1 DAGs
[2024-09-12T15:24:43.615+0000] {logging_mixin.py:190} INFO - [2024-09-12T15:24:43.615+0000] {dag.py:4156} INFO - Setting next_dagrun for example_branch_labels to 2024-09-11 00:00:00+00:00, run_after=2024-09-12 00:00:00+00:00
[2024-09-12T15:24:43.625+0000] {processor.py:208} INFO - Processing /home/airflow/.local/lib/python3.12/site-packages/airflow/example_dags/example_branch_labels.py took 0.057 seconds
[2024-09-12T15:25:14.004+0000] {processor.py:186} INFO - Started process (PID=670) to work on /home/airflow/.local/lib/python3.12/site-packages/airflow/example_dags/example_branch_labels.py
[2024-09-12T15:25:14.008+0000] {processor.py:914} INFO - Processing file /home/airflow/.local/lib/python3.12/site-packages/airflow/example_dags/example_branch_labels.py for tasks to queue
[2024-09-12T15:25:14.010+0000] {logging_mixin.py:190} INFO - [2024-09-12T15:25:14.010+0000] {dagbag.py:587} INFO - Filling up the DagBag from /home/airflow/.local/lib/python3.12/site-packages/airflow/example_dags/example_branch_labels.py
[2024-09-12T15:25:14.019+0000] {processor.py:925} INFO - DAG(s) 'example_branch_labels' retrieved from /home/airflow/.local/lib/python3.12/site-packages/airflow/example_dags/example_branch_labels.py
[2024-09-12T15:25:14.036+0000] {logging_mixin.py:190} INFO - [2024-09-12T15:25:14.035+0000] {dag.py:3229} INFO - Sync 1 DAGs
[2024-09-12T15:25:14.051+0000] {logging_mixin.py:190} INFO - [2024-09-12T15:25:14.051+0000] {dag.py:4156} INFO - Setting next_dagrun for example_branch_labels to 2024-09-11 00:00:00+00:00, run_after=2024-09-12 00:00:00+00:00
[2024-09-12T15:25:14.061+0000] {processor.py:208} INFO - Processing /home/airflow/.local/lib/python3.12/site-packages/airflow/example_dags/example_branch_labels.py took 0.062 seconds
[2024-09-12T15:25:44.239+0000] {processor.py:186} INFO - Started process (PID=732) to work on /home/airflow/.local/lib/python3.12/site-packages/airflow/example_dags/example_branch_labels.py
[2024-09-12T15:25:44.241+0000] {processor.py:914} INFO - Processing file /home/airflow/.local/lib/python3.12/site-packages/airflow/example_dags/example_branch_labels.py for tasks to queue
[2024-09-12T15:25:44.244+0000] {logging_mixin.py:190} INFO - [2024-09-12T15:25:44.244+0000] {dagbag.py:587} INFO - Filling up the DagBag from /home/airflow/.local/lib/python3.12/site-packages/airflow/example_dags/example_branch_labels.py
[2024-09-12T15:25:44.252+0000] {processor.py:925} INFO - DAG(s) 'example_branch_labels' retrieved from /home/airflow/.local/lib/python3.12/site-packages/airflow/example_dags/example_branch_labels.py
[2024-09-12T15:25:44.271+0000] {logging_mixin.py:190} INFO - [2024-09-12T15:25:44.271+0000] {dag.py:3229} INFO - Sync 1 DAGs
[2024-09-12T15:25:44.288+0000] {logging_mixin.py:190} INFO - [2024-09-12T15:25:44.288+0000] {dag.py:4156} INFO - Setting next_dagrun for example_branch_labels to 2024-09-11 00:00:00+00:00, run_after=2024-09-12 00:00:00+00:00
[2024-09-12T15:25:44.300+0000] {processor.py:208} INFO - Processing /home/airflow/.local/lib/python3.12/site-packages/airflow/example_dags/example_branch_labels.py took 0.066 seconds
[2024-09-12T15:26:14.480+0000] {processor.py:186} INFO - Started process (PID=794) to work on /home/airflow/.local/lib/python3.12/site-packages/airflow/example_dags/example_branch_labels.py
[2024-09-12T15:26:14.482+0000] {processor.py:914} INFO - Processing file /home/airflow/.local/lib/python3.12/site-packages/airflow/example_dags/example_branch_labels.py for tasks to queue
[2024-09-12T15:26:14.484+0000] {logging_mixin.py:190} INFO - [2024-09-12T15:26:14.484+0000] {dagbag.py:587} INFO - Filling up the DagBag from /home/airflow/.local/lib/python3.12/site-packages/airflow/example_dags/example_branch_labels.py
[2024-09-12T15:26:14.493+0000] {processor.py:925} INFO - DAG(s) 'example_branch_labels' retrieved from /home/airflow/.local/lib/python3.12/site-packages/airflow/example_dags/example_branch_labels.py
[2024-09-12T15:26:14.511+0000] {logging_mixin.py:190} INFO - [2024-09-12T15:26:14.511+0000] {dag.py:3229} INFO - Sync 1 DAGs
[2024-09-12T15:26:14.527+0000] {logging_mixin.py:190} INFO - [2024-09-12T15:26:14.527+0000] {dag.py:4156} INFO - Setting next_dagrun for example_branch_labels to 2024-09-11 00:00:00+00:00, run_after=2024-09-12 00:00:00+00:00
[2024-09-12T15:26:14.538+0000] {processor.py:208} INFO - Processing /home/airflow/.local/lib/python3.12/site-packages/airflow/example_dags/example_branch_labels.py took 0.062 seconds
[2024-09-12T15:26:45.680+0000] {processor.py:186} INFO - Started process (PID=862) to work on /home/airflow/.local/lib/python3.12/site-packages/airflow/example_dags/example_branch_labels.py
[2024-09-12T15:26:45.681+0000] {processor.py:914} INFO - Processing file /home/airflow/.local/lib/python3.12/site-packages/airflow/example_dags/example_branch_labels.py for tasks to queue
[2024-09-12T15:26:45.684+0000] {logging_mixin.py:190} INFO - [2024-09-12T15:26:45.683+0000] {dagbag.py:587} INFO - Filling up the DagBag from /home/airflow/.local/lib/python3.12/site-packages/airflow/example_dags/example_branch_labels.py
[2024-09-12T15:26:45.692+0000] {processor.py:925} INFO - DAG(s) 'example_branch_labels' retrieved from /home/airflow/.local/lib/python3.12/site-packages/airflow/example_dags/example_branch_labels.py
[2024-09-12T15:26:45.711+0000] {logging_mixin.py:190} INFO - [2024-09-12T15:26:45.711+0000] {dag.py:3229} INFO - Sync 1 DAGs
[2024-09-12T15:26:45.728+0000] {logging_mixin.py:190} INFO - [2024-09-12T15:26:45.728+0000] {dag.py:4156} INFO - Setting next_dagrun for example_branch_labels to 2024-09-11 00:00:00+00:00, run_after=2024-09-12 00:00:00+00:00
[2024-09-12T15:26:45.739+0000] {processor.py:208} INFO - Processing /home/airflow/.local/lib/python3.12/site-packages/airflow/example_dags/example_branch_labels.py took 0.064 seconds
[2024-09-12T15:27:15.975+0000] {processor.py:186} INFO - Started process (PID=924) to work on /home/airflow/.local/lib/python3.12/site-packages/airflow/example_dags/example_branch_labels.py
[2024-09-12T15:27:15.977+0000] {processor.py:914} INFO - Processing file /home/airflow/.local/lib/python3.12/site-packages/airflow/example_dags/example_branch_labels.py for tasks to queue
[2024-09-12T15:27:15.980+0000] {logging_mixin.py:190} INFO - [2024-09-12T15:27:15.979+0000] {dagbag.py:587} INFO - Filling up the DagBag from /home/airflow/.local/lib/python3.12/site-packages/airflow/example_dags/example_branch_labels.py
[2024-09-12T15:27:15.988+0000] {processor.py:925} INFO - DAG(s) 'example_branch_labels' retrieved from /home/airflow/.local/lib/python3.12/site-packages/airflow/example_dags/example_branch_labels.py
[2024-09-12T15:27:16.008+0000] {logging_mixin.py:190} INFO - [2024-09-12T15:27:16.008+0000] {dag.py:3229} INFO - Sync 1 DAGs
[2024-09-12T15:27:16.026+0000] {logging_mixin.py:190} INFO - [2024-09-12T15:27:16.025+0000] {dag.py:4156} INFO - Setting next_dagrun for example_branch_labels to 2024-09-11 00:00:00+00:00, run_after=2024-09-12 00:00:00+00:00
[2024-09-12T15:27:16.036+0000] {processor.py:208} INFO - Processing /home/airflow/.local/lib/python3.12/site-packages/airflow/example_dags/example_branch_labels.py took 0.065 seconds
[2024-09-12T15:27:46.686+0000] {processor.py:186} INFO - Started process (PID=986) to work on /home/airflow/.local/lib/python3.12/site-packages/airflow/example_dags/example_branch_labels.py
[2024-09-12T15:27:46.688+0000] {processor.py:914} INFO - Processing file /home/airflow/.local/lib/python3.12/site-packages/airflow/example_dags/example_branch_labels.py for tasks to queue
[2024-09-12T15:27:46.695+0000] {logging_mixin.py:190} INFO - [2024-09-12T15:27:46.695+0000] {dagbag.py:587} INFO - Filling up the DagBag from /home/airflow/.local/lib/python3.12/site-packages/airflow/example_dags/example_branch_labels.py
[2024-09-12T15:27:46.705+0000] {processor.py:925} INFO - DAG(s) 'example_branch_labels' retrieved from /home/airflow/.local/lib/python3.12/site-packages/airflow/example_dags/example_branch_labels.py
[2024-09-12T15:27:46.725+0000] {logging_mixin.py:190} INFO - [2024-09-12T15:27:46.725+0000] {dag.py:3229} INFO - Sync 1 DAGs
[2024-09-12T15:27:46.741+0000] {logging_mixin.py:190} INFO - [2024-09-12T15:27:46.741+0000] {dag.py:4156} INFO - Setting next_dagrun for example_branch_labels to 2024-09-11 00:00:00+00:00, run_after=2024-09-12 00:00:00+00:00
[2024-09-12T15:27:46.753+0000] {processor.py:208} INFO - Processing /home/airflow/.local/lib/python3.12/site-packages/airflow/example_dags/example_branch_labels.py took 0.074 seconds
[2024-09-12T15:28:17.349+0000] {processor.py:186} INFO - Started process (PID=1048) to work on /home/airflow/.local/lib/python3.12/site-packages/airflow/example_dags/example_branch_labels.py
[2024-09-12T15:28:17.351+0000] {processor.py:914} INFO - Processing file /home/airflow/.local/lib/python3.12/site-packages/airflow/example_dags/example_branch_labels.py for tasks to queue
[2024-09-12T15:28:17.353+0000] {logging_mixin.py:190} INFO - [2024-09-12T15:28:17.353+0000] {dagbag.py:587} INFO - Filling up the DagBag from /home/airflow/.local/lib/python3.12/site-packages/airflow/example_dags/example_branch_labels.py
[2024-09-12T15:28:17.361+0000] {processor.py:925} INFO - DAG(s) 'example_branch_labels' retrieved from /home/airflow/.local/lib/python3.12/site-packages/airflow/example_dags/example_branch_labels.py
[2024-09-12T15:28:17.378+0000] {logging_mixin.py:190} INFO - [2024-09-12T15:28:17.378+0000] {dag.py:3229} INFO - Sync 1 DAGs
[2024-09-12T15:28:17.393+0000] {logging_mixin.py:190} INFO - [2024-09-12T15:28:17.393+0000] {dag.py:4156} INFO - Setting next_dagrun for example_branch_labels to 2024-09-11 00:00:00+00:00, run_after=2024-09-12 00:00:00+00:00
[2024-09-12T15:28:17.407+0000] {processor.py:208} INFO - Processing /home/airflow/.local/lib/python3.12/site-packages/airflow/example_dags/example_branch_labels.py took 0.062 seconds
[2024-09-12T15:28:47.872+0000] {processor.py:186} INFO - Started process (PID=1110) to work on /home/airflow/.local/lib/python3.12/site-packages/airflow/example_dags/example_branch_labels.py
[2024-09-12T15:28:47.873+0000] {processor.py:914} INFO - Processing file /home/airflow/.local/lib/python3.12/site-packages/airflow/example_dags/example_branch_labels.py for tasks to queue
[2024-09-12T15:28:47.876+0000] {logging_mixin.py:190} INFO - [2024-09-12T15:28:47.876+0000] {dagbag.py:587} INFO - Filling up the DagBag from /home/airflow/.local/lib/python3.12/site-packages/airflow/example_dags/example_branch_labels.py
[2024-09-12T15:28:47.884+0000] {processor.py:925} INFO - DAG(s) 'example_branch_labels' retrieved from /home/airflow/.local/lib/python3.12/site-packages/airflow/example_dags/example_branch_labels.py
[2024-09-12T15:28:47.908+0000] {logging_mixin.py:190} INFO - [2024-09-12T15:28:47.908+0000] {dag.py:3229} INFO - Sync 1 DAGs
[2024-09-12T15:28:47.923+0000] {logging_mixin.py:190} INFO - [2024-09-12T15:28:47.923+0000] {dag.py:4156} INFO - Setting next_dagrun for example_branch_labels to 2024-09-11 00:00:00+00:00, run_after=2024-09-12 00:00:00+00:00
[2024-09-12T15:28:47.935+0000] {processor.py:208} INFO - Processing /home/airflow/.local/lib/python3.12/site-packages/airflow/example_dags/example_branch_labels.py took 0.068 seconds
[2024-09-12T15:29:18.270+0000] {processor.py:186} INFO - Started process (PID=1172) to work on /home/airflow/.local/lib/python3.12/site-packages/airflow/example_dags/example_branch_labels.py
[2024-09-12T15:29:18.271+0000] {processor.py:914} INFO - Processing file /home/airflow/.local/lib/python3.12/site-packages/airflow/example_dags/example_branch_labels.py for tasks to queue
[2024-09-12T15:29:18.273+0000] {logging_mixin.py:190} INFO - [2024-09-12T15:29:18.273+0000] {dagbag.py:587} INFO - Filling up the DagBag from /home/airflow/.local/lib/python3.12/site-packages/airflow/example_dags/example_branch_labels.py
[2024-09-12T15:29:18.282+0000] {processor.py:925} INFO - DAG(s) 'example_branch_labels' retrieved from /home/airflow/.local/lib/python3.12/site-packages/airflow/example_dags/example_branch_labels.py
[2024-09-12T15:29:18.300+0000] {logging_mixin.py:190} INFO - [2024-09-12T15:29:18.299+0000] {dag.py:3229} INFO - Sync 1 DAGs
[2024-09-12T15:29:18.316+0000] {logging_mixin.py:190} INFO - [2024-09-12T15:29:18.316+0000] {dag.py:4156} INFO - Setting next_dagrun for example_branch_labels to 2024-09-11 00:00:00+00:00, run_after=2024-09-12 00:00:00+00:00
[2024-09-12T15:29:18.327+0000] {processor.py:208} INFO - Processing /home/airflow/.local/lib/python3.12/site-packages/airflow/example_dags/example_branch_labels.py took 0.062 seconds
[2024-09-12T15:29:48.710+0000] {processor.py:186} INFO - Started process (PID=1234) to work on /home/airflow/.local/lib/python3.12/site-packages/airflow/example_dags/example_branch_labels.py
[2024-09-12T15:29:48.712+0000] {processor.py:914} INFO - Processing file /home/airflow/.local/lib/python3.12/site-packages/airflow/example_dags/example_branch_labels.py for tasks to queue
[2024-09-12T15:29:48.714+0000] {logging_mixin.py:190} INFO - [2024-09-12T15:29:48.714+0000] {dagbag.py:587} INFO - Filling up the DagBag from /home/airflow/.local/lib/python3.12/site-packages/airflow/example_dags/example_branch_labels.py
[2024-09-12T15:29:48.721+0000] {processor.py:925} INFO - DAG(s) 'example_branch_labels' retrieved from /home/airflow/.local/lib/python3.12/site-packages/airflow/example_dags/example_branch_labels.py
[2024-09-12T15:29:48.738+0000] {logging_mixin.py:190} INFO - [2024-09-12T15:29:48.738+0000] {dag.py:3229} INFO - Sync 1 DAGs
[2024-09-12T15:29:48.752+0000] {logging_mixin.py:190} INFO - [2024-09-12T15:29:48.752+0000] {dag.py:4156} INFO - Setting next_dagrun for example_branch_labels to 2024-09-11 00:00:00+00:00, run_after=2024-09-12 00:00:00+00:00
[2024-09-12T15:29:48.762+0000] {processor.py:208} INFO - Processing /home/airflow/.local/lib/python3.12/site-packages/airflow/example_dags/example_branch_labels.py took 0.057 seconds
[2024-09-12T15:30:19.792+0000] {processor.py:186} INFO - Started process (PID=1296) to work on /home/airflow/.local/lib/python3.12/site-packages/airflow/example_dags/example_branch_labels.py
[2024-09-12T15:30:19.793+0000] {processor.py:914} INFO - Processing file /home/airflow/.local/lib/python3.12/site-packages/airflow/example_dags/example_branch_labels.py for tasks to queue
[2024-09-12T15:30:19.795+0000] {logging_mixin.py:190} INFO - [2024-09-12T15:30:19.795+0000] {dagbag.py:587} INFO - Filling up the DagBag from /home/airflow/.local/lib/python3.12/site-packages/airflow/example_dags/example_branch_labels.py
[2024-09-12T15:30:19.805+0000] {processor.py:925} INFO - DAG(s) 'example_branch_labels' retrieved from /home/airflow/.local/lib/python3.12/site-packages/airflow/example_dags/example_branch_labels.py
[2024-09-12T15:30:19.822+0000] {logging_mixin.py:190} INFO - [2024-09-12T15:30:19.822+0000] {dag.py:3229} INFO - Sync 1 DAGs
[2024-09-12T15:30:19.837+0000] {logging_mixin.py:190} INFO - [2024-09-12T15:30:19.837+0000] {dag.py:4156} INFO - Setting next_dagrun for example_branch_labels to 2024-09-11 00:00:00+00:00, run_after=2024-09-12 00:00:00+00:00
[2024-09-12T15:30:19.847+0000] {processor.py:208} INFO - Processing /home/airflow/.local/lib/python3.12/site-packages/airflow/example_dags/example_branch_labels.py took 0.060 seconds
[2024-09-12T15:30:51.011+0000] {processor.py:186} INFO - Started process (PID=1358) to work on /home/airflow/.local/lib/python3.12/site-packages/airflow/example_dags/example_branch_labels.py
[2024-09-12T15:30:51.012+0000] {processor.py:914} INFO - Processing file /home/airflow/.local/lib/python3.12/site-packages/airflow/example_dags/example_branch_labels.py for tasks to queue
[2024-09-12T15:30:51.015+0000] {logging_mixin.py:190} INFO - [2024-09-12T15:30:51.014+0000] {dagbag.py:587} INFO - Filling up the DagBag from /home/airflow/.local/lib/python3.12/site-packages/airflow/example_dags/example_branch_labels.py
[2024-09-12T15:30:51.023+0000] {processor.py:925} INFO - DAG(s) 'example_branch_labels' retrieved from /home/airflow/.local/lib/python3.12/site-packages/airflow/example_dags/example_branch_labels.py
[2024-09-12T15:30:51.041+0000] {logging_mixin.py:190} INFO - [2024-09-12T15:30:51.041+0000] {dag.py:3229} INFO - Sync 1 DAGs
[2024-09-12T15:30:51.057+0000] {logging_mixin.py:190} INFO - [2024-09-12T15:30:51.057+0000] {dag.py:4156} INFO - Setting next_dagrun for example_branch_labels to 2024-09-11 00:00:00+00:00, run_after=2024-09-12 00:00:00+00:00
[2024-09-12T15:30:51.067+0000] {processor.py:208} INFO - Processing /home/airflow/.local/lib/python3.12/site-packages/airflow/example_dags/example_branch_labels.py took 0.061 seconds
[2024-09-12T15:31:21.344+0000] {processor.py:186} INFO - Started process (PID=1420) to work on /home/airflow/.local/lib/python3.12/site-packages/airflow/example_dags/example_branch_labels.py
[2024-09-12T15:31:21.346+0000] {processor.py:914} INFO - Processing file /home/airflow/.local/lib/python3.12/site-packages/airflow/example_dags/example_branch_labels.py for tasks to queue
[2024-09-12T15:31:21.348+0000] {logging_mixin.py:190} INFO - [2024-09-12T15:31:21.348+0000] {dagbag.py:587} INFO - Filling up the DagBag from /home/airflow/.local/lib/python3.12/site-packages/airflow/example_dags/example_branch_labels.py
[2024-09-12T15:31:21.356+0000] {processor.py:925} INFO - DAG(s) 'example_branch_labels' retrieved from /home/airflow/.local/lib/python3.12/site-packages/airflow/example_dags/example_branch_labels.py
[2024-09-12T15:31:21.378+0000] {logging_mixin.py:190} INFO - [2024-09-12T15:31:21.378+0000] {dag.py:3229} INFO - Sync 1 DAGs
[2024-09-12T15:31:21.394+0000] {logging_mixin.py:190} INFO - [2024-09-12T15:31:21.394+0000] {dag.py:4156} INFO - Setting next_dagrun for example_branch_labels to 2024-09-11 00:00:00+00:00, run_after=2024-09-12 00:00:00+00:00
[2024-09-12T15:31:21.405+0000] {processor.py:208} INFO - Processing /home/airflow/.local/lib/python3.12/site-packages/airflow/example_dags/example_branch_labels.py took 0.066 seconds
[2024-09-12T15:31:51.723+0000] {processor.py:186} INFO - Started process (PID=1482) to work on /home/airflow/.local/lib/python3.12/site-packages/airflow/example_dags/example_branch_labels.py
[2024-09-12T15:31:51.724+0000] {processor.py:914} INFO - Processing file /home/airflow/.local/lib/python3.12/site-packages/airflow/example_dags/example_branch_labels.py for tasks to queue
[2024-09-12T15:31:51.727+0000] {logging_mixin.py:190} INFO - [2024-09-12T15:31:51.727+0000] {dagbag.py:587} INFO - Filling up the DagBag from /home/airflow/.local/lib/python3.12/site-packages/airflow/example_dags/example_branch_labels.py
[2024-09-12T15:31:51.735+0000] {processor.py:925} INFO - DAG(s) 'example_branch_labels' retrieved from /home/airflow/.local/lib/python3.12/site-packages/airflow/example_dags/example_branch_labels.py
[2024-09-12T15:31:51.754+0000] {logging_mixin.py:190} INFO - [2024-09-12T15:31:51.753+0000] {dag.py:3229} INFO - Sync 1 DAGs
[2024-09-12T15:31:51.770+0000] {logging_mixin.py:190} INFO - [2024-09-12T15:31:51.769+0000] {dag.py:4156} INFO - Setting next_dagrun for example_branch_labels to 2024-09-11 00:00:00+00:00, run_after=2024-09-12 00:00:00+00:00
[2024-09-12T15:31:51.781+0000] {processor.py:208} INFO - Processing /home/airflow/.local/lib/python3.12/site-packages/airflow/example_dags/example_branch_labels.py took 0.063 seconds
[2024-09-12T15:32:21.977+0000] {processor.py:186} INFO - Started process (PID=1543) to work on /home/airflow/.local/lib/python3.12/site-packages/airflow/example_dags/example_branch_labels.py
[2024-09-12T15:32:21.978+0000] {processor.py:914} INFO - Processing file /home/airflow/.local/lib/python3.12/site-packages/airflow/example_dags/example_branch_labels.py for tasks to queue
[2024-09-12T15:32:21.980+0000] {logging_mixin.py:190} INFO - [2024-09-12T15:32:21.980+0000] {dagbag.py:587} INFO - Filling up the DagBag from /home/airflow/.local/lib/python3.12/site-packages/airflow/example_dags/example_branch_labels.py
[2024-09-12T15:32:21.987+0000] {processor.py:925} INFO - DAG(s) 'example_branch_labels' retrieved from /home/airflow/.local/lib/python3.12/site-packages/airflow/example_dags/example_branch_labels.py
[2024-09-12T15:32:22.004+0000] {logging_mixin.py:190} INFO - [2024-09-12T15:32:22.004+0000] {dag.py:3229} INFO - Sync 1 DAGs
[2024-09-12T15:32:22.018+0000] {logging_mixin.py:190} INFO - [2024-09-12T15:32:22.018+0000] {dag.py:4156} INFO - Setting next_dagrun for example_branch_labels to 2024-09-11 00:00:00+00:00, run_after=2024-09-12 00:00:00+00:00
[2024-09-12T15:32:22.027+0000] {processor.py:208} INFO - Processing /home/airflow/.local/lib/python3.12/site-packages/airflow/example_dags/example_branch_labels.py took 0.054 seconds
[2024-09-12T15:32:52.128+0000] {processor.py:186} INFO - Started process (PID=1604) to work on /home/airflow/.local/lib/python3.12/site-packages/airflow/example_dags/example_branch_labels.py
[2024-09-12T15:32:52.129+0000] {processor.py:914} INFO - Processing file /home/airflow/.local/lib/python3.12/site-packages/airflow/example_dags/example_branch_labels.py for tasks to queue
[2024-09-12T15:32:52.131+0000] {logging_mixin.py:190} INFO - [2024-09-12T15:32:52.131+0000] {dagbag.py:587} INFO - Filling up the DagBag from /home/airflow/.local/lib/python3.12/site-packages/airflow/example_dags/example_branch_labels.py
[2024-09-12T15:32:52.139+0000] {processor.py:925} INFO - DAG(s) 'example_branch_labels' retrieved from /home/airflow/.local/lib/python3.12/site-packages/airflow/example_dags/example_branch_labels.py
[2024-09-12T15:32:52.158+0000] {logging_mixin.py:190} INFO - [2024-09-12T15:32:52.158+0000] {dag.py:3229} INFO - Sync 1 DAGs
[2024-09-12T15:32:52.175+0000] {logging_mixin.py:190} INFO - [2024-09-12T15:32:52.175+0000] {dag.py:4156} INFO - Setting next_dagrun for example_branch_labels to 2024-09-11 00:00:00+00:00, run_after=2024-09-12 00:00:00+00:00
[2024-09-12T15:32:52.186+0000] {processor.py:208} INFO - Processing /home/airflow/.local/lib/python3.12/site-packages/airflow/example_dags/example_branch_labels.py took 0.063 seconds
[2024-09-12T15:33:22.501+0000] {processor.py:186} INFO - Started process (PID=1666) to work on /home/airflow/.local/lib/python3.12/site-packages/airflow/example_dags/example_branch_labels.py
[2024-09-12T15:33:22.503+0000] {processor.py:914} INFO - Processing file /home/airflow/.local/lib/python3.12/site-packages/airflow/example_dags/example_branch_labels.py for tasks to queue
[2024-09-12T15:33:22.505+0000] {logging_mixin.py:190} INFO - [2024-09-12T15:33:22.505+0000] {dagbag.py:587} INFO - Filling up the DagBag from /home/airflow/.local/lib/python3.12/site-packages/airflow/example_dags/example_branch_labels.py
[2024-09-12T15:33:22.513+0000] {processor.py:925} INFO - DAG(s) 'example_branch_labels' retrieved from /home/airflow/.local/lib/python3.12/site-packages/airflow/example_dags/example_branch_labels.py
[2024-09-12T15:33:22.529+0000] {logging_mixin.py:190} INFO - [2024-09-12T15:33:22.529+0000] {dag.py:3229} INFO - Sync 1 DAGs
[2024-09-12T15:33:22.544+0000] {logging_mixin.py:190} INFO - [2024-09-12T15:33:22.544+0000] {dag.py:4156} INFO - Setting next_dagrun for example_branch_labels to 2024-09-11 00:00:00+00:00, run_after=2024-09-12 00:00:00+00:00
[2024-09-12T15:33:22.555+0000] {processor.py:208} INFO - Processing /home/airflow/.local/lib/python3.12/site-packages/airflow/example_dags/example_branch_labels.py took 0.059 seconds
[2024-09-12T15:33:52.846+0000] {processor.py:186} INFO - Started process (PID=1728) to work on /home/airflow/.local/lib/python3.12/site-packages/airflow/example_dags/example_branch_labels.py
[2024-09-12T15:33:52.847+0000] {processor.py:914} INFO - Processing file /home/airflow/.local/lib/python3.12/site-packages/airflow/example_dags/example_branch_labels.py for tasks to queue
[2024-09-12T15:33:52.849+0000] {logging_mixin.py:190} INFO - [2024-09-12T15:33:52.849+0000] {dagbag.py:587} INFO - Filling up the DagBag from /home/airflow/.local/lib/python3.12/site-packages/airflow/example_dags/example_branch_labels.py
[2024-09-12T15:33:52.857+0000] {processor.py:925} INFO - DAG(s) 'example_branch_labels' retrieved from /home/airflow/.local/lib/python3.12/site-packages/airflow/example_dags/example_branch_labels.py
[2024-09-12T15:33:52.879+0000] {logging_mixin.py:190} INFO - [2024-09-12T15:33:52.879+0000] {dag.py:3229} INFO - Sync 1 DAGs
[2024-09-12T15:33:52.896+0000] {logging_mixin.py:190} INFO - [2024-09-12T15:33:52.896+0000] {dag.py:4156} INFO - Setting next_dagrun for example_branch_labels to 2024-09-11 00:00:00+00:00, run_after=2024-09-12 00:00:00+00:00
[2024-09-12T15:33:52.908+0000] {processor.py:208} INFO - Processing /home/airflow/.local/lib/python3.12/site-packages/airflow/example_dags/example_branch_labels.py took 0.067 seconds
