[2024-09-12T15:20:06.433+0000] {processor.py:186} INFO - Started process (PID=38) to work on /home/airflow/.local/lib/python3.12/site-packages/airflow/example_dags/example_trigger_target_dag.py
[2024-09-12T15:20:06.434+0000] {processor.py:914} INFO - Processing file /home/airflow/.local/lib/python3.12/site-packages/airflow/example_dags/example_trigger_target_dag.py for tasks to queue
[2024-09-12T15:20:06.440+0000] {logging_mixin.py:190} INFO - [2024-09-12T15:20:06.440+0000] {dagbag.py:587} INFO - Filling up the DagBag from /home/airflow/.local/lib/python3.12/site-packages/airflow/example_dags/example_trigger_target_dag.py
[2024-09-12T15:20:06.446+0000] {processor.py:925} INFO - DAG(s) 'example_trigger_target_dag' retrieved from /home/airflow/.local/lib/python3.12/site-packages/airflow/example_dags/example_trigger_target_dag.py
[2024-09-12T15:20:06.507+0000] {logging_mixin.py:190} INFO - [2024-09-12T15:20:06.506+0000] {override.py:1900} INFO - Created Permission View: can read on DAG:example_trigger_target_dag
[2024-09-12T15:20:06.511+0000] {logging_mixin.py:190} INFO - [2024-09-12T15:20:06.511+0000] {override.py:1900} INFO - Created Permission View: can delete on DAG:example_trigger_target_dag
[2024-09-12T15:20:06.514+0000] {logging_mixin.py:190} INFO - [2024-09-12T15:20:06.514+0000] {override.py:1900} INFO - Created Permission View: can edit on DAG:example_trigger_target_dag
[2024-09-12T15:20:06.520+0000] {logging_mixin.py:190} INFO - [2024-09-12T15:20:06.520+0000] {override.py:1900} INFO - Created Permission View: can read on DAG Run:example_trigger_target_dag
[2024-09-12T15:20:06.523+0000] {logging_mixin.py:190} INFO - [2024-09-12T15:20:06.523+0000] {override.py:1900} INFO - Created Permission View: can create on DAG Run:example_trigger_target_dag
[2024-09-12T15:20:06.527+0000] {logging_mixin.py:190} INFO - [2024-09-12T15:20:06.526+0000] {override.py:1900} INFO - Created Permission View: menu access on DAG Run:example_trigger_target_dag
[2024-09-12T15:20:06.530+0000] {logging_mixin.py:190} INFO - [2024-09-12T15:20:06.530+0000] {override.py:1900} INFO - Created Permission View: can delete on DAG Run:example_trigger_target_dag
[2024-09-12T15:20:06.530+0000] {logging_mixin.py:190} INFO - [2024-09-12T15:20:06.530+0000] {dag.py:3229} INFO - Sync 1 DAGs
[2024-09-12T15:20:06.538+0000] {logging_mixin.py:190} INFO - [2024-09-12T15:20:06.537+0000] {dag.py:3252} INFO - Creating ORM DAG for example_trigger_target_dag
[2024-09-12T15:20:06.539+0000] {logging_mixin.py:190} INFO - [2024-09-12T15:20:06.538+0000] {dag.py:4156} INFO - Setting next_dagrun for example_trigger_target_dag to None, run_after=None
[2024-09-12T15:20:06.547+0000] {processor.py:208} INFO - Processing /home/airflow/.local/lib/python3.12/site-packages/airflow/example_dags/example_trigger_target_dag.py took 0.118 seconds
[2024-09-12T15:20:37.271+0000] {processor.py:186} INFO - Started process (PID=101) to work on /home/airflow/.local/lib/python3.12/site-packages/airflow/example_dags/example_trigger_target_dag.py
[2024-09-12T15:20:37.273+0000] {processor.py:914} INFO - Processing file /home/airflow/.local/lib/python3.12/site-packages/airflow/example_dags/example_trigger_target_dag.py for tasks to queue
[2024-09-12T15:20:37.275+0000] {logging_mixin.py:190} INFO - [2024-09-12T15:20:37.275+0000] {dagbag.py:587} INFO - Filling up the DagBag from /home/airflow/.local/lib/python3.12/site-packages/airflow/example_dags/example_trigger_target_dag.py
[2024-09-12T15:20:37.283+0000] {processor.py:925} INFO - DAG(s) 'example_trigger_target_dag' retrieved from /home/airflow/.local/lib/python3.12/site-packages/airflow/example_dags/example_trigger_target_dag.py
[2024-09-12T15:20:37.303+0000] {logging_mixin.py:190} INFO - [2024-09-12T15:20:37.303+0000] {dag.py:3229} INFO - Sync 1 DAGs
[2024-09-12T15:20:37.314+0000] {logging_mixin.py:190} INFO - [2024-09-12T15:20:37.313+0000] {dag.py:4156} INFO - Setting next_dagrun for example_trigger_target_dag to None, run_after=None
[2024-09-12T15:20:37.325+0000] {processor.py:208} INFO - Processing /home/airflow/.local/lib/python3.12/site-packages/airflow/example_dags/example_trigger_target_dag.py took 0.058 seconds
[2024-09-12T15:21:07.767+0000] {processor.py:186} INFO - Started process (PID=164) to work on /home/airflow/.local/lib/python3.12/site-packages/airflow/example_dags/example_trigger_target_dag.py
[2024-09-12T15:21:07.768+0000] {processor.py:914} INFO - Processing file /home/airflow/.local/lib/python3.12/site-packages/airflow/example_dags/example_trigger_target_dag.py for tasks to queue
[2024-09-12T15:21:07.771+0000] {logging_mixin.py:190} INFO - [2024-09-12T15:21:07.770+0000] {dagbag.py:587} INFO - Filling up the DagBag from /home/airflow/.local/lib/python3.12/site-packages/airflow/example_dags/example_trigger_target_dag.py
[2024-09-12T15:21:07.779+0000] {processor.py:925} INFO - DAG(s) 'example_trigger_target_dag' retrieved from /home/airflow/.local/lib/python3.12/site-packages/airflow/example_dags/example_trigger_target_dag.py
[2024-09-12T15:21:07.812+0000] {logging_mixin.py:190} INFO - [2024-09-12T15:21:07.811+0000] {dag.py:3229} INFO - Sync 1 DAGs
[2024-09-12T15:21:07.835+0000] {logging_mixin.py:190} INFO - [2024-09-12T15:21:07.835+0000] {dag.py:4156} INFO - Setting next_dagrun for example_trigger_target_dag to None, run_after=None
[2024-09-12T15:21:07.869+0000] {processor.py:208} INFO - Processing /home/airflow/.local/lib/python3.12/site-packages/airflow/example_dags/example_trigger_target_dag.py took 0.106 seconds
[2024-09-12T15:21:38.615+0000] {processor.py:186} INFO - Started process (PID=226) to work on /home/airflow/.local/lib/python3.12/site-packages/airflow/example_dags/example_trigger_target_dag.py
[2024-09-12T15:21:38.617+0000] {processor.py:914} INFO - Processing file /home/airflow/.local/lib/python3.12/site-packages/airflow/example_dags/example_trigger_target_dag.py for tasks to queue
[2024-09-12T15:21:38.619+0000] {logging_mixin.py:190} INFO - [2024-09-12T15:21:38.619+0000] {dagbag.py:587} INFO - Filling up the DagBag from /home/airflow/.local/lib/python3.12/site-packages/airflow/example_dags/example_trigger_target_dag.py
[2024-09-12T15:21:38.625+0000] {processor.py:925} INFO - DAG(s) 'example_trigger_target_dag' retrieved from /home/airflow/.local/lib/python3.12/site-packages/airflow/example_dags/example_trigger_target_dag.py
[2024-09-12T15:21:38.647+0000] {logging_mixin.py:190} INFO - [2024-09-12T15:21:38.647+0000] {dag.py:3229} INFO - Sync 1 DAGs
[2024-09-12T15:21:38.658+0000] {logging_mixin.py:190} INFO - [2024-09-12T15:21:38.658+0000] {dag.py:4156} INFO - Setting next_dagrun for example_trigger_target_dag to None, run_after=None
[2024-09-12T15:21:38.671+0000] {processor.py:208} INFO - Processing /home/airflow/.local/lib/python3.12/site-packages/airflow/example_dags/example_trigger_target_dag.py took 0.061 seconds
[2024-09-12T15:22:09.601+0000] {processor.py:186} INFO - Started process (PID=288) to work on /home/airflow/.local/lib/python3.12/site-packages/airflow/example_dags/example_trigger_target_dag.py
[2024-09-12T15:22:09.603+0000] {processor.py:914} INFO - Processing file /home/airflow/.local/lib/python3.12/site-packages/airflow/example_dags/example_trigger_target_dag.py for tasks to queue
[2024-09-12T15:22:09.605+0000] {logging_mixin.py:190} INFO - [2024-09-12T15:22:09.605+0000] {dagbag.py:587} INFO - Filling up the DagBag from /home/airflow/.local/lib/python3.12/site-packages/airflow/example_dags/example_trigger_target_dag.py
[2024-09-12T15:22:09.612+0000] {processor.py:925} INFO - DAG(s) 'example_trigger_target_dag' retrieved from /home/airflow/.local/lib/python3.12/site-packages/airflow/example_dags/example_trigger_target_dag.py
[2024-09-12T15:22:09.630+0000] {logging_mixin.py:190} INFO - [2024-09-12T15:22:09.630+0000] {dag.py:3229} INFO - Sync 1 DAGs
[2024-09-12T15:22:09.642+0000] {logging_mixin.py:190} INFO - [2024-09-12T15:22:09.642+0000] {dag.py:4156} INFO - Setting next_dagrun for example_trigger_target_dag to None, run_after=None
[2024-09-12T15:22:09.655+0000] {processor.py:208} INFO - Processing /home/airflow/.local/lib/python3.12/site-packages/airflow/example_dags/example_trigger_target_dag.py took 0.058 seconds
[2024-09-12T15:22:40.378+0000] {processor.py:186} INFO - Started process (PID=350) to work on /home/airflow/.local/lib/python3.12/site-packages/airflow/example_dags/example_trigger_target_dag.py
[2024-09-12T15:22:40.380+0000] {processor.py:914} INFO - Processing file /home/airflow/.local/lib/python3.12/site-packages/airflow/example_dags/example_trigger_target_dag.py for tasks to queue
[2024-09-12T15:22:40.382+0000] {logging_mixin.py:190} INFO - [2024-09-12T15:22:40.382+0000] {dagbag.py:587} INFO - Filling up the DagBag from /home/airflow/.local/lib/python3.12/site-packages/airflow/example_dags/example_trigger_target_dag.py
[2024-09-12T15:22:40.389+0000] {processor.py:925} INFO - DAG(s) 'example_trigger_target_dag' retrieved from /home/airflow/.local/lib/python3.12/site-packages/airflow/example_dags/example_trigger_target_dag.py
[2024-09-12T15:22:40.406+0000] {logging_mixin.py:190} INFO - [2024-09-12T15:22:40.406+0000] {dag.py:3229} INFO - Sync 1 DAGs
[2024-09-12T15:22:40.416+0000] {logging_mixin.py:190} INFO - [2024-09-12T15:22:40.416+0000] {dag.py:4156} INFO - Setting next_dagrun for example_trigger_target_dag to None, run_after=None
[2024-09-12T15:22:40.426+0000] {processor.py:208} INFO - Processing /home/airflow/.local/lib/python3.12/site-packages/airflow/example_dags/example_trigger_target_dag.py took 0.052 seconds
[2024-09-12T15:23:11.586+0000] {processor.py:186} INFO - Started process (PID=412) to work on /home/airflow/.local/lib/python3.12/site-packages/airflow/example_dags/example_trigger_target_dag.py
[2024-09-12T15:23:11.588+0000] {processor.py:914} INFO - Processing file /home/airflow/.local/lib/python3.12/site-packages/airflow/example_dags/example_trigger_target_dag.py for tasks to queue
[2024-09-12T15:23:11.590+0000] {logging_mixin.py:190} INFO - [2024-09-12T15:23:11.590+0000] {dagbag.py:587} INFO - Filling up the DagBag from /home/airflow/.local/lib/python3.12/site-packages/airflow/example_dags/example_trigger_target_dag.py
[2024-09-12T15:23:11.597+0000] {processor.py:925} INFO - DAG(s) 'example_trigger_target_dag' retrieved from /home/airflow/.local/lib/python3.12/site-packages/airflow/example_dags/example_trigger_target_dag.py
[2024-09-12T15:23:11.614+0000] {logging_mixin.py:190} INFO - [2024-09-12T15:23:11.614+0000] {dag.py:3229} INFO - Sync 1 DAGs
[2024-09-12T15:23:11.625+0000] {logging_mixin.py:190} INFO - [2024-09-12T15:23:11.625+0000] {dag.py:4156} INFO - Setting next_dagrun for example_trigger_target_dag to None, run_after=None
[2024-09-12T15:23:11.636+0000] {processor.py:208} INFO - Processing /home/airflow/.local/lib/python3.12/site-packages/airflow/example_dags/example_trigger_target_dag.py took 0.054 seconds
[2024-09-12T15:23:41.936+0000] {processor.py:186} INFO - Started process (PID=474) to work on /home/airflow/.local/lib/python3.12/site-packages/airflow/example_dags/example_trigger_target_dag.py
[2024-09-12T15:23:41.938+0000] {processor.py:914} INFO - Processing file /home/airflow/.local/lib/python3.12/site-packages/airflow/example_dags/example_trigger_target_dag.py for tasks to queue
[2024-09-12T15:23:41.940+0000] {logging_mixin.py:190} INFO - [2024-09-12T15:23:41.940+0000] {dagbag.py:587} INFO - Filling up the DagBag from /home/airflow/.local/lib/python3.12/site-packages/airflow/example_dags/example_trigger_target_dag.py
[2024-09-12T15:23:41.946+0000] {processor.py:925} INFO - DAG(s) 'example_trigger_target_dag' retrieved from /home/airflow/.local/lib/python3.12/site-packages/airflow/example_dags/example_trigger_target_dag.py
[2024-09-12T15:23:41.963+0000] {logging_mixin.py:190} INFO - [2024-09-12T15:23:41.963+0000] {dag.py:3229} INFO - Sync 1 DAGs
[2024-09-12T15:23:41.973+0000] {logging_mixin.py:190} INFO - [2024-09-12T15:23:41.973+0000] {dag.py:4156} INFO - Setting next_dagrun for example_trigger_target_dag to None, run_after=None
[2024-09-12T15:23:41.984+0000] {processor.py:208} INFO - Processing /home/airflow/.local/lib/python3.12/site-packages/airflow/example_dags/example_trigger_target_dag.py took 0.053 seconds
[2024-09-12T15:24:12.358+0000] {processor.py:186} INFO - Started process (PID=535) to work on /home/airflow/.local/lib/python3.12/site-packages/airflow/example_dags/example_trigger_target_dag.py
[2024-09-12T15:24:12.360+0000] {processor.py:914} INFO - Processing file /home/airflow/.local/lib/python3.12/site-packages/airflow/example_dags/example_trigger_target_dag.py for tasks to queue
[2024-09-12T15:24:12.363+0000] {logging_mixin.py:190} INFO - [2024-09-12T15:24:12.363+0000] {dagbag.py:587} INFO - Filling up the DagBag from /home/airflow/.local/lib/python3.12/site-packages/airflow/example_dags/example_trigger_target_dag.py
[2024-09-12T15:24:12.373+0000] {processor.py:925} INFO - DAG(s) 'example_trigger_target_dag' retrieved from /home/airflow/.local/lib/python3.12/site-packages/airflow/example_dags/example_trigger_target_dag.py
[2024-09-12T15:24:12.407+0000] {logging_mixin.py:190} INFO - [2024-09-12T15:24:12.407+0000] {dag.py:3229} INFO - Sync 1 DAGs
[2024-09-12T15:24:12.421+0000] {logging_mixin.py:190} INFO - [2024-09-12T15:24:12.420+0000] {dag.py:4156} INFO - Setting next_dagrun for example_trigger_target_dag to None, run_after=None
[2024-09-12T15:24:12.437+0000] {processor.py:208} INFO - Processing /home/airflow/.local/lib/python3.12/site-packages/airflow/example_dags/example_trigger_target_dag.py took 0.086 seconds
[2024-09-12T15:24:43.088+0000] {processor.py:186} INFO - Started process (PID=597) to work on /home/airflow/.local/lib/python3.12/site-packages/airflow/example_dags/example_trigger_target_dag.py
[2024-09-12T15:24:43.090+0000] {processor.py:914} INFO - Processing file /home/airflow/.local/lib/python3.12/site-packages/airflow/example_dags/example_trigger_target_dag.py for tasks to queue
[2024-09-12T15:24:43.093+0000] {logging_mixin.py:190} INFO - [2024-09-12T15:24:43.092+0000] {dagbag.py:587} INFO - Filling up the DagBag from /home/airflow/.local/lib/python3.12/site-packages/airflow/example_dags/example_trigger_target_dag.py
[2024-09-12T15:24:43.099+0000] {processor.py:925} INFO - DAG(s) 'example_trigger_target_dag' retrieved from /home/airflow/.local/lib/python3.12/site-packages/airflow/example_dags/example_trigger_target_dag.py
[2024-09-12T15:24:43.117+0000] {logging_mixin.py:190} INFO - [2024-09-12T15:24:43.117+0000] {dag.py:3229} INFO - Sync 1 DAGs
[2024-09-12T15:24:43.127+0000] {logging_mixin.py:190} INFO - [2024-09-12T15:24:43.126+0000] {dag.py:4156} INFO - Setting next_dagrun for example_trigger_target_dag to None, run_after=None
[2024-09-12T15:24:43.138+0000] {processor.py:208} INFO - Processing /home/airflow/.local/lib/python3.12/site-packages/airflow/example_dags/example_trigger_target_dag.py took 0.055 seconds
[2024-09-12T15:25:13.451+0000] {processor.py:186} INFO - Started process (PID=659) to work on /home/airflow/.local/lib/python3.12/site-packages/airflow/example_dags/example_trigger_target_dag.py
[2024-09-12T15:25:13.453+0000] {processor.py:914} INFO - Processing file /home/airflow/.local/lib/python3.12/site-packages/airflow/example_dags/example_trigger_target_dag.py for tasks to queue
[2024-09-12T15:25:13.455+0000] {logging_mixin.py:190} INFO - [2024-09-12T15:25:13.455+0000] {dagbag.py:587} INFO - Filling up the DagBag from /home/airflow/.local/lib/python3.12/site-packages/airflow/example_dags/example_trigger_target_dag.py
[2024-09-12T15:25:13.463+0000] {processor.py:925} INFO - DAG(s) 'example_trigger_target_dag' retrieved from /home/airflow/.local/lib/python3.12/site-packages/airflow/example_dags/example_trigger_target_dag.py
[2024-09-12T15:25:13.485+0000] {logging_mixin.py:190} INFO - [2024-09-12T15:25:13.484+0000] {dag.py:3229} INFO - Sync 1 DAGs
[2024-09-12T15:25:13.503+0000] {logging_mixin.py:190} INFO - [2024-09-12T15:25:13.503+0000] {dag.py:4156} INFO - Setting next_dagrun for example_trigger_target_dag to None, run_after=None
[2024-09-12T15:25:13.518+0000] {processor.py:208} INFO - Processing /home/airflow/.local/lib/python3.12/site-packages/airflow/example_dags/example_trigger_target_dag.py took 0.071 seconds
[2024-09-12T15:25:43.710+0000] {processor.py:186} INFO - Started process (PID=721) to work on /home/airflow/.local/lib/python3.12/site-packages/airflow/example_dags/example_trigger_target_dag.py
[2024-09-12T15:25:43.712+0000] {processor.py:914} INFO - Processing file /home/airflow/.local/lib/python3.12/site-packages/airflow/example_dags/example_trigger_target_dag.py for tasks to queue
[2024-09-12T15:25:43.714+0000] {logging_mixin.py:190} INFO - [2024-09-12T15:25:43.714+0000] {dagbag.py:587} INFO - Filling up the DagBag from /home/airflow/.local/lib/python3.12/site-packages/airflow/example_dags/example_trigger_target_dag.py
[2024-09-12T15:25:43.721+0000] {processor.py:925} INFO - DAG(s) 'example_trigger_target_dag' retrieved from /home/airflow/.local/lib/python3.12/site-packages/airflow/example_dags/example_trigger_target_dag.py
[2024-09-12T15:25:43.739+0000] {logging_mixin.py:190} INFO - [2024-09-12T15:25:43.739+0000] {dag.py:3229} INFO - Sync 1 DAGs
[2024-09-12T15:25:43.748+0000] {logging_mixin.py:190} INFO - [2024-09-12T15:25:43.748+0000] {dag.py:4156} INFO - Setting next_dagrun for example_trigger_target_dag to None, run_after=None
[2024-09-12T15:25:43.760+0000] {processor.py:208} INFO - Processing /home/airflow/.local/lib/python3.12/site-packages/airflow/example_dags/example_trigger_target_dag.py took 0.054 seconds
[2024-09-12T15:26:14.003+0000] {processor.py:186} INFO - Started process (PID=783) to work on /home/airflow/.local/lib/python3.12/site-packages/airflow/example_dags/example_trigger_target_dag.py
[2024-09-12T15:26:14.004+0000] {processor.py:914} INFO - Processing file /home/airflow/.local/lib/python3.12/site-packages/airflow/example_dags/example_trigger_target_dag.py for tasks to queue
[2024-09-12T15:26:14.007+0000] {logging_mixin.py:190} INFO - [2024-09-12T15:26:14.006+0000] {dagbag.py:587} INFO - Filling up the DagBag from /home/airflow/.local/lib/python3.12/site-packages/airflow/example_dags/example_trigger_target_dag.py
[2024-09-12T15:26:14.013+0000] {processor.py:925} INFO - DAG(s) 'example_trigger_target_dag' retrieved from /home/airflow/.local/lib/python3.12/site-packages/airflow/example_dags/example_trigger_target_dag.py
[2024-09-12T15:26:14.031+0000] {logging_mixin.py:190} INFO - [2024-09-12T15:26:14.030+0000] {dag.py:3229} INFO - Sync 1 DAGs
[2024-09-12T15:26:14.041+0000] {logging_mixin.py:190} INFO - [2024-09-12T15:26:14.041+0000] {dag.py:4156} INFO - Setting next_dagrun for example_trigger_target_dag to None, run_after=None
[2024-09-12T15:26:14.051+0000] {processor.py:208} INFO - Processing /home/airflow/.local/lib/python3.12/site-packages/airflow/example_dags/example_trigger_target_dag.py took 0.053 seconds
[2024-09-12T15:26:45.155+0000] {processor.py:186} INFO - Started process (PID=851) to work on /home/airflow/.local/lib/python3.12/site-packages/airflow/example_dags/example_trigger_target_dag.py
[2024-09-12T15:26:45.156+0000] {processor.py:914} INFO - Processing file /home/airflow/.local/lib/python3.12/site-packages/airflow/example_dags/example_trigger_target_dag.py for tasks to queue
[2024-09-12T15:26:45.162+0000] {logging_mixin.py:190} INFO - [2024-09-12T15:26:45.159+0000] {dagbag.py:587} INFO - Filling up the DagBag from /home/airflow/.local/lib/python3.12/site-packages/airflow/example_dags/example_trigger_target_dag.py
[2024-09-12T15:26:45.169+0000] {processor.py:925} INFO - DAG(s) 'example_trigger_target_dag' retrieved from /home/airflow/.local/lib/python3.12/site-packages/airflow/example_dags/example_trigger_target_dag.py
[2024-09-12T15:26:45.187+0000] {logging_mixin.py:190} INFO - [2024-09-12T15:26:45.186+0000] {dag.py:3229} INFO - Sync 1 DAGs
[2024-09-12T15:26:45.196+0000] {logging_mixin.py:190} INFO - [2024-09-12T15:26:45.196+0000] {dag.py:4156} INFO - Setting next_dagrun for example_trigger_target_dag to None, run_after=None
[2024-09-12T15:26:45.206+0000] {processor.py:208} INFO - Processing /home/airflow/.local/lib/python3.12/site-packages/airflow/example_dags/example_trigger_target_dag.py took 0.056 seconds
[2024-09-12T15:27:15.407+0000] {processor.py:186} INFO - Started process (PID=913) to work on /home/airflow/.local/lib/python3.12/site-packages/airflow/example_dags/example_trigger_target_dag.py
[2024-09-12T15:27:15.409+0000] {processor.py:914} INFO - Processing file /home/airflow/.local/lib/python3.12/site-packages/airflow/example_dags/example_trigger_target_dag.py for tasks to queue
[2024-09-12T15:27:15.412+0000] {logging_mixin.py:190} INFO - [2024-09-12T15:27:15.411+0000] {dagbag.py:587} INFO - Filling up the DagBag from /home/airflow/.local/lib/python3.12/site-packages/airflow/example_dags/example_trigger_target_dag.py
[2024-09-12T15:27:15.419+0000] {processor.py:925} INFO - DAG(s) 'example_trigger_target_dag' retrieved from /home/airflow/.local/lib/python3.12/site-packages/airflow/example_dags/example_trigger_target_dag.py
[2024-09-12T15:27:15.439+0000] {logging_mixin.py:190} INFO - [2024-09-12T15:27:15.439+0000] {dag.py:3229} INFO - Sync 1 DAGs
[2024-09-12T15:27:15.456+0000] {logging_mixin.py:190} INFO - [2024-09-12T15:27:15.456+0000] {dag.py:4156} INFO - Setting next_dagrun for example_trigger_target_dag to None, run_after=None
[2024-09-12T15:27:15.473+0000] {processor.py:208} INFO - Processing /home/airflow/.local/lib/python3.12/site-packages/airflow/example_dags/example_trigger_target_dag.py took 0.071 seconds
[2024-09-12T15:27:45.940+0000] {processor.py:186} INFO - Started process (PID=975) to work on /home/airflow/.local/lib/python3.12/site-packages/airflow/example_dags/example_trigger_target_dag.py
[2024-09-12T15:27:45.942+0000] {processor.py:914} INFO - Processing file /home/airflow/.local/lib/python3.12/site-packages/airflow/example_dags/example_trigger_target_dag.py for tasks to queue
[2024-09-12T15:27:45.944+0000] {logging_mixin.py:190} INFO - [2024-09-12T15:27:45.944+0000] {dagbag.py:587} INFO - Filling up the DagBag from /home/airflow/.local/lib/python3.12/site-packages/airflow/example_dags/example_trigger_target_dag.py
[2024-09-12T15:27:45.955+0000] {processor.py:925} INFO - DAG(s) 'example_trigger_target_dag' retrieved from /home/airflow/.local/lib/python3.12/site-packages/airflow/example_dags/example_trigger_target_dag.py
[2024-09-12T15:27:45.981+0000] {logging_mixin.py:190} INFO - [2024-09-12T15:27:45.980+0000] {dag.py:3229} INFO - Sync 1 DAGs
[2024-09-12T15:27:45.992+0000] {logging_mixin.py:190} INFO - [2024-09-12T15:27:45.992+0000] {dag.py:4156} INFO - Setting next_dagrun for example_trigger_target_dag to None, run_after=None
[2024-09-12T15:27:46.010+0000] {processor.py:208} INFO - Processing /home/airflow/.local/lib/python3.12/site-packages/airflow/example_dags/example_trigger_target_dag.py took 0.077 seconds
[2024-09-12T15:28:16.811+0000] {processor.py:186} INFO - Started process (PID=1037) to work on /home/airflow/.local/lib/python3.12/site-packages/airflow/example_dags/example_trigger_target_dag.py
[2024-09-12T15:28:16.812+0000] {processor.py:914} INFO - Processing file /home/airflow/.local/lib/python3.12/site-packages/airflow/example_dags/example_trigger_target_dag.py for tasks to queue
[2024-09-12T15:28:16.815+0000] {logging_mixin.py:190} INFO - [2024-09-12T15:28:16.814+0000] {dagbag.py:587} INFO - Filling up the DagBag from /home/airflow/.local/lib/python3.12/site-packages/airflow/example_dags/example_trigger_target_dag.py
[2024-09-12T15:28:16.821+0000] {processor.py:925} INFO - DAG(s) 'example_trigger_target_dag' retrieved from /home/airflow/.local/lib/python3.12/site-packages/airflow/example_dags/example_trigger_target_dag.py
[2024-09-12T15:28:16.842+0000] {logging_mixin.py:190} INFO - [2024-09-12T15:28:16.842+0000] {dag.py:3229} INFO - Sync 1 DAGs
[2024-09-12T15:28:16.851+0000] {logging_mixin.py:190} INFO - [2024-09-12T15:28:16.851+0000] {dag.py:4156} INFO - Setting next_dagrun for example_trigger_target_dag to None, run_after=None
[2024-09-12T15:28:16.863+0000] {processor.py:208} INFO - Processing /home/airflow/.local/lib/python3.12/site-packages/airflow/example_dags/example_trigger_target_dag.py took 0.056 seconds
[2024-09-12T15:28:47.396+0000] {processor.py:186} INFO - Started process (PID=1099) to work on /home/airflow/.local/lib/python3.12/site-packages/airflow/example_dags/example_trigger_target_dag.py
[2024-09-12T15:28:47.398+0000] {processor.py:914} INFO - Processing file /home/airflow/.local/lib/python3.12/site-packages/airflow/example_dags/example_trigger_target_dag.py for tasks to queue
[2024-09-12T15:28:47.400+0000] {logging_mixin.py:190} INFO - [2024-09-12T15:28:47.400+0000] {dagbag.py:587} INFO - Filling up the DagBag from /home/airflow/.local/lib/python3.12/site-packages/airflow/example_dags/example_trigger_target_dag.py
[2024-09-12T15:28:47.407+0000] {processor.py:925} INFO - DAG(s) 'example_trigger_target_dag' retrieved from /home/airflow/.local/lib/python3.12/site-packages/airflow/example_dags/example_trigger_target_dag.py
[2024-09-12T15:28:47.424+0000] {logging_mixin.py:190} INFO - [2024-09-12T15:28:47.424+0000] {dag.py:3229} INFO - Sync 1 DAGs
[2024-09-12T15:28:47.433+0000] {logging_mixin.py:190} INFO - [2024-09-12T15:28:47.433+0000] {dag.py:4156} INFO - Setting next_dagrun for example_trigger_target_dag to None, run_after=None
[2024-09-12T15:28:47.445+0000] {processor.py:208} INFO - Processing /home/airflow/.local/lib/python3.12/site-packages/airflow/example_dags/example_trigger_target_dag.py took 0.053 seconds
[2024-09-12T15:29:17.742+0000] {processor.py:186} INFO - Started process (PID=1161) to work on /home/airflow/.local/lib/python3.12/site-packages/airflow/example_dags/example_trigger_target_dag.py
[2024-09-12T15:29:17.744+0000] {processor.py:914} INFO - Processing file /home/airflow/.local/lib/python3.12/site-packages/airflow/example_dags/example_trigger_target_dag.py for tasks to queue
[2024-09-12T15:29:17.747+0000] {logging_mixin.py:190} INFO - [2024-09-12T15:29:17.746+0000] {dagbag.py:587} INFO - Filling up the DagBag from /home/airflow/.local/lib/python3.12/site-packages/airflow/example_dags/example_trigger_target_dag.py
[2024-09-12T15:29:17.754+0000] {processor.py:925} INFO - DAG(s) 'example_trigger_target_dag' retrieved from /home/airflow/.local/lib/python3.12/site-packages/airflow/example_dags/example_trigger_target_dag.py
[2024-09-12T15:29:17.775+0000] {logging_mixin.py:190} INFO - [2024-09-12T15:29:17.775+0000] {dag.py:3229} INFO - Sync 1 DAGs
[2024-09-12T15:29:17.787+0000] {logging_mixin.py:190} INFO - [2024-09-12T15:29:17.787+0000] {dag.py:4156} INFO - Setting next_dagrun for example_trigger_target_dag to None, run_after=None
[2024-09-12T15:29:17.799+0000] {processor.py:208} INFO - Processing /home/airflow/.local/lib/python3.12/site-packages/airflow/example_dags/example_trigger_target_dag.py took 0.062 seconds
[2024-09-12T15:29:48.126+0000] {processor.py:186} INFO - Started process (PID=1223) to work on /home/airflow/.local/lib/python3.12/site-packages/airflow/example_dags/example_trigger_target_dag.py
[2024-09-12T15:29:48.128+0000] {processor.py:914} INFO - Processing file /home/airflow/.local/lib/python3.12/site-packages/airflow/example_dags/example_trigger_target_dag.py for tasks to queue
[2024-09-12T15:29:48.130+0000] {logging_mixin.py:190} INFO - [2024-09-12T15:29:48.130+0000] {dagbag.py:587} INFO - Filling up the DagBag from /home/airflow/.local/lib/python3.12/site-packages/airflow/example_dags/example_trigger_target_dag.py
[2024-09-12T15:29:48.137+0000] {processor.py:925} INFO - DAG(s) 'example_trigger_target_dag' retrieved from /home/airflow/.local/lib/python3.12/site-packages/airflow/example_dags/example_trigger_target_dag.py
[2024-09-12T15:29:48.153+0000] {logging_mixin.py:190} INFO - [2024-09-12T15:29:48.153+0000] {dag.py:3229} INFO - Sync 1 DAGs
[2024-09-12T15:29:48.164+0000] {logging_mixin.py:190} INFO - [2024-09-12T15:29:48.164+0000] {dag.py:4156} INFO - Setting next_dagrun for example_trigger_target_dag to None, run_after=None
[2024-09-12T15:29:48.176+0000] {processor.py:208} INFO - Processing /home/airflow/.local/lib/python3.12/site-packages/airflow/example_dags/example_trigger_target_dag.py took 0.054 seconds
[2024-09-12T15:30:19.319+0000] {processor.py:186} INFO - Started process (PID=1285) to work on /home/airflow/.local/lib/python3.12/site-packages/airflow/example_dags/example_trigger_target_dag.py
[2024-09-12T15:30:19.321+0000] {processor.py:914} INFO - Processing file /home/airflow/.local/lib/python3.12/site-packages/airflow/example_dags/example_trigger_target_dag.py for tasks to queue
[2024-09-12T15:30:19.324+0000] {logging_mixin.py:190} INFO - [2024-09-12T15:30:19.323+0000] {dagbag.py:587} INFO - Filling up the DagBag from /home/airflow/.local/lib/python3.12/site-packages/airflow/example_dags/example_trigger_target_dag.py
[2024-09-12T15:30:19.330+0000] {processor.py:925} INFO - DAG(s) 'example_trigger_target_dag' retrieved from /home/airflow/.local/lib/python3.12/site-packages/airflow/example_dags/example_trigger_target_dag.py
[2024-09-12T15:30:19.348+0000] {logging_mixin.py:190} INFO - [2024-09-12T15:30:19.347+0000] {dag.py:3229} INFO - Sync 1 DAGs
[2024-09-12T15:30:19.357+0000] {logging_mixin.py:190} INFO - [2024-09-12T15:30:19.357+0000] {dag.py:4156} INFO - Setting next_dagrun for example_trigger_target_dag to None, run_after=None
[2024-09-12T15:30:19.367+0000] {processor.py:208} INFO - Processing /home/airflow/.local/lib/python3.12/site-packages/airflow/example_dags/example_trigger_target_dag.py took 0.052 seconds
[2024-09-12T15:30:50.529+0000] {processor.py:186} INFO - Started process (PID=1347) to work on /home/airflow/.local/lib/python3.12/site-packages/airflow/example_dags/example_trigger_target_dag.py
[2024-09-12T15:30:50.531+0000] {processor.py:914} INFO - Processing file /home/airflow/.local/lib/python3.12/site-packages/airflow/example_dags/example_trigger_target_dag.py for tasks to queue
[2024-09-12T15:30:50.533+0000] {logging_mixin.py:190} INFO - [2024-09-12T15:30:50.533+0000] {dagbag.py:587} INFO - Filling up the DagBag from /home/airflow/.local/lib/python3.12/site-packages/airflow/example_dags/example_trigger_target_dag.py
[2024-09-12T15:30:50.539+0000] {processor.py:925} INFO - DAG(s) 'example_trigger_target_dag' retrieved from /home/airflow/.local/lib/python3.12/site-packages/airflow/example_dags/example_trigger_target_dag.py
[2024-09-12T15:30:50.558+0000] {logging_mixin.py:190} INFO - [2024-09-12T15:30:50.558+0000] {dag.py:3229} INFO - Sync 1 DAGs
[2024-09-12T15:30:50.568+0000] {logging_mixin.py:190} INFO - [2024-09-12T15:30:50.568+0000] {dag.py:4156} INFO - Setting next_dagrun for example_trigger_target_dag to None, run_after=None
[2024-09-12T15:30:50.579+0000] {processor.py:208} INFO - Processing /home/airflow/.local/lib/python3.12/site-packages/airflow/example_dags/example_trigger_target_dag.py took 0.055 seconds
[2024-09-12T15:31:20.886+0000] {processor.py:186} INFO - Started process (PID=1409) to work on /home/airflow/.local/lib/python3.12/site-packages/airflow/example_dags/example_trigger_target_dag.py
[2024-09-12T15:31:20.887+0000] {processor.py:914} INFO - Processing file /home/airflow/.local/lib/python3.12/site-packages/airflow/example_dags/example_trigger_target_dag.py for tasks to queue
[2024-09-12T15:31:20.890+0000] {logging_mixin.py:190} INFO - [2024-09-12T15:31:20.889+0000] {dagbag.py:587} INFO - Filling up the DagBag from /home/airflow/.local/lib/python3.12/site-packages/airflow/example_dags/example_trigger_target_dag.py
[2024-09-12T15:31:20.896+0000] {processor.py:925} INFO - DAG(s) 'example_trigger_target_dag' retrieved from /home/airflow/.local/lib/python3.12/site-packages/airflow/example_dags/example_trigger_target_dag.py
[2024-09-12T15:31:20.912+0000] {logging_mixin.py:190} INFO - [2024-09-12T15:31:20.912+0000] {dag.py:3229} INFO - Sync 1 DAGs
[2024-09-12T15:31:20.921+0000] {logging_mixin.py:190} INFO - [2024-09-12T15:31:20.921+0000] {dag.py:4156} INFO - Setting next_dagrun for example_trigger_target_dag to None, run_after=None
[2024-09-12T15:31:20.932+0000] {processor.py:208} INFO - Processing /home/airflow/.local/lib/python3.12/site-packages/airflow/example_dags/example_trigger_target_dag.py took 0.052 seconds
[2024-09-12T15:31:51.129+0000] {processor.py:186} INFO - Started process (PID=1471) to work on /home/airflow/.local/lib/python3.12/site-packages/airflow/example_dags/example_trigger_target_dag.py
[2024-09-12T15:31:51.130+0000] {processor.py:914} INFO - Processing file /home/airflow/.local/lib/python3.12/site-packages/airflow/example_dags/example_trigger_target_dag.py for tasks to queue
[2024-09-12T15:31:51.133+0000] {logging_mixin.py:190} INFO - [2024-09-12T15:31:51.132+0000] {dagbag.py:587} INFO - Filling up the DagBag from /home/airflow/.local/lib/python3.12/site-packages/airflow/example_dags/example_trigger_target_dag.py
[2024-09-12T15:31:51.139+0000] {processor.py:925} INFO - DAG(s) 'example_trigger_target_dag' retrieved from /home/airflow/.local/lib/python3.12/site-packages/airflow/example_dags/example_trigger_target_dag.py
[2024-09-12T15:31:51.156+0000] {logging_mixin.py:190} INFO - [2024-09-12T15:31:51.156+0000] {dag.py:3229} INFO - Sync 1 DAGs
[2024-09-12T15:31:51.165+0000] {logging_mixin.py:190} INFO - [2024-09-12T15:31:51.165+0000] {dag.py:4156} INFO - Setting next_dagrun for example_trigger_target_dag to None, run_after=None
[2024-09-12T15:31:51.176+0000] {processor.py:208} INFO - Processing /home/airflow/.local/lib/python3.12/site-packages/airflow/example_dags/example_trigger_target_dag.py took 0.052 seconds
[2024-09-12T15:32:21.340+0000] {processor.py:186} INFO - Started process (PID=1532) to work on /home/airflow/.local/lib/python3.12/site-packages/airflow/example_dags/example_trigger_target_dag.py
[2024-09-12T15:32:21.342+0000] {processor.py:914} INFO - Processing file /home/airflow/.local/lib/python3.12/site-packages/airflow/example_dags/example_trigger_target_dag.py for tasks to queue
[2024-09-12T15:32:21.344+0000] {logging_mixin.py:190} INFO - [2024-09-12T15:32:21.344+0000] {dagbag.py:587} INFO - Filling up the DagBag from /home/airflow/.local/lib/python3.12/site-packages/airflow/example_dags/example_trigger_target_dag.py
[2024-09-12T15:32:21.350+0000] {processor.py:925} INFO - DAG(s) 'example_trigger_target_dag' retrieved from /home/airflow/.local/lib/python3.12/site-packages/airflow/example_dags/example_trigger_target_dag.py
[2024-09-12T15:32:21.366+0000] {logging_mixin.py:190} INFO - [2024-09-12T15:32:21.366+0000] {dag.py:3229} INFO - Sync 1 DAGs
[2024-09-12T15:32:21.375+0000] {logging_mixin.py:190} INFO - [2024-09-12T15:32:21.374+0000] {dag.py:4156} INFO - Setting next_dagrun for example_trigger_target_dag to None, run_after=None
[2024-09-12T15:32:21.385+0000] {processor.py:208} INFO - Processing /home/airflow/.local/lib/python3.12/site-packages/airflow/example_dags/example_trigger_target_dag.py took 0.048 seconds
[2024-09-12T15:32:51.660+0000] {processor.py:186} INFO - Started process (PID=1593) to work on /home/airflow/.local/lib/python3.12/site-packages/airflow/example_dags/example_trigger_target_dag.py
[2024-09-12T15:32:51.661+0000] {processor.py:914} INFO - Processing file /home/airflow/.local/lib/python3.12/site-packages/airflow/example_dags/example_trigger_target_dag.py for tasks to queue
[2024-09-12T15:32:51.663+0000] {logging_mixin.py:190} INFO - [2024-09-12T15:32:51.663+0000] {dagbag.py:587} INFO - Filling up the DagBag from /home/airflow/.local/lib/python3.12/site-packages/airflow/example_dags/example_trigger_target_dag.py
[2024-09-12T15:32:51.670+0000] {processor.py:925} INFO - DAG(s) 'example_trigger_target_dag' retrieved from /home/airflow/.local/lib/python3.12/site-packages/airflow/example_dags/example_trigger_target_dag.py
[2024-09-12T15:32:51.687+0000] {logging_mixin.py:190} INFO - [2024-09-12T15:32:51.687+0000] {dag.py:3229} INFO - Sync 1 DAGs
[2024-09-12T15:32:51.697+0000] {logging_mixin.py:190} INFO - [2024-09-12T15:32:51.697+0000] {dag.py:4156} INFO - Setting next_dagrun for example_trigger_target_dag to None, run_after=None
[2024-09-12T15:32:51.707+0000] {processor.py:208} INFO - Processing /home/airflow/.local/lib/python3.12/site-packages/airflow/example_dags/example_trigger_target_dag.py took 0.053 seconds
[2024-09-12T15:33:22.017+0000] {processor.py:186} INFO - Started process (PID=1655) to work on /home/airflow/.local/lib/python3.12/site-packages/airflow/example_dags/example_trigger_target_dag.py
[2024-09-12T15:33:22.018+0000] {processor.py:914} INFO - Processing file /home/airflow/.local/lib/python3.12/site-packages/airflow/example_dags/example_trigger_target_dag.py for tasks to queue
[2024-09-12T15:33:22.020+0000] {logging_mixin.py:190} INFO - [2024-09-12T15:33:22.020+0000] {dagbag.py:587} INFO - Filling up the DagBag from /home/airflow/.local/lib/python3.12/site-packages/airflow/example_dags/example_trigger_target_dag.py
[2024-09-12T15:33:22.027+0000] {processor.py:925} INFO - DAG(s) 'example_trigger_target_dag' retrieved from /home/airflow/.local/lib/python3.12/site-packages/airflow/example_dags/example_trigger_target_dag.py
[2024-09-12T15:33:22.044+0000] {logging_mixin.py:190} INFO - [2024-09-12T15:33:22.044+0000] {dag.py:3229} INFO - Sync 1 DAGs
[2024-09-12T15:33:22.054+0000] {logging_mixin.py:190} INFO - [2024-09-12T15:33:22.054+0000] {dag.py:4156} INFO - Setting next_dagrun for example_trigger_target_dag to None, run_after=None
[2024-09-12T15:33:22.065+0000] {processor.py:208} INFO - Processing /home/airflow/.local/lib/python3.12/site-packages/airflow/example_dags/example_trigger_target_dag.py took 0.053 seconds
[2024-09-12T15:33:52.360+0000] {processor.py:186} INFO - Started process (PID=1717) to work on /home/airflow/.local/lib/python3.12/site-packages/airflow/example_dags/example_trigger_target_dag.py
[2024-09-12T15:33:52.361+0000] {processor.py:914} INFO - Processing file /home/airflow/.local/lib/python3.12/site-packages/airflow/example_dags/example_trigger_target_dag.py for tasks to queue
[2024-09-12T15:33:52.364+0000] {logging_mixin.py:190} INFO - [2024-09-12T15:33:52.363+0000] {dagbag.py:587} INFO - Filling up the DagBag from /home/airflow/.local/lib/python3.12/site-packages/airflow/example_dags/example_trigger_target_dag.py
[2024-09-12T15:33:52.370+0000] {processor.py:925} INFO - DAG(s) 'example_trigger_target_dag' retrieved from /home/airflow/.local/lib/python3.12/site-packages/airflow/example_dags/example_trigger_target_dag.py
[2024-09-12T15:33:52.388+0000] {logging_mixin.py:190} INFO - [2024-09-12T15:33:52.388+0000] {dag.py:3229} INFO - Sync 1 DAGs
[2024-09-12T15:33:52.397+0000] {logging_mixin.py:190} INFO - [2024-09-12T15:33:52.397+0000] {dag.py:4156} INFO - Setting next_dagrun for example_trigger_target_dag to None, run_after=None
[2024-09-12T15:33:52.408+0000] {processor.py:208} INFO - Processing /home/airflow/.local/lib/python3.12/site-packages/airflow/example_dags/example_trigger_target_dag.py took 0.054 seconds
