[2024-09-12T15:20:10.271+0000] {processor.py:186} INFO - Started process (PID=72) to work on /home/airflow/.local/lib/python3.12/site-packages/airflow/example_dags/example_branch_operator_decorator.py
[2024-09-12T15:20:10.273+0000] {processor.py:914} INFO - Processing file /home/airflow/.local/lib/python3.12/site-packages/airflow/example_dags/example_branch_operator_decorator.py for tasks to queue
[2024-09-12T15:20:10.275+0000] {logging_mixin.py:190} INFO - [2024-09-12T15:20:10.275+0000] {dagbag.py:587} INFO - Filling up the DagBag from /home/airflow/.local/lib/python3.12/site-packages/airflow/example_dags/example_branch_operator_decorator.py
[2024-09-12T15:20:10.292+0000] {processor.py:925} INFO - DAG(s) 'example_branch_python_operator_decorator' retrieved from /home/airflow/.local/lib/python3.12/site-packages/airflow/example_dags/example_branch_operator_decorator.py
[2024-09-12T15:20:10.434+0000] {logging_mixin.py:190} INFO - [2024-09-12T15:20:10.433+0000] {override.py:1900} INFO - Created Permission View: can read on DAG:example_branch_python_operator_decorator
[2024-09-12T15:20:10.448+0000] {logging_mixin.py:190} INFO - [2024-09-12T15:20:10.448+0000] {override.py:1900} INFO - Created Permission View: can delete on DAG:example_branch_python_operator_decorator
[2024-09-12T15:20:10.452+0000] {logging_mixin.py:190} INFO - [2024-09-12T15:20:10.452+0000] {override.py:1900} INFO - Created Permission View: can edit on DAG:example_branch_python_operator_decorator
[2024-09-12T15:20:10.457+0000] {logging_mixin.py:190} INFO - [2024-09-12T15:20:10.457+0000] {override.py:1900} INFO - Created Permission View: can read on DAG Run:example_branch_python_operator_decorator
[2024-09-12T15:20:10.461+0000] {logging_mixin.py:190} INFO - [2024-09-12T15:20:10.460+0000] {override.py:1900} INFO - Created Permission View: can create on DAG Run:example_branch_python_operator_decorator
[2024-09-12T15:20:10.464+0000] {logging_mixin.py:190} INFO - [2024-09-12T15:20:10.464+0000] {override.py:1900} INFO - Created Permission View: menu access on DAG Run:example_branch_python_operator_decorator
[2024-09-12T15:20:10.468+0000] {logging_mixin.py:190} INFO - [2024-09-12T15:20:10.468+0000] {override.py:1900} INFO - Created Permission View: can delete on DAG Run:example_branch_python_operator_decorator
[2024-09-12T15:20:10.469+0000] {logging_mixin.py:190} INFO - [2024-09-12T15:20:10.469+0000] {dag.py:3229} INFO - Sync 1 DAGs
[2024-09-12T15:20:10.477+0000] {logging_mixin.py:190} INFO - [2024-09-12T15:20:10.476+0000] {dag.py:3252} INFO - Creating ORM DAG for example_branch_python_operator_decorator
[2024-09-12T15:20:10.484+0000] {logging_mixin.py:190} INFO - [2024-09-12T15:20:10.484+0000] {dag.py:4156} INFO - Setting next_dagrun for example_branch_python_operator_decorator to 2024-09-11 00:00:00+00:00, run_after=2024-09-12 00:00:00+00:00
[2024-09-12T15:20:10.493+0000] {processor.py:208} INFO - Processing /home/airflow/.local/lib/python3.12/site-packages/airflow/example_dags/example_branch_operator_decorator.py took 0.227 seconds
[2024-09-12T15:20:41.273+0000] {processor.py:186} INFO - Started process (PID=135) to work on /home/airflow/.local/lib/python3.12/site-packages/airflow/example_dags/example_branch_operator_decorator.py
[2024-09-12T15:20:41.274+0000] {processor.py:914} INFO - Processing file /home/airflow/.local/lib/python3.12/site-packages/airflow/example_dags/example_branch_operator_decorator.py for tasks to queue
[2024-09-12T15:20:41.276+0000] {logging_mixin.py:190} INFO - [2024-09-12T15:20:41.276+0000] {dagbag.py:587} INFO - Filling up the DagBag from /home/airflow/.local/lib/python3.12/site-packages/airflow/example_dags/example_branch_operator_decorator.py
[2024-09-12T15:20:41.291+0000] {processor.py:925} INFO - DAG(s) 'example_branch_python_operator_decorator' retrieved from /home/airflow/.local/lib/python3.12/site-packages/airflow/example_dags/example_branch_operator_decorator.py
[2024-09-12T15:20:41.318+0000] {logging_mixin.py:190} INFO - [2024-09-12T15:20:41.318+0000] {dag.py:3229} INFO - Sync 1 DAGs
[2024-09-12T15:20:41.337+0000] {logging_mixin.py:190} INFO - [2024-09-12T15:20:41.336+0000] {dag.py:4156} INFO - Setting next_dagrun for example_branch_python_operator_decorator to 2024-09-11 00:00:00+00:00, run_after=2024-09-12 00:00:00+00:00
[2024-09-12T15:20:41.350+0000] {processor.py:208} INFO - Processing /home/airflow/.local/lib/python3.12/site-packages/airflow/example_dags/example_branch_operator_decorator.py took 0.082 seconds
[2024-09-12T15:21:11.803+0000] {processor.py:186} INFO - Started process (PID=198) to work on /home/airflow/.local/lib/python3.12/site-packages/airflow/example_dags/example_branch_operator_decorator.py
[2024-09-12T15:21:11.805+0000] {processor.py:914} INFO - Processing file /home/airflow/.local/lib/python3.12/site-packages/airflow/example_dags/example_branch_operator_decorator.py for tasks to queue
[2024-09-12T15:21:11.807+0000] {logging_mixin.py:190} INFO - [2024-09-12T15:21:11.807+0000] {dagbag.py:587} INFO - Filling up the DagBag from /home/airflow/.local/lib/python3.12/site-packages/airflow/example_dags/example_branch_operator_decorator.py
[2024-09-12T15:21:11.823+0000] {processor.py:925} INFO - DAG(s) 'example_branch_python_operator_decorator' retrieved from /home/airflow/.local/lib/python3.12/site-packages/airflow/example_dags/example_branch_operator_decorator.py
[2024-09-12T15:21:11.848+0000] {logging_mixin.py:190} INFO - [2024-09-12T15:21:11.847+0000] {dag.py:3229} INFO - Sync 1 DAGs
[2024-09-12T15:21:11.875+0000] {logging_mixin.py:190} INFO - [2024-09-12T15:21:11.874+0000] {dag.py:4156} INFO - Setting next_dagrun for example_branch_python_operator_decorator to 2024-09-11 00:00:00+00:00, run_after=2024-09-12 00:00:00+00:00
[2024-09-12T15:21:11.935+0000] {processor.py:208} INFO - Processing /home/airflow/.local/lib/python3.12/site-packages/airflow/example_dags/example_branch_operator_decorator.py took 0.137 seconds
[2024-09-12T15:21:42.786+0000] {processor.py:186} INFO - Started process (PID=260) to work on /home/airflow/.local/lib/python3.12/site-packages/airflow/example_dags/example_branch_operator_decorator.py
[2024-09-12T15:21:42.788+0000] {processor.py:914} INFO - Processing file /home/airflow/.local/lib/python3.12/site-packages/airflow/example_dags/example_branch_operator_decorator.py for tasks to queue
[2024-09-12T15:21:42.792+0000] {logging_mixin.py:190} INFO - [2024-09-12T15:21:42.792+0000] {dagbag.py:587} INFO - Filling up the DagBag from /home/airflow/.local/lib/python3.12/site-packages/airflow/example_dags/example_branch_operator_decorator.py
[2024-09-12T15:21:42.811+0000] {processor.py:925} INFO - DAG(s) 'example_branch_python_operator_decorator' retrieved from /home/airflow/.local/lib/python3.12/site-packages/airflow/example_dags/example_branch_operator_decorator.py
[2024-09-12T15:21:42.847+0000] {logging_mixin.py:190} INFO - [2024-09-12T15:21:42.847+0000] {dag.py:3229} INFO - Sync 1 DAGs
[2024-09-12T15:21:42.875+0000] {logging_mixin.py:190} INFO - [2024-09-12T15:21:42.868+0000] {dag.py:4156} INFO - Setting next_dagrun for example_branch_python_operator_decorator to 2024-09-11 00:00:00+00:00, run_after=2024-09-12 00:00:00+00:00
[2024-09-12T15:21:42.907+0000] {processor.py:208} INFO - Processing /home/airflow/.local/lib/python3.12/site-packages/airflow/example_dags/example_branch_operator_decorator.py took 0.125 seconds
[2024-09-12T15:22:13.694+0000] {processor.py:186} INFO - Started process (PID=322) to work on /home/airflow/.local/lib/python3.12/site-packages/airflow/example_dags/example_branch_operator_decorator.py
[2024-09-12T15:22:13.695+0000] {processor.py:914} INFO - Processing file /home/airflow/.local/lib/python3.12/site-packages/airflow/example_dags/example_branch_operator_decorator.py for tasks to queue
[2024-09-12T15:22:13.699+0000] {logging_mixin.py:190} INFO - [2024-09-12T15:22:13.699+0000] {dagbag.py:587} INFO - Filling up the DagBag from /home/airflow/.local/lib/python3.12/site-packages/airflow/example_dags/example_branch_operator_decorator.py
[2024-09-12T15:22:13.759+0000] {processor.py:925} INFO - DAG(s) 'example_branch_python_operator_decorator' retrieved from /home/airflow/.local/lib/python3.12/site-packages/airflow/example_dags/example_branch_operator_decorator.py
[2024-09-12T15:22:13.795+0000] {logging_mixin.py:190} INFO - [2024-09-12T15:22:13.795+0000] {dag.py:3229} INFO - Sync 1 DAGs
[2024-09-12T15:22:13.816+0000] {logging_mixin.py:190} INFO - [2024-09-12T15:22:13.816+0000] {dag.py:4156} INFO - Setting next_dagrun for example_branch_python_operator_decorator to 2024-09-11 00:00:00+00:00, run_after=2024-09-12 00:00:00+00:00
[2024-09-12T15:22:13.844+0000] {processor.py:208} INFO - Processing /home/airflow/.local/lib/python3.12/site-packages/airflow/example_dags/example_branch_operator_decorator.py took 0.155 seconds
[2024-09-12T15:22:44.070+0000] {processor.py:186} INFO - Started process (PID=384) to work on /home/airflow/.local/lib/python3.12/site-packages/airflow/example_dags/example_branch_operator_decorator.py
[2024-09-12T15:22:44.072+0000] {processor.py:914} INFO - Processing file /home/airflow/.local/lib/python3.12/site-packages/airflow/example_dags/example_branch_operator_decorator.py for tasks to queue
[2024-09-12T15:22:44.074+0000] {logging_mixin.py:190} INFO - [2024-09-12T15:22:44.074+0000] {dagbag.py:587} INFO - Filling up the DagBag from /home/airflow/.local/lib/python3.12/site-packages/airflow/example_dags/example_branch_operator_decorator.py
[2024-09-12T15:22:44.090+0000] {processor.py:925} INFO - DAG(s) 'example_branch_python_operator_decorator' retrieved from /home/airflow/.local/lib/python3.12/site-packages/airflow/example_dags/example_branch_operator_decorator.py
[2024-09-12T15:22:44.120+0000] {logging_mixin.py:190} INFO - [2024-09-12T15:22:44.119+0000] {dag.py:3229} INFO - Sync 1 DAGs
[2024-09-12T15:22:44.146+0000] {logging_mixin.py:190} INFO - [2024-09-12T15:22:44.146+0000] {dag.py:4156} INFO - Setting next_dagrun for example_branch_python_operator_decorator to 2024-09-11 00:00:00+00:00, run_after=2024-09-12 00:00:00+00:00
[2024-09-12T15:22:44.160+0000] {processor.py:208} INFO - Processing /home/airflow/.local/lib/python3.12/site-packages/airflow/example_dags/example_branch_operator_decorator.py took 0.095 seconds
[2024-09-12T15:23:14.234+0000] {processor.py:186} INFO - Started process (PID=446) to work on /home/airflow/.local/lib/python3.12/site-packages/airflow/example_dags/example_branch_operator_decorator.py
[2024-09-12T15:23:14.235+0000] {processor.py:914} INFO - Processing file /home/airflow/.local/lib/python3.12/site-packages/airflow/example_dags/example_branch_operator_decorator.py for tasks to queue
[2024-09-12T15:23:14.239+0000] {logging_mixin.py:190} INFO - [2024-09-12T15:23:14.239+0000] {dagbag.py:587} INFO - Filling up the DagBag from /home/airflow/.local/lib/python3.12/site-packages/airflow/example_dags/example_branch_operator_decorator.py
[2024-09-12T15:23:14.257+0000] {processor.py:925} INFO - DAG(s) 'example_branch_python_operator_decorator' retrieved from /home/airflow/.local/lib/python3.12/site-packages/airflow/example_dags/example_branch_operator_decorator.py
[2024-09-12T15:23:14.280+0000] {logging_mixin.py:190} INFO - [2024-09-12T15:23:14.280+0000] {dag.py:3229} INFO - Sync 1 DAGs
[2024-09-12T15:23:14.295+0000] {logging_mixin.py:190} INFO - [2024-09-12T15:23:14.295+0000] {dag.py:4156} INFO - Setting next_dagrun for example_branch_python_operator_decorator to 2024-09-11 00:00:00+00:00, run_after=2024-09-12 00:00:00+00:00
[2024-09-12T15:23:14.307+0000] {processor.py:208} INFO - Processing /home/airflow/.local/lib/python3.12/site-packages/airflow/example_dags/example_branch_operator_decorator.py took 0.077 seconds
[2024-09-12T15:23:44.580+0000] {processor.py:186} INFO - Started process (PID=513) to work on /home/airflow/.local/lib/python3.12/site-packages/airflow/example_dags/example_branch_operator_decorator.py
[2024-09-12T15:23:44.583+0000] {processor.py:914} INFO - Processing file /home/airflow/.local/lib/python3.12/site-packages/airflow/example_dags/example_branch_operator_decorator.py for tasks to queue
[2024-09-12T15:23:44.593+0000] {logging_mixin.py:190} INFO - [2024-09-12T15:23:44.593+0000] {dagbag.py:587} INFO - Filling up the DagBag from /home/airflow/.local/lib/python3.12/site-packages/airflow/example_dags/example_branch_operator_decorator.py
[2024-09-12T15:23:44.613+0000] {processor.py:925} INFO - DAG(s) 'example_branch_python_operator_decorator' retrieved from /home/airflow/.local/lib/python3.12/site-packages/airflow/example_dags/example_branch_operator_decorator.py
[2024-09-12T15:23:44.635+0000] {logging_mixin.py:190} INFO - [2024-09-12T15:23:44.635+0000] {dag.py:3229} INFO - Sync 1 DAGs
[2024-09-12T15:23:44.652+0000] {logging_mixin.py:190} INFO - [2024-09-12T15:23:44.652+0000] {dag.py:4156} INFO - Setting next_dagrun for example_branch_python_operator_decorator to 2024-09-11 00:00:00+00:00, run_after=2024-09-12 00:00:00+00:00
[2024-09-12T15:23:44.662+0000] {processor.py:208} INFO - Processing /home/airflow/.local/lib/python3.12/site-packages/airflow/example_dags/example_branch_operator_decorator.py took 0.090 seconds
[2024-09-12T15:24:15.576+0000] {processor.py:186} INFO - Started process (PID=575) to work on /home/airflow/.local/lib/python3.12/site-packages/airflow/example_dags/example_branch_operator_decorator.py
[2024-09-12T15:24:15.578+0000] {processor.py:914} INFO - Processing file /home/airflow/.local/lib/python3.12/site-packages/airflow/example_dags/example_branch_operator_decorator.py for tasks to queue
[2024-09-12T15:24:15.580+0000] {logging_mixin.py:190} INFO - [2024-09-12T15:24:15.580+0000] {dagbag.py:587} INFO - Filling up the DagBag from /home/airflow/.local/lib/python3.12/site-packages/airflow/example_dags/example_branch_operator_decorator.py
[2024-09-12T15:24:15.595+0000] {processor.py:925} INFO - DAG(s) 'example_branch_python_operator_decorator' retrieved from /home/airflow/.local/lib/python3.12/site-packages/airflow/example_dags/example_branch_operator_decorator.py
[2024-09-12T15:24:15.617+0000] {logging_mixin.py:190} INFO - [2024-09-12T15:24:15.616+0000] {dag.py:3229} INFO - Sync 1 DAGs
[2024-09-12T15:24:15.634+0000] {logging_mixin.py:190} INFO - [2024-09-12T15:24:15.634+0000] {dag.py:4156} INFO - Setting next_dagrun for example_branch_python_operator_decorator to 2024-09-11 00:00:00+00:00, run_after=2024-09-12 00:00:00+00:00
[2024-09-12T15:24:15.645+0000] {processor.py:208} INFO - Processing /home/airflow/.local/lib/python3.12/site-packages/airflow/example_dags/example_branch_operator_decorator.py took 0.073 seconds
[2024-09-12T15:24:45.830+0000] {processor.py:186} INFO - Started process (PID=637) to work on /home/airflow/.local/lib/python3.12/site-packages/airflow/example_dags/example_branch_operator_decorator.py
[2024-09-12T15:24:45.831+0000] {processor.py:914} INFO - Processing file /home/airflow/.local/lib/python3.12/site-packages/airflow/example_dags/example_branch_operator_decorator.py for tasks to queue
[2024-09-12T15:24:45.833+0000] {logging_mixin.py:190} INFO - [2024-09-12T15:24:45.833+0000] {dagbag.py:587} INFO - Filling up the DagBag from /home/airflow/.local/lib/python3.12/site-packages/airflow/example_dags/example_branch_operator_decorator.py
[2024-09-12T15:24:45.847+0000] {processor.py:925} INFO - DAG(s) 'example_branch_python_operator_decorator' retrieved from /home/airflow/.local/lib/python3.12/site-packages/airflow/example_dags/example_branch_operator_decorator.py
[2024-09-12T15:24:45.868+0000] {logging_mixin.py:190} INFO - [2024-09-12T15:24:45.868+0000] {dag.py:3229} INFO - Sync 1 DAGs
[2024-09-12T15:24:45.884+0000] {logging_mixin.py:190} INFO - [2024-09-12T15:24:45.884+0000] {dag.py:4156} INFO - Setting next_dagrun for example_branch_python_operator_decorator to 2024-09-11 00:00:00+00:00, run_after=2024-09-12 00:00:00+00:00
[2024-09-12T15:24:45.898+0000] {processor.py:208} INFO - Processing /home/airflow/.local/lib/python3.12/site-packages/airflow/example_dags/example_branch_operator_decorator.py took 0.073 seconds
[2024-09-12T15:25:16.178+0000] {processor.py:186} INFO - Started process (PID=699) to work on /home/airflow/.local/lib/python3.12/site-packages/airflow/example_dags/example_branch_operator_decorator.py
[2024-09-12T15:25:16.179+0000] {processor.py:914} INFO - Processing file /home/airflow/.local/lib/python3.12/site-packages/airflow/example_dags/example_branch_operator_decorator.py for tasks to queue
[2024-09-12T15:25:16.182+0000] {logging_mixin.py:190} INFO - [2024-09-12T15:25:16.182+0000] {dagbag.py:587} INFO - Filling up the DagBag from /home/airflow/.local/lib/python3.12/site-packages/airflow/example_dags/example_branch_operator_decorator.py
[2024-09-12T15:25:16.195+0000] {processor.py:925} INFO - DAG(s) 'example_branch_python_operator_decorator' retrieved from /home/airflow/.local/lib/python3.12/site-packages/airflow/example_dags/example_branch_operator_decorator.py
[2024-09-12T15:25:16.216+0000] {logging_mixin.py:190} INFO - [2024-09-12T15:25:16.216+0000] {dag.py:3229} INFO - Sync 1 DAGs
[2024-09-12T15:25:16.230+0000] {logging_mixin.py:190} INFO - [2024-09-12T15:25:16.230+0000] {dag.py:4156} INFO - Setting next_dagrun for example_branch_python_operator_decorator to 2024-09-11 00:00:00+00:00, run_after=2024-09-12 00:00:00+00:00
[2024-09-12T15:25:16.242+0000] {processor.py:208} INFO - Processing /home/airflow/.local/lib/python3.12/site-packages/airflow/example_dags/example_branch_operator_decorator.py took 0.068 seconds
[2024-09-12T15:25:46.318+0000] {processor.py:186} INFO - Started process (PID=761) to work on /home/airflow/.local/lib/python3.12/site-packages/airflow/example_dags/example_branch_operator_decorator.py
[2024-09-12T15:25:46.319+0000] {processor.py:914} INFO - Processing file /home/airflow/.local/lib/python3.12/site-packages/airflow/example_dags/example_branch_operator_decorator.py for tasks to queue
[2024-09-12T15:25:46.321+0000] {logging_mixin.py:190} INFO - [2024-09-12T15:25:46.321+0000] {dagbag.py:587} INFO - Filling up the DagBag from /home/airflow/.local/lib/python3.12/site-packages/airflow/example_dags/example_branch_operator_decorator.py
[2024-09-12T15:25:46.334+0000] {processor.py:925} INFO - DAG(s) 'example_branch_python_operator_decorator' retrieved from /home/airflow/.local/lib/python3.12/site-packages/airflow/example_dags/example_branch_operator_decorator.py
[2024-09-12T15:25:46.355+0000] {logging_mixin.py:190} INFO - [2024-09-12T15:25:46.354+0000] {dag.py:3229} INFO - Sync 1 DAGs
[2024-09-12T15:25:46.370+0000] {logging_mixin.py:190} INFO - [2024-09-12T15:25:46.370+0000] {dag.py:4156} INFO - Setting next_dagrun for example_branch_python_operator_decorator to 2024-09-11 00:00:00+00:00, run_after=2024-09-12 00:00:00+00:00
[2024-09-12T15:25:46.380+0000] {processor.py:208} INFO - Processing /home/airflow/.local/lib/python3.12/site-packages/airflow/example_dags/example_branch_operator_decorator.py took 0.067 seconds
[2024-09-12T15:26:16.631+0000] {processor.py:186} INFO - Started process (PID=823) to work on /home/airflow/.local/lib/python3.12/site-packages/airflow/example_dags/example_branch_operator_decorator.py
[2024-09-12T15:26:16.633+0000] {processor.py:914} INFO - Processing file /home/airflow/.local/lib/python3.12/site-packages/airflow/example_dags/example_branch_operator_decorator.py for tasks to queue
[2024-09-12T15:26:16.635+0000] {logging_mixin.py:190} INFO - [2024-09-12T15:26:16.635+0000] {dagbag.py:587} INFO - Filling up the DagBag from /home/airflow/.local/lib/python3.12/site-packages/airflow/example_dags/example_branch_operator_decorator.py
[2024-09-12T15:26:16.648+0000] {processor.py:925} INFO - DAG(s) 'example_branch_python_operator_decorator' retrieved from /home/airflow/.local/lib/python3.12/site-packages/airflow/example_dags/example_branch_operator_decorator.py
[2024-09-12T15:26:16.669+0000] {logging_mixin.py:190} INFO - [2024-09-12T15:26:16.669+0000] {dag.py:3229} INFO - Sync 1 DAGs
[2024-09-12T15:26:16.684+0000] {logging_mixin.py:190} INFO - [2024-09-12T15:26:16.684+0000] {dag.py:4156} INFO - Setting next_dagrun for example_branch_python_operator_decorator to 2024-09-11 00:00:00+00:00, run_after=2024-09-12 00:00:00+00:00
[2024-09-12T15:26:16.696+0000] {processor.py:208} INFO - Processing /home/airflow/.local/lib/python3.12/site-packages/airflow/example_dags/example_branch_operator_decorator.py took 0.069 seconds
[2024-09-12T15:26:46.854+0000] {processor.py:186} INFO - Started process (PID=885) to work on /home/airflow/.local/lib/python3.12/site-packages/airflow/example_dags/example_branch_operator_decorator.py
[2024-09-12T15:26:46.856+0000] {processor.py:914} INFO - Processing file /home/airflow/.local/lib/python3.12/site-packages/airflow/example_dags/example_branch_operator_decorator.py for tasks to queue
[2024-09-12T15:26:46.858+0000] {logging_mixin.py:190} INFO - [2024-09-12T15:26:46.858+0000] {dagbag.py:587} INFO - Filling up the DagBag from /home/airflow/.local/lib/python3.12/site-packages/airflow/example_dags/example_branch_operator_decorator.py
[2024-09-12T15:26:46.872+0000] {processor.py:925} INFO - DAG(s) 'example_branch_python_operator_decorator' retrieved from /home/airflow/.local/lib/python3.12/site-packages/airflow/example_dags/example_branch_operator_decorator.py
[2024-09-12T15:26:46.892+0000] {logging_mixin.py:190} INFO - [2024-09-12T15:26:46.892+0000] {dag.py:3229} INFO - Sync 1 DAGs
[2024-09-12T15:26:46.907+0000] {logging_mixin.py:190} INFO - [2024-09-12T15:26:46.907+0000] {dag.py:4156} INFO - Setting next_dagrun for example_branch_python_operator_decorator to 2024-09-11 00:00:00+00:00, run_after=2024-09-12 00:00:00+00:00
[2024-09-12T15:26:46.919+0000] {processor.py:208} INFO - Processing /home/airflow/.local/lib/python3.12/site-packages/airflow/example_dags/example_branch_operator_decorator.py took 0.069 seconds
[2024-09-12T15:27:16.954+0000] {processor.py:186} INFO - Started process (PID=946) to work on /home/airflow/.local/lib/python3.12/site-packages/airflow/example_dags/example_branch_operator_decorator.py
[2024-09-12T15:27:16.955+0000] {processor.py:914} INFO - Processing file /home/airflow/.local/lib/python3.12/site-packages/airflow/example_dags/example_branch_operator_decorator.py for tasks to queue
[2024-09-12T15:27:16.958+0000] {logging_mixin.py:190} INFO - [2024-09-12T15:27:16.957+0000] {dagbag.py:587} INFO - Filling up the DagBag from /home/airflow/.local/lib/python3.12/site-packages/airflow/example_dags/example_branch_operator_decorator.py
[2024-09-12T15:27:16.971+0000] {processor.py:925} INFO - DAG(s) 'example_branch_python_operator_decorator' retrieved from /home/airflow/.local/lib/python3.12/site-packages/airflow/example_dags/example_branch_operator_decorator.py
[2024-09-12T15:27:16.992+0000] {logging_mixin.py:190} INFO - [2024-09-12T15:27:16.992+0000] {dag.py:3229} INFO - Sync 1 DAGs
[2024-09-12T15:27:17.008+0000] {logging_mixin.py:190} INFO - [2024-09-12T15:27:17.008+0000] {dag.py:4156} INFO - Setting next_dagrun for example_branch_python_operator_decorator to 2024-09-11 00:00:00+00:00, run_after=2024-09-12 00:00:00+00:00
[2024-09-12T15:27:17.018+0000] {processor.py:208} INFO - Processing /home/airflow/.local/lib/python3.12/site-packages/airflow/example_dags/example_branch_operator_decorator.py took 0.068 seconds
[2024-09-12T15:27:48.024+0000] {processor.py:186} INFO - Started process (PID=1009) to work on /home/airflow/.local/lib/python3.12/site-packages/airflow/example_dags/example_branch_operator_decorator.py
[2024-09-12T15:27:48.026+0000] {processor.py:914} INFO - Processing file /home/airflow/.local/lib/python3.12/site-packages/airflow/example_dags/example_branch_operator_decorator.py for tasks to queue
[2024-09-12T15:27:48.029+0000] {logging_mixin.py:190} INFO - [2024-09-12T15:27:48.028+0000] {dagbag.py:587} INFO - Filling up the DagBag from /home/airflow/.local/lib/python3.12/site-packages/airflow/example_dags/example_branch_operator_decorator.py
[2024-09-12T15:27:48.043+0000] {processor.py:925} INFO - DAG(s) 'example_branch_python_operator_decorator' retrieved from /home/airflow/.local/lib/python3.12/site-packages/airflow/example_dags/example_branch_operator_decorator.py
[2024-09-12T15:27:48.064+0000] {logging_mixin.py:190} INFO - [2024-09-12T15:27:48.064+0000] {dag.py:3229} INFO - Sync 1 DAGs
[2024-09-12T15:27:48.080+0000] {logging_mixin.py:190} INFO - [2024-09-12T15:27:48.080+0000] {dag.py:4156} INFO - Setting next_dagrun for example_branch_python_operator_decorator to 2024-09-11 00:00:00+00:00, run_after=2024-09-12 00:00:00+00:00
[2024-09-12T15:27:48.092+0000] {processor.py:208} INFO - Processing /home/airflow/.local/lib/python3.12/site-packages/airflow/example_dags/example_branch_operator_decorator.py took 0.072 seconds
[2024-09-12T15:28:18.757+0000] {processor.py:186} INFO - Started process (PID=1071) to work on /home/airflow/.local/lib/python3.12/site-packages/airflow/example_dags/example_branch_operator_decorator.py
[2024-09-12T15:28:18.759+0000] {processor.py:914} INFO - Processing file /home/airflow/.local/lib/python3.12/site-packages/airflow/example_dags/example_branch_operator_decorator.py for tasks to queue
[2024-09-12T15:28:18.761+0000] {logging_mixin.py:190} INFO - [2024-09-12T15:28:18.761+0000] {dagbag.py:587} INFO - Filling up the DagBag from /home/airflow/.local/lib/python3.12/site-packages/airflow/example_dags/example_branch_operator_decorator.py
[2024-09-12T15:28:18.778+0000] {processor.py:925} INFO - DAG(s) 'example_branch_python_operator_decorator' retrieved from /home/airflow/.local/lib/python3.12/site-packages/airflow/example_dags/example_branch_operator_decorator.py
[2024-09-12T15:28:18.799+0000] {logging_mixin.py:190} INFO - [2024-09-12T15:28:18.799+0000] {dag.py:3229} INFO - Sync 1 DAGs
[2024-09-12T15:28:18.816+0000] {logging_mixin.py:190} INFO - [2024-09-12T15:28:18.816+0000] {dag.py:4156} INFO - Setting next_dagrun for example_branch_python_operator_decorator to 2024-09-11 00:00:00+00:00, run_after=2024-09-12 00:00:00+00:00
[2024-09-12T15:28:18.828+0000] {processor.py:208} INFO - Processing /home/airflow/.local/lib/python3.12/site-packages/airflow/example_dags/example_branch_operator_decorator.py took 0.076 seconds
[2024-09-12T15:28:49.129+0000] {processor.py:186} INFO - Started process (PID=1133) to work on /home/airflow/.local/lib/python3.12/site-packages/airflow/example_dags/example_branch_operator_decorator.py
[2024-09-12T15:28:49.131+0000] {processor.py:914} INFO - Processing file /home/airflow/.local/lib/python3.12/site-packages/airflow/example_dags/example_branch_operator_decorator.py for tasks to queue
[2024-09-12T15:28:49.133+0000] {logging_mixin.py:190} INFO - [2024-09-12T15:28:49.132+0000] {dagbag.py:587} INFO - Filling up the DagBag from /home/airflow/.local/lib/python3.12/site-packages/airflow/example_dags/example_branch_operator_decorator.py
[2024-09-12T15:28:49.147+0000] {processor.py:925} INFO - DAG(s) 'example_branch_python_operator_decorator' retrieved from /home/airflow/.local/lib/python3.12/site-packages/airflow/example_dags/example_branch_operator_decorator.py
[2024-09-12T15:28:49.170+0000] {logging_mixin.py:190} INFO - [2024-09-12T15:28:49.170+0000] {dag.py:3229} INFO - Sync 1 DAGs
[2024-09-12T15:28:49.186+0000] {logging_mixin.py:190} INFO - [2024-09-12T15:28:49.186+0000] {dag.py:4156} INFO - Setting next_dagrun for example_branch_python_operator_decorator to 2024-09-11 00:00:00+00:00, run_after=2024-09-12 00:00:00+00:00
[2024-09-12T15:28:49.197+0000] {processor.py:208} INFO - Processing /home/airflow/.local/lib/python3.12/site-packages/airflow/example_dags/example_branch_operator_decorator.py took 0.072 seconds
[2024-09-12T15:29:19.523+0000] {processor.py:186} INFO - Started process (PID=1195) to work on /home/airflow/.local/lib/python3.12/site-packages/airflow/example_dags/example_branch_operator_decorator.py
[2024-09-12T15:29:19.525+0000] {processor.py:914} INFO - Processing file /home/airflow/.local/lib/python3.12/site-packages/airflow/example_dags/example_branch_operator_decorator.py for tasks to queue
[2024-09-12T15:29:19.527+0000] {logging_mixin.py:190} INFO - [2024-09-12T15:29:19.527+0000] {dagbag.py:587} INFO - Filling up the DagBag from /home/airflow/.local/lib/python3.12/site-packages/airflow/example_dags/example_branch_operator_decorator.py
[2024-09-12T15:29:19.543+0000] {processor.py:925} INFO - DAG(s) 'example_branch_python_operator_decorator' retrieved from /home/airflow/.local/lib/python3.12/site-packages/airflow/example_dags/example_branch_operator_decorator.py
[2024-09-12T15:29:19.569+0000] {logging_mixin.py:190} INFO - [2024-09-12T15:29:19.569+0000] {dag.py:3229} INFO - Sync 1 DAGs
[2024-09-12T15:29:19.588+0000] {logging_mixin.py:190} INFO - [2024-09-12T15:29:19.588+0000] {dag.py:4156} INFO - Setting next_dagrun for example_branch_python_operator_decorator to 2024-09-11 00:00:00+00:00, run_after=2024-09-12 00:00:00+00:00
[2024-09-12T15:29:19.602+0000] {processor.py:208} INFO - Processing /home/airflow/.local/lib/python3.12/site-packages/airflow/example_dags/example_branch_operator_decorator.py took 0.084 seconds
[2024-09-12T15:29:49.723+0000] {processor.py:186} INFO - Started process (PID=1257) to work on /home/airflow/.local/lib/python3.12/site-packages/airflow/example_dags/example_branch_operator_decorator.py
[2024-09-12T15:29:49.724+0000] {processor.py:914} INFO - Processing file /home/airflow/.local/lib/python3.12/site-packages/airflow/example_dags/example_branch_operator_decorator.py for tasks to queue
[2024-09-12T15:29:49.726+0000] {logging_mixin.py:190} INFO - [2024-09-12T15:29:49.726+0000] {dagbag.py:587} INFO - Filling up the DagBag from /home/airflow/.local/lib/python3.12/site-packages/airflow/example_dags/example_branch_operator_decorator.py
[2024-09-12T15:29:49.740+0000] {processor.py:925} INFO - DAG(s) 'example_branch_python_operator_decorator' retrieved from /home/airflow/.local/lib/python3.12/site-packages/airflow/example_dags/example_branch_operator_decorator.py
[2024-09-12T15:29:49.760+0000] {logging_mixin.py:190} INFO - [2024-09-12T15:29:49.759+0000] {dag.py:3229} INFO - Sync 1 DAGs
[2024-09-12T15:29:49.774+0000] {logging_mixin.py:190} INFO - [2024-09-12T15:29:49.774+0000] {dag.py:4156} INFO - Setting next_dagrun for example_branch_python_operator_decorator to 2024-09-11 00:00:00+00:00, run_after=2024-09-12 00:00:00+00:00
[2024-09-12T15:29:49.786+0000] {processor.py:208} INFO - Processing /home/airflow/.local/lib/python3.12/site-packages/airflow/example_dags/example_branch_operator_decorator.py took 0.068 seconds
[2024-09-12T15:30:20.850+0000] {processor.py:186} INFO - Started process (PID=1319) to work on /home/airflow/.local/lib/python3.12/site-packages/airflow/example_dags/example_branch_operator_decorator.py
[2024-09-12T15:30:20.851+0000] {processor.py:914} INFO - Processing file /home/airflow/.local/lib/python3.12/site-packages/airflow/example_dags/example_branch_operator_decorator.py for tasks to queue
[2024-09-12T15:30:20.853+0000] {logging_mixin.py:190} INFO - [2024-09-12T15:30:20.853+0000] {dagbag.py:587} INFO - Filling up the DagBag from /home/airflow/.local/lib/python3.12/site-packages/airflow/example_dags/example_branch_operator_decorator.py
[2024-09-12T15:30:20.867+0000] {processor.py:925} INFO - DAG(s) 'example_branch_python_operator_decorator' retrieved from /home/airflow/.local/lib/python3.12/site-packages/airflow/example_dags/example_branch_operator_decorator.py
[2024-09-12T15:30:20.886+0000] {logging_mixin.py:190} INFO - [2024-09-12T15:30:20.886+0000] {dag.py:3229} INFO - Sync 1 DAGs
[2024-09-12T15:30:20.901+0000] {logging_mixin.py:190} INFO - [2024-09-12T15:30:20.901+0000] {dag.py:4156} INFO - Setting next_dagrun for example_branch_python_operator_decorator to 2024-09-11 00:00:00+00:00, run_after=2024-09-12 00:00:00+00:00
[2024-09-12T15:30:20.912+0000] {processor.py:208} INFO - Processing /home/airflow/.local/lib/python3.12/site-packages/airflow/example_dags/example_branch_operator_decorator.py took 0.066 seconds
[2024-09-12T15:30:52.155+0000] {processor.py:186} INFO - Started process (PID=1381) to work on /home/airflow/.local/lib/python3.12/site-packages/airflow/example_dags/example_branch_operator_decorator.py
[2024-09-12T15:30:52.156+0000] {processor.py:914} INFO - Processing file /home/airflow/.local/lib/python3.12/site-packages/airflow/example_dags/example_branch_operator_decorator.py for tasks to queue
[2024-09-12T15:30:52.159+0000] {logging_mixin.py:190} INFO - [2024-09-12T15:30:52.158+0000] {dagbag.py:587} INFO - Filling up the DagBag from /home/airflow/.local/lib/python3.12/site-packages/airflow/example_dags/example_branch_operator_decorator.py
[2024-09-12T15:30:52.173+0000] {processor.py:925} INFO - DAG(s) 'example_branch_python_operator_decorator' retrieved from /home/airflow/.local/lib/python3.12/site-packages/airflow/example_dags/example_branch_operator_decorator.py
[2024-09-12T15:30:52.195+0000] {logging_mixin.py:190} INFO - [2024-09-12T15:30:52.195+0000] {dag.py:3229} INFO - Sync 1 DAGs
[2024-09-12T15:30:52.210+0000] {logging_mixin.py:190} INFO - [2024-09-12T15:30:52.210+0000] {dag.py:4156} INFO - Setting next_dagrun for example_branch_python_operator_decorator to 2024-09-11 00:00:00+00:00, run_after=2024-09-12 00:00:00+00:00
[2024-09-12T15:30:52.223+0000] {processor.py:208} INFO - Processing /home/airflow/.local/lib/python3.12/site-packages/airflow/example_dags/example_branch_operator_decorator.py took 0.072 seconds
[2024-09-12T15:31:22.522+0000] {processor.py:186} INFO - Started process (PID=1443) to work on /home/airflow/.local/lib/python3.12/site-packages/airflow/example_dags/example_branch_operator_decorator.py
[2024-09-12T15:31:22.523+0000] {processor.py:914} INFO - Processing file /home/airflow/.local/lib/python3.12/site-packages/airflow/example_dags/example_branch_operator_decorator.py for tasks to queue
[2024-09-12T15:31:22.525+0000] {logging_mixin.py:190} INFO - [2024-09-12T15:31:22.525+0000] {dagbag.py:587} INFO - Filling up the DagBag from /home/airflow/.local/lib/python3.12/site-packages/airflow/example_dags/example_branch_operator_decorator.py
[2024-09-12T15:31:22.538+0000] {processor.py:925} INFO - DAG(s) 'example_branch_python_operator_decorator' retrieved from /home/airflow/.local/lib/python3.12/site-packages/airflow/example_dags/example_branch_operator_decorator.py
[2024-09-12T15:31:22.559+0000] {logging_mixin.py:190} INFO - [2024-09-12T15:31:22.559+0000] {dag.py:3229} INFO - Sync 1 DAGs
[2024-09-12T15:31:22.573+0000] {logging_mixin.py:190} INFO - [2024-09-12T15:31:22.573+0000] {dag.py:4156} INFO - Setting next_dagrun for example_branch_python_operator_decorator to 2024-09-11 00:00:00+00:00, run_after=2024-09-12 00:00:00+00:00
[2024-09-12T15:31:22.584+0000] {processor.py:208} INFO - Processing /home/airflow/.local/lib/python3.12/site-packages/airflow/example_dags/example_branch_operator_decorator.py took 0.067 seconds
[2024-09-12T15:31:52.869+0000] {processor.py:186} INFO - Started process (PID=1505) to work on /home/airflow/.local/lib/python3.12/site-packages/airflow/example_dags/example_branch_operator_decorator.py
[2024-09-12T15:31:52.871+0000] {processor.py:914} INFO - Processing file /home/airflow/.local/lib/python3.12/site-packages/airflow/example_dags/example_branch_operator_decorator.py for tasks to queue
[2024-09-12T15:31:52.873+0000] {logging_mixin.py:190} INFO - [2024-09-12T15:31:52.873+0000] {dagbag.py:587} INFO - Filling up the DagBag from /home/airflow/.local/lib/python3.12/site-packages/airflow/example_dags/example_branch_operator_decorator.py
[2024-09-12T15:31:52.887+0000] {processor.py:925} INFO - DAG(s) 'example_branch_python_operator_decorator' retrieved from /home/airflow/.local/lib/python3.12/site-packages/airflow/example_dags/example_branch_operator_decorator.py
[2024-09-12T15:31:52.912+0000] {logging_mixin.py:190} INFO - [2024-09-12T15:31:52.912+0000] {dag.py:3229} INFO - Sync 1 DAGs
[2024-09-12T15:31:52.930+0000] {logging_mixin.py:190} INFO - [2024-09-12T15:31:52.930+0000] {dag.py:4156} INFO - Setting next_dagrun for example_branch_python_operator_decorator to 2024-09-11 00:00:00+00:00, run_after=2024-09-12 00:00:00+00:00
[2024-09-12T15:31:52.941+0000] {processor.py:208} INFO - Processing /home/airflow/.local/lib/python3.12/site-packages/airflow/example_dags/example_branch_operator_decorator.py took 0.077 seconds
[2024-09-12T15:32:23.049+0000] {processor.py:186} INFO - Started process (PID=1566) to work on /home/airflow/.local/lib/python3.12/site-packages/airflow/example_dags/example_branch_operator_decorator.py
[2024-09-12T15:32:23.050+0000] {processor.py:914} INFO - Processing file /home/airflow/.local/lib/python3.12/site-packages/airflow/example_dags/example_branch_operator_decorator.py for tasks to queue
[2024-09-12T15:32:23.052+0000] {logging_mixin.py:190} INFO - [2024-09-12T15:32:23.052+0000] {dagbag.py:587} INFO - Filling up the DagBag from /home/airflow/.local/lib/python3.12/site-packages/airflow/example_dags/example_branch_operator_decorator.py
[2024-09-12T15:32:23.065+0000] {processor.py:925} INFO - DAG(s) 'example_branch_python_operator_decorator' retrieved from /home/airflow/.local/lib/python3.12/site-packages/airflow/example_dags/example_branch_operator_decorator.py
[2024-09-12T15:32:23.086+0000] {logging_mixin.py:190} INFO - [2024-09-12T15:32:23.086+0000] {dag.py:3229} INFO - Sync 1 DAGs
[2024-09-12T15:32:23.101+0000] {logging_mixin.py:190} INFO - [2024-09-12T15:32:23.100+0000] {dag.py:4156} INFO - Setting next_dagrun for example_branch_python_operator_decorator to 2024-09-11 00:00:00+00:00, run_after=2024-09-12 00:00:00+00:00
[2024-09-12T15:32:23.113+0000] {processor.py:208} INFO - Processing /home/airflow/.local/lib/python3.12/site-packages/airflow/example_dags/example_branch_operator_decorator.py took 0.068 seconds
[2024-09-12T15:32:53.514+0000] {processor.py:186} INFO - Started process (PID=1627) to work on /home/airflow/.local/lib/python3.12/site-packages/airflow/example_dags/example_branch_operator_decorator.py
[2024-09-12T15:32:53.515+0000] {processor.py:914} INFO - Processing file /home/airflow/.local/lib/python3.12/site-packages/airflow/example_dags/example_branch_operator_decorator.py for tasks to queue
[2024-09-12T15:32:53.517+0000] {logging_mixin.py:190} INFO - [2024-09-12T15:32:53.517+0000] {dagbag.py:587} INFO - Filling up the DagBag from /home/airflow/.local/lib/python3.12/site-packages/airflow/example_dags/example_branch_operator_decorator.py
[2024-09-12T15:32:53.531+0000] {processor.py:925} INFO - DAG(s) 'example_branch_python_operator_decorator' retrieved from /home/airflow/.local/lib/python3.12/site-packages/airflow/example_dags/example_branch_operator_decorator.py
[2024-09-12T15:32:53.553+0000] {logging_mixin.py:190} INFO - [2024-09-12T15:32:53.553+0000] {dag.py:3229} INFO - Sync 1 DAGs
[2024-09-12T15:32:53.568+0000] {logging_mixin.py:190} INFO - [2024-09-12T15:32:53.568+0000] {dag.py:4156} INFO - Setting next_dagrun for example_branch_python_operator_decorator to 2024-09-11 00:00:00+00:00, run_after=2024-09-12 00:00:00+00:00
[2024-09-12T15:32:53.580+0000] {processor.py:208} INFO - Processing /home/airflow/.local/lib/python3.12/site-packages/airflow/example_dags/example_branch_operator_decorator.py took 0.071 seconds
[2024-09-12T15:33:23.664+0000] {processor.py:186} INFO - Started process (PID=1689) to work on /home/airflow/.local/lib/python3.12/site-packages/airflow/example_dags/example_branch_operator_decorator.py
[2024-09-12T15:33:23.666+0000] {processor.py:914} INFO - Processing file /home/airflow/.local/lib/python3.12/site-packages/airflow/example_dags/example_branch_operator_decorator.py for tasks to queue
[2024-09-12T15:33:23.668+0000] {logging_mixin.py:190} INFO - [2024-09-12T15:33:23.668+0000] {dagbag.py:587} INFO - Filling up the DagBag from /home/airflow/.local/lib/python3.12/site-packages/airflow/example_dags/example_branch_operator_decorator.py
[2024-09-12T15:33:23.682+0000] {processor.py:925} INFO - DAG(s) 'example_branch_python_operator_decorator' retrieved from /home/airflow/.local/lib/python3.12/site-packages/airflow/example_dags/example_branch_operator_decorator.py
[2024-09-12T15:33:23.703+0000] {logging_mixin.py:190} INFO - [2024-09-12T15:33:23.702+0000] {dag.py:3229} INFO - Sync 1 DAGs
[2024-09-12T15:33:23.717+0000] {logging_mixin.py:190} INFO - [2024-09-12T15:33:23.717+0000] {dag.py:4156} INFO - Setting next_dagrun for example_branch_python_operator_decorator to 2024-09-11 00:00:00+00:00, run_after=2024-09-12 00:00:00+00:00
[2024-09-12T15:33:23.729+0000] {processor.py:208} INFO - Processing /home/airflow/.local/lib/python3.12/site-packages/airflow/example_dags/example_branch_operator_decorator.py took 0.070 seconds
[2024-09-12T15:33:54.050+0000] {processor.py:186} INFO - Started process (PID=1750) to work on /home/airflow/.local/lib/python3.12/site-packages/airflow/example_dags/example_branch_operator_decorator.py
[2024-09-12T15:33:54.051+0000] {processor.py:914} INFO - Processing file /home/airflow/.local/lib/python3.12/site-packages/airflow/example_dags/example_branch_operator_decorator.py for tasks to queue
[2024-09-12T15:33:54.055+0000] {logging_mixin.py:190} INFO - [2024-09-12T15:33:54.054+0000] {dagbag.py:587} INFO - Filling up the DagBag from /home/airflow/.local/lib/python3.12/site-packages/airflow/example_dags/example_branch_operator_decorator.py
[2024-09-12T15:33:54.069+0000] {processor.py:925} INFO - DAG(s) 'example_branch_python_operator_decorator' retrieved from /home/airflow/.local/lib/python3.12/site-packages/airflow/example_dags/example_branch_operator_decorator.py
[2024-09-12T15:33:54.088+0000] {logging_mixin.py:190} INFO - [2024-09-12T15:33:54.088+0000] {dag.py:3229} INFO - Sync 1 DAGs
[2024-09-12T15:33:54.102+0000] {logging_mixin.py:190} INFO - [2024-09-12T15:33:54.102+0000] {dag.py:4156} INFO - Setting next_dagrun for example_branch_python_operator_decorator to 2024-09-11 00:00:00+00:00, run_after=2024-09-12 00:00:00+00:00
[2024-09-12T15:33:54.113+0000] {processor.py:208} INFO - Processing /home/airflow/.local/lib/python3.12/site-packages/airflow/example_dags/example_branch_operator_decorator.py took 0.067 seconds
