[2024-09-12T15:20:08.993+0000] {processor.py:186} INFO - Started process (PID=60) to work on /home/airflow/.local/lib/python3.12/site-packages/airflow/example_dags/example_xcom.py
[2024-09-12T15:20:08.994+0000] {processor.py:914} INFO - Processing file /home/airflow/.local/lib/python3.12/site-packages/airflow/example_dags/example_xcom.py for tasks to queue
[2024-09-12T15:20:08.996+0000] {logging_mixin.py:190} INFO - [2024-09-12T15:20:08.996+0000] {dagbag.py:587} INFO - Filling up the DagBag from /home/airflow/.local/lib/python3.12/site-packages/airflow/example_dags/example_xcom.py
[2024-09-12T15:20:09.007+0000] {processor.py:925} INFO - DAG(s) 'example_xcom' retrieved from /home/airflow/.local/lib/python3.12/site-packages/airflow/example_dags/example_xcom.py
[2024-09-12T15:20:09.079+0000] {logging_mixin.py:190} INFO - [2024-09-12T15:20:09.079+0000] {override.py:1900} INFO - Created Permission View: can read on DAG:example_xcom
[2024-09-12T15:20:09.085+0000] {logging_mixin.py:190} INFO - [2024-09-12T15:20:09.085+0000] {override.py:1900} INFO - Created Permission View: can delete on DAG:example_xcom
[2024-09-12T15:20:09.088+0000] {logging_mixin.py:190} INFO - [2024-09-12T15:20:09.088+0000] {override.py:1900} INFO - Created Permission View: can edit on DAG:example_xcom
[2024-09-12T15:20:09.093+0000] {logging_mixin.py:190} INFO - [2024-09-12T15:20:09.093+0000] {override.py:1900} INFO - Created Permission View: can read on DAG Run:example_xcom
[2024-09-12T15:20:09.097+0000] {logging_mixin.py:190} INFO - [2024-09-12T15:20:09.097+0000] {override.py:1900} INFO - Created Permission View: can create on DAG Run:example_xcom
[2024-09-12T15:20:09.101+0000] {logging_mixin.py:190} INFO - [2024-09-12T15:20:09.101+0000] {override.py:1900} INFO - Created Permission View: menu access on DAG Run:example_xcom
[2024-09-12T15:20:09.104+0000] {logging_mixin.py:190} INFO - [2024-09-12T15:20:09.104+0000] {override.py:1900} INFO - Created Permission View: can delete on DAG Run:example_xcom
[2024-09-12T15:20:09.105+0000] {logging_mixin.py:190} INFO - [2024-09-12T15:20:09.105+0000] {dag.py:3229} INFO - Sync 1 DAGs
[2024-09-12T15:20:09.113+0000] {logging_mixin.py:190} INFO - [2024-09-12T15:20:09.113+0000] {dag.py:3252} INFO - Creating ORM DAG for example_xcom
[2024-09-12T15:20:09.121+0000] {logging_mixin.py:190} INFO - [2024-09-12T15:20:09.121+0000] {dag.py:4156} INFO - Setting next_dagrun for example_xcom to 2021-01-01 00:00:00+00:00, run_after=2021-01-01 00:00:00+00:00
[2024-09-12T15:20:09.130+0000] {processor.py:208} INFO - Processing /home/airflow/.local/lib/python3.12/site-packages/airflow/example_dags/example_xcom.py took 0.142 seconds
[2024-09-12T15:20:39.414+0000] {processor.py:186} INFO - Started process (PID=123) to work on /home/airflow/.local/lib/python3.12/site-packages/airflow/example_dags/example_xcom.py
[2024-09-12T15:20:39.416+0000] {processor.py:914} INFO - Processing file /home/airflow/.local/lib/python3.12/site-packages/airflow/example_dags/example_xcom.py for tasks to queue
[2024-09-12T15:20:39.418+0000] {logging_mixin.py:190} INFO - [2024-09-12T15:20:39.418+0000] {dagbag.py:587} INFO - Filling up the DagBag from /home/airflow/.local/lib/python3.12/site-packages/airflow/example_dags/example_xcom.py
[2024-09-12T15:20:39.427+0000] {processor.py:925} INFO - DAG(s) 'example_xcom' retrieved from /home/airflow/.local/lib/python3.12/site-packages/airflow/example_dags/example_xcom.py
[2024-09-12T15:20:39.447+0000] {logging_mixin.py:190} INFO - [2024-09-12T15:20:39.447+0000] {dag.py:3229} INFO - Sync 1 DAGs
[2024-09-12T15:20:39.462+0000] {logging_mixin.py:190} INFO - [2024-09-12T15:20:39.461+0000] {dag.py:4156} INFO - Setting next_dagrun for example_xcom to 2021-01-01 00:00:00+00:00, run_after=2021-01-01 00:00:00+00:00
[2024-09-12T15:20:39.473+0000] {processor.py:208} INFO - Processing /home/airflow/.local/lib/python3.12/site-packages/airflow/example_dags/example_xcom.py took 0.063 seconds
[2024-09-12T15:21:10.063+0000] {processor.py:186} INFO - Started process (PID=186) to work on /home/airflow/.local/lib/python3.12/site-packages/airflow/example_dags/example_xcom.py
[2024-09-12T15:21:10.065+0000] {processor.py:914} INFO - Processing file /home/airflow/.local/lib/python3.12/site-packages/airflow/example_dags/example_xcom.py for tasks to queue
[2024-09-12T15:21:10.068+0000] {logging_mixin.py:190} INFO - [2024-09-12T15:21:10.067+0000] {dagbag.py:587} INFO - Filling up the DagBag from /home/airflow/.local/lib/python3.12/site-packages/airflow/example_dags/example_xcom.py
[2024-09-12T15:21:10.076+0000] {processor.py:925} INFO - DAG(s) 'example_xcom' retrieved from /home/airflow/.local/lib/python3.12/site-packages/airflow/example_dags/example_xcom.py
[2024-09-12T15:21:10.093+0000] {logging_mixin.py:190} INFO - [2024-09-12T15:21:10.093+0000] {dag.py:3229} INFO - Sync 1 DAGs
[2024-09-12T15:21:10.107+0000] {logging_mixin.py:190} INFO - [2024-09-12T15:21:10.107+0000] {dag.py:4156} INFO - Setting next_dagrun for example_xcom to 2021-01-01 00:00:00+00:00, run_after=2021-01-01 00:00:00+00:00
[2024-09-12T15:21:10.118+0000] {processor.py:208} INFO - Processing /home/airflow/.local/lib/python3.12/site-packages/airflow/example_dags/example_xcom.py took 0.060 seconds
[2024-09-12T15:21:41.028+0000] {processor.py:186} INFO - Started process (PID=248) to work on /home/airflow/.local/lib/python3.12/site-packages/airflow/example_dags/example_xcom.py
[2024-09-12T15:21:41.029+0000] {processor.py:914} INFO - Processing file /home/airflow/.local/lib/python3.12/site-packages/airflow/example_dags/example_xcom.py for tasks to queue
[2024-09-12T15:21:41.032+0000] {logging_mixin.py:190} INFO - [2024-09-12T15:21:41.031+0000] {dagbag.py:587} INFO - Filling up the DagBag from /home/airflow/.local/lib/python3.12/site-packages/airflow/example_dags/example_xcom.py
[2024-09-12T15:21:41.042+0000] {processor.py:925} INFO - DAG(s) 'example_xcom' retrieved from /home/airflow/.local/lib/python3.12/site-packages/airflow/example_dags/example_xcom.py
[2024-09-12T15:21:41.070+0000] {logging_mixin.py:190} INFO - [2024-09-12T15:21:41.070+0000] {dag.py:3229} INFO - Sync 1 DAGs
[2024-09-12T15:21:41.086+0000] {logging_mixin.py:190} INFO - [2024-09-12T15:21:41.085+0000] {dag.py:4156} INFO - Setting next_dagrun for example_xcom to 2021-01-01 00:00:00+00:00, run_after=2021-01-01 00:00:00+00:00
[2024-09-12T15:21:41.097+0000] {processor.py:208} INFO - Processing /home/airflow/.local/lib/python3.12/site-packages/airflow/example_dags/example_xcom.py took 0.073 seconds
[2024-09-12T15:22:11.953+0000] {processor.py:186} INFO - Started process (PID=310) to work on /home/airflow/.local/lib/python3.12/site-packages/airflow/example_dags/example_xcom.py
[2024-09-12T15:22:11.954+0000] {processor.py:914} INFO - Processing file /home/airflow/.local/lib/python3.12/site-packages/airflow/example_dags/example_xcom.py for tasks to queue
[2024-09-12T15:22:11.956+0000] {logging_mixin.py:190} INFO - [2024-09-12T15:22:11.956+0000] {dagbag.py:587} INFO - Filling up the DagBag from /home/airflow/.local/lib/python3.12/site-packages/airflow/example_dags/example_xcom.py
[2024-09-12T15:22:11.964+0000] {processor.py:925} INFO - DAG(s) 'example_xcom' retrieved from /home/airflow/.local/lib/python3.12/site-packages/airflow/example_dags/example_xcom.py
[2024-09-12T15:22:11.987+0000] {logging_mixin.py:190} INFO - [2024-09-12T15:22:11.986+0000] {dag.py:3229} INFO - Sync 1 DAGs
[2024-09-12T15:22:12.001+0000] {logging_mixin.py:190} INFO - [2024-09-12T15:22:12.001+0000] {dag.py:4156} INFO - Setting next_dagrun for example_xcom to 2021-01-01 00:00:00+00:00, run_after=2021-01-01 00:00:00+00:00
[2024-09-12T15:22:12.015+0000] {processor.py:208} INFO - Processing /home/airflow/.local/lib/python3.12/site-packages/airflow/example_dags/example_xcom.py took 0.067 seconds
[2024-09-12T15:22:42.500+0000] {processor.py:186} INFO - Started process (PID=372) to work on /home/airflow/.local/lib/python3.12/site-packages/airflow/example_dags/example_xcom.py
[2024-09-12T15:22:42.501+0000] {processor.py:914} INFO - Processing file /home/airflow/.local/lib/python3.12/site-packages/airflow/example_dags/example_xcom.py for tasks to queue
[2024-09-12T15:22:42.503+0000] {logging_mixin.py:190} INFO - [2024-09-12T15:22:42.503+0000] {dagbag.py:587} INFO - Filling up the DagBag from /home/airflow/.local/lib/python3.12/site-packages/airflow/example_dags/example_xcom.py
[2024-09-12T15:22:42.511+0000] {processor.py:925} INFO - DAG(s) 'example_xcom' retrieved from /home/airflow/.local/lib/python3.12/site-packages/airflow/example_dags/example_xcom.py
[2024-09-12T15:22:42.529+0000] {logging_mixin.py:190} INFO - [2024-09-12T15:22:42.529+0000] {dag.py:3229} INFO - Sync 1 DAGs
[2024-09-12T15:22:42.543+0000] {logging_mixin.py:190} INFO - [2024-09-12T15:22:42.542+0000] {dag.py:4156} INFO - Setting next_dagrun for example_xcom to 2021-01-01 00:00:00+00:00, run_after=2021-01-01 00:00:00+00:00
[2024-09-12T15:22:42.556+0000] {processor.py:208} INFO - Processing /home/airflow/.local/lib/python3.12/site-packages/airflow/example_dags/example_xcom.py took 0.061 seconds
[2024-09-12T15:23:12.642+0000] {processor.py:186} INFO - Started process (PID=434) to work on /home/airflow/.local/lib/python3.12/site-packages/airflow/example_dags/example_xcom.py
[2024-09-12T15:23:12.643+0000] {processor.py:914} INFO - Processing file /home/airflow/.local/lib/python3.12/site-packages/airflow/example_dags/example_xcom.py for tasks to queue
[2024-09-12T15:23:12.646+0000] {logging_mixin.py:190} INFO - [2024-09-12T15:23:12.646+0000] {dagbag.py:587} INFO - Filling up the DagBag from /home/airflow/.local/lib/python3.12/site-packages/airflow/example_dags/example_xcom.py
[2024-09-12T15:23:12.653+0000] {processor.py:925} INFO - DAG(s) 'example_xcom' retrieved from /home/airflow/.local/lib/python3.12/site-packages/airflow/example_dags/example_xcom.py
[2024-09-12T15:23:12.670+0000] {logging_mixin.py:190} INFO - [2024-09-12T15:23:12.670+0000] {dag.py:3229} INFO - Sync 1 DAGs
[2024-09-12T15:23:12.684+0000] {logging_mixin.py:190} INFO - [2024-09-12T15:23:12.684+0000] {dag.py:4156} INFO - Setting next_dagrun for example_xcom to 2021-01-01 00:00:00+00:00, run_after=2021-01-01 00:00:00+00:00
[2024-09-12T15:23:12.694+0000] {processor.py:208} INFO - Processing /home/airflow/.local/lib/python3.12/site-packages/airflow/example_dags/example_xcom.py took 0.057 seconds
[2024-09-12T15:23:42.932+0000] {processor.py:186} INFO - Started process (PID=496) to work on /home/airflow/.local/lib/python3.12/site-packages/airflow/example_dags/example_xcom.py
[2024-09-12T15:23:42.933+0000] {processor.py:914} INFO - Processing file /home/airflow/.local/lib/python3.12/site-packages/airflow/example_dags/example_xcom.py for tasks to queue
[2024-09-12T15:23:42.935+0000] {logging_mixin.py:190} INFO - [2024-09-12T15:23:42.935+0000] {dagbag.py:587} INFO - Filling up the DagBag from /home/airflow/.local/lib/python3.12/site-packages/airflow/example_dags/example_xcom.py
[2024-09-12T15:23:42.943+0000] {processor.py:925} INFO - DAG(s) 'example_xcom' retrieved from /home/airflow/.local/lib/python3.12/site-packages/airflow/example_dags/example_xcom.py
[2024-09-12T15:23:42.960+0000] {logging_mixin.py:190} INFO - [2024-09-12T15:23:42.960+0000] {dag.py:3229} INFO - Sync 1 DAGs
[2024-09-12T15:23:42.974+0000] {logging_mixin.py:190} INFO - [2024-09-12T15:23:42.974+0000] {dag.py:4156} INFO - Setting next_dagrun for example_xcom to 2021-01-01 00:00:00+00:00, run_after=2021-01-01 00:00:00+00:00
[2024-09-12T15:23:42.984+0000] {processor.py:208} INFO - Processing /home/airflow/.local/lib/python3.12/site-packages/airflow/example_dags/example_xcom.py took 0.056 seconds
[2024-09-12T15:24:13.834+0000] {processor.py:186} INFO - Started process (PID=557) to work on /home/airflow/.local/lib/python3.12/site-packages/airflow/example_dags/example_xcom.py
[2024-09-12T15:24:13.836+0000] {processor.py:914} INFO - Processing file /home/airflow/.local/lib/python3.12/site-packages/airflow/example_dags/example_xcom.py for tasks to queue
[2024-09-12T15:24:13.838+0000] {logging_mixin.py:190} INFO - [2024-09-12T15:24:13.838+0000] {dagbag.py:587} INFO - Filling up the DagBag from /home/airflow/.local/lib/python3.12/site-packages/airflow/example_dags/example_xcom.py
[2024-09-12T15:24:13.847+0000] {processor.py:925} INFO - DAG(s) 'example_xcom' retrieved from /home/airflow/.local/lib/python3.12/site-packages/airflow/example_dags/example_xcom.py
[2024-09-12T15:24:13.871+0000] {logging_mixin.py:190} INFO - [2024-09-12T15:24:13.870+0000] {dag.py:3229} INFO - Sync 1 DAGs
[2024-09-12T15:24:13.895+0000] {logging_mixin.py:190} INFO - [2024-09-12T15:24:13.895+0000] {dag.py:4156} INFO - Setting next_dagrun for example_xcom to 2021-01-01 00:00:00+00:00, run_after=2021-01-01 00:00:00+00:00
[2024-09-12T15:24:13.911+0000] {processor.py:208} INFO - Processing /home/airflow/.local/lib/python3.12/site-packages/airflow/example_dags/example_xcom.py took 0.083 seconds
[2024-09-12T15:24:44.107+0000] {processor.py:186} INFO - Started process (PID=619) to work on /home/airflow/.local/lib/python3.12/site-packages/airflow/example_dags/example_xcom.py
[2024-09-12T15:24:44.109+0000] {processor.py:914} INFO - Processing file /home/airflow/.local/lib/python3.12/site-packages/airflow/example_dags/example_xcom.py for tasks to queue
[2024-09-12T15:24:44.111+0000] {logging_mixin.py:190} INFO - [2024-09-12T15:24:44.111+0000] {dagbag.py:587} INFO - Filling up the DagBag from /home/airflow/.local/lib/python3.12/site-packages/airflow/example_dags/example_xcom.py
[2024-09-12T15:24:44.119+0000] {processor.py:925} INFO - DAG(s) 'example_xcom' retrieved from /home/airflow/.local/lib/python3.12/site-packages/airflow/example_dags/example_xcom.py
[2024-09-12T15:24:44.137+0000] {logging_mixin.py:190} INFO - [2024-09-12T15:24:44.137+0000] {dag.py:3229} INFO - Sync 1 DAGs
[2024-09-12T15:24:44.152+0000] {logging_mixin.py:190} INFO - [2024-09-12T15:24:44.152+0000] {dag.py:4156} INFO - Setting next_dagrun for example_xcom to 2021-01-01 00:00:00+00:00, run_after=2021-01-01 00:00:00+00:00
[2024-09-12T15:24:44.165+0000] {processor.py:208} INFO - Processing /home/airflow/.local/lib/python3.12/site-packages/airflow/example_dags/example_xcom.py took 0.062 seconds
[2024-09-12T15:25:14.511+0000] {processor.py:186} INFO - Started process (PID=681) to work on /home/airflow/.local/lib/python3.12/site-packages/airflow/example_dags/example_xcom.py
[2024-09-12T15:25:14.512+0000] {processor.py:914} INFO - Processing file /home/airflow/.local/lib/python3.12/site-packages/airflow/example_dags/example_xcom.py for tasks to queue
[2024-09-12T15:25:14.514+0000] {logging_mixin.py:190} INFO - [2024-09-12T15:25:14.514+0000] {dagbag.py:587} INFO - Filling up the DagBag from /home/airflow/.local/lib/python3.12/site-packages/airflow/example_dags/example_xcom.py
[2024-09-12T15:25:14.522+0000] {processor.py:925} INFO - DAG(s) 'example_xcom' retrieved from /home/airflow/.local/lib/python3.12/site-packages/airflow/example_dags/example_xcom.py
[2024-09-12T15:25:14.539+0000] {logging_mixin.py:190} INFO - [2024-09-12T15:25:14.539+0000] {dag.py:3229} INFO - Sync 1 DAGs
[2024-09-12T15:25:14.554+0000] {logging_mixin.py:190} INFO - [2024-09-12T15:25:14.554+0000] {dag.py:4156} INFO - Setting next_dagrun for example_xcom to 2021-01-01 00:00:00+00:00, run_after=2021-01-01 00:00:00+00:00
[2024-09-12T15:25:14.565+0000] {processor.py:208} INFO - Processing /home/airflow/.local/lib/python3.12/site-packages/airflow/example_dags/example_xcom.py took 0.058 seconds
[2024-09-12T15:25:44.741+0000] {processor.py:186} INFO - Started process (PID=743) to work on /home/airflow/.local/lib/python3.12/site-packages/airflow/example_dags/example_xcom.py
[2024-09-12T15:25:44.742+0000] {processor.py:914} INFO - Processing file /home/airflow/.local/lib/python3.12/site-packages/airflow/example_dags/example_xcom.py for tasks to queue
[2024-09-12T15:25:44.745+0000] {logging_mixin.py:190} INFO - [2024-09-12T15:25:44.744+0000] {dagbag.py:587} INFO - Filling up the DagBag from /home/airflow/.local/lib/python3.12/site-packages/airflow/example_dags/example_xcom.py
[2024-09-12T15:25:44.752+0000] {processor.py:925} INFO - DAG(s) 'example_xcom' retrieved from /home/airflow/.local/lib/python3.12/site-packages/airflow/example_dags/example_xcom.py
[2024-09-12T15:25:44.768+0000] {logging_mixin.py:190} INFO - [2024-09-12T15:25:44.768+0000] {dag.py:3229} INFO - Sync 1 DAGs
[2024-09-12T15:25:44.782+0000] {logging_mixin.py:190} INFO - [2024-09-12T15:25:44.781+0000] {dag.py:4156} INFO - Setting next_dagrun for example_xcom to 2021-01-01 00:00:00+00:00, run_after=2021-01-01 00:00:00+00:00
[2024-09-12T15:25:44.792+0000] {processor.py:208} INFO - Processing /home/airflow/.local/lib/python3.12/site-packages/airflow/example_dags/example_xcom.py took 0.056 seconds
[2024-09-12T15:26:14.988+0000] {processor.py:186} INFO - Started process (PID=811) to work on /home/airflow/.local/lib/python3.12/site-packages/airflow/example_dags/example_xcom.py
[2024-09-12T15:26:14.989+0000] {processor.py:914} INFO - Processing file /home/airflow/.local/lib/python3.12/site-packages/airflow/example_dags/example_xcom.py for tasks to queue
[2024-09-12T15:26:14.991+0000] {logging_mixin.py:190} INFO - [2024-09-12T15:26:14.991+0000] {dagbag.py:587} INFO - Filling up the DagBag from /home/airflow/.local/lib/python3.12/site-packages/airflow/example_dags/example_xcom.py
[2024-09-12T15:26:14.999+0000] {processor.py:925} INFO - DAG(s) 'example_xcom' retrieved from /home/airflow/.local/lib/python3.12/site-packages/airflow/example_dags/example_xcom.py
[2024-09-12T15:26:15.015+0000] {logging_mixin.py:190} INFO - [2024-09-12T15:26:15.015+0000] {dag.py:3229} INFO - Sync 1 DAGs
[2024-09-12T15:26:15.028+0000] {logging_mixin.py:190} INFO - [2024-09-12T15:26:15.028+0000] {dag.py:4156} INFO - Setting next_dagrun for example_xcom to 2021-01-01 00:00:00+00:00, run_after=2021-01-01 00:00:00+00:00
[2024-09-12T15:26:15.039+0000] {processor.py:208} INFO - Processing /home/airflow/.local/lib/python3.12/site-packages/airflow/example_dags/example_xcom.py took 0.055 seconds
[2024-09-12T15:26:46.203+0000] {processor.py:186} INFO - Started process (PID=873) to work on /home/airflow/.local/lib/python3.12/site-packages/airflow/example_dags/example_xcom.py
[2024-09-12T15:26:46.204+0000] {processor.py:914} INFO - Processing file /home/airflow/.local/lib/python3.12/site-packages/airflow/example_dags/example_xcom.py for tasks to queue
[2024-09-12T15:26:46.207+0000] {logging_mixin.py:190} INFO - [2024-09-12T15:26:46.206+0000] {dagbag.py:587} INFO - Filling up the DagBag from /home/airflow/.local/lib/python3.12/site-packages/airflow/example_dags/example_xcom.py
[2024-09-12T15:26:46.214+0000] {processor.py:925} INFO - DAG(s) 'example_xcom' retrieved from /home/airflow/.local/lib/python3.12/site-packages/airflow/example_dags/example_xcom.py
[2024-09-12T15:26:46.232+0000] {logging_mixin.py:190} INFO - [2024-09-12T15:26:46.232+0000] {dag.py:3229} INFO - Sync 1 DAGs
[2024-09-12T15:26:46.246+0000] {logging_mixin.py:190} INFO - [2024-09-12T15:26:46.246+0000] {dag.py:4156} INFO - Setting next_dagrun for example_xcom to 2021-01-01 00:00:00+00:00, run_after=2021-01-01 00:00:00+00:00
[2024-09-12T15:26:46.257+0000] {processor.py:208} INFO - Processing /home/airflow/.local/lib/python3.12/site-packages/airflow/example_dags/example_xcom.py took 0.059 seconds
[2024-09-12T15:27:16.455+0000] {processor.py:186} INFO - Started process (PID=935) to work on /home/airflow/.local/lib/python3.12/site-packages/airflow/example_dags/example_xcom.py
[2024-09-12T15:27:16.456+0000] {processor.py:914} INFO - Processing file /home/airflow/.local/lib/python3.12/site-packages/airflow/example_dags/example_xcom.py for tasks to queue
[2024-09-12T15:27:16.459+0000] {logging_mixin.py:190} INFO - [2024-09-12T15:27:16.459+0000] {dagbag.py:587} INFO - Filling up the DagBag from /home/airflow/.local/lib/python3.12/site-packages/airflow/example_dags/example_xcom.py
[2024-09-12T15:27:16.466+0000] {processor.py:925} INFO - DAG(s) 'example_xcom' retrieved from /home/airflow/.local/lib/python3.12/site-packages/airflow/example_dags/example_xcom.py
[2024-09-12T15:27:16.483+0000] {logging_mixin.py:190} INFO - [2024-09-12T15:27:16.483+0000] {dag.py:3229} INFO - Sync 1 DAGs
[2024-09-12T15:27:16.497+0000] {logging_mixin.py:190} INFO - [2024-09-12T15:27:16.496+0000] {dag.py:4156} INFO - Setting next_dagrun for example_xcom to 2021-01-01 00:00:00+00:00, run_after=2021-01-01 00:00:00+00:00
[2024-09-12T15:27:16.508+0000] {processor.py:208} INFO - Processing /home/airflow/.local/lib/python3.12/site-packages/airflow/example_dags/example_xcom.py took 0.058 seconds
[2024-09-12T15:27:47.241+0000] {processor.py:186} INFO - Started process (PID=997) to work on /home/airflow/.local/lib/python3.12/site-packages/airflow/example_dags/example_xcom.py
[2024-09-12T15:27:47.243+0000] {processor.py:914} INFO - Processing file /home/airflow/.local/lib/python3.12/site-packages/airflow/example_dags/example_xcom.py for tasks to queue
[2024-09-12T15:27:47.245+0000] {logging_mixin.py:190} INFO - [2024-09-12T15:27:47.245+0000] {dagbag.py:587} INFO - Filling up the DagBag from /home/airflow/.local/lib/python3.12/site-packages/airflow/example_dags/example_xcom.py
[2024-09-12T15:27:47.252+0000] {processor.py:925} INFO - DAG(s) 'example_xcom' retrieved from /home/airflow/.local/lib/python3.12/site-packages/airflow/example_dags/example_xcom.py
[2024-09-12T15:27:47.270+0000] {logging_mixin.py:190} INFO - [2024-09-12T15:27:47.270+0000] {dag.py:3229} INFO - Sync 1 DAGs
[2024-09-12T15:27:47.284+0000] {logging_mixin.py:190} INFO - [2024-09-12T15:27:47.284+0000] {dag.py:4156} INFO - Setting next_dagrun for example_xcom to 2021-01-01 00:00:00+00:00, run_after=2021-01-01 00:00:00+00:00
[2024-09-12T15:27:47.294+0000] {processor.py:208} INFO - Processing /home/airflow/.local/lib/python3.12/site-packages/airflow/example_dags/example_xcom.py took 0.057 seconds
[2024-09-12T15:28:17.945+0000] {processor.py:186} INFO - Started process (PID=1059) to work on /home/airflow/.local/lib/python3.12/site-packages/airflow/example_dags/example_xcom.py
[2024-09-12T15:28:17.947+0000] {processor.py:914} INFO - Processing file /home/airflow/.local/lib/python3.12/site-packages/airflow/example_dags/example_xcom.py for tasks to queue
[2024-09-12T15:28:17.950+0000] {logging_mixin.py:190} INFO - [2024-09-12T15:28:17.949+0000] {dagbag.py:587} INFO - Filling up the DagBag from /home/airflow/.local/lib/python3.12/site-packages/airflow/example_dags/example_xcom.py
[2024-09-12T15:28:17.961+0000] {processor.py:925} INFO - DAG(s) 'example_xcom' retrieved from /home/airflow/.local/lib/python3.12/site-packages/airflow/example_dags/example_xcom.py
[2024-09-12T15:28:17.978+0000] {logging_mixin.py:190} INFO - [2024-09-12T15:28:17.978+0000] {dag.py:3229} INFO - Sync 1 DAGs
[2024-09-12T15:28:17.993+0000] {logging_mixin.py:190} INFO - [2024-09-12T15:28:17.992+0000] {dag.py:4156} INFO - Setting next_dagrun for example_xcom to 2021-01-01 00:00:00+00:00, run_after=2021-01-01 00:00:00+00:00
[2024-09-12T15:28:18.004+0000] {processor.py:208} INFO - Processing /home/airflow/.local/lib/python3.12/site-packages/airflow/example_dags/example_xcom.py took 0.063 seconds
[2024-09-12T15:28:48.378+0000] {processor.py:186} INFO - Started process (PID=1121) to work on /home/airflow/.local/lib/python3.12/site-packages/airflow/example_dags/example_xcom.py
[2024-09-12T15:28:48.379+0000] {processor.py:914} INFO - Processing file /home/airflow/.local/lib/python3.12/site-packages/airflow/example_dags/example_xcom.py for tasks to queue
[2024-09-12T15:28:48.381+0000] {logging_mixin.py:190} INFO - [2024-09-12T15:28:48.381+0000] {dagbag.py:587} INFO - Filling up the DagBag from /home/airflow/.local/lib/python3.12/site-packages/airflow/example_dags/example_xcom.py
[2024-09-12T15:28:48.388+0000] {processor.py:925} INFO - DAG(s) 'example_xcom' retrieved from /home/airflow/.local/lib/python3.12/site-packages/airflow/example_dags/example_xcom.py
[2024-09-12T15:28:48.404+0000] {logging_mixin.py:190} INFO - [2024-09-12T15:28:48.404+0000] {dag.py:3229} INFO - Sync 1 DAGs
[2024-09-12T15:28:48.418+0000] {logging_mixin.py:190} INFO - [2024-09-12T15:28:48.418+0000] {dag.py:4156} INFO - Setting next_dagrun for example_xcom to 2021-01-01 00:00:00+00:00, run_after=2021-01-01 00:00:00+00:00
[2024-09-12T15:28:48.428+0000] {processor.py:208} INFO - Processing /home/airflow/.local/lib/python3.12/site-packages/airflow/example_dags/example_xcom.py took 0.055 seconds
[2024-09-12T15:29:18.763+0000] {processor.py:186} INFO - Started process (PID=1183) to work on /home/airflow/.local/lib/python3.12/site-packages/airflow/example_dags/example_xcom.py
[2024-09-12T15:29:18.765+0000] {processor.py:914} INFO - Processing file /home/airflow/.local/lib/python3.12/site-packages/airflow/example_dags/example_xcom.py for tasks to queue
[2024-09-12T15:29:18.768+0000] {logging_mixin.py:190} INFO - [2024-09-12T15:29:18.767+0000] {dagbag.py:587} INFO - Filling up the DagBag from /home/airflow/.local/lib/python3.12/site-packages/airflow/example_dags/example_xcom.py
[2024-09-12T15:29:18.775+0000] {processor.py:925} INFO - DAG(s) 'example_xcom' retrieved from /home/airflow/.local/lib/python3.12/site-packages/airflow/example_dags/example_xcom.py
[2024-09-12T15:29:18.793+0000] {logging_mixin.py:190} INFO - [2024-09-12T15:29:18.793+0000] {dag.py:3229} INFO - Sync 1 DAGs
[2024-09-12T15:29:18.810+0000] {logging_mixin.py:190} INFO - [2024-09-12T15:29:18.809+0000] {dag.py:4156} INFO - Setting next_dagrun for example_xcom to 2021-01-01 00:00:00+00:00, run_after=2021-01-01 00:00:00+00:00
[2024-09-12T15:29:18.827+0000] {processor.py:208} INFO - Processing /home/airflow/.local/lib/python3.12/site-packages/airflow/example_dags/example_xcom.py took 0.068 seconds
[2024-09-12T15:29:49.189+0000] {processor.py:186} INFO - Started process (PID=1245) to work on /home/airflow/.local/lib/python3.12/site-packages/airflow/example_dags/example_xcom.py
[2024-09-12T15:29:49.190+0000] {processor.py:914} INFO - Processing file /home/airflow/.local/lib/python3.12/site-packages/airflow/example_dags/example_xcom.py for tasks to queue
[2024-09-12T15:29:49.193+0000] {logging_mixin.py:190} INFO - [2024-09-12T15:29:49.192+0000] {dagbag.py:587} INFO - Filling up the DagBag from /home/airflow/.local/lib/python3.12/site-packages/airflow/example_dags/example_xcom.py
[2024-09-12T15:29:49.200+0000] {processor.py:925} INFO - DAG(s) 'example_xcom' retrieved from /home/airflow/.local/lib/python3.12/site-packages/airflow/example_dags/example_xcom.py
[2024-09-12T15:29:49.216+0000] {logging_mixin.py:190} INFO - [2024-09-12T15:29:49.216+0000] {dag.py:3229} INFO - Sync 1 DAGs
[2024-09-12T15:29:49.230+0000] {logging_mixin.py:190} INFO - [2024-09-12T15:29:49.230+0000] {dag.py:4156} INFO - Setting next_dagrun for example_xcom to 2021-01-01 00:00:00+00:00, run_after=2021-01-01 00:00:00+00:00
[2024-09-12T15:29:49.241+0000] {processor.py:208} INFO - Processing /home/airflow/.local/lib/python3.12/site-packages/airflow/example_dags/example_xcom.py took 0.057 seconds
[2024-09-12T15:30:20.280+0000] {processor.py:186} INFO - Started process (PID=1307) to work on /home/airflow/.local/lib/python3.12/site-packages/airflow/example_dags/example_xcom.py
[2024-09-12T15:30:20.281+0000] {processor.py:914} INFO - Processing file /home/airflow/.local/lib/python3.12/site-packages/airflow/example_dags/example_xcom.py for tasks to queue
[2024-09-12T15:30:20.284+0000] {logging_mixin.py:190} INFO - [2024-09-12T15:30:20.283+0000] {dagbag.py:587} INFO - Filling up the DagBag from /home/airflow/.local/lib/python3.12/site-packages/airflow/example_dags/example_xcom.py
[2024-09-12T15:30:20.291+0000] {processor.py:925} INFO - DAG(s) 'example_xcom' retrieved from /home/airflow/.local/lib/python3.12/site-packages/airflow/example_dags/example_xcom.py
[2024-09-12T15:30:20.307+0000] {logging_mixin.py:190} INFO - [2024-09-12T15:30:20.307+0000] {dag.py:3229} INFO - Sync 1 DAGs
[2024-09-12T15:30:20.321+0000] {logging_mixin.py:190} INFO - [2024-09-12T15:30:20.321+0000] {dag.py:4156} INFO - Setting next_dagrun for example_xcom to 2021-01-01 00:00:00+00:00, run_after=2021-01-01 00:00:00+00:00
[2024-09-12T15:30:20.331+0000] {processor.py:208} INFO - Processing /home/airflow/.local/lib/python3.12/site-packages/airflow/example_dags/example_xcom.py took 0.055 seconds
[2024-09-12T15:30:51.561+0000] {processor.py:186} INFO - Started process (PID=1369) to work on /home/airflow/.local/lib/python3.12/site-packages/airflow/example_dags/example_xcom.py
[2024-09-12T15:30:51.563+0000] {processor.py:914} INFO - Processing file /home/airflow/.local/lib/python3.12/site-packages/airflow/example_dags/example_xcom.py for tasks to queue
[2024-09-12T15:30:51.566+0000] {logging_mixin.py:190} INFO - [2024-09-12T15:30:51.565+0000] {dagbag.py:587} INFO - Filling up the DagBag from /home/airflow/.local/lib/python3.12/site-packages/airflow/example_dags/example_xcom.py
[2024-09-12T15:30:51.572+0000] {processor.py:925} INFO - DAG(s) 'example_xcom' retrieved from /home/airflow/.local/lib/python3.12/site-packages/airflow/example_dags/example_xcom.py
[2024-09-12T15:30:51.589+0000] {logging_mixin.py:190} INFO - [2024-09-12T15:30:51.589+0000] {dag.py:3229} INFO - Sync 1 DAGs
[2024-09-12T15:30:51.602+0000] {logging_mixin.py:190} INFO - [2024-09-12T15:30:51.602+0000] {dag.py:4156} INFO - Setting next_dagrun for example_xcom to 2021-01-01 00:00:00+00:00, run_after=2021-01-01 00:00:00+00:00
[2024-09-12T15:30:51.612+0000] {processor.py:208} INFO - Processing /home/airflow/.local/lib/python3.12/site-packages/airflow/example_dags/example_xcom.py took 0.055 seconds
[2024-09-12T15:31:21.875+0000] {processor.py:186} INFO - Started process (PID=1431) to work on /home/airflow/.local/lib/python3.12/site-packages/airflow/example_dags/example_xcom.py
[2024-09-12T15:31:21.877+0000] {processor.py:914} INFO - Processing file /home/airflow/.local/lib/python3.12/site-packages/airflow/example_dags/example_xcom.py for tasks to queue
[2024-09-12T15:31:21.879+0000] {logging_mixin.py:190} INFO - [2024-09-12T15:31:21.879+0000] {dagbag.py:587} INFO - Filling up the DagBag from /home/airflow/.local/lib/python3.12/site-packages/airflow/example_dags/example_xcom.py
[2024-09-12T15:31:21.887+0000] {processor.py:925} INFO - DAG(s) 'example_xcom' retrieved from /home/airflow/.local/lib/python3.12/site-packages/airflow/example_dags/example_xcom.py
[2024-09-12T15:31:21.905+0000] {logging_mixin.py:190} INFO - [2024-09-12T15:31:21.905+0000] {dag.py:3229} INFO - Sync 1 DAGs
[2024-09-12T15:31:21.919+0000] {logging_mixin.py:190} INFO - [2024-09-12T15:31:21.919+0000] {dag.py:4156} INFO - Setting next_dagrun for example_xcom to 2021-01-01 00:00:00+00:00, run_after=2021-01-01 00:00:00+00:00
[2024-09-12T15:31:21.930+0000] {processor.py:208} INFO - Processing /home/airflow/.local/lib/python3.12/site-packages/airflow/example_dags/example_xcom.py took 0.059 seconds
[2024-09-12T15:31:52.280+0000] {processor.py:186} INFO - Started process (PID=1493) to work on /home/airflow/.local/lib/python3.12/site-packages/airflow/example_dags/example_xcom.py
[2024-09-12T15:31:52.281+0000] {processor.py:914} INFO - Processing file /home/airflow/.local/lib/python3.12/site-packages/airflow/example_dags/example_xcom.py for tasks to queue
[2024-09-12T15:31:52.284+0000] {logging_mixin.py:190} INFO - [2024-09-12T15:31:52.283+0000] {dagbag.py:587} INFO - Filling up the DagBag from /home/airflow/.local/lib/python3.12/site-packages/airflow/example_dags/example_xcom.py
[2024-09-12T15:31:52.292+0000] {processor.py:925} INFO - DAG(s) 'example_xcom' retrieved from /home/airflow/.local/lib/python3.12/site-packages/airflow/example_dags/example_xcom.py
[2024-09-12T15:31:52.315+0000] {logging_mixin.py:190} INFO - [2024-09-12T15:31:52.315+0000] {dag.py:3229} INFO - Sync 1 DAGs
[2024-09-12T15:31:52.329+0000] {logging_mixin.py:190} INFO - [2024-09-12T15:31:52.329+0000] {dag.py:4156} INFO - Setting next_dagrun for example_xcom to 2021-01-01 00:00:00+00:00, run_after=2021-01-01 00:00:00+00:00
[2024-09-12T15:31:52.342+0000] {processor.py:208} INFO - Processing /home/airflow/.local/lib/python3.12/site-packages/airflow/example_dags/example_xcom.py took 0.067 seconds
[2024-09-12T15:32:22.507+0000] {processor.py:186} INFO - Started process (PID=1554) to work on /home/airflow/.local/lib/python3.12/site-packages/airflow/example_dags/example_xcom.py
[2024-09-12T15:32:22.508+0000] {processor.py:914} INFO - Processing file /home/airflow/.local/lib/python3.12/site-packages/airflow/example_dags/example_xcom.py for tasks to queue
[2024-09-12T15:32:22.511+0000] {logging_mixin.py:190} INFO - [2024-09-12T15:32:22.510+0000] {dagbag.py:587} INFO - Filling up the DagBag from /home/airflow/.local/lib/python3.12/site-packages/airflow/example_dags/example_xcom.py
[2024-09-12T15:32:22.519+0000] {processor.py:925} INFO - DAG(s) 'example_xcom' retrieved from /home/airflow/.local/lib/python3.12/site-packages/airflow/example_dags/example_xcom.py
[2024-09-12T15:32:22.536+0000] {logging_mixin.py:190} INFO - [2024-09-12T15:32:22.535+0000] {dag.py:3229} INFO - Sync 1 DAGs
[2024-09-12T15:32:22.550+0000] {logging_mixin.py:190} INFO - [2024-09-12T15:32:22.550+0000] {dag.py:4156} INFO - Setting next_dagrun for example_xcom to 2021-01-01 00:00:00+00:00, run_after=2021-01-01 00:00:00+00:00
[2024-09-12T15:32:22.562+0000] {processor.py:208} INFO - Processing /home/airflow/.local/lib/python3.12/site-packages/airflow/example_dags/example_xcom.py took 0.059 seconds
[2024-09-12T15:32:52.764+0000] {processor.py:186} INFO - Started process (PID=1615) to work on /home/airflow/.local/lib/python3.12/site-packages/airflow/example_dags/example_xcom.py
[2024-09-12T15:32:52.766+0000] {processor.py:914} INFO - Processing file /home/airflow/.local/lib/python3.12/site-packages/airflow/example_dags/example_xcom.py for tasks to queue
[2024-09-12T15:32:52.768+0000] {logging_mixin.py:190} INFO - [2024-09-12T15:32:52.768+0000] {dagbag.py:587} INFO - Filling up the DagBag from /home/airflow/.local/lib/python3.12/site-packages/airflow/example_dags/example_xcom.py
[2024-09-12T15:32:52.775+0000] {processor.py:925} INFO - DAG(s) 'example_xcom' retrieved from /home/airflow/.local/lib/python3.12/site-packages/airflow/example_dags/example_xcom.py
[2024-09-12T15:32:52.795+0000] {logging_mixin.py:190} INFO - [2024-09-12T15:32:52.794+0000] {dag.py:3229} INFO - Sync 1 DAGs
[2024-09-12T15:32:52.809+0000] {logging_mixin.py:190} INFO - [2024-09-12T15:32:52.809+0000] {dag.py:4156} INFO - Setting next_dagrun for example_xcom to 2021-01-01 00:00:00+00:00, run_after=2021-01-01 00:00:00+00:00
[2024-09-12T15:32:52.820+0000] {processor.py:208} INFO - Processing /home/airflow/.local/lib/python3.12/site-packages/airflow/example_dags/example_xcom.py took 0.061 seconds
[2024-09-12T15:33:22.988+0000] {processor.py:186} INFO - Started process (PID=1677) to work on /home/airflow/.local/lib/python3.12/site-packages/airflow/example_dags/example_xcom.py
[2024-09-12T15:33:22.989+0000] {processor.py:914} INFO - Processing file /home/airflow/.local/lib/python3.12/site-packages/airflow/example_dags/example_xcom.py for tasks to queue
[2024-09-12T15:33:22.991+0000] {logging_mixin.py:190} INFO - [2024-09-12T15:33:22.991+0000] {dagbag.py:587} INFO - Filling up the DagBag from /home/airflow/.local/lib/python3.12/site-packages/airflow/example_dags/example_xcom.py
[2024-09-12T15:33:22.999+0000] {processor.py:925} INFO - DAG(s) 'example_xcom' retrieved from /home/airflow/.local/lib/python3.12/site-packages/airflow/example_dags/example_xcom.py
[2024-09-12T15:33:23.016+0000] {logging_mixin.py:190} INFO - [2024-09-12T15:33:23.016+0000] {dag.py:3229} INFO - Sync 1 DAGs
[2024-09-12T15:33:23.030+0000] {logging_mixin.py:190} INFO - [2024-09-12T15:33:23.030+0000] {dag.py:4156} INFO - Setting next_dagrun for example_xcom to 2021-01-01 00:00:00+00:00, run_after=2021-01-01 00:00:00+00:00
[2024-09-12T15:33:23.041+0000] {processor.py:208} INFO - Processing /home/airflow/.local/lib/python3.12/site-packages/airflow/example_dags/example_xcom.py took 0.058 seconds
[2024-09-12T15:33:53.370+0000] {processor.py:186} INFO - Started process (PID=1739) to work on /home/airflow/.local/lib/python3.12/site-packages/airflow/example_dags/example_xcom.py
[2024-09-12T15:33:53.372+0000] {processor.py:914} INFO - Processing file /home/airflow/.local/lib/python3.12/site-packages/airflow/example_dags/example_xcom.py for tasks to queue
[2024-09-12T15:33:53.374+0000] {logging_mixin.py:190} INFO - [2024-09-12T15:33:53.374+0000] {dagbag.py:587} INFO - Filling up the DagBag from /home/airflow/.local/lib/python3.12/site-packages/airflow/example_dags/example_xcom.py
[2024-09-12T15:33:53.381+0000] {processor.py:925} INFO - DAG(s) 'example_xcom' retrieved from /home/airflow/.local/lib/python3.12/site-packages/airflow/example_dags/example_xcom.py
[2024-09-12T15:33:53.397+0000] {logging_mixin.py:190} INFO - [2024-09-12T15:33:53.397+0000] {dag.py:3229} INFO - Sync 1 DAGs
[2024-09-12T15:33:53.410+0000] {logging_mixin.py:190} INFO - [2024-09-12T15:33:53.410+0000] {dag.py:4156} INFO - Setting next_dagrun for example_xcom to 2021-01-01 00:00:00+00:00, run_after=2021-01-01 00:00:00+00:00
[2024-09-12T15:33:53.421+0000] {processor.py:208} INFO - Processing /home/airflow/.local/lib/python3.12/site-packages/airflow/example_dags/example_xcom.py took 0.054 seconds
