[2024-09-12T15:20:03.704+0000] {processor.py:186} INFO - Started process (PID=27) to work on /home/airflow/.local/lib/python3.12/site-packages/airflow/example_dags/example_branch_python_dop_operator_3.py
[2024-09-12T15:20:03.706+0000] {processor.py:914} INFO - Processing file /home/airflow/.local/lib/python3.12/site-packages/airflow/example_dags/example_branch_python_dop_operator_3.py for tasks to queue
[2024-09-12T15:20:03.709+0000] {logging_mixin.py:190} INFO - [2024-09-12T15:20:03.709+0000] {dagbag.py:587} INFO - Filling up the DagBag from /home/airflow/.local/lib/python3.12/site-packages/airflow/example_dags/example_branch_python_dop_operator_3.py
[2024-09-12T15:20:03.731+0000] {processor.py:925} INFO - DAG(s) 'example_branch_dop_operator_v3' retrieved from /home/airflow/.local/lib/python3.12/site-packages/airflow/example_dags/example_branch_python_dop_operator_3.py
[2024-09-12T15:20:03.937+0000] {logging_mixin.py:190} INFO - [2024-09-12T15:20:03.936+0000] {override.py:1900} INFO - Created Permission View: can read on DAG:example_branch_dop_operator_v3
[2024-09-12T15:20:03.950+0000] {logging_mixin.py:190} INFO - [2024-09-12T15:20:03.950+0000] {override.py:1900} INFO - Created Permission View: can delete on DAG:example_branch_dop_operator_v3
[2024-09-12T15:20:03.958+0000] {logging_mixin.py:190} INFO - [2024-09-12T15:20:03.958+0000] {override.py:1900} INFO - Created Permission View: can edit on DAG:example_branch_dop_operator_v3
[2024-09-12T15:20:03.966+0000] {logging_mixin.py:190} INFO - [2024-09-12T15:20:03.965+0000] {override.py:1900} INFO - Created Permission View: can read on DAG Run:example_branch_dop_operator_v3
[2024-09-12T15:20:03.971+0000] {logging_mixin.py:190} INFO - [2024-09-12T15:20:03.971+0000] {override.py:1900} INFO - Created Permission View: can create on DAG Run:example_branch_dop_operator_v3
[2024-09-12T15:20:03.980+0000] {logging_mixin.py:190} INFO - [2024-09-12T15:20:03.979+0000] {override.py:1900} INFO - Created Permission View: menu access on DAG Run:example_branch_dop_operator_v3
[2024-09-12T15:20:03.996+0000] {logging_mixin.py:190} INFO - [2024-09-12T15:20:03.996+0000] {override.py:1900} INFO - Created Permission View: can delete on DAG Run:example_branch_dop_operator_v3
[2024-09-12T15:20:03.998+0000] {logging_mixin.py:190} INFO - [2024-09-12T15:20:03.998+0000] {dag.py:3229} INFO - Sync 1 DAGs
[2024-09-12T15:20:04.008+0000] {logging_mixin.py:190} INFO - [2024-09-12T15:20:04.008+0000] {dag.py:3252} INFO - Creating ORM DAG for example_branch_dop_operator_v3
[2024-09-12T15:20:04.022+0000] {logging_mixin.py:190} INFO - [2024-09-12T15:20:04.022+0000] {dag.py:4156} INFO - Setting next_dagrun for example_branch_dop_operator_v3 to 2024-09-12 15:19:00+00:00, run_after=2024-09-12 15:20:00+00:00
[2024-09-12T15:20:04.037+0000] {processor.py:208} INFO - Processing /home/airflow/.local/lib/python3.12/site-packages/airflow/example_dags/example_branch_python_dop_operator_3.py took 0.350 seconds
[2024-09-12T15:20:34.527+0000] {processor.py:186} INFO - Started process (PID=90) to work on /home/airflow/.local/lib/python3.12/site-packages/airflow/example_dags/example_branch_python_dop_operator_3.py
[2024-09-12T15:20:34.529+0000] {processor.py:914} INFO - Processing file /home/airflow/.local/lib/python3.12/site-packages/airflow/example_dags/example_branch_python_dop_operator_3.py for tasks to queue
[2024-09-12T15:20:34.534+0000] {logging_mixin.py:190} INFO - [2024-09-12T15:20:34.533+0000] {dagbag.py:587} INFO - Filling up the DagBag from /home/airflow/.local/lib/python3.12/site-packages/airflow/example_dags/example_branch_python_dop_operator_3.py
[2024-09-12T15:20:34.549+0000] {processor.py:925} INFO - DAG(s) 'example_branch_dop_operator_v3' retrieved from /home/airflow/.local/lib/python3.12/site-packages/airflow/example_dags/example_branch_python_dop_operator_3.py
[2024-09-12T15:20:34.574+0000] {logging_mixin.py:190} INFO - [2024-09-12T15:20:34.574+0000] {dag.py:3229} INFO - Sync 1 DAGs
[2024-09-12T15:20:34.599+0000] {logging_mixin.py:190} INFO - [2024-09-12T15:20:34.599+0000] {dag.py:4156} INFO - Setting next_dagrun for example_branch_dop_operator_v3 to 2024-09-12 15:19:00+00:00, run_after=2024-09-12 15:20:00+00:00
[2024-09-12T15:20:34.612+0000] {processor.py:208} INFO - Processing /home/airflow/.local/lib/python3.12/site-packages/airflow/example_dags/example_branch_python_dop_operator_3.py took 0.094 seconds
[2024-09-12T15:21:04.886+0000] {processor.py:186} INFO - Started process (PID=153) to work on /home/airflow/.local/lib/python3.12/site-packages/airflow/example_dags/example_branch_python_dop_operator_3.py
[2024-09-12T15:21:04.888+0000] {processor.py:914} INFO - Processing file /home/airflow/.local/lib/python3.12/site-packages/airflow/example_dags/example_branch_python_dop_operator_3.py for tasks to queue
[2024-09-12T15:21:04.891+0000] {logging_mixin.py:190} INFO - [2024-09-12T15:21:04.890+0000] {dagbag.py:587} INFO - Filling up the DagBag from /home/airflow/.local/lib/python3.12/site-packages/airflow/example_dags/example_branch_python_dop_operator_3.py
[2024-09-12T15:21:04.909+0000] {processor.py:925} INFO - DAG(s) 'example_branch_dop_operator_v3' retrieved from /home/airflow/.local/lib/python3.12/site-packages/airflow/example_dags/example_branch_python_dop_operator_3.py
[2024-09-12T15:21:04.940+0000] {logging_mixin.py:190} INFO - [2024-09-12T15:21:04.940+0000] {dag.py:3229} INFO - Sync 1 DAGs
[2024-09-12T15:21:04.983+0000] {logging_mixin.py:190} INFO - [2024-09-12T15:21:04.983+0000] {dag.py:4156} INFO - Setting next_dagrun for example_branch_dop_operator_v3 to 2024-09-12 15:20:00+00:00, run_after=2024-09-12 15:21:00+00:00
[2024-09-12T15:21:05.005+0000] {processor.py:208} INFO - Processing /home/airflow/.local/lib/python3.12/site-packages/airflow/example_dags/example_branch_python_dop_operator_3.py took 0.124 seconds
[2024-09-12T15:21:35.683+0000] {processor.py:186} INFO - Started process (PID=215) to work on /home/airflow/.local/lib/python3.12/site-packages/airflow/example_dags/example_branch_python_dop_operator_3.py
[2024-09-12T15:21:35.685+0000] {processor.py:914} INFO - Processing file /home/airflow/.local/lib/python3.12/site-packages/airflow/example_dags/example_branch_python_dop_operator_3.py for tasks to queue
[2024-09-12T15:21:35.691+0000] {logging_mixin.py:190} INFO - [2024-09-12T15:21:35.691+0000] {dagbag.py:587} INFO - Filling up the DagBag from /home/airflow/.local/lib/python3.12/site-packages/airflow/example_dags/example_branch_python_dop_operator_3.py
[2024-09-12T15:21:35.710+0000] {processor.py:925} INFO - DAG(s) 'example_branch_dop_operator_v3' retrieved from /home/airflow/.local/lib/python3.12/site-packages/airflow/example_dags/example_branch_python_dop_operator_3.py
[2024-09-12T15:21:35.746+0000] {logging_mixin.py:190} INFO - [2024-09-12T15:21:35.746+0000] {dag.py:3229} INFO - Sync 1 DAGs
[2024-09-12T15:21:35.770+0000] {logging_mixin.py:190} INFO - [2024-09-12T15:21:35.770+0000] {dag.py:4156} INFO - Setting next_dagrun for example_branch_dop_operator_v3 to 2024-09-12 15:20:00+00:00, run_after=2024-09-12 15:21:00+00:00
[2024-09-12T15:21:35.799+0000] {processor.py:208} INFO - Processing /home/airflow/.local/lib/python3.12/site-packages/airflow/example_dags/example_branch_python_dop_operator_3.py took 0.130 seconds
[2024-09-12T15:22:06.680+0000] {processor.py:186} INFO - Started process (PID=277) to work on /home/airflow/.local/lib/python3.12/site-packages/airflow/example_dags/example_branch_python_dop_operator_3.py
[2024-09-12T15:22:06.681+0000] {processor.py:914} INFO - Processing file /home/airflow/.local/lib/python3.12/site-packages/airflow/example_dags/example_branch_python_dop_operator_3.py for tasks to queue
[2024-09-12T15:22:06.687+0000] {logging_mixin.py:190} INFO - [2024-09-12T15:22:06.686+0000] {dagbag.py:587} INFO - Filling up the DagBag from /home/airflow/.local/lib/python3.12/site-packages/airflow/example_dags/example_branch_python_dop_operator_3.py
[2024-09-12T15:22:06.699+0000] {processor.py:925} INFO - DAG(s) 'example_branch_dop_operator_v3' retrieved from /home/airflow/.local/lib/python3.12/site-packages/airflow/example_dags/example_branch_python_dop_operator_3.py
[2024-09-12T15:22:06.739+0000] {logging_mixin.py:190} INFO - [2024-09-12T15:22:06.738+0000] {dag.py:3229} INFO - Sync 1 DAGs
[2024-09-12T15:22:06.778+0000] {logging_mixin.py:190} INFO - [2024-09-12T15:22:06.778+0000] {dag.py:4156} INFO - Setting next_dagrun for example_branch_dop_operator_v3 to 2024-09-12 15:21:00+00:00, run_after=2024-09-12 15:22:00+00:00
[2024-09-12T15:22:06.802+0000] {processor.py:208} INFO - Processing /home/airflow/.local/lib/python3.12/site-packages/airflow/example_dags/example_branch_python_dop_operator_3.py took 0.130 seconds
[2024-09-12T15:22:37.645+0000] {processor.py:186} INFO - Started process (PID=339) to work on /home/airflow/.local/lib/python3.12/site-packages/airflow/example_dags/example_branch_python_dop_operator_3.py
[2024-09-12T15:22:37.647+0000] {processor.py:914} INFO - Processing file /home/airflow/.local/lib/python3.12/site-packages/airflow/example_dags/example_branch_python_dop_operator_3.py for tasks to queue
[2024-09-12T15:22:37.650+0000] {logging_mixin.py:190} INFO - [2024-09-12T15:22:37.649+0000] {dagbag.py:587} INFO - Filling up the DagBag from /home/airflow/.local/lib/python3.12/site-packages/airflow/example_dags/example_branch_python_dop_operator_3.py
[2024-09-12T15:22:37.660+0000] {processor.py:925} INFO - DAG(s) 'example_branch_dop_operator_v3' retrieved from /home/airflow/.local/lib/python3.12/site-packages/airflow/example_dags/example_branch_python_dop_operator_3.py
[2024-09-12T15:22:37.684+0000] {logging_mixin.py:190} INFO - [2024-09-12T15:22:37.683+0000] {dag.py:3229} INFO - Sync 1 DAGs
[2024-09-12T15:22:37.710+0000] {logging_mixin.py:190} INFO - [2024-09-12T15:22:37.710+0000] {dag.py:4156} INFO - Setting next_dagrun for example_branch_dop_operator_v3 to 2024-09-12 15:21:00+00:00, run_after=2024-09-12 15:22:00+00:00
[2024-09-12T15:22:37.725+0000] {processor.py:208} INFO - Processing /home/airflow/.local/lib/python3.12/site-packages/airflow/example_dags/example_branch_python_dop_operator_3.py took 0.085 seconds
[2024-09-12T15:23:07.829+0000] {processor.py:186} INFO - Started process (PID=401) to work on /home/airflow/.local/lib/python3.12/site-packages/airflow/example_dags/example_branch_python_dop_operator_3.py
[2024-09-12T15:23:07.831+0000] {processor.py:914} INFO - Processing file /home/airflow/.local/lib/python3.12/site-packages/airflow/example_dags/example_branch_python_dop_operator_3.py for tasks to queue
[2024-09-12T15:23:07.837+0000] {logging_mixin.py:190} INFO - [2024-09-12T15:23:07.835+0000] {dagbag.py:587} INFO - Filling up the DagBag from /home/airflow/.local/lib/python3.12/site-packages/airflow/example_dags/example_branch_python_dop_operator_3.py
[2024-09-12T15:23:07.851+0000] {processor.py:925} INFO - DAG(s) 'example_branch_dop_operator_v3' retrieved from /home/airflow/.local/lib/python3.12/site-packages/airflow/example_dags/example_branch_python_dop_operator_3.py
[2024-09-12T15:23:07.874+0000] {logging_mixin.py:190} INFO - [2024-09-12T15:23:07.874+0000] {dag.py:3229} INFO - Sync 1 DAGs
[2024-09-12T15:23:07.896+0000] {logging_mixin.py:190} INFO - [2024-09-12T15:23:07.896+0000] {dag.py:4156} INFO - Setting next_dagrun for example_branch_dop_operator_v3 to 2024-09-12 15:22:00+00:00, run_after=2024-09-12 15:23:00+00:00
[2024-09-12T15:23:07.907+0000] {processor.py:208} INFO - Processing /home/airflow/.local/lib/python3.12/site-packages/airflow/example_dags/example_branch_python_dop_operator_3.py took 0.088 seconds
[2024-09-12T15:23:38.921+0000] {processor.py:186} INFO - Started process (PID=463) to work on /home/airflow/.local/lib/python3.12/site-packages/airflow/example_dags/example_branch_python_dop_operator_3.py
[2024-09-12T15:23:38.924+0000] {processor.py:914} INFO - Processing file /home/airflow/.local/lib/python3.12/site-packages/airflow/example_dags/example_branch_python_dop_operator_3.py for tasks to queue
[2024-09-12T15:23:38.930+0000] {logging_mixin.py:190} INFO - [2024-09-12T15:23:38.929+0000] {dagbag.py:587} INFO - Filling up the DagBag from /home/airflow/.local/lib/python3.12/site-packages/airflow/example_dags/example_branch_python_dop_operator_3.py
[2024-09-12T15:23:38.946+0000] {processor.py:925} INFO - DAG(s) 'example_branch_dop_operator_v3' retrieved from /home/airflow/.local/lib/python3.12/site-packages/airflow/example_dags/example_branch_python_dop_operator_3.py
[2024-09-12T15:23:38.999+0000] {logging_mixin.py:190} INFO - [2024-09-12T15:23:38.999+0000] {dag.py:3229} INFO - Sync 1 DAGs
[2024-09-12T15:23:39.048+0000] {logging_mixin.py:190} INFO - [2024-09-12T15:23:39.047+0000] {dag.py:4156} INFO - Setting next_dagrun for example_branch_dop_operator_v3 to 2024-09-12 15:22:00+00:00, run_after=2024-09-12 15:23:00+00:00
[2024-09-12T15:23:39.060+0000] {processor.py:208} INFO - Processing /home/airflow/.local/lib/python3.12/site-packages/airflow/example_dags/example_branch_python_dop_operator_3.py took 0.150 seconds
[2024-09-12T15:24:09.322+0000] {processor.py:186} INFO - Started process (PID=524) to work on /home/airflow/.local/lib/python3.12/site-packages/airflow/example_dags/example_branch_python_dop_operator_3.py
[2024-09-12T15:24:09.325+0000] {processor.py:914} INFO - Processing file /home/airflow/.local/lib/python3.12/site-packages/airflow/example_dags/example_branch_python_dop_operator_3.py for tasks to queue
[2024-09-12T15:24:09.328+0000] {logging_mixin.py:190} INFO - [2024-09-12T15:24:09.327+0000] {dagbag.py:587} INFO - Filling up the DagBag from /home/airflow/.local/lib/python3.12/site-packages/airflow/example_dags/example_branch_python_dop_operator_3.py
[2024-09-12T15:24:09.341+0000] {processor.py:925} INFO - DAG(s) 'example_branch_dop_operator_v3' retrieved from /home/airflow/.local/lib/python3.12/site-packages/airflow/example_dags/example_branch_python_dop_operator_3.py
[2024-09-12T15:24:09.359+0000] {logging_mixin.py:190} INFO - [2024-09-12T15:24:09.359+0000] {dag.py:3229} INFO - Sync 1 DAGs
[2024-09-12T15:24:09.380+0000] {logging_mixin.py:190} INFO - [2024-09-12T15:24:09.380+0000] {dag.py:4156} INFO - Setting next_dagrun for example_branch_dop_operator_v3 to 2024-09-12 15:23:00+00:00, run_after=2024-09-12 15:24:00+00:00
[2024-09-12T15:24:09.393+0000] {processor.py:208} INFO - Processing /home/airflow/.local/lib/python3.12/site-packages/airflow/example_dags/example_branch_python_dop_operator_3.py took 0.077 seconds
[2024-09-12T15:24:40.298+0000] {processor.py:186} INFO - Started process (PID=586) to work on /home/airflow/.local/lib/python3.12/site-packages/airflow/example_dags/example_branch_python_dop_operator_3.py
[2024-09-12T15:24:40.299+0000] {processor.py:914} INFO - Processing file /home/airflow/.local/lib/python3.12/site-packages/airflow/example_dags/example_branch_python_dop_operator_3.py for tasks to queue
[2024-09-12T15:24:40.302+0000] {logging_mixin.py:190} INFO - [2024-09-12T15:24:40.302+0000] {dagbag.py:587} INFO - Filling up the DagBag from /home/airflow/.local/lib/python3.12/site-packages/airflow/example_dags/example_branch_python_dop_operator_3.py
[2024-09-12T15:24:40.318+0000] {processor.py:925} INFO - DAG(s) 'example_branch_dop_operator_v3' retrieved from /home/airflow/.local/lib/python3.12/site-packages/airflow/example_dags/example_branch_python_dop_operator_3.py
[2024-09-12T15:24:40.337+0000] {logging_mixin.py:190} INFO - [2024-09-12T15:24:40.337+0000] {dag.py:3229} INFO - Sync 1 DAGs
[2024-09-12T15:24:40.355+0000] {logging_mixin.py:190} INFO - [2024-09-12T15:24:40.355+0000] {dag.py:4156} INFO - Setting next_dagrun for example_branch_dop_operator_v3 to 2024-09-12 15:23:00+00:00, run_after=2024-09-12 15:24:00+00:00
[2024-09-12T15:24:40.368+0000] {processor.py:208} INFO - Processing /home/airflow/.local/lib/python3.12/site-packages/airflow/example_dags/example_branch_python_dop_operator_3.py took 0.078 seconds
[2024-09-12T15:25:10.590+0000] {processor.py:186} INFO - Started process (PID=648) to work on /home/airflow/.local/lib/python3.12/site-packages/airflow/example_dags/example_branch_python_dop_operator_3.py
[2024-09-12T15:25:10.592+0000] {processor.py:914} INFO - Processing file /home/airflow/.local/lib/python3.12/site-packages/airflow/example_dags/example_branch_python_dop_operator_3.py for tasks to queue
[2024-09-12T15:25:10.596+0000] {logging_mixin.py:190} INFO - [2024-09-12T15:25:10.595+0000] {dagbag.py:587} INFO - Filling up the DagBag from /home/airflow/.local/lib/python3.12/site-packages/airflow/example_dags/example_branch_python_dop_operator_3.py
[2024-09-12T15:25:10.608+0000] {processor.py:925} INFO - DAG(s) 'example_branch_dop_operator_v3' retrieved from /home/airflow/.local/lib/python3.12/site-packages/airflow/example_dags/example_branch_python_dop_operator_3.py
[2024-09-12T15:25:10.632+0000] {logging_mixin.py:190} INFO - [2024-09-12T15:25:10.631+0000] {dag.py:3229} INFO - Sync 1 DAGs
[2024-09-12T15:25:10.653+0000] {logging_mixin.py:190} INFO - [2024-09-12T15:25:10.653+0000] {dag.py:4156} INFO - Setting next_dagrun for example_branch_dop_operator_v3 to 2024-09-12 15:24:00+00:00, run_after=2024-09-12 15:25:00+00:00
[2024-09-12T15:25:10.666+0000] {processor.py:208} INFO - Processing /home/airflow/.local/lib/python3.12/site-packages/airflow/example_dags/example_branch_python_dop_operator_3.py took 0.081 seconds
[2024-09-12T15:25:40.915+0000] {processor.py:186} INFO - Started process (PID=710) to work on /home/airflow/.local/lib/python3.12/site-packages/airflow/example_dags/example_branch_python_dop_operator_3.py
[2024-09-12T15:25:40.917+0000] {processor.py:914} INFO - Processing file /home/airflow/.local/lib/python3.12/site-packages/airflow/example_dags/example_branch_python_dop_operator_3.py for tasks to queue
[2024-09-12T15:25:40.923+0000] {logging_mixin.py:190} INFO - [2024-09-12T15:25:40.922+0000] {dagbag.py:587} INFO - Filling up the DagBag from /home/airflow/.local/lib/python3.12/site-packages/airflow/example_dags/example_branch_python_dop_operator_3.py
[2024-09-12T15:25:40.935+0000] {processor.py:925} INFO - DAG(s) 'example_branch_dop_operator_v3' retrieved from /home/airflow/.local/lib/python3.12/site-packages/airflow/example_dags/example_branch_python_dop_operator_3.py
[2024-09-12T15:25:40.956+0000] {logging_mixin.py:190} INFO - [2024-09-12T15:25:40.956+0000] {dag.py:3229} INFO - Sync 1 DAGs
[2024-09-12T15:25:40.975+0000] {logging_mixin.py:190} INFO - [2024-09-12T15:25:40.975+0000] {dag.py:4156} INFO - Setting next_dagrun for example_branch_dop_operator_v3 to 2024-09-12 15:24:00+00:00, run_after=2024-09-12 15:25:00+00:00
[2024-09-12T15:25:40.988+0000] {processor.py:208} INFO - Processing /home/airflow/.local/lib/python3.12/site-packages/airflow/example_dags/example_branch_python_dop_operator_3.py took 0.080 seconds
[2024-09-12T15:26:11.104+0000] {processor.py:186} INFO - Started process (PID=772) to work on /home/airflow/.local/lib/python3.12/site-packages/airflow/example_dags/example_branch_python_dop_operator_3.py
[2024-09-12T15:26:11.105+0000] {processor.py:914} INFO - Processing file /home/airflow/.local/lib/python3.12/site-packages/airflow/example_dags/example_branch_python_dop_operator_3.py for tasks to queue
[2024-09-12T15:26:11.110+0000] {logging_mixin.py:190} INFO - [2024-09-12T15:26:11.109+0000] {dagbag.py:587} INFO - Filling up the DagBag from /home/airflow/.local/lib/python3.12/site-packages/airflow/example_dags/example_branch_python_dop_operator_3.py
[2024-09-12T15:26:11.132+0000] {processor.py:925} INFO - DAG(s) 'example_branch_dop_operator_v3' retrieved from /home/airflow/.local/lib/python3.12/site-packages/airflow/example_dags/example_branch_python_dop_operator_3.py
[2024-09-12T15:26:11.178+0000] {logging_mixin.py:190} INFO - [2024-09-12T15:26:11.178+0000] {dag.py:3229} INFO - Sync 1 DAGs
[2024-09-12T15:26:11.223+0000] {logging_mixin.py:190} INFO - [2024-09-12T15:26:11.223+0000] {dag.py:4156} INFO - Setting next_dagrun for example_branch_dop_operator_v3 to 2024-09-12 15:25:00+00:00, run_after=2024-09-12 15:26:00+00:00
[2024-09-12T15:26:11.243+0000] {processor.py:208} INFO - Processing /home/airflow/.local/lib/python3.12/site-packages/airflow/example_dags/example_branch_python_dop_operator_3.py took 0.151 seconds
[2024-09-12T15:26:41.334+0000] {processor.py:186} INFO - Started process (PID=834) to work on /home/airflow/.local/lib/python3.12/site-packages/airflow/example_dags/example_branch_python_dop_operator_3.py
[2024-09-12T15:26:41.336+0000] {processor.py:914} INFO - Processing file /home/airflow/.local/lib/python3.12/site-packages/airflow/example_dags/example_branch_python_dop_operator_3.py for tasks to queue
[2024-09-12T15:26:41.342+0000] {logging_mixin.py:190} INFO - [2024-09-12T15:26:41.342+0000] {dagbag.py:587} INFO - Filling up the DagBag from /home/airflow/.local/lib/python3.12/site-packages/airflow/example_dags/example_branch_python_dop_operator_3.py
[2024-09-12T15:26:41.359+0000] {processor.py:925} INFO - DAG(s) 'example_branch_dop_operator_v3' retrieved from /home/airflow/.local/lib/python3.12/site-packages/airflow/example_dags/example_branch_python_dop_operator_3.py
[2024-09-12T15:26:41.383+0000] {logging_mixin.py:190} INFO - [2024-09-12T15:26:41.383+0000] {dag.py:3229} INFO - Sync 1 DAGs
[2024-09-12T15:26:41.404+0000] {logging_mixin.py:190} INFO - [2024-09-12T15:26:41.404+0000] {dag.py:4156} INFO - Setting next_dagrun for example_branch_dop_operator_v3 to 2024-09-12 15:25:00+00:00, run_after=2024-09-12 15:26:00+00:00
[2024-09-12T15:26:41.419+0000] {processor.py:208} INFO - Processing /home/airflow/.local/lib/python3.12/site-packages/airflow/example_dags/example_branch_python_dop_operator_3.py took 0.092 seconds
[2024-09-12T15:27:11.614+0000] {processor.py:186} INFO - Started process (PID=896) to work on /home/airflow/.local/lib/python3.12/site-packages/airflow/example_dags/example_branch_python_dop_operator_3.py
[2024-09-12T15:27:11.616+0000] {processor.py:914} INFO - Processing file /home/airflow/.local/lib/python3.12/site-packages/airflow/example_dags/example_branch_python_dop_operator_3.py for tasks to queue
[2024-09-12T15:27:11.619+0000] {logging_mixin.py:190} INFO - [2024-09-12T15:27:11.619+0000] {dagbag.py:587} INFO - Filling up the DagBag from /home/airflow/.local/lib/python3.12/site-packages/airflow/example_dags/example_branch_python_dop_operator_3.py
[2024-09-12T15:27:11.629+0000] {processor.py:925} INFO - DAG(s) 'example_branch_dop_operator_v3' retrieved from /home/airflow/.local/lib/python3.12/site-packages/airflow/example_dags/example_branch_python_dop_operator_3.py
[2024-09-12T15:27:11.645+0000] {logging_mixin.py:190} INFO - [2024-09-12T15:27:11.645+0000] {dag.py:3229} INFO - Sync 1 DAGs
[2024-09-12T15:27:11.662+0000] {logging_mixin.py:190} INFO - [2024-09-12T15:27:11.661+0000] {dag.py:4156} INFO - Setting next_dagrun for example_branch_dop_operator_v3 to 2024-09-12 15:26:00+00:00, run_after=2024-09-12 15:27:00+00:00
[2024-09-12T15:27:11.674+0000] {processor.py:208} INFO - Processing /home/airflow/.local/lib/python3.12/site-packages/airflow/example_dags/example_branch_python_dop_operator_3.py took 0.066 seconds
[2024-09-12T15:27:41.784+0000] {processor.py:186} INFO - Started process (PID=958) to work on /home/airflow/.local/lib/python3.12/site-packages/airflow/example_dags/example_branch_python_dop_operator_3.py
[2024-09-12T15:27:41.786+0000] {processor.py:914} INFO - Processing file /home/airflow/.local/lib/python3.12/site-packages/airflow/example_dags/example_branch_python_dop_operator_3.py for tasks to queue
[2024-09-12T15:27:41.790+0000] {logging_mixin.py:190} INFO - [2024-09-12T15:27:41.790+0000] {dagbag.py:587} INFO - Filling up the DagBag from /home/airflow/.local/lib/python3.12/site-packages/airflow/example_dags/example_branch_python_dop_operator_3.py
[2024-09-12T15:27:41.804+0000] {processor.py:925} INFO - DAG(s) 'example_branch_dop_operator_v3' retrieved from /home/airflow/.local/lib/python3.12/site-packages/airflow/example_dags/example_branch_python_dop_operator_3.py
[2024-09-12T15:27:41.828+0000] {logging_mixin.py:190} INFO - [2024-09-12T15:27:41.827+0000] {dag.py:3229} INFO - Sync 1 DAGs
[2024-09-12T15:27:41.852+0000] {logging_mixin.py:190} INFO - [2024-09-12T15:27:41.852+0000] {dag.py:4156} INFO - Setting next_dagrun for example_branch_dop_operator_v3 to 2024-09-12 15:26:00+00:00, run_after=2024-09-12 15:27:00+00:00
[2024-09-12T15:27:41.865+0000] {processor.py:208} INFO - Processing /home/airflow/.local/lib/python3.12/site-packages/airflow/example_dags/example_branch_python_dop_operator_3.py took 0.088 seconds
[2024-09-12T15:28:11.947+0000] {processor.py:186} INFO - Started process (PID=1020) to work on /home/airflow/.local/lib/python3.12/site-packages/airflow/example_dags/example_branch_python_dop_operator_3.py
[2024-09-12T15:28:11.949+0000] {processor.py:914} INFO - Processing file /home/airflow/.local/lib/python3.12/site-packages/airflow/example_dags/example_branch_python_dop_operator_3.py for tasks to queue
[2024-09-12T15:28:11.952+0000] {logging_mixin.py:190} INFO - [2024-09-12T15:28:11.952+0000] {dagbag.py:587} INFO - Filling up the DagBag from /home/airflow/.local/lib/python3.12/site-packages/airflow/example_dags/example_branch_python_dop_operator_3.py
[2024-09-12T15:28:11.967+0000] {processor.py:925} INFO - DAG(s) 'example_branch_dop_operator_v3' retrieved from /home/airflow/.local/lib/python3.12/site-packages/airflow/example_dags/example_branch_python_dop_operator_3.py
[2024-09-12T15:28:11.991+0000] {logging_mixin.py:190} INFO - [2024-09-12T15:28:11.991+0000] {dag.py:3229} INFO - Sync 1 DAGs
[2024-09-12T15:28:12.016+0000] {logging_mixin.py:190} INFO - [2024-09-12T15:28:12.016+0000] {dag.py:4156} INFO - Setting next_dagrun for example_branch_dop_operator_v3 to 2024-09-12 15:27:00+00:00, run_after=2024-09-12 15:28:00+00:00
[2024-09-12T15:28:12.030+0000] {processor.py:208} INFO - Processing /home/airflow/.local/lib/python3.12/site-packages/airflow/example_dags/example_branch_python_dop_operator_3.py took 0.090 seconds
[2024-09-12T15:28:42.615+0000] {processor.py:186} INFO - Started process (PID=1082) to work on /home/airflow/.local/lib/python3.12/site-packages/airflow/example_dags/example_branch_python_dop_operator_3.py
[2024-09-12T15:28:42.616+0000] {processor.py:914} INFO - Processing file /home/airflow/.local/lib/python3.12/site-packages/airflow/example_dags/example_branch_python_dop_operator_3.py for tasks to queue
[2024-09-12T15:28:42.620+0000] {logging_mixin.py:190} INFO - [2024-09-12T15:28:42.619+0000] {dagbag.py:587} INFO - Filling up the DagBag from /home/airflow/.local/lib/python3.12/site-packages/airflow/example_dags/example_branch_python_dop_operator_3.py
[2024-09-12T15:28:42.630+0000] {processor.py:925} INFO - DAG(s) 'example_branch_dop_operator_v3' retrieved from /home/airflow/.local/lib/python3.12/site-packages/airflow/example_dags/example_branch_python_dop_operator_3.py
[2024-09-12T15:28:42.647+0000] {logging_mixin.py:190} INFO - [2024-09-12T15:28:42.646+0000] {dag.py:3229} INFO - Sync 1 DAGs
[2024-09-12T15:28:42.665+0000] {logging_mixin.py:190} INFO - [2024-09-12T15:28:42.665+0000] {dag.py:4156} INFO - Setting next_dagrun for example_branch_dop_operator_v3 to 2024-09-12 15:27:00+00:00, run_after=2024-09-12 15:28:00+00:00
[2024-09-12T15:28:42.676+0000] {processor.py:208} INFO - Processing /home/airflow/.local/lib/python3.12/site-packages/airflow/example_dags/example_branch_python_dop_operator_3.py took 0.067 seconds
[2024-09-12T15:29:12.865+0000] {processor.py:186} INFO - Started process (PID=1144) to work on /home/airflow/.local/lib/python3.12/site-packages/airflow/example_dags/example_branch_python_dop_operator_3.py
[2024-09-12T15:29:12.866+0000] {processor.py:914} INFO - Processing file /home/airflow/.local/lib/python3.12/site-packages/airflow/example_dags/example_branch_python_dop_operator_3.py for tasks to queue
[2024-09-12T15:29:12.869+0000] {logging_mixin.py:190} INFO - [2024-09-12T15:29:12.869+0000] {dagbag.py:587} INFO - Filling up the DagBag from /home/airflow/.local/lib/python3.12/site-packages/airflow/example_dags/example_branch_python_dop_operator_3.py
[2024-09-12T15:29:12.879+0000] {processor.py:925} INFO - DAG(s) 'example_branch_dop_operator_v3' retrieved from /home/airflow/.local/lib/python3.12/site-packages/airflow/example_dags/example_branch_python_dop_operator_3.py
[2024-09-12T15:29:12.896+0000] {logging_mixin.py:190} INFO - [2024-09-12T15:29:12.896+0000] {dag.py:3229} INFO - Sync 1 DAGs
[2024-09-12T15:29:12.916+0000] {logging_mixin.py:190} INFO - [2024-09-12T15:29:12.916+0000] {dag.py:4156} INFO - Setting next_dagrun for example_branch_dop_operator_v3 to 2024-09-12 15:28:00+00:00, run_after=2024-09-12 15:29:00+00:00
[2024-09-12T15:29:12.930+0000] {processor.py:208} INFO - Processing /home/airflow/.local/lib/python3.12/site-packages/airflow/example_dags/example_branch_python_dop_operator_3.py took 0.071 seconds
[2024-09-12T15:29:43.322+0000] {processor.py:186} INFO - Started process (PID=1206) to work on /home/airflow/.local/lib/python3.12/site-packages/airflow/example_dags/example_branch_python_dop_operator_3.py
[2024-09-12T15:29:43.324+0000] {processor.py:914} INFO - Processing file /home/airflow/.local/lib/python3.12/site-packages/airflow/example_dags/example_branch_python_dop_operator_3.py for tasks to queue
[2024-09-12T15:29:43.329+0000] {logging_mixin.py:190} INFO - [2024-09-12T15:29:43.329+0000] {dagbag.py:587} INFO - Filling up the DagBag from /home/airflow/.local/lib/python3.12/site-packages/airflow/example_dags/example_branch_python_dop_operator_3.py
[2024-09-12T15:29:43.343+0000] {processor.py:925} INFO - DAG(s) 'example_branch_dop_operator_v3' retrieved from /home/airflow/.local/lib/python3.12/site-packages/airflow/example_dags/example_branch_python_dop_operator_3.py
[2024-09-12T15:29:43.364+0000] {logging_mixin.py:190} INFO - [2024-09-12T15:29:43.363+0000] {dag.py:3229} INFO - Sync 1 DAGs
[2024-09-12T15:29:43.385+0000] {logging_mixin.py:190} INFO - [2024-09-12T15:29:43.385+0000] {dag.py:4156} INFO - Setting next_dagrun for example_branch_dop_operator_v3 to 2024-09-12 15:28:00+00:00, run_after=2024-09-12 15:29:00+00:00
[2024-09-12T15:29:43.398+0000] {processor.py:208} INFO - Processing /home/airflow/.local/lib/python3.12/site-packages/airflow/example_dags/example_branch_python_dop_operator_3.py took 0.085 seconds
[2024-09-12T15:30:13.516+0000] {processor.py:186} INFO - Started process (PID=1268) to work on /home/airflow/.local/lib/python3.12/site-packages/airflow/example_dags/example_branch_python_dop_operator_3.py
[2024-09-12T15:30:13.518+0000] {processor.py:914} INFO - Processing file /home/airflow/.local/lib/python3.12/site-packages/airflow/example_dags/example_branch_python_dop_operator_3.py for tasks to queue
[2024-09-12T15:30:13.523+0000] {logging_mixin.py:190} INFO - [2024-09-12T15:30:13.523+0000] {dagbag.py:587} INFO - Filling up the DagBag from /home/airflow/.local/lib/python3.12/site-packages/airflow/example_dags/example_branch_python_dop_operator_3.py
[2024-09-12T15:30:13.537+0000] {processor.py:925} INFO - DAG(s) 'example_branch_dop_operator_v3' retrieved from /home/airflow/.local/lib/python3.12/site-packages/airflow/example_dags/example_branch_python_dop_operator_3.py
[2024-09-12T15:30:13.558+0000] {logging_mixin.py:190} INFO - [2024-09-12T15:30:13.558+0000] {dag.py:3229} INFO - Sync 1 DAGs
[2024-09-12T15:30:13.578+0000] {logging_mixin.py:190} INFO - [2024-09-12T15:30:13.578+0000] {dag.py:4156} INFO - Setting next_dagrun for example_branch_dop_operator_v3 to 2024-09-12 15:29:00+00:00, run_after=2024-09-12 15:30:00+00:00
[2024-09-12T15:30:13.589+0000] {processor.py:208} INFO - Processing /home/airflow/.local/lib/python3.12/site-packages/airflow/example_dags/example_branch_python_dop_operator_3.py took 0.083 seconds
[2024-09-12T15:30:44.649+0000] {processor.py:186} INFO - Started process (PID=1330) to work on /home/airflow/.local/lib/python3.12/site-packages/airflow/example_dags/example_branch_python_dop_operator_3.py
[2024-09-12T15:30:44.653+0000] {processor.py:914} INFO - Processing file /home/airflow/.local/lib/python3.12/site-packages/airflow/example_dags/example_branch_python_dop_operator_3.py for tasks to queue
[2024-09-12T15:30:44.657+0000] {logging_mixin.py:190} INFO - [2024-09-12T15:30:44.656+0000] {dagbag.py:587} INFO - Filling up the DagBag from /home/airflow/.local/lib/python3.12/site-packages/airflow/example_dags/example_branch_python_dop_operator_3.py
[2024-09-12T15:30:44.668+0000] {processor.py:925} INFO - DAG(s) 'example_branch_dop_operator_v3' retrieved from /home/airflow/.local/lib/python3.12/site-packages/airflow/example_dags/example_branch_python_dop_operator_3.py
[2024-09-12T15:30:44.690+0000] {logging_mixin.py:190} INFO - [2024-09-12T15:30:44.690+0000] {dag.py:3229} INFO - Sync 1 DAGs
[2024-09-12T15:30:44.712+0000] {logging_mixin.py:190} INFO - [2024-09-12T15:30:44.712+0000] {dag.py:4156} INFO - Setting next_dagrun for example_branch_dop_operator_v3 to 2024-09-12 15:29:00+00:00, run_after=2024-09-12 15:30:00+00:00
[2024-09-12T15:30:44.726+0000] {processor.py:208} INFO - Processing /home/airflow/.local/lib/python3.12/site-packages/airflow/example_dags/example_branch_python_dop_operator_3.py took 0.087 seconds
[2024-09-12T15:31:14.912+0000] {processor.py:186} INFO - Started process (PID=1392) to work on /home/airflow/.local/lib/python3.12/site-packages/airflow/example_dags/example_branch_python_dop_operator_3.py
[2024-09-12T15:31:14.914+0000] {processor.py:914} INFO - Processing file /home/airflow/.local/lib/python3.12/site-packages/airflow/example_dags/example_branch_python_dop_operator_3.py for tasks to queue
[2024-09-12T15:31:14.918+0000] {logging_mixin.py:190} INFO - [2024-09-12T15:31:14.917+0000] {dagbag.py:587} INFO - Filling up the DagBag from /home/airflow/.local/lib/python3.12/site-packages/airflow/example_dags/example_branch_python_dop_operator_3.py
[2024-09-12T15:31:14.929+0000] {processor.py:925} INFO - DAG(s) 'example_branch_dop_operator_v3' retrieved from /home/airflow/.local/lib/python3.12/site-packages/airflow/example_dags/example_branch_python_dop_operator_3.py
[2024-09-12T15:31:14.949+0000] {logging_mixin.py:190} INFO - [2024-09-12T15:31:14.949+0000] {dag.py:3229} INFO - Sync 1 DAGs
[2024-09-12T15:31:14.967+0000] {logging_mixin.py:190} INFO - [2024-09-12T15:31:14.967+0000] {dag.py:4156} INFO - Setting next_dagrun for example_branch_dop_operator_v3 to 2024-09-12 15:30:00+00:00, run_after=2024-09-12 15:31:00+00:00
[2024-09-12T15:31:14.981+0000] {processor.py:208} INFO - Processing /home/airflow/.local/lib/python3.12/site-packages/airflow/example_dags/example_branch_python_dop_operator_3.py took 0.076 seconds
[2024-09-12T15:31:45.254+0000] {processor.py:186} INFO - Started process (PID=1454) to work on /home/airflow/.local/lib/python3.12/site-packages/airflow/example_dags/example_branch_python_dop_operator_3.py
[2024-09-12T15:31:45.256+0000] {processor.py:914} INFO - Processing file /home/airflow/.local/lib/python3.12/site-packages/airflow/example_dags/example_branch_python_dop_operator_3.py for tasks to queue
[2024-09-12T15:31:45.260+0000] {logging_mixin.py:190} INFO - [2024-09-12T15:31:45.259+0000] {dagbag.py:587} INFO - Filling up the DagBag from /home/airflow/.local/lib/python3.12/site-packages/airflow/example_dags/example_branch_python_dop_operator_3.py
[2024-09-12T15:31:45.270+0000] {processor.py:925} INFO - DAG(s) 'example_branch_dop_operator_v3' retrieved from /home/airflow/.local/lib/python3.12/site-packages/airflow/example_dags/example_branch_python_dop_operator_3.py
[2024-09-12T15:31:45.291+0000] {logging_mixin.py:190} INFO - [2024-09-12T15:31:45.290+0000] {dag.py:3229} INFO - Sync 1 DAGs
[2024-09-12T15:31:45.312+0000] {logging_mixin.py:190} INFO - [2024-09-12T15:31:45.312+0000] {dag.py:4156} INFO - Setting next_dagrun for example_branch_dop_operator_v3 to 2024-09-12 15:30:00+00:00, run_after=2024-09-12 15:31:00+00:00
[2024-09-12T15:31:45.324+0000] {processor.py:208} INFO - Processing /home/airflow/.local/lib/python3.12/site-packages/airflow/example_dags/example_branch_python_dop_operator_3.py took 0.076 seconds
[2024-09-12T15:32:15.521+0000] {processor.py:186} INFO - Started process (PID=1516) to work on /home/airflow/.local/lib/python3.12/site-packages/airflow/example_dags/example_branch_python_dop_operator_3.py
[2024-09-12T15:32:15.522+0000] {processor.py:914} INFO - Processing file /home/airflow/.local/lib/python3.12/site-packages/airflow/example_dags/example_branch_python_dop_operator_3.py for tasks to queue
[2024-09-12T15:32:15.525+0000] {logging_mixin.py:190} INFO - [2024-09-12T15:32:15.525+0000] {dagbag.py:587} INFO - Filling up the DagBag from /home/airflow/.local/lib/python3.12/site-packages/airflow/example_dags/example_branch_python_dop_operator_3.py
[2024-09-12T15:32:15.534+0000] {processor.py:925} INFO - DAG(s) 'example_branch_dop_operator_v3' retrieved from /home/airflow/.local/lib/python3.12/site-packages/airflow/example_dags/example_branch_python_dop_operator_3.py
[2024-09-12T15:32:15.552+0000] {logging_mixin.py:190} INFO - [2024-09-12T15:32:15.552+0000] {dag.py:3229} INFO - Sync 1 DAGs
[2024-09-12T15:32:15.568+0000] {logging_mixin.py:190} INFO - [2024-09-12T15:32:15.568+0000] {dag.py:4156} INFO - Setting next_dagrun for example_branch_dop_operator_v3 to 2024-09-12 15:31:00+00:00, run_after=2024-09-12 15:32:00+00:00
[2024-09-12T15:32:15.579+0000] {processor.py:208} INFO - Processing /home/airflow/.local/lib/python3.12/site-packages/airflow/example_dags/example_branch_python_dop_operator_3.py took 0.063 seconds
[2024-09-12T15:32:45.769+0000] {processor.py:186} INFO - Started process (PID=1577) to work on /home/airflow/.local/lib/python3.12/site-packages/airflow/example_dags/example_branch_python_dop_operator_3.py
[2024-09-12T15:32:45.771+0000] {processor.py:914} INFO - Processing file /home/airflow/.local/lib/python3.12/site-packages/airflow/example_dags/example_branch_python_dop_operator_3.py for tasks to queue
[2024-09-12T15:32:45.775+0000] {logging_mixin.py:190} INFO - [2024-09-12T15:32:45.775+0000] {dagbag.py:587} INFO - Filling up the DagBag from /home/airflow/.local/lib/python3.12/site-packages/airflow/example_dags/example_branch_python_dop_operator_3.py
[2024-09-12T15:32:45.787+0000] {processor.py:925} INFO - DAG(s) 'example_branch_dop_operator_v3' retrieved from /home/airflow/.local/lib/python3.12/site-packages/airflow/example_dags/example_branch_python_dop_operator_3.py
[2024-09-12T15:32:45.824+0000] {logging_mixin.py:190} INFO - [2024-09-12T15:32:45.824+0000] {dag.py:3229} INFO - Sync 1 DAGs
[2024-09-12T15:32:45.849+0000] {logging_mixin.py:190} INFO - [2024-09-12T15:32:45.849+0000] {dag.py:4156} INFO - Setting next_dagrun for example_branch_dop_operator_v3 to 2024-09-12 15:31:00+00:00, run_after=2024-09-12 15:32:00+00:00
[2024-09-12T15:32:45.869+0000] {processor.py:208} INFO - Processing /home/airflow/.local/lib/python3.12/site-packages/airflow/example_dags/example_branch_python_dop_operator_3.py took 0.108 seconds
[2024-09-12T15:33:16.185+0000] {processor.py:186} INFO - Started process (PID=1644) to work on /home/airflow/.local/lib/python3.12/site-packages/airflow/example_dags/example_branch_python_dop_operator_3.py
[2024-09-12T15:33:16.186+0000] {processor.py:914} INFO - Processing file /home/airflow/.local/lib/python3.12/site-packages/airflow/example_dags/example_branch_python_dop_operator_3.py for tasks to queue
[2024-09-12T15:33:16.190+0000] {logging_mixin.py:190} INFO - [2024-09-12T15:33:16.189+0000] {dagbag.py:587} INFO - Filling up the DagBag from /home/airflow/.local/lib/python3.12/site-packages/airflow/example_dags/example_branch_python_dop_operator_3.py
[2024-09-12T15:33:16.199+0000] {processor.py:925} INFO - DAG(s) 'example_branch_dop_operator_v3' retrieved from /home/airflow/.local/lib/python3.12/site-packages/airflow/example_dags/example_branch_python_dop_operator_3.py
[2024-09-12T15:33:16.220+0000] {logging_mixin.py:190} INFO - [2024-09-12T15:33:16.220+0000] {dag.py:3229} INFO - Sync 1 DAGs
[2024-09-12T15:33:16.245+0000] {logging_mixin.py:190} INFO - [2024-09-12T15:33:16.245+0000] {dag.py:4156} INFO - Setting next_dagrun for example_branch_dop_operator_v3 to 2024-09-12 15:32:00+00:00, run_after=2024-09-12 15:33:00+00:00
[2024-09-12T15:33:16.258+0000] {processor.py:208} INFO - Processing /home/airflow/.local/lib/python3.12/site-packages/airflow/example_dags/example_branch_python_dop_operator_3.py took 0.078 seconds
[2024-09-12T15:33:46.442+0000] {processor.py:186} INFO - Started process (PID=1706) to work on /home/airflow/.local/lib/python3.12/site-packages/airflow/example_dags/example_branch_python_dop_operator_3.py
[2024-09-12T15:33:46.444+0000] {processor.py:914} INFO - Processing file /home/airflow/.local/lib/python3.12/site-packages/airflow/example_dags/example_branch_python_dop_operator_3.py for tasks to queue
[2024-09-12T15:33:46.449+0000] {logging_mixin.py:190} INFO - [2024-09-12T15:33:46.448+0000] {dagbag.py:587} INFO - Filling up the DagBag from /home/airflow/.local/lib/python3.12/site-packages/airflow/example_dags/example_branch_python_dop_operator_3.py
[2024-09-12T15:33:46.464+0000] {processor.py:925} INFO - DAG(s) 'example_branch_dop_operator_v3' retrieved from /home/airflow/.local/lib/python3.12/site-packages/airflow/example_dags/example_branch_python_dop_operator_3.py
[2024-09-12T15:33:46.496+0000] {logging_mixin.py:190} INFO - [2024-09-12T15:33:46.496+0000] {dag.py:3229} INFO - Sync 1 DAGs
[2024-09-12T15:33:46.519+0000] {logging_mixin.py:190} INFO - [2024-09-12T15:33:46.518+0000] {dag.py:4156} INFO - Setting next_dagrun for example_branch_dop_operator_v3 to 2024-09-12 15:32:00+00:00, run_after=2024-09-12 15:33:00+00:00
[2024-09-12T15:33:46.542+0000] {processor.py:208} INFO - Processing /home/airflow/.local/lib/python3.12/site-packages/airflow/example_dags/example_branch_python_dop_operator_3.py took 0.105 seconds
