[2024-09-12T15:20:10.529+0000] {processor.py:186} INFO - Started process (PID=73) to work on /home/airflow/.local/lib/python3.12/site-packages/airflow/example_dags/example_short_circuit_decorator.py
[2024-09-12T15:20:10.530+0000] {processor.py:914} INFO - Processing file /home/airflow/.local/lib/python3.12/site-packages/airflow/example_dags/example_short_circuit_decorator.py for tasks to queue
[2024-09-12T15:20:10.533+0000] {logging_mixin.py:190} INFO - [2024-09-12T15:20:10.532+0000] {dagbag.py:587} INFO - Filling up the DagBag from /home/airflow/.local/lib/python3.12/site-packages/airflow/example_dags/example_short_circuit_decorator.py
[2024-09-12T15:20:10.541+0000] {processor.py:925} INFO - DAG(s) 'example_short_circuit_decorator' retrieved from /home/airflow/.local/lib/python3.12/site-packages/airflow/example_dags/example_short_circuit_decorator.py
[2024-09-12T15:20:10.613+0000] {logging_mixin.py:190} INFO - [2024-09-12T15:20:10.613+0000] {override.py:1900} INFO - Created Permission View: can read on DAG:example_short_circuit_decorator
[2024-09-12T15:20:10.619+0000] {logging_mixin.py:190} INFO - [2024-09-12T15:20:10.619+0000] {override.py:1900} INFO - Created Permission View: can delete on DAG:example_short_circuit_decorator
[2024-09-12T15:20:10.622+0000] {logging_mixin.py:190} INFO - [2024-09-12T15:20:10.622+0000] {override.py:1900} INFO - Created Permission View: can edit on DAG:example_short_circuit_decorator
[2024-09-12T15:20:10.626+0000] {logging_mixin.py:190} INFO - [2024-09-12T15:20:10.626+0000] {override.py:1900} INFO - Created Permission View: can read on DAG Run:example_short_circuit_decorator
[2024-09-12T15:20:10.629+0000] {logging_mixin.py:190} INFO - [2024-09-12T15:20:10.629+0000] {override.py:1900} INFO - Created Permission View: can create on DAG Run:example_short_circuit_decorator
[2024-09-12T15:20:10.633+0000] {logging_mixin.py:190} INFO - [2024-09-12T15:20:10.633+0000] {override.py:1900} INFO - Created Permission View: menu access on DAG Run:example_short_circuit_decorator
[2024-09-12T15:20:10.637+0000] {logging_mixin.py:190} INFO - [2024-09-12T15:20:10.637+0000] {override.py:1900} INFO - Created Permission View: can delete on DAG Run:example_short_circuit_decorator
[2024-09-12T15:20:10.638+0000] {logging_mixin.py:190} INFO - [2024-09-12T15:20:10.638+0000] {dag.py:3229} INFO - Sync 1 DAGs
[2024-09-12T15:20:10.646+0000] {logging_mixin.py:190} INFO - [2024-09-12T15:20:10.646+0000] {dag.py:3252} INFO - Creating ORM DAG for example_short_circuit_decorator
[2024-09-12T15:20:10.647+0000] {logging_mixin.py:190} INFO - [2024-09-12T15:20:10.647+0000] {dag.py:4156} INFO - Setting next_dagrun for example_short_circuit_decorator to None, run_after=None
[2024-09-12T15:20:10.657+0000] {processor.py:208} INFO - Processing /home/airflow/.local/lib/python3.12/site-packages/airflow/example_dags/example_short_circuit_decorator.py took 0.133 seconds
[2024-09-12T15:20:41.371+0000] {processor.py:186} INFO - Started process (PID=136) to work on /home/airflow/.local/lib/python3.12/site-packages/airflow/example_dags/example_short_circuit_decorator.py
[2024-09-12T15:20:41.373+0000] {processor.py:914} INFO - Processing file /home/airflow/.local/lib/python3.12/site-packages/airflow/example_dags/example_short_circuit_decorator.py for tasks to queue
[2024-09-12T15:20:41.375+0000] {logging_mixin.py:190} INFO - [2024-09-12T15:20:41.375+0000] {dagbag.py:587} INFO - Filling up the DagBag from /home/airflow/.local/lib/python3.12/site-packages/airflow/example_dags/example_short_circuit_decorator.py
[2024-09-12T15:20:41.383+0000] {processor.py:925} INFO - DAG(s) 'example_short_circuit_decorator' retrieved from /home/airflow/.local/lib/python3.12/site-packages/airflow/example_dags/example_short_circuit_decorator.py
[2024-09-12T15:20:41.401+0000] {logging_mixin.py:190} INFO - [2024-09-12T15:20:41.401+0000] {dag.py:3229} INFO - Sync 1 DAGs
[2024-09-12T15:20:41.410+0000] {logging_mixin.py:190} INFO - [2024-09-12T15:20:41.410+0000] {dag.py:4156} INFO - Setting next_dagrun for example_short_circuit_decorator to None, run_after=None
[2024-09-12T15:20:41.422+0000] {processor.py:208} INFO - Processing /home/airflow/.local/lib/python3.12/site-packages/airflow/example_dags/example_short_circuit_decorator.py took 0.055 seconds
[2024-09-12T15:21:11.983+0000] {processor.py:186} INFO - Started process (PID=199) to work on /home/airflow/.local/lib/python3.12/site-packages/airflow/example_dags/example_short_circuit_decorator.py
[2024-09-12T15:21:11.985+0000] {processor.py:914} INFO - Processing file /home/airflow/.local/lib/python3.12/site-packages/airflow/example_dags/example_short_circuit_decorator.py for tasks to queue
[2024-09-12T15:21:11.991+0000] {logging_mixin.py:190} INFO - [2024-09-12T15:21:11.990+0000] {dagbag.py:587} INFO - Filling up the DagBag from /home/airflow/.local/lib/python3.12/site-packages/airflow/example_dags/example_short_circuit_decorator.py
[2024-09-12T15:21:12.020+0000] {processor.py:925} INFO - DAG(s) 'example_short_circuit_decorator' retrieved from /home/airflow/.local/lib/python3.12/site-packages/airflow/example_dags/example_short_circuit_decorator.py
[2024-09-12T15:21:12.072+0000] {logging_mixin.py:190} INFO - [2024-09-12T15:21:12.071+0000] {dag.py:3229} INFO - Sync 1 DAGs
[2024-09-12T15:21:12.091+0000] {logging_mixin.py:190} INFO - [2024-09-12T15:21:12.091+0000] {dag.py:4156} INFO - Setting next_dagrun for example_short_circuit_decorator to None, run_after=None
[2024-09-12T15:21:12.116+0000] {processor.py:208} INFO - Processing /home/airflow/.local/lib/python3.12/site-packages/airflow/example_dags/example_short_circuit_decorator.py took 0.144 seconds
[2024-09-12T15:21:42.862+0000] {processor.py:186} INFO - Started process (PID=261) to work on /home/airflow/.local/lib/python3.12/site-packages/airflow/example_dags/example_short_circuit_decorator.py
[2024-09-12T15:21:42.865+0000] {processor.py:914} INFO - Processing file /home/airflow/.local/lib/python3.12/site-packages/airflow/example_dags/example_short_circuit_decorator.py for tasks to queue
[2024-09-12T15:21:42.869+0000] {logging_mixin.py:190} INFO - [2024-09-12T15:21:42.869+0000] {dagbag.py:587} INFO - Filling up the DagBag from /home/airflow/.local/lib/python3.12/site-packages/airflow/example_dags/example_short_circuit_decorator.py
[2024-09-12T15:21:42.883+0000] {processor.py:925} INFO - DAG(s) 'example_short_circuit_decorator' retrieved from /home/airflow/.local/lib/python3.12/site-packages/airflow/example_dags/example_short_circuit_decorator.py
[2024-09-12T15:21:42.920+0000] {logging_mixin.py:190} INFO - [2024-09-12T15:21:42.920+0000] {dag.py:3229} INFO - Sync 1 DAGs
[2024-09-12T15:21:42.933+0000] {logging_mixin.py:190} INFO - [2024-09-12T15:21:42.933+0000] {dag.py:4156} INFO - Setting next_dagrun for example_short_circuit_decorator to None, run_after=None
[2024-09-12T15:21:42.950+0000] {processor.py:208} INFO - Processing /home/airflow/.local/lib/python3.12/site-packages/airflow/example_dags/example_short_circuit_decorator.py took 0.093 seconds
[2024-09-12T15:22:13.896+0000] {processor.py:186} INFO - Started process (PID=323) to work on /home/airflow/.local/lib/python3.12/site-packages/airflow/example_dags/example_short_circuit_decorator.py
[2024-09-12T15:22:13.898+0000] {processor.py:914} INFO - Processing file /home/airflow/.local/lib/python3.12/site-packages/airflow/example_dags/example_short_circuit_decorator.py for tasks to queue
[2024-09-12T15:22:13.900+0000] {logging_mixin.py:190} INFO - [2024-09-12T15:22:13.900+0000] {dagbag.py:587} INFO - Filling up the DagBag from /home/airflow/.local/lib/python3.12/site-packages/airflow/example_dags/example_short_circuit_decorator.py
[2024-09-12T15:22:13.908+0000] {processor.py:925} INFO - DAG(s) 'example_short_circuit_decorator' retrieved from /home/airflow/.local/lib/python3.12/site-packages/airflow/example_dags/example_short_circuit_decorator.py
[2024-09-12T15:22:13.931+0000] {logging_mixin.py:190} INFO - [2024-09-12T15:22:13.931+0000] {dag.py:3229} INFO - Sync 1 DAGs
[2024-09-12T15:22:13.943+0000] {logging_mixin.py:190} INFO - [2024-09-12T15:22:13.943+0000] {dag.py:4156} INFO - Setting next_dagrun for example_short_circuit_decorator to None, run_after=None
[2024-09-12T15:22:13.958+0000] {processor.py:208} INFO - Processing /home/airflow/.local/lib/python3.12/site-packages/airflow/example_dags/example_short_circuit_decorator.py took 0.067 seconds
[2024-09-12T15:22:44.169+0000] {processor.py:186} INFO - Started process (PID=385) to work on /home/airflow/.local/lib/python3.12/site-packages/airflow/example_dags/example_short_circuit_decorator.py
[2024-09-12T15:22:44.170+0000] {processor.py:914} INFO - Processing file /home/airflow/.local/lib/python3.12/site-packages/airflow/example_dags/example_short_circuit_decorator.py for tasks to queue
[2024-09-12T15:22:44.173+0000] {logging_mixin.py:190} INFO - [2024-09-12T15:22:44.173+0000] {dagbag.py:587} INFO - Filling up the DagBag from /home/airflow/.local/lib/python3.12/site-packages/airflow/example_dags/example_short_circuit_decorator.py
[2024-09-12T15:22:44.181+0000] {processor.py:925} INFO - DAG(s) 'example_short_circuit_decorator' retrieved from /home/airflow/.local/lib/python3.12/site-packages/airflow/example_dags/example_short_circuit_decorator.py
[2024-09-12T15:22:44.203+0000] {logging_mixin.py:190} INFO - [2024-09-12T15:22:44.203+0000] {dag.py:3229} INFO - Sync 1 DAGs
[2024-09-12T15:22:44.214+0000] {logging_mixin.py:190} INFO - [2024-09-12T15:22:44.214+0000] {dag.py:4156} INFO - Setting next_dagrun for example_short_circuit_decorator to None, run_after=None
[2024-09-12T15:22:44.226+0000] {processor.py:208} INFO - Processing /home/airflow/.local/lib/python3.12/site-packages/airflow/example_dags/example_short_circuit_decorator.py took 0.062 seconds
[2024-09-12T15:23:14.339+0000] {processor.py:186} INFO - Started process (PID=447) to work on /home/airflow/.local/lib/python3.12/site-packages/airflow/example_dags/example_short_circuit_decorator.py
[2024-09-12T15:23:14.341+0000] {processor.py:914} INFO - Processing file /home/airflow/.local/lib/python3.12/site-packages/airflow/example_dags/example_short_circuit_decorator.py for tasks to queue
[2024-09-12T15:23:14.343+0000] {logging_mixin.py:190} INFO - [2024-09-12T15:23:14.343+0000] {dagbag.py:587} INFO - Filling up the DagBag from /home/airflow/.local/lib/python3.12/site-packages/airflow/example_dags/example_short_circuit_decorator.py
[2024-09-12T15:23:14.350+0000] {processor.py:925} INFO - DAG(s) 'example_short_circuit_decorator' retrieved from /home/airflow/.local/lib/python3.12/site-packages/airflow/example_dags/example_short_circuit_decorator.py
[2024-09-12T15:23:14.368+0000] {logging_mixin.py:190} INFO - [2024-09-12T15:23:14.368+0000] {dag.py:3229} INFO - Sync 1 DAGs
[2024-09-12T15:23:14.379+0000] {logging_mixin.py:190} INFO - [2024-09-12T15:23:14.379+0000] {dag.py:4156} INFO - Setting next_dagrun for example_short_circuit_decorator to None, run_after=None
[2024-09-12T15:23:14.391+0000] {processor.py:208} INFO - Processing /home/airflow/.local/lib/python3.12/site-packages/airflow/example_dags/example_short_circuit_decorator.py took 0.056 seconds
[2024-09-12T15:23:44.705+0000] {processor.py:186} INFO - Started process (PID=514) to work on /home/airflow/.local/lib/python3.12/site-packages/airflow/example_dags/example_short_circuit_decorator.py
[2024-09-12T15:23:44.707+0000] {processor.py:914} INFO - Processing file /home/airflow/.local/lib/python3.12/site-packages/airflow/example_dags/example_short_circuit_decorator.py for tasks to queue
[2024-09-12T15:23:44.715+0000] {logging_mixin.py:190} INFO - [2024-09-12T15:23:44.714+0000] {dagbag.py:587} INFO - Filling up the DagBag from /home/airflow/.local/lib/python3.12/site-packages/airflow/example_dags/example_short_circuit_decorator.py
[2024-09-12T15:23:44.727+0000] {processor.py:925} INFO - DAG(s) 'example_short_circuit_decorator' retrieved from /home/airflow/.local/lib/python3.12/site-packages/airflow/example_dags/example_short_circuit_decorator.py
[2024-09-12T15:23:44.747+0000] {logging_mixin.py:190} INFO - [2024-09-12T15:23:44.747+0000] {dag.py:3229} INFO - Sync 1 DAGs
[2024-09-12T15:23:44.758+0000] {logging_mixin.py:190} INFO - [2024-09-12T15:23:44.758+0000] {dag.py:4156} INFO - Setting next_dagrun for example_short_circuit_decorator to None, run_after=None
[2024-09-12T15:23:44.770+0000] {processor.py:208} INFO - Processing /home/airflow/.local/lib/python3.12/site-packages/airflow/example_dags/example_short_circuit_decorator.py took 0.072 seconds
[2024-09-12T15:24:15.656+0000] {processor.py:186} INFO - Started process (PID=576) to work on /home/airflow/.local/lib/python3.12/site-packages/airflow/example_dags/example_short_circuit_decorator.py
[2024-09-12T15:24:15.658+0000] {processor.py:914} INFO - Processing file /home/airflow/.local/lib/python3.12/site-packages/airflow/example_dags/example_short_circuit_decorator.py for tasks to queue
[2024-09-12T15:24:15.660+0000] {logging_mixin.py:190} INFO - [2024-09-12T15:24:15.660+0000] {dagbag.py:587} INFO - Filling up the DagBag from /home/airflow/.local/lib/python3.12/site-packages/airflow/example_dags/example_short_circuit_decorator.py
[2024-09-12T15:24:15.668+0000] {processor.py:925} INFO - DAG(s) 'example_short_circuit_decorator' retrieved from /home/airflow/.local/lib/python3.12/site-packages/airflow/example_dags/example_short_circuit_decorator.py
[2024-09-12T15:24:15.686+0000] {logging_mixin.py:190} INFO - [2024-09-12T15:24:15.685+0000] {dag.py:3229} INFO - Sync 1 DAGs
[2024-09-12T15:24:15.695+0000] {logging_mixin.py:190} INFO - [2024-09-12T15:24:15.695+0000] {dag.py:4156} INFO - Setting next_dagrun for example_short_circuit_decorator to None, run_after=None
[2024-09-12T15:24:15.706+0000] {processor.py:208} INFO - Processing /home/airflow/.local/lib/python3.12/site-packages/airflow/example_dags/example_short_circuit_decorator.py took 0.054 seconds
[2024-09-12T15:24:45.919+0000] {processor.py:186} INFO - Started process (PID=638) to work on /home/airflow/.local/lib/python3.12/site-packages/airflow/example_dags/example_short_circuit_decorator.py
[2024-09-12T15:24:45.921+0000] {processor.py:914} INFO - Processing file /home/airflow/.local/lib/python3.12/site-packages/airflow/example_dags/example_short_circuit_decorator.py for tasks to queue
[2024-09-12T15:24:45.923+0000] {logging_mixin.py:190} INFO - [2024-09-12T15:24:45.923+0000] {dagbag.py:587} INFO - Filling up the DagBag from /home/airflow/.local/lib/python3.12/site-packages/airflow/example_dags/example_short_circuit_decorator.py
[2024-09-12T15:24:45.935+0000] {processor.py:925} INFO - DAG(s) 'example_short_circuit_decorator' retrieved from /home/airflow/.local/lib/python3.12/site-packages/airflow/example_dags/example_short_circuit_decorator.py
[2024-09-12T15:24:45.954+0000] {logging_mixin.py:190} INFO - [2024-09-12T15:24:45.954+0000] {dag.py:3229} INFO - Sync 1 DAGs
[2024-09-12T15:24:45.964+0000] {logging_mixin.py:190} INFO - [2024-09-12T15:24:45.964+0000] {dag.py:4156} INFO - Setting next_dagrun for example_short_circuit_decorator to None, run_after=None
[2024-09-12T15:24:45.977+0000] {processor.py:208} INFO - Processing /home/airflow/.local/lib/python3.12/site-packages/airflow/example_dags/example_short_circuit_decorator.py took 0.062 seconds
[2024-09-12T15:25:16.260+0000] {processor.py:186} INFO - Started process (PID=700) to work on /home/airflow/.local/lib/python3.12/site-packages/airflow/example_dags/example_short_circuit_decorator.py
[2024-09-12T15:25:16.262+0000] {processor.py:914} INFO - Processing file /home/airflow/.local/lib/python3.12/site-packages/airflow/example_dags/example_short_circuit_decorator.py for tasks to queue
[2024-09-12T15:25:16.267+0000] {logging_mixin.py:190} INFO - [2024-09-12T15:25:16.266+0000] {dagbag.py:587} INFO - Filling up the DagBag from /home/airflow/.local/lib/python3.12/site-packages/airflow/example_dags/example_short_circuit_decorator.py
[2024-09-12T15:25:16.275+0000] {processor.py:925} INFO - DAG(s) 'example_short_circuit_decorator' retrieved from /home/airflow/.local/lib/python3.12/site-packages/airflow/example_dags/example_short_circuit_decorator.py
[2024-09-12T15:25:16.293+0000] {logging_mixin.py:190} INFO - [2024-09-12T15:25:16.293+0000] {dag.py:3229} INFO - Sync 1 DAGs
[2024-09-12T15:25:16.303+0000] {logging_mixin.py:190} INFO - [2024-09-12T15:25:16.302+0000] {dag.py:4156} INFO - Setting next_dagrun for example_short_circuit_decorator to None, run_after=None
[2024-09-12T15:25:16.313+0000] {processor.py:208} INFO - Processing /home/airflow/.local/lib/python3.12/site-packages/airflow/example_dags/example_short_circuit_decorator.py took 0.057 seconds
[2024-09-12T15:25:46.410+0000] {processor.py:186} INFO - Started process (PID=762) to work on /home/airflow/.local/lib/python3.12/site-packages/airflow/example_dags/example_short_circuit_decorator.py
[2024-09-12T15:25:46.411+0000] {processor.py:914} INFO - Processing file /home/airflow/.local/lib/python3.12/site-packages/airflow/example_dags/example_short_circuit_decorator.py for tasks to queue
[2024-09-12T15:25:46.413+0000] {logging_mixin.py:190} INFO - [2024-09-12T15:25:46.413+0000] {dagbag.py:587} INFO - Filling up the DagBag from /home/airflow/.local/lib/python3.12/site-packages/airflow/example_dags/example_short_circuit_decorator.py
[2024-09-12T15:25:46.421+0000] {processor.py:925} INFO - DAG(s) 'example_short_circuit_decorator' retrieved from /home/airflow/.local/lib/python3.12/site-packages/airflow/example_dags/example_short_circuit_decorator.py
[2024-09-12T15:25:46.439+0000] {logging_mixin.py:190} INFO - [2024-09-12T15:25:46.439+0000] {dag.py:3229} INFO - Sync 1 DAGs
[2024-09-12T15:25:46.448+0000] {logging_mixin.py:190} INFO - [2024-09-12T15:25:46.448+0000] {dag.py:4156} INFO - Setting next_dagrun for example_short_circuit_decorator to None, run_after=None
[2024-09-12T15:25:46.459+0000] {processor.py:208} INFO - Processing /home/airflow/.local/lib/python3.12/site-packages/airflow/example_dags/example_short_circuit_decorator.py took 0.054 seconds
[2024-09-12T15:26:16.711+0000] {processor.py:186} INFO - Started process (PID=824) to work on /home/airflow/.local/lib/python3.12/site-packages/airflow/example_dags/example_short_circuit_decorator.py
[2024-09-12T15:26:16.712+0000] {processor.py:914} INFO - Processing file /home/airflow/.local/lib/python3.12/site-packages/airflow/example_dags/example_short_circuit_decorator.py for tasks to queue
[2024-09-12T15:26:16.715+0000] {logging_mixin.py:190} INFO - [2024-09-12T15:26:16.714+0000] {dagbag.py:587} INFO - Filling up the DagBag from /home/airflow/.local/lib/python3.12/site-packages/airflow/example_dags/example_short_circuit_decorator.py
[2024-09-12T15:26:16.722+0000] {processor.py:925} INFO - DAG(s) 'example_short_circuit_decorator' retrieved from /home/airflow/.local/lib/python3.12/site-packages/airflow/example_dags/example_short_circuit_decorator.py
[2024-09-12T15:26:16.739+0000] {logging_mixin.py:190} INFO - [2024-09-12T15:26:16.739+0000] {dag.py:3229} INFO - Sync 1 DAGs
[2024-09-12T15:26:16.749+0000] {logging_mixin.py:190} INFO - [2024-09-12T15:26:16.749+0000] {dag.py:4156} INFO - Setting next_dagrun for example_short_circuit_decorator to None, run_after=None
[2024-09-12T15:26:16.763+0000] {processor.py:208} INFO - Processing /home/airflow/.local/lib/python3.12/site-packages/airflow/example_dags/example_short_circuit_decorator.py took 0.057 seconds
[2024-09-12T15:26:46.950+0000] {processor.py:186} INFO - Started process (PID=886) to work on /home/airflow/.local/lib/python3.12/site-packages/airflow/example_dags/example_short_circuit_decorator.py
[2024-09-12T15:26:46.951+0000] {processor.py:914} INFO - Processing file /home/airflow/.local/lib/python3.12/site-packages/airflow/example_dags/example_short_circuit_decorator.py for tasks to queue
[2024-09-12T15:26:46.953+0000] {logging_mixin.py:190} INFO - [2024-09-12T15:26:46.953+0000] {dagbag.py:587} INFO - Filling up the DagBag from /home/airflow/.local/lib/python3.12/site-packages/airflow/example_dags/example_short_circuit_decorator.py
[2024-09-12T15:26:46.961+0000] {processor.py:925} INFO - DAG(s) 'example_short_circuit_decorator' retrieved from /home/airflow/.local/lib/python3.12/site-packages/airflow/example_dags/example_short_circuit_decorator.py
[2024-09-12T15:26:46.980+0000] {logging_mixin.py:190} INFO - [2024-09-12T15:26:46.980+0000] {dag.py:3229} INFO - Sync 1 DAGs
[2024-09-12T15:26:46.989+0000] {logging_mixin.py:190} INFO - [2024-09-12T15:26:46.989+0000] {dag.py:4156} INFO - Setting next_dagrun for example_short_circuit_decorator to None, run_after=None
[2024-09-12T15:26:47.001+0000] {processor.py:208} INFO - Processing /home/airflow/.local/lib/python3.12/site-packages/airflow/example_dags/example_short_circuit_decorator.py took 0.056 seconds
[2024-09-12T15:27:17.051+0000] {processor.py:186} INFO - Started process (PID=948) to work on /home/airflow/.local/lib/python3.12/site-packages/airflow/example_dags/example_short_circuit_decorator.py
[2024-09-12T15:27:17.052+0000] {processor.py:914} INFO - Processing file /home/airflow/.local/lib/python3.12/site-packages/airflow/example_dags/example_short_circuit_decorator.py for tasks to queue
[2024-09-12T15:27:17.054+0000] {logging_mixin.py:190} INFO - [2024-09-12T15:27:17.054+0000] {dagbag.py:587} INFO - Filling up the DagBag from /home/airflow/.local/lib/python3.12/site-packages/airflow/example_dags/example_short_circuit_decorator.py
[2024-09-12T15:27:17.062+0000] {processor.py:925} INFO - DAG(s) 'example_short_circuit_decorator' retrieved from /home/airflow/.local/lib/python3.12/site-packages/airflow/example_dags/example_short_circuit_decorator.py
[2024-09-12T15:27:17.079+0000] {logging_mixin.py:190} INFO - [2024-09-12T15:27:17.079+0000] {dag.py:3229} INFO - Sync 1 DAGs
[2024-09-12T15:27:17.089+0000] {logging_mixin.py:190} INFO - [2024-09-12T15:27:17.088+0000] {dag.py:4156} INFO - Setting next_dagrun for example_short_circuit_decorator to None, run_after=None
[2024-09-12T15:27:17.099+0000] {processor.py:208} INFO - Processing /home/airflow/.local/lib/python3.12/site-packages/airflow/example_dags/example_short_circuit_decorator.py took 0.053 seconds
[2024-09-12T15:27:48.121+0000] {processor.py:186} INFO - Started process (PID=1010) to work on /home/airflow/.local/lib/python3.12/site-packages/airflow/example_dags/example_short_circuit_decorator.py
[2024-09-12T15:27:48.122+0000] {processor.py:914} INFO - Processing file /home/airflow/.local/lib/python3.12/site-packages/airflow/example_dags/example_short_circuit_decorator.py for tasks to queue
[2024-09-12T15:27:48.124+0000] {logging_mixin.py:190} INFO - [2024-09-12T15:27:48.124+0000] {dagbag.py:587} INFO - Filling up the DagBag from /home/airflow/.local/lib/python3.12/site-packages/airflow/example_dags/example_short_circuit_decorator.py
[2024-09-12T15:27:48.131+0000] {processor.py:925} INFO - DAG(s) 'example_short_circuit_decorator' retrieved from /home/airflow/.local/lib/python3.12/site-packages/airflow/example_dags/example_short_circuit_decorator.py
[2024-09-12T15:27:48.149+0000] {logging_mixin.py:190} INFO - [2024-09-12T15:27:48.149+0000] {dag.py:3229} INFO - Sync 1 DAGs
[2024-09-12T15:27:48.158+0000] {logging_mixin.py:190} INFO - [2024-09-12T15:27:48.158+0000] {dag.py:4156} INFO - Setting next_dagrun for example_short_circuit_decorator to None, run_after=None
[2024-09-12T15:27:48.171+0000] {processor.py:208} INFO - Processing /home/airflow/.local/lib/python3.12/site-packages/airflow/example_dags/example_short_circuit_decorator.py took 0.054 seconds
[2024-09-12T15:28:18.862+0000] {processor.py:186} INFO - Started process (PID=1072) to work on /home/airflow/.local/lib/python3.12/site-packages/airflow/example_dags/example_short_circuit_decorator.py
[2024-09-12T15:28:18.863+0000] {processor.py:914} INFO - Processing file /home/airflow/.local/lib/python3.12/site-packages/airflow/example_dags/example_short_circuit_decorator.py for tasks to queue
[2024-09-12T15:28:18.866+0000] {logging_mixin.py:190} INFO - [2024-09-12T15:28:18.866+0000] {dagbag.py:587} INFO - Filling up the DagBag from /home/airflow/.local/lib/python3.12/site-packages/airflow/example_dags/example_short_circuit_decorator.py
[2024-09-12T15:28:18.875+0000] {processor.py:925} INFO - DAG(s) 'example_short_circuit_decorator' retrieved from /home/airflow/.local/lib/python3.12/site-packages/airflow/example_dags/example_short_circuit_decorator.py
[2024-09-12T15:28:18.907+0000] {logging_mixin.py:190} INFO - [2024-09-12T15:28:18.907+0000] {dag.py:3229} INFO - Sync 1 DAGs
[2024-09-12T15:28:18.918+0000] {logging_mixin.py:190} INFO - [2024-09-12T15:28:18.918+0000] {dag.py:4156} INFO - Setting next_dagrun for example_short_circuit_decorator to None, run_after=None
[2024-09-12T15:28:18.932+0000] {processor.py:208} INFO - Processing /home/airflow/.local/lib/python3.12/site-packages/airflow/example_dags/example_short_circuit_decorator.py took 0.075 seconds
[2024-09-12T15:28:49.208+0000] {processor.py:186} INFO - Started process (PID=1134) to work on /home/airflow/.local/lib/python3.12/site-packages/airflow/example_dags/example_short_circuit_decorator.py
[2024-09-12T15:28:49.210+0000] {processor.py:914} INFO - Processing file /home/airflow/.local/lib/python3.12/site-packages/airflow/example_dags/example_short_circuit_decorator.py for tasks to queue
[2024-09-12T15:28:49.212+0000] {logging_mixin.py:190} INFO - [2024-09-12T15:28:49.212+0000] {dagbag.py:587} INFO - Filling up the DagBag from /home/airflow/.local/lib/python3.12/site-packages/airflow/example_dags/example_short_circuit_decorator.py
[2024-09-12T15:28:49.219+0000] {processor.py:925} INFO - DAG(s) 'example_short_circuit_decorator' retrieved from /home/airflow/.local/lib/python3.12/site-packages/airflow/example_dags/example_short_circuit_decorator.py
[2024-09-12T15:28:49.238+0000] {logging_mixin.py:190} INFO - [2024-09-12T15:28:49.238+0000] {dag.py:3229} INFO - Sync 1 DAGs
[2024-09-12T15:28:49.247+0000] {logging_mixin.py:190} INFO - [2024-09-12T15:28:49.247+0000] {dag.py:4156} INFO - Setting next_dagrun for example_short_circuit_decorator to None, run_after=None
[2024-09-12T15:28:49.258+0000] {processor.py:208} INFO - Processing /home/airflow/.local/lib/python3.12/site-packages/airflow/example_dags/example_short_circuit_decorator.py took 0.055 seconds
[2024-09-12T15:29:19.633+0000] {processor.py:186} INFO - Started process (PID=1196) to work on /home/airflow/.local/lib/python3.12/site-packages/airflow/example_dags/example_short_circuit_decorator.py
[2024-09-12T15:29:19.635+0000] {processor.py:914} INFO - Processing file /home/airflow/.local/lib/python3.12/site-packages/airflow/example_dags/example_short_circuit_decorator.py for tasks to queue
[2024-09-12T15:29:19.637+0000] {logging_mixin.py:190} INFO - [2024-09-12T15:29:19.637+0000] {dagbag.py:587} INFO - Filling up the DagBag from /home/airflow/.local/lib/python3.12/site-packages/airflow/example_dags/example_short_circuit_decorator.py
[2024-09-12T15:29:19.645+0000] {processor.py:925} INFO - DAG(s) 'example_short_circuit_decorator' retrieved from /home/airflow/.local/lib/python3.12/site-packages/airflow/example_dags/example_short_circuit_decorator.py
[2024-09-12T15:29:19.670+0000] {logging_mixin.py:190} INFO - [2024-09-12T15:29:19.670+0000] {dag.py:3229} INFO - Sync 1 DAGs
[2024-09-12T15:29:19.680+0000] {logging_mixin.py:190} INFO - [2024-09-12T15:29:19.680+0000] {dag.py:4156} INFO - Setting next_dagrun for example_short_circuit_decorator to None, run_after=None
[2024-09-12T15:29:19.692+0000] {processor.py:208} INFO - Processing /home/airflow/.local/lib/python3.12/site-packages/airflow/example_dags/example_short_circuit_decorator.py took 0.063 seconds
[2024-09-12T15:29:49.815+0000] {processor.py:186} INFO - Started process (PID=1258) to work on /home/airflow/.local/lib/python3.12/site-packages/airflow/example_dags/example_short_circuit_decorator.py
[2024-09-12T15:29:49.817+0000] {processor.py:914} INFO - Processing file /home/airflow/.local/lib/python3.12/site-packages/airflow/example_dags/example_short_circuit_decorator.py for tasks to queue
[2024-09-12T15:29:49.819+0000] {logging_mixin.py:190} INFO - [2024-09-12T15:29:49.819+0000] {dagbag.py:587} INFO - Filling up the DagBag from /home/airflow/.local/lib/python3.12/site-packages/airflow/example_dags/example_short_circuit_decorator.py
[2024-09-12T15:29:49.826+0000] {processor.py:925} INFO - DAG(s) 'example_short_circuit_decorator' retrieved from /home/airflow/.local/lib/python3.12/site-packages/airflow/example_dags/example_short_circuit_decorator.py
[2024-09-12T15:29:49.850+0000] {logging_mixin.py:190} INFO - [2024-09-12T15:29:49.850+0000] {dag.py:3229} INFO - Sync 1 DAGs
[2024-09-12T15:29:49.860+0000] {logging_mixin.py:190} INFO - [2024-09-12T15:29:49.860+0000] {dag.py:4156} INFO - Setting next_dagrun for example_short_circuit_decorator to None, run_after=None
[2024-09-12T15:29:49.872+0000] {processor.py:208} INFO - Processing /home/airflow/.local/lib/python3.12/site-packages/airflow/example_dags/example_short_circuit_decorator.py took 0.061 seconds
[2024-09-12T15:30:20.941+0000] {processor.py:186} INFO - Started process (PID=1320) to work on /home/airflow/.local/lib/python3.12/site-packages/airflow/example_dags/example_short_circuit_decorator.py
[2024-09-12T15:30:20.942+0000] {processor.py:914} INFO - Processing file /home/airflow/.local/lib/python3.12/site-packages/airflow/example_dags/example_short_circuit_decorator.py for tasks to queue
[2024-09-12T15:30:20.945+0000] {logging_mixin.py:190} INFO - [2024-09-12T15:30:20.944+0000] {dagbag.py:587} INFO - Filling up the DagBag from /home/airflow/.local/lib/python3.12/site-packages/airflow/example_dags/example_short_circuit_decorator.py
[2024-09-12T15:30:20.952+0000] {processor.py:925} INFO - DAG(s) 'example_short_circuit_decorator' retrieved from /home/airflow/.local/lib/python3.12/site-packages/airflow/example_dags/example_short_circuit_decorator.py
[2024-09-12T15:30:20.969+0000] {logging_mixin.py:190} INFO - [2024-09-12T15:30:20.969+0000] {dag.py:3229} INFO - Sync 1 DAGs
[2024-09-12T15:30:20.978+0000] {logging_mixin.py:190} INFO - [2024-09-12T15:30:20.978+0000] {dag.py:4156} INFO - Setting next_dagrun for example_short_circuit_decorator to None, run_after=None
[2024-09-12T15:30:20.988+0000] {processor.py:208} INFO - Processing /home/airflow/.local/lib/python3.12/site-packages/airflow/example_dags/example_short_circuit_decorator.py took 0.051 seconds
[2024-09-12T15:30:52.252+0000] {processor.py:186} INFO - Started process (PID=1382) to work on /home/airflow/.local/lib/python3.12/site-packages/airflow/example_dags/example_short_circuit_decorator.py
[2024-09-12T15:30:52.253+0000] {processor.py:914} INFO - Processing file /home/airflow/.local/lib/python3.12/site-packages/airflow/example_dags/example_short_circuit_decorator.py for tasks to queue
[2024-09-12T15:30:52.255+0000] {logging_mixin.py:190} INFO - [2024-09-12T15:30:52.255+0000] {dagbag.py:587} INFO - Filling up the DagBag from /home/airflow/.local/lib/python3.12/site-packages/airflow/example_dags/example_short_circuit_decorator.py
[2024-09-12T15:30:52.263+0000] {processor.py:925} INFO - DAG(s) 'example_short_circuit_decorator' retrieved from /home/airflow/.local/lib/python3.12/site-packages/airflow/example_dags/example_short_circuit_decorator.py
[2024-09-12T15:30:52.281+0000] {logging_mixin.py:190} INFO - [2024-09-12T15:30:52.281+0000] {dag.py:3229} INFO - Sync 1 DAGs
[2024-09-12T15:30:52.291+0000] {logging_mixin.py:190} INFO - [2024-09-12T15:30:52.291+0000] {dag.py:4156} INFO - Setting next_dagrun for example_short_circuit_decorator to None, run_after=None
[2024-09-12T15:30:52.304+0000] {processor.py:208} INFO - Processing /home/airflow/.local/lib/python3.12/site-packages/airflow/example_dags/example_short_circuit_decorator.py took 0.056 seconds
[2024-09-12T15:31:22.615+0000] {processor.py:186} INFO - Started process (PID=1444) to work on /home/airflow/.local/lib/python3.12/site-packages/airflow/example_dags/example_short_circuit_decorator.py
[2024-09-12T15:31:22.617+0000] {processor.py:914} INFO - Processing file /home/airflow/.local/lib/python3.12/site-packages/airflow/example_dags/example_short_circuit_decorator.py for tasks to queue
[2024-09-12T15:31:22.619+0000] {logging_mixin.py:190} INFO - [2024-09-12T15:31:22.619+0000] {dagbag.py:587} INFO - Filling up the DagBag from /home/airflow/.local/lib/python3.12/site-packages/airflow/example_dags/example_short_circuit_decorator.py
[2024-09-12T15:31:22.627+0000] {processor.py:925} INFO - DAG(s) 'example_short_circuit_decorator' retrieved from /home/airflow/.local/lib/python3.12/site-packages/airflow/example_dags/example_short_circuit_decorator.py
[2024-09-12T15:31:22.646+0000] {logging_mixin.py:190} INFO - [2024-09-12T15:31:22.645+0000] {dag.py:3229} INFO - Sync 1 DAGs
[2024-09-12T15:31:22.656+0000] {logging_mixin.py:190} INFO - [2024-09-12T15:31:22.656+0000] {dag.py:4156} INFO - Setting next_dagrun for example_short_circuit_decorator to None, run_after=None
[2024-09-12T15:31:22.669+0000] {processor.py:208} INFO - Processing /home/airflow/.local/lib/python3.12/site-packages/airflow/example_dags/example_short_circuit_decorator.py took 0.059 seconds
[2024-09-12T15:31:52.957+0000] {processor.py:186} INFO - Started process (PID=1506) to work on /home/airflow/.local/lib/python3.12/site-packages/airflow/example_dags/example_short_circuit_decorator.py
[2024-09-12T15:31:52.959+0000] {processor.py:914} INFO - Processing file /home/airflow/.local/lib/python3.12/site-packages/airflow/example_dags/example_short_circuit_decorator.py for tasks to queue
[2024-09-12T15:31:52.961+0000] {logging_mixin.py:190} INFO - [2024-09-12T15:31:52.961+0000] {dagbag.py:587} INFO - Filling up the DagBag from /home/airflow/.local/lib/python3.12/site-packages/airflow/example_dags/example_short_circuit_decorator.py
[2024-09-12T15:31:52.968+0000] {processor.py:925} INFO - DAG(s) 'example_short_circuit_decorator' retrieved from /home/airflow/.local/lib/python3.12/site-packages/airflow/example_dags/example_short_circuit_decorator.py
[2024-09-12T15:31:52.986+0000] {logging_mixin.py:190} INFO - [2024-09-12T15:31:52.985+0000] {dag.py:3229} INFO - Sync 1 DAGs
[2024-09-12T15:31:52.994+0000] {logging_mixin.py:190} INFO - [2024-09-12T15:31:52.994+0000] {dag.py:4156} INFO - Setting next_dagrun for example_short_circuit_decorator to None, run_after=None
[2024-09-12T15:31:53.006+0000] {processor.py:208} INFO - Processing /home/airflow/.local/lib/python3.12/site-packages/airflow/example_dags/example_short_circuit_decorator.py took 0.053 seconds
[2024-09-12T15:32:23.143+0000] {processor.py:186} INFO - Started process (PID=1567) to work on /home/airflow/.local/lib/python3.12/site-packages/airflow/example_dags/example_short_circuit_decorator.py
[2024-09-12T15:32:23.145+0000] {processor.py:914} INFO - Processing file /home/airflow/.local/lib/python3.12/site-packages/airflow/example_dags/example_short_circuit_decorator.py for tasks to queue
[2024-09-12T15:32:23.147+0000] {logging_mixin.py:190} INFO - [2024-09-12T15:32:23.147+0000] {dagbag.py:587} INFO - Filling up the DagBag from /home/airflow/.local/lib/python3.12/site-packages/airflow/example_dags/example_short_circuit_decorator.py
[2024-09-12T15:32:23.155+0000] {processor.py:925} INFO - DAG(s) 'example_short_circuit_decorator' retrieved from /home/airflow/.local/lib/python3.12/site-packages/airflow/example_dags/example_short_circuit_decorator.py
[2024-09-12T15:32:23.173+0000] {logging_mixin.py:190} INFO - [2024-09-12T15:32:23.173+0000] {dag.py:3229} INFO - Sync 1 DAGs
[2024-09-12T15:32:23.182+0000] {logging_mixin.py:190} INFO - [2024-09-12T15:32:23.182+0000] {dag.py:4156} INFO - Setting next_dagrun for example_short_circuit_decorator to None, run_after=None
[2024-09-12T15:32:23.193+0000] {processor.py:208} INFO - Processing /home/airflow/.local/lib/python3.12/site-packages/airflow/example_dags/example_short_circuit_decorator.py took 0.054 seconds
[2024-09-12T15:32:53.592+0000] {processor.py:186} INFO - Started process (PID=1628) to work on /home/airflow/.local/lib/python3.12/site-packages/airflow/example_dags/example_short_circuit_decorator.py
[2024-09-12T15:32:53.593+0000] {processor.py:914} INFO - Processing file /home/airflow/.local/lib/python3.12/site-packages/airflow/example_dags/example_short_circuit_decorator.py for tasks to queue
[2024-09-12T15:32:53.596+0000] {logging_mixin.py:190} INFO - [2024-09-12T15:32:53.595+0000] {dagbag.py:587} INFO - Filling up the DagBag from /home/airflow/.local/lib/python3.12/site-packages/airflow/example_dags/example_short_circuit_decorator.py
[2024-09-12T15:32:53.603+0000] {processor.py:925} INFO - DAG(s) 'example_short_circuit_decorator' retrieved from /home/airflow/.local/lib/python3.12/site-packages/airflow/example_dags/example_short_circuit_decorator.py
[2024-09-12T15:32:53.622+0000] {logging_mixin.py:190} INFO - [2024-09-12T15:32:53.622+0000] {dag.py:3229} INFO - Sync 1 DAGs
[2024-09-12T15:32:53.632+0000] {logging_mixin.py:190} INFO - [2024-09-12T15:32:53.631+0000] {dag.py:4156} INFO - Setting next_dagrun for example_short_circuit_decorator to None, run_after=None
[2024-09-12T15:32:53.642+0000] {processor.py:208} INFO - Processing /home/airflow/.local/lib/python3.12/site-packages/airflow/example_dags/example_short_circuit_decorator.py took 0.055 seconds
[2024-09-12T15:33:23.758+0000] {processor.py:186} INFO - Started process (PID=1690) to work on /home/airflow/.local/lib/python3.12/site-packages/airflow/example_dags/example_short_circuit_decorator.py
[2024-09-12T15:33:23.760+0000] {processor.py:914} INFO - Processing file /home/airflow/.local/lib/python3.12/site-packages/airflow/example_dags/example_short_circuit_decorator.py for tasks to queue
[2024-09-12T15:33:23.762+0000] {logging_mixin.py:190} INFO - [2024-09-12T15:33:23.762+0000] {dagbag.py:587} INFO - Filling up the DagBag from /home/airflow/.local/lib/python3.12/site-packages/airflow/example_dags/example_short_circuit_decorator.py
[2024-09-12T15:33:23.770+0000] {processor.py:925} INFO - DAG(s) 'example_short_circuit_decorator' retrieved from /home/airflow/.local/lib/python3.12/site-packages/airflow/example_dags/example_short_circuit_decorator.py
[2024-09-12T15:33:23.792+0000] {logging_mixin.py:190} INFO - [2024-09-12T15:33:23.792+0000] {dag.py:3229} INFO - Sync 1 DAGs
[2024-09-12T15:33:23.802+0000] {logging_mixin.py:190} INFO - [2024-09-12T15:33:23.802+0000] {dag.py:4156} INFO - Setting next_dagrun for example_short_circuit_decorator to None, run_after=None
[2024-09-12T15:33:23.812+0000] {processor.py:208} INFO - Processing /home/airflow/.local/lib/python3.12/site-packages/airflow/example_dags/example_short_circuit_decorator.py took 0.058 seconds
[2024-09-12T15:33:54.143+0000] {processor.py:186} INFO - Started process (PID=1752) to work on /home/airflow/.local/lib/python3.12/site-packages/airflow/example_dags/example_short_circuit_decorator.py
[2024-09-12T15:33:54.144+0000] {processor.py:914} INFO - Processing file /home/airflow/.local/lib/python3.12/site-packages/airflow/example_dags/example_short_circuit_decorator.py for tasks to queue
[2024-09-12T15:33:54.146+0000] {logging_mixin.py:190} INFO - [2024-09-12T15:33:54.146+0000] {dagbag.py:587} INFO - Filling up the DagBag from /home/airflow/.local/lib/python3.12/site-packages/airflow/example_dags/example_short_circuit_decorator.py
[2024-09-12T15:33:54.154+0000] {processor.py:925} INFO - DAG(s) 'example_short_circuit_decorator' retrieved from /home/airflow/.local/lib/python3.12/site-packages/airflow/example_dags/example_short_circuit_decorator.py
[2024-09-12T15:33:54.173+0000] {logging_mixin.py:190} INFO - [2024-09-12T15:33:54.173+0000] {dag.py:3229} INFO - Sync 1 DAGs
[2024-09-12T15:33:54.183+0000] {logging_mixin.py:190} INFO - [2024-09-12T15:33:54.183+0000] {dag.py:4156} INFO - Setting next_dagrun for example_short_circuit_decorator to None, run_after=None
[2024-09-12T15:33:54.193+0000] {processor.py:208} INFO - Processing /home/airflow/.local/lib/python3.12/site-packages/airflow/example_dags/example_short_circuit_decorator.py took 0.055 seconds
