[2024-09-12T15:20:07.717+0000] {processor.py:186} INFO - Started process (PID=50) to work on /home/airflow/.local/lib/python3.12/site-packages/airflow/example_dags/example_skip_dag.py
[2024-09-12T15:20:07.719+0000] {processor.py:914} INFO - Processing file /home/airflow/.local/lib/python3.12/site-packages/airflow/example_dags/example_skip_dag.py for tasks to queue
[2024-09-12T15:20:07.722+0000] {logging_mixin.py:190} INFO - [2024-09-12T15:20:07.722+0000] {dagbag.py:587} INFO - Filling up the DagBag from /home/airflow/.local/lib/python3.12/site-packages/airflow/example_dags/example_skip_dag.py
[2024-09-12T15:20:07.730+0000] {processor.py:925} INFO - DAG(s) 'example_skip_dag' retrieved from /home/airflow/.local/lib/python3.12/site-packages/airflow/example_dags/example_skip_dag.py
[2024-09-12T15:20:07.795+0000] {logging_mixin.py:190} INFO - [2024-09-12T15:20:07.795+0000] {override.py:1900} INFO - Created Permission View: can read on DAG:example_skip_dag
[2024-09-12T15:20:07.800+0000] {logging_mixin.py:190} INFO - [2024-09-12T15:20:07.800+0000] {override.py:1900} INFO - Created Permission View: can delete on DAG:example_skip_dag
[2024-09-12T15:20:07.803+0000] {logging_mixin.py:190} INFO - [2024-09-12T15:20:07.803+0000] {override.py:1900} INFO - Created Permission View: can edit on DAG:example_skip_dag
[2024-09-12T15:20:07.807+0000] {logging_mixin.py:190} INFO - [2024-09-12T15:20:07.807+0000] {override.py:1900} INFO - Created Permission View: can read on DAG Run:example_skip_dag
[2024-09-12T15:20:07.810+0000] {logging_mixin.py:190} INFO - [2024-09-12T15:20:07.810+0000] {override.py:1900} INFO - Created Permission View: can create on DAG Run:example_skip_dag
[2024-09-12T15:20:07.813+0000] {logging_mixin.py:190} INFO - [2024-09-12T15:20:07.813+0000] {override.py:1900} INFO - Created Permission View: menu access on DAG Run:example_skip_dag
[2024-09-12T15:20:07.816+0000] {logging_mixin.py:190} INFO - [2024-09-12T15:20:07.816+0000] {override.py:1900} INFO - Created Permission View: can delete on DAG Run:example_skip_dag
[2024-09-12T15:20:07.817+0000] {logging_mixin.py:190} INFO - [2024-09-12T15:20:07.817+0000] {dag.py:3229} INFO - Sync 1 DAGs
[2024-09-12T15:20:07.827+0000] {logging_mixin.py:190} INFO - [2024-09-12T15:20:07.827+0000] {dag.py:3252} INFO - Creating ORM DAG for example_skip_dag
[2024-09-12T15:20:07.833+0000] {logging_mixin.py:190} INFO - [2024-09-12T15:20:07.832+0000] {dag.py:4156} INFO - Setting next_dagrun for example_skip_dag to 2024-09-11 00:00:00+00:00, run_after=2024-09-12 00:00:00+00:00
[2024-09-12T15:20:07.846+0000] {processor.py:208} INFO - Processing /home/airflow/.local/lib/python3.12/site-packages/airflow/example_dags/example_skip_dag.py took 0.136 seconds
[2024-09-12T15:20:38.818+0000] {processor.py:186} INFO - Started process (PID=113) to work on /home/airflow/.local/lib/python3.12/site-packages/airflow/example_dags/example_skip_dag.py
[2024-09-12T15:20:38.819+0000] {processor.py:914} INFO - Processing file /home/airflow/.local/lib/python3.12/site-packages/airflow/example_dags/example_skip_dag.py for tasks to queue
[2024-09-12T15:20:38.821+0000] {logging_mixin.py:190} INFO - [2024-09-12T15:20:38.821+0000] {dagbag.py:587} INFO - Filling up the DagBag from /home/airflow/.local/lib/python3.12/site-packages/airflow/example_dags/example_skip_dag.py
[2024-09-12T15:20:38.828+0000] {processor.py:925} INFO - DAG(s) 'example_skip_dag' retrieved from /home/airflow/.local/lib/python3.12/site-packages/airflow/example_dags/example_skip_dag.py
[2024-09-12T15:20:38.845+0000] {logging_mixin.py:190} INFO - [2024-09-12T15:20:38.845+0000] {dag.py:3229} INFO - Sync 1 DAGs
[2024-09-12T15:20:38.860+0000] {logging_mixin.py:190} INFO - [2024-09-12T15:20:38.860+0000] {dag.py:4156} INFO - Setting next_dagrun for example_skip_dag to 2024-09-11 00:00:00+00:00, run_after=2024-09-12 00:00:00+00:00
[2024-09-12T15:20:38.873+0000] {processor.py:208} INFO - Processing /home/airflow/.local/lib/python3.12/site-packages/airflow/example_dags/example_skip_dag.py took 0.059 seconds
[2024-09-12T15:21:09.374+0000] {processor.py:186} INFO - Started process (PID=176) to work on /home/airflow/.local/lib/python3.12/site-packages/airflow/example_dags/example_skip_dag.py
[2024-09-12T15:21:09.377+0000] {processor.py:914} INFO - Processing file /home/airflow/.local/lib/python3.12/site-packages/airflow/example_dags/example_skip_dag.py for tasks to queue
[2024-09-12T15:21:09.381+0000] {logging_mixin.py:190} INFO - [2024-09-12T15:21:09.380+0000] {dagbag.py:587} INFO - Filling up the DagBag from /home/airflow/.local/lib/python3.12/site-packages/airflow/example_dags/example_skip_dag.py
[2024-09-12T15:21:09.388+0000] {processor.py:925} INFO - DAG(s) 'example_skip_dag' retrieved from /home/airflow/.local/lib/python3.12/site-packages/airflow/example_dags/example_skip_dag.py
[2024-09-12T15:21:09.405+0000] {logging_mixin.py:190} INFO - [2024-09-12T15:21:09.405+0000] {dag.py:3229} INFO - Sync 1 DAGs
[2024-09-12T15:21:09.419+0000] {logging_mixin.py:190} INFO - [2024-09-12T15:21:09.419+0000] {dag.py:4156} INFO - Setting next_dagrun for example_skip_dag to 2024-09-11 00:00:00+00:00, run_after=2024-09-12 00:00:00+00:00
[2024-09-12T15:21:09.432+0000] {processor.py:208} INFO - Processing /home/airflow/.local/lib/python3.12/site-packages/airflow/example_dags/example_skip_dag.py took 0.065 seconds
[2024-09-12T15:21:40.278+0000] {processor.py:186} INFO - Started process (PID=238) to work on /home/airflow/.local/lib/python3.12/site-packages/airflow/example_dags/example_skip_dag.py
[2024-09-12T15:21:40.280+0000] {processor.py:914} INFO - Processing file /home/airflow/.local/lib/python3.12/site-packages/airflow/example_dags/example_skip_dag.py for tasks to queue
[2024-09-12T15:21:40.284+0000] {logging_mixin.py:190} INFO - [2024-09-12T15:21:40.283+0000] {dagbag.py:587} INFO - Filling up the DagBag from /home/airflow/.local/lib/python3.12/site-packages/airflow/example_dags/example_skip_dag.py
[2024-09-12T15:21:40.293+0000] {processor.py:925} INFO - DAG(s) 'example_skip_dag' retrieved from /home/airflow/.local/lib/python3.12/site-packages/airflow/example_dags/example_skip_dag.py
[2024-09-12T15:21:40.324+0000] {logging_mixin.py:190} INFO - [2024-09-12T15:21:40.324+0000] {dag.py:3229} INFO - Sync 1 DAGs
[2024-09-12T15:21:40.352+0000] {logging_mixin.py:190} INFO - [2024-09-12T15:21:40.352+0000] {dag.py:4156} INFO - Setting next_dagrun for example_skip_dag to 2024-09-11 00:00:00+00:00, run_after=2024-09-12 00:00:00+00:00
[2024-09-12T15:21:40.443+0000] {processor.py:208} INFO - Processing /home/airflow/.local/lib/python3.12/site-packages/airflow/example_dags/example_skip_dag.py took 0.174 seconds
[2024-09-12T15:22:11.177+0000] {processor.py:186} INFO - Started process (PID=300) to work on /home/airflow/.local/lib/python3.12/site-packages/airflow/example_dags/example_skip_dag.py
[2024-09-12T15:22:11.180+0000] {processor.py:914} INFO - Processing file /home/airflow/.local/lib/python3.12/site-packages/airflow/example_dags/example_skip_dag.py for tasks to queue
[2024-09-12T15:22:11.186+0000] {logging_mixin.py:190} INFO - [2024-09-12T15:22:11.185+0000] {dagbag.py:587} INFO - Filling up the DagBag from /home/airflow/.local/lib/python3.12/site-packages/airflow/example_dags/example_skip_dag.py
[2024-09-12T15:22:11.205+0000] {processor.py:925} INFO - DAG(s) 'example_skip_dag' retrieved from /home/airflow/.local/lib/python3.12/site-packages/airflow/example_dags/example_skip_dag.py
[2024-09-12T15:22:11.233+0000] {logging_mixin.py:190} INFO - [2024-09-12T15:22:11.233+0000] {dag.py:3229} INFO - Sync 1 DAGs
[2024-09-12T15:22:11.255+0000] {logging_mixin.py:190} INFO - [2024-09-12T15:22:11.255+0000] {dag.py:4156} INFO - Setting next_dagrun for example_skip_dag to 2024-09-11 00:00:00+00:00, run_after=2024-09-12 00:00:00+00:00
[2024-09-12T15:22:11.288+0000] {processor.py:208} INFO - Processing /home/airflow/.local/lib/python3.12/site-packages/airflow/example_dags/example_skip_dag.py took 0.121 seconds
[2024-09-12T15:22:41.923+0000] {processor.py:186} INFO - Started process (PID=362) to work on /home/airflow/.local/lib/python3.12/site-packages/airflow/example_dags/example_skip_dag.py
[2024-09-12T15:22:41.925+0000] {processor.py:914} INFO - Processing file /home/airflow/.local/lib/python3.12/site-packages/airflow/example_dags/example_skip_dag.py for tasks to queue
[2024-09-12T15:22:41.928+0000] {logging_mixin.py:190} INFO - [2024-09-12T15:22:41.928+0000] {dagbag.py:587} INFO - Filling up the DagBag from /home/airflow/.local/lib/python3.12/site-packages/airflow/example_dags/example_skip_dag.py
[2024-09-12T15:22:41.936+0000] {processor.py:925} INFO - DAG(s) 'example_skip_dag' retrieved from /home/airflow/.local/lib/python3.12/site-packages/airflow/example_dags/example_skip_dag.py
[2024-09-12T15:22:41.953+0000] {logging_mixin.py:190} INFO - [2024-09-12T15:22:41.953+0000] {dag.py:3229} INFO - Sync 1 DAGs
[2024-09-12T15:22:41.967+0000] {logging_mixin.py:190} INFO - [2024-09-12T15:22:41.967+0000] {dag.py:4156} INFO - Setting next_dagrun for example_skip_dag to 2024-09-11 00:00:00+00:00, run_after=2024-09-12 00:00:00+00:00
[2024-09-12T15:22:41.977+0000] {processor.py:208} INFO - Processing /home/airflow/.local/lib/python3.12/site-packages/airflow/example_dags/example_skip_dag.py took 0.059 seconds
[2024-09-12T15:23:12.087+0000] {processor.py:186} INFO - Started process (PID=424) to work on /home/airflow/.local/lib/python3.12/site-packages/airflow/example_dags/example_skip_dag.py
[2024-09-12T15:23:12.088+0000] {processor.py:914} INFO - Processing file /home/airflow/.local/lib/python3.12/site-packages/airflow/example_dags/example_skip_dag.py for tasks to queue
[2024-09-12T15:23:12.090+0000] {logging_mixin.py:190} INFO - [2024-09-12T15:23:12.090+0000] {dagbag.py:587} INFO - Filling up the DagBag from /home/airflow/.local/lib/python3.12/site-packages/airflow/example_dags/example_skip_dag.py
[2024-09-12T15:23:12.097+0000] {processor.py:925} INFO - DAG(s) 'example_skip_dag' retrieved from /home/airflow/.local/lib/python3.12/site-packages/airflow/example_dags/example_skip_dag.py
[2024-09-12T15:23:12.115+0000] {logging_mixin.py:190} INFO - [2024-09-12T15:23:12.114+0000] {dag.py:3229} INFO - Sync 1 DAGs
[2024-09-12T15:23:12.129+0000] {logging_mixin.py:190} INFO - [2024-09-12T15:23:12.129+0000] {dag.py:4156} INFO - Setting next_dagrun for example_skip_dag to 2024-09-11 00:00:00+00:00, run_after=2024-09-12 00:00:00+00:00
[2024-09-12T15:23:12.143+0000] {processor.py:208} INFO - Processing /home/airflow/.local/lib/python3.12/site-packages/airflow/example_dags/example_skip_dag.py took 0.060 seconds
[2024-09-12T15:23:42.451+0000] {processor.py:186} INFO - Started process (PID=486) to work on /home/airflow/.local/lib/python3.12/site-packages/airflow/example_dags/example_skip_dag.py
[2024-09-12T15:23:42.454+0000] {processor.py:914} INFO - Processing file /home/airflow/.local/lib/python3.12/site-packages/airflow/example_dags/example_skip_dag.py for tasks to queue
[2024-09-12T15:23:42.457+0000] {logging_mixin.py:190} INFO - [2024-09-12T15:23:42.457+0000] {dagbag.py:587} INFO - Filling up the DagBag from /home/airflow/.local/lib/python3.12/site-packages/airflow/example_dags/example_skip_dag.py
[2024-09-12T15:23:42.466+0000] {processor.py:925} INFO - DAG(s) 'example_skip_dag' retrieved from /home/airflow/.local/lib/python3.12/site-packages/airflow/example_dags/example_skip_dag.py
[2024-09-12T15:23:42.491+0000] {logging_mixin.py:190} INFO - [2024-09-12T15:23:42.491+0000] {dag.py:3229} INFO - Sync 1 DAGs
[2024-09-12T15:23:42.509+0000] {logging_mixin.py:190} INFO - [2024-09-12T15:23:42.508+0000] {dag.py:4156} INFO - Setting next_dagrun for example_skip_dag to 2024-09-11 00:00:00+00:00, run_after=2024-09-12 00:00:00+00:00
[2024-09-12T15:23:42.520+0000] {processor.py:208} INFO - Processing /home/airflow/.local/lib/python3.12/site-packages/airflow/example_dags/example_skip_dag.py took 0.076 seconds
[2024-09-12T15:24:13.162+0000] {processor.py:186} INFO - Started process (PID=547) to work on /home/airflow/.local/lib/python3.12/site-packages/airflow/example_dags/example_skip_dag.py
[2024-09-12T15:24:13.164+0000] {processor.py:914} INFO - Processing file /home/airflow/.local/lib/python3.12/site-packages/airflow/example_dags/example_skip_dag.py for tasks to queue
[2024-09-12T15:24:13.168+0000] {logging_mixin.py:190} INFO - [2024-09-12T15:24:13.167+0000] {dagbag.py:587} INFO - Filling up the DagBag from /home/airflow/.local/lib/python3.12/site-packages/airflow/example_dags/example_skip_dag.py
[2024-09-12T15:24:13.180+0000] {processor.py:925} INFO - DAG(s) 'example_skip_dag' retrieved from /home/airflow/.local/lib/python3.12/site-packages/airflow/example_dags/example_skip_dag.py
[2024-09-12T15:24:13.215+0000] {logging_mixin.py:190} INFO - [2024-09-12T15:24:13.214+0000] {dag.py:3229} INFO - Sync 1 DAGs
[2024-09-12T15:24:13.238+0000] {logging_mixin.py:190} INFO - [2024-09-12T15:24:13.238+0000] {dag.py:4156} INFO - Setting next_dagrun for example_skip_dag to 2024-09-11 00:00:00+00:00, run_after=2024-09-12 00:00:00+00:00
[2024-09-12T15:24:13.268+0000] {processor.py:208} INFO - Processing /home/airflow/.local/lib/python3.12/site-packages/airflow/example_dags/example_skip_dag.py took 0.116 seconds
[2024-09-12T15:24:43.604+0000] {processor.py:186} INFO - Started process (PID=609) to work on /home/airflow/.local/lib/python3.12/site-packages/airflow/example_dags/example_skip_dag.py
[2024-09-12T15:24:43.605+0000] {processor.py:914} INFO - Processing file /home/airflow/.local/lib/python3.12/site-packages/airflow/example_dags/example_skip_dag.py for tasks to queue
[2024-09-12T15:24:43.607+0000] {logging_mixin.py:190} INFO - [2024-09-12T15:24:43.607+0000] {dagbag.py:587} INFO - Filling up the DagBag from /home/airflow/.local/lib/python3.12/site-packages/airflow/example_dags/example_skip_dag.py
[2024-09-12T15:24:43.613+0000] {processor.py:925} INFO - DAG(s) 'example_skip_dag' retrieved from /home/airflow/.local/lib/python3.12/site-packages/airflow/example_dags/example_skip_dag.py
[2024-09-12T15:24:43.631+0000] {logging_mixin.py:190} INFO - [2024-09-12T15:24:43.631+0000] {dag.py:3229} INFO - Sync 1 DAGs
[2024-09-12T15:24:43.650+0000] {logging_mixin.py:190} INFO - [2024-09-12T15:24:43.649+0000] {dag.py:4156} INFO - Setting next_dagrun for example_skip_dag to 2024-09-11 00:00:00+00:00, run_after=2024-09-12 00:00:00+00:00
[2024-09-12T15:24:43.662+0000] {processor.py:208} INFO - Processing /home/airflow/.local/lib/python3.12/site-packages/airflow/example_dags/example_skip_dag.py took 0.063 seconds
[2024-09-12T15:25:14.035+0000] {processor.py:186} INFO - Started process (PID=671) to work on /home/airflow/.local/lib/python3.12/site-packages/airflow/example_dags/example_skip_dag.py
[2024-09-12T15:25:14.036+0000] {processor.py:914} INFO - Processing file /home/airflow/.local/lib/python3.12/site-packages/airflow/example_dags/example_skip_dag.py for tasks to queue
[2024-09-12T15:25:14.039+0000] {logging_mixin.py:190} INFO - [2024-09-12T15:25:14.039+0000] {dagbag.py:587} INFO - Filling up the DagBag from /home/airflow/.local/lib/python3.12/site-packages/airflow/example_dags/example_skip_dag.py
[2024-09-12T15:25:14.045+0000] {processor.py:925} INFO - DAG(s) 'example_skip_dag' retrieved from /home/airflow/.local/lib/python3.12/site-packages/airflow/example_dags/example_skip_dag.py
[2024-09-12T15:25:14.063+0000] {logging_mixin.py:190} INFO - [2024-09-12T15:25:14.063+0000] {dag.py:3229} INFO - Sync 1 DAGs
[2024-09-12T15:25:14.092+0000] {logging_mixin.py:190} INFO - [2024-09-12T15:25:14.091+0000] {dag.py:4156} INFO - Setting next_dagrun for example_skip_dag to 2024-09-11 00:00:00+00:00, run_after=2024-09-12 00:00:00+00:00
[2024-09-12T15:25:14.104+0000] {processor.py:208} INFO - Processing /home/airflow/.local/lib/python3.12/site-packages/airflow/example_dags/example_skip_dag.py took 0.073 seconds
[2024-09-12T15:25:44.264+0000] {processor.py:186} INFO - Started process (PID=733) to work on /home/airflow/.local/lib/python3.12/site-packages/airflow/example_dags/example_skip_dag.py
[2024-09-12T15:25:44.265+0000] {processor.py:914} INFO - Processing file /home/airflow/.local/lib/python3.12/site-packages/airflow/example_dags/example_skip_dag.py for tasks to queue
[2024-09-12T15:25:44.268+0000] {logging_mixin.py:190} INFO - [2024-09-12T15:25:44.267+0000] {dagbag.py:587} INFO - Filling up the DagBag from /home/airflow/.local/lib/python3.12/site-packages/airflow/example_dags/example_skip_dag.py
[2024-09-12T15:25:44.276+0000] {processor.py:925} INFO - DAG(s) 'example_skip_dag' retrieved from /home/airflow/.local/lib/python3.12/site-packages/airflow/example_dags/example_skip_dag.py
[2024-09-12T15:25:44.295+0000] {logging_mixin.py:190} INFO - [2024-09-12T15:25:44.294+0000] {dag.py:3229} INFO - Sync 1 DAGs
[2024-09-12T15:25:44.311+0000] {logging_mixin.py:190} INFO - [2024-09-12T15:25:44.311+0000] {dag.py:4156} INFO - Setting next_dagrun for example_skip_dag to 2024-09-11 00:00:00+00:00, run_after=2024-09-12 00:00:00+00:00
[2024-09-12T15:25:44.323+0000] {processor.py:208} INFO - Processing /home/airflow/.local/lib/python3.12/site-packages/airflow/example_dags/example_skip_dag.py took 0.064 seconds
[2024-09-12T15:26:14.509+0000] {processor.py:186} INFO - Started process (PID=795) to work on /home/airflow/.local/lib/python3.12/site-packages/airflow/example_dags/example_skip_dag.py
[2024-09-12T15:26:14.511+0000] {processor.py:914} INFO - Processing file /home/airflow/.local/lib/python3.12/site-packages/airflow/example_dags/example_skip_dag.py for tasks to queue
[2024-09-12T15:26:14.514+0000] {logging_mixin.py:190} INFO - [2024-09-12T15:26:14.513+0000] {dagbag.py:587} INFO - Filling up the DagBag from /home/airflow/.local/lib/python3.12/site-packages/airflow/example_dags/example_skip_dag.py
[2024-09-12T15:26:14.520+0000] {processor.py:925} INFO - DAG(s) 'example_skip_dag' retrieved from /home/airflow/.local/lib/python3.12/site-packages/airflow/example_dags/example_skip_dag.py
[2024-09-12T15:26:14.538+0000] {logging_mixin.py:190} INFO - [2024-09-12T15:26:14.538+0000] {dag.py:3229} INFO - Sync 1 DAGs
[2024-09-12T15:26:14.554+0000] {logging_mixin.py:190} INFO - [2024-09-12T15:26:14.553+0000] {dag.py:4156} INFO - Setting next_dagrun for example_skip_dag to 2024-09-11 00:00:00+00:00, run_after=2024-09-12 00:00:00+00:00
[2024-09-12T15:26:14.565+0000] {processor.py:208} INFO - Processing /home/airflow/.local/lib/python3.12/site-packages/airflow/example_dags/example_skip_dag.py took 0.060 seconds
[2024-09-12T15:26:45.720+0000] {processor.py:186} INFO - Started process (PID=863) to work on /home/airflow/.local/lib/python3.12/site-packages/airflow/example_dags/example_skip_dag.py
[2024-09-12T15:26:45.721+0000] {processor.py:914} INFO - Processing file /home/airflow/.local/lib/python3.12/site-packages/airflow/example_dags/example_skip_dag.py for tasks to queue
[2024-09-12T15:26:45.724+0000] {logging_mixin.py:190} INFO - [2024-09-12T15:26:45.723+0000] {dagbag.py:587} INFO - Filling up the DagBag from /home/airflow/.local/lib/python3.12/site-packages/airflow/example_dags/example_skip_dag.py
[2024-09-12T15:26:45.730+0000] {processor.py:925} INFO - DAG(s) 'example_skip_dag' retrieved from /home/airflow/.local/lib/python3.12/site-packages/airflow/example_dags/example_skip_dag.py
[2024-09-12T15:26:45.749+0000] {logging_mixin.py:190} INFO - [2024-09-12T15:26:45.749+0000] {dag.py:3229} INFO - Sync 1 DAGs
[2024-09-12T15:26:45.765+0000] {logging_mixin.py:190} INFO - [2024-09-12T15:26:45.765+0000] {dag.py:4156} INFO - Setting next_dagrun for example_skip_dag to 2024-09-11 00:00:00+00:00, run_after=2024-09-12 00:00:00+00:00
[2024-09-12T15:26:45.777+0000] {processor.py:208} INFO - Processing /home/airflow/.local/lib/python3.12/site-packages/airflow/example_dags/example_skip_dag.py took 0.061 seconds
[2024-09-12T15:27:16.004+0000] {processor.py:186} INFO - Started process (PID=925) to work on /home/airflow/.local/lib/python3.12/site-packages/airflow/example_dags/example_skip_dag.py
[2024-09-12T15:27:16.006+0000] {processor.py:914} INFO - Processing file /home/airflow/.local/lib/python3.12/site-packages/airflow/example_dags/example_skip_dag.py for tasks to queue
[2024-09-12T15:27:16.008+0000] {logging_mixin.py:190} INFO - [2024-09-12T15:27:16.008+0000] {dagbag.py:587} INFO - Filling up the DagBag from /home/airflow/.local/lib/python3.12/site-packages/airflow/example_dags/example_skip_dag.py
[2024-09-12T15:27:16.014+0000] {processor.py:925} INFO - DAG(s) 'example_skip_dag' retrieved from /home/airflow/.local/lib/python3.12/site-packages/airflow/example_dags/example_skip_dag.py
[2024-09-12T15:27:16.034+0000] {logging_mixin.py:190} INFO - [2024-09-12T15:27:16.034+0000] {dag.py:3229} INFO - Sync 1 DAGs
[2024-09-12T15:27:16.048+0000] {logging_mixin.py:190} INFO - [2024-09-12T15:27:16.047+0000] {dag.py:4156} INFO - Setting next_dagrun for example_skip_dag to 2024-09-11 00:00:00+00:00, run_after=2024-09-12 00:00:00+00:00
[2024-09-12T15:27:16.058+0000] {processor.py:208} INFO - Processing /home/airflow/.local/lib/python3.12/site-packages/airflow/example_dags/example_skip_dag.py took 0.058 seconds
[2024-09-12T15:27:46.720+0000] {processor.py:186} INFO - Started process (PID=987) to work on /home/airflow/.local/lib/python3.12/site-packages/airflow/example_dags/example_skip_dag.py
[2024-09-12T15:27:46.722+0000] {processor.py:914} INFO - Processing file /home/airflow/.local/lib/python3.12/site-packages/airflow/example_dags/example_skip_dag.py for tasks to queue
[2024-09-12T15:27:46.726+0000] {logging_mixin.py:190} INFO - [2024-09-12T15:27:46.726+0000] {dagbag.py:587} INFO - Filling up the DagBag from /home/airflow/.local/lib/python3.12/site-packages/airflow/example_dags/example_skip_dag.py
[2024-09-12T15:27:46.734+0000] {processor.py:925} INFO - DAG(s) 'example_skip_dag' retrieved from /home/airflow/.local/lib/python3.12/site-packages/airflow/example_dags/example_skip_dag.py
[2024-09-12T15:27:46.756+0000] {logging_mixin.py:190} INFO - [2024-09-12T15:27:46.756+0000] {dag.py:3229} INFO - Sync 1 DAGs
[2024-09-12T15:27:46.777+0000] {logging_mixin.py:190} INFO - [2024-09-12T15:27:46.776+0000] {dag.py:4156} INFO - Setting next_dagrun for example_skip_dag to 2024-09-11 00:00:00+00:00, run_after=2024-09-12 00:00:00+00:00
[2024-09-12T15:27:46.794+0000] {processor.py:208} INFO - Processing /home/airflow/.local/lib/python3.12/site-packages/airflow/example_dags/example_skip_dag.py took 0.084 seconds
[2024-09-12T15:28:17.383+0000] {processor.py:186} INFO - Started process (PID=1049) to work on /home/airflow/.local/lib/python3.12/site-packages/airflow/example_dags/example_skip_dag.py
[2024-09-12T15:28:17.384+0000] {processor.py:914} INFO - Processing file /home/airflow/.local/lib/python3.12/site-packages/airflow/example_dags/example_skip_dag.py for tasks to queue
[2024-09-12T15:28:17.386+0000] {logging_mixin.py:190} INFO - [2024-09-12T15:28:17.386+0000] {dagbag.py:587} INFO - Filling up the DagBag from /home/airflow/.local/lib/python3.12/site-packages/airflow/example_dags/example_skip_dag.py
[2024-09-12T15:28:17.392+0000] {processor.py:925} INFO - DAG(s) 'example_skip_dag' retrieved from /home/airflow/.local/lib/python3.12/site-packages/airflow/example_dags/example_skip_dag.py
[2024-09-12T15:28:17.410+0000] {logging_mixin.py:190} INFO - [2024-09-12T15:28:17.410+0000] {dag.py:3229} INFO - Sync 1 DAGs
[2024-09-12T15:28:17.425+0000] {logging_mixin.py:190} INFO - [2024-09-12T15:28:17.425+0000] {dag.py:4156} INFO - Setting next_dagrun for example_skip_dag to 2024-09-11 00:00:00+00:00, run_after=2024-09-12 00:00:00+00:00
[2024-09-12T15:28:17.437+0000] {processor.py:208} INFO - Processing /home/airflow/.local/lib/python3.12/site-packages/airflow/example_dags/example_skip_dag.py took 0.058 seconds
[2024-09-12T15:28:47.912+0000] {processor.py:186} INFO - Started process (PID=1111) to work on /home/airflow/.local/lib/python3.12/site-packages/airflow/example_dags/example_skip_dag.py
[2024-09-12T15:28:47.914+0000] {processor.py:914} INFO - Processing file /home/airflow/.local/lib/python3.12/site-packages/airflow/example_dags/example_skip_dag.py for tasks to queue
[2024-09-12T15:28:47.916+0000] {logging_mixin.py:190} INFO - [2024-09-12T15:28:47.916+0000] {dagbag.py:587} INFO - Filling up the DagBag from /home/airflow/.local/lib/python3.12/site-packages/airflow/example_dags/example_skip_dag.py
[2024-09-12T15:28:47.923+0000] {processor.py:925} INFO - DAG(s) 'example_skip_dag' retrieved from /home/airflow/.local/lib/python3.12/site-packages/airflow/example_dags/example_skip_dag.py
[2024-09-12T15:28:47.941+0000] {logging_mixin.py:190} INFO - [2024-09-12T15:28:47.941+0000] {dag.py:3229} INFO - Sync 1 DAGs
[2024-09-12T15:28:47.958+0000] {logging_mixin.py:190} INFO - [2024-09-12T15:28:47.958+0000] {dag.py:4156} INFO - Setting next_dagrun for example_skip_dag to 2024-09-11 00:00:00+00:00, run_after=2024-09-12 00:00:00+00:00
[2024-09-12T15:28:47.970+0000] {processor.py:208} INFO - Processing /home/airflow/.local/lib/python3.12/site-packages/airflow/example_dags/example_skip_dag.py took 0.062 seconds
[2024-09-12T15:29:18.300+0000] {processor.py:186} INFO - Started process (PID=1173) to work on /home/airflow/.local/lib/python3.12/site-packages/airflow/example_dags/example_skip_dag.py
[2024-09-12T15:29:18.302+0000] {processor.py:914} INFO - Processing file /home/airflow/.local/lib/python3.12/site-packages/airflow/example_dags/example_skip_dag.py for tasks to queue
[2024-09-12T15:29:18.305+0000] {logging_mixin.py:190} INFO - [2024-09-12T15:29:18.305+0000] {dagbag.py:587} INFO - Filling up the DagBag from /home/airflow/.local/lib/python3.12/site-packages/airflow/example_dags/example_skip_dag.py
[2024-09-12T15:29:18.311+0000] {processor.py:925} INFO - DAG(s) 'example_skip_dag' retrieved from /home/airflow/.local/lib/python3.12/site-packages/airflow/example_dags/example_skip_dag.py
[2024-09-12T15:29:18.329+0000] {logging_mixin.py:190} INFO - [2024-09-12T15:29:18.329+0000] {dag.py:3229} INFO - Sync 1 DAGs
[2024-09-12T15:29:18.344+0000] {logging_mixin.py:190} INFO - [2024-09-12T15:29:18.344+0000] {dag.py:4156} INFO - Setting next_dagrun for example_skip_dag to 2024-09-11 00:00:00+00:00, run_after=2024-09-12 00:00:00+00:00
[2024-09-12T15:29:18.355+0000] {processor.py:208} INFO - Processing /home/airflow/.local/lib/python3.12/site-packages/airflow/example_dags/example_skip_dag.py took 0.061 seconds
[2024-09-12T15:29:48.723+0000] {processor.py:186} INFO - Started process (PID=1235) to work on /home/airflow/.local/lib/python3.12/site-packages/airflow/example_dags/example_skip_dag.py
[2024-09-12T15:29:48.724+0000] {processor.py:914} INFO - Processing file /home/airflow/.local/lib/python3.12/site-packages/airflow/example_dags/example_skip_dag.py for tasks to queue
[2024-09-12T15:29:48.726+0000] {logging_mixin.py:190} INFO - [2024-09-12T15:29:48.726+0000] {dagbag.py:587} INFO - Filling up the DagBag from /home/airflow/.local/lib/python3.12/site-packages/airflow/example_dags/example_skip_dag.py
[2024-09-12T15:29:48.732+0000] {processor.py:925} INFO - DAG(s) 'example_skip_dag' retrieved from /home/airflow/.local/lib/python3.12/site-packages/airflow/example_dags/example_skip_dag.py
[2024-09-12T15:29:48.749+0000] {logging_mixin.py:190} INFO - [2024-09-12T15:29:48.749+0000] {dag.py:3229} INFO - Sync 1 DAGs
[2024-09-12T15:29:48.764+0000] {logging_mixin.py:190} INFO - [2024-09-12T15:29:48.764+0000] {dag.py:4156} INFO - Setting next_dagrun for example_skip_dag to 2024-09-11 00:00:00+00:00, run_after=2024-09-12 00:00:00+00:00
[2024-09-12T15:29:48.775+0000] {processor.py:208} INFO - Processing /home/airflow/.local/lib/python3.12/site-packages/airflow/example_dags/example_skip_dag.py took 0.058 seconds
[2024-09-12T15:30:19.825+0000] {processor.py:186} INFO - Started process (PID=1297) to work on /home/airflow/.local/lib/python3.12/site-packages/airflow/example_dags/example_skip_dag.py
[2024-09-12T15:30:19.826+0000] {processor.py:914} INFO - Processing file /home/airflow/.local/lib/python3.12/site-packages/airflow/example_dags/example_skip_dag.py for tasks to queue
[2024-09-12T15:30:19.828+0000] {logging_mixin.py:190} INFO - [2024-09-12T15:30:19.828+0000] {dagbag.py:587} INFO - Filling up the DagBag from /home/airflow/.local/lib/python3.12/site-packages/airflow/example_dags/example_skip_dag.py
[2024-09-12T15:30:19.835+0000] {processor.py:925} INFO - DAG(s) 'example_skip_dag' retrieved from /home/airflow/.local/lib/python3.12/site-packages/airflow/example_dags/example_skip_dag.py
[2024-09-12T15:30:19.852+0000] {logging_mixin.py:190} INFO - [2024-09-12T15:30:19.852+0000] {dag.py:3229} INFO - Sync 1 DAGs
[2024-09-12T15:30:19.867+0000] {logging_mixin.py:190} INFO - [2024-09-12T15:30:19.867+0000] {dag.py:4156} INFO - Setting next_dagrun for example_skip_dag to 2024-09-11 00:00:00+00:00, run_after=2024-09-12 00:00:00+00:00
[2024-09-12T15:30:19.878+0000] {processor.py:208} INFO - Processing /home/airflow/.local/lib/python3.12/site-packages/airflow/example_dags/example_skip_dag.py took 0.058 seconds
[2024-09-12T15:30:51.039+0000] {processor.py:186} INFO - Started process (PID=1359) to work on /home/airflow/.local/lib/python3.12/site-packages/airflow/example_dags/example_skip_dag.py
[2024-09-12T15:30:51.041+0000] {processor.py:914} INFO - Processing file /home/airflow/.local/lib/python3.12/site-packages/airflow/example_dags/example_skip_dag.py for tasks to queue
[2024-09-12T15:30:51.043+0000] {logging_mixin.py:190} INFO - [2024-09-12T15:30:51.043+0000] {dagbag.py:587} INFO - Filling up the DagBag from /home/airflow/.local/lib/python3.12/site-packages/airflow/example_dags/example_skip_dag.py
[2024-09-12T15:30:51.049+0000] {processor.py:925} INFO - DAG(s) 'example_skip_dag' retrieved from /home/airflow/.local/lib/python3.12/site-packages/airflow/example_dags/example_skip_dag.py
[2024-09-12T15:30:51.069+0000] {logging_mixin.py:190} INFO - [2024-09-12T15:30:51.069+0000] {dag.py:3229} INFO - Sync 1 DAGs
[2024-09-12T15:30:51.085+0000] {logging_mixin.py:190} INFO - [2024-09-12T15:30:51.085+0000] {dag.py:4156} INFO - Setting next_dagrun for example_skip_dag to 2024-09-11 00:00:00+00:00, run_after=2024-09-12 00:00:00+00:00
[2024-09-12T15:30:51.096+0000] {processor.py:208} INFO - Processing /home/airflow/.local/lib/python3.12/site-packages/airflow/example_dags/example_skip_dag.py took 0.062 seconds
[2024-09-12T15:31:21.392+0000] {processor.py:186} INFO - Started process (PID=1421) to work on /home/airflow/.local/lib/python3.12/site-packages/airflow/example_dags/example_skip_dag.py
[2024-09-12T15:31:21.393+0000] {processor.py:914} INFO - Processing file /home/airflow/.local/lib/python3.12/site-packages/airflow/example_dags/example_skip_dag.py for tasks to queue
[2024-09-12T15:31:21.396+0000] {logging_mixin.py:190} INFO - [2024-09-12T15:31:21.395+0000] {dagbag.py:587} INFO - Filling up the DagBag from /home/airflow/.local/lib/python3.12/site-packages/airflow/example_dags/example_skip_dag.py
[2024-09-12T15:31:21.402+0000] {processor.py:925} INFO - DAG(s) 'example_skip_dag' retrieved from /home/airflow/.local/lib/python3.12/site-packages/airflow/example_dags/example_skip_dag.py
[2024-09-12T15:31:21.423+0000] {logging_mixin.py:190} INFO - [2024-09-12T15:31:21.423+0000] {dag.py:3229} INFO - Sync 1 DAGs
[2024-09-12T15:31:21.439+0000] {logging_mixin.py:190} INFO - [2024-09-12T15:31:21.439+0000] {dag.py:4156} INFO - Setting next_dagrun for example_skip_dag to 2024-09-11 00:00:00+00:00, run_after=2024-09-12 00:00:00+00:00
[2024-09-12T15:31:21.451+0000] {processor.py:208} INFO - Processing /home/airflow/.local/lib/python3.12/site-packages/airflow/example_dags/example_skip_dag.py took 0.064 seconds
[2024-09-12T15:31:51.811+0000] {processor.py:186} INFO - Started process (PID=1483) to work on /home/airflow/.local/lib/python3.12/site-packages/airflow/example_dags/example_skip_dag.py
[2024-09-12T15:31:51.812+0000] {processor.py:914} INFO - Processing file /home/airflow/.local/lib/python3.12/site-packages/airflow/example_dags/example_skip_dag.py for tasks to queue
[2024-09-12T15:31:51.815+0000] {logging_mixin.py:190} INFO - [2024-09-12T15:31:51.814+0000] {dagbag.py:587} INFO - Filling up the DagBag from /home/airflow/.local/lib/python3.12/site-packages/airflow/example_dags/example_skip_dag.py
[2024-09-12T15:31:51.821+0000] {processor.py:925} INFO - DAG(s) 'example_skip_dag' retrieved from /home/airflow/.local/lib/python3.12/site-packages/airflow/example_dags/example_skip_dag.py
[2024-09-12T15:31:51.839+0000] {logging_mixin.py:190} INFO - [2024-09-12T15:31:51.839+0000] {dag.py:3229} INFO - Sync 1 DAGs
[2024-09-12T15:31:51.855+0000] {logging_mixin.py:190} INFO - [2024-09-12T15:31:51.855+0000] {dag.py:4156} INFO - Setting next_dagrun for example_skip_dag to 2024-09-11 00:00:00+00:00, run_after=2024-09-12 00:00:00+00:00
[2024-09-12T15:31:51.865+0000] {processor.py:208} INFO - Processing /home/airflow/.local/lib/python3.12/site-packages/airflow/example_dags/example_skip_dag.py took 0.058 seconds
[2024-09-12T15:32:22.055+0000] {processor.py:186} INFO - Started process (PID=1544) to work on /home/airflow/.local/lib/python3.12/site-packages/airflow/example_dags/example_skip_dag.py
[2024-09-12T15:32:22.058+0000] {processor.py:914} INFO - Processing file /home/airflow/.local/lib/python3.12/site-packages/airflow/example_dags/example_skip_dag.py for tasks to queue
[2024-09-12T15:32:22.061+0000] {logging_mixin.py:190} INFO - [2024-09-12T15:32:22.060+0000] {dagbag.py:587} INFO - Filling up the DagBag from /home/airflow/.local/lib/python3.12/site-packages/airflow/example_dags/example_skip_dag.py
[2024-09-12T15:32:22.067+0000] {processor.py:925} INFO - DAG(s) 'example_skip_dag' retrieved from /home/airflow/.local/lib/python3.12/site-packages/airflow/example_dags/example_skip_dag.py
[2024-09-12T15:32:22.084+0000] {logging_mixin.py:190} INFO - [2024-09-12T15:32:22.084+0000] {dag.py:3229} INFO - Sync 1 DAGs
[2024-09-12T15:32:22.098+0000] {logging_mixin.py:190} INFO - [2024-09-12T15:32:22.098+0000] {dag.py:4156} INFO - Setting next_dagrun for example_skip_dag to 2024-09-11 00:00:00+00:00, run_after=2024-09-12 00:00:00+00:00
[2024-09-12T15:32:22.108+0000] {processor.py:208} INFO - Processing /home/airflow/.local/lib/python3.12/site-packages/airflow/example_dags/example_skip_dag.py took 0.057 seconds
[2024-09-12T15:32:52.173+0000] {processor.py:186} INFO - Started process (PID=1605) to work on /home/airflow/.local/lib/python3.12/site-packages/airflow/example_dags/example_skip_dag.py
[2024-09-12T15:32:52.175+0000] {processor.py:914} INFO - Processing file /home/airflow/.local/lib/python3.12/site-packages/airflow/example_dags/example_skip_dag.py for tasks to queue
[2024-09-12T15:32:52.178+0000] {logging_mixin.py:190} INFO - [2024-09-12T15:32:52.177+0000] {dagbag.py:587} INFO - Filling up the DagBag from /home/airflow/.local/lib/python3.12/site-packages/airflow/example_dags/example_skip_dag.py
[2024-09-12T15:32:52.184+0000] {processor.py:925} INFO - DAG(s) 'example_skip_dag' retrieved from /home/airflow/.local/lib/python3.12/site-packages/airflow/example_dags/example_skip_dag.py
[2024-09-12T15:32:52.202+0000] {logging_mixin.py:190} INFO - [2024-09-12T15:32:52.202+0000] {dag.py:3229} INFO - Sync 1 DAGs
[2024-09-12T15:32:52.217+0000] {logging_mixin.py:190} INFO - [2024-09-12T15:32:52.217+0000] {dag.py:4156} INFO - Setting next_dagrun for example_skip_dag to 2024-09-11 00:00:00+00:00, run_after=2024-09-12 00:00:00+00:00
[2024-09-12T15:32:52.229+0000] {processor.py:208} INFO - Processing /home/airflow/.local/lib/python3.12/site-packages/airflow/example_dags/example_skip_dag.py took 0.060 seconds
[2024-09-12T15:33:22.528+0000] {processor.py:186} INFO - Started process (PID=1667) to work on /home/airflow/.local/lib/python3.12/site-packages/airflow/example_dags/example_skip_dag.py
[2024-09-12T15:33:22.529+0000] {processor.py:914} INFO - Processing file /home/airflow/.local/lib/python3.12/site-packages/airflow/example_dags/example_skip_dag.py for tasks to queue
[2024-09-12T15:33:22.531+0000] {logging_mixin.py:190} INFO - [2024-09-12T15:33:22.531+0000] {dagbag.py:587} INFO - Filling up the DagBag from /home/airflow/.local/lib/python3.12/site-packages/airflow/example_dags/example_skip_dag.py
[2024-09-12T15:33:22.538+0000] {processor.py:925} INFO - DAG(s) 'example_skip_dag' retrieved from /home/airflow/.local/lib/python3.12/site-packages/airflow/example_dags/example_skip_dag.py
[2024-09-12T15:33:22.555+0000] {logging_mixin.py:190} INFO - [2024-09-12T15:33:22.555+0000] {dag.py:3229} INFO - Sync 1 DAGs
[2024-09-12T15:33:22.570+0000] {logging_mixin.py:190} INFO - [2024-09-12T15:33:22.570+0000] {dag.py:4156} INFO - Setting next_dagrun for example_skip_dag to 2024-09-11 00:00:00+00:00, run_after=2024-09-12 00:00:00+00:00
[2024-09-12T15:33:22.582+0000] {processor.py:208} INFO - Processing /home/airflow/.local/lib/python3.12/site-packages/airflow/example_dags/example_skip_dag.py took 0.059 seconds
[2024-09-12T15:33:52.876+0000] {processor.py:186} INFO - Started process (PID=1729) to work on /home/airflow/.local/lib/python3.12/site-packages/airflow/example_dags/example_skip_dag.py
[2024-09-12T15:33:52.878+0000] {processor.py:914} INFO - Processing file /home/airflow/.local/lib/python3.12/site-packages/airflow/example_dags/example_skip_dag.py for tasks to queue
[2024-09-12T15:33:52.882+0000] {logging_mixin.py:190} INFO - [2024-09-12T15:33:52.881+0000] {dagbag.py:587} INFO - Filling up the DagBag from /home/airflow/.local/lib/python3.12/site-packages/airflow/example_dags/example_skip_dag.py
[2024-09-12T15:33:52.889+0000] {processor.py:925} INFO - DAG(s) 'example_skip_dag' retrieved from /home/airflow/.local/lib/python3.12/site-packages/airflow/example_dags/example_skip_dag.py
[2024-09-12T15:33:52.908+0000] {logging_mixin.py:190} INFO - [2024-09-12T15:33:52.908+0000] {dag.py:3229} INFO - Sync 1 DAGs
[2024-09-12T15:33:52.925+0000] {logging_mixin.py:190} INFO - [2024-09-12T15:33:52.925+0000] {dag.py:4156} INFO - Setting next_dagrun for example_skip_dag to 2024-09-11 00:00:00+00:00, run_after=2024-09-12 00:00:00+00:00
[2024-09-12T15:33:52.936+0000] {processor.py:208} INFO - Processing /home/airflow/.local/lib/python3.12/site-packages/airflow/example_dags/example_skip_dag.py took 0.067 seconds
