[2024-09-12T15:20:08.026+0000] {processor.py:186} INFO - Started process (PID=53) to work on /home/airflow/.local/lib/python3.12/site-packages/airflow/example_dags/example_time_delta_sensor_async.py
[2024-09-12T15:20:08.027+0000] {processor.py:914} INFO - Processing file /home/airflow/.local/lib/python3.12/site-packages/airflow/example_dags/example_time_delta_sensor_async.py for tasks to queue
[2024-09-12T15:20:08.029+0000] {logging_mixin.py:190} INFO - [2024-09-12T15:20:08.029+0000] {dagbag.py:587} INFO - Filling up the DagBag from /home/airflow/.local/lib/python3.12/site-packages/airflow/example_dags/example_time_delta_sensor_async.py
[2024-09-12T15:20:08.036+0000] {processor.py:925} INFO - DAG(s) 'example_time_delta_sensor_async' retrieved from /home/airflow/.local/lib/python3.12/site-packages/airflow/example_dags/example_time_delta_sensor_async.py
[2024-09-12T15:20:08.096+0000] {logging_mixin.py:190} INFO - [2024-09-12T15:20:08.096+0000] {override.py:1900} INFO - Created Permission View: can read on DAG:example_time_delta_sensor_async
[2024-09-12T15:20:08.102+0000] {logging_mixin.py:190} INFO - [2024-09-12T15:20:08.102+0000] {override.py:1900} INFO - Created Permission View: can delete on DAG:example_time_delta_sensor_async
[2024-09-12T15:20:08.106+0000] {logging_mixin.py:190} INFO - [2024-09-12T15:20:08.106+0000] {override.py:1900} INFO - Created Permission View: can edit on DAG:example_time_delta_sensor_async
[2024-09-12T15:20:08.110+0000] {logging_mixin.py:190} INFO - [2024-09-12T15:20:08.110+0000] {override.py:1900} INFO - Created Permission View: can read on DAG Run:example_time_delta_sensor_async
[2024-09-12T15:20:08.114+0000] {logging_mixin.py:190} INFO - [2024-09-12T15:20:08.114+0000] {override.py:1900} INFO - Created Permission View: can create on DAG Run:example_time_delta_sensor_async
[2024-09-12T15:20:08.117+0000] {logging_mixin.py:190} INFO - [2024-09-12T15:20:08.117+0000] {override.py:1900} INFO - Created Permission View: menu access on DAG Run:example_time_delta_sensor_async
[2024-09-12T15:20:08.120+0000] {logging_mixin.py:190} INFO - [2024-09-12T15:20:08.120+0000] {override.py:1900} INFO - Created Permission View: can delete on DAG Run:example_time_delta_sensor_async
[2024-09-12T15:20:08.121+0000] {logging_mixin.py:190} INFO - [2024-09-12T15:20:08.121+0000] {dag.py:3229} INFO - Sync 1 DAGs
[2024-09-12T15:20:08.128+0000] {logging_mixin.py:190} INFO - [2024-09-12T15:20:08.128+0000] {dag.py:3252} INFO - Creating ORM DAG for example_time_delta_sensor_async
[2024-09-12T15:20:08.129+0000] {logging_mixin.py:190} INFO - [2024-09-12T15:20:08.129+0000] {dag.py:4156} INFO - Setting next_dagrun for example_time_delta_sensor_async to None, run_after=None
[2024-09-12T15:20:08.140+0000] {processor.py:208} INFO - Processing /home/airflow/.local/lib/python3.12/site-packages/airflow/example_dags/example_time_delta_sensor_async.py took 0.118 seconds
[2024-09-12T15:20:38.990+0000] {processor.py:186} INFO - Started process (PID=116) to work on /home/airflow/.local/lib/python3.12/site-packages/airflow/example_dags/example_time_delta_sensor_async.py
[2024-09-12T15:20:38.991+0000] {processor.py:914} INFO - Processing file /home/airflow/.local/lib/python3.12/site-packages/airflow/example_dags/example_time_delta_sensor_async.py for tasks to queue
[2024-09-12T15:20:38.993+0000] {logging_mixin.py:190} INFO - [2024-09-12T15:20:38.993+0000] {dagbag.py:587} INFO - Filling up the DagBag from /home/airflow/.local/lib/python3.12/site-packages/airflow/example_dags/example_time_delta_sensor_async.py
[2024-09-12T15:20:38.999+0000] {processor.py:925} INFO - DAG(s) 'example_time_delta_sensor_async' retrieved from /home/airflow/.local/lib/python3.12/site-packages/airflow/example_dags/example_time_delta_sensor_async.py
[2024-09-12T15:20:39.014+0000] {logging_mixin.py:190} INFO - [2024-09-12T15:20:39.014+0000] {dag.py:3229} INFO - Sync 1 DAGs
[2024-09-12T15:20:39.024+0000] {logging_mixin.py:190} INFO - [2024-09-12T15:20:39.024+0000] {dag.py:4156} INFO - Setting next_dagrun for example_time_delta_sensor_async to None, run_after=None
[2024-09-12T15:20:39.044+0000] {processor.py:208} INFO - Processing /home/airflow/.local/lib/python3.12/site-packages/airflow/example_dags/example_time_delta_sensor_async.py took 0.059 seconds
[2024-09-12T15:21:09.570+0000] {processor.py:186} INFO - Started process (PID=179) to work on /home/airflow/.local/lib/python3.12/site-packages/airflow/example_dags/example_time_delta_sensor_async.py
[2024-09-12T15:21:09.572+0000] {processor.py:914} INFO - Processing file /home/airflow/.local/lib/python3.12/site-packages/airflow/example_dags/example_time_delta_sensor_async.py for tasks to queue
[2024-09-12T15:21:09.576+0000] {logging_mixin.py:190} INFO - [2024-09-12T15:21:09.575+0000] {dagbag.py:587} INFO - Filling up the DagBag from /home/airflow/.local/lib/python3.12/site-packages/airflow/example_dags/example_time_delta_sensor_async.py
[2024-09-12T15:21:09.586+0000] {processor.py:925} INFO - DAG(s) 'example_time_delta_sensor_async' retrieved from /home/airflow/.local/lib/python3.12/site-packages/airflow/example_dags/example_time_delta_sensor_async.py
[2024-09-12T15:21:09.630+0000] {logging_mixin.py:190} INFO - [2024-09-12T15:21:09.630+0000] {dag.py:3229} INFO - Sync 1 DAGs
[2024-09-12T15:21:09.644+0000] {logging_mixin.py:190} INFO - [2024-09-12T15:21:09.644+0000] {dag.py:4156} INFO - Setting next_dagrun for example_time_delta_sensor_async to None, run_after=None
[2024-09-12T15:21:09.661+0000] {processor.py:208} INFO - Processing /home/airflow/.local/lib/python3.12/site-packages/airflow/example_dags/example_time_delta_sensor_async.py took 0.099 seconds
[2024-09-12T15:21:40.571+0000] {processor.py:186} INFO - Started process (PID=241) to work on /home/airflow/.local/lib/python3.12/site-packages/airflow/example_dags/example_time_delta_sensor_async.py
[2024-09-12T15:21:40.573+0000] {processor.py:914} INFO - Processing file /home/airflow/.local/lib/python3.12/site-packages/airflow/example_dags/example_time_delta_sensor_async.py for tasks to queue
[2024-09-12T15:21:40.576+0000] {logging_mixin.py:190} INFO - [2024-09-12T15:21:40.575+0000] {dagbag.py:587} INFO - Filling up the DagBag from /home/airflow/.local/lib/python3.12/site-packages/airflow/example_dags/example_time_delta_sensor_async.py
[2024-09-12T15:21:40.581+0000] {processor.py:925} INFO - DAG(s) 'example_time_delta_sensor_async' retrieved from /home/airflow/.local/lib/python3.12/site-packages/airflow/example_dags/example_time_delta_sensor_async.py
[2024-09-12T15:21:40.599+0000] {logging_mixin.py:190} INFO - [2024-09-12T15:21:40.599+0000] {dag.py:3229} INFO - Sync 1 DAGs
[2024-09-12T15:21:40.618+0000] {logging_mixin.py:190} INFO - [2024-09-12T15:21:40.618+0000] {dag.py:4156} INFO - Setting next_dagrun for example_time_delta_sensor_async to None, run_after=None
[2024-09-12T15:21:40.633+0000] {processor.py:208} INFO - Processing /home/airflow/.local/lib/python3.12/site-packages/airflow/example_dags/example_time_delta_sensor_async.py took 0.066 seconds
[2024-09-12T15:22:11.411+0000] {processor.py:186} INFO - Started process (PID=303) to work on /home/airflow/.local/lib/python3.12/site-packages/airflow/example_dags/example_time_delta_sensor_async.py
[2024-09-12T15:22:11.414+0000] {processor.py:914} INFO - Processing file /home/airflow/.local/lib/python3.12/site-packages/airflow/example_dags/example_time_delta_sensor_async.py for tasks to queue
[2024-09-12T15:22:11.417+0000] {logging_mixin.py:190} INFO - [2024-09-12T15:22:11.417+0000] {dagbag.py:587} INFO - Filling up the DagBag from /home/airflow/.local/lib/python3.12/site-packages/airflow/example_dags/example_time_delta_sensor_async.py
[2024-09-12T15:22:11.433+0000] {processor.py:925} INFO - DAG(s) 'example_time_delta_sensor_async' retrieved from /home/airflow/.local/lib/python3.12/site-packages/airflow/example_dags/example_time_delta_sensor_async.py
[2024-09-12T15:22:11.471+0000] {logging_mixin.py:190} INFO - [2024-09-12T15:22:11.470+0000] {dag.py:3229} INFO - Sync 1 DAGs
[2024-09-12T15:22:11.489+0000] {logging_mixin.py:190} INFO - [2024-09-12T15:22:11.489+0000] {dag.py:4156} INFO - Setting next_dagrun for example_time_delta_sensor_async to None, run_after=None
[2024-09-12T15:22:11.506+0000] {processor.py:208} INFO - Processing /home/airflow/.local/lib/python3.12/site-packages/airflow/example_dags/example_time_delta_sensor_async.py took 0.100 seconds
[2024-09-12T15:22:42.100+0000] {processor.py:186} INFO - Started process (PID=365) to work on /home/airflow/.local/lib/python3.12/site-packages/airflow/example_dags/example_time_delta_sensor_async.py
[2024-09-12T15:22:42.102+0000] {processor.py:914} INFO - Processing file /home/airflow/.local/lib/python3.12/site-packages/airflow/example_dags/example_time_delta_sensor_async.py for tasks to queue
[2024-09-12T15:22:42.104+0000] {logging_mixin.py:190} INFO - [2024-09-12T15:22:42.104+0000] {dagbag.py:587} INFO - Filling up the DagBag from /home/airflow/.local/lib/python3.12/site-packages/airflow/example_dags/example_time_delta_sensor_async.py
[2024-09-12T15:22:42.110+0000] {processor.py:925} INFO - DAG(s) 'example_time_delta_sensor_async' retrieved from /home/airflow/.local/lib/python3.12/site-packages/airflow/example_dags/example_time_delta_sensor_async.py
[2024-09-12T15:22:42.127+0000] {logging_mixin.py:190} INFO - [2024-09-12T15:22:42.127+0000] {dag.py:3229} INFO - Sync 1 DAGs
[2024-09-12T15:22:42.136+0000] {logging_mixin.py:190} INFO - [2024-09-12T15:22:42.136+0000] {dag.py:4156} INFO - Setting next_dagrun for example_time_delta_sensor_async to None, run_after=None
[2024-09-12T15:22:42.154+0000] {processor.py:208} INFO - Processing /home/airflow/.local/lib/python3.12/site-packages/airflow/example_dags/example_time_delta_sensor_async.py took 0.059 seconds
[2024-09-12T15:23:12.222+0000] {processor.py:186} INFO - Started process (PID=427) to work on /home/airflow/.local/lib/python3.12/site-packages/airflow/example_dags/example_time_delta_sensor_async.py
[2024-09-12T15:23:12.223+0000] {processor.py:914} INFO - Processing file /home/airflow/.local/lib/python3.12/site-packages/airflow/example_dags/example_time_delta_sensor_async.py for tasks to queue
[2024-09-12T15:23:12.225+0000] {logging_mixin.py:190} INFO - [2024-09-12T15:23:12.225+0000] {dagbag.py:587} INFO - Filling up the DagBag from /home/airflow/.local/lib/python3.12/site-packages/airflow/example_dags/example_time_delta_sensor_async.py
[2024-09-12T15:23:12.230+0000] {processor.py:925} INFO - DAG(s) 'example_time_delta_sensor_async' retrieved from /home/airflow/.local/lib/python3.12/site-packages/airflow/example_dags/example_time_delta_sensor_async.py
[2024-09-12T15:23:12.246+0000] {logging_mixin.py:190} INFO - [2024-09-12T15:23:12.246+0000] {dag.py:3229} INFO - Sync 1 DAGs
[2024-09-12T15:23:12.255+0000] {logging_mixin.py:190} INFO - [2024-09-12T15:23:12.255+0000] {dag.py:4156} INFO - Setting next_dagrun for example_time_delta_sensor_async to None, run_after=None
[2024-09-12T15:23:12.266+0000] {processor.py:208} INFO - Processing /home/airflow/.local/lib/python3.12/site-packages/airflow/example_dags/example_time_delta_sensor_async.py took 0.049 seconds
[2024-09-12T15:23:42.610+0000] {processor.py:186} INFO - Started process (PID=489) to work on /home/airflow/.local/lib/python3.12/site-packages/airflow/example_dags/example_time_delta_sensor_async.py
[2024-09-12T15:23:42.612+0000] {processor.py:914} INFO - Processing file /home/airflow/.local/lib/python3.12/site-packages/airflow/example_dags/example_time_delta_sensor_async.py for tasks to queue
[2024-09-12T15:23:42.614+0000] {logging_mixin.py:190} INFO - [2024-09-12T15:23:42.614+0000] {dagbag.py:587} INFO - Filling up the DagBag from /home/airflow/.local/lib/python3.12/site-packages/airflow/example_dags/example_time_delta_sensor_async.py
[2024-09-12T15:23:42.619+0000] {processor.py:925} INFO - DAG(s) 'example_time_delta_sensor_async' retrieved from /home/airflow/.local/lib/python3.12/site-packages/airflow/example_dags/example_time_delta_sensor_async.py
[2024-09-12T15:23:42.635+0000] {logging_mixin.py:190} INFO - [2024-09-12T15:23:42.635+0000] {dag.py:3229} INFO - Sync 1 DAGs
[2024-09-12T15:23:42.644+0000] {logging_mixin.py:190} INFO - [2024-09-12T15:23:42.644+0000] {dag.py:4156} INFO - Setting next_dagrun for example_time_delta_sensor_async to None, run_after=None
[2024-09-12T15:23:42.655+0000] {processor.py:208} INFO - Processing /home/airflow/.local/lib/python3.12/site-packages/airflow/example_dags/example_time_delta_sensor_async.py took 0.049 seconds
[2024-09-12T15:24:13.349+0000] {processor.py:186} INFO - Started process (PID=550) to work on /home/airflow/.local/lib/python3.12/site-packages/airflow/example_dags/example_time_delta_sensor_async.py
[2024-09-12T15:24:13.351+0000] {processor.py:914} INFO - Processing file /home/airflow/.local/lib/python3.12/site-packages/airflow/example_dags/example_time_delta_sensor_async.py for tasks to queue
[2024-09-12T15:24:13.357+0000] {logging_mixin.py:190} INFO - [2024-09-12T15:24:13.357+0000] {dagbag.py:587} INFO - Filling up the DagBag from /home/airflow/.local/lib/python3.12/site-packages/airflow/example_dags/example_time_delta_sensor_async.py
[2024-09-12T15:24:13.383+0000] {processor.py:925} INFO - DAG(s) 'example_time_delta_sensor_async' retrieved from /home/airflow/.local/lib/python3.12/site-packages/airflow/example_dags/example_time_delta_sensor_async.py
[2024-09-12T15:24:13.409+0000] {logging_mixin.py:190} INFO - [2024-09-12T15:24:13.409+0000] {dag.py:3229} INFO - Sync 1 DAGs
[2024-09-12T15:24:13.425+0000] {logging_mixin.py:190} INFO - [2024-09-12T15:24:13.425+0000] {dag.py:4156} INFO - Setting next_dagrun for example_time_delta_sensor_async to None, run_after=None
[2024-09-12T15:24:13.442+0000] {processor.py:208} INFO - Processing /home/airflow/.local/lib/python3.12/site-packages/airflow/example_dags/example_time_delta_sensor_async.py took 0.098 seconds
[2024-09-12T15:24:43.745+0000] {processor.py:186} INFO - Started process (PID=612) to work on /home/airflow/.local/lib/python3.12/site-packages/airflow/example_dags/example_time_delta_sensor_async.py
[2024-09-12T15:24:43.746+0000] {processor.py:914} INFO - Processing file /home/airflow/.local/lib/python3.12/site-packages/airflow/example_dags/example_time_delta_sensor_async.py for tasks to queue
[2024-09-12T15:24:43.748+0000] {logging_mixin.py:190} INFO - [2024-09-12T15:24:43.748+0000] {dagbag.py:587} INFO - Filling up the DagBag from /home/airflow/.local/lib/python3.12/site-packages/airflow/example_dags/example_time_delta_sensor_async.py
[2024-09-12T15:24:43.754+0000] {processor.py:925} INFO - DAG(s) 'example_time_delta_sensor_async' retrieved from /home/airflow/.local/lib/python3.12/site-packages/airflow/example_dags/example_time_delta_sensor_async.py
[2024-09-12T15:24:43.770+0000] {logging_mixin.py:190} INFO - [2024-09-12T15:24:43.770+0000] {dag.py:3229} INFO - Sync 1 DAGs
[2024-09-12T15:24:43.779+0000] {logging_mixin.py:190} INFO - [2024-09-12T15:24:43.779+0000] {dag.py:4156} INFO - Setting next_dagrun for example_time_delta_sensor_async to None, run_after=None
[2024-09-12T15:24:43.789+0000] {processor.py:208} INFO - Processing /home/airflow/.local/lib/python3.12/site-packages/airflow/example_dags/example_time_delta_sensor_async.py took 0.049 seconds
[2024-09-12T15:25:14.189+0000] {processor.py:186} INFO - Started process (PID=674) to work on /home/airflow/.local/lib/python3.12/site-packages/airflow/example_dags/example_time_delta_sensor_async.py
[2024-09-12T15:25:14.190+0000] {processor.py:914} INFO - Processing file /home/airflow/.local/lib/python3.12/site-packages/airflow/example_dags/example_time_delta_sensor_async.py for tasks to queue
[2024-09-12T15:25:14.192+0000] {logging_mixin.py:190} INFO - [2024-09-12T15:25:14.192+0000] {dagbag.py:587} INFO - Filling up the DagBag from /home/airflow/.local/lib/python3.12/site-packages/airflow/example_dags/example_time_delta_sensor_async.py
[2024-09-12T15:25:14.199+0000] {processor.py:925} INFO - DAG(s) 'example_time_delta_sensor_async' retrieved from /home/airflow/.local/lib/python3.12/site-packages/airflow/example_dags/example_time_delta_sensor_async.py
[2024-09-12T15:25:14.215+0000] {logging_mixin.py:190} INFO - [2024-09-12T15:25:14.215+0000] {dag.py:3229} INFO - Sync 1 DAGs
[2024-09-12T15:25:14.224+0000] {logging_mixin.py:190} INFO - [2024-09-12T15:25:14.224+0000] {dag.py:4156} INFO - Setting next_dagrun for example_time_delta_sensor_async to None, run_after=None
[2024-09-12T15:25:14.236+0000] {processor.py:208} INFO - Processing /home/airflow/.local/lib/python3.12/site-packages/airflow/example_dags/example_time_delta_sensor_async.py took 0.052 seconds
[2024-09-12T15:25:44.418+0000] {processor.py:186} INFO - Started process (PID=736) to work on /home/airflow/.local/lib/python3.12/site-packages/airflow/example_dags/example_time_delta_sensor_async.py
[2024-09-12T15:25:44.419+0000] {processor.py:914} INFO - Processing file /home/airflow/.local/lib/python3.12/site-packages/airflow/example_dags/example_time_delta_sensor_async.py for tasks to queue
[2024-09-12T15:25:44.422+0000] {logging_mixin.py:190} INFO - [2024-09-12T15:25:44.421+0000] {dagbag.py:587} INFO - Filling up the DagBag from /home/airflow/.local/lib/python3.12/site-packages/airflow/example_dags/example_time_delta_sensor_async.py
[2024-09-12T15:25:44.427+0000] {processor.py:925} INFO - DAG(s) 'example_time_delta_sensor_async' retrieved from /home/airflow/.local/lib/python3.12/site-packages/airflow/example_dags/example_time_delta_sensor_async.py
[2024-09-12T15:25:44.443+0000] {logging_mixin.py:190} INFO - [2024-09-12T15:25:44.443+0000] {dag.py:3229} INFO - Sync 1 DAGs
[2024-09-12T15:25:44.452+0000] {logging_mixin.py:190} INFO - [2024-09-12T15:25:44.452+0000] {dag.py:4156} INFO - Setting next_dagrun for example_time_delta_sensor_async to None, run_after=None
[2024-09-12T15:25:44.463+0000] {processor.py:208} INFO - Processing /home/airflow/.local/lib/python3.12/site-packages/airflow/example_dags/example_time_delta_sensor_async.py took 0.050 seconds
[2024-09-12T15:26:14.650+0000] {processor.py:186} INFO - Started process (PID=798) to work on /home/airflow/.local/lib/python3.12/site-packages/airflow/example_dags/example_time_delta_sensor_async.py
[2024-09-12T15:26:14.651+0000] {processor.py:914} INFO - Processing file /home/airflow/.local/lib/python3.12/site-packages/airflow/example_dags/example_time_delta_sensor_async.py for tasks to queue
[2024-09-12T15:26:14.654+0000] {logging_mixin.py:190} INFO - [2024-09-12T15:26:14.653+0000] {dagbag.py:587} INFO - Filling up the DagBag from /home/airflow/.local/lib/python3.12/site-packages/airflow/example_dags/example_time_delta_sensor_async.py
[2024-09-12T15:26:14.660+0000] {processor.py:925} INFO - DAG(s) 'example_time_delta_sensor_async' retrieved from /home/airflow/.local/lib/python3.12/site-packages/airflow/example_dags/example_time_delta_sensor_async.py
[2024-09-12T15:26:14.676+0000] {logging_mixin.py:190} INFO - [2024-09-12T15:26:14.675+0000] {dag.py:3229} INFO - Sync 1 DAGs
[2024-09-12T15:26:14.685+0000] {logging_mixin.py:190} INFO - [2024-09-12T15:26:14.685+0000] {dag.py:4156} INFO - Setting next_dagrun for example_time_delta_sensor_async to None, run_after=None
[2024-09-12T15:26:14.696+0000] {processor.py:208} INFO - Processing /home/airflow/.local/lib/python3.12/site-packages/airflow/example_dags/example_time_delta_sensor_async.py took 0.051 seconds
[2024-09-12T15:26:45.853+0000] {processor.py:186} INFO - Started process (PID=866) to work on /home/airflow/.local/lib/python3.12/site-packages/airflow/example_dags/example_time_delta_sensor_async.py
[2024-09-12T15:26:45.855+0000] {processor.py:914} INFO - Processing file /home/airflow/.local/lib/python3.12/site-packages/airflow/example_dags/example_time_delta_sensor_async.py for tasks to queue
[2024-09-12T15:26:45.857+0000] {logging_mixin.py:190} INFO - [2024-09-12T15:26:45.857+0000] {dagbag.py:587} INFO - Filling up the DagBag from /home/airflow/.local/lib/python3.12/site-packages/airflow/example_dags/example_time_delta_sensor_async.py
[2024-09-12T15:26:45.863+0000] {processor.py:925} INFO - DAG(s) 'example_time_delta_sensor_async' retrieved from /home/airflow/.local/lib/python3.12/site-packages/airflow/example_dags/example_time_delta_sensor_async.py
[2024-09-12T15:26:45.882+0000] {logging_mixin.py:190} INFO - [2024-09-12T15:26:45.881+0000] {dag.py:3229} INFO - Sync 1 DAGs
[2024-09-12T15:26:45.891+0000] {logging_mixin.py:190} INFO - [2024-09-12T15:26:45.891+0000] {dag.py:4156} INFO - Setting next_dagrun for example_time_delta_sensor_async to None, run_after=None
[2024-09-12T15:26:45.902+0000] {processor.py:208} INFO - Processing /home/airflow/.local/lib/python3.12/site-packages/airflow/example_dags/example_time_delta_sensor_async.py took 0.054 seconds
[2024-09-12T15:27:16.147+0000] {processor.py:186} INFO - Started process (PID=928) to work on /home/airflow/.local/lib/python3.12/site-packages/airflow/example_dags/example_time_delta_sensor_async.py
[2024-09-12T15:27:16.148+0000] {processor.py:914} INFO - Processing file /home/airflow/.local/lib/python3.12/site-packages/airflow/example_dags/example_time_delta_sensor_async.py for tasks to queue
[2024-09-12T15:27:16.150+0000] {logging_mixin.py:190} INFO - [2024-09-12T15:27:16.150+0000] {dagbag.py:587} INFO - Filling up the DagBag from /home/airflow/.local/lib/python3.12/site-packages/airflow/example_dags/example_time_delta_sensor_async.py
[2024-09-12T15:27:16.156+0000] {processor.py:925} INFO - DAG(s) 'example_time_delta_sensor_async' retrieved from /home/airflow/.local/lib/python3.12/site-packages/airflow/example_dags/example_time_delta_sensor_async.py
[2024-09-12T15:27:16.173+0000] {logging_mixin.py:190} INFO - [2024-09-12T15:27:16.173+0000] {dag.py:3229} INFO - Sync 1 DAGs
[2024-09-12T15:27:16.182+0000] {logging_mixin.py:190} INFO - [2024-09-12T15:27:16.182+0000] {dag.py:4156} INFO - Setting next_dagrun for example_time_delta_sensor_async to None, run_after=None
[2024-09-12T15:27:16.192+0000] {processor.py:208} INFO - Processing /home/airflow/.local/lib/python3.12/site-packages/airflow/example_dags/example_time_delta_sensor_async.py took 0.050 seconds
[2024-09-12T15:27:46.882+0000] {processor.py:186} INFO - Started process (PID=990) to work on /home/airflow/.local/lib/python3.12/site-packages/airflow/example_dags/example_time_delta_sensor_async.py
[2024-09-12T15:27:46.883+0000] {processor.py:914} INFO - Processing file /home/airflow/.local/lib/python3.12/site-packages/airflow/example_dags/example_time_delta_sensor_async.py for tasks to queue
[2024-09-12T15:27:46.886+0000] {logging_mixin.py:190} INFO - [2024-09-12T15:27:46.885+0000] {dagbag.py:587} INFO - Filling up the DagBag from /home/airflow/.local/lib/python3.12/site-packages/airflow/example_dags/example_time_delta_sensor_async.py
[2024-09-12T15:27:46.892+0000] {processor.py:925} INFO - DAG(s) 'example_time_delta_sensor_async' retrieved from /home/airflow/.local/lib/python3.12/site-packages/airflow/example_dags/example_time_delta_sensor_async.py
[2024-09-12T15:27:46.909+0000] {logging_mixin.py:190} INFO - [2024-09-12T15:27:46.909+0000] {dag.py:3229} INFO - Sync 1 DAGs
[2024-09-12T15:27:46.918+0000] {logging_mixin.py:190} INFO - [2024-09-12T15:27:46.918+0000] {dag.py:4156} INFO - Setting next_dagrun for example_time_delta_sensor_async to None, run_after=None
[2024-09-12T15:27:46.931+0000] {processor.py:208} INFO - Processing /home/airflow/.local/lib/python3.12/site-packages/airflow/example_dags/example_time_delta_sensor_async.py took 0.053 seconds
[2024-09-12T15:28:17.527+0000] {processor.py:186} INFO - Started process (PID=1052) to work on /home/airflow/.local/lib/python3.12/site-packages/airflow/example_dags/example_time_delta_sensor_async.py
[2024-09-12T15:28:17.529+0000] {processor.py:914} INFO - Processing file /home/airflow/.local/lib/python3.12/site-packages/airflow/example_dags/example_time_delta_sensor_async.py for tasks to queue
[2024-09-12T15:28:17.531+0000] {logging_mixin.py:190} INFO - [2024-09-12T15:28:17.531+0000] {dagbag.py:587} INFO - Filling up the DagBag from /home/airflow/.local/lib/python3.12/site-packages/airflow/example_dags/example_time_delta_sensor_async.py
[2024-09-12T15:28:17.537+0000] {processor.py:925} INFO - DAG(s) 'example_time_delta_sensor_async' retrieved from /home/airflow/.local/lib/python3.12/site-packages/airflow/example_dags/example_time_delta_sensor_async.py
[2024-09-12T15:28:17.554+0000] {logging_mixin.py:190} INFO - [2024-09-12T15:28:17.553+0000] {dag.py:3229} INFO - Sync 1 DAGs
[2024-09-12T15:28:17.563+0000] {logging_mixin.py:190} INFO - [2024-09-12T15:28:17.563+0000] {dag.py:4156} INFO - Setting next_dagrun for example_time_delta_sensor_async to None, run_after=None
[2024-09-12T15:28:17.575+0000] {processor.py:208} INFO - Processing /home/airflow/.local/lib/python3.12/site-packages/airflow/example_dags/example_time_delta_sensor_async.py took 0.053 seconds
[2024-09-12T15:28:48.050+0000] {processor.py:186} INFO - Started process (PID=1114) to work on /home/airflow/.local/lib/python3.12/site-packages/airflow/example_dags/example_time_delta_sensor_async.py
[2024-09-12T15:28:48.052+0000] {processor.py:914} INFO - Processing file /home/airflow/.local/lib/python3.12/site-packages/airflow/example_dags/example_time_delta_sensor_async.py for tasks to queue
[2024-09-12T15:28:48.054+0000] {logging_mixin.py:190} INFO - [2024-09-12T15:28:48.054+0000] {dagbag.py:587} INFO - Filling up the DagBag from /home/airflow/.local/lib/python3.12/site-packages/airflow/example_dags/example_time_delta_sensor_async.py
[2024-09-12T15:28:48.060+0000] {processor.py:925} INFO - DAG(s) 'example_time_delta_sensor_async' retrieved from /home/airflow/.local/lib/python3.12/site-packages/airflow/example_dags/example_time_delta_sensor_async.py
[2024-09-12T15:28:48.075+0000] {logging_mixin.py:190} INFO - [2024-09-12T15:28:48.075+0000] {dag.py:3229} INFO - Sync 1 DAGs
[2024-09-12T15:28:48.084+0000] {logging_mixin.py:190} INFO - [2024-09-12T15:28:48.084+0000] {dag.py:4156} INFO - Setting next_dagrun for example_time_delta_sensor_async to None, run_after=None
[2024-09-12T15:28:48.096+0000] {processor.py:208} INFO - Processing /home/airflow/.local/lib/python3.12/site-packages/airflow/example_dags/example_time_delta_sensor_async.py took 0.050 seconds
[2024-09-12T15:29:18.439+0000] {processor.py:186} INFO - Started process (PID=1176) to work on /home/airflow/.local/lib/python3.12/site-packages/airflow/example_dags/example_time_delta_sensor_async.py
[2024-09-12T15:29:18.441+0000] {processor.py:914} INFO - Processing file /home/airflow/.local/lib/python3.12/site-packages/airflow/example_dags/example_time_delta_sensor_async.py for tasks to queue
[2024-09-12T15:29:18.443+0000] {logging_mixin.py:190} INFO - [2024-09-12T15:29:18.443+0000] {dagbag.py:587} INFO - Filling up the DagBag from /home/airflow/.local/lib/python3.12/site-packages/airflow/example_dags/example_time_delta_sensor_async.py
[2024-09-12T15:29:18.449+0000] {processor.py:925} INFO - DAG(s) 'example_time_delta_sensor_async' retrieved from /home/airflow/.local/lib/python3.12/site-packages/airflow/example_dags/example_time_delta_sensor_async.py
[2024-09-12T15:29:18.465+0000] {logging_mixin.py:190} INFO - [2024-09-12T15:29:18.464+0000] {dag.py:3229} INFO - Sync 1 DAGs
[2024-09-12T15:29:18.474+0000] {logging_mixin.py:190} INFO - [2024-09-12T15:29:18.474+0000] {dag.py:4156} INFO - Setting next_dagrun for example_time_delta_sensor_async to None, run_after=None
[2024-09-12T15:29:18.485+0000] {processor.py:208} INFO - Processing /home/airflow/.local/lib/python3.12/site-packages/airflow/example_dags/example_time_delta_sensor_async.py took 0.050 seconds
[2024-09-12T15:29:48.875+0000] {processor.py:186} INFO - Started process (PID=1238) to work on /home/airflow/.local/lib/python3.12/site-packages/airflow/example_dags/example_time_delta_sensor_async.py
[2024-09-12T15:29:48.877+0000] {processor.py:914} INFO - Processing file /home/airflow/.local/lib/python3.12/site-packages/airflow/example_dags/example_time_delta_sensor_async.py for tasks to queue
[2024-09-12T15:29:48.879+0000] {logging_mixin.py:190} INFO - [2024-09-12T15:29:48.879+0000] {dagbag.py:587} INFO - Filling up the DagBag from /home/airflow/.local/lib/python3.12/site-packages/airflow/example_dags/example_time_delta_sensor_async.py
[2024-09-12T15:29:48.885+0000] {processor.py:925} INFO - DAG(s) 'example_time_delta_sensor_async' retrieved from /home/airflow/.local/lib/python3.12/site-packages/airflow/example_dags/example_time_delta_sensor_async.py
[2024-09-12T15:29:48.902+0000] {logging_mixin.py:190} INFO - [2024-09-12T15:29:48.902+0000] {dag.py:3229} INFO - Sync 1 DAGs
[2024-09-12T15:29:48.911+0000] {logging_mixin.py:190} INFO - [2024-09-12T15:29:48.911+0000] {dag.py:4156} INFO - Setting next_dagrun for example_time_delta_sensor_async to None, run_after=None
[2024-09-12T15:29:48.923+0000] {processor.py:208} INFO - Processing /home/airflow/.local/lib/python3.12/site-packages/airflow/example_dags/example_time_delta_sensor_async.py took 0.052 seconds
[2024-09-12T15:30:19.959+0000] {processor.py:186} INFO - Started process (PID=1300) to work on /home/airflow/.local/lib/python3.12/site-packages/airflow/example_dags/example_time_delta_sensor_async.py
[2024-09-12T15:30:19.960+0000] {processor.py:914} INFO - Processing file /home/airflow/.local/lib/python3.12/site-packages/airflow/example_dags/example_time_delta_sensor_async.py for tasks to queue
[2024-09-12T15:30:19.962+0000] {logging_mixin.py:190} INFO - [2024-09-12T15:30:19.962+0000] {dagbag.py:587} INFO - Filling up the DagBag from /home/airflow/.local/lib/python3.12/site-packages/airflow/example_dags/example_time_delta_sensor_async.py
[2024-09-12T15:30:19.967+0000] {processor.py:925} INFO - DAG(s) 'example_time_delta_sensor_async' retrieved from /home/airflow/.local/lib/python3.12/site-packages/airflow/example_dags/example_time_delta_sensor_async.py
[2024-09-12T15:30:19.985+0000] {logging_mixin.py:190} INFO - [2024-09-12T15:30:19.985+0000] {dag.py:3229} INFO - Sync 1 DAGs
[2024-09-12T15:30:19.994+0000] {logging_mixin.py:190} INFO - [2024-09-12T15:30:19.994+0000] {dag.py:4156} INFO - Setting next_dagrun for example_time_delta_sensor_async to None, run_after=None
[2024-09-12T15:30:20.005+0000] {processor.py:208} INFO - Processing /home/airflow/.local/lib/python3.12/site-packages/airflow/example_dags/example_time_delta_sensor_async.py took 0.051 seconds
[2024-09-12T15:30:51.180+0000] {processor.py:186} INFO - Started process (PID=1362) to work on /home/airflow/.local/lib/python3.12/site-packages/airflow/example_dags/example_time_delta_sensor_async.py
[2024-09-12T15:30:51.181+0000] {processor.py:914} INFO - Processing file /home/airflow/.local/lib/python3.12/site-packages/airflow/example_dags/example_time_delta_sensor_async.py for tasks to queue
[2024-09-12T15:30:51.183+0000] {logging_mixin.py:190} INFO - [2024-09-12T15:30:51.183+0000] {dagbag.py:587} INFO - Filling up the DagBag from /home/airflow/.local/lib/python3.12/site-packages/airflow/example_dags/example_time_delta_sensor_async.py
[2024-09-12T15:30:51.190+0000] {processor.py:925} INFO - DAG(s) 'example_time_delta_sensor_async' retrieved from /home/airflow/.local/lib/python3.12/site-packages/airflow/example_dags/example_time_delta_sensor_async.py
[2024-09-12T15:30:51.206+0000] {logging_mixin.py:190} INFO - [2024-09-12T15:30:51.206+0000] {dag.py:3229} INFO - Sync 1 DAGs
[2024-09-12T15:30:51.216+0000] {logging_mixin.py:190} INFO - [2024-09-12T15:30:51.216+0000] {dag.py:4156} INFO - Setting next_dagrun for example_time_delta_sensor_async to None, run_after=None
[2024-09-12T15:30:51.227+0000] {processor.py:208} INFO - Processing /home/airflow/.local/lib/python3.12/site-packages/airflow/example_dags/example_time_delta_sensor_async.py took 0.051 seconds
[2024-09-12T15:31:21.533+0000] {processor.py:186} INFO - Started process (PID=1424) to work on /home/airflow/.local/lib/python3.12/site-packages/airflow/example_dags/example_time_delta_sensor_async.py
[2024-09-12T15:31:21.535+0000] {processor.py:914} INFO - Processing file /home/airflow/.local/lib/python3.12/site-packages/airflow/example_dags/example_time_delta_sensor_async.py for tasks to queue
[2024-09-12T15:31:21.538+0000] {logging_mixin.py:190} INFO - [2024-09-12T15:31:21.537+0000] {dagbag.py:587} INFO - Filling up the DagBag from /home/airflow/.local/lib/python3.12/site-packages/airflow/example_dags/example_time_delta_sensor_async.py
[2024-09-12T15:31:21.544+0000] {processor.py:925} INFO - DAG(s) 'example_time_delta_sensor_async' retrieved from /home/airflow/.local/lib/python3.12/site-packages/airflow/example_dags/example_time_delta_sensor_async.py
[2024-09-12T15:31:21.562+0000] {logging_mixin.py:190} INFO - [2024-09-12T15:31:21.561+0000] {dag.py:3229} INFO - Sync 1 DAGs
[2024-09-12T15:31:21.572+0000] {logging_mixin.py:190} INFO - [2024-09-12T15:31:21.572+0000] {dag.py:4156} INFO - Setting next_dagrun for example_time_delta_sensor_async to None, run_after=None
[2024-09-12T15:31:21.583+0000] {processor.py:208} INFO - Processing /home/airflow/.local/lib/python3.12/site-packages/airflow/example_dags/example_time_delta_sensor_async.py took 0.057 seconds
[2024-09-12T15:31:51.975+0000] {processor.py:186} INFO - Started process (PID=1486) to work on /home/airflow/.local/lib/python3.12/site-packages/airflow/example_dags/example_time_delta_sensor_async.py
[2024-09-12T15:31:51.976+0000] {processor.py:914} INFO - Processing file /home/airflow/.local/lib/python3.12/site-packages/airflow/example_dags/example_time_delta_sensor_async.py for tasks to queue
[2024-09-12T15:31:51.978+0000] {logging_mixin.py:190} INFO - [2024-09-12T15:31:51.978+0000] {dagbag.py:587} INFO - Filling up the DagBag from /home/airflow/.local/lib/python3.12/site-packages/airflow/example_dags/example_time_delta_sensor_async.py
[2024-09-12T15:31:51.984+0000] {processor.py:925} INFO - DAG(s) 'example_time_delta_sensor_async' retrieved from /home/airflow/.local/lib/python3.12/site-packages/airflow/example_dags/example_time_delta_sensor_async.py
[2024-09-12T15:31:52.002+0000] {logging_mixin.py:190} INFO - [2024-09-12T15:31:52.001+0000] {dag.py:3229} INFO - Sync 1 DAGs
[2024-09-12T15:31:52.011+0000] {logging_mixin.py:190} INFO - [2024-09-12T15:31:52.011+0000] {dag.py:4156} INFO - Setting next_dagrun for example_time_delta_sensor_async to None, run_after=None
[2024-09-12T15:31:52.022+0000] {processor.py:208} INFO - Processing /home/airflow/.local/lib/python3.12/site-packages/airflow/example_dags/example_time_delta_sensor_async.py took 0.052 seconds
[2024-09-12T15:32:22.147+0000] {processor.py:186} INFO - Started process (PID=1547) to work on /home/airflow/.local/lib/python3.12/site-packages/airflow/example_dags/example_time_delta_sensor_async.py
[2024-09-12T15:32:22.149+0000] {processor.py:914} INFO - Processing file /home/airflow/.local/lib/python3.12/site-packages/airflow/example_dags/example_time_delta_sensor_async.py for tasks to queue
[2024-09-12T15:32:22.151+0000] {logging_mixin.py:190} INFO - [2024-09-12T15:32:22.150+0000] {dagbag.py:587} INFO - Filling up the DagBag from /home/airflow/.local/lib/python3.12/site-packages/airflow/example_dags/example_time_delta_sensor_async.py
[2024-09-12T15:32:22.156+0000] {processor.py:925} INFO - DAG(s) 'example_time_delta_sensor_async' retrieved from /home/airflow/.local/lib/python3.12/site-packages/airflow/example_dags/example_time_delta_sensor_async.py
[2024-09-12T15:32:22.173+0000] {logging_mixin.py:190} INFO - [2024-09-12T15:32:22.172+0000] {dag.py:3229} INFO - Sync 1 DAGs
[2024-09-12T15:32:22.182+0000] {logging_mixin.py:190} INFO - [2024-09-12T15:32:22.182+0000] {dag.py:4156} INFO - Setting next_dagrun for example_time_delta_sensor_async to None, run_after=None
[2024-09-12T15:32:22.192+0000] {processor.py:208} INFO - Processing /home/airflow/.local/lib/python3.12/site-packages/airflow/example_dags/example_time_delta_sensor_async.py took 0.050 seconds
[2024-09-12T15:32:52.307+0000] {processor.py:186} INFO - Started process (PID=1608) to work on /home/airflow/.local/lib/python3.12/site-packages/airflow/example_dags/example_time_delta_sensor_async.py
[2024-09-12T15:32:52.309+0000] {processor.py:914} INFO - Processing file /home/airflow/.local/lib/python3.12/site-packages/airflow/example_dags/example_time_delta_sensor_async.py for tasks to queue
[2024-09-12T15:32:52.311+0000] {logging_mixin.py:190} INFO - [2024-09-12T15:32:52.311+0000] {dagbag.py:587} INFO - Filling up the DagBag from /home/airflow/.local/lib/python3.12/site-packages/airflow/example_dags/example_time_delta_sensor_async.py
[2024-09-12T15:32:52.317+0000] {processor.py:925} INFO - DAG(s) 'example_time_delta_sensor_async' retrieved from /home/airflow/.local/lib/python3.12/site-packages/airflow/example_dags/example_time_delta_sensor_async.py
[2024-09-12T15:32:52.342+0000] {logging_mixin.py:190} INFO - [2024-09-12T15:32:52.342+0000] {dag.py:3229} INFO - Sync 1 DAGs
[2024-09-12T15:32:52.354+0000] {logging_mixin.py:190} INFO - [2024-09-12T15:32:52.354+0000] {dag.py:4156} INFO - Setting next_dagrun for example_time_delta_sensor_async to None, run_after=None
[2024-09-12T15:32:52.368+0000] {processor.py:208} INFO - Processing /home/airflow/.local/lib/python3.12/site-packages/airflow/example_dags/example_time_delta_sensor_async.py took 0.066 seconds
[2024-09-12T15:33:22.673+0000] {processor.py:186} INFO - Started process (PID=1670) to work on /home/airflow/.local/lib/python3.12/site-packages/airflow/example_dags/example_time_delta_sensor_async.py
[2024-09-12T15:33:22.674+0000] {processor.py:914} INFO - Processing file /home/airflow/.local/lib/python3.12/site-packages/airflow/example_dags/example_time_delta_sensor_async.py for tasks to queue
[2024-09-12T15:33:22.677+0000] {logging_mixin.py:190} INFO - [2024-09-12T15:33:22.677+0000] {dagbag.py:587} INFO - Filling up the DagBag from /home/airflow/.local/lib/python3.12/site-packages/airflow/example_dags/example_time_delta_sensor_async.py
[2024-09-12T15:33:22.683+0000] {processor.py:925} INFO - DAG(s) 'example_time_delta_sensor_async' retrieved from /home/airflow/.local/lib/python3.12/site-packages/airflow/example_dags/example_time_delta_sensor_async.py
[2024-09-12T15:33:22.698+0000] {logging_mixin.py:190} INFO - [2024-09-12T15:33:22.698+0000] {dag.py:3229} INFO - Sync 1 DAGs
[2024-09-12T15:33:22.708+0000] {logging_mixin.py:190} INFO - [2024-09-12T15:33:22.708+0000] {dag.py:4156} INFO - Setting next_dagrun for example_time_delta_sensor_async to None, run_after=None
[2024-09-12T15:33:22.718+0000] {processor.py:208} INFO - Processing /home/airflow/.local/lib/python3.12/site-packages/airflow/example_dags/example_time_delta_sensor_async.py took 0.053 seconds
[2024-09-12T15:33:53.040+0000] {processor.py:186} INFO - Started process (PID=1732) to work on /home/airflow/.local/lib/python3.12/site-packages/airflow/example_dags/example_time_delta_sensor_async.py
[2024-09-12T15:33:53.042+0000] {processor.py:914} INFO - Processing file /home/airflow/.local/lib/python3.12/site-packages/airflow/example_dags/example_time_delta_sensor_async.py for tasks to queue
[2024-09-12T15:33:53.045+0000] {logging_mixin.py:190} INFO - [2024-09-12T15:33:53.044+0000] {dagbag.py:587} INFO - Filling up the DagBag from /home/airflow/.local/lib/python3.12/site-packages/airflow/example_dags/example_time_delta_sensor_async.py
[2024-09-12T15:33:53.050+0000] {processor.py:925} INFO - DAG(s) 'example_time_delta_sensor_async' retrieved from /home/airflow/.local/lib/python3.12/site-packages/airflow/example_dags/example_time_delta_sensor_async.py
[2024-09-12T15:33:53.068+0000] {logging_mixin.py:190} INFO - [2024-09-12T15:33:53.068+0000] {dag.py:3229} INFO - Sync 1 DAGs
[2024-09-12T15:33:53.078+0000] {logging_mixin.py:190} INFO - [2024-09-12T15:33:53.078+0000] {dag.py:4156} INFO - Setting next_dagrun for example_time_delta_sensor_async to None, run_after=None
[2024-09-12T15:33:53.089+0000] {processor.py:208} INFO - Processing /home/airflow/.local/lib/python3.12/site-packages/airflow/example_dags/example_time_delta_sensor_async.py took 0.055 seconds
