[2024-09-12T15:20:07.510+0000] {processor.py:186} INFO - Started process (PID=47) to work on /home/airflow/.local/lib/python3.12/site-packages/airflow/example_dags/example_branch_operator.py
[2024-09-12T15:20:07.511+0000] {processor.py:914} INFO - Processing file /home/airflow/.local/lib/python3.12/site-packages/airflow/example_dags/example_branch_operator.py for tasks to queue
[2024-09-12T15:20:07.514+0000] {logging_mixin.py:190} INFO - [2024-09-12T15:20:07.514+0000] {dagbag.py:587} INFO - Filling up the DagBag from /home/airflow/.local/lib/python3.12/site-packages/airflow/example_dags/example_branch_operator.py
[2024-09-12T15:20:07.528+0000] {processor.py:925} INFO - DAG(s) 'example_branch_operator' retrieved from /home/airflow/.local/lib/python3.12/site-packages/airflow/example_dags/example_branch_operator.py
[2024-09-12T15:20:07.600+0000] {logging_mixin.py:190} INFO - [2024-09-12T15:20:07.599+0000] {override.py:1900} INFO - Created Permission View: can read on DAG:example_branch_operator
[2024-09-12T15:20:07.606+0000] {logging_mixin.py:190} INFO - [2024-09-12T15:20:07.606+0000] {override.py:1900} INFO - Created Permission View: can delete on DAG:example_branch_operator
[2024-09-12T15:20:07.611+0000] {logging_mixin.py:190} INFO - [2024-09-12T15:20:07.611+0000] {override.py:1900} INFO - Created Permission View: can edit on DAG:example_branch_operator
[2024-09-12T15:20:07.620+0000] {logging_mixin.py:190} INFO - [2024-09-12T15:20:07.619+0000] {override.py:1900} INFO - Created Permission View: can read on DAG Run:example_branch_operator
[2024-09-12T15:20:07.624+0000] {logging_mixin.py:190} INFO - [2024-09-12T15:20:07.623+0000] {override.py:1900} INFO - Created Permission View: can create on DAG Run:example_branch_operator
[2024-09-12T15:20:07.628+0000] {logging_mixin.py:190} INFO - [2024-09-12T15:20:07.627+0000] {override.py:1900} INFO - Created Permission View: menu access on DAG Run:example_branch_operator
[2024-09-12T15:20:07.632+0000] {logging_mixin.py:190} INFO - [2024-09-12T15:20:07.632+0000] {override.py:1900} INFO - Created Permission View: can delete on DAG Run:example_branch_operator
[2024-09-12T15:20:07.633+0000] {logging_mixin.py:190} INFO - [2024-09-12T15:20:07.633+0000] {dag.py:3229} INFO - Sync 1 DAGs
[2024-09-12T15:20:07.649+0000] {logging_mixin.py:190} INFO - [2024-09-12T15:20:07.649+0000] {dag.py:3252} INFO - Creating ORM DAG for example_branch_operator
[2024-09-12T15:20:07.657+0000] {logging_mixin.py:190} INFO - [2024-09-12T15:20:07.656+0000] {dag.py:4156} INFO - Setting next_dagrun for example_branch_operator to 2024-09-11 00:00:00+00:00, run_after=2024-09-12 00:00:00+00:00
[2024-09-12T15:20:07.667+0000] {processor.py:208} INFO - Processing /home/airflow/.local/lib/python3.12/site-packages/airflow/example_dags/example_branch_operator.py took 0.162 seconds
[2024-09-12T15:20:37.715+0000] {processor.py:186} INFO - Started process (PID=110) to work on /home/airflow/.local/lib/python3.12/site-packages/airflow/example_dags/example_branch_operator.py
[2024-09-12T15:20:37.716+0000] {processor.py:914} INFO - Processing file /home/airflow/.local/lib/python3.12/site-packages/airflow/example_dags/example_branch_operator.py for tasks to queue
[2024-09-12T15:20:37.718+0000] {logging_mixin.py:190} INFO - [2024-09-12T15:20:37.718+0000] {dagbag.py:587} INFO - Filling up the DagBag from /home/airflow/.local/lib/python3.12/site-packages/airflow/example_dags/example_branch_operator.py
[2024-09-12T15:20:37.731+0000] {processor.py:925} INFO - DAG(s) 'example_branch_operator' retrieved from /home/airflow/.local/lib/python3.12/site-packages/airflow/example_dags/example_branch_operator.py
[2024-09-12T15:20:37.752+0000] {logging_mixin.py:190} INFO - [2024-09-12T15:20:37.752+0000] {dag.py:3229} INFO - Sync 1 DAGs
[2024-09-12T15:20:37.767+0000] {logging_mixin.py:190} INFO - [2024-09-12T15:20:37.767+0000] {dag.py:4156} INFO - Setting next_dagrun for example_branch_operator to 2024-09-11 00:00:00+00:00, run_after=2024-09-12 00:00:00+00:00
[2024-09-12T15:20:37.778+0000] {processor.py:208} INFO - Processing /home/airflow/.local/lib/python3.12/site-packages/airflow/example_dags/example_branch_operator.py took 0.067 seconds
[2024-09-12T15:21:08.266+0000] {processor.py:186} INFO - Started process (PID=173) to work on /home/airflow/.local/lib/python3.12/site-packages/airflow/example_dags/example_branch_operator.py
[2024-09-12T15:21:08.268+0000] {processor.py:914} INFO - Processing file /home/airflow/.local/lib/python3.12/site-packages/airflow/example_dags/example_branch_operator.py for tasks to queue
[2024-09-12T15:21:08.270+0000] {logging_mixin.py:190} INFO - [2024-09-12T15:21:08.270+0000] {dagbag.py:587} INFO - Filling up the DagBag from /home/airflow/.local/lib/python3.12/site-packages/airflow/example_dags/example_branch_operator.py
[2024-09-12T15:21:08.282+0000] {processor.py:925} INFO - DAG(s) 'example_branch_operator' retrieved from /home/airflow/.local/lib/python3.12/site-packages/airflow/example_dags/example_branch_operator.py
[2024-09-12T15:21:08.303+0000] {logging_mixin.py:190} INFO - [2024-09-12T15:21:08.303+0000] {dag.py:3229} INFO - Sync 1 DAGs
[2024-09-12T15:21:08.318+0000] {logging_mixin.py:190} INFO - [2024-09-12T15:21:08.318+0000] {dag.py:4156} INFO - Setting next_dagrun for example_branch_operator to 2024-09-11 00:00:00+00:00, run_after=2024-09-12 00:00:00+00:00
[2024-09-12T15:21:08.329+0000] {processor.py:208} INFO - Processing /home/airflow/.local/lib/python3.12/site-packages/airflow/example_dags/example_branch_operator.py took 0.067 seconds
[2024-09-12T15:21:39.159+0000] {processor.py:186} INFO - Started process (PID=235) to work on /home/airflow/.local/lib/python3.12/site-packages/airflow/example_dags/example_branch_operator.py
[2024-09-12T15:21:39.162+0000] {processor.py:914} INFO - Processing file /home/airflow/.local/lib/python3.12/site-packages/airflow/example_dags/example_branch_operator.py for tasks to queue
[2024-09-12T15:21:39.165+0000] {logging_mixin.py:190} INFO - [2024-09-12T15:21:39.164+0000] {dagbag.py:587} INFO - Filling up the DagBag from /home/airflow/.local/lib/python3.12/site-packages/airflow/example_dags/example_branch_operator.py
[2024-09-12T15:21:39.178+0000] {processor.py:925} INFO - DAG(s) 'example_branch_operator' retrieved from /home/airflow/.local/lib/python3.12/site-packages/airflow/example_dags/example_branch_operator.py
[2024-09-12T15:21:39.204+0000] {logging_mixin.py:190} INFO - [2024-09-12T15:21:39.203+0000] {dag.py:3229} INFO - Sync 1 DAGs
[2024-09-12T15:21:39.220+0000] {logging_mixin.py:190} INFO - [2024-09-12T15:21:39.220+0000] {dag.py:4156} INFO - Setting next_dagrun for example_branch_operator to 2024-09-11 00:00:00+00:00, run_after=2024-09-12 00:00:00+00:00
[2024-09-12T15:21:39.232+0000] {processor.py:208} INFO - Processing /home/airflow/.local/lib/python3.12/site-packages/airflow/example_dags/example_branch_operator.py took 0.078 seconds
[2024-09-12T15:22:10.047+0000] {processor.py:186} INFO - Started process (PID=297) to work on /home/airflow/.local/lib/python3.12/site-packages/airflow/example_dags/example_branch_operator.py
[2024-09-12T15:22:10.048+0000] {processor.py:914} INFO - Processing file /home/airflow/.local/lib/python3.12/site-packages/airflow/example_dags/example_branch_operator.py for tasks to queue
[2024-09-12T15:22:10.051+0000] {logging_mixin.py:190} INFO - [2024-09-12T15:22:10.050+0000] {dagbag.py:587} INFO - Filling up the DagBag from /home/airflow/.local/lib/python3.12/site-packages/airflow/example_dags/example_branch_operator.py
[2024-09-12T15:22:10.065+0000] {processor.py:925} INFO - DAG(s) 'example_branch_operator' retrieved from /home/airflow/.local/lib/python3.12/site-packages/airflow/example_dags/example_branch_operator.py
[2024-09-12T15:22:10.085+0000] {logging_mixin.py:190} INFO - [2024-09-12T15:22:10.085+0000] {dag.py:3229} INFO - Sync 1 DAGs
[2024-09-12T15:22:10.105+0000] {logging_mixin.py:190} INFO - [2024-09-12T15:22:10.104+0000] {dag.py:4156} INFO - Setting next_dagrun for example_branch_operator to 2024-09-11 00:00:00+00:00, run_after=2024-09-12 00:00:00+00:00
[2024-09-12T15:22:10.121+0000] {processor.py:208} INFO - Processing /home/airflow/.local/lib/python3.12/site-packages/airflow/example_dags/example_branch_operator.py took 0.079 seconds
[2024-09-12T15:22:40.772+0000] {processor.py:186} INFO - Started process (PID=359) to work on /home/airflow/.local/lib/python3.12/site-packages/airflow/example_dags/example_branch_operator.py
[2024-09-12T15:22:40.773+0000] {processor.py:914} INFO - Processing file /home/airflow/.local/lib/python3.12/site-packages/airflow/example_dags/example_branch_operator.py for tasks to queue
[2024-09-12T15:22:40.775+0000] {logging_mixin.py:190} INFO - [2024-09-12T15:22:40.775+0000] {dagbag.py:587} INFO - Filling up the DagBag from /home/airflow/.local/lib/python3.12/site-packages/airflow/example_dags/example_branch_operator.py
[2024-09-12T15:22:40.787+0000] {processor.py:925} INFO - DAG(s) 'example_branch_operator' retrieved from /home/airflow/.local/lib/python3.12/site-packages/airflow/example_dags/example_branch_operator.py
[2024-09-12T15:22:40.808+0000] {logging_mixin.py:190} INFO - [2024-09-12T15:22:40.808+0000] {dag.py:3229} INFO - Sync 1 DAGs
[2024-09-12T15:22:40.822+0000] {logging_mixin.py:190} INFO - [2024-09-12T15:22:40.822+0000] {dag.py:4156} INFO - Setting next_dagrun for example_branch_operator to 2024-09-11 00:00:00+00:00, run_after=2024-09-12 00:00:00+00:00
[2024-09-12T15:22:40.833+0000] {processor.py:208} INFO - Processing /home/airflow/.local/lib/python3.12/site-packages/airflow/example_dags/example_branch_operator.py took 0.065 seconds
[2024-09-12T15:23:11.964+0000] {processor.py:186} INFO - Started process (PID=421) to work on /home/airflow/.local/lib/python3.12/site-packages/airflow/example_dags/example_branch_operator.py
[2024-09-12T15:23:11.966+0000] {processor.py:914} INFO - Processing file /home/airflow/.local/lib/python3.12/site-packages/airflow/example_dags/example_branch_operator.py for tasks to queue
[2024-09-12T15:23:11.968+0000] {logging_mixin.py:190} INFO - [2024-09-12T15:23:11.968+0000] {dagbag.py:587} INFO - Filling up the DagBag from /home/airflow/.local/lib/python3.12/site-packages/airflow/example_dags/example_branch_operator.py
[2024-09-12T15:23:11.980+0000] {processor.py:925} INFO - DAG(s) 'example_branch_operator' retrieved from /home/airflow/.local/lib/python3.12/site-packages/airflow/example_dags/example_branch_operator.py
[2024-09-12T15:23:12.001+0000] {logging_mixin.py:190} INFO - [2024-09-12T15:23:12.001+0000] {dag.py:3229} INFO - Sync 1 DAGs
[2024-09-12T15:23:12.016+0000] {logging_mixin.py:190} INFO - [2024-09-12T15:23:12.016+0000] {dag.py:4156} INFO - Setting next_dagrun for example_branch_operator to 2024-09-11 00:00:00+00:00, run_after=2024-09-12 00:00:00+00:00
[2024-09-12T15:23:12.026+0000] {processor.py:208} INFO - Processing /home/airflow/.local/lib/python3.12/site-packages/airflow/example_dags/example_branch_operator.py took 0.066 seconds
[2024-09-12T15:23:42.328+0000] {processor.py:186} INFO - Started process (PID=483) to work on /home/airflow/.local/lib/python3.12/site-packages/airflow/example_dags/example_branch_operator.py
[2024-09-12T15:23:42.329+0000] {processor.py:914} INFO - Processing file /home/airflow/.local/lib/python3.12/site-packages/airflow/example_dags/example_branch_operator.py for tasks to queue
[2024-09-12T15:23:42.332+0000] {logging_mixin.py:190} INFO - [2024-09-12T15:23:42.331+0000] {dagbag.py:587} INFO - Filling up the DagBag from /home/airflow/.local/lib/python3.12/site-packages/airflow/example_dags/example_branch_operator.py
[2024-09-12T15:23:42.344+0000] {processor.py:925} INFO - DAG(s) 'example_branch_operator' retrieved from /home/airflow/.local/lib/python3.12/site-packages/airflow/example_dags/example_branch_operator.py
[2024-09-12T15:23:42.364+0000] {logging_mixin.py:190} INFO - [2024-09-12T15:23:42.364+0000] {dag.py:3229} INFO - Sync 1 DAGs
[2024-09-12T15:23:42.379+0000] {logging_mixin.py:190} INFO - [2024-09-12T15:23:42.379+0000] {dag.py:4156} INFO - Setting next_dagrun for example_branch_operator to 2024-09-11 00:00:00+00:00, run_after=2024-09-12 00:00:00+00:00
[2024-09-12T15:23:42.389+0000] {processor.py:208} INFO - Processing /home/airflow/.local/lib/python3.12/site-packages/airflow/example_dags/example_branch_operator.py took 0.065 seconds
[2024-09-12T15:24:12.969+0000] {processor.py:186} INFO - Started process (PID=544) to work on /home/airflow/.local/lib/python3.12/site-packages/airflow/example_dags/example_branch_operator.py
[2024-09-12T15:24:12.971+0000] {processor.py:914} INFO - Processing file /home/airflow/.local/lib/python3.12/site-packages/airflow/example_dags/example_branch_operator.py for tasks to queue
[2024-09-12T15:24:12.974+0000] {logging_mixin.py:190} INFO - [2024-09-12T15:24:12.974+0000] {dagbag.py:587} INFO - Filling up the DagBag from /home/airflow/.local/lib/python3.12/site-packages/airflow/example_dags/example_branch_operator.py
[2024-09-12T15:24:12.993+0000] {processor.py:925} INFO - DAG(s) 'example_branch_operator' retrieved from /home/airflow/.local/lib/python3.12/site-packages/airflow/example_dags/example_branch_operator.py
[2024-09-12T15:24:13.018+0000] {logging_mixin.py:190} INFO - [2024-09-12T15:24:13.018+0000] {dag.py:3229} INFO - Sync 1 DAGs
[2024-09-12T15:24:13.035+0000] {logging_mixin.py:190} INFO - [2024-09-12T15:24:13.035+0000] {dag.py:4156} INFO - Setting next_dagrun for example_branch_operator to 2024-09-11 00:00:00+00:00, run_after=2024-09-12 00:00:00+00:00
[2024-09-12T15:24:13.050+0000] {processor.py:208} INFO - Processing /home/airflow/.local/lib/python3.12/site-packages/airflow/example_dags/example_branch_operator.py took 0.093 seconds
[2024-09-12T15:24:43.479+0000] {processor.py:186} INFO - Started process (PID=606) to work on /home/airflow/.local/lib/python3.12/site-packages/airflow/example_dags/example_branch_operator.py
[2024-09-12T15:24:43.480+0000] {processor.py:914} INFO - Processing file /home/airflow/.local/lib/python3.12/site-packages/airflow/example_dags/example_branch_operator.py for tasks to queue
[2024-09-12T15:24:43.482+0000] {logging_mixin.py:190} INFO - [2024-09-12T15:24:43.482+0000] {dagbag.py:587} INFO - Filling up the DagBag from /home/airflow/.local/lib/python3.12/site-packages/airflow/example_dags/example_branch_operator.py
[2024-09-12T15:24:43.495+0000] {processor.py:925} INFO - DAG(s) 'example_branch_operator' retrieved from /home/airflow/.local/lib/python3.12/site-packages/airflow/example_dags/example_branch_operator.py
[2024-09-12T15:24:43.515+0000] {logging_mixin.py:190} INFO - [2024-09-12T15:24:43.515+0000] {dag.py:3229} INFO - Sync 1 DAGs
[2024-09-12T15:24:43.530+0000] {logging_mixin.py:190} INFO - [2024-09-12T15:24:43.530+0000] {dag.py:4156} INFO - Setting next_dagrun for example_branch_operator to 2024-09-11 00:00:00+00:00, run_after=2024-09-12 00:00:00+00:00
[2024-09-12T15:24:43.541+0000] {processor.py:208} INFO - Processing /home/airflow/.local/lib/python3.12/site-packages/airflow/example_dags/example_branch_operator.py took 0.066 seconds
[2024-09-12T15:25:13.903+0000] {processor.py:186} INFO - Started process (PID=668) to work on /home/airflow/.local/lib/python3.12/site-packages/airflow/example_dags/example_branch_operator.py
[2024-09-12T15:25:13.904+0000] {processor.py:914} INFO - Processing file /home/airflow/.local/lib/python3.12/site-packages/airflow/example_dags/example_branch_operator.py for tasks to queue
[2024-09-12T15:25:13.907+0000] {logging_mixin.py:190} INFO - [2024-09-12T15:25:13.907+0000] {dagbag.py:587} INFO - Filling up the DagBag from /home/airflow/.local/lib/python3.12/site-packages/airflow/example_dags/example_branch_operator.py
[2024-09-12T15:25:13.920+0000] {processor.py:925} INFO - DAG(s) 'example_branch_operator' retrieved from /home/airflow/.local/lib/python3.12/site-packages/airflow/example_dags/example_branch_operator.py
[2024-09-12T15:25:13.941+0000] {logging_mixin.py:190} INFO - [2024-09-12T15:25:13.941+0000] {dag.py:3229} INFO - Sync 1 DAGs
[2024-09-12T15:25:13.957+0000] {logging_mixin.py:190} INFO - [2024-09-12T15:25:13.957+0000] {dag.py:4156} INFO - Setting next_dagrun for example_branch_operator to 2024-09-11 00:00:00+00:00, run_after=2024-09-12 00:00:00+00:00
[2024-09-12T15:25:13.971+0000] {processor.py:208} INFO - Processing /home/airflow/.local/lib/python3.12/site-packages/airflow/example_dags/example_branch_operator.py took 0.073 seconds
[2024-09-12T15:25:44.144+0000] {processor.py:186} INFO - Started process (PID=730) to work on /home/airflow/.local/lib/python3.12/site-packages/airflow/example_dags/example_branch_operator.py
[2024-09-12T15:25:44.146+0000] {processor.py:914} INFO - Processing file /home/airflow/.local/lib/python3.12/site-packages/airflow/example_dags/example_branch_operator.py for tasks to queue
[2024-09-12T15:25:44.148+0000] {logging_mixin.py:190} INFO - [2024-09-12T15:25:44.148+0000] {dagbag.py:587} INFO - Filling up the DagBag from /home/airflow/.local/lib/python3.12/site-packages/airflow/example_dags/example_branch_operator.py
[2024-09-12T15:25:44.162+0000] {processor.py:925} INFO - DAG(s) 'example_branch_operator' retrieved from /home/airflow/.local/lib/python3.12/site-packages/airflow/example_dags/example_branch_operator.py
[2024-09-12T15:25:44.182+0000] {logging_mixin.py:190} INFO - [2024-09-12T15:25:44.182+0000] {dag.py:3229} INFO - Sync 1 DAGs
[2024-09-12T15:25:44.198+0000] {logging_mixin.py:190} INFO - [2024-09-12T15:25:44.197+0000] {dag.py:4156} INFO - Setting next_dagrun for example_branch_operator to 2024-09-11 00:00:00+00:00, run_after=2024-09-12 00:00:00+00:00
[2024-09-12T15:25:44.208+0000] {processor.py:208} INFO - Processing /home/airflow/.local/lib/python3.12/site-packages/airflow/example_dags/example_branch_operator.py took 0.068 seconds
[2024-09-12T15:26:14.386+0000] {processor.py:186} INFO - Started process (PID=792) to work on /home/airflow/.local/lib/python3.12/site-packages/airflow/example_dags/example_branch_operator.py
[2024-09-12T15:26:14.387+0000] {processor.py:914} INFO - Processing file /home/airflow/.local/lib/python3.12/site-packages/airflow/example_dags/example_branch_operator.py for tasks to queue
[2024-09-12T15:26:14.390+0000] {logging_mixin.py:190} INFO - [2024-09-12T15:26:14.389+0000] {dagbag.py:587} INFO - Filling up the DagBag from /home/airflow/.local/lib/python3.12/site-packages/airflow/example_dags/example_branch_operator.py
[2024-09-12T15:26:14.402+0000] {processor.py:925} INFO - DAG(s) 'example_branch_operator' retrieved from /home/airflow/.local/lib/python3.12/site-packages/airflow/example_dags/example_branch_operator.py
[2024-09-12T15:26:14.422+0000] {logging_mixin.py:190} INFO - [2024-09-12T15:26:14.422+0000] {dag.py:3229} INFO - Sync 1 DAGs
[2024-09-12T15:26:14.437+0000] {logging_mixin.py:190} INFO - [2024-09-12T15:26:14.437+0000] {dag.py:4156} INFO - Setting next_dagrun for example_branch_operator to 2024-09-11 00:00:00+00:00, run_after=2024-09-12 00:00:00+00:00
[2024-09-12T15:26:14.450+0000] {processor.py:208} INFO - Processing /home/airflow/.local/lib/python3.12/site-packages/airflow/example_dags/example_branch_operator.py took 0.068 seconds
[2024-09-12T15:26:45.564+0000] {processor.py:186} INFO - Started process (PID=860) to work on /home/airflow/.local/lib/python3.12/site-packages/airflow/example_dags/example_branch_operator.py
[2024-09-12T15:26:45.565+0000] {processor.py:914} INFO - Processing file /home/airflow/.local/lib/python3.12/site-packages/airflow/example_dags/example_branch_operator.py for tasks to queue
[2024-09-12T15:26:45.567+0000] {logging_mixin.py:190} INFO - [2024-09-12T15:26:45.567+0000] {dagbag.py:587} INFO - Filling up the DagBag from /home/airflow/.local/lib/python3.12/site-packages/airflow/example_dags/example_branch_operator.py
[2024-09-12T15:26:45.580+0000] {processor.py:925} INFO - DAG(s) 'example_branch_operator' retrieved from /home/airflow/.local/lib/python3.12/site-packages/airflow/example_dags/example_branch_operator.py
[2024-09-12T15:26:45.601+0000] {logging_mixin.py:190} INFO - [2024-09-12T15:26:45.601+0000] {dag.py:3229} INFO - Sync 1 DAGs
[2024-09-12T15:26:45.619+0000] {logging_mixin.py:190} INFO - [2024-09-12T15:26:45.619+0000] {dag.py:4156} INFO - Setting next_dagrun for example_branch_operator to 2024-09-11 00:00:00+00:00, run_after=2024-09-12 00:00:00+00:00
[2024-09-12T15:26:45.631+0000] {processor.py:208} INFO - Processing /home/airflow/.local/lib/python3.12/site-packages/airflow/example_dags/example_branch_operator.py took 0.072 seconds
[2024-09-12T15:27:15.880+0000] {processor.py:186} INFO - Started process (PID=922) to work on /home/airflow/.local/lib/python3.12/site-packages/airflow/example_dags/example_branch_operator.py
[2024-09-12T15:27:15.881+0000] {processor.py:914} INFO - Processing file /home/airflow/.local/lib/python3.12/site-packages/airflow/example_dags/example_branch_operator.py for tasks to queue
[2024-09-12T15:27:15.883+0000] {logging_mixin.py:190} INFO - [2024-09-12T15:27:15.883+0000] {dagbag.py:587} INFO - Filling up the DagBag from /home/airflow/.local/lib/python3.12/site-packages/airflow/example_dags/example_branch_operator.py
[2024-09-12T15:27:15.897+0000] {processor.py:925} INFO - DAG(s) 'example_branch_operator' retrieved from /home/airflow/.local/lib/python3.12/site-packages/airflow/example_dags/example_branch_operator.py
[2024-09-12T15:27:15.918+0000] {logging_mixin.py:190} INFO - [2024-09-12T15:27:15.918+0000] {dag.py:3229} INFO - Sync 1 DAGs
[2024-09-12T15:27:15.934+0000] {logging_mixin.py:190} INFO - [2024-09-12T15:27:15.934+0000] {dag.py:4156} INFO - Setting next_dagrun for example_branch_operator to 2024-09-11 00:00:00+00:00, run_after=2024-09-12 00:00:00+00:00
[2024-09-12T15:27:15.944+0000] {processor.py:208} INFO - Processing /home/airflow/.local/lib/python3.12/site-packages/airflow/example_dags/example_branch_operator.py took 0.069 seconds
[2024-09-12T15:27:46.522+0000] {processor.py:186} INFO - Started process (PID=984) to work on /home/airflow/.local/lib/python3.12/site-packages/airflow/example_dags/example_branch_operator.py
[2024-09-12T15:27:46.523+0000] {processor.py:914} INFO - Processing file /home/airflow/.local/lib/python3.12/site-packages/airflow/example_dags/example_branch_operator.py for tasks to queue
[2024-09-12T15:27:46.529+0000] {logging_mixin.py:190} INFO - [2024-09-12T15:27:46.529+0000] {dagbag.py:587} INFO - Filling up the DagBag from /home/airflow/.local/lib/python3.12/site-packages/airflow/example_dags/example_branch_operator.py
[2024-09-12T15:27:46.550+0000] {processor.py:925} INFO - DAG(s) 'example_branch_operator' retrieved from /home/airflow/.local/lib/python3.12/site-packages/airflow/example_dags/example_branch_operator.py
[2024-09-12T15:27:46.585+0000] {logging_mixin.py:190} INFO - [2024-09-12T15:27:46.584+0000] {dag.py:3229} INFO - Sync 1 DAGs
[2024-09-12T15:27:46.619+0000] {logging_mixin.py:190} INFO - [2024-09-12T15:27:46.619+0000] {dag.py:4156} INFO - Setting next_dagrun for example_branch_operator to 2024-09-11 00:00:00+00:00, run_after=2024-09-12 00:00:00+00:00
[2024-09-12T15:27:46.647+0000] {processor.py:208} INFO - Processing /home/airflow/.local/lib/python3.12/site-packages/airflow/example_dags/example_branch_operator.py took 0.134 seconds
[2024-09-12T15:28:17.248+0000] {processor.py:186} INFO - Started process (PID=1046) to work on /home/airflow/.local/lib/python3.12/site-packages/airflow/example_dags/example_branch_operator.py
[2024-09-12T15:28:17.250+0000] {processor.py:914} INFO - Processing file /home/airflow/.local/lib/python3.12/site-packages/airflow/example_dags/example_branch_operator.py for tasks to queue
[2024-09-12T15:28:17.253+0000] {logging_mixin.py:190} INFO - [2024-09-12T15:28:17.253+0000] {dagbag.py:587} INFO - Filling up the DagBag from /home/airflow/.local/lib/python3.12/site-packages/airflow/example_dags/example_branch_operator.py
[2024-09-12T15:28:17.266+0000] {processor.py:925} INFO - DAG(s) 'example_branch_operator' retrieved from /home/airflow/.local/lib/python3.12/site-packages/airflow/example_dags/example_branch_operator.py
[2024-09-12T15:28:17.289+0000] {logging_mixin.py:190} INFO - [2024-09-12T15:28:17.289+0000] {dag.py:3229} INFO - Sync 1 DAGs
[2024-09-12T15:28:17.305+0000] {logging_mixin.py:190} INFO - [2024-09-12T15:28:17.305+0000] {dag.py:4156} INFO - Setting next_dagrun for example_branch_operator to 2024-09-11 00:00:00+00:00, run_after=2024-09-12 00:00:00+00:00
[2024-09-12T15:28:17.318+0000] {processor.py:208} INFO - Processing /home/airflow/.local/lib/python3.12/site-packages/airflow/example_dags/example_branch_operator.py took 0.074 seconds
[2024-09-12T15:28:47.777+0000] {processor.py:186} INFO - Started process (PID=1108) to work on /home/airflow/.local/lib/python3.12/site-packages/airflow/example_dags/example_branch_operator.py
[2024-09-12T15:28:47.778+0000] {processor.py:914} INFO - Processing file /home/airflow/.local/lib/python3.12/site-packages/airflow/example_dags/example_branch_operator.py for tasks to queue
[2024-09-12T15:28:47.780+0000] {logging_mixin.py:190} INFO - [2024-09-12T15:28:47.780+0000] {dagbag.py:587} INFO - Filling up the DagBag from /home/airflow/.local/lib/python3.12/site-packages/airflow/example_dags/example_branch_operator.py
[2024-09-12T15:28:47.793+0000] {processor.py:925} INFO - DAG(s) 'example_branch_operator' retrieved from /home/airflow/.local/lib/python3.12/site-packages/airflow/example_dags/example_branch_operator.py
[2024-09-12T15:28:47.815+0000] {logging_mixin.py:190} INFO - [2024-09-12T15:28:47.814+0000] {dag.py:3229} INFO - Sync 1 DAGs
[2024-09-12T15:28:47.829+0000] {logging_mixin.py:190} INFO - [2024-09-12T15:28:47.829+0000] {dag.py:4156} INFO - Setting next_dagrun for example_branch_operator to 2024-09-11 00:00:00+00:00, run_after=2024-09-12 00:00:00+00:00
[2024-09-12T15:28:47.840+0000] {processor.py:208} INFO - Processing /home/airflow/.local/lib/python3.12/site-packages/airflow/example_dags/example_branch_operator.py took 0.067 seconds
[2024-09-12T15:29:18.177+0000] {processor.py:186} INFO - Started process (PID=1170) to work on /home/airflow/.local/lib/python3.12/site-packages/airflow/example_dags/example_branch_operator.py
[2024-09-12T15:29:18.179+0000] {processor.py:914} INFO - Processing file /home/airflow/.local/lib/python3.12/site-packages/airflow/example_dags/example_branch_operator.py for tasks to queue
[2024-09-12T15:29:18.181+0000] {logging_mixin.py:190} INFO - [2024-09-12T15:29:18.181+0000] {dagbag.py:587} INFO - Filling up the DagBag from /home/airflow/.local/lib/python3.12/site-packages/airflow/example_dags/example_branch_operator.py
[2024-09-12T15:29:18.193+0000] {processor.py:925} INFO - DAG(s) 'example_branch_operator' retrieved from /home/airflow/.local/lib/python3.12/site-packages/airflow/example_dags/example_branch_operator.py
[2024-09-12T15:29:18.214+0000] {logging_mixin.py:190} INFO - [2024-09-12T15:29:18.214+0000] {dag.py:3229} INFO - Sync 1 DAGs
[2024-09-12T15:29:18.228+0000] {logging_mixin.py:190} INFO - [2024-09-12T15:29:18.228+0000] {dag.py:4156} INFO - Setting next_dagrun for example_branch_operator to 2024-09-11 00:00:00+00:00, run_after=2024-09-12 00:00:00+00:00
[2024-09-12T15:29:18.239+0000] {processor.py:208} INFO - Processing /home/airflow/.local/lib/python3.12/site-packages/airflow/example_dags/example_branch_operator.py took 0.066 seconds
[2024-09-12T15:29:48.620+0000] {processor.py:186} INFO - Started process (PID=1232) to work on /home/airflow/.local/lib/python3.12/site-packages/airflow/example_dags/example_branch_operator.py
[2024-09-12T15:29:48.622+0000] {processor.py:914} INFO - Processing file /home/airflow/.local/lib/python3.12/site-packages/airflow/example_dags/example_branch_operator.py for tasks to queue
[2024-09-12T15:29:48.624+0000] {logging_mixin.py:190} INFO - [2024-09-12T15:29:48.623+0000] {dagbag.py:587} INFO - Filling up the DagBag from /home/airflow/.local/lib/python3.12/site-packages/airflow/example_dags/example_branch_operator.py
[2024-09-12T15:29:48.636+0000] {processor.py:925} INFO - DAG(s) 'example_branch_operator' retrieved from /home/airflow/.local/lib/python3.12/site-packages/airflow/example_dags/example_branch_operator.py
[2024-09-12T15:29:48.655+0000] {logging_mixin.py:190} INFO - [2024-09-12T15:29:48.655+0000] {dag.py:3229} INFO - Sync 1 DAGs
[2024-09-12T15:29:48.669+0000] {logging_mixin.py:190} INFO - [2024-09-12T15:29:48.669+0000] {dag.py:4156} INFO - Setting next_dagrun for example_branch_operator to 2024-09-11 00:00:00+00:00, run_after=2024-09-12 00:00:00+00:00
[2024-09-12T15:29:48.680+0000] {processor.py:208} INFO - Processing /home/airflow/.local/lib/python3.12/site-packages/airflow/example_dags/example_branch_operator.py took 0.065 seconds
[2024-09-12T15:30:19.699+0000] {processor.py:186} INFO - Started process (PID=1294) to work on /home/airflow/.local/lib/python3.12/site-packages/airflow/example_dags/example_branch_operator.py
[2024-09-12T15:30:19.700+0000] {processor.py:914} INFO - Processing file /home/airflow/.local/lib/python3.12/site-packages/airflow/example_dags/example_branch_operator.py for tasks to queue
[2024-09-12T15:30:19.702+0000] {logging_mixin.py:190} INFO - [2024-09-12T15:30:19.702+0000] {dagbag.py:587} INFO - Filling up the DagBag from /home/airflow/.local/lib/python3.12/site-packages/airflow/example_dags/example_branch_operator.py
[2024-09-12T15:30:19.714+0000] {processor.py:925} INFO - DAG(s) 'example_branch_operator' retrieved from /home/airflow/.local/lib/python3.12/site-packages/airflow/example_dags/example_branch_operator.py
[2024-09-12T15:30:19.734+0000] {logging_mixin.py:190} INFO - [2024-09-12T15:30:19.734+0000] {dag.py:3229} INFO - Sync 1 DAGs
[2024-09-12T15:30:19.749+0000] {logging_mixin.py:190} INFO - [2024-09-12T15:30:19.749+0000] {dag.py:4156} INFO - Setting next_dagrun for example_branch_operator to 2024-09-11 00:00:00+00:00, run_after=2024-09-12 00:00:00+00:00
[2024-09-12T15:30:19.760+0000] {processor.py:208} INFO - Processing /home/airflow/.local/lib/python3.12/site-packages/airflow/example_dags/example_branch_operator.py took 0.065 seconds
[2024-09-12T15:30:50.921+0000] {processor.py:186} INFO - Started process (PID=1356) to work on /home/airflow/.local/lib/python3.12/site-packages/airflow/example_dags/example_branch_operator.py
[2024-09-12T15:30:50.922+0000] {processor.py:914} INFO - Processing file /home/airflow/.local/lib/python3.12/site-packages/airflow/example_dags/example_branch_operator.py for tasks to queue
[2024-09-12T15:30:50.925+0000] {logging_mixin.py:190} INFO - [2024-09-12T15:30:50.924+0000] {dagbag.py:587} INFO - Filling up the DagBag from /home/airflow/.local/lib/python3.12/site-packages/airflow/example_dags/example_branch_operator.py
[2024-09-12T15:30:50.937+0000] {processor.py:925} INFO - DAG(s) 'example_branch_operator' retrieved from /home/airflow/.local/lib/python3.12/site-packages/airflow/example_dags/example_branch_operator.py
[2024-09-12T15:30:50.957+0000] {logging_mixin.py:190} INFO - [2024-09-12T15:30:50.957+0000] {dag.py:3229} INFO - Sync 1 DAGs
[2024-09-12T15:30:50.971+0000] {logging_mixin.py:190} INFO - [2024-09-12T15:30:50.971+0000] {dag.py:4156} INFO - Setting next_dagrun for example_branch_operator to 2024-09-11 00:00:00+00:00, run_after=2024-09-12 00:00:00+00:00
[2024-09-12T15:30:50.982+0000] {processor.py:208} INFO - Processing /home/airflow/.local/lib/python3.12/site-packages/airflow/example_dags/example_branch_operator.py took 0.066 seconds
[2024-09-12T15:31:21.247+0000] {processor.py:186} INFO - Started process (PID=1418) to work on /home/airflow/.local/lib/python3.12/site-packages/airflow/example_dags/example_branch_operator.py
[2024-09-12T15:31:21.248+0000] {processor.py:914} INFO - Processing file /home/airflow/.local/lib/python3.12/site-packages/airflow/example_dags/example_branch_operator.py for tasks to queue
[2024-09-12T15:31:21.250+0000] {logging_mixin.py:190} INFO - [2024-09-12T15:31:21.250+0000] {dagbag.py:587} INFO - Filling up the DagBag from /home/airflow/.local/lib/python3.12/site-packages/airflow/example_dags/example_branch_operator.py
[2024-09-12T15:31:21.263+0000] {processor.py:925} INFO - DAG(s) 'example_branch_operator' retrieved from /home/airflow/.local/lib/python3.12/site-packages/airflow/example_dags/example_branch_operator.py
[2024-09-12T15:31:21.284+0000] {logging_mixin.py:190} INFO - [2024-09-12T15:31:21.284+0000] {dag.py:3229} INFO - Sync 1 DAGs
[2024-09-12T15:31:21.298+0000] {logging_mixin.py:190} INFO - [2024-09-12T15:31:21.298+0000] {dag.py:4156} INFO - Setting next_dagrun for example_branch_operator to 2024-09-11 00:00:00+00:00, run_after=2024-09-12 00:00:00+00:00
[2024-09-12T15:31:21.311+0000] {processor.py:208} INFO - Processing /home/airflow/.local/lib/python3.12/site-packages/airflow/example_dags/example_branch_operator.py took 0.069 seconds
[2024-09-12T15:31:51.630+0000] {processor.py:186} INFO - Started process (PID=1480) to work on /home/airflow/.local/lib/python3.12/site-packages/airflow/example_dags/example_branch_operator.py
[2024-09-12T15:31:51.632+0000] {processor.py:914} INFO - Processing file /home/airflow/.local/lib/python3.12/site-packages/airflow/example_dags/example_branch_operator.py for tasks to queue
[2024-09-12T15:31:51.634+0000] {logging_mixin.py:190} INFO - [2024-09-12T15:31:51.633+0000] {dagbag.py:587} INFO - Filling up the DagBag from /home/airflow/.local/lib/python3.12/site-packages/airflow/example_dags/example_branch_operator.py
[2024-09-12T15:31:51.646+0000] {processor.py:925} INFO - DAG(s) 'example_branch_operator' retrieved from /home/airflow/.local/lib/python3.12/site-packages/airflow/example_dags/example_branch_operator.py
[2024-09-12T15:31:51.665+0000] {logging_mixin.py:190} INFO - [2024-09-12T15:31:51.665+0000] {dag.py:3229} INFO - Sync 1 DAGs
[2024-09-12T15:31:51.681+0000] {logging_mixin.py:190} INFO - [2024-09-12T15:31:51.681+0000] {dag.py:4156} INFO - Setting next_dagrun for example_branch_operator to 2024-09-11 00:00:00+00:00, run_after=2024-09-12 00:00:00+00:00
[2024-09-12T15:31:51.693+0000] {processor.py:208} INFO - Processing /home/airflow/.local/lib/python3.12/site-packages/airflow/example_dags/example_branch_operator.py took 0.068 seconds
[2024-09-12T15:32:21.894+0000] {processor.py:186} INFO - Started process (PID=1541) to work on /home/airflow/.local/lib/python3.12/site-packages/airflow/example_dags/example_branch_operator.py
[2024-09-12T15:32:21.895+0000] {processor.py:914} INFO - Processing file /home/airflow/.local/lib/python3.12/site-packages/airflow/example_dags/example_branch_operator.py for tasks to queue
[2024-09-12T15:32:21.897+0000] {logging_mixin.py:190} INFO - [2024-09-12T15:32:21.897+0000] {dagbag.py:587} INFO - Filling up the DagBag from /home/airflow/.local/lib/python3.12/site-packages/airflow/example_dags/example_branch_operator.py
[2024-09-12T15:32:21.909+0000] {processor.py:925} INFO - DAG(s) 'example_branch_operator' retrieved from /home/airflow/.local/lib/python3.12/site-packages/airflow/example_dags/example_branch_operator.py
[2024-09-12T15:32:21.929+0000] {logging_mixin.py:190} INFO - [2024-09-12T15:32:21.929+0000] {dag.py:3229} INFO - Sync 1 DAGs
[2024-09-12T15:32:21.943+0000] {logging_mixin.py:190} INFO - [2024-09-12T15:32:21.943+0000] {dag.py:4156} INFO - Setting next_dagrun for example_branch_operator to 2024-09-11 00:00:00+00:00, run_after=2024-09-12 00:00:00+00:00
[2024-09-12T15:32:21.954+0000] {processor.py:208} INFO - Processing /home/airflow/.local/lib/python3.12/site-packages/airflow/example_dags/example_branch_operator.py took 0.064 seconds
[2024-09-12T15:32:52.034+0000] {processor.py:186} INFO - Started process (PID=1602) to work on /home/airflow/.local/lib/python3.12/site-packages/airflow/example_dags/example_branch_operator.py
[2024-09-12T15:32:52.035+0000] {processor.py:914} INFO - Processing file /home/airflow/.local/lib/python3.12/site-packages/airflow/example_dags/example_branch_operator.py for tasks to queue
[2024-09-12T15:32:52.037+0000] {logging_mixin.py:190} INFO - [2024-09-12T15:32:52.037+0000] {dagbag.py:587} INFO - Filling up the DagBag from /home/airflow/.local/lib/python3.12/site-packages/airflow/example_dags/example_branch_operator.py
[2024-09-12T15:32:52.050+0000] {processor.py:925} INFO - DAG(s) 'example_branch_operator' retrieved from /home/airflow/.local/lib/python3.12/site-packages/airflow/example_dags/example_branch_operator.py
[2024-09-12T15:32:52.071+0000] {logging_mixin.py:190} INFO - [2024-09-12T15:32:52.071+0000] {dag.py:3229} INFO - Sync 1 DAGs
[2024-09-12T15:32:52.086+0000] {logging_mixin.py:190} INFO - [2024-09-12T15:32:52.086+0000] {dag.py:4156} INFO - Setting next_dagrun for example_branch_operator to 2024-09-11 00:00:00+00:00, run_after=2024-09-12 00:00:00+00:00
[2024-09-12T15:32:52.097+0000] {processor.py:208} INFO - Processing /home/airflow/.local/lib/python3.12/site-packages/airflow/example_dags/example_branch_operator.py took 0.068 seconds
[2024-09-12T15:33:22.404+0000] {processor.py:186} INFO - Started process (PID=1664) to work on /home/airflow/.local/lib/python3.12/site-packages/airflow/example_dags/example_branch_operator.py
[2024-09-12T15:33:22.405+0000] {processor.py:914} INFO - Processing file /home/airflow/.local/lib/python3.12/site-packages/airflow/example_dags/example_branch_operator.py for tasks to queue
[2024-09-12T15:33:22.407+0000] {logging_mixin.py:190} INFO - [2024-09-12T15:33:22.407+0000] {dagbag.py:587} INFO - Filling up the DagBag from /home/airflow/.local/lib/python3.12/site-packages/airflow/example_dags/example_branch_operator.py
[2024-09-12T15:33:22.420+0000] {processor.py:925} INFO - DAG(s) 'example_branch_operator' retrieved from /home/airflow/.local/lib/python3.12/site-packages/airflow/example_dags/example_branch_operator.py
[2024-09-12T15:33:22.440+0000] {logging_mixin.py:190} INFO - [2024-09-12T15:33:22.440+0000] {dag.py:3229} INFO - Sync 1 DAGs
[2024-09-12T15:33:22.460+0000] {logging_mixin.py:190} INFO - [2024-09-12T15:33:22.460+0000] {dag.py:4156} INFO - Setting next_dagrun for example_branch_operator to 2024-09-11 00:00:00+00:00, run_after=2024-09-12 00:00:00+00:00
[2024-09-12T15:33:22.470+0000] {processor.py:208} INFO - Processing /home/airflow/.local/lib/python3.12/site-packages/airflow/example_dags/example_branch_operator.py took 0.072 seconds
[2024-09-12T15:33:52.755+0000] {processor.py:186} INFO - Started process (PID=1726) to work on /home/airflow/.local/lib/python3.12/site-packages/airflow/example_dags/example_branch_operator.py
[2024-09-12T15:33:52.756+0000] {processor.py:914} INFO - Processing file /home/airflow/.local/lib/python3.12/site-packages/airflow/example_dags/example_branch_operator.py for tasks to queue
[2024-09-12T15:33:52.759+0000] {logging_mixin.py:190} INFO - [2024-09-12T15:33:52.758+0000] {dagbag.py:587} INFO - Filling up the DagBag from /home/airflow/.local/lib/python3.12/site-packages/airflow/example_dags/example_branch_operator.py
[2024-09-12T15:33:52.772+0000] {processor.py:925} INFO - DAG(s) 'example_branch_operator' retrieved from /home/airflow/.local/lib/python3.12/site-packages/airflow/example_dags/example_branch_operator.py
[2024-09-12T15:33:52.791+0000] {logging_mixin.py:190} INFO - [2024-09-12T15:33:52.791+0000] {dag.py:3229} INFO - Sync 1 DAGs
[2024-09-12T15:33:52.805+0000] {logging_mixin.py:190} INFO - [2024-09-12T15:33:52.805+0000] {dag.py:4156} INFO - Setting next_dagrun for example_branch_operator to 2024-09-11 00:00:00+00:00, run_after=2024-09-12 00:00:00+00:00
[2024-09-12T15:33:52.815+0000] {processor.py:208} INFO - Processing /home/airflow/.local/lib/python3.12/site-packages/airflow/example_dags/example_branch_operator.py took 0.065 seconds
