[2024-09-12T15:20:05.370+0000] {processor.py:186} INFO - Started process (PID=32) to work on /home/airflow/.local/lib/python3.12/site-packages/airflow/example_dags/example_setup_teardown.py
[2024-09-12T15:20:05.373+0000] {processor.py:914} INFO - Processing file /home/airflow/.local/lib/python3.12/site-packages/airflow/example_dags/example_setup_teardown.py for tasks to queue
[2024-09-12T15:20:05.376+0000] {logging_mixin.py:190} INFO - [2024-09-12T15:20:05.376+0000] {dagbag.py:587} INFO - Filling up the DagBag from /home/airflow/.local/lib/python3.12/site-packages/airflow/example_dags/example_setup_teardown.py
[2024-09-12T15:20:05.386+0000] {processor.py:925} INFO - DAG(s) 'example_setup_teardown' retrieved from /home/airflow/.local/lib/python3.12/site-packages/airflow/example_dags/example_setup_teardown.py
[2024-09-12T15:20:05.484+0000] {logging_mixin.py:190} INFO - [2024-09-12T15:20:05.483+0000] {override.py:1900} INFO - Created Permission View: can read on DAG:example_setup_teardown
[2024-09-12T15:20:05.492+0000] {logging_mixin.py:190} INFO - [2024-09-12T15:20:05.492+0000] {override.py:1900} INFO - Created Permission View: can delete on DAG:example_setup_teardown
[2024-09-12T15:20:05.496+0000] {logging_mixin.py:190} INFO - [2024-09-12T15:20:05.496+0000] {override.py:1900} INFO - Created Permission View: can edit on DAG:example_setup_teardown
[2024-09-12T15:20:05.501+0000] {logging_mixin.py:190} INFO - [2024-09-12T15:20:05.500+0000] {override.py:1900} INFO - Created Permission View: can read on DAG Run:example_setup_teardown
[2024-09-12T15:20:05.504+0000] {logging_mixin.py:190} INFO - [2024-09-12T15:20:05.504+0000] {override.py:1900} INFO - Created Permission View: can create on DAG Run:example_setup_teardown
[2024-09-12T15:20:05.508+0000] {logging_mixin.py:190} INFO - [2024-09-12T15:20:05.508+0000] {override.py:1900} INFO - Created Permission View: menu access on DAG Run:example_setup_teardown
[2024-09-12T15:20:05.510+0000] {logging_mixin.py:190} INFO - [2024-09-12T15:20:05.510+0000] {override.py:1900} INFO - Created Permission View: can delete on DAG Run:example_setup_teardown
[2024-09-12T15:20:05.511+0000] {logging_mixin.py:190} INFO - [2024-09-12T15:20:05.511+0000] {dag.py:3229} INFO - Sync 1 DAGs
[2024-09-12T15:20:05.518+0000] {logging_mixin.py:190} INFO - [2024-09-12T15:20:05.518+0000] {dag.py:3252} INFO - Creating ORM DAG for example_setup_teardown
[2024-09-12T15:20:05.520+0000] {logging_mixin.py:190} INFO - [2024-09-12T15:20:05.520+0000] {dag.py:4156} INFO - Setting next_dagrun for example_setup_teardown to None, run_after=None
[2024-09-12T15:20:05.529+0000] {processor.py:208} INFO - Processing /home/airflow/.local/lib/python3.12/site-packages/airflow/example_dags/example_setup_teardown.py took 0.166 seconds
[2024-09-12T15:20:35.811+0000] {processor.py:186} INFO - Started process (PID=95) to work on /home/airflow/.local/lib/python3.12/site-packages/airflow/example_dags/example_setup_teardown.py
[2024-09-12T15:20:35.812+0000] {processor.py:914} INFO - Processing file /home/airflow/.local/lib/python3.12/site-packages/airflow/example_dags/example_setup_teardown.py for tasks to queue
[2024-09-12T15:20:35.814+0000] {logging_mixin.py:190} INFO - [2024-09-12T15:20:35.814+0000] {dagbag.py:587} INFO - Filling up the DagBag from /home/airflow/.local/lib/python3.12/site-packages/airflow/example_dags/example_setup_teardown.py
[2024-09-12T15:20:35.821+0000] {processor.py:925} INFO - DAG(s) 'example_setup_teardown' retrieved from /home/airflow/.local/lib/python3.12/site-packages/airflow/example_dags/example_setup_teardown.py
[2024-09-12T15:20:35.837+0000] {logging_mixin.py:190} INFO - [2024-09-12T15:20:35.837+0000] {dag.py:3229} INFO - Sync 1 DAGs
[2024-09-12T15:20:35.846+0000] {logging_mixin.py:190} INFO - [2024-09-12T15:20:35.846+0000] {dag.py:4156} INFO - Setting next_dagrun for example_setup_teardown to None, run_after=None
[2024-09-12T15:20:35.857+0000] {processor.py:208} INFO - Processing /home/airflow/.local/lib/python3.12/site-packages/airflow/example_dags/example_setup_teardown.py took 0.051 seconds
[2024-09-12T15:21:06.239+0000] {processor.py:186} INFO - Started process (PID=158) to work on /home/airflow/.local/lib/python3.12/site-packages/airflow/example_dags/example_setup_teardown.py
[2024-09-12T15:21:06.241+0000] {processor.py:914} INFO - Processing file /home/airflow/.local/lib/python3.12/site-packages/airflow/example_dags/example_setup_teardown.py for tasks to queue
[2024-09-12T15:21:06.249+0000] {logging_mixin.py:190} INFO - [2024-09-12T15:21:06.248+0000] {dagbag.py:587} INFO - Filling up the DagBag from /home/airflow/.local/lib/python3.12/site-packages/airflow/example_dags/example_setup_teardown.py
[2024-09-12T15:21:06.257+0000] {processor.py:925} INFO - DAG(s) 'example_setup_teardown' retrieved from /home/airflow/.local/lib/python3.12/site-packages/airflow/example_dags/example_setup_teardown.py
[2024-09-12T15:21:06.288+0000] {logging_mixin.py:190} INFO - [2024-09-12T15:21:06.288+0000] {dag.py:3229} INFO - Sync 1 DAGs
[2024-09-12T15:21:06.307+0000] {logging_mixin.py:190} INFO - [2024-09-12T15:21:06.307+0000] {dag.py:4156} INFO - Setting next_dagrun for example_setup_teardown to None, run_after=None
[2024-09-12T15:21:06.354+0000] {processor.py:208} INFO - Processing /home/airflow/.local/lib/python3.12/site-packages/airflow/example_dags/example_setup_teardown.py took 0.120 seconds
[2024-09-12T15:21:37.033+0000] {processor.py:186} INFO - Started process (PID=220) to work on /home/airflow/.local/lib/python3.12/site-packages/airflow/example_dags/example_setup_teardown.py
[2024-09-12T15:21:37.034+0000] {processor.py:914} INFO - Processing file /home/airflow/.local/lib/python3.12/site-packages/airflow/example_dags/example_setup_teardown.py for tasks to queue
[2024-09-12T15:21:37.037+0000] {logging_mixin.py:190} INFO - [2024-09-12T15:21:37.036+0000] {dagbag.py:587} INFO - Filling up the DagBag from /home/airflow/.local/lib/python3.12/site-packages/airflow/example_dags/example_setup_teardown.py
[2024-09-12T15:21:37.044+0000] {processor.py:925} INFO - DAG(s) 'example_setup_teardown' retrieved from /home/airflow/.local/lib/python3.12/site-packages/airflow/example_dags/example_setup_teardown.py
[2024-09-12T15:21:37.062+0000] {logging_mixin.py:190} INFO - [2024-09-12T15:21:37.061+0000] {dag.py:3229} INFO - Sync 1 DAGs
[2024-09-12T15:21:37.071+0000] {logging_mixin.py:190} INFO - [2024-09-12T15:21:37.071+0000] {dag.py:4156} INFO - Setting next_dagrun for example_setup_teardown to None, run_after=None
[2024-09-12T15:21:37.084+0000] {processor.py:208} INFO - Processing /home/airflow/.local/lib/python3.12/site-packages/airflow/example_dags/example_setup_teardown.py took 0.055 seconds
[2024-09-12T15:22:08.115+0000] {processor.py:186} INFO - Started process (PID=282) to work on /home/airflow/.local/lib/python3.12/site-packages/airflow/example_dags/example_setup_teardown.py
[2024-09-12T15:22:08.117+0000] {processor.py:914} INFO - Processing file /home/airflow/.local/lib/python3.12/site-packages/airflow/example_dags/example_setup_teardown.py for tasks to queue
[2024-09-12T15:22:08.119+0000] {logging_mixin.py:190} INFO - [2024-09-12T15:22:08.119+0000] {dagbag.py:587} INFO - Filling up the DagBag from /home/airflow/.local/lib/python3.12/site-packages/airflow/example_dags/example_setup_teardown.py
[2024-09-12T15:22:08.127+0000] {processor.py:925} INFO - DAG(s) 'example_setup_teardown' retrieved from /home/airflow/.local/lib/python3.12/site-packages/airflow/example_dags/example_setup_teardown.py
[2024-09-12T15:22:08.144+0000] {logging_mixin.py:190} INFO - [2024-09-12T15:22:08.143+0000] {dag.py:3229} INFO - Sync 1 DAGs
[2024-09-12T15:22:08.153+0000] {logging_mixin.py:190} INFO - [2024-09-12T15:22:08.153+0000] {dag.py:4156} INFO - Setting next_dagrun for example_setup_teardown to None, run_after=None
[2024-09-12T15:22:08.164+0000] {processor.py:208} INFO - Processing /home/airflow/.local/lib/python3.12/site-packages/airflow/example_dags/example_setup_teardown.py took 0.053 seconds
[2024-09-12T15:22:38.982+0000] {processor.py:186} INFO - Started process (PID=344) to work on /home/airflow/.local/lib/python3.12/site-packages/airflow/example_dags/example_setup_teardown.py
[2024-09-12T15:22:38.984+0000] {processor.py:914} INFO - Processing file /home/airflow/.local/lib/python3.12/site-packages/airflow/example_dags/example_setup_teardown.py for tasks to queue
[2024-09-12T15:22:38.986+0000] {logging_mixin.py:190} INFO - [2024-09-12T15:22:38.986+0000] {dagbag.py:587} INFO - Filling up the DagBag from /home/airflow/.local/lib/python3.12/site-packages/airflow/example_dags/example_setup_teardown.py
[2024-09-12T15:22:38.992+0000] {processor.py:925} INFO - DAG(s) 'example_setup_teardown' retrieved from /home/airflow/.local/lib/python3.12/site-packages/airflow/example_dags/example_setup_teardown.py
[2024-09-12T15:22:39.010+0000] {logging_mixin.py:190} INFO - [2024-09-12T15:22:39.010+0000] {dag.py:3229} INFO - Sync 1 DAGs
[2024-09-12T15:22:39.023+0000] {logging_mixin.py:190} INFO - [2024-09-12T15:22:39.023+0000] {dag.py:4156} INFO - Setting next_dagrun for example_setup_teardown to None, run_after=None
[2024-09-12T15:22:39.037+0000] {processor.py:208} INFO - Processing /home/airflow/.local/lib/python3.12/site-packages/airflow/example_dags/example_setup_teardown.py took 0.058 seconds
[2024-09-12T15:23:09.107+0000] {processor.py:186} INFO - Started process (PID=406) to work on /home/airflow/.local/lib/python3.12/site-packages/airflow/example_dags/example_setup_teardown.py
[2024-09-12T15:23:09.109+0000] {processor.py:914} INFO - Processing file /home/airflow/.local/lib/python3.12/site-packages/airflow/example_dags/example_setup_teardown.py for tasks to queue
[2024-09-12T15:23:09.111+0000] {logging_mixin.py:190} INFO - [2024-09-12T15:23:09.111+0000] {dagbag.py:587} INFO - Filling up the DagBag from /home/airflow/.local/lib/python3.12/site-packages/airflow/example_dags/example_setup_teardown.py
[2024-09-12T15:23:09.118+0000] {processor.py:925} INFO - DAG(s) 'example_setup_teardown' retrieved from /home/airflow/.local/lib/python3.12/site-packages/airflow/example_dags/example_setup_teardown.py
[2024-09-12T15:23:09.134+0000] {logging_mixin.py:190} INFO - [2024-09-12T15:23:09.134+0000] {dag.py:3229} INFO - Sync 1 DAGs
[2024-09-12T15:23:09.144+0000] {logging_mixin.py:190} INFO - [2024-09-12T15:23:09.143+0000] {dag.py:4156} INFO - Setting next_dagrun for example_setup_teardown to None, run_after=None
[2024-09-12T15:23:09.154+0000] {processor.py:208} INFO - Processing /home/airflow/.local/lib/python3.12/site-packages/airflow/example_dags/example_setup_teardown.py took 0.051 seconds
[2024-09-12T15:23:39.517+0000] {processor.py:186} INFO - Started process (PID=468) to work on /home/airflow/.local/lib/python3.12/site-packages/airflow/example_dags/example_setup_teardown.py
[2024-09-12T15:23:39.520+0000] {processor.py:914} INFO - Processing file /home/airflow/.local/lib/python3.12/site-packages/airflow/example_dags/example_setup_teardown.py for tasks to queue
[2024-09-12T15:23:39.525+0000] {logging_mixin.py:190} INFO - [2024-09-12T15:23:39.524+0000] {dagbag.py:587} INFO - Filling up the DagBag from /home/airflow/.local/lib/python3.12/site-packages/airflow/example_dags/example_setup_teardown.py
[2024-09-12T15:23:39.535+0000] {processor.py:925} INFO - DAG(s) 'example_setup_teardown' retrieved from /home/airflow/.local/lib/python3.12/site-packages/airflow/example_dags/example_setup_teardown.py
[2024-09-12T15:23:39.578+0000] {logging_mixin.py:190} INFO - [2024-09-12T15:23:39.578+0000] {dag.py:3229} INFO - Sync 1 DAGs
[2024-09-12T15:23:39.595+0000] {logging_mixin.py:190} INFO - [2024-09-12T15:23:39.595+0000] {dag.py:4156} INFO - Setting next_dagrun for example_setup_teardown to None, run_after=None
[2024-09-12T15:23:39.608+0000] {processor.py:208} INFO - Processing /home/airflow/.local/lib/python3.12/site-packages/airflow/example_dags/example_setup_teardown.py took 0.099 seconds
[2024-09-12T15:24:09.693+0000] {processor.py:186} INFO - Started process (PID=529) to work on /home/airflow/.local/lib/python3.12/site-packages/airflow/example_dags/example_setup_teardown.py
[2024-09-12T15:24:09.695+0000] {processor.py:914} INFO - Processing file /home/airflow/.local/lib/python3.12/site-packages/airflow/example_dags/example_setup_teardown.py for tasks to queue
[2024-09-12T15:24:09.698+0000] {logging_mixin.py:190} INFO - [2024-09-12T15:24:09.697+0000] {dagbag.py:587} INFO - Filling up the DagBag from /home/airflow/.local/lib/python3.12/site-packages/airflow/example_dags/example_setup_teardown.py
[2024-09-12T15:24:09.704+0000] {processor.py:925} INFO - DAG(s) 'example_setup_teardown' retrieved from /home/airflow/.local/lib/python3.12/site-packages/airflow/example_dags/example_setup_teardown.py
[2024-09-12T15:24:09.720+0000] {logging_mixin.py:190} INFO - [2024-09-12T15:24:09.720+0000] {dag.py:3229} INFO - Sync 1 DAGs
[2024-09-12T15:24:09.729+0000] {logging_mixin.py:190} INFO - [2024-09-12T15:24:09.729+0000] {dag.py:4156} INFO - Setting next_dagrun for example_setup_teardown to None, run_after=None
[2024-09-12T15:24:09.755+0000] {processor.py:208} INFO - Processing /home/airflow/.local/lib/python3.12/site-packages/airflow/example_dags/example_setup_teardown.py took 0.067 seconds
[2024-09-12T15:24:40.648+0000] {processor.py:186} INFO - Started process (PID=591) to work on /home/airflow/.local/lib/python3.12/site-packages/airflow/example_dags/example_setup_teardown.py
[2024-09-12T15:24:40.650+0000] {processor.py:914} INFO - Processing file /home/airflow/.local/lib/python3.12/site-packages/airflow/example_dags/example_setup_teardown.py for tasks to queue
[2024-09-12T15:24:40.652+0000] {logging_mixin.py:190} INFO - [2024-09-12T15:24:40.652+0000] {dagbag.py:587} INFO - Filling up the DagBag from /home/airflow/.local/lib/python3.12/site-packages/airflow/example_dags/example_setup_teardown.py
[2024-09-12T15:24:40.659+0000] {processor.py:925} INFO - DAG(s) 'example_setup_teardown' retrieved from /home/airflow/.local/lib/python3.12/site-packages/airflow/example_dags/example_setup_teardown.py
[2024-09-12T15:24:40.678+0000] {logging_mixin.py:190} INFO - [2024-09-12T15:24:40.678+0000] {dag.py:3229} INFO - Sync 1 DAGs
[2024-09-12T15:24:40.688+0000] {logging_mixin.py:190} INFO - [2024-09-12T15:24:40.688+0000] {dag.py:4156} INFO - Setting next_dagrun for example_setup_teardown to None, run_after=None
[2024-09-12T15:24:40.699+0000] {processor.py:208} INFO - Processing /home/airflow/.local/lib/python3.12/site-packages/airflow/example_dags/example_setup_teardown.py took 0.055 seconds
[2024-09-12T15:25:10.908+0000] {processor.py:186} INFO - Started process (PID=653) to work on /home/airflow/.local/lib/python3.12/site-packages/airflow/example_dags/example_setup_teardown.py
[2024-09-12T15:25:10.909+0000] {processor.py:914} INFO - Processing file /home/airflow/.local/lib/python3.12/site-packages/airflow/example_dags/example_setup_teardown.py for tasks to queue
[2024-09-12T15:25:10.911+0000] {logging_mixin.py:190} INFO - [2024-09-12T15:25:10.911+0000] {dagbag.py:587} INFO - Filling up the DagBag from /home/airflow/.local/lib/python3.12/site-packages/airflow/example_dags/example_setup_teardown.py
[2024-09-12T15:25:10.917+0000] {processor.py:925} INFO - DAG(s) 'example_setup_teardown' retrieved from /home/airflow/.local/lib/python3.12/site-packages/airflow/example_dags/example_setup_teardown.py
[2024-09-12T15:25:10.933+0000] {logging_mixin.py:190} INFO - [2024-09-12T15:25:10.933+0000] {dag.py:3229} INFO - Sync 1 DAGs
[2024-09-12T15:25:10.942+0000] {logging_mixin.py:190} INFO - [2024-09-12T15:25:10.942+0000] {dag.py:4156} INFO - Setting next_dagrun for example_setup_teardown to None, run_after=None
[2024-09-12T15:25:10.953+0000] {processor.py:208} INFO - Processing /home/airflow/.local/lib/python3.12/site-packages/airflow/example_dags/example_setup_teardown.py took 0.051 seconds
[2024-09-12T15:25:41.295+0000] {processor.py:186} INFO - Started process (PID=715) to work on /home/airflow/.local/lib/python3.12/site-packages/airflow/example_dags/example_setup_teardown.py
[2024-09-12T15:25:41.296+0000] {processor.py:914} INFO - Processing file /home/airflow/.local/lib/python3.12/site-packages/airflow/example_dags/example_setup_teardown.py for tasks to queue
[2024-09-12T15:25:41.299+0000] {logging_mixin.py:190} INFO - [2024-09-12T15:25:41.298+0000] {dagbag.py:587} INFO - Filling up the DagBag from /home/airflow/.local/lib/python3.12/site-packages/airflow/example_dags/example_setup_teardown.py
[2024-09-12T15:25:41.306+0000] {processor.py:925} INFO - DAG(s) 'example_setup_teardown' retrieved from /home/airflow/.local/lib/python3.12/site-packages/airflow/example_dags/example_setup_teardown.py
[2024-09-12T15:25:41.324+0000] {logging_mixin.py:190} INFO - [2024-09-12T15:25:41.324+0000] {dag.py:3229} INFO - Sync 1 DAGs
[2024-09-12T15:25:41.334+0000] {logging_mixin.py:190} INFO - [2024-09-12T15:25:41.333+0000] {dag.py:4156} INFO - Setting next_dagrun for example_setup_teardown to None, run_after=None
[2024-09-12T15:25:41.344+0000] {processor.py:208} INFO - Processing /home/airflow/.local/lib/python3.12/site-packages/airflow/example_dags/example_setup_teardown.py took 0.054 seconds
[2024-09-12T15:26:11.573+0000] {processor.py:186} INFO - Started process (PID=777) to work on /home/airflow/.local/lib/python3.12/site-packages/airflow/example_dags/example_setup_teardown.py
[2024-09-12T15:26:11.574+0000] {processor.py:914} INFO - Processing file /home/airflow/.local/lib/python3.12/site-packages/airflow/example_dags/example_setup_teardown.py for tasks to queue
[2024-09-12T15:26:11.577+0000] {logging_mixin.py:190} INFO - [2024-09-12T15:26:11.576+0000] {dagbag.py:587} INFO - Filling up the DagBag from /home/airflow/.local/lib/python3.12/site-packages/airflow/example_dags/example_setup_teardown.py
[2024-09-12T15:26:11.584+0000] {processor.py:925} INFO - DAG(s) 'example_setup_teardown' retrieved from /home/airflow/.local/lib/python3.12/site-packages/airflow/example_dags/example_setup_teardown.py
[2024-09-12T15:26:11.601+0000] {logging_mixin.py:190} INFO - [2024-09-12T15:26:11.600+0000] {dag.py:3229} INFO - Sync 1 DAGs
[2024-09-12T15:26:11.609+0000] {logging_mixin.py:190} INFO - [2024-09-12T15:26:11.609+0000] {dag.py:4156} INFO - Setting next_dagrun for example_setup_teardown to None, run_after=None
[2024-09-12T15:26:11.620+0000] {processor.py:208} INFO - Processing /home/airflow/.local/lib/python3.12/site-packages/airflow/example_dags/example_setup_teardown.py took 0.051 seconds
[2024-09-12T15:26:41.667+0000] {processor.py:186} INFO - Started process (PID=839) to work on /home/airflow/.local/lib/python3.12/site-packages/airflow/example_dags/example_setup_teardown.py
[2024-09-12T15:26:41.668+0000] {processor.py:914} INFO - Processing file /home/airflow/.local/lib/python3.12/site-packages/airflow/example_dags/example_setup_teardown.py for tasks to queue
[2024-09-12T15:26:41.671+0000] {logging_mixin.py:190} INFO - [2024-09-12T15:26:41.671+0000] {dagbag.py:587} INFO - Filling up the DagBag from /home/airflow/.local/lib/python3.12/site-packages/airflow/example_dags/example_setup_teardown.py
[2024-09-12T15:26:41.678+0000] {processor.py:925} INFO - DAG(s) 'example_setup_teardown' retrieved from /home/airflow/.local/lib/python3.12/site-packages/airflow/example_dags/example_setup_teardown.py
[2024-09-12T15:26:41.697+0000] {logging_mixin.py:190} INFO - [2024-09-12T15:26:41.697+0000] {dag.py:3229} INFO - Sync 1 DAGs
[2024-09-12T15:26:41.708+0000] {logging_mixin.py:190} INFO - [2024-09-12T15:26:41.708+0000] {dag.py:4156} INFO - Setting next_dagrun for example_setup_teardown to None, run_after=None
[2024-09-12T15:26:41.724+0000] {processor.py:208} INFO - Processing /home/airflow/.local/lib/python3.12/site-packages/airflow/example_dags/example_setup_teardown.py took 0.062 seconds
[2024-09-12T15:27:11.957+0000] {processor.py:186} INFO - Started process (PID=901) to work on /home/airflow/.local/lib/python3.12/site-packages/airflow/example_dags/example_setup_teardown.py
[2024-09-12T15:27:11.958+0000] {processor.py:914} INFO - Processing file /home/airflow/.local/lib/python3.12/site-packages/airflow/example_dags/example_setup_teardown.py for tasks to queue
[2024-09-12T15:27:11.960+0000] {logging_mixin.py:190} INFO - [2024-09-12T15:27:11.960+0000] {dagbag.py:587} INFO - Filling up the DagBag from /home/airflow/.local/lib/python3.12/site-packages/airflow/example_dags/example_setup_teardown.py
[2024-09-12T15:27:11.967+0000] {processor.py:925} INFO - DAG(s) 'example_setup_teardown' retrieved from /home/airflow/.local/lib/python3.12/site-packages/airflow/example_dags/example_setup_teardown.py
[2024-09-12T15:27:11.984+0000] {logging_mixin.py:190} INFO - [2024-09-12T15:27:11.984+0000] {dag.py:3229} INFO - Sync 1 DAGs
[2024-09-12T15:27:11.993+0000] {logging_mixin.py:190} INFO - [2024-09-12T15:27:11.993+0000] {dag.py:4156} INFO - Setting next_dagrun for example_setup_teardown to None, run_after=None
[2024-09-12T15:27:12.003+0000] {processor.py:208} INFO - Processing /home/airflow/.local/lib/python3.12/site-packages/airflow/example_dags/example_setup_teardown.py took 0.051 seconds
[2024-09-12T15:27:42.148+0000] {processor.py:186} INFO - Started process (PID=963) to work on /home/airflow/.local/lib/python3.12/site-packages/airflow/example_dags/example_setup_teardown.py
[2024-09-12T15:27:42.150+0000] {processor.py:914} INFO - Processing file /home/airflow/.local/lib/python3.12/site-packages/airflow/example_dags/example_setup_teardown.py for tasks to queue
[2024-09-12T15:27:42.152+0000] {logging_mixin.py:190} INFO - [2024-09-12T15:27:42.152+0000] {dagbag.py:587} INFO - Filling up the DagBag from /home/airflow/.local/lib/python3.12/site-packages/airflow/example_dags/example_setup_teardown.py
[2024-09-12T15:27:42.159+0000] {processor.py:925} INFO - DAG(s) 'example_setup_teardown' retrieved from /home/airflow/.local/lib/python3.12/site-packages/airflow/example_dags/example_setup_teardown.py
[2024-09-12T15:27:42.177+0000] {logging_mixin.py:190} INFO - [2024-09-12T15:27:42.177+0000] {dag.py:3229} INFO - Sync 1 DAGs
[2024-09-12T15:27:42.187+0000] {logging_mixin.py:190} INFO - [2024-09-12T15:27:42.187+0000] {dag.py:4156} INFO - Setting next_dagrun for example_setup_teardown to None, run_after=None
[2024-09-12T15:27:42.199+0000] {processor.py:208} INFO - Processing /home/airflow/.local/lib/python3.12/site-packages/airflow/example_dags/example_setup_teardown.py took 0.055 seconds
[2024-09-12T15:28:12.329+0000] {processor.py:186} INFO - Started process (PID=1025) to work on /home/airflow/.local/lib/python3.12/site-packages/airflow/example_dags/example_setup_teardown.py
[2024-09-12T15:28:12.331+0000] {processor.py:914} INFO - Processing file /home/airflow/.local/lib/python3.12/site-packages/airflow/example_dags/example_setup_teardown.py for tasks to queue
[2024-09-12T15:28:12.333+0000] {logging_mixin.py:190} INFO - [2024-09-12T15:28:12.332+0000] {dagbag.py:587} INFO - Filling up the DagBag from /home/airflow/.local/lib/python3.12/site-packages/airflow/example_dags/example_setup_teardown.py
[2024-09-12T15:28:12.340+0000] {processor.py:925} INFO - DAG(s) 'example_setup_teardown' retrieved from /home/airflow/.local/lib/python3.12/site-packages/airflow/example_dags/example_setup_teardown.py
[2024-09-12T15:28:12.356+0000] {logging_mixin.py:190} INFO - [2024-09-12T15:28:12.356+0000] {dag.py:3229} INFO - Sync 1 DAGs
[2024-09-12T15:28:12.365+0000] {logging_mixin.py:190} INFO - [2024-09-12T15:28:12.365+0000] {dag.py:4156} INFO - Setting next_dagrun for example_setup_teardown to None, run_after=None
[2024-09-12T15:28:12.374+0000] {processor.py:208} INFO - Processing /home/airflow/.local/lib/python3.12/site-packages/airflow/example_dags/example_setup_teardown.py took 0.048 seconds
[2024-09-12T15:28:42.952+0000] {processor.py:186} INFO - Started process (PID=1087) to work on /home/airflow/.local/lib/python3.12/site-packages/airflow/example_dags/example_setup_teardown.py
[2024-09-12T15:28:42.954+0000] {processor.py:914} INFO - Processing file /home/airflow/.local/lib/python3.12/site-packages/airflow/example_dags/example_setup_teardown.py for tasks to queue
[2024-09-12T15:28:42.956+0000] {logging_mixin.py:190} INFO - [2024-09-12T15:28:42.956+0000] {dagbag.py:587} INFO - Filling up the DagBag from /home/airflow/.local/lib/python3.12/site-packages/airflow/example_dags/example_setup_teardown.py
[2024-09-12T15:28:42.962+0000] {processor.py:925} INFO - DAG(s) 'example_setup_teardown' retrieved from /home/airflow/.local/lib/python3.12/site-packages/airflow/example_dags/example_setup_teardown.py
[2024-09-12T15:28:42.982+0000] {logging_mixin.py:190} INFO - [2024-09-12T15:28:42.982+0000] {dag.py:3229} INFO - Sync 1 DAGs
[2024-09-12T15:28:42.991+0000] {logging_mixin.py:190} INFO - [2024-09-12T15:28:42.991+0000] {dag.py:4156} INFO - Setting next_dagrun for example_setup_teardown to None, run_after=None
[2024-09-12T15:28:43.002+0000] {processor.py:208} INFO - Processing /home/airflow/.local/lib/python3.12/site-packages/airflow/example_dags/example_setup_teardown.py took 0.054 seconds
[2024-09-12T15:29:13.227+0000] {processor.py:186} INFO - Started process (PID=1149) to work on /home/airflow/.local/lib/python3.12/site-packages/airflow/example_dags/example_setup_teardown.py
[2024-09-12T15:29:13.228+0000] {processor.py:914} INFO - Processing file /home/airflow/.local/lib/python3.12/site-packages/airflow/example_dags/example_setup_teardown.py for tasks to queue
[2024-09-12T15:29:13.230+0000] {logging_mixin.py:190} INFO - [2024-09-12T15:29:13.230+0000] {dagbag.py:587} INFO - Filling up the DagBag from /home/airflow/.local/lib/python3.12/site-packages/airflow/example_dags/example_setup_teardown.py
[2024-09-12T15:29:13.236+0000] {processor.py:925} INFO - DAG(s) 'example_setup_teardown' retrieved from /home/airflow/.local/lib/python3.12/site-packages/airflow/example_dags/example_setup_teardown.py
[2024-09-12T15:29:13.253+0000] {logging_mixin.py:190} INFO - [2024-09-12T15:29:13.253+0000] {dag.py:3229} INFO - Sync 1 DAGs
[2024-09-12T15:29:13.263+0000] {logging_mixin.py:190} INFO - [2024-09-12T15:29:13.263+0000] {dag.py:4156} INFO - Setting next_dagrun for example_setup_teardown to None, run_after=None
[2024-09-12T15:29:13.273+0000] {processor.py:208} INFO - Processing /home/airflow/.local/lib/python3.12/site-packages/airflow/example_dags/example_setup_teardown.py took 0.051 seconds
[2024-09-12T15:29:43.671+0000] {processor.py:186} INFO - Started process (PID=1211) to work on /home/airflow/.local/lib/python3.12/site-packages/airflow/example_dags/example_setup_teardown.py
[2024-09-12T15:29:43.672+0000] {processor.py:914} INFO - Processing file /home/airflow/.local/lib/python3.12/site-packages/airflow/example_dags/example_setup_teardown.py for tasks to queue
[2024-09-12T15:29:43.674+0000] {logging_mixin.py:190} INFO - [2024-09-12T15:29:43.674+0000] {dagbag.py:587} INFO - Filling up the DagBag from /home/airflow/.local/lib/python3.12/site-packages/airflow/example_dags/example_setup_teardown.py
[2024-09-12T15:29:43.680+0000] {processor.py:925} INFO - DAG(s) 'example_setup_teardown' retrieved from /home/airflow/.local/lib/python3.12/site-packages/airflow/example_dags/example_setup_teardown.py
[2024-09-12T15:29:43.697+0000] {logging_mixin.py:190} INFO - [2024-09-12T15:29:43.697+0000] {dag.py:3229} INFO - Sync 1 DAGs
[2024-09-12T15:29:43.706+0000] {logging_mixin.py:190} INFO - [2024-09-12T15:29:43.706+0000] {dag.py:4156} INFO - Setting next_dagrun for example_setup_teardown to None, run_after=None
[2024-09-12T15:29:43.716+0000] {processor.py:208} INFO - Processing /home/airflow/.local/lib/python3.12/site-packages/airflow/example_dags/example_setup_teardown.py took 0.050 seconds
[2024-09-12T15:30:13.863+0000] {processor.py:186} INFO - Started process (PID=1273) to work on /home/airflow/.local/lib/python3.12/site-packages/airflow/example_dags/example_setup_teardown.py
[2024-09-12T15:30:13.865+0000] {processor.py:914} INFO - Processing file /home/airflow/.local/lib/python3.12/site-packages/airflow/example_dags/example_setup_teardown.py for tasks to queue
[2024-09-12T15:30:13.867+0000] {logging_mixin.py:190} INFO - [2024-09-12T15:30:13.867+0000] {dagbag.py:587} INFO - Filling up the DagBag from /home/airflow/.local/lib/python3.12/site-packages/airflow/example_dags/example_setup_teardown.py
[2024-09-12T15:30:13.874+0000] {processor.py:925} INFO - DAG(s) 'example_setup_teardown' retrieved from /home/airflow/.local/lib/python3.12/site-packages/airflow/example_dags/example_setup_teardown.py
[2024-09-12T15:30:13.890+0000] {logging_mixin.py:190} INFO - [2024-09-12T15:30:13.890+0000] {dag.py:3229} INFO - Sync 1 DAGs
[2024-09-12T15:30:13.901+0000] {logging_mixin.py:190} INFO - [2024-09-12T15:30:13.900+0000] {dag.py:4156} INFO - Setting next_dagrun for example_setup_teardown to None, run_after=None
[2024-09-12T15:30:13.913+0000] {processor.py:208} INFO - Processing /home/airflow/.local/lib/python3.12/site-packages/airflow/example_dags/example_setup_teardown.py took 0.056 seconds
[2024-09-12T15:30:45.026+0000] {processor.py:186} INFO - Started process (PID=1335) to work on /home/airflow/.local/lib/python3.12/site-packages/airflow/example_dags/example_setup_teardown.py
[2024-09-12T15:30:45.027+0000] {processor.py:914} INFO - Processing file /home/airflow/.local/lib/python3.12/site-packages/airflow/example_dags/example_setup_teardown.py for tasks to queue
[2024-09-12T15:30:45.029+0000] {logging_mixin.py:190} INFO - [2024-09-12T15:30:45.029+0000] {dagbag.py:587} INFO - Filling up the DagBag from /home/airflow/.local/lib/python3.12/site-packages/airflow/example_dags/example_setup_teardown.py
[2024-09-12T15:30:45.036+0000] {processor.py:925} INFO - DAG(s) 'example_setup_teardown' retrieved from /home/airflow/.local/lib/python3.12/site-packages/airflow/example_dags/example_setup_teardown.py
[2024-09-12T15:30:45.052+0000] {logging_mixin.py:190} INFO - [2024-09-12T15:30:45.052+0000] {dag.py:3229} INFO - Sync 1 DAGs
[2024-09-12T15:30:45.062+0000] {logging_mixin.py:190} INFO - [2024-09-12T15:30:45.062+0000] {dag.py:4156} INFO - Setting next_dagrun for example_setup_teardown to None, run_after=None
[2024-09-12T15:30:45.072+0000] {processor.py:208} INFO - Processing /home/airflow/.local/lib/python3.12/site-packages/airflow/example_dags/example_setup_teardown.py took 0.051 seconds
[2024-09-12T15:31:15.261+0000] {processor.py:186} INFO - Started process (PID=1397) to work on /home/airflow/.local/lib/python3.12/site-packages/airflow/example_dags/example_setup_teardown.py
[2024-09-12T15:31:15.262+0000] {processor.py:914} INFO - Processing file /home/airflow/.local/lib/python3.12/site-packages/airflow/example_dags/example_setup_teardown.py for tasks to queue
[2024-09-12T15:31:15.265+0000] {logging_mixin.py:190} INFO - [2024-09-12T15:31:15.264+0000] {dagbag.py:587} INFO - Filling up the DagBag from /home/airflow/.local/lib/python3.12/site-packages/airflow/example_dags/example_setup_teardown.py
[2024-09-12T15:31:15.271+0000] {processor.py:925} INFO - DAG(s) 'example_setup_teardown' retrieved from /home/airflow/.local/lib/python3.12/site-packages/airflow/example_dags/example_setup_teardown.py
[2024-09-12T15:31:15.288+0000] {logging_mixin.py:190} INFO - [2024-09-12T15:31:15.288+0000] {dag.py:3229} INFO - Sync 1 DAGs
[2024-09-12T15:31:15.296+0000] {logging_mixin.py:190} INFO - [2024-09-12T15:31:15.296+0000] {dag.py:4156} INFO - Setting next_dagrun for example_setup_teardown to None, run_after=None
[2024-09-12T15:31:15.307+0000] {processor.py:208} INFO - Processing /home/airflow/.local/lib/python3.12/site-packages/airflow/example_dags/example_setup_teardown.py took 0.050 seconds
[2024-09-12T15:31:45.608+0000] {processor.py:186} INFO - Started process (PID=1459) to work on /home/airflow/.local/lib/python3.12/site-packages/airflow/example_dags/example_setup_teardown.py
[2024-09-12T15:31:45.609+0000] {processor.py:914} INFO - Processing file /home/airflow/.local/lib/python3.12/site-packages/airflow/example_dags/example_setup_teardown.py for tasks to queue
[2024-09-12T15:31:45.611+0000] {logging_mixin.py:190} INFO - [2024-09-12T15:31:45.611+0000] {dagbag.py:587} INFO - Filling up the DagBag from /home/airflow/.local/lib/python3.12/site-packages/airflow/example_dags/example_setup_teardown.py
[2024-09-12T15:31:45.618+0000] {processor.py:925} INFO - DAG(s) 'example_setup_teardown' retrieved from /home/airflow/.local/lib/python3.12/site-packages/airflow/example_dags/example_setup_teardown.py
[2024-09-12T15:31:45.636+0000] {logging_mixin.py:190} INFO - [2024-09-12T15:31:45.636+0000] {dag.py:3229} INFO - Sync 1 DAGs
[2024-09-12T15:31:45.645+0000] {logging_mixin.py:190} INFO - [2024-09-12T15:31:45.645+0000] {dag.py:4156} INFO - Setting next_dagrun for example_setup_teardown to None, run_after=None
[2024-09-12T15:31:45.656+0000] {processor.py:208} INFO - Processing /home/airflow/.local/lib/python3.12/site-packages/airflow/example_dags/example_setup_teardown.py took 0.052 seconds
[2024-09-12T15:32:15.846+0000] {processor.py:186} INFO - Started process (PID=1526) to work on /home/airflow/.local/lib/python3.12/site-packages/airflow/example_dags/example_setup_teardown.py
[2024-09-12T15:32:15.848+0000] {processor.py:914} INFO - Processing file /home/airflow/.local/lib/python3.12/site-packages/airflow/example_dags/example_setup_teardown.py for tasks to queue
[2024-09-12T15:32:15.850+0000] {logging_mixin.py:190} INFO - [2024-09-12T15:32:15.849+0000] {dagbag.py:587} INFO - Filling up the DagBag from /home/airflow/.local/lib/python3.12/site-packages/airflow/example_dags/example_setup_teardown.py
[2024-09-12T15:32:15.856+0000] {processor.py:925} INFO - DAG(s) 'example_setup_teardown' retrieved from /home/airflow/.local/lib/python3.12/site-packages/airflow/example_dags/example_setup_teardown.py
[2024-09-12T15:32:15.873+0000] {logging_mixin.py:190} INFO - [2024-09-12T15:32:15.873+0000] {dag.py:3229} INFO - Sync 1 DAGs
[2024-09-12T15:32:15.884+0000] {logging_mixin.py:190} INFO - [2024-09-12T15:32:15.884+0000] {dag.py:4156} INFO - Setting next_dagrun for example_setup_teardown to None, run_after=None
[2024-09-12T15:32:15.894+0000] {processor.py:208} INFO - Processing /home/airflow/.local/lib/python3.12/site-packages/airflow/example_dags/example_setup_teardown.py took 0.052 seconds
[2024-09-12T15:32:46.146+0000] {processor.py:186} INFO - Started process (PID=1587) to work on /home/airflow/.local/lib/python3.12/site-packages/airflow/example_dags/example_setup_teardown.py
[2024-09-12T15:32:46.147+0000] {processor.py:914} INFO - Processing file /home/airflow/.local/lib/python3.12/site-packages/airflow/example_dags/example_setup_teardown.py for tasks to queue
[2024-09-12T15:32:46.149+0000] {logging_mixin.py:190} INFO - [2024-09-12T15:32:46.149+0000] {dagbag.py:587} INFO - Filling up the DagBag from /home/airflow/.local/lib/python3.12/site-packages/airflow/example_dags/example_setup_teardown.py
[2024-09-12T15:32:46.156+0000] {processor.py:925} INFO - DAG(s) 'example_setup_teardown' retrieved from /home/airflow/.local/lib/python3.12/site-packages/airflow/example_dags/example_setup_teardown.py
[2024-09-12T15:32:46.172+0000] {logging_mixin.py:190} INFO - [2024-09-12T15:32:46.172+0000] {dag.py:3229} INFO - Sync 1 DAGs
[2024-09-12T15:32:46.181+0000] {logging_mixin.py:190} INFO - [2024-09-12T15:32:46.181+0000] {dag.py:4156} INFO - Setting next_dagrun for example_setup_teardown to None, run_after=None
[2024-09-12T15:32:46.193+0000] {processor.py:208} INFO - Processing /home/airflow/.local/lib/python3.12/site-packages/airflow/example_dags/example_setup_teardown.py took 0.051 seconds
[2024-09-12T15:33:16.545+0000] {processor.py:186} INFO - Started process (PID=1649) to work on /home/airflow/.local/lib/python3.12/site-packages/airflow/example_dags/example_setup_teardown.py
[2024-09-12T15:33:16.547+0000] {processor.py:914} INFO - Processing file /home/airflow/.local/lib/python3.12/site-packages/airflow/example_dags/example_setup_teardown.py for tasks to queue
[2024-09-12T15:33:16.549+0000] {logging_mixin.py:190} INFO - [2024-09-12T15:33:16.549+0000] {dagbag.py:587} INFO - Filling up the DagBag from /home/airflow/.local/lib/python3.12/site-packages/airflow/example_dags/example_setup_teardown.py
[2024-09-12T15:33:16.555+0000] {processor.py:925} INFO - DAG(s) 'example_setup_teardown' retrieved from /home/airflow/.local/lib/python3.12/site-packages/airflow/example_dags/example_setup_teardown.py
[2024-09-12T15:33:16.576+0000] {logging_mixin.py:190} INFO - [2024-09-12T15:33:16.576+0000] {dag.py:3229} INFO - Sync 1 DAGs
[2024-09-12T15:33:16.586+0000] {logging_mixin.py:190} INFO - [2024-09-12T15:33:16.586+0000] {dag.py:4156} INFO - Setting next_dagrun for example_setup_teardown to None, run_after=None
[2024-09-12T15:33:16.597+0000] {processor.py:208} INFO - Processing /home/airflow/.local/lib/python3.12/site-packages/airflow/example_dags/example_setup_teardown.py took 0.056 seconds
[2024-09-12T15:33:46.833+0000] {processor.py:186} INFO - Started process (PID=1711) to work on /home/airflow/.local/lib/python3.12/site-packages/airflow/example_dags/example_setup_teardown.py
[2024-09-12T15:33:46.834+0000] {processor.py:914} INFO - Processing file /home/airflow/.local/lib/python3.12/site-packages/airflow/example_dags/example_setup_teardown.py for tasks to queue
[2024-09-12T15:33:46.836+0000] {logging_mixin.py:190} INFO - [2024-09-12T15:33:46.836+0000] {dagbag.py:587} INFO - Filling up the DagBag from /home/airflow/.local/lib/python3.12/site-packages/airflow/example_dags/example_setup_teardown.py
[2024-09-12T15:33:46.843+0000] {processor.py:925} INFO - DAG(s) 'example_setup_teardown' retrieved from /home/airflow/.local/lib/python3.12/site-packages/airflow/example_dags/example_setup_teardown.py
[2024-09-12T15:33:46.863+0000] {logging_mixin.py:190} INFO - [2024-09-12T15:33:46.862+0000] {dag.py:3229} INFO - Sync 1 DAGs
[2024-09-12T15:33:46.873+0000] {logging_mixin.py:190} INFO - [2024-09-12T15:33:46.873+0000] {dag.py:4156} INFO - Setting next_dagrun for example_setup_teardown to None, run_after=None
[2024-09-12T15:33:46.886+0000] {processor.py:208} INFO - Processing /home/airflow/.local/lib/python3.12/site-packages/airflow/example_dags/example_setup_teardown.py took 0.057 seconds
