[2024-09-12T15:20:08.328+0000] {processor.py:186} INFO - Started process (PID=55) to work on /home/airflow/.local/lib/python3.12/site-packages/airflow/example_dags/example_bash_decorator.py
[2024-09-12T15:20:08.330+0000] {processor.py:914} INFO - Processing file /home/airflow/.local/lib/python3.12/site-packages/airflow/example_dags/example_bash_decorator.py for tasks to queue
[2024-09-12T15:20:08.332+0000] {logging_mixin.py:190} INFO - [2024-09-12T15:20:08.332+0000] {dagbag.py:587} INFO - Filling up the DagBag from /home/airflow/.local/lib/python3.12/site-packages/airflow/example_dags/example_bash_decorator.py
[2024-09-12T15:20:08.344+0000] {processor.py:925} INFO - DAG(s) 'example_bash_decorator' retrieved from /home/airflow/.local/lib/python3.12/site-packages/airflow/example_dags/example_bash_decorator.py
[2024-09-12T15:20:08.438+0000] {logging_mixin.py:190} INFO - [2024-09-12T15:20:08.438+0000] {override.py:1900} INFO - Created Permission View: can read on DAG:example_bash_decorator
[2024-09-12T15:20:08.444+0000] {logging_mixin.py:190} INFO - [2024-09-12T15:20:08.444+0000] {override.py:1900} INFO - Created Permission View: can delete on DAG:example_bash_decorator
[2024-09-12T15:20:08.447+0000] {logging_mixin.py:190} INFO - [2024-09-12T15:20:08.447+0000] {override.py:1900} INFO - Created Permission View: can edit on DAG:example_bash_decorator
[2024-09-12T15:20:08.451+0000] {logging_mixin.py:190} INFO - [2024-09-12T15:20:08.451+0000] {override.py:1900} INFO - Created Permission View: can read on DAG Run:example_bash_decorator
[2024-09-12T15:20:08.457+0000] {logging_mixin.py:190} INFO - [2024-09-12T15:20:08.457+0000] {override.py:1900} INFO - Created Permission View: can create on DAG Run:example_bash_decorator
[2024-09-12T15:20:08.463+0000] {logging_mixin.py:190} INFO - [2024-09-12T15:20:08.462+0000] {override.py:1900} INFO - Created Permission View: menu access on DAG Run:example_bash_decorator
[2024-09-12T15:20:08.468+0000] {logging_mixin.py:190} INFO - [2024-09-12T15:20:08.468+0000] {override.py:1900} INFO - Created Permission View: can delete on DAG Run:example_bash_decorator
[2024-09-12T15:20:08.469+0000] {logging_mixin.py:190} INFO - [2024-09-12T15:20:08.469+0000] {dag.py:3229} INFO - Sync 1 DAGs
[2024-09-12T15:20:08.480+0000] {logging_mixin.py:190} INFO - [2024-09-12T15:20:08.480+0000] {dag.py:3252} INFO - Creating ORM DAG for example_bash_decorator
[2024-09-12T15:20:08.482+0000] {logging_mixin.py:190} INFO - [2024-09-12T15:20:08.481+0000] {dag.py:4156} INFO - Setting next_dagrun for example_bash_decorator to None, run_after=None
[2024-09-12T15:20:08.497+0000] {processor.py:208} INFO - Processing /home/airflow/.local/lib/python3.12/site-packages/airflow/example_dags/example_bash_decorator.py took 0.173 seconds
[2024-09-12T15:20:39.178+0000] {processor.py:186} INFO - Started process (PID=118) to work on /home/airflow/.local/lib/python3.12/site-packages/airflow/example_dags/example_bash_decorator.py
[2024-09-12T15:20:39.179+0000] {processor.py:914} INFO - Processing file /home/airflow/.local/lib/python3.12/site-packages/airflow/example_dags/example_bash_decorator.py for tasks to queue
[2024-09-12T15:20:39.181+0000] {logging_mixin.py:190} INFO - [2024-09-12T15:20:39.181+0000] {dagbag.py:587} INFO - Filling up the DagBag from /home/airflow/.local/lib/python3.12/site-packages/airflow/example_dags/example_bash_decorator.py
[2024-09-12T15:20:39.192+0000] {processor.py:925} INFO - DAG(s) 'example_bash_decorator' retrieved from /home/airflow/.local/lib/python3.12/site-packages/airflow/example_dags/example_bash_decorator.py
[2024-09-12T15:20:39.209+0000] {logging_mixin.py:190} INFO - [2024-09-12T15:20:39.209+0000] {dag.py:3229} INFO - Sync 1 DAGs
[2024-09-12T15:20:39.217+0000] {logging_mixin.py:190} INFO - [2024-09-12T15:20:39.217+0000] {dag.py:4156} INFO - Setting next_dagrun for example_bash_decorator to None, run_after=None
[2024-09-12T15:20:39.228+0000] {processor.py:208} INFO - Processing /home/airflow/.local/lib/python3.12/site-packages/airflow/example_dags/example_bash_decorator.py took 0.056 seconds
[2024-09-12T15:21:09.792+0000] {processor.py:186} INFO - Started process (PID=181) to work on /home/airflow/.local/lib/python3.12/site-packages/airflow/example_dags/example_bash_decorator.py
[2024-09-12T15:21:09.794+0000] {processor.py:914} INFO - Processing file /home/airflow/.local/lib/python3.12/site-packages/airflow/example_dags/example_bash_decorator.py for tasks to queue
[2024-09-12T15:21:09.796+0000] {logging_mixin.py:190} INFO - [2024-09-12T15:21:09.796+0000] {dagbag.py:587} INFO - Filling up the DagBag from /home/airflow/.local/lib/python3.12/site-packages/airflow/example_dags/example_bash_decorator.py
[2024-09-12T15:21:09.807+0000] {processor.py:925} INFO - DAG(s) 'example_bash_decorator' retrieved from /home/airflow/.local/lib/python3.12/site-packages/airflow/example_dags/example_bash_decorator.py
[2024-09-12T15:21:09.824+0000] {logging_mixin.py:190} INFO - [2024-09-12T15:21:09.824+0000] {dag.py:3229} INFO - Sync 1 DAGs
[2024-09-12T15:21:09.833+0000] {logging_mixin.py:190} INFO - [2024-09-12T15:21:09.833+0000] {dag.py:4156} INFO - Setting next_dagrun for example_bash_decorator to None, run_after=None
[2024-09-12T15:21:09.844+0000] {processor.py:208} INFO - Processing /home/airflow/.local/lib/python3.12/site-packages/airflow/example_dags/example_bash_decorator.py took 0.057 seconds
[2024-09-12T15:21:40.763+0000] {processor.py:186} INFO - Started process (PID=243) to work on /home/airflow/.local/lib/python3.12/site-packages/airflow/example_dags/example_bash_decorator.py
[2024-09-12T15:21:40.764+0000] {processor.py:914} INFO - Processing file /home/airflow/.local/lib/python3.12/site-packages/airflow/example_dags/example_bash_decorator.py for tasks to queue
[2024-09-12T15:21:40.767+0000] {logging_mixin.py:190} INFO - [2024-09-12T15:21:40.766+0000] {dagbag.py:587} INFO - Filling up the DagBag from /home/airflow/.local/lib/python3.12/site-packages/airflow/example_dags/example_bash_decorator.py
[2024-09-12T15:21:40.777+0000] {processor.py:925} INFO - DAG(s) 'example_bash_decorator' retrieved from /home/airflow/.local/lib/python3.12/site-packages/airflow/example_dags/example_bash_decorator.py
[2024-09-12T15:21:40.796+0000] {logging_mixin.py:190} INFO - [2024-09-12T15:21:40.796+0000] {dag.py:3229} INFO - Sync 1 DAGs
[2024-09-12T15:21:40.805+0000] {logging_mixin.py:190} INFO - [2024-09-12T15:21:40.805+0000] {dag.py:4156} INFO - Setting next_dagrun for example_bash_decorator to None, run_after=None
[2024-09-12T15:21:40.834+0000] {processor.py:208} INFO - Processing /home/airflow/.local/lib/python3.12/site-packages/airflow/example_dags/example_bash_decorator.py took 0.076 seconds
[2024-09-12T15:22:11.697+0000] {processor.py:186} INFO - Started process (PID=305) to work on /home/airflow/.local/lib/python3.12/site-packages/airflow/example_dags/example_bash_decorator.py
[2024-09-12T15:22:11.698+0000] {processor.py:914} INFO - Processing file /home/airflow/.local/lib/python3.12/site-packages/airflow/example_dags/example_bash_decorator.py for tasks to queue
[2024-09-12T15:22:11.700+0000] {logging_mixin.py:190} INFO - [2024-09-12T15:22:11.700+0000] {dagbag.py:587} INFO - Filling up the DagBag from /home/airflow/.local/lib/python3.12/site-packages/airflow/example_dags/example_bash_decorator.py
[2024-09-12T15:22:11.711+0000] {processor.py:925} INFO - DAG(s) 'example_bash_decorator' retrieved from /home/airflow/.local/lib/python3.12/site-packages/airflow/example_dags/example_bash_decorator.py
[2024-09-12T15:22:11.739+0000] {logging_mixin.py:190} INFO - [2024-09-12T15:22:11.739+0000] {dag.py:3229} INFO - Sync 1 DAGs
[2024-09-12T15:22:11.759+0000] {logging_mixin.py:190} INFO - [2024-09-12T15:22:11.759+0000] {dag.py:4156} INFO - Setting next_dagrun for example_bash_decorator to None, run_after=None
[2024-09-12T15:22:11.778+0000] {processor.py:208} INFO - Processing /home/airflow/.local/lib/python3.12/site-packages/airflow/example_dags/example_bash_decorator.py took 0.086 seconds
[2024-09-12T15:22:42.267+0000] {processor.py:186} INFO - Started process (PID=367) to work on /home/airflow/.local/lib/python3.12/site-packages/airflow/example_dags/example_bash_decorator.py
[2024-09-12T15:22:42.269+0000] {processor.py:914} INFO - Processing file /home/airflow/.local/lib/python3.12/site-packages/airflow/example_dags/example_bash_decorator.py for tasks to queue
[2024-09-12T15:22:42.272+0000] {logging_mixin.py:190} INFO - [2024-09-12T15:22:42.271+0000] {dagbag.py:587} INFO - Filling up the DagBag from /home/airflow/.local/lib/python3.12/site-packages/airflow/example_dags/example_bash_decorator.py
[2024-09-12T15:22:42.283+0000] {processor.py:925} INFO - DAG(s) 'example_bash_decorator' retrieved from /home/airflow/.local/lib/python3.12/site-packages/airflow/example_dags/example_bash_decorator.py
[2024-09-12T15:22:42.300+0000] {logging_mixin.py:190} INFO - [2024-09-12T15:22:42.300+0000] {dag.py:3229} INFO - Sync 1 DAGs
[2024-09-12T15:22:42.310+0000] {logging_mixin.py:190} INFO - [2024-09-12T15:22:42.310+0000] {dag.py:4156} INFO - Setting next_dagrun for example_bash_decorator to None, run_after=None
[2024-09-12T15:22:42.322+0000] {processor.py:208} INFO - Processing /home/airflow/.local/lib/python3.12/site-packages/airflow/example_dags/example_bash_decorator.py took 0.059 seconds
[2024-09-12T15:23:12.377+0000] {processor.py:186} INFO - Started process (PID=429) to work on /home/airflow/.local/lib/python3.12/site-packages/airflow/example_dags/example_bash_decorator.py
[2024-09-12T15:23:12.379+0000] {processor.py:914} INFO - Processing file /home/airflow/.local/lib/python3.12/site-packages/airflow/example_dags/example_bash_decorator.py for tasks to queue
[2024-09-12T15:23:12.381+0000] {logging_mixin.py:190} INFO - [2024-09-12T15:23:12.381+0000] {dagbag.py:587} INFO - Filling up the DagBag from /home/airflow/.local/lib/python3.12/site-packages/airflow/example_dags/example_bash_decorator.py
[2024-09-12T15:23:12.391+0000] {processor.py:925} INFO - DAG(s) 'example_bash_decorator' retrieved from /home/airflow/.local/lib/python3.12/site-packages/airflow/example_dags/example_bash_decorator.py
[2024-09-12T15:23:12.408+0000] {logging_mixin.py:190} INFO - [2024-09-12T15:23:12.408+0000] {dag.py:3229} INFO - Sync 1 DAGs
[2024-09-12T15:23:12.417+0000] {logging_mixin.py:190} INFO - [2024-09-12T15:23:12.417+0000] {dag.py:4156} INFO - Setting next_dagrun for example_bash_decorator to None, run_after=None
[2024-09-12T15:23:12.427+0000] {processor.py:208} INFO - Processing /home/airflow/.local/lib/python3.12/site-packages/airflow/example_dags/example_bash_decorator.py took 0.054 seconds
[2024-09-12T15:23:42.684+0000] {processor.py:186} INFO - Started process (PID=491) to work on /home/airflow/.local/lib/python3.12/site-packages/airflow/example_dags/example_bash_decorator.py
[2024-09-12T15:23:42.685+0000] {processor.py:914} INFO - Processing file /home/airflow/.local/lib/python3.12/site-packages/airflow/example_dags/example_bash_decorator.py for tasks to queue
[2024-09-12T15:23:42.688+0000] {logging_mixin.py:190} INFO - [2024-09-12T15:23:42.687+0000] {dagbag.py:587} INFO - Filling up the DagBag from /home/airflow/.local/lib/python3.12/site-packages/airflow/example_dags/example_bash_decorator.py
[2024-09-12T15:23:42.699+0000] {processor.py:925} INFO - DAG(s) 'example_bash_decorator' retrieved from /home/airflow/.local/lib/python3.12/site-packages/airflow/example_dags/example_bash_decorator.py
[2024-09-12T15:23:42.716+0000] {logging_mixin.py:190} INFO - [2024-09-12T15:23:42.716+0000] {dag.py:3229} INFO - Sync 1 DAGs
[2024-09-12T15:23:42.726+0000] {logging_mixin.py:190} INFO - [2024-09-12T15:23:42.726+0000] {dag.py:4156} INFO - Setting next_dagrun for example_bash_decorator to None, run_after=None
[2024-09-12T15:23:42.736+0000] {processor.py:208} INFO - Processing /home/airflow/.local/lib/python3.12/site-packages/airflow/example_dags/example_bash_decorator.py took 0.057 seconds
[2024-09-12T15:24:13.478+0000] {processor.py:186} INFO - Started process (PID=552) to work on /home/airflow/.local/lib/python3.12/site-packages/airflow/example_dags/example_bash_decorator.py
[2024-09-12T15:24:13.479+0000] {processor.py:914} INFO - Processing file /home/airflow/.local/lib/python3.12/site-packages/airflow/example_dags/example_bash_decorator.py for tasks to queue
[2024-09-12T15:24:13.482+0000] {logging_mixin.py:190} INFO - [2024-09-12T15:24:13.482+0000] {dagbag.py:587} INFO - Filling up the DagBag from /home/airflow/.local/lib/python3.12/site-packages/airflow/example_dags/example_bash_decorator.py
[2024-09-12T15:24:13.502+0000] {processor.py:925} INFO - DAG(s) 'example_bash_decorator' retrieved from /home/airflow/.local/lib/python3.12/site-packages/airflow/example_dags/example_bash_decorator.py
[2024-09-12T15:24:13.548+0000] {logging_mixin.py:190} INFO - [2024-09-12T15:24:13.548+0000] {dag.py:3229} INFO - Sync 1 DAGs
[2024-09-12T15:24:13.564+0000] {logging_mixin.py:190} INFO - [2024-09-12T15:24:13.563+0000] {dag.py:4156} INFO - Setting next_dagrun for example_bash_decorator to None, run_after=None
[2024-09-12T15:24:13.579+0000] {processor.py:208} INFO - Processing /home/airflow/.local/lib/python3.12/site-packages/airflow/example_dags/example_bash_decorator.py took 0.106 seconds
[2024-09-12T15:24:43.818+0000] {processor.py:186} INFO - Started process (PID=614) to work on /home/airflow/.local/lib/python3.12/site-packages/airflow/example_dags/example_bash_decorator.py
[2024-09-12T15:24:43.819+0000] {processor.py:914} INFO - Processing file /home/airflow/.local/lib/python3.12/site-packages/airflow/example_dags/example_bash_decorator.py for tasks to queue
[2024-09-12T15:24:43.822+0000] {logging_mixin.py:190} INFO - [2024-09-12T15:24:43.821+0000] {dagbag.py:587} INFO - Filling up the DagBag from /home/airflow/.local/lib/python3.12/site-packages/airflow/example_dags/example_bash_decorator.py
[2024-09-12T15:24:43.832+0000] {processor.py:925} INFO - DAG(s) 'example_bash_decorator' retrieved from /home/airflow/.local/lib/python3.12/site-packages/airflow/example_dags/example_bash_decorator.py
[2024-09-12T15:24:43.852+0000] {logging_mixin.py:190} INFO - [2024-09-12T15:24:43.852+0000] {dag.py:3229} INFO - Sync 1 DAGs
[2024-09-12T15:24:43.863+0000] {logging_mixin.py:190} INFO - [2024-09-12T15:24:43.862+0000] {dag.py:4156} INFO - Setting next_dagrun for example_bash_decorator to None, run_after=None
[2024-09-12T15:24:43.879+0000] {processor.py:208} INFO - Processing /home/airflow/.local/lib/python3.12/site-packages/airflow/example_dags/example_bash_decorator.py took 0.066 seconds
[2024-09-12T15:25:14.265+0000] {processor.py:186} INFO - Started process (PID=676) to work on /home/airflow/.local/lib/python3.12/site-packages/airflow/example_dags/example_bash_decorator.py
[2024-09-12T15:25:14.266+0000] {processor.py:914} INFO - Processing file /home/airflow/.local/lib/python3.12/site-packages/airflow/example_dags/example_bash_decorator.py for tasks to queue
[2024-09-12T15:25:14.269+0000] {logging_mixin.py:190} INFO - [2024-09-12T15:25:14.268+0000] {dagbag.py:587} INFO - Filling up the DagBag from /home/airflow/.local/lib/python3.12/site-packages/airflow/example_dags/example_bash_decorator.py
[2024-09-12T15:25:14.280+0000] {processor.py:925} INFO - DAG(s) 'example_bash_decorator' retrieved from /home/airflow/.local/lib/python3.12/site-packages/airflow/example_dags/example_bash_decorator.py
[2024-09-12T15:25:14.298+0000] {logging_mixin.py:190} INFO - [2024-09-12T15:25:14.298+0000] {dag.py:3229} INFO - Sync 1 DAGs
[2024-09-12T15:25:14.307+0000] {logging_mixin.py:190} INFO - [2024-09-12T15:25:14.307+0000] {dag.py:4156} INFO - Setting next_dagrun for example_bash_decorator to None, run_after=None
[2024-09-12T15:25:14.317+0000] {processor.py:208} INFO - Processing /home/airflow/.local/lib/python3.12/site-packages/airflow/example_dags/example_bash_decorator.py took 0.057 seconds
[2024-09-12T15:25:44.493+0000] {processor.py:186} INFO - Started process (PID=738) to work on /home/airflow/.local/lib/python3.12/site-packages/airflow/example_dags/example_bash_decorator.py
[2024-09-12T15:25:44.494+0000] {processor.py:914} INFO - Processing file /home/airflow/.local/lib/python3.12/site-packages/airflow/example_dags/example_bash_decorator.py for tasks to queue
[2024-09-12T15:25:44.496+0000] {logging_mixin.py:190} INFO - [2024-09-12T15:25:44.496+0000] {dagbag.py:587} INFO - Filling up the DagBag from /home/airflow/.local/lib/python3.12/site-packages/airflow/example_dags/example_bash_decorator.py
[2024-09-12T15:25:44.507+0000] {processor.py:925} INFO - DAG(s) 'example_bash_decorator' retrieved from /home/airflow/.local/lib/python3.12/site-packages/airflow/example_dags/example_bash_decorator.py
[2024-09-12T15:25:44.526+0000] {logging_mixin.py:190} INFO - [2024-09-12T15:25:44.526+0000] {dag.py:3229} INFO - Sync 1 DAGs
[2024-09-12T15:25:44.535+0000] {logging_mixin.py:190} INFO - [2024-09-12T15:25:44.535+0000] {dag.py:4156} INFO - Setting next_dagrun for example_bash_decorator to None, run_after=None
[2024-09-12T15:25:44.545+0000] {processor.py:208} INFO - Processing /home/airflow/.local/lib/python3.12/site-packages/airflow/example_dags/example_bash_decorator.py took 0.057 seconds
[2024-09-12T15:26:14.725+0000] {processor.py:186} INFO - Started process (PID=800) to work on /home/airflow/.local/lib/python3.12/site-packages/airflow/example_dags/example_bash_decorator.py
[2024-09-12T15:26:14.726+0000] {processor.py:914} INFO - Processing file /home/airflow/.local/lib/python3.12/site-packages/airflow/example_dags/example_bash_decorator.py for tasks to queue
[2024-09-12T15:26:14.728+0000] {logging_mixin.py:190} INFO - [2024-09-12T15:26:14.728+0000] {dagbag.py:587} INFO - Filling up the DagBag from /home/airflow/.local/lib/python3.12/site-packages/airflow/example_dags/example_bash_decorator.py
[2024-09-12T15:26:14.739+0000] {processor.py:925} INFO - DAG(s) 'example_bash_decorator' retrieved from /home/airflow/.local/lib/python3.12/site-packages/airflow/example_dags/example_bash_decorator.py
[2024-09-12T15:26:14.757+0000] {logging_mixin.py:190} INFO - [2024-09-12T15:26:14.756+0000] {dag.py:3229} INFO - Sync 1 DAGs
[2024-09-12T15:26:14.766+0000] {logging_mixin.py:190} INFO - [2024-09-12T15:26:14.766+0000] {dag.py:4156} INFO - Setting next_dagrun for example_bash_decorator to None, run_after=None
[2024-09-12T15:26:14.778+0000] {processor.py:208} INFO - Processing /home/airflow/.local/lib/python3.12/site-packages/airflow/example_dags/example_bash_decorator.py took 0.057 seconds
[2024-09-12T15:26:45.930+0000] {processor.py:186} INFO - Started process (PID=868) to work on /home/airflow/.local/lib/python3.12/site-packages/airflow/example_dags/example_bash_decorator.py
[2024-09-12T15:26:45.932+0000] {processor.py:914} INFO - Processing file /home/airflow/.local/lib/python3.12/site-packages/airflow/example_dags/example_bash_decorator.py for tasks to queue
[2024-09-12T15:26:45.934+0000] {logging_mixin.py:190} INFO - [2024-09-12T15:26:45.933+0000] {dagbag.py:587} INFO - Filling up the DagBag from /home/airflow/.local/lib/python3.12/site-packages/airflow/example_dags/example_bash_decorator.py
[2024-09-12T15:26:45.944+0000] {processor.py:925} INFO - DAG(s) 'example_bash_decorator' retrieved from /home/airflow/.local/lib/python3.12/site-packages/airflow/example_dags/example_bash_decorator.py
[2024-09-12T15:26:45.963+0000] {logging_mixin.py:190} INFO - [2024-09-12T15:26:45.963+0000] {dag.py:3229} INFO - Sync 1 DAGs
[2024-09-12T15:26:45.972+0000] {logging_mixin.py:190} INFO - [2024-09-12T15:26:45.972+0000] {dag.py:4156} INFO - Setting next_dagrun for example_bash_decorator to None, run_after=None
[2024-09-12T15:26:45.983+0000] {processor.py:208} INFO - Processing /home/airflow/.local/lib/python3.12/site-packages/airflow/example_dags/example_bash_decorator.py took 0.057 seconds
[2024-09-12T15:27:16.221+0000] {processor.py:186} INFO - Started process (PID=930) to work on /home/airflow/.local/lib/python3.12/site-packages/airflow/example_dags/example_bash_decorator.py
[2024-09-12T15:27:16.223+0000] {processor.py:914} INFO - Processing file /home/airflow/.local/lib/python3.12/site-packages/airflow/example_dags/example_bash_decorator.py for tasks to queue
[2024-09-12T15:27:16.225+0000] {logging_mixin.py:190} INFO - [2024-09-12T15:27:16.225+0000] {dagbag.py:587} INFO - Filling up the DagBag from /home/airflow/.local/lib/python3.12/site-packages/airflow/example_dags/example_bash_decorator.py
[2024-09-12T15:27:16.236+0000] {processor.py:925} INFO - DAG(s) 'example_bash_decorator' retrieved from /home/airflow/.local/lib/python3.12/site-packages/airflow/example_dags/example_bash_decorator.py
[2024-09-12T15:27:16.255+0000] {logging_mixin.py:190} INFO - [2024-09-12T15:27:16.255+0000] {dag.py:3229} INFO - Sync 1 DAGs
[2024-09-12T15:27:16.265+0000] {logging_mixin.py:190} INFO - [2024-09-12T15:27:16.264+0000] {dag.py:4156} INFO - Setting next_dagrun for example_bash_decorator to None, run_after=None
[2024-09-12T15:27:16.274+0000] {processor.py:208} INFO - Processing /home/airflow/.local/lib/python3.12/site-packages/airflow/example_dags/example_bash_decorator.py took 0.058 seconds
[2024-09-12T15:27:46.960+0000] {processor.py:186} INFO - Started process (PID=992) to work on /home/airflow/.local/lib/python3.12/site-packages/airflow/example_dags/example_bash_decorator.py
[2024-09-12T15:27:46.961+0000] {processor.py:914} INFO - Processing file /home/airflow/.local/lib/python3.12/site-packages/airflow/example_dags/example_bash_decorator.py for tasks to queue
[2024-09-12T15:27:46.963+0000] {logging_mixin.py:190} INFO - [2024-09-12T15:27:46.963+0000] {dagbag.py:587} INFO - Filling up the DagBag from /home/airflow/.local/lib/python3.12/site-packages/airflow/example_dags/example_bash_decorator.py
[2024-09-12T15:27:46.974+0000] {processor.py:925} INFO - DAG(s) 'example_bash_decorator' retrieved from /home/airflow/.local/lib/python3.12/site-packages/airflow/example_dags/example_bash_decorator.py
[2024-09-12T15:27:46.996+0000] {logging_mixin.py:190} INFO - [2024-09-12T15:27:46.995+0000] {dag.py:3229} INFO - Sync 1 DAGs
[2024-09-12T15:27:47.005+0000] {logging_mixin.py:190} INFO - [2024-09-12T15:27:47.005+0000] {dag.py:4156} INFO - Setting next_dagrun for example_bash_decorator to None, run_after=None
[2024-09-12T15:27:47.017+0000] {processor.py:208} INFO - Processing /home/airflow/.local/lib/python3.12/site-packages/airflow/example_dags/example_bash_decorator.py took 0.061 seconds
[2024-09-12T15:28:17.611+0000] {processor.py:186} INFO - Started process (PID=1054) to work on /home/airflow/.local/lib/python3.12/site-packages/airflow/example_dags/example_bash_decorator.py
[2024-09-12T15:28:17.612+0000] {processor.py:914} INFO - Processing file /home/airflow/.local/lib/python3.12/site-packages/airflow/example_dags/example_bash_decorator.py for tasks to queue
[2024-09-12T15:28:17.614+0000] {logging_mixin.py:190} INFO - [2024-09-12T15:28:17.614+0000] {dagbag.py:587} INFO - Filling up the DagBag from /home/airflow/.local/lib/python3.12/site-packages/airflow/example_dags/example_bash_decorator.py
[2024-09-12T15:28:17.627+0000] {processor.py:925} INFO - DAG(s) 'example_bash_decorator' retrieved from /home/airflow/.local/lib/python3.12/site-packages/airflow/example_dags/example_bash_decorator.py
[2024-09-12T15:28:17.645+0000] {logging_mixin.py:190} INFO - [2024-09-12T15:28:17.645+0000] {dag.py:3229} INFO - Sync 1 DAGs
[2024-09-12T15:28:17.655+0000] {logging_mixin.py:190} INFO - [2024-09-12T15:28:17.655+0000] {dag.py:4156} INFO - Setting next_dagrun for example_bash_decorator to None, run_after=None
[2024-09-12T15:28:17.666+0000] {processor.py:208} INFO - Processing /home/airflow/.local/lib/python3.12/site-packages/airflow/example_dags/example_bash_decorator.py took 0.060 seconds
[2024-09-12T15:28:48.125+0000] {processor.py:186} INFO - Started process (PID=1116) to work on /home/airflow/.local/lib/python3.12/site-packages/airflow/example_dags/example_bash_decorator.py
[2024-09-12T15:28:48.126+0000] {processor.py:914} INFO - Processing file /home/airflow/.local/lib/python3.12/site-packages/airflow/example_dags/example_bash_decorator.py for tasks to queue
[2024-09-12T15:28:48.128+0000] {logging_mixin.py:190} INFO - [2024-09-12T15:28:48.128+0000] {dagbag.py:587} INFO - Filling up the DagBag from /home/airflow/.local/lib/python3.12/site-packages/airflow/example_dags/example_bash_decorator.py
[2024-09-12T15:28:48.140+0000] {processor.py:925} INFO - DAG(s) 'example_bash_decorator' retrieved from /home/airflow/.local/lib/python3.12/site-packages/airflow/example_dags/example_bash_decorator.py
[2024-09-12T15:28:48.160+0000] {logging_mixin.py:190} INFO - [2024-09-12T15:28:48.159+0000] {dag.py:3229} INFO - Sync 1 DAGs
[2024-09-12T15:28:48.170+0000] {logging_mixin.py:190} INFO - [2024-09-12T15:28:48.170+0000] {dag.py:4156} INFO - Setting next_dagrun for example_bash_decorator to None, run_after=None
[2024-09-12T15:28:48.180+0000] {processor.py:208} INFO - Processing /home/airflow/.local/lib/python3.12/site-packages/airflow/example_dags/example_bash_decorator.py took 0.060 seconds
[2024-09-12T15:29:18.514+0000] {processor.py:186} INFO - Started process (PID=1178) to work on /home/airflow/.local/lib/python3.12/site-packages/airflow/example_dags/example_bash_decorator.py
[2024-09-12T15:29:18.515+0000] {processor.py:914} INFO - Processing file /home/airflow/.local/lib/python3.12/site-packages/airflow/example_dags/example_bash_decorator.py for tasks to queue
[2024-09-12T15:29:18.517+0000] {logging_mixin.py:190} INFO - [2024-09-12T15:29:18.517+0000] {dagbag.py:587} INFO - Filling up the DagBag from /home/airflow/.local/lib/python3.12/site-packages/airflow/example_dags/example_bash_decorator.py
[2024-09-12T15:29:18.528+0000] {processor.py:925} INFO - DAG(s) 'example_bash_decorator' retrieved from /home/airflow/.local/lib/python3.12/site-packages/airflow/example_dags/example_bash_decorator.py
[2024-09-12T15:29:18.546+0000] {logging_mixin.py:190} INFO - [2024-09-12T15:29:18.546+0000] {dag.py:3229} INFO - Sync 1 DAGs
[2024-09-12T15:29:18.555+0000] {logging_mixin.py:190} INFO - [2024-09-12T15:29:18.555+0000] {dag.py:4156} INFO - Setting next_dagrun for example_bash_decorator to None, run_after=None
[2024-09-12T15:29:18.566+0000] {processor.py:208} INFO - Processing /home/airflow/.local/lib/python3.12/site-packages/airflow/example_dags/example_bash_decorator.py took 0.057 seconds
[2024-09-12T15:29:48.953+0000] {processor.py:186} INFO - Started process (PID=1240) to work on /home/airflow/.local/lib/python3.12/site-packages/airflow/example_dags/example_bash_decorator.py
[2024-09-12T15:29:48.955+0000] {processor.py:914} INFO - Processing file /home/airflow/.local/lib/python3.12/site-packages/airflow/example_dags/example_bash_decorator.py for tasks to queue
[2024-09-12T15:29:48.957+0000] {logging_mixin.py:190} INFO - [2024-09-12T15:29:48.957+0000] {dagbag.py:587} INFO - Filling up the DagBag from /home/airflow/.local/lib/python3.12/site-packages/airflow/example_dags/example_bash_decorator.py
[2024-09-12T15:29:48.968+0000] {processor.py:925} INFO - DAG(s) 'example_bash_decorator' retrieved from /home/airflow/.local/lib/python3.12/site-packages/airflow/example_dags/example_bash_decorator.py
[2024-09-12T15:29:48.986+0000] {logging_mixin.py:190} INFO - [2024-09-12T15:29:48.986+0000] {dag.py:3229} INFO - Sync 1 DAGs
[2024-09-12T15:29:48.995+0000] {logging_mixin.py:190} INFO - [2024-09-12T15:29:48.995+0000] {dag.py:4156} INFO - Setting next_dagrun for example_bash_decorator to None, run_after=None
[2024-09-12T15:29:49.007+0000] {processor.py:208} INFO - Processing /home/airflow/.local/lib/python3.12/site-packages/airflow/example_dags/example_bash_decorator.py took 0.058 seconds
[2024-09-12T15:30:20.035+0000] {processor.py:186} INFO - Started process (PID=1302) to work on /home/airflow/.local/lib/python3.12/site-packages/airflow/example_dags/example_bash_decorator.py
[2024-09-12T15:30:20.036+0000] {processor.py:914} INFO - Processing file /home/airflow/.local/lib/python3.12/site-packages/airflow/example_dags/example_bash_decorator.py for tasks to queue
[2024-09-12T15:30:20.039+0000] {logging_mixin.py:190} INFO - [2024-09-12T15:30:20.038+0000] {dagbag.py:587} INFO - Filling up the DagBag from /home/airflow/.local/lib/python3.12/site-packages/airflow/example_dags/example_bash_decorator.py
[2024-09-12T15:30:20.049+0000] {processor.py:925} INFO - DAG(s) 'example_bash_decorator' retrieved from /home/airflow/.local/lib/python3.12/site-packages/airflow/example_dags/example_bash_decorator.py
[2024-09-12T15:30:20.067+0000] {logging_mixin.py:190} INFO - [2024-09-12T15:30:20.067+0000] {dag.py:3229} INFO - Sync 1 DAGs
[2024-09-12T15:30:20.076+0000] {logging_mixin.py:190} INFO - [2024-09-12T15:30:20.076+0000] {dag.py:4156} INFO - Setting next_dagrun for example_bash_decorator to None, run_after=None
[2024-09-12T15:30:20.087+0000] {processor.py:208} INFO - Processing /home/airflow/.local/lib/python3.12/site-packages/airflow/example_dags/example_bash_decorator.py took 0.056 seconds
[2024-09-12T15:30:51.257+0000] {processor.py:186} INFO - Started process (PID=1364) to work on /home/airflow/.local/lib/python3.12/site-packages/airflow/example_dags/example_bash_decorator.py
[2024-09-12T15:30:51.258+0000] {processor.py:914} INFO - Processing file /home/airflow/.local/lib/python3.12/site-packages/airflow/example_dags/example_bash_decorator.py for tasks to queue
[2024-09-12T15:30:51.261+0000] {logging_mixin.py:190} INFO - [2024-09-12T15:30:51.261+0000] {dagbag.py:587} INFO - Filling up the DagBag from /home/airflow/.local/lib/python3.12/site-packages/airflow/example_dags/example_bash_decorator.py
[2024-09-12T15:30:51.272+0000] {processor.py:925} INFO - DAG(s) 'example_bash_decorator' retrieved from /home/airflow/.local/lib/python3.12/site-packages/airflow/example_dags/example_bash_decorator.py
[2024-09-12T15:30:51.290+0000] {logging_mixin.py:190} INFO - [2024-09-12T15:30:51.290+0000] {dag.py:3229} INFO - Sync 1 DAGs
[2024-09-12T15:30:51.300+0000] {logging_mixin.py:190} INFO - [2024-09-12T15:30:51.299+0000] {dag.py:4156} INFO - Setting next_dagrun for example_bash_decorator to None, run_after=None
[2024-09-12T15:30:51.357+0000] {processor.py:208} INFO - Processing /home/airflow/.local/lib/python3.12/site-packages/airflow/example_dags/example_bash_decorator.py took 0.105 seconds
[2024-09-12T15:31:21.613+0000] {processor.py:186} INFO - Started process (PID=1426) to work on /home/airflow/.local/lib/python3.12/site-packages/airflow/example_dags/example_bash_decorator.py
[2024-09-12T15:31:21.615+0000] {processor.py:914} INFO - Processing file /home/airflow/.local/lib/python3.12/site-packages/airflow/example_dags/example_bash_decorator.py for tasks to queue
[2024-09-12T15:31:21.617+0000] {logging_mixin.py:190} INFO - [2024-09-12T15:31:21.616+0000] {dagbag.py:587} INFO - Filling up the DagBag from /home/airflow/.local/lib/python3.12/site-packages/airflow/example_dags/example_bash_decorator.py
[2024-09-12T15:31:21.627+0000] {processor.py:925} INFO - DAG(s) 'example_bash_decorator' retrieved from /home/airflow/.local/lib/python3.12/site-packages/airflow/example_dags/example_bash_decorator.py
[2024-09-12T15:31:21.646+0000] {logging_mixin.py:190} INFO - [2024-09-12T15:31:21.646+0000] {dag.py:3229} INFO - Sync 1 DAGs
[2024-09-12T15:31:21.655+0000] {logging_mixin.py:190} INFO - [2024-09-12T15:31:21.655+0000] {dag.py:4156} INFO - Setting next_dagrun for example_bash_decorator to None, run_after=None
[2024-09-12T15:31:21.667+0000] {processor.py:208} INFO - Processing /home/airflow/.local/lib/python3.12/site-packages/airflow/example_dags/example_bash_decorator.py took 0.058 seconds
[2024-09-12T15:31:52.052+0000] {processor.py:186} INFO - Started process (PID=1488) to work on /home/airflow/.local/lib/python3.12/site-packages/airflow/example_dags/example_bash_decorator.py
[2024-09-12T15:31:52.053+0000] {processor.py:914} INFO - Processing file /home/airflow/.local/lib/python3.12/site-packages/airflow/example_dags/example_bash_decorator.py for tasks to queue
[2024-09-12T15:31:52.056+0000] {logging_mixin.py:190} INFO - [2024-09-12T15:31:52.055+0000] {dagbag.py:587} INFO - Filling up the DagBag from /home/airflow/.local/lib/python3.12/site-packages/airflow/example_dags/example_bash_decorator.py
[2024-09-12T15:31:52.067+0000] {processor.py:925} INFO - DAG(s) 'example_bash_decorator' retrieved from /home/airflow/.local/lib/python3.12/site-packages/airflow/example_dags/example_bash_decorator.py
[2024-09-12T15:31:52.089+0000] {logging_mixin.py:190} INFO - [2024-09-12T15:31:52.089+0000] {dag.py:3229} INFO - Sync 1 DAGs
[2024-09-12T15:31:52.098+0000] {logging_mixin.py:190} INFO - [2024-09-12T15:31:52.098+0000] {dag.py:4156} INFO - Setting next_dagrun for example_bash_decorator to None, run_after=None
[2024-09-12T15:31:52.110+0000] {processor.py:208} INFO - Processing /home/airflow/.local/lib/python3.12/site-packages/airflow/example_dags/example_bash_decorator.py took 0.063 seconds
[2024-09-12T15:32:22.297+0000] {processor.py:186} INFO - Started process (PID=1549) to work on /home/airflow/.local/lib/python3.12/site-packages/airflow/example_dags/example_bash_decorator.py
[2024-09-12T15:32:22.298+0000] {processor.py:914} INFO - Processing file /home/airflow/.local/lib/python3.12/site-packages/airflow/example_dags/example_bash_decorator.py for tasks to queue
[2024-09-12T15:32:22.300+0000] {logging_mixin.py:190} INFO - [2024-09-12T15:32:22.300+0000] {dagbag.py:587} INFO - Filling up the DagBag from /home/airflow/.local/lib/python3.12/site-packages/airflow/example_dags/example_bash_decorator.py
[2024-09-12T15:32:22.312+0000] {processor.py:925} INFO - DAG(s) 'example_bash_decorator' retrieved from /home/airflow/.local/lib/python3.12/site-packages/airflow/example_dags/example_bash_decorator.py
[2024-09-12T15:32:22.329+0000] {logging_mixin.py:190} INFO - [2024-09-12T15:32:22.329+0000] {dag.py:3229} INFO - Sync 1 DAGs
[2024-09-12T15:32:22.338+0000] {logging_mixin.py:190} INFO - [2024-09-12T15:32:22.337+0000] {dag.py:4156} INFO - Setting next_dagrun for example_bash_decorator to None, run_after=None
[2024-09-12T15:32:22.349+0000] {processor.py:208} INFO - Processing /home/airflow/.local/lib/python3.12/site-packages/airflow/example_dags/example_bash_decorator.py took 0.056 seconds
[2024-09-12T15:32:52.401+0000] {processor.py:186} INFO - Started process (PID=1610) to work on /home/airflow/.local/lib/python3.12/site-packages/airflow/example_dags/example_bash_decorator.py
[2024-09-12T15:32:52.403+0000] {processor.py:914} INFO - Processing file /home/airflow/.local/lib/python3.12/site-packages/airflow/example_dags/example_bash_decorator.py for tasks to queue
[2024-09-12T15:32:52.406+0000] {logging_mixin.py:190} INFO - [2024-09-12T15:32:52.405+0000] {dagbag.py:587} INFO - Filling up the DagBag from /home/airflow/.local/lib/python3.12/site-packages/airflow/example_dags/example_bash_decorator.py
[2024-09-12T15:32:52.417+0000] {processor.py:925} INFO - DAG(s) 'example_bash_decorator' retrieved from /home/airflow/.local/lib/python3.12/site-packages/airflow/example_dags/example_bash_decorator.py
[2024-09-12T15:32:52.435+0000] {logging_mixin.py:190} INFO - [2024-09-12T15:32:52.435+0000] {dag.py:3229} INFO - Sync 1 DAGs
[2024-09-12T15:32:52.445+0000] {logging_mixin.py:190} INFO - [2024-09-12T15:32:52.444+0000] {dag.py:4156} INFO - Setting next_dagrun for example_bash_decorator to None, run_after=None
[2024-09-12T15:32:52.456+0000] {processor.py:208} INFO - Processing /home/airflow/.local/lib/python3.12/site-packages/airflow/example_dags/example_bash_decorator.py took 0.062 seconds
[2024-09-12T15:33:22.750+0000] {processor.py:186} INFO - Started process (PID=1672) to work on /home/airflow/.local/lib/python3.12/site-packages/airflow/example_dags/example_bash_decorator.py
[2024-09-12T15:33:22.751+0000] {processor.py:914} INFO - Processing file /home/airflow/.local/lib/python3.12/site-packages/airflow/example_dags/example_bash_decorator.py for tasks to queue
[2024-09-12T15:33:22.754+0000] {logging_mixin.py:190} INFO - [2024-09-12T15:33:22.753+0000] {dagbag.py:587} INFO - Filling up the DagBag from /home/airflow/.local/lib/python3.12/site-packages/airflow/example_dags/example_bash_decorator.py
[2024-09-12T15:33:22.764+0000] {processor.py:925} INFO - DAG(s) 'example_bash_decorator' retrieved from /home/airflow/.local/lib/python3.12/site-packages/airflow/example_dags/example_bash_decorator.py
[2024-09-12T15:33:22.782+0000] {logging_mixin.py:190} INFO - [2024-09-12T15:33:22.782+0000] {dag.py:3229} INFO - Sync 1 DAGs
[2024-09-12T15:33:22.792+0000] {logging_mixin.py:190} INFO - [2024-09-12T15:33:22.792+0000] {dag.py:4156} INFO - Setting next_dagrun for example_bash_decorator to None, run_after=None
[2024-09-12T15:33:22.802+0000] {processor.py:208} INFO - Processing /home/airflow/.local/lib/python3.12/site-packages/airflow/example_dags/example_bash_decorator.py took 0.057 seconds
[2024-09-12T15:33:53.120+0000] {processor.py:186} INFO - Started process (PID=1734) to work on /home/airflow/.local/lib/python3.12/site-packages/airflow/example_dags/example_bash_decorator.py
[2024-09-12T15:33:53.122+0000] {processor.py:914} INFO - Processing file /home/airflow/.local/lib/python3.12/site-packages/airflow/example_dags/example_bash_decorator.py for tasks to queue
[2024-09-12T15:33:53.124+0000] {logging_mixin.py:190} INFO - [2024-09-12T15:33:53.124+0000] {dagbag.py:587} INFO - Filling up the DagBag from /home/airflow/.local/lib/python3.12/site-packages/airflow/example_dags/example_bash_decorator.py
[2024-09-12T15:33:53.135+0000] {processor.py:925} INFO - DAG(s) 'example_bash_decorator' retrieved from /home/airflow/.local/lib/python3.12/site-packages/airflow/example_dags/example_bash_decorator.py
[2024-09-12T15:33:53.153+0000] {logging_mixin.py:190} INFO - [2024-09-12T15:33:53.152+0000] {dag.py:3229} INFO - Sync 1 DAGs
[2024-09-12T15:33:53.162+0000] {logging_mixin.py:190} INFO - [2024-09-12T15:33:53.161+0000] {dag.py:4156} INFO - Setting next_dagrun for example_bash_decorator to None, run_after=None
[2024-09-12T15:33:53.176+0000] {processor.py:208} INFO - Processing /home/airflow/.local/lib/python3.12/site-packages/airflow/example_dags/example_bash_decorator.py took 0.060 seconds
