[2024-09-12T15:20:08.584+0000] {processor.py:186} INFO - Started process (PID=58) to work on /home/airflow/.local/lib/python3.12/site-packages/airflow/example_dags/example_subdag_operator.py
[2024-09-12T15:20:08.586+0000] {processor.py:914} INFO - Processing file /home/airflow/.local/lib/python3.12/site-packages/airflow/example_dags/example_subdag_operator.py for tasks to queue
[2024-09-12T15:20:08.589+0000] {logging_mixin.py:190} INFO - [2024-09-12T15:20:08.588+0000] {dagbag.py:587} INFO - Filling up the DagBag from /home/airflow/.local/lib/python3.12/site-packages/airflow/example_dags/example_subdag_operator.py
[2024-09-12T15:20:08.714+0000] {processor.py:925} INFO - DAG(s) 'example_subdag_operator.section-1', 'example_subdag_operator.section-2', 'example_subdag_operator' retrieved from /home/airflow/.local/lib/python3.12/site-packages/airflow/example_dags/example_subdag_operator.py
[2024-09-12T15:20:08.855+0000] {logging_mixin.py:190} INFO - [2024-09-12T15:20:08.855+0000] {override.py:1900} INFO - Created Permission View: can read on DAG:example_subdag_operator
[2024-09-12T15:20:08.862+0000] {logging_mixin.py:190} INFO - [2024-09-12T15:20:08.862+0000] {override.py:1900} INFO - Created Permission View: can delete on DAG:example_subdag_operator
[2024-09-12T15:20:08.866+0000] {logging_mixin.py:190} INFO - [2024-09-12T15:20:08.866+0000] {override.py:1900} INFO - Created Permission View: can edit on DAG:example_subdag_operator
[2024-09-12T15:20:08.872+0000] {logging_mixin.py:190} INFO - [2024-09-12T15:20:08.872+0000] {override.py:1900} INFO - Created Permission View: can read on DAG Run:example_subdag_operator
[2024-09-12T15:20:08.887+0000] {logging_mixin.py:190} INFO - [2024-09-12T15:20:08.887+0000] {override.py:1900} INFO - Created Permission View: can create on DAG Run:example_subdag_operator
[2024-09-12T15:20:08.899+0000] {logging_mixin.py:190} INFO - [2024-09-12T15:20:08.899+0000] {override.py:1900} INFO - Created Permission View: menu access on DAG Run:example_subdag_operator
[2024-09-12T15:20:08.907+0000] {logging_mixin.py:190} INFO - [2024-09-12T15:20:08.907+0000] {override.py:1900} INFO - Created Permission View: can delete on DAG Run:example_subdag_operator
[2024-09-12T15:20:08.908+0000] {logging_mixin.py:190} INFO - [2024-09-12T15:20:08.908+0000] {dag.py:3229} INFO - Sync 3 DAGs
[2024-09-12T15:20:08.917+0000] {logging_mixin.py:190} INFO - [2024-09-12T15:20:08.917+0000] {dag.py:3252} INFO - Creating ORM DAG for example_subdag_operator.section-2
[2024-09-12T15:20:08.918+0000] {logging_mixin.py:190} INFO - [2024-09-12T15:20:08.918+0000] {dag.py:3252} INFO - Creating ORM DAG for example_subdag_operator.section-1
[2024-09-12T15:20:08.919+0000] {logging_mixin.py:190} INFO - [2024-09-12T15:20:08.919+0000] {dag.py:3252} INFO - Creating ORM DAG for example_subdag_operator
[2024-09-12T15:20:08.927+0000] {logging_mixin.py:190} INFO - [2024-09-12T15:20:08.926+0000] {dag.py:4156} INFO - Setting next_dagrun for example_subdag_operator to 2022-01-01 00:00:00+00:00, run_after=2022-01-01 00:00:00+00:00
[2024-09-12T15:20:08.928+0000] {logging_mixin.py:190} INFO - [2024-09-12T15:20:08.928+0000] {dag.py:4156} INFO - Setting next_dagrun for example_subdag_operator.section-1 to None, run_after=None
[2024-09-12T15:20:08.928+0000] {logging_mixin.py:190} INFO - [2024-09-12T15:20:08.928+0000] {dag.py:4156} INFO - Setting next_dagrun for example_subdag_operator.section-2 to None, run_after=None
[2024-09-12T15:20:08.933+0000] {logging_mixin.py:190} INFO - [2024-09-12T15:20:08.933+0000] {dag.py:3229} INFO - Sync 2 DAGs
[2024-09-12T15:20:08.939+0000] {logging_mixin.py:190} INFO - [2024-09-12T15:20:08.939+0000] {dag.py:4156} INFO - Setting next_dagrun for example_subdag_operator.section-1 to None, run_after=None
[2024-09-12T15:20:08.941+0000] {logging_mixin.py:190} INFO - [2024-09-12T15:20:08.941+0000] {dag.py:4156} INFO - Setting next_dagrun for example_subdag_operator.section-2 to None, run_after=None
[2024-09-12T15:20:08.949+0000] {processor.py:208} INFO - Processing /home/airflow/.local/lib/python3.12/site-packages/airflow/example_dags/example_subdag_operator.py took 0.372 seconds
[2024-09-12T15:20:39.310+0000] {processor.py:186} INFO - Started process (PID=121) to work on /home/airflow/.local/lib/python3.12/site-packages/airflow/example_dags/example_subdag_operator.py
[2024-09-12T15:20:39.311+0000] {processor.py:914} INFO - Processing file /home/airflow/.local/lib/python3.12/site-packages/airflow/example_dags/example_subdag_operator.py for tasks to queue
[2024-09-12T15:20:39.314+0000] {logging_mixin.py:190} INFO - [2024-09-12T15:20:39.313+0000] {dagbag.py:587} INFO - Filling up the DagBag from /home/airflow/.local/lib/python3.12/site-packages/airflow/example_dags/example_subdag_operator.py
[2024-09-12T15:20:39.340+0000] {processor.py:925} INFO - DAG(s) 'example_subdag_operator.section-1', 'example_subdag_operator.section-2', 'example_subdag_operator' retrieved from /home/airflow/.local/lib/python3.12/site-packages/airflow/example_dags/example_subdag_operator.py
[2024-09-12T15:20:39.350+0000] {logging_mixin.py:190} INFO - [2024-09-12T15:20:39.350+0000] {dag.py:3229} INFO - Sync 3 DAGs
[2024-09-12T15:20:39.365+0000] {logging_mixin.py:190} INFO - [2024-09-12T15:20:39.365+0000] {dag.py:4156} INFO - Setting next_dagrun for example_subdag_operator to 2022-01-01 00:00:00+00:00, run_after=2022-01-01 00:00:00+00:00
[2024-09-12T15:20:39.368+0000] {logging_mixin.py:190} INFO - [2024-09-12T15:20:39.368+0000] {dag.py:4156} INFO - Setting next_dagrun for example_subdag_operator.section-1 to None, run_after=None
[2024-09-12T15:20:39.369+0000] {logging_mixin.py:190} INFO - [2024-09-12T15:20:39.369+0000] {dag.py:4156} INFO - Setting next_dagrun for example_subdag_operator.section-2 to None, run_after=None
[2024-09-12T15:20:39.374+0000] {logging_mixin.py:190} INFO - [2024-09-12T15:20:39.374+0000] {dag.py:3229} INFO - Sync 2 DAGs
[2024-09-12T15:20:39.377+0000] {logging_mixin.py:190} INFO - [2024-09-12T15:20:39.377+0000] {dag.py:4156} INFO - Setting next_dagrun for example_subdag_operator.section-1 to None, run_after=None
[2024-09-12T15:20:39.378+0000] {logging_mixin.py:190} INFO - [2024-09-12T15:20:39.378+0000] {dag.py:4156} INFO - Setting next_dagrun for example_subdag_operator.section-2 to None, run_after=None
[2024-09-12T15:20:39.384+0000] {processor.py:208} INFO - Processing /home/airflow/.local/lib/python3.12/site-packages/airflow/example_dags/example_subdag_operator.py took 0.079 seconds
[2024-09-12T15:21:09.949+0000] {processor.py:186} INFO - Started process (PID=184) to work on /home/airflow/.local/lib/python3.12/site-packages/airflow/example_dags/example_subdag_operator.py
[2024-09-12T15:21:09.950+0000] {processor.py:914} INFO - Processing file /home/airflow/.local/lib/python3.12/site-packages/airflow/example_dags/example_subdag_operator.py for tasks to queue
[2024-09-12T15:21:09.952+0000] {logging_mixin.py:190} INFO - [2024-09-12T15:21:09.952+0000] {dagbag.py:587} INFO - Filling up the DagBag from /home/airflow/.local/lib/python3.12/site-packages/airflow/example_dags/example_subdag_operator.py
[2024-09-12T15:21:09.975+0000] {processor.py:925} INFO - DAG(s) 'example_subdag_operator.section-1', 'example_subdag_operator.section-2', 'example_subdag_operator' retrieved from /home/airflow/.local/lib/python3.12/site-packages/airflow/example_dags/example_subdag_operator.py
[2024-09-12T15:21:09.989+0000] {logging_mixin.py:190} INFO - [2024-09-12T15:21:09.989+0000] {dag.py:3229} INFO - Sync 3 DAGs
[2024-09-12T15:21:10.003+0000] {logging_mixin.py:190} INFO - [2024-09-12T15:21:10.003+0000] {dag.py:4156} INFO - Setting next_dagrun for example_subdag_operator to 2022-01-01 00:00:00+00:00, run_after=2022-01-01 00:00:00+00:00
[2024-09-12T15:21:10.006+0000] {logging_mixin.py:190} INFO - [2024-09-12T15:21:10.006+0000] {dag.py:4156} INFO - Setting next_dagrun for example_subdag_operator.section-1 to None, run_after=None
[2024-09-12T15:21:10.008+0000] {logging_mixin.py:190} INFO - [2024-09-12T15:21:10.008+0000] {dag.py:4156} INFO - Setting next_dagrun for example_subdag_operator.section-2 to None, run_after=None
[2024-09-12T15:21:10.013+0000] {logging_mixin.py:190} INFO - [2024-09-12T15:21:10.012+0000] {dag.py:3229} INFO - Sync 2 DAGs
[2024-09-12T15:21:10.018+0000] {logging_mixin.py:190} INFO - [2024-09-12T15:21:10.017+0000] {dag.py:4156} INFO - Setting next_dagrun for example_subdag_operator.section-1 to None, run_after=None
[2024-09-12T15:21:10.019+0000] {logging_mixin.py:190} INFO - [2024-09-12T15:21:10.018+0000] {dag.py:4156} INFO - Setting next_dagrun for example_subdag_operator.section-2 to None, run_after=None
[2024-09-12T15:21:10.025+0000] {processor.py:208} INFO - Processing /home/airflow/.local/lib/python3.12/site-packages/airflow/example_dags/example_subdag_operator.py took 0.082 seconds
[2024-09-12T15:21:40.906+0000] {processor.py:186} INFO - Started process (PID=246) to work on /home/airflow/.local/lib/python3.12/site-packages/airflow/example_dags/example_subdag_operator.py
[2024-09-12T15:21:40.908+0000] {processor.py:914} INFO - Processing file /home/airflow/.local/lib/python3.12/site-packages/airflow/example_dags/example_subdag_operator.py for tasks to queue
[2024-09-12T15:21:40.910+0000] {logging_mixin.py:190} INFO - [2024-09-12T15:21:40.910+0000] {dagbag.py:587} INFO - Filling up the DagBag from /home/airflow/.local/lib/python3.12/site-packages/airflow/example_dags/example_subdag_operator.py
[2024-09-12T15:21:40.941+0000] {processor.py:925} INFO - DAG(s) 'example_subdag_operator.section-1', 'example_subdag_operator.section-2', 'example_subdag_operator' retrieved from /home/airflow/.local/lib/python3.12/site-packages/airflow/example_dags/example_subdag_operator.py
[2024-09-12T15:21:40.954+0000] {logging_mixin.py:190} INFO - [2024-09-12T15:21:40.954+0000] {dag.py:3229} INFO - Sync 3 DAGs
[2024-09-12T15:21:40.974+0000] {logging_mixin.py:190} INFO - [2024-09-12T15:21:40.974+0000] {dag.py:4156} INFO - Setting next_dagrun for example_subdag_operator to 2022-01-01 00:00:00+00:00, run_after=2022-01-01 00:00:00+00:00
[2024-09-12T15:21:40.977+0000] {logging_mixin.py:190} INFO - [2024-09-12T15:21:40.977+0000] {dag.py:4156} INFO - Setting next_dagrun for example_subdag_operator.section-1 to None, run_after=None
[2024-09-12T15:21:40.978+0000] {logging_mixin.py:190} INFO - [2024-09-12T15:21:40.978+0000] {dag.py:4156} INFO - Setting next_dagrun for example_subdag_operator.section-2 to None, run_after=None
[2024-09-12T15:21:40.986+0000] {logging_mixin.py:190} INFO - [2024-09-12T15:21:40.986+0000] {dag.py:3229} INFO - Sync 2 DAGs
[2024-09-12T15:21:40.990+0000] {logging_mixin.py:190} INFO - [2024-09-12T15:21:40.990+0000] {dag.py:4156} INFO - Setting next_dagrun for example_subdag_operator.section-1 to None, run_after=None
[2024-09-12T15:21:40.992+0000] {logging_mixin.py:190} INFO - [2024-09-12T15:21:40.992+0000] {dag.py:4156} INFO - Setting next_dagrun for example_subdag_operator.section-2 to None, run_after=None
[2024-09-12T15:21:40.999+0000] {processor.py:208} INFO - Processing /home/airflow/.local/lib/python3.12/site-packages/airflow/example_dags/example_subdag_operator.py took 0.097 seconds
[2024-09-12T15:22:11.839+0000] {processor.py:186} INFO - Started process (PID=308) to work on /home/airflow/.local/lib/python3.12/site-packages/airflow/example_dags/example_subdag_operator.py
[2024-09-12T15:22:11.840+0000] {processor.py:914} INFO - Processing file /home/airflow/.local/lib/python3.12/site-packages/airflow/example_dags/example_subdag_operator.py for tasks to queue
[2024-09-12T15:22:11.843+0000] {logging_mixin.py:190} INFO - [2024-09-12T15:22:11.842+0000] {dagbag.py:587} INFO - Filling up the DagBag from /home/airflow/.local/lib/python3.12/site-packages/airflow/example_dags/example_subdag_operator.py
[2024-09-12T15:22:11.871+0000] {processor.py:925} INFO - DAG(s) 'example_subdag_operator.section-1', 'example_subdag_operator.section-2', 'example_subdag_operator' retrieved from /home/airflow/.local/lib/python3.12/site-packages/airflow/example_dags/example_subdag_operator.py
[2024-09-12T15:22:11.885+0000] {logging_mixin.py:190} INFO - [2024-09-12T15:22:11.885+0000] {dag.py:3229} INFO - Sync 3 DAGs
[2024-09-12T15:22:11.902+0000] {logging_mixin.py:190} INFO - [2024-09-12T15:22:11.902+0000] {dag.py:4156} INFO - Setting next_dagrun for example_subdag_operator to 2022-01-01 00:00:00+00:00, run_after=2022-01-01 00:00:00+00:00
[2024-09-12T15:22:11.905+0000] {logging_mixin.py:190} INFO - [2024-09-12T15:22:11.905+0000] {dag.py:4156} INFO - Setting next_dagrun for example_subdag_operator.section-1 to None, run_after=None
[2024-09-12T15:22:11.907+0000] {logging_mixin.py:190} INFO - [2024-09-12T15:22:11.907+0000] {dag.py:4156} INFO - Setting next_dagrun for example_subdag_operator.section-2 to None, run_after=None
[2024-09-12T15:22:11.912+0000] {logging_mixin.py:190} INFO - [2024-09-12T15:22:11.912+0000] {dag.py:3229} INFO - Sync 2 DAGs
[2024-09-12T15:22:11.915+0000] {logging_mixin.py:190} INFO - [2024-09-12T15:22:11.915+0000] {dag.py:4156} INFO - Setting next_dagrun for example_subdag_operator.section-1 to None, run_after=None
[2024-09-12T15:22:11.916+0000] {logging_mixin.py:190} INFO - [2024-09-12T15:22:11.916+0000] {dag.py:4156} INFO - Setting next_dagrun for example_subdag_operator.section-2 to None, run_after=None
[2024-09-12T15:22:11.923+0000] {processor.py:208} INFO - Processing /home/airflow/.local/lib/python3.12/site-packages/airflow/example_dags/example_subdag_operator.py took 0.089 seconds
[2024-09-12T15:22:42.401+0000] {processor.py:186} INFO - Started process (PID=370) to work on /home/airflow/.local/lib/python3.12/site-packages/airflow/example_dags/example_subdag_operator.py
[2024-09-12T15:22:42.402+0000] {processor.py:914} INFO - Processing file /home/airflow/.local/lib/python3.12/site-packages/airflow/example_dags/example_subdag_operator.py for tasks to queue
[2024-09-12T15:22:42.404+0000] {logging_mixin.py:190} INFO - [2024-09-12T15:22:42.404+0000] {dagbag.py:587} INFO - Filling up the DagBag from /home/airflow/.local/lib/python3.12/site-packages/airflow/example_dags/example_subdag_operator.py
[2024-09-12T15:22:42.427+0000] {processor.py:925} INFO - DAG(s) 'example_subdag_operator.section-1', 'example_subdag_operator.section-2', 'example_subdag_operator' retrieved from /home/airflow/.local/lib/python3.12/site-packages/airflow/example_dags/example_subdag_operator.py
[2024-09-12T15:22:42.437+0000] {logging_mixin.py:190} INFO - [2024-09-12T15:22:42.437+0000] {dag.py:3229} INFO - Sync 3 DAGs
[2024-09-12T15:22:42.452+0000] {logging_mixin.py:190} INFO - [2024-09-12T15:22:42.451+0000] {dag.py:4156} INFO - Setting next_dagrun for example_subdag_operator to 2022-01-01 00:00:00+00:00, run_after=2022-01-01 00:00:00+00:00
[2024-09-12T15:22:42.454+0000] {logging_mixin.py:190} INFO - [2024-09-12T15:22:42.454+0000] {dag.py:4156} INFO - Setting next_dagrun for example_subdag_operator.section-1 to None, run_after=None
[2024-09-12T15:22:42.455+0000] {logging_mixin.py:190} INFO - [2024-09-12T15:22:42.455+0000] {dag.py:4156} INFO - Setting next_dagrun for example_subdag_operator.section-2 to None, run_after=None
[2024-09-12T15:22:42.460+0000] {logging_mixin.py:190} INFO - [2024-09-12T15:22:42.459+0000] {dag.py:3229} INFO - Sync 2 DAGs
[2024-09-12T15:22:42.463+0000] {logging_mixin.py:190} INFO - [2024-09-12T15:22:42.463+0000] {dag.py:4156} INFO - Setting next_dagrun for example_subdag_operator.section-1 to None, run_after=None
[2024-09-12T15:22:42.464+0000] {logging_mixin.py:190} INFO - [2024-09-12T15:22:42.464+0000] {dag.py:4156} INFO - Setting next_dagrun for example_subdag_operator.section-2 to None, run_after=None
[2024-09-12T15:22:42.471+0000] {processor.py:208} INFO - Processing /home/airflow/.local/lib/python3.12/site-packages/airflow/example_dags/example_subdag_operator.py took 0.074 seconds
[2024-09-12T15:23:12.541+0000] {processor.py:186} INFO - Started process (PID=432) to work on /home/airflow/.local/lib/python3.12/site-packages/airflow/example_dags/example_subdag_operator.py
[2024-09-12T15:23:12.543+0000] {processor.py:914} INFO - Processing file /home/airflow/.local/lib/python3.12/site-packages/airflow/example_dags/example_subdag_operator.py for tasks to queue
[2024-09-12T15:23:12.546+0000] {logging_mixin.py:190} INFO - [2024-09-12T15:23:12.545+0000] {dagbag.py:587} INFO - Filling up the DagBag from /home/airflow/.local/lib/python3.12/site-packages/airflow/example_dags/example_subdag_operator.py
[2024-09-12T15:23:12.568+0000] {processor.py:925} INFO - DAG(s) 'example_subdag_operator.section-1', 'example_subdag_operator.section-2', 'example_subdag_operator' retrieved from /home/airflow/.local/lib/python3.12/site-packages/airflow/example_dags/example_subdag_operator.py
[2024-09-12T15:23:12.577+0000] {logging_mixin.py:190} INFO - [2024-09-12T15:23:12.577+0000] {dag.py:3229} INFO - Sync 3 DAGs
[2024-09-12T15:23:12.592+0000] {logging_mixin.py:190} INFO - [2024-09-12T15:23:12.592+0000] {dag.py:4156} INFO - Setting next_dagrun for example_subdag_operator to 2022-01-01 00:00:00+00:00, run_after=2022-01-01 00:00:00+00:00
[2024-09-12T15:23:12.594+0000] {logging_mixin.py:190} INFO - [2024-09-12T15:23:12.594+0000] {dag.py:4156} INFO - Setting next_dagrun for example_subdag_operator.section-1 to None, run_after=None
[2024-09-12T15:23:12.595+0000] {logging_mixin.py:190} INFO - [2024-09-12T15:23:12.595+0000] {dag.py:4156} INFO - Setting next_dagrun for example_subdag_operator.section-2 to None, run_after=None
[2024-09-12T15:23:12.600+0000] {logging_mixin.py:190} INFO - [2024-09-12T15:23:12.600+0000] {dag.py:3229} INFO - Sync 2 DAGs
[2024-09-12T15:23:12.603+0000] {logging_mixin.py:190} INFO - [2024-09-12T15:23:12.603+0000] {dag.py:4156} INFO - Setting next_dagrun for example_subdag_operator.section-1 to None, run_after=None
[2024-09-12T15:23:12.603+0000] {logging_mixin.py:190} INFO - [2024-09-12T15:23:12.603+0000] {dag.py:4156} INFO - Setting next_dagrun for example_subdag_operator.section-2 to None, run_after=None
[2024-09-12T15:23:12.609+0000] {processor.py:208} INFO - Processing /home/airflow/.local/lib/python3.12/site-packages/airflow/example_dags/example_subdag_operator.py took 0.072 seconds
[2024-09-12T15:23:42.835+0000] {processor.py:186} INFO - Started process (PID=494) to work on /home/airflow/.local/lib/python3.12/site-packages/airflow/example_dags/example_subdag_operator.py
[2024-09-12T15:23:42.837+0000] {processor.py:914} INFO - Processing file /home/airflow/.local/lib/python3.12/site-packages/airflow/example_dags/example_subdag_operator.py for tasks to queue
[2024-09-12T15:23:42.839+0000] {logging_mixin.py:190} INFO - [2024-09-12T15:23:42.839+0000] {dagbag.py:587} INFO - Filling up the DagBag from /home/airflow/.local/lib/python3.12/site-packages/airflow/example_dags/example_subdag_operator.py
[2024-09-12T15:23:42.860+0000] {processor.py:925} INFO - DAG(s) 'example_subdag_operator.section-1', 'example_subdag_operator.section-2', 'example_subdag_operator' retrieved from /home/airflow/.local/lib/python3.12/site-packages/airflow/example_dags/example_subdag_operator.py
[2024-09-12T15:23:42.869+0000] {logging_mixin.py:190} INFO - [2024-09-12T15:23:42.869+0000] {dag.py:3229} INFO - Sync 3 DAGs
[2024-09-12T15:23:42.883+0000] {logging_mixin.py:190} INFO - [2024-09-12T15:23:42.883+0000] {dag.py:4156} INFO - Setting next_dagrun for example_subdag_operator to 2022-01-01 00:00:00+00:00, run_after=2022-01-01 00:00:00+00:00
[2024-09-12T15:23:42.886+0000] {logging_mixin.py:190} INFO - [2024-09-12T15:23:42.886+0000] {dag.py:4156} INFO - Setting next_dagrun for example_subdag_operator.section-1 to None, run_after=None
[2024-09-12T15:23:42.887+0000] {logging_mixin.py:190} INFO - [2024-09-12T15:23:42.887+0000] {dag.py:4156} INFO - Setting next_dagrun for example_subdag_operator.section-2 to None, run_after=None
[2024-09-12T15:23:42.892+0000] {logging_mixin.py:190} INFO - [2024-09-12T15:23:42.892+0000] {dag.py:3229} INFO - Sync 2 DAGs
[2024-09-12T15:23:42.897+0000] {logging_mixin.py:190} INFO - [2024-09-12T15:23:42.897+0000] {dag.py:4156} INFO - Setting next_dagrun for example_subdag_operator.section-1 to None, run_after=None
[2024-09-12T15:23:42.897+0000] {logging_mixin.py:190} INFO - [2024-09-12T15:23:42.897+0000] {dag.py:4156} INFO - Setting next_dagrun for example_subdag_operator.section-2 to None, run_after=None
[2024-09-12T15:23:42.903+0000] {processor.py:208} INFO - Processing /home/airflow/.local/lib/python3.12/site-packages/airflow/example_dags/example_subdag_operator.py took 0.073 seconds
[2024-09-12T15:24:13.716+0000] {processor.py:186} INFO - Started process (PID=555) to work on /home/airflow/.local/lib/python3.12/site-packages/airflow/example_dags/example_subdag_operator.py
[2024-09-12T15:24:13.717+0000] {processor.py:914} INFO - Processing file /home/airflow/.local/lib/python3.12/site-packages/airflow/example_dags/example_subdag_operator.py for tasks to queue
[2024-09-12T15:24:13.720+0000] {logging_mixin.py:190} INFO - [2024-09-12T15:24:13.719+0000] {dagbag.py:587} INFO - Filling up the DagBag from /home/airflow/.local/lib/python3.12/site-packages/airflow/example_dags/example_subdag_operator.py
[2024-09-12T15:24:13.754+0000] {processor.py:925} INFO - DAG(s) 'example_subdag_operator.section-1', 'example_subdag_operator.section-2', 'example_subdag_operator' retrieved from /home/airflow/.local/lib/python3.12/site-packages/airflow/example_dags/example_subdag_operator.py
[2024-09-12T15:24:13.766+0000] {logging_mixin.py:190} INFO - [2024-09-12T15:24:13.766+0000] {dag.py:3229} INFO - Sync 3 DAGs
[2024-09-12T15:24:13.784+0000] {logging_mixin.py:190} INFO - [2024-09-12T15:24:13.784+0000] {dag.py:4156} INFO - Setting next_dagrun for example_subdag_operator to 2022-01-01 00:00:00+00:00, run_after=2022-01-01 00:00:00+00:00
[2024-09-12T15:24:13.787+0000] {logging_mixin.py:190} INFO - [2024-09-12T15:24:13.787+0000] {dag.py:4156} INFO - Setting next_dagrun for example_subdag_operator.section-1 to None, run_after=None
[2024-09-12T15:24:13.789+0000] {logging_mixin.py:190} INFO - [2024-09-12T15:24:13.789+0000] {dag.py:4156} INFO - Setting next_dagrun for example_subdag_operator.section-2 to None, run_after=None
[2024-09-12T15:24:13.795+0000] {logging_mixin.py:190} INFO - [2024-09-12T15:24:13.795+0000] {dag.py:3229} INFO - Sync 2 DAGs
[2024-09-12T15:24:13.799+0000] {logging_mixin.py:190} INFO - [2024-09-12T15:24:13.799+0000] {dag.py:4156} INFO - Setting next_dagrun for example_subdag_operator.section-1 to None, run_after=None
[2024-09-12T15:24:13.800+0000] {logging_mixin.py:190} INFO - [2024-09-12T15:24:13.800+0000] {dag.py:4156} INFO - Setting next_dagrun for example_subdag_operator.section-2 to None, run_after=None
[2024-09-12T15:24:13.807+0000] {processor.py:208} INFO - Processing /home/airflow/.local/lib/python3.12/site-packages/airflow/example_dags/example_subdag_operator.py took 0.095 seconds
[2024-09-12T15:24:44.003+0000] {processor.py:186} INFO - Started process (PID=617) to work on /home/airflow/.local/lib/python3.12/site-packages/airflow/example_dags/example_subdag_operator.py
[2024-09-12T15:24:44.004+0000] {processor.py:914} INFO - Processing file /home/airflow/.local/lib/python3.12/site-packages/airflow/example_dags/example_subdag_operator.py for tasks to queue
[2024-09-12T15:24:44.007+0000] {logging_mixin.py:190} INFO - [2024-09-12T15:24:44.006+0000] {dagbag.py:587} INFO - Filling up the DagBag from /home/airflow/.local/lib/python3.12/site-packages/airflow/example_dags/example_subdag_operator.py
[2024-09-12T15:24:44.028+0000] {processor.py:925} INFO - DAG(s) 'example_subdag_operator.section-1', 'example_subdag_operator.section-2', 'example_subdag_operator' retrieved from /home/airflow/.local/lib/python3.12/site-packages/airflow/example_dags/example_subdag_operator.py
[2024-09-12T15:24:44.039+0000] {logging_mixin.py:190} INFO - [2024-09-12T15:24:44.038+0000] {dag.py:3229} INFO - Sync 3 DAGs
[2024-09-12T15:24:44.053+0000] {logging_mixin.py:190} INFO - [2024-09-12T15:24:44.053+0000] {dag.py:4156} INFO - Setting next_dagrun for example_subdag_operator to 2022-01-01 00:00:00+00:00, run_after=2022-01-01 00:00:00+00:00
[2024-09-12T15:24:44.056+0000] {logging_mixin.py:190} INFO - [2024-09-12T15:24:44.056+0000] {dag.py:4156} INFO - Setting next_dagrun for example_subdag_operator.section-1 to None, run_after=None
[2024-09-12T15:24:44.057+0000] {logging_mixin.py:190} INFO - [2024-09-12T15:24:44.057+0000] {dag.py:4156} INFO - Setting next_dagrun for example_subdag_operator.section-2 to None, run_after=None
[2024-09-12T15:24:44.062+0000] {logging_mixin.py:190} INFO - [2024-09-12T15:24:44.062+0000] {dag.py:3229} INFO - Sync 2 DAGs
[2024-09-12T15:24:44.066+0000] {logging_mixin.py:190} INFO - [2024-09-12T15:24:44.066+0000] {dag.py:4156} INFO - Setting next_dagrun for example_subdag_operator.section-1 to None, run_after=None
[2024-09-12T15:24:44.066+0000] {logging_mixin.py:190} INFO - [2024-09-12T15:24:44.066+0000] {dag.py:4156} INFO - Setting next_dagrun for example_subdag_operator.section-2 to None, run_after=None
[2024-09-12T15:24:44.073+0000] {processor.py:208} INFO - Processing /home/airflow/.local/lib/python3.12/site-packages/airflow/example_dags/example_subdag_operator.py took 0.076 seconds
[2024-09-12T15:25:14.416+0000] {processor.py:186} INFO - Started process (PID=679) to work on /home/airflow/.local/lib/python3.12/site-packages/airflow/example_dags/example_subdag_operator.py
[2024-09-12T15:25:14.417+0000] {processor.py:914} INFO - Processing file /home/airflow/.local/lib/python3.12/site-packages/airflow/example_dags/example_subdag_operator.py for tasks to queue
[2024-09-12T15:25:14.420+0000] {logging_mixin.py:190} INFO - [2024-09-12T15:25:14.420+0000] {dagbag.py:587} INFO - Filling up the DagBag from /home/airflow/.local/lib/python3.12/site-packages/airflow/example_dags/example_subdag_operator.py
[2024-09-12T15:25:14.441+0000] {processor.py:925} INFO - DAG(s) 'example_subdag_operator.section-1', 'example_subdag_operator.section-2', 'example_subdag_operator' retrieved from /home/airflow/.local/lib/python3.12/site-packages/airflow/example_dags/example_subdag_operator.py
[2024-09-12T15:25:14.450+0000] {logging_mixin.py:190} INFO - [2024-09-12T15:25:14.450+0000] {dag.py:3229} INFO - Sync 3 DAGs
[2024-09-12T15:25:14.463+0000] {logging_mixin.py:190} INFO - [2024-09-12T15:25:14.463+0000] {dag.py:4156} INFO - Setting next_dagrun for example_subdag_operator to 2022-01-01 00:00:00+00:00, run_after=2022-01-01 00:00:00+00:00
[2024-09-12T15:25:14.466+0000] {logging_mixin.py:190} INFO - [2024-09-12T15:25:14.466+0000] {dag.py:4156} INFO - Setting next_dagrun for example_subdag_operator.section-1 to None, run_after=None
[2024-09-12T15:25:14.468+0000] {logging_mixin.py:190} INFO - [2024-09-12T15:25:14.467+0000] {dag.py:4156} INFO - Setting next_dagrun for example_subdag_operator.section-2 to None, run_after=None
[2024-09-12T15:25:14.472+0000] {logging_mixin.py:190} INFO - [2024-09-12T15:25:14.472+0000] {dag.py:3229} INFO - Sync 2 DAGs
[2024-09-12T15:25:14.475+0000] {logging_mixin.py:190} INFO - [2024-09-12T15:25:14.475+0000] {dag.py:4156} INFO - Setting next_dagrun for example_subdag_operator.section-1 to None, run_after=None
[2024-09-12T15:25:14.476+0000] {logging_mixin.py:190} INFO - [2024-09-12T15:25:14.476+0000] {dag.py:4156} INFO - Setting next_dagrun for example_subdag_operator.section-2 to None, run_after=None
[2024-09-12T15:25:14.482+0000] {processor.py:208} INFO - Processing /home/airflow/.local/lib/python3.12/site-packages/airflow/example_dags/example_subdag_operator.py took 0.071 seconds
[2024-09-12T15:25:44.640+0000] {processor.py:186} INFO - Started process (PID=741) to work on /home/airflow/.local/lib/python3.12/site-packages/airflow/example_dags/example_subdag_operator.py
[2024-09-12T15:25:44.641+0000] {processor.py:914} INFO - Processing file /home/airflow/.local/lib/python3.12/site-packages/airflow/example_dags/example_subdag_operator.py for tasks to queue
[2024-09-12T15:25:44.644+0000] {logging_mixin.py:190} INFO - [2024-09-12T15:25:44.643+0000] {dagbag.py:587} INFO - Filling up the DagBag from /home/airflow/.local/lib/python3.12/site-packages/airflow/example_dags/example_subdag_operator.py
[2024-09-12T15:25:44.667+0000] {processor.py:925} INFO - DAG(s) 'example_subdag_operator.section-1', 'example_subdag_operator.section-2', 'example_subdag_operator' retrieved from /home/airflow/.local/lib/python3.12/site-packages/airflow/example_dags/example_subdag_operator.py
[2024-09-12T15:25:44.677+0000] {logging_mixin.py:190} INFO - [2024-09-12T15:25:44.676+0000] {dag.py:3229} INFO - Sync 3 DAGs
[2024-09-12T15:25:44.691+0000] {logging_mixin.py:190} INFO - [2024-09-12T15:25:44.691+0000] {dag.py:4156} INFO - Setting next_dagrun for example_subdag_operator to 2022-01-01 00:00:00+00:00, run_after=2022-01-01 00:00:00+00:00
[2024-09-12T15:25:44.694+0000] {logging_mixin.py:190} INFO - [2024-09-12T15:25:44.694+0000] {dag.py:4156} INFO - Setting next_dagrun for example_subdag_operator.section-1 to None, run_after=None
[2024-09-12T15:25:44.696+0000] {logging_mixin.py:190} INFO - [2024-09-12T15:25:44.696+0000] {dag.py:4156} INFO - Setting next_dagrun for example_subdag_operator.section-2 to None, run_after=None
[2024-09-12T15:25:44.700+0000] {logging_mixin.py:190} INFO - [2024-09-12T15:25:44.700+0000] {dag.py:3229} INFO - Sync 2 DAGs
[2024-09-12T15:25:44.704+0000] {logging_mixin.py:190} INFO - [2024-09-12T15:25:44.704+0000] {dag.py:4156} INFO - Setting next_dagrun for example_subdag_operator.section-1 to None, run_after=None
[2024-09-12T15:25:44.704+0000] {logging_mixin.py:190} INFO - [2024-09-12T15:25:44.704+0000] {dag.py:4156} INFO - Setting next_dagrun for example_subdag_operator.section-2 to None, run_after=None
[2024-09-12T15:25:44.711+0000] {processor.py:208} INFO - Processing /home/airflow/.local/lib/python3.12/site-packages/airflow/example_dags/example_subdag_operator.py took 0.076 seconds
[2024-09-12T15:26:14.883+0000] {processor.py:186} INFO - Started process (PID=803) to work on /home/airflow/.local/lib/python3.12/site-packages/airflow/example_dags/example_subdag_operator.py
[2024-09-12T15:26:14.887+0000] {processor.py:914} INFO - Processing file /home/airflow/.local/lib/python3.12/site-packages/airflow/example_dags/example_subdag_operator.py for tasks to queue
[2024-09-12T15:26:14.891+0000] {logging_mixin.py:190} INFO - [2024-09-12T15:26:14.891+0000] {dagbag.py:587} INFO - Filling up the DagBag from /home/airflow/.local/lib/python3.12/site-packages/airflow/example_dags/example_subdag_operator.py
[2024-09-12T15:26:14.919+0000] {processor.py:925} INFO - DAG(s) 'example_subdag_operator.section-1', 'example_subdag_operator.section-2', 'example_subdag_operator' retrieved from /home/airflow/.local/lib/python3.12/site-packages/airflow/example_dags/example_subdag_operator.py
[2024-09-12T15:26:14.932+0000] {logging_mixin.py:190} INFO - [2024-09-12T15:26:14.931+0000] {dag.py:3229} INFO - Sync 3 DAGs
[2024-09-12T15:26:14.946+0000] {logging_mixin.py:190} INFO - [2024-09-12T15:26:14.945+0000] {dag.py:4156} INFO - Setting next_dagrun for example_subdag_operator to 2022-01-01 00:00:00+00:00, run_after=2022-01-01 00:00:00+00:00
[2024-09-12T15:26:14.949+0000] {logging_mixin.py:190} INFO - [2024-09-12T15:26:14.949+0000] {dag.py:4156} INFO - Setting next_dagrun for example_subdag_operator.section-1 to None, run_after=None
[2024-09-12T15:26:14.950+0000] {logging_mixin.py:190} INFO - [2024-09-12T15:26:14.950+0000] {dag.py:4156} INFO - Setting next_dagrun for example_subdag_operator.section-2 to None, run_after=None
[2024-09-12T15:26:14.955+0000] {logging_mixin.py:190} INFO - [2024-09-12T15:26:14.955+0000] {dag.py:3229} INFO - Sync 2 DAGs
[2024-09-12T15:26:14.958+0000] {logging_mixin.py:190} INFO - [2024-09-12T15:26:14.958+0000] {dag.py:4156} INFO - Setting next_dagrun for example_subdag_operator.section-1 to None, run_after=None
[2024-09-12T15:26:14.959+0000] {logging_mixin.py:190} INFO - [2024-09-12T15:26:14.959+0000] {dag.py:4156} INFO - Setting next_dagrun for example_subdag_operator.section-2 to None, run_after=None
[2024-09-12T15:26:14.964+0000] {processor.py:208} INFO - Processing /home/airflow/.local/lib/python3.12/site-packages/airflow/example_dags/example_subdag_operator.py took 0.088 seconds
[2024-09-12T15:26:46.091+0000] {processor.py:186} INFO - Started process (PID=871) to work on /home/airflow/.local/lib/python3.12/site-packages/airflow/example_dags/example_subdag_operator.py
[2024-09-12T15:26:46.093+0000] {processor.py:914} INFO - Processing file /home/airflow/.local/lib/python3.12/site-packages/airflow/example_dags/example_subdag_operator.py for tasks to queue
[2024-09-12T15:26:46.096+0000] {logging_mixin.py:190} INFO - [2024-09-12T15:26:46.095+0000] {dagbag.py:587} INFO - Filling up the DagBag from /home/airflow/.local/lib/python3.12/site-packages/airflow/example_dags/example_subdag_operator.py
[2024-09-12T15:26:46.118+0000] {processor.py:925} INFO - DAG(s) 'example_subdag_operator.section-1', 'example_subdag_operator.section-2', 'example_subdag_operator' retrieved from /home/airflow/.local/lib/python3.12/site-packages/airflow/example_dags/example_subdag_operator.py
[2024-09-12T15:26:46.129+0000] {logging_mixin.py:190} INFO - [2024-09-12T15:26:46.129+0000] {dag.py:3229} INFO - Sync 3 DAGs
[2024-09-12T15:26:46.145+0000] {logging_mixin.py:190} INFO - [2024-09-12T15:26:46.145+0000] {dag.py:4156} INFO - Setting next_dagrun for example_subdag_operator to 2022-01-01 00:00:00+00:00, run_after=2022-01-01 00:00:00+00:00
[2024-09-12T15:26:46.148+0000] {logging_mixin.py:190} INFO - [2024-09-12T15:26:46.148+0000] {dag.py:4156} INFO - Setting next_dagrun for example_subdag_operator.section-1 to None, run_after=None
[2024-09-12T15:26:46.150+0000] {logging_mixin.py:190} INFO - [2024-09-12T15:26:46.149+0000] {dag.py:4156} INFO - Setting next_dagrun for example_subdag_operator.section-2 to None, run_after=None
[2024-09-12T15:26:46.155+0000] {logging_mixin.py:190} INFO - [2024-09-12T15:26:46.155+0000] {dag.py:3229} INFO - Sync 2 DAGs
[2024-09-12T15:26:46.160+0000] {logging_mixin.py:190} INFO - [2024-09-12T15:26:46.160+0000] {dag.py:4156} INFO - Setting next_dagrun for example_subdag_operator.section-1 to None, run_after=None
[2024-09-12T15:26:46.161+0000] {logging_mixin.py:190} INFO - [2024-09-12T15:26:46.161+0000] {dag.py:4156} INFO - Setting next_dagrun for example_subdag_operator.section-2 to None, run_after=None
[2024-09-12T15:26:46.167+0000] {processor.py:208} INFO - Processing /home/airflow/.local/lib/python3.12/site-packages/airflow/example_dags/example_subdag_operator.py took 0.081 seconds
[2024-09-12T15:27:16.358+0000] {processor.py:186} INFO - Started process (PID=933) to work on /home/airflow/.local/lib/python3.12/site-packages/airflow/example_dags/example_subdag_operator.py
[2024-09-12T15:27:16.359+0000] {processor.py:914} INFO - Processing file /home/airflow/.local/lib/python3.12/site-packages/airflow/example_dags/example_subdag_operator.py for tasks to queue
[2024-09-12T15:27:16.361+0000] {logging_mixin.py:190} INFO - [2024-09-12T15:27:16.361+0000] {dagbag.py:587} INFO - Filling up the DagBag from /home/airflow/.local/lib/python3.12/site-packages/airflow/example_dags/example_subdag_operator.py
[2024-09-12T15:27:16.382+0000] {processor.py:925} INFO - DAG(s) 'example_subdag_operator.section-1', 'example_subdag_operator.section-2', 'example_subdag_operator' retrieved from /home/airflow/.local/lib/python3.12/site-packages/airflow/example_dags/example_subdag_operator.py
[2024-09-12T15:27:16.391+0000] {logging_mixin.py:190} INFO - [2024-09-12T15:27:16.391+0000] {dag.py:3229} INFO - Sync 3 DAGs
[2024-09-12T15:27:16.406+0000] {logging_mixin.py:190} INFO - [2024-09-12T15:27:16.406+0000] {dag.py:4156} INFO - Setting next_dagrun for example_subdag_operator to 2022-01-01 00:00:00+00:00, run_after=2022-01-01 00:00:00+00:00
[2024-09-12T15:27:16.408+0000] {logging_mixin.py:190} INFO - [2024-09-12T15:27:16.408+0000] {dag.py:4156} INFO - Setting next_dagrun for example_subdag_operator.section-1 to None, run_after=None
[2024-09-12T15:27:16.410+0000] {logging_mixin.py:190} INFO - [2024-09-12T15:27:16.410+0000] {dag.py:4156} INFO - Setting next_dagrun for example_subdag_operator.section-2 to None, run_after=None
[2024-09-12T15:27:16.414+0000] {logging_mixin.py:190} INFO - [2024-09-12T15:27:16.414+0000] {dag.py:3229} INFO - Sync 2 DAGs
[2024-09-12T15:27:16.417+0000] {logging_mixin.py:190} INFO - [2024-09-12T15:27:16.417+0000] {dag.py:4156} INFO - Setting next_dagrun for example_subdag_operator.section-1 to None, run_after=None
[2024-09-12T15:27:16.418+0000] {logging_mixin.py:190} INFO - [2024-09-12T15:27:16.418+0000] {dag.py:4156} INFO - Setting next_dagrun for example_subdag_operator.section-2 to None, run_after=None
[2024-09-12T15:27:16.424+0000] {processor.py:208} INFO - Processing /home/airflow/.local/lib/python3.12/site-packages/airflow/example_dags/example_subdag_operator.py took 0.071 seconds
[2024-09-12T15:27:47.125+0000] {processor.py:186} INFO - Started process (PID=995) to work on /home/airflow/.local/lib/python3.12/site-packages/airflow/example_dags/example_subdag_operator.py
[2024-09-12T15:27:47.127+0000] {processor.py:914} INFO - Processing file /home/airflow/.local/lib/python3.12/site-packages/airflow/example_dags/example_subdag_operator.py for tasks to queue
[2024-09-12T15:27:47.129+0000] {logging_mixin.py:190} INFO - [2024-09-12T15:27:47.129+0000] {dagbag.py:587} INFO - Filling up the DagBag from /home/airflow/.local/lib/python3.12/site-packages/airflow/example_dags/example_subdag_operator.py
[2024-09-12T15:27:47.156+0000] {processor.py:925} INFO - DAG(s) 'example_subdag_operator.section-1', 'example_subdag_operator.section-2', 'example_subdag_operator' retrieved from /home/airflow/.local/lib/python3.12/site-packages/airflow/example_dags/example_subdag_operator.py
[2024-09-12T15:27:47.167+0000] {logging_mixin.py:190} INFO - [2024-09-12T15:27:47.167+0000] {dag.py:3229} INFO - Sync 3 DAGs
[2024-09-12T15:27:47.182+0000] {logging_mixin.py:190} INFO - [2024-09-12T15:27:47.182+0000] {dag.py:4156} INFO - Setting next_dagrun for example_subdag_operator to 2022-01-01 00:00:00+00:00, run_after=2022-01-01 00:00:00+00:00
[2024-09-12T15:27:47.186+0000] {logging_mixin.py:190} INFO - [2024-09-12T15:27:47.185+0000] {dag.py:4156} INFO - Setting next_dagrun for example_subdag_operator.section-1 to None, run_after=None
[2024-09-12T15:27:47.188+0000] {logging_mixin.py:190} INFO - [2024-09-12T15:27:47.188+0000] {dag.py:4156} INFO - Setting next_dagrun for example_subdag_operator.section-2 to None, run_after=None
[2024-09-12T15:27:47.195+0000] {logging_mixin.py:190} INFO - [2024-09-12T15:27:47.195+0000] {dag.py:3229} INFO - Sync 2 DAGs
[2024-09-12T15:27:47.199+0000] {logging_mixin.py:190} INFO - [2024-09-12T15:27:47.199+0000] {dag.py:4156} INFO - Setting next_dagrun for example_subdag_operator.section-1 to None, run_after=None
[2024-09-12T15:27:47.200+0000] {logging_mixin.py:190} INFO - [2024-09-12T15:27:47.200+0000] {dag.py:4156} INFO - Setting next_dagrun for example_subdag_operator.section-2 to None, run_after=None
[2024-09-12T15:27:47.208+0000] {processor.py:208} INFO - Processing /home/airflow/.local/lib/python3.12/site-packages/airflow/example_dags/example_subdag_operator.py took 0.088 seconds
[2024-09-12T15:28:17.791+0000] {processor.py:186} INFO - Started process (PID=1057) to work on /home/airflow/.local/lib/python3.12/site-packages/airflow/example_dags/example_subdag_operator.py
[2024-09-12T15:28:17.792+0000] {processor.py:914} INFO - Processing file /home/airflow/.local/lib/python3.12/site-packages/airflow/example_dags/example_subdag_operator.py for tasks to queue
[2024-09-12T15:28:17.795+0000] {logging_mixin.py:190} INFO - [2024-09-12T15:28:17.795+0000] {dagbag.py:587} INFO - Filling up the DagBag from /home/airflow/.local/lib/python3.12/site-packages/airflow/example_dags/example_subdag_operator.py
[2024-09-12T15:28:17.819+0000] {processor.py:925} INFO - DAG(s) 'example_subdag_operator.section-1', 'example_subdag_operator.section-2', 'example_subdag_operator' retrieved from /home/airflow/.local/lib/python3.12/site-packages/airflow/example_dags/example_subdag_operator.py
[2024-09-12T15:28:17.828+0000] {logging_mixin.py:190} INFO - [2024-09-12T15:28:17.828+0000] {dag.py:3229} INFO - Sync 3 DAGs
[2024-09-12T15:28:17.852+0000] {logging_mixin.py:190} INFO - [2024-09-12T15:28:17.852+0000] {dag.py:4156} INFO - Setting next_dagrun for example_subdag_operator to 2022-01-01 00:00:00+00:00, run_after=2022-01-01 00:00:00+00:00
[2024-09-12T15:28:17.855+0000] {logging_mixin.py:190} INFO - [2024-09-12T15:28:17.855+0000] {dag.py:4156} INFO - Setting next_dagrun for example_subdag_operator.section-1 to None, run_after=None
[2024-09-12T15:28:17.856+0000] {logging_mixin.py:190} INFO - [2024-09-12T15:28:17.856+0000] {dag.py:4156} INFO - Setting next_dagrun for example_subdag_operator.section-2 to None, run_after=None
[2024-09-12T15:28:17.871+0000] {logging_mixin.py:190} INFO - [2024-09-12T15:28:17.871+0000] {dag.py:3229} INFO - Sync 2 DAGs
[2024-09-12T15:28:17.880+0000] {logging_mixin.py:190} INFO - [2024-09-12T15:28:17.879+0000] {dag.py:4156} INFO - Setting next_dagrun for example_subdag_operator.section-1 to None, run_after=None
[2024-09-12T15:28:17.881+0000] {logging_mixin.py:190} INFO - [2024-09-12T15:28:17.881+0000] {dag.py:4156} INFO - Setting next_dagrun for example_subdag_operator.section-2 to None, run_after=None
[2024-09-12T15:28:17.912+0000] {processor.py:208} INFO - Processing /home/airflow/.local/lib/python3.12/site-packages/airflow/example_dags/example_subdag_operator.py took 0.126 seconds
[2024-09-12T15:28:48.283+0000] {processor.py:186} INFO - Started process (PID=1119) to work on /home/airflow/.local/lib/python3.12/site-packages/airflow/example_dags/example_subdag_operator.py
[2024-09-12T15:28:48.284+0000] {processor.py:914} INFO - Processing file /home/airflow/.local/lib/python3.12/site-packages/airflow/example_dags/example_subdag_operator.py for tasks to queue
[2024-09-12T15:28:48.286+0000] {logging_mixin.py:190} INFO - [2024-09-12T15:28:48.286+0000] {dagbag.py:587} INFO - Filling up the DagBag from /home/airflow/.local/lib/python3.12/site-packages/airflow/example_dags/example_subdag_operator.py
[2024-09-12T15:28:48.308+0000] {processor.py:925} INFO - DAG(s) 'example_subdag_operator.section-1', 'example_subdag_operator.section-2', 'example_subdag_operator' retrieved from /home/airflow/.local/lib/python3.12/site-packages/airflow/example_dags/example_subdag_operator.py
[2024-09-12T15:28:48.317+0000] {logging_mixin.py:190} INFO - [2024-09-12T15:28:48.317+0000] {dag.py:3229} INFO - Sync 3 DAGs
[2024-09-12T15:28:48.330+0000] {logging_mixin.py:190} INFO - [2024-09-12T15:28:48.330+0000] {dag.py:4156} INFO - Setting next_dagrun for example_subdag_operator to 2022-01-01 00:00:00+00:00, run_after=2022-01-01 00:00:00+00:00
[2024-09-12T15:28:48.333+0000] {logging_mixin.py:190} INFO - [2024-09-12T15:28:48.333+0000] {dag.py:4156} INFO - Setting next_dagrun for example_subdag_operator.section-1 to None, run_after=None
[2024-09-12T15:28:48.334+0000] {logging_mixin.py:190} INFO - [2024-09-12T15:28:48.334+0000] {dag.py:4156} INFO - Setting next_dagrun for example_subdag_operator.section-2 to None, run_after=None
[2024-09-12T15:28:48.339+0000] {logging_mixin.py:190} INFO - [2024-09-12T15:28:48.339+0000] {dag.py:3229} INFO - Sync 2 DAGs
[2024-09-12T15:28:48.342+0000] {logging_mixin.py:190} INFO - [2024-09-12T15:28:48.342+0000] {dag.py:4156} INFO - Setting next_dagrun for example_subdag_operator.section-1 to None, run_after=None
[2024-09-12T15:28:48.343+0000] {logging_mixin.py:190} INFO - [2024-09-12T15:28:48.342+0000] {dag.py:4156} INFO - Setting next_dagrun for example_subdag_operator.section-2 to None, run_after=None
[2024-09-12T15:28:48.349+0000] {processor.py:208} INFO - Processing /home/airflow/.local/lib/python3.12/site-packages/airflow/example_dags/example_subdag_operator.py took 0.070 seconds
[2024-09-12T15:29:18.663+0000] {processor.py:186} INFO - Started process (PID=1181) to work on /home/airflow/.local/lib/python3.12/site-packages/airflow/example_dags/example_subdag_operator.py
[2024-09-12T15:29:18.665+0000] {processor.py:914} INFO - Processing file /home/airflow/.local/lib/python3.12/site-packages/airflow/example_dags/example_subdag_operator.py for tasks to queue
[2024-09-12T15:29:18.667+0000] {logging_mixin.py:190} INFO - [2024-09-12T15:29:18.667+0000] {dagbag.py:587} INFO - Filling up the DagBag from /home/airflow/.local/lib/python3.12/site-packages/airflow/example_dags/example_subdag_operator.py
[2024-09-12T15:29:18.687+0000] {processor.py:925} INFO - DAG(s) 'example_subdag_operator.section-1', 'example_subdag_operator.section-2', 'example_subdag_operator' retrieved from /home/airflow/.local/lib/python3.12/site-packages/airflow/example_dags/example_subdag_operator.py
[2024-09-12T15:29:18.696+0000] {logging_mixin.py:190} INFO - [2024-09-12T15:29:18.696+0000] {dag.py:3229} INFO - Sync 3 DAGs
[2024-09-12T15:29:18.709+0000] {logging_mixin.py:190} INFO - [2024-09-12T15:29:18.709+0000] {dag.py:4156} INFO - Setting next_dagrun for example_subdag_operator to 2022-01-01 00:00:00+00:00, run_after=2022-01-01 00:00:00+00:00
[2024-09-12T15:29:18.713+0000] {logging_mixin.py:190} INFO - [2024-09-12T15:29:18.713+0000] {dag.py:4156} INFO - Setting next_dagrun for example_subdag_operator.section-1 to None, run_after=None
[2024-09-12T15:29:18.714+0000] {logging_mixin.py:190} INFO - [2024-09-12T15:29:18.714+0000] {dag.py:4156} INFO - Setting next_dagrun for example_subdag_operator.section-2 to None, run_after=None
[2024-09-12T15:29:18.720+0000] {logging_mixin.py:190} INFO - [2024-09-12T15:29:18.720+0000] {dag.py:3229} INFO - Sync 2 DAGs
[2024-09-12T15:29:18.724+0000] {logging_mixin.py:190} INFO - [2024-09-12T15:29:18.724+0000] {dag.py:4156} INFO - Setting next_dagrun for example_subdag_operator.section-1 to None, run_after=None
[2024-09-12T15:29:18.725+0000] {logging_mixin.py:190} INFO - [2024-09-12T15:29:18.725+0000] {dag.py:4156} INFO - Setting next_dagrun for example_subdag_operator.section-2 to None, run_after=None
[2024-09-12T15:29:18.731+0000] {processor.py:208} INFO - Processing /home/airflow/.local/lib/python3.12/site-packages/airflow/example_dags/example_subdag_operator.py took 0.072 seconds
[2024-09-12T15:29:49.091+0000] {processor.py:186} INFO - Started process (PID=1243) to work on /home/airflow/.local/lib/python3.12/site-packages/airflow/example_dags/example_subdag_operator.py
[2024-09-12T15:29:49.092+0000] {processor.py:914} INFO - Processing file /home/airflow/.local/lib/python3.12/site-packages/airflow/example_dags/example_subdag_operator.py for tasks to queue
[2024-09-12T15:29:49.094+0000] {logging_mixin.py:190} INFO - [2024-09-12T15:29:49.094+0000] {dagbag.py:587} INFO - Filling up the DagBag from /home/airflow/.local/lib/python3.12/site-packages/airflow/example_dags/example_subdag_operator.py
[2024-09-12T15:29:49.116+0000] {processor.py:925} INFO - DAG(s) 'example_subdag_operator.section-1', 'example_subdag_operator.section-2', 'example_subdag_operator' retrieved from /home/airflow/.local/lib/python3.12/site-packages/airflow/example_dags/example_subdag_operator.py
[2024-09-12T15:29:49.126+0000] {logging_mixin.py:190} INFO - [2024-09-12T15:29:49.126+0000] {dag.py:3229} INFO - Sync 3 DAGs
[2024-09-12T15:29:49.140+0000] {logging_mixin.py:190} INFO - [2024-09-12T15:29:49.139+0000] {dag.py:4156} INFO - Setting next_dagrun for example_subdag_operator to 2022-01-01 00:00:00+00:00, run_after=2022-01-01 00:00:00+00:00
[2024-09-12T15:29:49.143+0000] {logging_mixin.py:190} INFO - [2024-09-12T15:29:49.142+0000] {dag.py:4156} INFO - Setting next_dagrun for example_subdag_operator.section-1 to None, run_after=None
[2024-09-12T15:29:49.144+0000] {logging_mixin.py:190} INFO - [2024-09-12T15:29:49.144+0000] {dag.py:4156} INFO - Setting next_dagrun for example_subdag_operator.section-2 to None, run_after=None
[2024-09-12T15:29:49.148+0000] {logging_mixin.py:190} INFO - [2024-09-12T15:29:49.148+0000] {dag.py:3229} INFO - Sync 2 DAGs
[2024-09-12T15:29:49.151+0000] {logging_mixin.py:190} INFO - [2024-09-12T15:29:49.151+0000] {dag.py:4156} INFO - Setting next_dagrun for example_subdag_operator.section-1 to None, run_after=None
[2024-09-12T15:29:49.152+0000] {logging_mixin.py:190} INFO - [2024-09-12T15:29:49.152+0000] {dag.py:4156} INFO - Setting next_dagrun for example_subdag_operator.section-2 to None, run_after=None
[2024-09-12T15:29:49.158+0000] {processor.py:208} INFO - Processing /home/airflow/.local/lib/python3.12/site-packages/airflow/example_dags/example_subdag_operator.py took 0.072 seconds
[2024-09-12T15:30:20.177+0000] {processor.py:186} INFO - Started process (PID=1305) to work on /home/airflow/.local/lib/python3.12/site-packages/airflow/example_dags/example_subdag_operator.py
[2024-09-12T15:30:20.179+0000] {processor.py:914} INFO - Processing file /home/airflow/.local/lib/python3.12/site-packages/airflow/example_dags/example_subdag_operator.py for tasks to queue
[2024-09-12T15:30:20.181+0000] {logging_mixin.py:190} INFO - [2024-09-12T15:30:20.181+0000] {dagbag.py:587} INFO - Filling up the DagBag from /home/airflow/.local/lib/python3.12/site-packages/airflow/example_dags/example_subdag_operator.py
[2024-09-12T15:30:20.206+0000] {processor.py:925} INFO - DAG(s) 'example_subdag_operator.section-1', 'example_subdag_operator.section-2', 'example_subdag_operator' retrieved from /home/airflow/.local/lib/python3.12/site-packages/airflow/example_dags/example_subdag_operator.py
[2024-09-12T15:30:20.217+0000] {logging_mixin.py:190} INFO - [2024-09-12T15:30:20.217+0000] {dag.py:3229} INFO - Sync 3 DAGs
[2024-09-12T15:30:20.232+0000] {logging_mixin.py:190} INFO - [2024-09-12T15:30:20.232+0000] {dag.py:4156} INFO - Setting next_dagrun for example_subdag_operator to 2022-01-01 00:00:00+00:00, run_after=2022-01-01 00:00:00+00:00
[2024-09-12T15:30:20.235+0000] {logging_mixin.py:190} INFO - [2024-09-12T15:30:20.235+0000] {dag.py:4156} INFO - Setting next_dagrun for example_subdag_operator.section-1 to None, run_after=None
[2024-09-12T15:30:20.236+0000] {logging_mixin.py:190} INFO - [2024-09-12T15:30:20.236+0000] {dag.py:4156} INFO - Setting next_dagrun for example_subdag_operator.section-2 to None, run_after=None
[2024-09-12T15:30:20.241+0000] {logging_mixin.py:190} INFO - [2024-09-12T15:30:20.241+0000] {dag.py:3229} INFO - Sync 2 DAGs
[2024-09-12T15:30:20.244+0000] {logging_mixin.py:190} INFO - [2024-09-12T15:30:20.244+0000] {dag.py:4156} INFO - Setting next_dagrun for example_subdag_operator.section-1 to None, run_after=None
[2024-09-12T15:30:20.245+0000] {logging_mixin.py:190} INFO - [2024-09-12T15:30:20.245+0000] {dag.py:4156} INFO - Setting next_dagrun for example_subdag_operator.section-2 to None, run_after=None
[2024-09-12T15:30:20.251+0000] {processor.py:208} INFO - Processing /home/airflow/.local/lib/python3.12/site-packages/airflow/example_dags/example_subdag_operator.py took 0.079 seconds
[2024-09-12T15:30:51.461+0000] {processor.py:186} INFO - Started process (PID=1367) to work on /home/airflow/.local/lib/python3.12/site-packages/airflow/example_dags/example_subdag_operator.py
[2024-09-12T15:30:51.462+0000] {processor.py:914} INFO - Processing file /home/airflow/.local/lib/python3.12/site-packages/airflow/example_dags/example_subdag_operator.py for tasks to queue
[2024-09-12T15:30:51.465+0000] {logging_mixin.py:190} INFO - [2024-09-12T15:30:51.464+0000] {dagbag.py:587} INFO - Filling up the DagBag from /home/airflow/.local/lib/python3.12/site-packages/airflow/example_dags/example_subdag_operator.py
[2024-09-12T15:30:51.486+0000] {processor.py:925} INFO - DAG(s) 'example_subdag_operator.section-1', 'example_subdag_operator.section-2', 'example_subdag_operator' retrieved from /home/airflow/.local/lib/python3.12/site-packages/airflow/example_dags/example_subdag_operator.py
[2024-09-12T15:30:51.496+0000] {logging_mixin.py:190} INFO - [2024-09-12T15:30:51.496+0000] {dag.py:3229} INFO - Sync 3 DAGs
[2024-09-12T15:30:51.509+0000] {logging_mixin.py:190} INFO - [2024-09-12T15:30:51.509+0000] {dag.py:4156} INFO - Setting next_dagrun for example_subdag_operator to 2022-01-01 00:00:00+00:00, run_after=2022-01-01 00:00:00+00:00
[2024-09-12T15:30:51.512+0000] {logging_mixin.py:190} INFO - [2024-09-12T15:30:51.512+0000] {dag.py:4156} INFO - Setting next_dagrun for example_subdag_operator.section-1 to None, run_after=None
[2024-09-12T15:30:51.514+0000] {logging_mixin.py:190} INFO - [2024-09-12T15:30:51.514+0000] {dag.py:4156} INFO - Setting next_dagrun for example_subdag_operator.section-2 to None, run_after=None
[2024-09-12T15:30:51.518+0000] {logging_mixin.py:190} INFO - [2024-09-12T15:30:51.518+0000] {dag.py:3229} INFO - Sync 2 DAGs
[2024-09-12T15:30:51.522+0000] {logging_mixin.py:190} INFO - [2024-09-12T15:30:51.522+0000] {dag.py:4156} INFO - Setting next_dagrun for example_subdag_operator.section-1 to None, run_after=None
[2024-09-12T15:30:51.523+0000] {logging_mixin.py:190} INFO - [2024-09-12T15:30:51.523+0000] {dag.py:4156} INFO - Setting next_dagrun for example_subdag_operator.section-2 to None, run_after=None
[2024-09-12T15:30:51.530+0000] {processor.py:208} INFO - Processing /home/airflow/.local/lib/python3.12/site-packages/airflow/example_dags/example_subdag_operator.py took 0.074 seconds
[2024-09-12T15:31:21.769+0000] {processor.py:186} INFO - Started process (PID=1429) to work on /home/airflow/.local/lib/python3.12/site-packages/airflow/example_dags/example_subdag_operator.py
[2024-09-12T15:31:21.770+0000] {processor.py:914} INFO - Processing file /home/airflow/.local/lib/python3.12/site-packages/airflow/example_dags/example_subdag_operator.py for tasks to queue
[2024-09-12T15:31:21.773+0000] {logging_mixin.py:190} INFO - [2024-09-12T15:31:21.773+0000] {dagbag.py:587} INFO - Filling up the DagBag from /home/airflow/.local/lib/python3.12/site-packages/airflow/example_dags/example_subdag_operator.py
[2024-09-12T15:31:21.798+0000] {processor.py:925} INFO - DAG(s) 'example_subdag_operator.section-1', 'example_subdag_operator.section-2', 'example_subdag_operator' retrieved from /home/airflow/.local/lib/python3.12/site-packages/airflow/example_dags/example_subdag_operator.py
[2024-09-12T15:31:21.808+0000] {logging_mixin.py:190} INFO - [2024-09-12T15:31:21.808+0000] {dag.py:3229} INFO - Sync 3 DAGs
[2024-09-12T15:31:21.823+0000] {logging_mixin.py:190} INFO - [2024-09-12T15:31:21.823+0000] {dag.py:4156} INFO - Setting next_dagrun for example_subdag_operator to 2022-01-01 00:00:00+00:00, run_after=2022-01-01 00:00:00+00:00
[2024-09-12T15:31:21.826+0000] {logging_mixin.py:190} INFO - [2024-09-12T15:31:21.826+0000] {dag.py:4156} INFO - Setting next_dagrun for example_subdag_operator.section-1 to None, run_after=None
[2024-09-12T15:31:21.829+0000] {logging_mixin.py:190} INFO - [2024-09-12T15:31:21.829+0000] {dag.py:4156} INFO - Setting next_dagrun for example_subdag_operator.section-2 to None, run_after=None
[2024-09-12T15:31:21.834+0000] {logging_mixin.py:190} INFO - [2024-09-12T15:31:21.833+0000] {dag.py:3229} INFO - Sync 2 DAGs
[2024-09-12T15:31:21.837+0000] {logging_mixin.py:190} INFO - [2024-09-12T15:31:21.837+0000] {dag.py:4156} INFO - Setting next_dagrun for example_subdag_operator.section-1 to None, run_after=None
[2024-09-12T15:31:21.838+0000] {logging_mixin.py:190} INFO - [2024-09-12T15:31:21.838+0000] {dag.py:4156} INFO - Setting next_dagrun for example_subdag_operator.section-2 to None, run_after=None
[2024-09-12T15:31:21.845+0000] {processor.py:208} INFO - Processing /home/airflow/.local/lib/python3.12/site-packages/airflow/example_dags/example_subdag_operator.py took 0.080 seconds
[2024-09-12T15:31:52.181+0000] {processor.py:186} INFO - Started process (PID=1491) to work on /home/airflow/.local/lib/python3.12/site-packages/airflow/example_dags/example_subdag_operator.py
[2024-09-12T15:31:52.182+0000] {processor.py:914} INFO - Processing file /home/airflow/.local/lib/python3.12/site-packages/airflow/example_dags/example_subdag_operator.py for tasks to queue
[2024-09-12T15:31:52.185+0000] {logging_mixin.py:190} INFO - [2024-09-12T15:31:52.185+0000] {dagbag.py:587} INFO - Filling up the DagBag from /home/airflow/.local/lib/python3.12/site-packages/airflow/example_dags/example_subdag_operator.py
[2024-09-12T15:31:52.207+0000] {processor.py:925} INFO - DAG(s) 'example_subdag_operator.section-1', 'example_subdag_operator.section-2', 'example_subdag_operator' retrieved from /home/airflow/.local/lib/python3.12/site-packages/airflow/example_dags/example_subdag_operator.py
[2024-09-12T15:31:52.217+0000] {logging_mixin.py:190} INFO - [2024-09-12T15:31:52.217+0000] {dag.py:3229} INFO - Sync 3 DAGs
[2024-09-12T15:31:52.231+0000] {logging_mixin.py:190} INFO - [2024-09-12T15:31:52.231+0000] {dag.py:4156} INFO - Setting next_dagrun for example_subdag_operator to 2022-01-01 00:00:00+00:00, run_after=2022-01-01 00:00:00+00:00
[2024-09-12T15:31:52.234+0000] {logging_mixin.py:190} INFO - [2024-09-12T15:31:52.233+0000] {dag.py:4156} INFO - Setting next_dagrun for example_subdag_operator.section-1 to None, run_after=None
[2024-09-12T15:31:52.235+0000] {logging_mixin.py:190} INFO - [2024-09-12T15:31:52.235+0000] {dag.py:4156} INFO - Setting next_dagrun for example_subdag_operator.section-2 to None, run_after=None
[2024-09-12T15:31:52.239+0000] {logging_mixin.py:190} INFO - [2024-09-12T15:31:52.239+0000] {dag.py:3229} INFO - Sync 2 DAGs
[2024-09-12T15:31:52.244+0000] {logging_mixin.py:190} INFO - [2024-09-12T15:31:52.243+0000] {dag.py:4156} INFO - Setting next_dagrun for example_subdag_operator.section-1 to None, run_after=None
[2024-09-12T15:31:52.244+0000] {logging_mixin.py:190} INFO - [2024-09-12T15:31:52.244+0000] {dag.py:4156} INFO - Setting next_dagrun for example_subdag_operator.section-2 to None, run_after=None
[2024-09-12T15:31:52.250+0000] {processor.py:208} INFO - Processing /home/airflow/.local/lib/python3.12/site-packages/airflow/example_dags/example_subdag_operator.py took 0.074 seconds
[2024-09-12T15:32:22.406+0000] {processor.py:186} INFO - Started process (PID=1552) to work on /home/airflow/.local/lib/python3.12/site-packages/airflow/example_dags/example_subdag_operator.py
[2024-09-12T15:32:22.407+0000] {processor.py:914} INFO - Processing file /home/airflow/.local/lib/python3.12/site-packages/airflow/example_dags/example_subdag_operator.py for tasks to queue
[2024-09-12T15:32:22.410+0000] {logging_mixin.py:190} INFO - [2024-09-12T15:32:22.409+0000] {dagbag.py:587} INFO - Filling up the DagBag from /home/airflow/.local/lib/python3.12/site-packages/airflow/example_dags/example_subdag_operator.py
[2024-09-12T15:32:22.430+0000] {processor.py:925} INFO - DAG(s) 'example_subdag_operator.section-1', 'example_subdag_operator.section-2', 'example_subdag_operator' retrieved from /home/airflow/.local/lib/python3.12/site-packages/airflow/example_dags/example_subdag_operator.py
[2024-09-12T15:32:22.440+0000] {logging_mixin.py:190} INFO - [2024-09-12T15:32:22.440+0000] {dag.py:3229} INFO - Sync 3 DAGs
[2024-09-12T15:32:22.455+0000] {logging_mixin.py:190} INFO - [2024-09-12T15:32:22.455+0000] {dag.py:4156} INFO - Setting next_dagrun for example_subdag_operator to 2022-01-01 00:00:00+00:00, run_after=2022-01-01 00:00:00+00:00
[2024-09-12T15:32:22.458+0000] {logging_mixin.py:190} INFO - [2024-09-12T15:32:22.458+0000] {dag.py:4156} INFO - Setting next_dagrun for example_subdag_operator.section-1 to None, run_after=None
[2024-09-12T15:32:22.460+0000] {logging_mixin.py:190} INFO - [2024-09-12T15:32:22.460+0000] {dag.py:4156} INFO - Setting next_dagrun for example_subdag_operator.section-2 to None, run_after=None
[2024-09-12T15:32:22.468+0000] {logging_mixin.py:190} INFO - [2024-09-12T15:32:22.468+0000] {dag.py:3229} INFO - Sync 2 DAGs
[2024-09-12T15:32:22.471+0000] {logging_mixin.py:190} INFO - [2024-09-12T15:32:22.471+0000] {dag.py:4156} INFO - Setting next_dagrun for example_subdag_operator.section-1 to None, run_after=None
[2024-09-12T15:32:22.472+0000] {logging_mixin.py:190} INFO - [2024-09-12T15:32:22.472+0000] {dag.py:4156} INFO - Setting next_dagrun for example_subdag_operator.section-2 to None, run_after=None
[2024-09-12T15:32:22.478+0000] {processor.py:208} INFO - Processing /home/airflow/.local/lib/python3.12/site-packages/airflow/example_dags/example_subdag_operator.py took 0.077 seconds
[2024-09-12T15:32:52.573+0000] {processor.py:186} INFO - Started process (PID=1613) to work on /home/airflow/.local/lib/python3.12/site-packages/airflow/example_dags/example_subdag_operator.py
[2024-09-12T15:32:52.574+0000] {processor.py:914} INFO - Processing file /home/airflow/.local/lib/python3.12/site-packages/airflow/example_dags/example_subdag_operator.py for tasks to queue
[2024-09-12T15:32:52.576+0000] {logging_mixin.py:190} INFO - [2024-09-12T15:32:52.576+0000] {dagbag.py:587} INFO - Filling up the DagBag from /home/airflow/.local/lib/python3.12/site-packages/airflow/example_dags/example_subdag_operator.py
[2024-09-12T15:32:52.599+0000] {processor.py:925} INFO - DAG(s) 'example_subdag_operator.section-1', 'example_subdag_operator.section-2', 'example_subdag_operator' retrieved from /home/airflow/.local/lib/python3.12/site-packages/airflow/example_dags/example_subdag_operator.py
[2024-09-12T15:32:52.610+0000] {logging_mixin.py:190} INFO - [2024-09-12T15:32:52.610+0000] {dag.py:3229} INFO - Sync 3 DAGs
[2024-09-12T15:32:52.627+0000] {logging_mixin.py:190} INFO - [2024-09-12T15:32:52.627+0000] {dag.py:4156} INFO - Setting next_dagrun for example_subdag_operator to 2022-01-01 00:00:00+00:00, run_after=2022-01-01 00:00:00+00:00
[2024-09-12T15:32:52.631+0000] {logging_mixin.py:190} INFO - [2024-09-12T15:32:52.631+0000] {dag.py:4156} INFO - Setting next_dagrun for example_subdag_operator.section-1 to None, run_after=None
[2024-09-12T15:32:52.632+0000] {logging_mixin.py:190} INFO - [2024-09-12T15:32:52.632+0000] {dag.py:4156} INFO - Setting next_dagrun for example_subdag_operator.section-2 to None, run_after=None
[2024-09-12T15:32:52.637+0000] {logging_mixin.py:190} INFO - [2024-09-12T15:32:52.637+0000] {dag.py:3229} INFO - Sync 2 DAGs
[2024-09-12T15:32:52.641+0000] {logging_mixin.py:190} INFO - [2024-09-12T15:32:52.641+0000] {dag.py:4156} INFO - Setting next_dagrun for example_subdag_operator.section-1 to None, run_after=None
[2024-09-12T15:32:52.642+0000] {logging_mixin.py:190} INFO - [2024-09-12T15:32:52.642+0000] {dag.py:4156} INFO - Setting next_dagrun for example_subdag_operator.section-2 to None, run_after=None
[2024-09-12T15:32:52.649+0000] {processor.py:208} INFO - Processing /home/airflow/.local/lib/python3.12/site-packages/airflow/example_dags/example_subdag_operator.py took 0.081 seconds
[2024-09-12T15:33:22.891+0000] {processor.py:186} INFO - Started process (PID=1675) to work on /home/airflow/.local/lib/python3.12/site-packages/airflow/example_dags/example_subdag_operator.py
[2024-09-12T15:33:22.893+0000] {processor.py:914} INFO - Processing file /home/airflow/.local/lib/python3.12/site-packages/airflow/example_dags/example_subdag_operator.py for tasks to queue
[2024-09-12T15:33:22.895+0000] {logging_mixin.py:190} INFO - [2024-09-12T15:33:22.895+0000] {dagbag.py:587} INFO - Filling up the DagBag from /home/airflow/.local/lib/python3.12/site-packages/airflow/example_dags/example_subdag_operator.py
[2024-09-12T15:33:22.915+0000] {processor.py:925} INFO - DAG(s) 'example_subdag_operator.section-1', 'example_subdag_operator.section-2', 'example_subdag_operator' retrieved from /home/airflow/.local/lib/python3.12/site-packages/airflow/example_dags/example_subdag_operator.py
[2024-09-12T15:33:22.925+0000] {logging_mixin.py:190} INFO - [2024-09-12T15:33:22.925+0000] {dag.py:3229} INFO - Sync 3 DAGs
[2024-09-12T15:33:22.939+0000] {logging_mixin.py:190} INFO - [2024-09-12T15:33:22.939+0000] {dag.py:4156} INFO - Setting next_dagrun for example_subdag_operator to 2022-01-01 00:00:00+00:00, run_after=2022-01-01 00:00:00+00:00
[2024-09-12T15:33:22.942+0000] {logging_mixin.py:190} INFO - [2024-09-12T15:33:22.942+0000] {dag.py:4156} INFO - Setting next_dagrun for example_subdag_operator.section-1 to None, run_after=None
[2024-09-12T15:33:22.943+0000] {logging_mixin.py:190} INFO - [2024-09-12T15:33:22.943+0000] {dag.py:4156} INFO - Setting next_dagrun for example_subdag_operator.section-2 to None, run_after=None
[2024-09-12T15:33:22.947+0000] {logging_mixin.py:190} INFO - [2024-09-12T15:33:22.947+0000] {dag.py:3229} INFO - Sync 2 DAGs
[2024-09-12T15:33:22.951+0000] {logging_mixin.py:190} INFO - [2024-09-12T15:33:22.950+0000] {dag.py:4156} INFO - Setting next_dagrun for example_subdag_operator.section-1 to None, run_after=None
[2024-09-12T15:33:22.951+0000] {logging_mixin.py:190} INFO - [2024-09-12T15:33:22.951+0000] {dag.py:4156} INFO - Setting next_dagrun for example_subdag_operator.section-2 to None, run_after=None
[2024-09-12T15:33:22.957+0000] {processor.py:208} INFO - Processing /home/airflow/.local/lib/python3.12/site-packages/airflow/example_dags/example_subdag_operator.py took 0.070 seconds
[2024-09-12T15:33:53.271+0000] {processor.py:186} INFO - Started process (PID=1737) to work on /home/airflow/.local/lib/python3.12/site-packages/airflow/example_dags/example_subdag_operator.py
[2024-09-12T15:33:53.272+0000] {processor.py:914} INFO - Processing file /home/airflow/.local/lib/python3.12/site-packages/airflow/example_dags/example_subdag_operator.py for tasks to queue
[2024-09-12T15:33:53.274+0000] {logging_mixin.py:190} INFO - [2024-09-12T15:33:53.274+0000] {dagbag.py:587} INFO - Filling up the DagBag from /home/airflow/.local/lib/python3.12/site-packages/airflow/example_dags/example_subdag_operator.py
[2024-09-12T15:33:53.295+0000] {processor.py:925} INFO - DAG(s) 'example_subdag_operator.section-1', 'example_subdag_operator.section-2', 'example_subdag_operator' retrieved from /home/airflow/.local/lib/python3.12/site-packages/airflow/example_dags/example_subdag_operator.py
[2024-09-12T15:33:53.305+0000] {logging_mixin.py:190} INFO - [2024-09-12T15:33:53.305+0000] {dag.py:3229} INFO - Sync 3 DAGs
[2024-09-12T15:33:53.319+0000] {logging_mixin.py:190} INFO - [2024-09-12T15:33:53.319+0000] {dag.py:4156} INFO - Setting next_dagrun for example_subdag_operator to 2022-01-01 00:00:00+00:00, run_after=2022-01-01 00:00:00+00:00
[2024-09-12T15:33:53.322+0000] {logging_mixin.py:190} INFO - [2024-09-12T15:33:53.322+0000] {dag.py:4156} INFO - Setting next_dagrun for example_subdag_operator.section-1 to None, run_after=None
[2024-09-12T15:33:53.323+0000] {logging_mixin.py:190} INFO - [2024-09-12T15:33:53.323+0000] {dag.py:4156} INFO - Setting next_dagrun for example_subdag_operator.section-2 to None, run_after=None
[2024-09-12T15:33:53.328+0000] {logging_mixin.py:190} INFO - [2024-09-12T15:33:53.328+0000] {dag.py:3229} INFO - Sync 2 DAGs
[2024-09-12T15:33:53.332+0000] {logging_mixin.py:190} INFO - [2024-09-12T15:33:53.332+0000] {dag.py:4156} INFO - Setting next_dagrun for example_subdag_operator.section-1 to None, run_after=None
[2024-09-12T15:33:53.332+0000] {logging_mixin.py:190} INFO - [2024-09-12T15:33:53.332+0000] {dag.py:4156} INFO - Setting next_dagrun for example_subdag_operator.section-2 to None, run_after=None
[2024-09-12T15:33:53.340+0000] {processor.py:208} INFO - Processing /home/airflow/.local/lib/python3.12/site-packages/airflow/example_dags/example_subdag_operator.py took 0.074 seconds
