[2024-09-12T15:20:10.693+0000] {processor.py:186} INFO - Started process (PID=75) to work on /home/airflow/.local/lib/python3.12/site-packages/airflow/example_dags/example_short_circuit_operator.py
[2024-09-12T15:20:10.694+0000] {processor.py:914} INFO - Processing file /home/airflow/.local/lib/python3.12/site-packages/airflow/example_dags/example_short_circuit_operator.py for tasks to queue
[2024-09-12T15:20:10.697+0000] {logging_mixin.py:190} INFO - [2024-09-12T15:20:10.697+0000] {dagbag.py:587} INFO - Filling up the DagBag from /home/airflow/.local/lib/python3.12/site-packages/airflow/example_dags/example_short_circuit_operator.py
[2024-09-12T15:20:10.706+0000] {processor.py:925} INFO - DAG(s) 'example_short_circuit_operator' retrieved from /home/airflow/.local/lib/python3.12/site-packages/airflow/example_dags/example_short_circuit_operator.py
[2024-09-12T15:20:10.779+0000] {logging_mixin.py:190} INFO - [2024-09-12T15:20:10.778+0000] {override.py:1900} INFO - Created Permission View: can read on DAG:example_short_circuit_operator
[2024-09-12T15:20:10.785+0000] {logging_mixin.py:190} INFO - [2024-09-12T15:20:10.784+0000] {override.py:1900} INFO - Created Permission View: can delete on DAG:example_short_circuit_operator
[2024-09-12T15:20:10.789+0000] {logging_mixin.py:190} INFO - [2024-09-12T15:20:10.788+0000] {override.py:1900} INFO - Created Permission View: can edit on DAG:example_short_circuit_operator
[2024-09-12T15:20:10.792+0000] {logging_mixin.py:190} INFO - [2024-09-12T15:20:10.792+0000] {override.py:1900} INFO - Created Permission View: can read on DAG Run:example_short_circuit_operator
[2024-09-12T15:20:10.795+0000] {logging_mixin.py:190} INFO - [2024-09-12T15:20:10.795+0000] {override.py:1900} INFO - Created Permission View: can create on DAG Run:example_short_circuit_operator
[2024-09-12T15:20:10.799+0000] {logging_mixin.py:190} INFO - [2024-09-12T15:20:10.799+0000] {override.py:1900} INFO - Created Permission View: menu access on DAG Run:example_short_circuit_operator
[2024-09-12T15:20:10.809+0000] {logging_mixin.py:190} INFO - [2024-09-12T15:20:10.808+0000] {override.py:1900} INFO - Created Permission View: can delete on DAG Run:example_short_circuit_operator
[2024-09-12T15:20:10.810+0000] {logging_mixin.py:190} INFO - [2024-09-12T15:20:10.809+0000] {dag.py:3229} INFO - Sync 1 DAGs
[2024-09-12T15:20:10.820+0000] {logging_mixin.py:190} INFO - [2024-09-12T15:20:10.820+0000] {dag.py:3252} INFO - Creating ORM DAG for example_short_circuit_operator
[2024-09-12T15:20:10.821+0000] {logging_mixin.py:190} INFO - [2024-09-12T15:20:10.821+0000] {dag.py:4156} INFO - Setting next_dagrun for example_short_circuit_operator to None, run_after=None
[2024-09-12T15:20:10.836+0000] {processor.py:208} INFO - Processing /home/airflow/.local/lib/python3.12/site-packages/airflow/example_dags/example_short_circuit_operator.py took 0.148 seconds
[2024-09-12T15:20:41.455+0000] {processor.py:186} INFO - Started process (PID=138) to work on /home/airflow/.local/lib/python3.12/site-packages/airflow/example_dags/example_short_circuit_operator.py
[2024-09-12T15:20:41.457+0000] {processor.py:914} INFO - Processing file /home/airflow/.local/lib/python3.12/site-packages/airflow/example_dags/example_short_circuit_operator.py for tasks to queue
[2024-09-12T15:20:41.460+0000] {logging_mixin.py:190} INFO - [2024-09-12T15:20:41.459+0000] {dagbag.py:587} INFO - Filling up the DagBag from /home/airflow/.local/lib/python3.12/site-packages/airflow/example_dags/example_short_circuit_operator.py
[2024-09-12T15:20:41.467+0000] {processor.py:925} INFO - DAG(s) 'example_short_circuit_operator' retrieved from /home/airflow/.local/lib/python3.12/site-packages/airflow/example_dags/example_short_circuit_operator.py
[2024-09-12T15:20:41.485+0000] {logging_mixin.py:190} INFO - [2024-09-12T15:20:41.485+0000] {dag.py:3229} INFO - Sync 1 DAGs
[2024-09-12T15:20:41.495+0000] {logging_mixin.py:190} INFO - [2024-09-12T15:20:41.495+0000] {dag.py:4156} INFO - Setting next_dagrun for example_short_circuit_operator to None, run_after=None
[2024-09-12T15:20:41.507+0000] {processor.py:208} INFO - Processing /home/airflow/.local/lib/python3.12/site-packages/airflow/example_dags/example_short_circuit_operator.py took 0.056 seconds
[2024-09-12T15:21:12.165+0000] {processor.py:186} INFO - Started process (PID=201) to work on /home/airflow/.local/lib/python3.12/site-packages/airflow/example_dags/example_short_circuit_operator.py
[2024-09-12T15:21:12.167+0000] {processor.py:914} INFO - Processing file /home/airflow/.local/lib/python3.12/site-packages/airflow/example_dags/example_short_circuit_operator.py for tasks to queue
[2024-09-12T15:21:12.170+0000] {logging_mixin.py:190} INFO - [2024-09-12T15:21:12.170+0000] {dagbag.py:587} INFO - Filling up the DagBag from /home/airflow/.local/lib/python3.12/site-packages/airflow/example_dags/example_short_circuit_operator.py
[2024-09-12T15:21:12.179+0000] {processor.py:925} INFO - DAG(s) 'example_short_circuit_operator' retrieved from /home/airflow/.local/lib/python3.12/site-packages/airflow/example_dags/example_short_circuit_operator.py
[2024-09-12T15:21:12.208+0000] {logging_mixin.py:190} INFO - [2024-09-12T15:21:12.208+0000] {dag.py:3229} INFO - Sync 1 DAGs
[2024-09-12T15:21:12.221+0000] {logging_mixin.py:190} INFO - [2024-09-12T15:21:12.221+0000] {dag.py:4156} INFO - Setting next_dagrun for example_short_circuit_operator to None, run_after=None
[2024-09-12T15:21:12.238+0000] {processor.py:208} INFO - Processing /home/airflow/.local/lib/python3.12/site-packages/airflow/example_dags/example_short_circuit_operator.py took 0.080 seconds
[2024-09-12T15:21:42.995+0000] {processor.py:186} INFO - Started process (PID=263) to work on /home/airflow/.local/lib/python3.12/site-packages/airflow/example_dags/example_short_circuit_operator.py
[2024-09-12T15:21:42.997+0000] {processor.py:914} INFO - Processing file /home/airflow/.local/lib/python3.12/site-packages/airflow/example_dags/example_short_circuit_operator.py for tasks to queue
[2024-09-12T15:21:43.000+0000] {logging_mixin.py:190} INFO - [2024-09-12T15:21:43.000+0000] {dagbag.py:587} INFO - Filling up the DagBag from /home/airflow/.local/lib/python3.12/site-packages/airflow/example_dags/example_short_circuit_operator.py
[2024-09-12T15:21:43.008+0000] {processor.py:925} INFO - DAG(s) 'example_short_circuit_operator' retrieved from /home/airflow/.local/lib/python3.12/site-packages/airflow/example_dags/example_short_circuit_operator.py
[2024-09-12T15:21:43.033+0000] {logging_mixin.py:190} INFO - [2024-09-12T15:21:43.033+0000] {dag.py:3229} INFO - Sync 1 DAGs
[2024-09-12T15:21:43.048+0000] {logging_mixin.py:190} INFO - [2024-09-12T15:21:43.047+0000] {dag.py:4156} INFO - Setting next_dagrun for example_short_circuit_operator to None, run_after=None
[2024-09-12T15:21:43.064+0000] {processor.py:208} INFO - Processing /home/airflow/.local/lib/python3.12/site-packages/airflow/example_dags/example_short_circuit_operator.py took 0.076 seconds
[2024-09-12T15:22:13.992+0000] {processor.py:186} INFO - Started process (PID=325) to work on /home/airflow/.local/lib/python3.12/site-packages/airflow/example_dags/example_short_circuit_operator.py
[2024-09-12T15:22:13.994+0000] {processor.py:914} INFO - Processing file /home/airflow/.local/lib/python3.12/site-packages/airflow/example_dags/example_short_circuit_operator.py for tasks to queue
[2024-09-12T15:22:13.996+0000] {logging_mixin.py:190} INFO - [2024-09-12T15:22:13.996+0000] {dagbag.py:587} INFO - Filling up the DagBag from /home/airflow/.local/lib/python3.12/site-packages/airflow/example_dags/example_short_circuit_operator.py
[2024-09-12T15:22:14.004+0000] {processor.py:925} INFO - DAG(s) 'example_short_circuit_operator' retrieved from /home/airflow/.local/lib/python3.12/site-packages/airflow/example_dags/example_short_circuit_operator.py
[2024-09-12T15:22:14.050+0000] {logging_mixin.py:190} INFO - [2024-09-12T15:22:14.049+0000] {dag.py:3229} INFO - Sync 1 DAGs
[2024-09-12T15:22:14.093+0000] {logging_mixin.py:190} INFO - [2024-09-12T15:22:14.092+0000] {dag.py:4156} INFO - Setting next_dagrun for example_short_circuit_operator to None, run_after=None
[2024-09-12T15:22:14.109+0000] {processor.py:208} INFO - Processing /home/airflow/.local/lib/python3.12/site-packages/airflow/example_dags/example_short_circuit_operator.py took 0.121 seconds
[2024-09-12T15:22:44.264+0000] {processor.py:186} INFO - Started process (PID=387) to work on /home/airflow/.local/lib/python3.12/site-packages/airflow/example_dags/example_short_circuit_operator.py
[2024-09-12T15:22:44.267+0000] {processor.py:914} INFO - Processing file /home/airflow/.local/lib/python3.12/site-packages/airflow/example_dags/example_short_circuit_operator.py for tasks to queue
[2024-09-12T15:22:44.270+0000] {logging_mixin.py:190} INFO - [2024-09-12T15:22:44.270+0000] {dagbag.py:587} INFO - Filling up the DagBag from /home/airflow/.local/lib/python3.12/site-packages/airflow/example_dags/example_short_circuit_operator.py
[2024-09-12T15:22:44.277+0000] {processor.py:925} INFO - DAG(s) 'example_short_circuit_operator' retrieved from /home/airflow/.local/lib/python3.12/site-packages/airflow/example_dags/example_short_circuit_operator.py
[2024-09-12T15:22:44.296+0000] {logging_mixin.py:190} INFO - [2024-09-12T15:22:44.295+0000] {dag.py:3229} INFO - Sync 1 DAGs
[2024-09-12T15:22:44.309+0000] {logging_mixin.py:190} INFO - [2024-09-12T15:22:44.309+0000] {dag.py:4156} INFO - Setting next_dagrun for example_short_circuit_operator to None, run_after=None
[2024-09-12T15:22:44.323+0000] {processor.py:208} INFO - Processing /home/airflow/.local/lib/python3.12/site-packages/airflow/example_dags/example_short_circuit_operator.py took 0.065 seconds
[2024-09-12T15:23:14.436+0000] {processor.py:186} INFO - Started process (PID=451) to work on /home/airflow/.local/lib/python3.12/site-packages/airflow/example_dags/example_short_circuit_operator.py
[2024-09-12T15:23:14.437+0000] {processor.py:914} INFO - Processing file /home/airflow/.local/lib/python3.12/site-packages/airflow/example_dags/example_short_circuit_operator.py for tasks to queue
[2024-09-12T15:23:14.440+0000] {logging_mixin.py:190} INFO - [2024-09-12T15:23:14.439+0000] {dagbag.py:587} INFO - Filling up the DagBag from /home/airflow/.local/lib/python3.12/site-packages/airflow/example_dags/example_short_circuit_operator.py
[2024-09-12T15:23:14.447+0000] {processor.py:925} INFO - DAG(s) 'example_short_circuit_operator' retrieved from /home/airflow/.local/lib/python3.12/site-packages/airflow/example_dags/example_short_circuit_operator.py
[2024-09-12T15:23:14.471+0000] {logging_mixin.py:190} INFO - [2024-09-12T15:23:14.471+0000] {dag.py:3229} INFO - Sync 1 DAGs
[2024-09-12T15:23:14.486+0000] {logging_mixin.py:190} INFO - [2024-09-12T15:23:14.485+0000] {dag.py:4156} INFO - Setting next_dagrun for example_short_circuit_operator to None, run_after=None
[2024-09-12T15:23:14.500+0000] {processor.py:208} INFO - Processing /home/airflow/.local/lib/python3.12/site-packages/airflow/example_dags/example_short_circuit_operator.py took 0.071 seconds
[2024-09-12T15:23:44.802+0000] {processor.py:186} INFO - Started process (PID=516) to work on /home/airflow/.local/lib/python3.12/site-packages/airflow/example_dags/example_short_circuit_operator.py
[2024-09-12T15:23:44.803+0000] {processor.py:914} INFO - Processing file /home/airflow/.local/lib/python3.12/site-packages/airflow/example_dags/example_short_circuit_operator.py for tasks to queue
[2024-09-12T15:23:44.806+0000] {logging_mixin.py:190} INFO - [2024-09-12T15:23:44.806+0000] {dagbag.py:587} INFO - Filling up the DagBag from /home/airflow/.local/lib/python3.12/site-packages/airflow/example_dags/example_short_circuit_operator.py
[2024-09-12T15:23:44.813+0000] {processor.py:925} INFO - DAG(s) 'example_short_circuit_operator' retrieved from /home/airflow/.local/lib/python3.12/site-packages/airflow/example_dags/example_short_circuit_operator.py
[2024-09-12T15:23:44.833+0000] {logging_mixin.py:190} INFO - [2024-09-12T15:23:44.833+0000] {dag.py:3229} INFO - Sync 1 DAGs
[2024-09-12T15:23:44.843+0000] {logging_mixin.py:190} INFO - [2024-09-12T15:23:44.842+0000] {dag.py:4156} INFO - Setting next_dagrun for example_short_circuit_operator to None, run_after=None
[2024-09-12T15:23:44.858+0000] {processor.py:208} INFO - Processing /home/airflow/.local/lib/python3.12/site-packages/airflow/example_dags/example_short_circuit_operator.py took 0.060 seconds
[2024-09-12T15:24:15.734+0000] {processor.py:186} INFO - Started process (PID=578) to work on /home/airflow/.local/lib/python3.12/site-packages/airflow/example_dags/example_short_circuit_operator.py
[2024-09-12T15:24:15.735+0000] {processor.py:914} INFO - Processing file /home/airflow/.local/lib/python3.12/site-packages/airflow/example_dags/example_short_circuit_operator.py for tasks to queue
[2024-09-12T15:24:15.738+0000] {logging_mixin.py:190} INFO - [2024-09-12T15:24:15.738+0000] {dagbag.py:587} INFO - Filling up the DagBag from /home/airflow/.local/lib/python3.12/site-packages/airflow/example_dags/example_short_circuit_operator.py
[2024-09-12T15:24:15.746+0000] {processor.py:925} INFO - DAG(s) 'example_short_circuit_operator' retrieved from /home/airflow/.local/lib/python3.12/site-packages/airflow/example_dags/example_short_circuit_operator.py
[2024-09-12T15:24:15.763+0000] {logging_mixin.py:190} INFO - [2024-09-12T15:24:15.763+0000] {dag.py:3229} INFO - Sync 1 DAGs
[2024-09-12T15:24:15.773+0000] {logging_mixin.py:190} INFO - [2024-09-12T15:24:15.773+0000] {dag.py:4156} INFO - Setting next_dagrun for example_short_circuit_operator to None, run_after=None
[2024-09-12T15:24:15.790+0000] {processor.py:208} INFO - Processing /home/airflow/.local/lib/python3.12/site-packages/airflow/example_dags/example_short_circuit_operator.py took 0.060 seconds
[2024-09-12T15:24:46.011+0000] {processor.py:186} INFO - Started process (PID=640) to work on /home/airflow/.local/lib/python3.12/site-packages/airflow/example_dags/example_short_circuit_operator.py
[2024-09-12T15:24:46.012+0000] {processor.py:914} INFO - Processing file /home/airflow/.local/lib/python3.12/site-packages/airflow/example_dags/example_short_circuit_operator.py for tasks to queue
[2024-09-12T15:24:46.015+0000] {logging_mixin.py:190} INFO - [2024-09-12T15:24:46.015+0000] {dagbag.py:587} INFO - Filling up the DagBag from /home/airflow/.local/lib/python3.12/site-packages/airflow/example_dags/example_short_circuit_operator.py
[2024-09-12T15:24:46.022+0000] {processor.py:925} INFO - DAG(s) 'example_short_circuit_operator' retrieved from /home/airflow/.local/lib/python3.12/site-packages/airflow/example_dags/example_short_circuit_operator.py
[2024-09-12T15:24:46.041+0000] {logging_mixin.py:190} INFO - [2024-09-12T15:24:46.040+0000] {dag.py:3229} INFO - Sync 1 DAGs
[2024-09-12T15:24:46.051+0000] {logging_mixin.py:190} INFO - [2024-09-12T15:24:46.051+0000] {dag.py:4156} INFO - Setting next_dagrun for example_short_circuit_operator to None, run_after=None
[2024-09-12T15:24:46.063+0000] {processor.py:208} INFO - Processing /home/airflow/.local/lib/python3.12/site-packages/airflow/example_dags/example_short_circuit_operator.py took 0.056 seconds
[2024-09-12T15:25:16.343+0000] {processor.py:186} INFO - Started process (PID=702) to work on /home/airflow/.local/lib/python3.12/site-packages/airflow/example_dags/example_short_circuit_operator.py
[2024-09-12T15:25:16.344+0000] {processor.py:914} INFO - Processing file /home/airflow/.local/lib/python3.12/site-packages/airflow/example_dags/example_short_circuit_operator.py for tasks to queue
[2024-09-12T15:25:16.346+0000] {logging_mixin.py:190} INFO - [2024-09-12T15:25:16.346+0000] {dagbag.py:587} INFO - Filling up the DagBag from /home/airflow/.local/lib/python3.12/site-packages/airflow/example_dags/example_short_circuit_operator.py
[2024-09-12T15:25:16.353+0000] {processor.py:925} INFO - DAG(s) 'example_short_circuit_operator' retrieved from /home/airflow/.local/lib/python3.12/site-packages/airflow/example_dags/example_short_circuit_operator.py
[2024-09-12T15:25:16.372+0000] {logging_mixin.py:190} INFO - [2024-09-12T15:25:16.372+0000] {dag.py:3229} INFO - Sync 1 DAGs
[2024-09-12T15:25:16.381+0000] {logging_mixin.py:190} INFO - [2024-09-12T15:25:16.381+0000] {dag.py:4156} INFO - Setting next_dagrun for example_short_circuit_operator to None, run_after=None
[2024-09-12T15:25:16.392+0000] {processor.py:208} INFO - Processing /home/airflow/.local/lib/python3.12/site-packages/airflow/example_dags/example_short_circuit_operator.py took 0.054 seconds
[2024-09-12T15:25:46.488+0000] {processor.py:186} INFO - Started process (PID=764) to work on /home/airflow/.local/lib/python3.12/site-packages/airflow/example_dags/example_short_circuit_operator.py
[2024-09-12T15:25:46.489+0000] {processor.py:914} INFO - Processing file /home/airflow/.local/lib/python3.12/site-packages/airflow/example_dags/example_short_circuit_operator.py for tasks to queue
[2024-09-12T15:25:46.491+0000] {logging_mixin.py:190} INFO - [2024-09-12T15:25:46.491+0000] {dagbag.py:587} INFO - Filling up the DagBag from /home/airflow/.local/lib/python3.12/site-packages/airflow/example_dags/example_short_circuit_operator.py
[2024-09-12T15:25:46.499+0000] {processor.py:925} INFO - DAG(s) 'example_short_circuit_operator' retrieved from /home/airflow/.local/lib/python3.12/site-packages/airflow/example_dags/example_short_circuit_operator.py
[2024-09-12T15:25:46.518+0000] {logging_mixin.py:190} INFO - [2024-09-12T15:25:46.518+0000] {dag.py:3229} INFO - Sync 1 DAGs
[2024-09-12T15:25:46.528+0000] {logging_mixin.py:190} INFO - [2024-09-12T15:25:46.528+0000] {dag.py:4156} INFO - Setting next_dagrun for example_short_circuit_operator to None, run_after=None
[2024-09-12T15:25:46.538+0000] {processor.py:208} INFO - Processing /home/airflow/.local/lib/python3.12/site-packages/airflow/example_dags/example_short_circuit_operator.py took 0.055 seconds
[2024-09-12T15:26:16.794+0000] {processor.py:186} INFO - Started process (PID=826) to work on /home/airflow/.local/lib/python3.12/site-packages/airflow/example_dags/example_short_circuit_operator.py
[2024-09-12T15:26:16.795+0000] {processor.py:914} INFO - Processing file /home/airflow/.local/lib/python3.12/site-packages/airflow/example_dags/example_short_circuit_operator.py for tasks to queue
[2024-09-12T15:26:16.798+0000] {logging_mixin.py:190} INFO - [2024-09-12T15:26:16.798+0000] {dagbag.py:587} INFO - Filling up the DagBag from /home/airflow/.local/lib/python3.12/site-packages/airflow/example_dags/example_short_circuit_operator.py
[2024-09-12T15:26:16.805+0000] {processor.py:925} INFO - DAG(s) 'example_short_circuit_operator' retrieved from /home/airflow/.local/lib/python3.12/site-packages/airflow/example_dags/example_short_circuit_operator.py
[2024-09-12T15:26:16.823+0000] {logging_mixin.py:190} INFO - [2024-09-12T15:26:16.823+0000] {dag.py:3229} INFO - Sync 1 DAGs
[2024-09-12T15:26:16.833+0000] {logging_mixin.py:190} INFO - [2024-09-12T15:26:16.833+0000] {dag.py:4156} INFO - Setting next_dagrun for example_short_circuit_operator to None, run_after=None
[2024-09-12T15:26:16.844+0000] {processor.py:208} INFO - Processing /home/airflow/.local/lib/python3.12/site-packages/airflow/example_dags/example_short_circuit_operator.py took 0.055 seconds
[2024-09-12T15:26:47.037+0000] {processor.py:186} INFO - Started process (PID=888) to work on /home/airflow/.local/lib/python3.12/site-packages/airflow/example_dags/example_short_circuit_operator.py
[2024-09-12T15:26:47.038+0000] {processor.py:914} INFO - Processing file /home/airflow/.local/lib/python3.12/site-packages/airflow/example_dags/example_short_circuit_operator.py for tasks to queue
[2024-09-12T15:26:47.040+0000] {logging_mixin.py:190} INFO - [2024-09-12T15:26:47.040+0000] {dagbag.py:587} INFO - Filling up the DagBag from /home/airflow/.local/lib/python3.12/site-packages/airflow/example_dags/example_short_circuit_operator.py
[2024-09-12T15:26:47.047+0000] {processor.py:925} INFO - DAG(s) 'example_short_circuit_operator' retrieved from /home/airflow/.local/lib/python3.12/site-packages/airflow/example_dags/example_short_circuit_operator.py
[2024-09-12T15:26:47.065+0000] {logging_mixin.py:190} INFO - [2024-09-12T15:26:47.064+0000] {dag.py:3229} INFO - Sync 1 DAGs
[2024-09-12T15:26:47.074+0000] {logging_mixin.py:190} INFO - [2024-09-12T15:26:47.073+0000] {dag.py:4156} INFO - Setting next_dagrun for example_short_circuit_operator to None, run_after=None
[2024-09-12T15:26:47.085+0000] {processor.py:208} INFO - Processing /home/airflow/.local/lib/python3.12/site-packages/airflow/example_dags/example_short_circuit_operator.py took 0.053 seconds
[2024-09-12T15:27:17.193+0000] {processor.py:186} INFO - Started process (PID=950) to work on /home/airflow/.local/lib/python3.12/site-packages/airflow/example_dags/example_short_circuit_operator.py
[2024-09-12T15:27:17.194+0000] {processor.py:914} INFO - Processing file /home/airflow/.local/lib/python3.12/site-packages/airflow/example_dags/example_short_circuit_operator.py for tasks to queue
[2024-09-12T15:27:17.197+0000] {logging_mixin.py:190} INFO - [2024-09-12T15:27:17.197+0000] {dagbag.py:587} INFO - Filling up the DagBag from /home/airflow/.local/lib/python3.12/site-packages/airflow/example_dags/example_short_circuit_operator.py
[2024-09-12T15:27:17.203+0000] {processor.py:925} INFO - DAG(s) 'example_short_circuit_operator' retrieved from /home/airflow/.local/lib/python3.12/site-packages/airflow/example_dags/example_short_circuit_operator.py
[2024-09-12T15:27:17.221+0000] {logging_mixin.py:190} INFO - [2024-09-12T15:27:17.221+0000] {dag.py:3229} INFO - Sync 1 DAGs
[2024-09-12T15:27:17.230+0000] {logging_mixin.py:190} INFO - [2024-09-12T15:27:17.229+0000] {dag.py:4156} INFO - Setting next_dagrun for example_short_circuit_operator to None, run_after=None
[2024-09-12T15:27:17.240+0000] {processor.py:208} INFO - Processing /home/airflow/.local/lib/python3.12/site-packages/airflow/example_dags/example_short_circuit_operator.py took 0.052 seconds
[2024-09-12T15:27:48.292+0000] {processor.py:186} INFO - Started process (PID=1012) to work on /home/airflow/.local/lib/python3.12/site-packages/airflow/example_dags/example_short_circuit_operator.py
[2024-09-12T15:27:48.294+0000] {processor.py:914} INFO - Processing file /home/airflow/.local/lib/python3.12/site-packages/airflow/example_dags/example_short_circuit_operator.py for tasks to queue
[2024-09-12T15:27:48.326+0000] {logging_mixin.py:190} INFO - [2024-09-12T15:27:48.326+0000] {dagbag.py:587} INFO - Filling up the DagBag from /home/airflow/.local/lib/python3.12/site-packages/airflow/example_dags/example_short_circuit_operator.py
[2024-09-12T15:27:48.340+0000] {processor.py:925} INFO - DAG(s) 'example_short_circuit_operator' retrieved from /home/airflow/.local/lib/python3.12/site-packages/airflow/example_dags/example_short_circuit_operator.py
[2024-09-12T15:27:48.362+0000] {logging_mixin.py:190} INFO - [2024-09-12T15:27:48.362+0000] {dag.py:3229} INFO - Sync 1 DAGs
[2024-09-12T15:27:48.372+0000] {logging_mixin.py:190} INFO - [2024-09-12T15:27:48.372+0000] {dag.py:4156} INFO - Setting next_dagrun for example_short_circuit_operator to None, run_after=None
[2024-09-12T15:27:48.386+0000] {processor.py:208} INFO - Processing /home/airflow/.local/lib/python3.12/site-packages/airflow/example_dags/example_short_circuit_operator.py took 0.098 seconds
[2024-09-12T15:28:19.047+0000] {processor.py:186} INFO - Started process (PID=1074) to work on /home/airflow/.local/lib/python3.12/site-packages/airflow/example_dags/example_short_circuit_operator.py
[2024-09-12T15:28:19.048+0000] {processor.py:914} INFO - Processing file /home/airflow/.local/lib/python3.12/site-packages/airflow/example_dags/example_short_circuit_operator.py for tasks to queue
[2024-09-12T15:28:19.050+0000] {logging_mixin.py:190} INFO - [2024-09-12T15:28:19.050+0000] {dagbag.py:587} INFO - Filling up the DagBag from /home/airflow/.local/lib/python3.12/site-packages/airflow/example_dags/example_short_circuit_operator.py
[2024-09-12T15:28:19.057+0000] {processor.py:925} INFO - DAG(s) 'example_short_circuit_operator' retrieved from /home/airflow/.local/lib/python3.12/site-packages/airflow/example_dags/example_short_circuit_operator.py
[2024-09-12T15:28:19.077+0000] {logging_mixin.py:190} INFO - [2024-09-12T15:28:19.077+0000] {dag.py:3229} INFO - Sync 1 DAGs
[2024-09-12T15:28:19.087+0000] {logging_mixin.py:190} INFO - [2024-09-12T15:28:19.087+0000] {dag.py:4156} INFO - Setting next_dagrun for example_short_circuit_operator to None, run_after=None
[2024-09-12T15:28:19.100+0000] {processor.py:208} INFO - Processing /home/airflow/.local/lib/python3.12/site-packages/airflow/example_dags/example_short_circuit_operator.py took 0.058 seconds
[2024-09-12T15:28:49.286+0000] {processor.py:186} INFO - Started process (PID=1136) to work on /home/airflow/.local/lib/python3.12/site-packages/airflow/example_dags/example_short_circuit_operator.py
[2024-09-12T15:28:49.288+0000] {processor.py:914} INFO - Processing file /home/airflow/.local/lib/python3.12/site-packages/airflow/example_dags/example_short_circuit_operator.py for tasks to queue
[2024-09-12T15:28:49.290+0000] {logging_mixin.py:190} INFO - [2024-09-12T15:28:49.290+0000] {dagbag.py:587} INFO - Filling up the DagBag from /home/airflow/.local/lib/python3.12/site-packages/airflow/example_dags/example_short_circuit_operator.py
[2024-09-12T15:28:49.297+0000] {processor.py:925} INFO - DAG(s) 'example_short_circuit_operator' retrieved from /home/airflow/.local/lib/python3.12/site-packages/airflow/example_dags/example_short_circuit_operator.py
[2024-09-12T15:28:49.314+0000] {logging_mixin.py:190} INFO - [2024-09-12T15:28:49.314+0000] {dag.py:3229} INFO - Sync 1 DAGs
[2024-09-12T15:28:49.324+0000] {logging_mixin.py:190} INFO - [2024-09-12T15:28:49.324+0000] {dag.py:4156} INFO - Setting next_dagrun for example_short_circuit_operator to None, run_after=None
[2024-09-12T15:28:49.335+0000] {processor.py:208} INFO - Processing /home/airflow/.local/lib/python3.12/site-packages/airflow/example_dags/example_short_circuit_operator.py took 0.053 seconds
[2024-09-12T15:29:19.724+0000] {processor.py:186} INFO - Started process (PID=1198) to work on /home/airflow/.local/lib/python3.12/site-packages/airflow/example_dags/example_short_circuit_operator.py
[2024-09-12T15:29:19.726+0000] {processor.py:914} INFO - Processing file /home/airflow/.local/lib/python3.12/site-packages/airflow/example_dags/example_short_circuit_operator.py for tasks to queue
[2024-09-12T15:29:19.728+0000] {logging_mixin.py:190} INFO - [2024-09-12T15:29:19.728+0000] {dagbag.py:587} INFO - Filling up the DagBag from /home/airflow/.local/lib/python3.12/site-packages/airflow/example_dags/example_short_circuit_operator.py
[2024-09-12T15:29:19.735+0000] {processor.py:925} INFO - DAG(s) 'example_short_circuit_operator' retrieved from /home/airflow/.local/lib/python3.12/site-packages/airflow/example_dags/example_short_circuit_operator.py
[2024-09-12T15:29:19.755+0000] {logging_mixin.py:190} INFO - [2024-09-12T15:29:19.755+0000] {dag.py:3229} INFO - Sync 1 DAGs
[2024-09-12T15:29:19.765+0000] {logging_mixin.py:190} INFO - [2024-09-12T15:29:19.765+0000] {dag.py:4156} INFO - Setting next_dagrun for example_short_circuit_operator to None, run_after=None
[2024-09-12T15:29:19.779+0000] {processor.py:208} INFO - Processing /home/airflow/.local/lib/python3.12/site-packages/airflow/example_dags/example_short_circuit_operator.py took 0.060 seconds
[2024-09-12T15:29:49.901+0000] {processor.py:186} INFO - Started process (PID=1260) to work on /home/airflow/.local/lib/python3.12/site-packages/airflow/example_dags/example_short_circuit_operator.py
[2024-09-12T15:29:49.902+0000] {processor.py:914} INFO - Processing file /home/airflow/.local/lib/python3.12/site-packages/airflow/example_dags/example_short_circuit_operator.py for tasks to queue
[2024-09-12T15:29:49.905+0000] {logging_mixin.py:190} INFO - [2024-09-12T15:29:49.904+0000] {dagbag.py:587} INFO - Filling up the DagBag from /home/airflow/.local/lib/python3.12/site-packages/airflow/example_dags/example_short_circuit_operator.py
[2024-09-12T15:29:49.911+0000] {processor.py:925} INFO - DAG(s) 'example_short_circuit_operator' retrieved from /home/airflow/.local/lib/python3.12/site-packages/airflow/example_dags/example_short_circuit_operator.py
[2024-09-12T15:29:49.929+0000] {logging_mixin.py:190} INFO - [2024-09-12T15:29:49.929+0000] {dag.py:3229} INFO - Sync 1 DAGs
[2024-09-12T15:29:49.939+0000] {logging_mixin.py:190} INFO - [2024-09-12T15:29:49.939+0000] {dag.py:4156} INFO - Setting next_dagrun for example_short_circuit_operator to None, run_after=None
[2024-09-12T15:29:49.951+0000] {processor.py:208} INFO - Processing /home/airflow/.local/lib/python3.12/site-packages/airflow/example_dags/example_short_circuit_operator.py took 0.055 seconds
[2024-09-12T15:30:21.096+0000] {processor.py:186} INFO - Started process (PID=1322) to work on /home/airflow/.local/lib/python3.12/site-packages/airflow/example_dags/example_short_circuit_operator.py
[2024-09-12T15:30:21.098+0000] {processor.py:914} INFO - Processing file /home/airflow/.local/lib/python3.12/site-packages/airflow/example_dags/example_short_circuit_operator.py for tasks to queue
[2024-09-12T15:30:21.100+0000] {logging_mixin.py:190} INFO - [2024-09-12T15:30:21.100+0000] {dagbag.py:587} INFO - Filling up the DagBag from /home/airflow/.local/lib/python3.12/site-packages/airflow/example_dags/example_short_circuit_operator.py
[2024-09-12T15:30:21.107+0000] {processor.py:925} INFO - DAG(s) 'example_short_circuit_operator' retrieved from /home/airflow/.local/lib/python3.12/site-packages/airflow/example_dags/example_short_circuit_operator.py
[2024-09-12T15:30:21.125+0000] {logging_mixin.py:190} INFO - [2024-09-12T15:30:21.125+0000] {dag.py:3229} INFO - Sync 1 DAGs
[2024-09-12T15:30:21.135+0000] {logging_mixin.py:190} INFO - [2024-09-12T15:30:21.135+0000] {dag.py:4156} INFO - Setting next_dagrun for example_short_circuit_operator to None, run_after=None
[2024-09-12T15:30:21.147+0000] {processor.py:208} INFO - Processing /home/airflow/.local/lib/python3.12/site-packages/airflow/example_dags/example_short_circuit_operator.py took 0.055 seconds
[2024-09-12T15:30:52.333+0000] {processor.py:186} INFO - Started process (PID=1384) to work on /home/airflow/.local/lib/python3.12/site-packages/airflow/example_dags/example_short_circuit_operator.py
[2024-09-12T15:30:52.335+0000] {processor.py:914} INFO - Processing file /home/airflow/.local/lib/python3.12/site-packages/airflow/example_dags/example_short_circuit_operator.py for tasks to queue
[2024-09-12T15:30:52.337+0000] {logging_mixin.py:190} INFO - [2024-09-12T15:30:52.337+0000] {dagbag.py:587} INFO - Filling up the DagBag from /home/airflow/.local/lib/python3.12/site-packages/airflow/example_dags/example_short_circuit_operator.py
[2024-09-12T15:30:52.344+0000] {processor.py:925} INFO - DAG(s) 'example_short_circuit_operator' retrieved from /home/airflow/.local/lib/python3.12/site-packages/airflow/example_dags/example_short_circuit_operator.py
[2024-09-12T15:30:52.363+0000] {logging_mixin.py:190} INFO - [2024-09-12T15:30:52.363+0000] {dag.py:3229} INFO - Sync 1 DAGs
[2024-09-12T15:30:52.373+0000] {logging_mixin.py:190} INFO - [2024-09-12T15:30:52.372+0000] {dag.py:4156} INFO - Setting next_dagrun for example_short_circuit_operator to None, run_after=None
[2024-09-12T15:30:52.384+0000] {processor.py:208} INFO - Processing /home/airflow/.local/lib/python3.12/site-packages/airflow/example_dags/example_short_circuit_operator.py took 0.056 seconds
[2024-09-12T15:31:22.700+0000] {processor.py:186} INFO - Started process (PID=1446) to work on /home/airflow/.local/lib/python3.12/site-packages/airflow/example_dags/example_short_circuit_operator.py
[2024-09-12T15:31:22.702+0000] {processor.py:914} INFO - Processing file /home/airflow/.local/lib/python3.12/site-packages/airflow/example_dags/example_short_circuit_operator.py for tasks to queue
[2024-09-12T15:31:22.704+0000] {logging_mixin.py:190} INFO - [2024-09-12T15:31:22.704+0000] {dagbag.py:587} INFO - Filling up the DagBag from /home/airflow/.local/lib/python3.12/site-packages/airflow/example_dags/example_short_circuit_operator.py
[2024-09-12T15:31:22.712+0000] {processor.py:925} INFO - DAG(s) 'example_short_circuit_operator' retrieved from /home/airflow/.local/lib/python3.12/site-packages/airflow/example_dags/example_short_circuit_operator.py
[2024-09-12T15:31:22.732+0000] {logging_mixin.py:190} INFO - [2024-09-12T15:31:22.732+0000] {dag.py:3229} INFO - Sync 1 DAGs
[2024-09-12T15:31:22.742+0000] {logging_mixin.py:190} INFO - [2024-09-12T15:31:22.742+0000] {dag.py:4156} INFO - Setting next_dagrun for example_short_circuit_operator to None, run_after=None
[2024-09-12T15:31:22.756+0000] {processor.py:208} INFO - Processing /home/airflow/.local/lib/python3.12/site-packages/airflow/example_dags/example_short_circuit_operator.py took 0.061 seconds
[2024-09-12T15:31:53.034+0000] {processor.py:186} INFO - Started process (PID=1508) to work on /home/airflow/.local/lib/python3.12/site-packages/airflow/example_dags/example_short_circuit_operator.py
[2024-09-12T15:31:53.035+0000] {processor.py:914} INFO - Processing file /home/airflow/.local/lib/python3.12/site-packages/airflow/example_dags/example_short_circuit_operator.py for tasks to queue
[2024-09-12T15:31:53.037+0000] {logging_mixin.py:190} INFO - [2024-09-12T15:31:53.037+0000] {dagbag.py:587} INFO - Filling up the DagBag from /home/airflow/.local/lib/python3.12/site-packages/airflow/example_dags/example_short_circuit_operator.py
[2024-09-12T15:31:53.045+0000] {processor.py:925} INFO - DAG(s) 'example_short_circuit_operator' retrieved from /home/airflow/.local/lib/python3.12/site-packages/airflow/example_dags/example_short_circuit_operator.py
[2024-09-12T15:31:53.063+0000] {logging_mixin.py:190} INFO - [2024-09-12T15:31:53.062+0000] {dag.py:3229} INFO - Sync 1 DAGs
[2024-09-12T15:31:53.072+0000] {logging_mixin.py:190} INFO - [2024-09-12T15:31:53.072+0000] {dag.py:4156} INFO - Setting next_dagrun for example_short_circuit_operator to None, run_after=None
[2024-09-12T15:31:53.083+0000] {processor.py:208} INFO - Processing /home/airflow/.local/lib/python3.12/site-packages/airflow/example_dags/example_short_circuit_operator.py took 0.054 seconds
[2024-09-12T15:32:23.223+0000] {processor.py:186} INFO - Started process (PID=1569) to work on /home/airflow/.local/lib/python3.12/site-packages/airflow/example_dags/example_short_circuit_operator.py
[2024-09-12T15:32:23.225+0000] {processor.py:914} INFO - Processing file /home/airflow/.local/lib/python3.12/site-packages/airflow/example_dags/example_short_circuit_operator.py for tasks to queue
[2024-09-12T15:32:23.227+0000] {logging_mixin.py:190} INFO - [2024-09-12T15:32:23.227+0000] {dagbag.py:587} INFO - Filling up the DagBag from /home/airflow/.local/lib/python3.12/site-packages/airflow/example_dags/example_short_circuit_operator.py
[2024-09-12T15:32:23.234+0000] {processor.py:925} INFO - DAG(s) 'example_short_circuit_operator' retrieved from /home/airflow/.local/lib/python3.12/site-packages/airflow/example_dags/example_short_circuit_operator.py
[2024-09-12T15:32:23.251+0000] {logging_mixin.py:190} INFO - [2024-09-12T15:32:23.251+0000] {dag.py:3229} INFO - Sync 1 DAGs
[2024-09-12T15:32:23.261+0000] {logging_mixin.py:190} INFO - [2024-09-12T15:32:23.261+0000] {dag.py:4156} INFO - Setting next_dagrun for example_short_circuit_operator to None, run_after=None
[2024-09-12T15:32:23.271+0000] {processor.py:208} INFO - Processing /home/airflow/.local/lib/python3.12/site-packages/airflow/example_dags/example_short_circuit_operator.py took 0.053 seconds
[2024-09-12T15:32:53.672+0000] {processor.py:186} INFO - Started process (PID=1630) to work on /home/airflow/.local/lib/python3.12/site-packages/airflow/example_dags/example_short_circuit_operator.py
[2024-09-12T15:32:53.674+0000] {processor.py:914} INFO - Processing file /home/airflow/.local/lib/python3.12/site-packages/airflow/example_dags/example_short_circuit_operator.py for tasks to queue
[2024-09-12T15:32:53.676+0000] {logging_mixin.py:190} INFO - [2024-09-12T15:32:53.676+0000] {dagbag.py:587} INFO - Filling up the DagBag from /home/airflow/.local/lib/python3.12/site-packages/airflow/example_dags/example_short_circuit_operator.py
[2024-09-12T15:32:53.683+0000] {processor.py:925} INFO - DAG(s) 'example_short_circuit_operator' retrieved from /home/airflow/.local/lib/python3.12/site-packages/airflow/example_dags/example_short_circuit_operator.py
[2024-09-12T15:32:53.703+0000] {logging_mixin.py:190} INFO - [2024-09-12T15:32:53.702+0000] {dag.py:3229} INFO - Sync 1 DAGs
[2024-09-12T15:32:53.712+0000] {logging_mixin.py:190} INFO - [2024-09-12T15:32:53.712+0000] {dag.py:4156} INFO - Setting next_dagrun for example_short_circuit_operator to None, run_after=None
[2024-09-12T15:32:53.723+0000] {processor.py:208} INFO - Processing /home/airflow/.local/lib/python3.12/site-packages/airflow/example_dags/example_short_circuit_operator.py took 0.055 seconds
[2024-09-12T15:33:23.842+0000] {processor.py:186} INFO - Started process (PID=1692) to work on /home/airflow/.local/lib/python3.12/site-packages/airflow/example_dags/example_short_circuit_operator.py
[2024-09-12T15:33:23.843+0000] {processor.py:914} INFO - Processing file /home/airflow/.local/lib/python3.12/site-packages/airflow/example_dags/example_short_circuit_operator.py for tasks to queue
[2024-09-12T15:33:23.845+0000] {logging_mixin.py:190} INFO - [2024-09-12T15:33:23.845+0000] {dagbag.py:587} INFO - Filling up the DagBag from /home/airflow/.local/lib/python3.12/site-packages/airflow/example_dags/example_short_circuit_operator.py
[2024-09-12T15:33:23.852+0000] {processor.py:925} INFO - DAG(s) 'example_short_circuit_operator' retrieved from /home/airflow/.local/lib/python3.12/site-packages/airflow/example_dags/example_short_circuit_operator.py
[2024-09-12T15:33:23.870+0000] {logging_mixin.py:190} INFO - [2024-09-12T15:33:23.870+0000] {dag.py:3229} INFO - Sync 1 DAGs
[2024-09-12T15:33:23.881+0000] {logging_mixin.py:190} INFO - [2024-09-12T15:33:23.881+0000] {dag.py:4156} INFO - Setting next_dagrun for example_short_circuit_operator to None, run_after=None
[2024-09-12T15:33:23.902+0000] {processor.py:208} INFO - Processing /home/airflow/.local/lib/python3.12/site-packages/airflow/example_dags/example_short_circuit_operator.py took 0.065 seconds
[2024-09-12T15:33:54.247+0000] {processor.py:186} INFO - Started process (PID=1754) to work on /home/airflow/.local/lib/python3.12/site-packages/airflow/example_dags/example_short_circuit_operator.py
[2024-09-12T15:33:54.248+0000] {processor.py:914} INFO - Processing file /home/airflow/.local/lib/python3.12/site-packages/airflow/example_dags/example_short_circuit_operator.py for tasks to queue
[2024-09-12T15:33:54.251+0000] {logging_mixin.py:190} INFO - [2024-09-12T15:33:54.250+0000] {dagbag.py:587} INFO - Filling up the DagBag from /home/airflow/.local/lib/python3.12/site-packages/airflow/example_dags/example_short_circuit_operator.py
[2024-09-12T15:33:54.257+0000] {processor.py:925} INFO - DAG(s) 'example_short_circuit_operator' retrieved from /home/airflow/.local/lib/python3.12/site-packages/airflow/example_dags/example_short_circuit_operator.py
[2024-09-12T15:33:54.275+0000] {logging_mixin.py:190} INFO - [2024-09-12T15:33:54.275+0000] {dag.py:3229} INFO - Sync 1 DAGs
[2024-09-12T15:33:54.285+0000] {logging_mixin.py:190} INFO - [2024-09-12T15:33:54.285+0000] {dag.py:4156} INFO - Setting next_dagrun for example_short_circuit_operator to None, run_after=None
[2024-09-12T15:33:54.295+0000] {processor.py:208} INFO - Processing /home/airflow/.local/lib/python3.12/site-packages/airflow/example_dags/example_short_circuit_operator.py took 0.053 seconds
