[2024-09-12T15:20:07.151+0000] {processor.py:186} INFO - Started process (PID=44) to work on /home/airflow/.local/lib/python3.12/site-packages/airflow/example_dags/example_python_operator.py
[2024-09-12T15:20:07.154+0000] {processor.py:914} INFO - Processing file /home/airflow/.local/lib/python3.12/site-packages/airflow/example_dags/example_python_operator.py for tasks to queue
[2024-09-12T15:20:07.159+0000] {logging_mixin.py:190} INFO - [2024-09-12T15:20:07.159+0000] {dagbag.py:587} INFO - Filling up the DagBag from /home/airflow/.local/lib/python3.12/site-packages/airflow/example_dags/example_python_operator.py
[2024-09-12T15:20:07.175+0000] {processor.py:925} INFO - DAG(s) 'example_python_operator' retrieved from /home/airflow/.local/lib/python3.12/site-packages/airflow/example_dags/example_python_operator.py
[2024-09-12T15:20:07.244+0000] {logging_mixin.py:190} INFO - [2024-09-12T15:20:07.244+0000] {override.py:1900} INFO - Created Permission View: can read on DAG:example_python_operator
[2024-09-12T15:20:07.251+0000] {logging_mixin.py:190} INFO - [2024-09-12T15:20:07.251+0000] {override.py:1900} INFO - Created Permission View: can delete on DAG:example_python_operator
[2024-09-12T15:20:07.255+0000] {logging_mixin.py:190} INFO - [2024-09-12T15:20:07.254+0000] {override.py:1900} INFO - Created Permission View: can edit on DAG:example_python_operator
[2024-09-12T15:20:07.258+0000] {logging_mixin.py:190} INFO - [2024-09-12T15:20:07.258+0000] {override.py:1900} INFO - Created Permission View: can read on DAG Run:example_python_operator
[2024-09-12T15:20:07.261+0000] {logging_mixin.py:190} INFO - [2024-09-12T15:20:07.261+0000] {override.py:1900} INFO - Created Permission View: can create on DAG Run:example_python_operator
[2024-09-12T15:20:07.265+0000] {logging_mixin.py:190} INFO - [2024-09-12T15:20:07.265+0000] {override.py:1900} INFO - Created Permission View: menu access on DAG Run:example_python_operator
[2024-09-12T15:20:07.269+0000] {logging_mixin.py:190} INFO - [2024-09-12T15:20:07.268+0000] {override.py:1900} INFO - Created Permission View: can delete on DAG Run:example_python_operator
[2024-09-12T15:20:07.269+0000] {logging_mixin.py:190} INFO - [2024-09-12T15:20:07.269+0000] {dag.py:3229} INFO - Sync 1 DAGs
[2024-09-12T15:20:07.277+0000] {logging_mixin.py:190} INFO - [2024-09-12T15:20:07.277+0000] {dag.py:3252} INFO - Creating ORM DAG for example_python_operator
[2024-09-12T15:20:07.278+0000] {logging_mixin.py:190} INFO - [2024-09-12T15:20:07.278+0000] {dag.py:4156} INFO - Setting next_dagrun for example_python_operator to None, run_after=None
[2024-09-12T15:20:07.288+0000] {processor.py:208} INFO - Processing /home/airflow/.local/lib/python3.12/site-packages/airflow/example_dags/example_python_operator.py took 0.142 seconds
[2024-09-12T15:20:37.538+0000] {processor.py:186} INFO - Started process (PID=107) to work on /home/airflow/.local/lib/python3.12/site-packages/airflow/example_dags/example_python_operator.py
[2024-09-12T15:20:37.539+0000] {processor.py:914} INFO - Processing file /home/airflow/.local/lib/python3.12/site-packages/airflow/example_dags/example_python_operator.py for tasks to queue
[2024-09-12T15:20:37.542+0000] {logging_mixin.py:190} INFO - [2024-09-12T15:20:37.541+0000] {dagbag.py:587} INFO - Filling up the DagBag from /home/airflow/.local/lib/python3.12/site-packages/airflow/example_dags/example_python_operator.py
[2024-09-12T15:20:37.551+0000] {processor.py:925} INFO - DAG(s) 'example_python_operator' retrieved from /home/airflow/.local/lib/python3.12/site-packages/airflow/example_dags/example_python_operator.py
[2024-09-12T15:20:37.569+0000] {logging_mixin.py:190} INFO - [2024-09-12T15:20:37.569+0000] {dag.py:3229} INFO - Sync 1 DAGs
[2024-09-12T15:20:37.579+0000] {logging_mixin.py:190} INFO - [2024-09-12T15:20:37.579+0000] {dag.py:4156} INFO - Setting next_dagrun for example_python_operator to None, run_after=None
[2024-09-12T15:20:37.596+0000] {processor.py:208} INFO - Processing /home/airflow/.local/lib/python3.12/site-packages/airflow/example_dags/example_python_operator.py took 0.063 seconds
[2024-09-12T15:21:08.137+0000] {processor.py:186} INFO - Started process (PID=170) to work on /home/airflow/.local/lib/python3.12/site-packages/airflow/example_dags/example_python_operator.py
[2024-09-12T15:21:08.139+0000] {processor.py:914} INFO - Processing file /home/airflow/.local/lib/python3.12/site-packages/airflow/example_dags/example_python_operator.py for tasks to queue
[2024-09-12T15:21:08.141+0000] {logging_mixin.py:190} INFO - [2024-09-12T15:21:08.141+0000] {dagbag.py:587} INFO - Filling up the DagBag from /home/airflow/.local/lib/python3.12/site-packages/airflow/example_dags/example_python_operator.py
[2024-09-12T15:21:08.151+0000] {processor.py:925} INFO - DAG(s) 'example_python_operator' retrieved from /home/airflow/.local/lib/python3.12/site-packages/airflow/example_dags/example_python_operator.py
[2024-09-12T15:21:08.169+0000] {logging_mixin.py:190} INFO - [2024-09-12T15:21:08.169+0000] {dag.py:3229} INFO - Sync 1 DAGs
[2024-09-12T15:21:08.179+0000] {logging_mixin.py:190} INFO - [2024-09-12T15:21:08.179+0000] {dag.py:4156} INFO - Setting next_dagrun for example_python_operator to None, run_after=None
[2024-09-12T15:21:08.189+0000] {processor.py:208} INFO - Processing /home/airflow/.local/lib/python3.12/site-packages/airflow/example_dags/example_python_operator.py took 0.057 seconds
[2024-09-12T15:21:39.014+0000] {processor.py:186} INFO - Started process (PID=232) to work on /home/airflow/.local/lib/python3.12/site-packages/airflow/example_dags/example_python_operator.py
[2024-09-12T15:21:39.015+0000] {processor.py:914} INFO - Processing file /home/airflow/.local/lib/python3.12/site-packages/airflow/example_dags/example_python_operator.py for tasks to queue
[2024-09-12T15:21:39.018+0000] {logging_mixin.py:190} INFO - [2024-09-12T15:21:39.018+0000] {dagbag.py:587} INFO - Filling up the DagBag from /home/airflow/.local/lib/python3.12/site-packages/airflow/example_dags/example_python_operator.py
[2024-09-12T15:21:39.032+0000] {processor.py:925} INFO - DAG(s) 'example_python_operator' retrieved from /home/airflow/.local/lib/python3.12/site-packages/airflow/example_dags/example_python_operator.py
[2024-09-12T15:21:39.064+0000] {logging_mixin.py:190} INFO - [2024-09-12T15:21:39.064+0000] {dag.py:3229} INFO - Sync 1 DAGs
[2024-09-12T15:21:39.074+0000] {logging_mixin.py:190} INFO - [2024-09-12T15:21:39.074+0000] {dag.py:4156} INFO - Setting next_dagrun for example_python_operator to None, run_after=None
[2024-09-12T15:21:39.086+0000] {processor.py:208} INFO - Processing /home/airflow/.local/lib/python3.12/site-packages/airflow/example_dags/example_python_operator.py took 0.079 seconds
[2024-09-12T15:22:09.885+0000] {processor.py:186} INFO - Started process (PID=294) to work on /home/airflow/.local/lib/python3.12/site-packages/airflow/example_dags/example_python_operator.py
[2024-09-12T15:22:09.887+0000] {processor.py:914} INFO - Processing file /home/airflow/.local/lib/python3.12/site-packages/airflow/example_dags/example_python_operator.py for tasks to queue
[2024-09-12T15:22:09.889+0000] {logging_mixin.py:190} INFO - [2024-09-12T15:22:09.889+0000] {dagbag.py:587} INFO - Filling up the DagBag from /home/airflow/.local/lib/python3.12/site-packages/airflow/example_dags/example_python_operator.py
[2024-09-12T15:22:09.901+0000] {processor.py:925} INFO - DAG(s) 'example_python_operator' retrieved from /home/airflow/.local/lib/python3.12/site-packages/airflow/example_dags/example_python_operator.py
[2024-09-12T15:22:09.926+0000] {logging_mixin.py:190} INFO - [2024-09-12T15:22:09.926+0000] {dag.py:3229} INFO - Sync 1 DAGs
[2024-09-12T15:22:09.936+0000] {logging_mixin.py:190} INFO - [2024-09-12T15:22:09.936+0000] {dag.py:4156} INFO - Setting next_dagrun for example_python_operator to None, run_after=None
[2024-09-12T15:22:09.948+0000] {processor.py:208} INFO - Processing /home/airflow/.local/lib/python3.12/site-packages/airflow/example_dags/example_python_operator.py took 0.068 seconds
[2024-09-12T15:22:40.640+0000] {processor.py:186} INFO - Started process (PID=356) to work on /home/airflow/.local/lib/python3.12/site-packages/airflow/example_dags/example_python_operator.py
[2024-09-12T15:22:40.641+0000] {processor.py:914} INFO - Processing file /home/airflow/.local/lib/python3.12/site-packages/airflow/example_dags/example_python_operator.py for tasks to queue
[2024-09-12T15:22:40.644+0000] {logging_mixin.py:190} INFO - [2024-09-12T15:22:40.643+0000] {dagbag.py:587} INFO - Filling up the DagBag from /home/airflow/.local/lib/python3.12/site-packages/airflow/example_dags/example_python_operator.py
[2024-09-12T15:22:40.653+0000] {processor.py:925} INFO - DAG(s) 'example_python_operator' retrieved from /home/airflow/.local/lib/python3.12/site-packages/airflow/example_dags/example_python_operator.py
[2024-09-12T15:22:40.670+0000] {logging_mixin.py:190} INFO - [2024-09-12T15:22:40.670+0000] {dag.py:3229} INFO - Sync 1 DAGs
[2024-09-12T15:22:40.680+0000] {logging_mixin.py:190} INFO - [2024-09-12T15:22:40.680+0000] {dag.py:4156} INFO - Setting next_dagrun for example_python_operator to None, run_after=None
[2024-09-12T15:22:40.691+0000] {processor.py:208} INFO - Processing /home/airflow/.local/lib/python3.12/site-packages/airflow/example_dags/example_python_operator.py took 0.057 seconds
[2024-09-12T15:23:11.836+0000] {processor.py:186} INFO - Started process (PID=418) to work on /home/airflow/.local/lib/python3.12/site-packages/airflow/example_dags/example_python_operator.py
[2024-09-12T15:23:11.837+0000] {processor.py:914} INFO - Processing file /home/airflow/.local/lib/python3.12/site-packages/airflow/example_dags/example_python_operator.py for tasks to queue
[2024-09-12T15:23:11.839+0000] {logging_mixin.py:190} INFO - [2024-09-12T15:23:11.839+0000] {dagbag.py:587} INFO - Filling up the DagBag from /home/airflow/.local/lib/python3.12/site-packages/airflow/example_dags/example_python_operator.py
[2024-09-12T15:23:11.848+0000] {processor.py:925} INFO - DAG(s) 'example_python_operator' retrieved from /home/airflow/.local/lib/python3.12/site-packages/airflow/example_dags/example_python_operator.py
[2024-09-12T15:23:11.865+0000] {logging_mixin.py:190} INFO - [2024-09-12T15:23:11.865+0000] {dag.py:3229} INFO - Sync 1 DAGs
[2024-09-12T15:23:11.874+0000] {logging_mixin.py:190} INFO - [2024-09-12T15:23:11.874+0000] {dag.py:4156} INFO - Setting next_dagrun for example_python_operator to None, run_after=None
[2024-09-12T15:23:11.886+0000] {processor.py:208} INFO - Processing /home/airflow/.local/lib/python3.12/site-packages/airflow/example_dags/example_python_operator.py took 0.055 seconds
[2024-09-12T15:23:42.189+0000] {processor.py:186} INFO - Started process (PID=480) to work on /home/airflow/.local/lib/python3.12/site-packages/airflow/example_dags/example_python_operator.py
[2024-09-12T15:23:42.190+0000] {processor.py:914} INFO - Processing file /home/airflow/.local/lib/python3.12/site-packages/airflow/example_dags/example_python_operator.py for tasks to queue
[2024-09-12T15:23:42.192+0000] {logging_mixin.py:190} INFO - [2024-09-12T15:23:42.192+0000] {dagbag.py:587} INFO - Filling up the DagBag from /home/airflow/.local/lib/python3.12/site-packages/airflow/example_dags/example_python_operator.py
[2024-09-12T15:23:42.202+0000] {processor.py:925} INFO - DAG(s) 'example_python_operator' retrieved from /home/airflow/.local/lib/python3.12/site-packages/airflow/example_dags/example_python_operator.py
[2024-09-12T15:23:42.219+0000] {logging_mixin.py:190} INFO - [2024-09-12T15:23:42.219+0000] {dag.py:3229} INFO - Sync 1 DAGs
[2024-09-12T15:23:42.228+0000] {logging_mixin.py:190} INFO - [2024-09-12T15:23:42.228+0000] {dag.py:4156} INFO - Setting next_dagrun for example_python_operator to None, run_after=None
[2024-09-12T15:23:42.239+0000] {processor.py:208} INFO - Processing /home/airflow/.local/lib/python3.12/site-packages/airflow/example_dags/example_python_operator.py took 0.055 seconds
[2024-09-12T15:24:12.758+0000] {processor.py:186} INFO - Started process (PID=541) to work on /home/airflow/.local/lib/python3.12/site-packages/airflow/example_dags/example_python_operator.py
[2024-09-12T15:24:12.759+0000] {processor.py:914} INFO - Processing file /home/airflow/.local/lib/python3.12/site-packages/airflow/example_dags/example_python_operator.py for tasks to queue
[2024-09-12T15:24:12.763+0000] {logging_mixin.py:190} INFO - [2024-09-12T15:24:12.762+0000] {dagbag.py:587} INFO - Filling up the DagBag from /home/airflow/.local/lib/python3.12/site-packages/airflow/example_dags/example_python_operator.py
[2024-09-12T15:24:12.776+0000] {processor.py:925} INFO - DAG(s) 'example_python_operator' retrieved from /home/airflow/.local/lib/python3.12/site-packages/airflow/example_dags/example_python_operator.py
[2024-09-12T15:24:12.803+0000] {logging_mixin.py:190} INFO - [2024-09-12T15:24:12.803+0000] {dag.py:3229} INFO - Sync 1 DAGs
[2024-09-12T15:24:12.813+0000] {logging_mixin.py:190} INFO - [2024-09-12T15:24:12.813+0000] {dag.py:4156} INFO - Setting next_dagrun for example_python_operator to None, run_after=None
[2024-09-12T15:24:12.832+0000] {processor.py:208} INFO - Processing /home/airflow/.local/lib/python3.12/site-packages/airflow/example_dags/example_python_operator.py took 0.080 seconds
[2024-09-12T15:24:43.348+0000] {processor.py:186} INFO - Started process (PID=603) to work on /home/airflow/.local/lib/python3.12/site-packages/airflow/example_dags/example_python_operator.py
[2024-09-12T15:24:43.349+0000] {processor.py:914} INFO - Processing file /home/airflow/.local/lib/python3.12/site-packages/airflow/example_dags/example_python_operator.py for tasks to queue
[2024-09-12T15:24:43.351+0000] {logging_mixin.py:190} INFO - [2024-09-12T15:24:43.351+0000] {dagbag.py:587} INFO - Filling up the DagBag from /home/airflow/.local/lib/python3.12/site-packages/airflow/example_dags/example_python_operator.py
[2024-09-12T15:24:43.360+0000] {processor.py:925} INFO - DAG(s) 'example_python_operator' retrieved from /home/airflow/.local/lib/python3.12/site-packages/airflow/example_dags/example_python_operator.py
[2024-09-12T15:24:43.381+0000] {logging_mixin.py:190} INFO - [2024-09-12T15:24:43.380+0000] {dag.py:3229} INFO - Sync 1 DAGs
[2024-09-12T15:24:43.390+0000] {logging_mixin.py:190} INFO - [2024-09-12T15:24:43.390+0000] {dag.py:4156} INFO - Setting next_dagrun for example_python_operator to None, run_after=None
[2024-09-12T15:24:43.402+0000] {processor.py:208} INFO - Processing /home/airflow/.local/lib/python3.12/site-packages/airflow/example_dags/example_python_operator.py took 0.058 seconds
[2024-09-12T15:25:13.749+0000] {processor.py:186} INFO - Started process (PID=665) to work on /home/airflow/.local/lib/python3.12/site-packages/airflow/example_dags/example_python_operator.py
[2024-09-12T15:25:13.750+0000] {processor.py:914} INFO - Processing file /home/airflow/.local/lib/python3.12/site-packages/airflow/example_dags/example_python_operator.py for tasks to queue
[2024-09-12T15:25:13.752+0000] {logging_mixin.py:190} INFO - [2024-09-12T15:25:13.752+0000] {dagbag.py:587} INFO - Filling up the DagBag from /home/airflow/.local/lib/python3.12/site-packages/airflow/example_dags/example_python_operator.py
[2024-09-12T15:25:13.765+0000] {processor.py:925} INFO - DAG(s) 'example_python_operator' retrieved from /home/airflow/.local/lib/python3.12/site-packages/airflow/example_dags/example_python_operator.py
[2024-09-12T15:25:13.787+0000] {logging_mixin.py:190} INFO - [2024-09-12T15:25:13.787+0000] {dag.py:3229} INFO - Sync 1 DAGs
[2024-09-12T15:25:13.798+0000] {logging_mixin.py:190} INFO - [2024-09-12T15:25:13.798+0000] {dag.py:4156} INFO - Setting next_dagrun for example_python_operator to None, run_after=None
[2024-09-12T15:25:13.809+0000] {processor.py:208} INFO - Processing /home/airflow/.local/lib/python3.12/site-packages/airflow/example_dags/example_python_operator.py took 0.067 seconds
[2024-09-12T15:25:43.983+0000] {processor.py:186} INFO - Started process (PID=727) to work on /home/airflow/.local/lib/python3.12/site-packages/airflow/example_dags/example_python_operator.py
[2024-09-12T15:25:43.985+0000] {processor.py:914} INFO - Processing file /home/airflow/.local/lib/python3.12/site-packages/airflow/example_dags/example_python_operator.py for tasks to queue
[2024-09-12T15:25:43.987+0000] {logging_mixin.py:190} INFO - [2024-09-12T15:25:43.987+0000] {dagbag.py:587} INFO - Filling up the DagBag from /home/airflow/.local/lib/python3.12/site-packages/airflow/example_dags/example_python_operator.py
[2024-09-12T15:25:43.999+0000] {processor.py:925} INFO - DAG(s) 'example_python_operator' retrieved from /home/airflow/.local/lib/python3.12/site-packages/airflow/example_dags/example_python_operator.py
[2024-09-12T15:25:44.023+0000] {logging_mixin.py:190} INFO - [2024-09-12T15:25:44.023+0000] {dag.py:3229} INFO - Sync 1 DAGs
[2024-09-12T15:25:44.036+0000] {logging_mixin.py:190} INFO - [2024-09-12T15:25:44.036+0000] {dag.py:4156} INFO - Setting next_dagrun for example_python_operator to None, run_after=None
[2024-09-12T15:25:44.050+0000] {processor.py:208} INFO - Processing /home/airflow/.local/lib/python3.12/site-packages/airflow/example_dags/example_python_operator.py took 0.074 seconds
[2024-09-12T15:26:14.250+0000] {processor.py:186} INFO - Started process (PID=789) to work on /home/airflow/.local/lib/python3.12/site-packages/airflow/example_dags/example_python_operator.py
[2024-09-12T15:26:14.251+0000] {processor.py:914} INFO - Processing file /home/airflow/.local/lib/python3.12/site-packages/airflow/example_dags/example_python_operator.py for tasks to queue
[2024-09-12T15:26:14.255+0000] {logging_mixin.py:190} INFO - [2024-09-12T15:26:14.254+0000] {dagbag.py:587} INFO - Filling up the DagBag from /home/airflow/.local/lib/python3.12/site-packages/airflow/example_dags/example_python_operator.py
[2024-09-12T15:26:14.265+0000] {processor.py:925} INFO - DAG(s) 'example_python_operator' retrieved from /home/airflow/.local/lib/python3.12/site-packages/airflow/example_dags/example_python_operator.py
[2024-09-12T15:26:14.282+0000] {logging_mixin.py:190} INFO - [2024-09-12T15:26:14.282+0000] {dag.py:3229} INFO - Sync 1 DAGs
[2024-09-12T15:26:14.292+0000] {logging_mixin.py:190} INFO - [2024-09-12T15:26:14.292+0000] {dag.py:4156} INFO - Setting next_dagrun for example_python_operator to None, run_after=None
[2024-09-12T15:26:14.303+0000] {processor.py:208} INFO - Processing /home/airflow/.local/lib/python3.12/site-packages/airflow/example_dags/example_python_operator.py took 0.058 seconds
[2024-09-12T15:26:45.428+0000] {processor.py:186} INFO - Started process (PID=857) to work on /home/airflow/.local/lib/python3.12/site-packages/airflow/example_dags/example_python_operator.py
[2024-09-12T15:26:45.430+0000] {processor.py:914} INFO - Processing file /home/airflow/.local/lib/python3.12/site-packages/airflow/example_dags/example_python_operator.py for tasks to queue
[2024-09-12T15:26:45.433+0000] {logging_mixin.py:190} INFO - [2024-09-12T15:26:45.433+0000] {dagbag.py:587} INFO - Filling up the DagBag from /home/airflow/.local/lib/python3.12/site-packages/airflow/example_dags/example_python_operator.py
[2024-09-12T15:26:45.444+0000] {processor.py:925} INFO - DAG(s) 'example_python_operator' retrieved from /home/airflow/.local/lib/python3.12/site-packages/airflow/example_dags/example_python_operator.py
[2024-09-12T15:26:45.464+0000] {logging_mixin.py:190} INFO - [2024-09-12T15:26:45.464+0000] {dag.py:3229} INFO - Sync 1 DAGs
[2024-09-12T15:26:45.475+0000] {logging_mixin.py:190} INFO - [2024-09-12T15:26:45.475+0000] {dag.py:4156} INFO - Setting next_dagrun for example_python_operator to None, run_after=None
[2024-09-12T15:26:45.486+0000] {processor.py:208} INFO - Processing /home/airflow/.local/lib/python3.12/site-packages/airflow/example_dags/example_python_operator.py took 0.064 seconds
[2024-09-12T15:27:15.738+0000] {processor.py:186} INFO - Started process (PID=919) to work on /home/airflow/.local/lib/python3.12/site-packages/airflow/example_dags/example_python_operator.py
[2024-09-12T15:27:15.740+0000] {processor.py:914} INFO - Processing file /home/airflow/.local/lib/python3.12/site-packages/airflow/example_dags/example_python_operator.py for tasks to queue
[2024-09-12T15:27:15.742+0000] {logging_mixin.py:190} INFO - [2024-09-12T15:27:15.742+0000] {dagbag.py:587} INFO - Filling up the DagBag from /home/airflow/.local/lib/python3.12/site-packages/airflow/example_dags/example_python_operator.py
[2024-09-12T15:27:15.752+0000] {processor.py:925} INFO - DAG(s) 'example_python_operator' retrieved from /home/airflow/.local/lib/python3.12/site-packages/airflow/example_dags/example_python_operator.py
[2024-09-12T15:27:15.770+0000] {logging_mixin.py:190} INFO - [2024-09-12T15:27:15.770+0000] {dag.py:3229} INFO - Sync 1 DAGs
[2024-09-12T15:27:15.779+0000] {logging_mixin.py:190} INFO - [2024-09-12T15:27:15.779+0000] {dag.py:4156} INFO - Setting next_dagrun for example_python_operator to None, run_after=None
[2024-09-12T15:27:15.792+0000] {processor.py:208} INFO - Processing /home/airflow/.local/lib/python3.12/site-packages/airflow/example_dags/example_python_operator.py took 0.059 seconds
[2024-09-12T15:27:46.289+0000] {processor.py:186} INFO - Started process (PID=981) to work on /home/airflow/.local/lib/python3.12/site-packages/airflow/example_dags/example_python_operator.py
[2024-09-12T15:27:46.290+0000] {processor.py:914} INFO - Processing file /home/airflow/.local/lib/python3.12/site-packages/airflow/example_dags/example_python_operator.py for tasks to queue
[2024-09-12T15:27:46.304+0000] {logging_mixin.py:190} INFO - [2024-09-12T15:27:46.303+0000] {dagbag.py:587} INFO - Filling up the DagBag from /home/airflow/.local/lib/python3.12/site-packages/airflow/example_dags/example_python_operator.py
[2024-09-12T15:27:46.321+0000] {processor.py:925} INFO - DAG(s) 'example_python_operator' retrieved from /home/airflow/.local/lib/python3.12/site-packages/airflow/example_dags/example_python_operator.py
[2024-09-12T15:27:46.357+0000] {logging_mixin.py:190} INFO - [2024-09-12T15:27:46.356+0000] {dag.py:3229} INFO - Sync 1 DAGs
[2024-09-12T15:27:46.372+0000] {logging_mixin.py:190} INFO - [2024-09-12T15:27:46.372+0000] {dag.py:4156} INFO - Setting next_dagrun for example_python_operator to None, run_after=None
[2024-09-12T15:27:46.388+0000] {processor.py:208} INFO - Processing /home/airflow/.local/lib/python3.12/site-packages/airflow/example_dags/example_python_operator.py took 0.104 seconds
[2024-09-12T15:28:17.092+0000] {processor.py:186} INFO - Started process (PID=1043) to work on /home/airflow/.local/lib/python3.12/site-packages/airflow/example_dags/example_python_operator.py
[2024-09-12T15:28:17.094+0000] {processor.py:914} INFO - Processing file /home/airflow/.local/lib/python3.12/site-packages/airflow/example_dags/example_python_operator.py for tasks to queue
[2024-09-12T15:28:17.096+0000] {logging_mixin.py:190} INFO - [2024-09-12T15:28:17.096+0000] {dagbag.py:587} INFO - Filling up the DagBag from /home/airflow/.local/lib/python3.12/site-packages/airflow/example_dags/example_python_operator.py
[2024-09-12T15:28:17.106+0000] {processor.py:925} INFO - DAG(s) 'example_python_operator' retrieved from /home/airflow/.local/lib/python3.12/site-packages/airflow/example_dags/example_python_operator.py
[2024-09-12T15:28:17.126+0000] {logging_mixin.py:190} INFO - [2024-09-12T15:28:17.126+0000] {dag.py:3229} INFO - Sync 1 DAGs
[2024-09-12T15:28:17.137+0000] {logging_mixin.py:190} INFO - [2024-09-12T15:28:17.137+0000] {dag.py:4156} INFO - Setting next_dagrun for example_python_operator to None, run_after=None
[2024-09-12T15:28:17.152+0000] {processor.py:208} INFO - Processing /home/airflow/.local/lib/python3.12/site-packages/airflow/example_dags/example_python_operator.py took 0.065 seconds
[2024-09-12T15:28:47.647+0000] {processor.py:186} INFO - Started process (PID=1105) to work on /home/airflow/.local/lib/python3.12/site-packages/airflow/example_dags/example_python_operator.py
[2024-09-12T15:28:47.648+0000] {processor.py:914} INFO - Processing file /home/airflow/.local/lib/python3.12/site-packages/airflow/example_dags/example_python_operator.py for tasks to queue
[2024-09-12T15:28:47.651+0000] {logging_mixin.py:190} INFO - [2024-09-12T15:28:47.650+0000] {dagbag.py:587} INFO - Filling up the DagBag from /home/airflow/.local/lib/python3.12/site-packages/airflow/example_dags/example_python_operator.py
[2024-09-12T15:28:47.660+0000] {processor.py:925} INFO - DAG(s) 'example_python_operator' retrieved from /home/airflow/.local/lib/python3.12/site-packages/airflow/example_dags/example_python_operator.py
[2024-09-12T15:28:47.678+0000] {logging_mixin.py:190} INFO - [2024-09-12T15:28:47.678+0000] {dag.py:3229} INFO - Sync 1 DAGs
[2024-09-12T15:28:47.688+0000] {logging_mixin.py:190} INFO - [2024-09-12T15:28:47.688+0000] {dag.py:4156} INFO - Setting next_dagrun for example_python_operator to None, run_after=None
[2024-09-12T15:28:47.699+0000] {processor.py:208} INFO - Processing /home/airflow/.local/lib/python3.12/site-packages/airflow/example_dags/example_python_operator.py took 0.056 seconds
[2024-09-12T15:29:18.036+0000] {processor.py:186} INFO - Started process (PID=1167) to work on /home/airflow/.local/lib/python3.12/site-packages/airflow/example_dags/example_python_operator.py
[2024-09-12T15:29:18.038+0000] {processor.py:914} INFO - Processing file /home/airflow/.local/lib/python3.12/site-packages/airflow/example_dags/example_python_operator.py for tasks to queue
[2024-09-12T15:29:18.040+0000] {logging_mixin.py:190} INFO - [2024-09-12T15:29:18.040+0000] {dagbag.py:587} INFO - Filling up the DagBag from /home/airflow/.local/lib/python3.12/site-packages/airflow/example_dags/example_python_operator.py
[2024-09-12T15:29:18.051+0000] {processor.py:925} INFO - DAG(s) 'example_python_operator' retrieved from /home/airflow/.local/lib/python3.12/site-packages/airflow/example_dags/example_python_operator.py
[2024-09-12T15:29:18.069+0000] {logging_mixin.py:190} INFO - [2024-09-12T15:29:18.069+0000] {dag.py:3229} INFO - Sync 1 DAGs
[2024-09-12T15:29:18.080+0000] {logging_mixin.py:190} INFO - [2024-09-12T15:29:18.080+0000] {dag.py:4156} INFO - Setting next_dagrun for example_python_operator to None, run_after=None
[2024-09-12T15:29:18.094+0000] {processor.py:208} INFO - Processing /home/airflow/.local/lib/python3.12/site-packages/airflow/example_dags/example_python_operator.py took 0.062 seconds
[2024-09-12T15:29:48.469+0000] {processor.py:186} INFO - Started process (PID=1229) to work on /home/airflow/.local/lib/python3.12/site-packages/airflow/example_dags/example_python_operator.py
[2024-09-12T15:29:48.470+0000] {processor.py:914} INFO - Processing file /home/airflow/.local/lib/python3.12/site-packages/airflow/example_dags/example_python_operator.py for tasks to queue
[2024-09-12T15:29:48.472+0000] {logging_mixin.py:190} INFO - [2024-09-12T15:29:48.472+0000] {dagbag.py:587} INFO - Filling up the DagBag from /home/airflow/.local/lib/python3.12/site-packages/airflow/example_dags/example_python_operator.py
[2024-09-12T15:29:48.481+0000] {processor.py:925} INFO - DAG(s) 'example_python_operator' retrieved from /home/airflow/.local/lib/python3.12/site-packages/airflow/example_dags/example_python_operator.py
[2024-09-12T15:29:48.498+0000] {logging_mixin.py:190} INFO - [2024-09-12T15:29:48.498+0000] {dag.py:3229} INFO - Sync 1 DAGs
[2024-09-12T15:29:48.507+0000] {logging_mixin.py:190} INFO - [2024-09-12T15:29:48.507+0000] {dag.py:4156} INFO - Setting next_dagrun for example_python_operator to None, run_after=None
[2024-09-12T15:29:48.518+0000] {processor.py:208} INFO - Processing /home/airflow/.local/lib/python3.12/site-packages/airflow/example_dags/example_python_operator.py took 0.054 seconds
[2024-09-12T15:30:19.575+0000] {processor.py:186} INFO - Started process (PID=1291) to work on /home/airflow/.local/lib/python3.12/site-packages/airflow/example_dags/example_python_operator.py
[2024-09-12T15:30:19.577+0000] {processor.py:914} INFO - Processing file /home/airflow/.local/lib/python3.12/site-packages/airflow/example_dags/example_python_operator.py for tasks to queue
[2024-09-12T15:30:19.579+0000] {logging_mixin.py:190} INFO - [2024-09-12T15:30:19.579+0000] {dagbag.py:587} INFO - Filling up the DagBag from /home/airflow/.local/lib/python3.12/site-packages/airflow/example_dags/example_python_operator.py
[2024-09-12T15:30:19.589+0000] {processor.py:925} INFO - DAG(s) 'example_python_operator' retrieved from /home/airflow/.local/lib/python3.12/site-packages/airflow/example_dags/example_python_operator.py
[2024-09-12T15:30:19.607+0000] {logging_mixin.py:190} INFO - [2024-09-12T15:30:19.607+0000] {dag.py:3229} INFO - Sync 1 DAGs
[2024-09-12T15:30:19.617+0000] {logging_mixin.py:190} INFO - [2024-09-12T15:30:19.617+0000] {dag.py:4156} INFO - Setting next_dagrun for example_python_operator to None, run_after=None
[2024-09-12T15:30:19.628+0000] {processor.py:208} INFO - Processing /home/airflow/.local/lib/python3.12/site-packages/airflow/example_dags/example_python_operator.py took 0.056 seconds
[2024-09-12T15:30:50.786+0000] {processor.py:186} INFO - Started process (PID=1353) to work on /home/airflow/.local/lib/python3.12/site-packages/airflow/example_dags/example_python_operator.py
[2024-09-12T15:30:50.787+0000] {processor.py:914} INFO - Processing file /home/airflow/.local/lib/python3.12/site-packages/airflow/example_dags/example_python_operator.py for tasks to queue
[2024-09-12T15:30:50.789+0000] {logging_mixin.py:190} INFO - [2024-09-12T15:30:50.789+0000] {dagbag.py:587} INFO - Filling up the DagBag from /home/airflow/.local/lib/python3.12/site-packages/airflow/example_dags/example_python_operator.py
[2024-09-12T15:30:50.798+0000] {processor.py:925} INFO - DAG(s) 'example_python_operator' retrieved from /home/airflow/.local/lib/python3.12/site-packages/airflow/example_dags/example_python_operator.py
[2024-09-12T15:30:50.817+0000] {logging_mixin.py:190} INFO - [2024-09-12T15:30:50.816+0000] {dag.py:3229} INFO - Sync 1 DAGs
[2024-09-12T15:30:50.826+0000] {logging_mixin.py:190} INFO - [2024-09-12T15:30:50.826+0000] {dag.py:4156} INFO - Setting next_dagrun for example_python_operator to None, run_after=None
[2024-09-12T15:30:50.840+0000] {processor.py:208} INFO - Processing /home/airflow/.local/lib/python3.12/site-packages/airflow/example_dags/example_python_operator.py took 0.058 seconds
[2024-09-12T15:31:21.130+0000] {processor.py:186} INFO - Started process (PID=1415) to work on /home/airflow/.local/lib/python3.12/site-packages/airflow/example_dags/example_python_operator.py
[2024-09-12T15:31:21.131+0000] {processor.py:914} INFO - Processing file /home/airflow/.local/lib/python3.12/site-packages/airflow/example_dags/example_python_operator.py for tasks to queue
[2024-09-12T15:31:21.134+0000] {logging_mixin.py:190} INFO - [2024-09-12T15:31:21.133+0000] {dagbag.py:587} INFO - Filling up the DagBag from /home/airflow/.local/lib/python3.12/site-packages/airflow/example_dags/example_python_operator.py
[2024-09-12T15:31:21.143+0000] {processor.py:925} INFO - DAG(s) 'example_python_operator' retrieved from /home/airflow/.local/lib/python3.12/site-packages/airflow/example_dags/example_python_operator.py
[2024-09-12T15:31:21.160+0000] {logging_mixin.py:190} INFO - [2024-09-12T15:31:21.160+0000] {dag.py:3229} INFO - Sync 1 DAGs
[2024-09-12T15:31:21.170+0000] {logging_mixin.py:190} INFO - [2024-09-12T15:31:21.170+0000] {dag.py:4156} INFO - Setting next_dagrun for example_python_operator to None, run_after=None
[2024-09-12T15:31:21.180+0000] {processor.py:208} INFO - Processing /home/airflow/.local/lib/python3.12/site-packages/airflow/example_dags/example_python_operator.py took 0.055 seconds
[2024-09-12T15:31:51.468+0000] {processor.py:186} INFO - Started process (PID=1477) to work on /home/airflow/.local/lib/python3.12/site-packages/airflow/example_dags/example_python_operator.py
[2024-09-12T15:31:51.469+0000] {processor.py:914} INFO - Processing file /home/airflow/.local/lib/python3.12/site-packages/airflow/example_dags/example_python_operator.py for tasks to queue
[2024-09-12T15:31:51.471+0000] {logging_mixin.py:190} INFO - [2024-09-12T15:31:51.471+0000] {dagbag.py:587} INFO - Filling up the DagBag from /home/airflow/.local/lib/python3.12/site-packages/airflow/example_dags/example_python_operator.py
[2024-09-12T15:31:51.480+0000] {processor.py:925} INFO - DAG(s) 'example_python_operator' retrieved from /home/airflow/.local/lib/python3.12/site-packages/airflow/example_dags/example_python_operator.py
[2024-09-12T15:31:51.497+0000] {logging_mixin.py:190} INFO - [2024-09-12T15:31:51.497+0000] {dag.py:3229} INFO - Sync 1 DAGs
[2024-09-12T15:31:51.507+0000] {logging_mixin.py:190} INFO - [2024-09-12T15:31:51.506+0000] {dag.py:4156} INFO - Setting next_dagrun for example_python_operator to None, run_after=None
[2024-09-12T15:31:51.518+0000] {processor.py:208} INFO - Processing /home/airflow/.local/lib/python3.12/site-packages/airflow/example_dags/example_python_operator.py took 0.054 seconds
[2024-09-12T15:32:21.658+0000] {processor.py:186} INFO - Started process (PID=1538) to work on /home/airflow/.local/lib/python3.12/site-packages/airflow/example_dags/example_python_operator.py
[2024-09-12T15:32:21.659+0000] {processor.py:914} INFO - Processing file /home/airflow/.local/lib/python3.12/site-packages/airflow/example_dags/example_python_operator.py for tasks to queue
[2024-09-12T15:32:21.661+0000] {logging_mixin.py:190} INFO - [2024-09-12T15:32:21.661+0000] {dagbag.py:587} INFO - Filling up the DagBag from /home/airflow/.local/lib/python3.12/site-packages/airflow/example_dags/example_python_operator.py
[2024-09-12T15:32:21.670+0000] {processor.py:925} INFO - DAG(s) 'example_python_operator' retrieved from /home/airflow/.local/lib/python3.12/site-packages/airflow/example_dags/example_python_operator.py
[2024-09-12T15:32:21.687+0000] {logging_mixin.py:190} INFO - [2024-09-12T15:32:21.687+0000] {dag.py:3229} INFO - Sync 1 DAGs
[2024-09-12T15:32:21.696+0000] {logging_mixin.py:190} INFO - [2024-09-12T15:32:21.696+0000] {dag.py:4156} INFO - Setting next_dagrun for example_python_operator to None, run_after=None
[2024-09-12T15:32:21.706+0000] {processor.py:208} INFO - Processing /home/airflow/.local/lib/python3.12/site-packages/airflow/example_dags/example_python_operator.py took 0.053 seconds
[2024-09-12T15:32:51.912+0000] {processor.py:186} INFO - Started process (PID=1599) to work on /home/airflow/.local/lib/python3.12/site-packages/airflow/example_dags/example_python_operator.py
[2024-09-12T15:32:51.914+0000] {processor.py:914} INFO - Processing file /home/airflow/.local/lib/python3.12/site-packages/airflow/example_dags/example_python_operator.py for tasks to queue
[2024-09-12T15:32:51.916+0000] {logging_mixin.py:190} INFO - [2024-09-12T15:32:51.916+0000] {dagbag.py:587} INFO - Filling up the DagBag from /home/airflow/.local/lib/python3.12/site-packages/airflow/example_dags/example_python_operator.py
[2024-09-12T15:32:51.925+0000] {processor.py:925} INFO - DAG(s) 'example_python_operator' retrieved from /home/airflow/.local/lib/python3.12/site-packages/airflow/example_dags/example_python_operator.py
[2024-09-12T15:32:51.943+0000] {logging_mixin.py:190} INFO - [2024-09-12T15:32:51.943+0000] {dag.py:3229} INFO - Sync 1 DAGs
[2024-09-12T15:32:51.954+0000] {logging_mixin.py:190} INFO - [2024-09-12T15:32:51.953+0000] {dag.py:4156} INFO - Setting next_dagrun for example_python_operator to None, run_after=None
[2024-09-12T15:32:51.967+0000] {processor.py:208} INFO - Processing /home/airflow/.local/lib/python3.12/site-packages/airflow/example_dags/example_python_operator.py took 0.060 seconds
[2024-09-12T15:33:22.266+0000] {processor.py:186} INFO - Started process (PID=1661) to work on /home/airflow/.local/lib/python3.12/site-packages/airflow/example_dags/example_python_operator.py
[2024-09-12T15:33:22.267+0000] {processor.py:914} INFO - Processing file /home/airflow/.local/lib/python3.12/site-packages/airflow/example_dags/example_python_operator.py for tasks to queue
[2024-09-12T15:33:22.270+0000] {logging_mixin.py:190} INFO - [2024-09-12T15:33:22.269+0000] {dagbag.py:587} INFO - Filling up the DagBag from /home/airflow/.local/lib/python3.12/site-packages/airflow/example_dags/example_python_operator.py
[2024-09-12T15:33:22.278+0000] {processor.py:925} INFO - DAG(s) 'example_python_operator' retrieved from /home/airflow/.local/lib/python3.12/site-packages/airflow/example_dags/example_python_operator.py
[2024-09-12T15:33:22.295+0000] {logging_mixin.py:190} INFO - [2024-09-12T15:33:22.295+0000] {dag.py:3229} INFO - Sync 1 DAGs
[2024-09-12T15:33:22.306+0000] {logging_mixin.py:190} INFO - [2024-09-12T15:33:22.306+0000] {dag.py:4156} INFO - Setting next_dagrun for example_python_operator to None, run_after=None
[2024-09-12T15:33:22.320+0000] {processor.py:208} INFO - Processing /home/airflow/.local/lib/python3.12/site-packages/airflow/example_dags/example_python_operator.py took 0.058 seconds
[2024-09-12T15:33:52.609+0000] {processor.py:186} INFO - Started process (PID=1723) to work on /home/airflow/.local/lib/python3.12/site-packages/airflow/example_dags/example_python_operator.py
[2024-09-12T15:33:52.610+0000] {processor.py:914} INFO - Processing file /home/airflow/.local/lib/python3.12/site-packages/airflow/example_dags/example_python_operator.py for tasks to queue
[2024-09-12T15:33:52.612+0000] {logging_mixin.py:190} INFO - [2024-09-12T15:33:52.612+0000] {dagbag.py:587} INFO - Filling up the DagBag from /home/airflow/.local/lib/python3.12/site-packages/airflow/example_dags/example_python_operator.py
[2024-09-12T15:33:52.622+0000] {processor.py:925} INFO - DAG(s) 'example_python_operator' retrieved from /home/airflow/.local/lib/python3.12/site-packages/airflow/example_dags/example_python_operator.py
[2024-09-12T15:33:52.639+0000] {logging_mixin.py:190} INFO - [2024-09-12T15:33:52.639+0000] {dag.py:3229} INFO - Sync 1 DAGs
[2024-09-12T15:33:52.650+0000] {logging_mixin.py:190} INFO - [2024-09-12T15:33:52.649+0000] {dag.py:4156} INFO - Setting next_dagrun for example_python_operator to None, run_after=None
[2024-09-12T15:33:52.661+0000] {processor.py:208} INFO - Processing /home/airflow/.local/lib/python3.12/site-packages/airflow/example_dags/example_python_operator.py took 0.056 seconds
