[2024-09-12T15:20:09.293+0000] {processor.py:186} INFO - Started process (PID=63) to work on /home/airflow/.local/lib/python3.12/site-packages/airflow/example_dags/tutorial_objectstorage.py
[2024-09-12T15:20:09.294+0000] {processor.py:914} INFO - Processing file /home/airflow/.local/lib/python3.12/site-packages/airflow/example_dags/tutorial_objectstorage.py for tasks to queue
[2024-09-12T15:20:09.297+0000] {logging_mixin.py:190} INFO - [2024-09-12T15:20:09.296+0000] {dagbag.py:587} INFO - Filling up the DagBag from /home/airflow/.local/lib/python3.12/site-packages/airflow/example_dags/tutorial_objectstorage.py
[2024-09-12T15:20:09.306+0000] {processor.py:925} INFO - DAG(s) 'tutorial_objectstorage' retrieved from /home/airflow/.local/lib/python3.12/site-packages/airflow/example_dags/tutorial_objectstorage.py
[2024-09-12T15:20:09.374+0000] {logging_mixin.py:190} INFO - [2024-09-12T15:20:09.374+0000] {override.py:1900} INFO - Created Permission View: can read on DAG:tutorial_objectstorage
[2024-09-12T15:20:09.380+0000] {logging_mixin.py:190} INFO - [2024-09-12T15:20:09.380+0000] {override.py:1900} INFO - Created Permission View: can delete on DAG:tutorial_objectstorage
[2024-09-12T15:20:09.383+0000] {logging_mixin.py:190} INFO - [2024-09-12T15:20:09.383+0000] {override.py:1900} INFO - Created Permission View: can edit on DAG:tutorial_objectstorage
[2024-09-12T15:20:09.387+0000] {logging_mixin.py:190} INFO - [2024-09-12T15:20:09.387+0000] {override.py:1900} INFO - Created Permission View: can read on DAG Run:tutorial_objectstorage
[2024-09-12T15:20:09.391+0000] {logging_mixin.py:190} INFO - [2024-09-12T15:20:09.391+0000] {override.py:1900} INFO - Created Permission View: can create on DAG Run:tutorial_objectstorage
[2024-09-12T15:20:09.394+0000] {logging_mixin.py:190} INFO - [2024-09-12T15:20:09.394+0000] {override.py:1900} INFO - Created Permission View: menu access on DAG Run:tutorial_objectstorage
[2024-09-12T15:20:09.398+0000] {logging_mixin.py:190} INFO - [2024-09-12T15:20:09.397+0000] {override.py:1900} INFO - Created Permission View: can delete on DAG Run:tutorial_objectstorage
[2024-09-12T15:20:09.398+0000] {logging_mixin.py:190} INFO - [2024-09-12T15:20:09.398+0000] {dag.py:3229} INFO - Sync 1 DAGs
[2024-09-12T15:20:09.405+0000] {logging_mixin.py:190} INFO - [2024-09-12T15:20:09.404+0000] {dag.py:3252} INFO - Creating ORM DAG for tutorial_objectstorage
[2024-09-12T15:20:09.405+0000] {logging_mixin.py:190} INFO - [2024-09-12T15:20:09.405+0000] {dag.py:4156} INFO - Setting next_dagrun for tutorial_objectstorage to None, run_after=None
[2024-09-12T15:20:09.414+0000] {processor.py:208} INFO - Processing /home/airflow/.local/lib/python3.12/site-packages/airflow/example_dags/tutorial_objectstorage.py took 0.126 seconds
[2024-09-12T15:20:39.567+0000] {processor.py:186} INFO - Started process (PID=126) to work on /home/airflow/.local/lib/python3.12/site-packages/airflow/example_dags/tutorial_objectstorage.py
[2024-09-12T15:20:39.568+0000] {processor.py:914} INFO - Processing file /home/airflow/.local/lib/python3.12/site-packages/airflow/example_dags/tutorial_objectstorage.py for tasks to queue
[2024-09-12T15:20:39.571+0000] {logging_mixin.py:190} INFO - [2024-09-12T15:20:39.571+0000] {dagbag.py:587} INFO - Filling up the DagBag from /home/airflow/.local/lib/python3.12/site-packages/airflow/example_dags/tutorial_objectstorage.py
[2024-09-12T15:20:39.580+0000] {processor.py:925} INFO - DAG(s) 'tutorial_objectstorage' retrieved from /home/airflow/.local/lib/python3.12/site-packages/airflow/example_dags/tutorial_objectstorage.py
[2024-09-12T15:20:39.616+0000] {logging_mixin.py:190} INFO - [2024-09-12T15:20:39.616+0000] {dag.py:3229} INFO - Sync 1 DAGs
[2024-09-12T15:20:39.627+0000] {logging_mixin.py:190} INFO - [2024-09-12T15:20:39.627+0000] {dag.py:4156} INFO - Setting next_dagrun for tutorial_objectstorage to None, run_after=None
[2024-09-12T15:20:39.641+0000] {processor.py:208} INFO - Processing /home/airflow/.local/lib/python3.12/site-packages/airflow/example_dags/tutorial_objectstorage.py took 0.079 seconds
[2024-09-12T15:21:10.161+0000] {processor.py:186} INFO - Started process (PID=189) to work on /home/airflow/.local/lib/python3.12/site-packages/airflow/example_dags/tutorial_objectstorage.py
[2024-09-12T15:21:10.163+0000] {processor.py:914} INFO - Processing file /home/airflow/.local/lib/python3.12/site-packages/airflow/example_dags/tutorial_objectstorage.py for tasks to queue
[2024-09-12T15:21:10.165+0000] {logging_mixin.py:190} INFO - [2024-09-12T15:21:10.165+0000] {dagbag.py:587} INFO - Filling up the DagBag from /home/airflow/.local/lib/python3.12/site-packages/airflow/example_dags/tutorial_objectstorage.py
[2024-09-12T15:21:10.173+0000] {processor.py:925} INFO - DAG(s) 'tutorial_objectstorage' retrieved from /home/airflow/.local/lib/python3.12/site-packages/airflow/example_dags/tutorial_objectstorage.py
[2024-09-12T15:21:10.190+0000] {logging_mixin.py:190} INFO - [2024-09-12T15:21:10.190+0000] {dag.py:3229} INFO - Sync 1 DAGs
[2024-09-12T15:21:10.199+0000] {logging_mixin.py:190} INFO - [2024-09-12T15:21:10.198+0000] {dag.py:4156} INFO - Setting next_dagrun for tutorial_objectstorage to None, run_after=None
[2024-09-12T15:21:10.210+0000] {processor.py:208} INFO - Processing /home/airflow/.local/lib/python3.12/site-packages/airflow/example_dags/tutorial_objectstorage.py took 0.053 seconds
[2024-09-12T15:21:41.257+0000] {processor.py:186} INFO - Started process (PID=251) to work on /home/airflow/.local/lib/python3.12/site-packages/airflow/example_dags/tutorial_objectstorage.py
[2024-09-12T15:21:41.258+0000] {processor.py:914} INFO - Processing file /home/airflow/.local/lib/python3.12/site-packages/airflow/example_dags/tutorial_objectstorage.py for tasks to queue
[2024-09-12T15:21:41.261+0000] {logging_mixin.py:190} INFO - [2024-09-12T15:21:41.260+0000] {dagbag.py:587} INFO - Filling up the DagBag from /home/airflow/.local/lib/python3.12/site-packages/airflow/example_dags/tutorial_objectstorage.py
[2024-09-12T15:21:41.268+0000] {processor.py:925} INFO - DAG(s) 'tutorial_objectstorage' retrieved from /home/airflow/.local/lib/python3.12/site-packages/airflow/example_dags/tutorial_objectstorage.py
[2024-09-12T15:21:41.284+0000] {logging_mixin.py:190} INFO - [2024-09-12T15:21:41.284+0000] {dag.py:3229} INFO - Sync 1 DAGs
[2024-09-12T15:21:41.301+0000] {logging_mixin.py:190} INFO - [2024-09-12T15:21:41.300+0000] {dag.py:4156} INFO - Setting next_dagrun for tutorial_objectstorage to None, run_after=None
[2024-09-12T15:21:41.312+0000] {processor.py:208} INFO - Processing /home/airflow/.local/lib/python3.12/site-packages/airflow/example_dags/tutorial_objectstorage.py took 0.059 seconds
[2024-09-12T15:22:12.086+0000] {processor.py:186} INFO - Started process (PID=313) to work on /home/airflow/.local/lib/python3.12/site-packages/airflow/example_dags/tutorial_objectstorage.py
[2024-09-12T15:22:12.087+0000] {processor.py:914} INFO - Processing file /home/airflow/.local/lib/python3.12/site-packages/airflow/example_dags/tutorial_objectstorage.py for tasks to queue
[2024-09-12T15:22:12.090+0000] {logging_mixin.py:190} INFO - [2024-09-12T15:22:12.090+0000] {dagbag.py:587} INFO - Filling up the DagBag from /home/airflow/.local/lib/python3.12/site-packages/airflow/example_dags/tutorial_objectstorage.py
[2024-09-12T15:22:12.098+0000] {processor.py:925} INFO - DAG(s) 'tutorial_objectstorage' retrieved from /home/airflow/.local/lib/python3.12/site-packages/airflow/example_dags/tutorial_objectstorage.py
[2024-09-12T15:22:12.120+0000] {logging_mixin.py:190} INFO - [2024-09-12T15:22:12.120+0000] {dag.py:3229} INFO - Sync 1 DAGs
[2024-09-12T15:22:12.132+0000] {logging_mixin.py:190} INFO - [2024-09-12T15:22:12.132+0000] {dag.py:4156} INFO - Setting next_dagrun for tutorial_objectstorage to None, run_after=None
[2024-09-12T15:22:12.144+0000] {processor.py:208} INFO - Processing /home/airflow/.local/lib/python3.12/site-packages/airflow/example_dags/tutorial_objectstorage.py took 0.064 seconds
[2024-09-12T15:22:42.606+0000] {processor.py:186} INFO - Started process (PID=375) to work on /home/airflow/.local/lib/python3.12/site-packages/airflow/example_dags/tutorial_objectstorage.py
[2024-09-12T15:22:42.608+0000] {processor.py:914} INFO - Processing file /home/airflow/.local/lib/python3.12/site-packages/airflow/example_dags/tutorial_objectstorage.py for tasks to queue
[2024-09-12T15:22:42.610+0000] {logging_mixin.py:190} INFO - [2024-09-12T15:22:42.610+0000] {dagbag.py:587} INFO - Filling up the DagBag from /home/airflow/.local/lib/python3.12/site-packages/airflow/example_dags/tutorial_objectstorage.py
[2024-09-12T15:22:42.619+0000] {processor.py:925} INFO - DAG(s) 'tutorial_objectstorage' retrieved from /home/airflow/.local/lib/python3.12/site-packages/airflow/example_dags/tutorial_objectstorage.py
[2024-09-12T15:22:42.636+0000] {logging_mixin.py:190} INFO - [2024-09-12T15:22:42.635+0000] {dag.py:3229} INFO - Sync 1 DAGs
[2024-09-12T15:22:42.645+0000] {logging_mixin.py:190} INFO - [2024-09-12T15:22:42.645+0000] {dag.py:4156} INFO - Setting next_dagrun for tutorial_objectstorage to None, run_after=None
[2024-09-12T15:22:42.657+0000] {processor.py:208} INFO - Processing /home/airflow/.local/lib/python3.12/site-packages/airflow/example_dags/tutorial_objectstorage.py took 0.056 seconds
[2024-09-12T15:23:12.743+0000] {processor.py:186} INFO - Started process (PID=437) to work on /home/airflow/.local/lib/python3.12/site-packages/airflow/example_dags/tutorial_objectstorage.py
[2024-09-12T15:23:12.744+0000] {processor.py:914} INFO - Processing file /home/airflow/.local/lib/python3.12/site-packages/airflow/example_dags/tutorial_objectstorage.py for tasks to queue
[2024-09-12T15:23:12.747+0000] {logging_mixin.py:190} INFO - [2024-09-12T15:23:12.747+0000] {dagbag.py:587} INFO - Filling up the DagBag from /home/airflow/.local/lib/python3.12/site-packages/airflow/example_dags/tutorial_objectstorage.py
[2024-09-12T15:23:12.756+0000] {processor.py:925} INFO - DAG(s) 'tutorial_objectstorage' retrieved from /home/airflow/.local/lib/python3.12/site-packages/airflow/example_dags/tutorial_objectstorage.py
[2024-09-12T15:23:12.773+0000] {logging_mixin.py:190} INFO - [2024-09-12T15:23:12.773+0000] {dag.py:3229} INFO - Sync 1 DAGs
[2024-09-12T15:23:12.782+0000] {logging_mixin.py:190} INFO - [2024-09-12T15:23:12.782+0000] {dag.py:4156} INFO - Setting next_dagrun for tutorial_objectstorage to None, run_after=None
[2024-09-12T15:23:12.796+0000] {processor.py:208} INFO - Processing /home/airflow/.local/lib/python3.12/site-packages/airflow/example_dags/tutorial_objectstorage.py took 0.060 seconds
[2024-09-12T15:23:43.092+0000] {processor.py:186} INFO - Started process (PID=499) to work on /home/airflow/.local/lib/python3.12/site-packages/airflow/example_dags/tutorial_objectstorage.py
[2024-09-12T15:23:43.093+0000] {processor.py:914} INFO - Processing file /home/airflow/.local/lib/python3.12/site-packages/airflow/example_dags/tutorial_objectstorage.py for tasks to queue
[2024-09-12T15:23:43.096+0000] {logging_mixin.py:190} INFO - [2024-09-12T15:23:43.095+0000] {dagbag.py:587} INFO - Filling up the DagBag from /home/airflow/.local/lib/python3.12/site-packages/airflow/example_dags/tutorial_objectstorage.py
[2024-09-12T15:23:43.105+0000] {processor.py:925} INFO - DAG(s) 'tutorial_objectstorage' retrieved from /home/airflow/.local/lib/python3.12/site-packages/airflow/example_dags/tutorial_objectstorage.py
[2024-09-12T15:23:43.123+0000] {logging_mixin.py:190} INFO - [2024-09-12T15:23:43.123+0000] {dag.py:3229} INFO - Sync 1 DAGs
[2024-09-12T15:23:43.132+0000] {logging_mixin.py:190} INFO - [2024-09-12T15:23:43.132+0000] {dag.py:4156} INFO - Setting next_dagrun for tutorial_objectstorage to None, run_after=None
[2024-09-12T15:23:43.145+0000] {processor.py:208} INFO - Processing /home/airflow/.local/lib/python3.12/site-packages/airflow/example_dags/tutorial_objectstorage.py took 0.058 seconds
[2024-09-12T15:24:14.060+0000] {processor.py:186} INFO - Started process (PID=560) to work on /home/airflow/.local/lib/python3.12/site-packages/airflow/example_dags/tutorial_objectstorage.py
[2024-09-12T15:24:14.062+0000] {processor.py:914} INFO - Processing file /home/airflow/.local/lib/python3.12/site-packages/airflow/example_dags/tutorial_objectstorage.py for tasks to queue
[2024-09-12T15:24:14.066+0000] {logging_mixin.py:190} INFO - [2024-09-12T15:24:14.065+0000] {dagbag.py:587} INFO - Filling up the DagBag from /home/airflow/.local/lib/python3.12/site-packages/airflow/example_dags/tutorial_objectstorage.py
[2024-09-12T15:24:14.076+0000] {processor.py:925} INFO - DAG(s) 'tutorial_objectstorage' retrieved from /home/airflow/.local/lib/python3.12/site-packages/airflow/example_dags/tutorial_objectstorage.py
[2024-09-12T15:24:14.096+0000] {logging_mixin.py:190} INFO - [2024-09-12T15:24:14.096+0000] {dag.py:3229} INFO - Sync 1 DAGs
[2024-09-12T15:24:14.109+0000] {logging_mixin.py:190} INFO - [2024-09-12T15:24:14.109+0000] {dag.py:4156} INFO - Setting next_dagrun for tutorial_objectstorage to None, run_after=None
[2024-09-12T15:24:14.123+0000] {processor.py:208} INFO - Processing /home/airflow/.local/lib/python3.12/site-packages/airflow/example_dags/tutorial_objectstorage.py took 0.069 seconds
[2024-09-12T15:24:44.311+0000] {processor.py:186} INFO - Started process (PID=622) to work on /home/airflow/.local/lib/python3.12/site-packages/airflow/example_dags/tutorial_objectstorage.py
[2024-09-12T15:24:44.313+0000] {processor.py:914} INFO - Processing file /home/airflow/.local/lib/python3.12/site-packages/airflow/example_dags/tutorial_objectstorage.py for tasks to queue
[2024-09-12T15:24:44.318+0000] {logging_mixin.py:190} INFO - [2024-09-12T15:24:44.317+0000] {dagbag.py:587} INFO - Filling up the DagBag from /home/airflow/.local/lib/python3.12/site-packages/airflow/example_dags/tutorial_objectstorage.py
[2024-09-12T15:24:44.328+0000] {processor.py:925} INFO - DAG(s) 'tutorial_objectstorage' retrieved from /home/airflow/.local/lib/python3.12/site-packages/airflow/example_dags/tutorial_objectstorage.py
[2024-09-12T15:24:44.354+0000] {logging_mixin.py:190} INFO - [2024-09-12T15:24:44.354+0000] {dag.py:3229} INFO - Sync 1 DAGs
[2024-09-12T15:24:44.365+0000] {logging_mixin.py:190} INFO - [2024-09-12T15:24:44.364+0000] {dag.py:4156} INFO - Setting next_dagrun for tutorial_objectstorage to None, run_after=None
[2024-09-12T15:24:44.376+0000] {processor.py:208} INFO - Processing /home/airflow/.local/lib/python3.12/site-packages/airflow/example_dags/tutorial_objectstorage.py took 0.074 seconds
[2024-09-12T15:25:14.679+0000] {processor.py:186} INFO - Started process (PID=684) to work on /home/airflow/.local/lib/python3.12/site-packages/airflow/example_dags/tutorial_objectstorage.py
[2024-09-12T15:25:14.681+0000] {processor.py:914} INFO - Processing file /home/airflow/.local/lib/python3.12/site-packages/airflow/example_dags/tutorial_objectstorage.py for tasks to queue
[2024-09-12T15:25:14.683+0000] {logging_mixin.py:190} INFO - [2024-09-12T15:25:14.683+0000] {dagbag.py:587} INFO - Filling up the DagBag from /home/airflow/.local/lib/python3.12/site-packages/airflow/example_dags/tutorial_objectstorage.py
[2024-09-12T15:25:14.691+0000] {processor.py:925} INFO - DAG(s) 'tutorial_objectstorage' retrieved from /home/airflow/.local/lib/python3.12/site-packages/airflow/example_dags/tutorial_objectstorage.py
[2024-09-12T15:25:14.708+0000] {logging_mixin.py:190} INFO - [2024-09-12T15:25:14.707+0000] {dag.py:3229} INFO - Sync 1 DAGs
[2024-09-12T15:25:14.718+0000] {logging_mixin.py:190} INFO - [2024-09-12T15:25:14.717+0000] {dag.py:4156} INFO - Setting next_dagrun for tutorial_objectstorage to None, run_after=None
[2024-09-12T15:25:14.734+0000] {processor.py:208} INFO - Processing /home/airflow/.local/lib/python3.12/site-packages/airflow/example_dags/tutorial_objectstorage.py took 0.059 seconds
[2024-09-12T15:25:44.857+0000] {processor.py:186} INFO - Started process (PID=747) to work on /home/airflow/.local/lib/python3.12/site-packages/airflow/example_dags/tutorial_objectstorage.py
[2024-09-12T15:25:44.858+0000] {processor.py:914} INFO - Processing file /home/airflow/.local/lib/python3.12/site-packages/airflow/example_dags/tutorial_objectstorage.py for tasks to queue
[2024-09-12T15:25:44.861+0000] {logging_mixin.py:190} INFO - [2024-09-12T15:25:44.861+0000] {dagbag.py:587} INFO - Filling up the DagBag from /home/airflow/.local/lib/python3.12/site-packages/airflow/example_dags/tutorial_objectstorage.py
[2024-09-12T15:25:44.871+0000] {processor.py:925} INFO - DAG(s) 'tutorial_objectstorage' retrieved from /home/airflow/.local/lib/python3.12/site-packages/airflow/example_dags/tutorial_objectstorage.py
[2024-09-12T15:25:44.890+0000] {logging_mixin.py:190} INFO - [2024-09-12T15:25:44.889+0000] {dag.py:3229} INFO - Sync 1 DAGs
[2024-09-12T15:25:44.900+0000] {logging_mixin.py:190} INFO - [2024-09-12T15:25:44.900+0000] {dag.py:4156} INFO - Setting next_dagrun for tutorial_objectstorage to None, run_after=None
[2024-09-12T15:25:44.913+0000] {processor.py:208} INFO - Processing /home/airflow/.local/lib/python3.12/site-packages/airflow/example_dags/tutorial_objectstorage.py took 0.061 seconds
[2024-09-12T15:26:15.144+0000] {processor.py:186} INFO - Started process (PID=814) to work on /home/airflow/.local/lib/python3.12/site-packages/airflow/example_dags/tutorial_objectstorage.py
[2024-09-12T15:26:15.145+0000] {processor.py:914} INFO - Processing file /home/airflow/.local/lib/python3.12/site-packages/airflow/example_dags/tutorial_objectstorage.py for tasks to queue
[2024-09-12T15:26:15.148+0000] {logging_mixin.py:190} INFO - [2024-09-12T15:26:15.148+0000] {dagbag.py:587} INFO - Filling up the DagBag from /home/airflow/.local/lib/python3.12/site-packages/airflow/example_dags/tutorial_objectstorage.py
[2024-09-12T15:26:15.156+0000] {processor.py:925} INFO - DAG(s) 'tutorial_objectstorage' retrieved from /home/airflow/.local/lib/python3.12/site-packages/airflow/example_dags/tutorial_objectstorage.py
[2024-09-12T15:26:15.173+0000] {logging_mixin.py:190} INFO - [2024-09-12T15:26:15.173+0000] {dag.py:3229} INFO - Sync 1 DAGs
[2024-09-12T15:26:15.182+0000] {logging_mixin.py:190} INFO - [2024-09-12T15:26:15.182+0000] {dag.py:4156} INFO - Setting next_dagrun for tutorial_objectstorage to None, run_after=None
[2024-09-12T15:26:15.192+0000] {processor.py:208} INFO - Processing /home/airflow/.local/lib/python3.12/site-packages/airflow/example_dags/tutorial_objectstorage.py took 0.054 seconds
[2024-09-12T15:26:46.370+0000] {processor.py:186} INFO - Started process (PID=876) to work on /home/airflow/.local/lib/python3.12/site-packages/airflow/example_dags/tutorial_objectstorage.py
[2024-09-12T15:26:46.372+0000] {processor.py:914} INFO - Processing file /home/airflow/.local/lib/python3.12/site-packages/airflow/example_dags/tutorial_objectstorage.py for tasks to queue
[2024-09-12T15:26:46.374+0000] {logging_mixin.py:190} INFO - [2024-09-12T15:26:46.373+0000] {dagbag.py:587} INFO - Filling up the DagBag from /home/airflow/.local/lib/python3.12/site-packages/airflow/example_dags/tutorial_objectstorage.py
[2024-09-12T15:26:46.381+0000] {processor.py:925} INFO - DAG(s) 'tutorial_objectstorage' retrieved from /home/airflow/.local/lib/python3.12/site-packages/airflow/example_dags/tutorial_objectstorage.py
[2024-09-12T15:26:46.397+0000] {logging_mixin.py:190} INFO - [2024-09-12T15:26:46.396+0000] {dag.py:3229} INFO - Sync 1 DAGs
[2024-09-12T15:26:46.406+0000] {logging_mixin.py:190} INFO - [2024-09-12T15:26:46.406+0000] {dag.py:4156} INFO - Setting next_dagrun for tutorial_objectstorage to None, run_after=None
[2024-09-12T15:26:46.417+0000] {processor.py:208} INFO - Processing /home/airflow/.local/lib/python3.12/site-packages/airflow/example_dags/tutorial_objectstorage.py took 0.051 seconds
[2024-09-12T15:27:16.553+0000] {processor.py:186} INFO - Started process (PID=938) to work on /home/airflow/.local/lib/python3.12/site-packages/airflow/example_dags/tutorial_objectstorage.py
[2024-09-12T15:27:16.554+0000] {processor.py:914} INFO - Processing file /home/airflow/.local/lib/python3.12/site-packages/airflow/example_dags/tutorial_objectstorage.py for tasks to queue
[2024-09-12T15:27:16.556+0000] {logging_mixin.py:190} INFO - [2024-09-12T15:27:16.556+0000] {dagbag.py:587} INFO - Filling up the DagBag from /home/airflow/.local/lib/python3.12/site-packages/airflow/example_dags/tutorial_objectstorage.py
[2024-09-12T15:27:16.564+0000] {processor.py:925} INFO - DAG(s) 'tutorial_objectstorage' retrieved from /home/airflow/.local/lib/python3.12/site-packages/airflow/example_dags/tutorial_objectstorage.py
[2024-09-12T15:27:16.580+0000] {logging_mixin.py:190} INFO - [2024-09-12T15:27:16.580+0000] {dag.py:3229} INFO - Sync 1 DAGs
[2024-09-12T15:27:16.589+0000] {logging_mixin.py:190} INFO - [2024-09-12T15:27:16.589+0000] {dag.py:4156} INFO - Setting next_dagrun for tutorial_objectstorage to None, run_after=None
[2024-09-12T15:27:16.600+0000] {processor.py:208} INFO - Processing /home/airflow/.local/lib/python3.12/site-packages/airflow/example_dags/tutorial_objectstorage.py took 0.052 seconds
[2024-09-12T15:27:47.442+0000] {processor.py:186} INFO - Started process (PID=1000) to work on /home/airflow/.local/lib/python3.12/site-packages/airflow/example_dags/tutorial_objectstorage.py
[2024-09-12T15:27:47.443+0000] {processor.py:914} INFO - Processing file /home/airflow/.local/lib/python3.12/site-packages/airflow/example_dags/tutorial_objectstorage.py for tasks to queue
[2024-09-12T15:27:47.448+0000] {logging_mixin.py:190} INFO - [2024-09-12T15:27:47.448+0000] {dagbag.py:587} INFO - Filling up the DagBag from /home/airflow/.local/lib/python3.12/site-packages/airflow/example_dags/tutorial_objectstorage.py
[2024-09-12T15:27:47.456+0000] {processor.py:925} INFO - DAG(s) 'tutorial_objectstorage' retrieved from /home/airflow/.local/lib/python3.12/site-packages/airflow/example_dags/tutorial_objectstorage.py
[2024-09-12T15:27:47.476+0000] {logging_mixin.py:190} INFO - [2024-09-12T15:27:47.476+0000] {dag.py:3229} INFO - Sync 1 DAGs
[2024-09-12T15:27:47.488+0000] {logging_mixin.py:190} INFO - [2024-09-12T15:27:47.488+0000] {dag.py:4156} INFO - Setting next_dagrun for tutorial_objectstorage to None, run_after=None
[2024-09-12T15:27:47.503+0000] {processor.py:208} INFO - Processing /home/airflow/.local/lib/python3.12/site-packages/airflow/example_dags/tutorial_objectstorage.py took 0.066 seconds
[2024-09-12T15:28:18.153+0000] {processor.py:186} INFO - Started process (PID=1062) to work on /home/airflow/.local/lib/python3.12/site-packages/airflow/example_dags/tutorial_objectstorage.py
[2024-09-12T15:28:18.156+0000] {processor.py:914} INFO - Processing file /home/airflow/.local/lib/python3.12/site-packages/airflow/example_dags/tutorial_objectstorage.py for tasks to queue
[2024-09-12T15:28:18.158+0000] {logging_mixin.py:190} INFO - [2024-09-12T15:28:18.158+0000] {dagbag.py:587} INFO - Filling up the DagBag from /home/airflow/.local/lib/python3.12/site-packages/airflow/example_dags/tutorial_objectstorage.py
[2024-09-12T15:28:18.166+0000] {processor.py:925} INFO - DAG(s) 'tutorial_objectstorage' retrieved from /home/airflow/.local/lib/python3.12/site-packages/airflow/example_dags/tutorial_objectstorage.py
[2024-09-12T15:28:18.184+0000] {logging_mixin.py:190} INFO - [2024-09-12T15:28:18.183+0000] {dag.py:3229} INFO - Sync 1 DAGs
[2024-09-12T15:28:18.196+0000] {logging_mixin.py:190} INFO - [2024-09-12T15:28:18.195+0000] {dag.py:4156} INFO - Setting next_dagrun for tutorial_objectstorage to None, run_after=None
[2024-09-12T15:28:18.210+0000] {processor.py:208} INFO - Processing /home/airflow/.local/lib/python3.12/site-packages/airflow/example_dags/tutorial_objectstorage.py took 0.062 seconds
[2024-09-12T15:28:48.540+0000] {processor.py:186} INFO - Started process (PID=1124) to work on /home/airflow/.local/lib/python3.12/site-packages/airflow/example_dags/tutorial_objectstorage.py
[2024-09-12T15:28:48.542+0000] {processor.py:914} INFO - Processing file /home/airflow/.local/lib/python3.12/site-packages/airflow/example_dags/tutorial_objectstorage.py for tasks to queue
[2024-09-12T15:28:48.544+0000] {logging_mixin.py:190} INFO - [2024-09-12T15:28:48.544+0000] {dagbag.py:587} INFO - Filling up the DagBag from /home/airflow/.local/lib/python3.12/site-packages/airflow/example_dags/tutorial_objectstorage.py
[2024-09-12T15:28:48.552+0000] {processor.py:925} INFO - DAG(s) 'tutorial_objectstorage' retrieved from /home/airflow/.local/lib/python3.12/site-packages/airflow/example_dags/tutorial_objectstorage.py
[2024-09-12T15:28:48.568+0000] {logging_mixin.py:190} INFO - [2024-09-12T15:28:48.568+0000] {dag.py:3229} INFO - Sync 1 DAGs
[2024-09-12T15:28:48.577+0000] {logging_mixin.py:190} INFO - [2024-09-12T15:28:48.577+0000] {dag.py:4156} INFO - Setting next_dagrun for tutorial_objectstorage to None, run_after=None
[2024-09-12T15:28:48.587+0000] {processor.py:208} INFO - Processing /home/airflow/.local/lib/python3.12/site-packages/airflow/example_dags/tutorial_objectstorage.py took 0.052 seconds
[2024-09-12T15:29:18.960+0000] {processor.py:186} INFO - Started process (PID=1186) to work on /home/airflow/.local/lib/python3.12/site-packages/airflow/example_dags/tutorial_objectstorage.py
[2024-09-12T15:29:18.962+0000] {processor.py:914} INFO - Processing file /home/airflow/.local/lib/python3.12/site-packages/airflow/example_dags/tutorial_objectstorage.py for tasks to queue
[2024-09-12T15:29:18.964+0000] {logging_mixin.py:190} INFO - [2024-09-12T15:29:18.964+0000] {dagbag.py:587} INFO - Filling up the DagBag from /home/airflow/.local/lib/python3.12/site-packages/airflow/example_dags/tutorial_objectstorage.py
[2024-09-12T15:29:18.972+0000] {processor.py:925} INFO - DAG(s) 'tutorial_objectstorage' retrieved from /home/airflow/.local/lib/python3.12/site-packages/airflow/example_dags/tutorial_objectstorage.py
[2024-09-12T15:29:18.989+0000] {logging_mixin.py:190} INFO - [2024-09-12T15:29:18.989+0000] {dag.py:3229} INFO - Sync 1 DAGs
[2024-09-12T15:29:18.999+0000] {logging_mixin.py:190} INFO - [2024-09-12T15:29:18.999+0000] {dag.py:4156} INFO - Setting next_dagrun for tutorial_objectstorage to None, run_after=None
[2024-09-12T15:29:19.011+0000] {processor.py:208} INFO - Processing /home/airflow/.local/lib/python3.12/site-packages/airflow/example_dags/tutorial_objectstorage.py took 0.056 seconds
[2024-09-12T15:29:49.301+0000] {processor.py:186} INFO - Started process (PID=1248) to work on /home/airflow/.local/lib/python3.12/site-packages/airflow/example_dags/tutorial_objectstorage.py
[2024-09-12T15:29:49.303+0000] {processor.py:914} INFO - Processing file /home/airflow/.local/lib/python3.12/site-packages/airflow/example_dags/tutorial_objectstorage.py for tasks to queue
[2024-09-12T15:29:49.305+0000] {logging_mixin.py:190} INFO - [2024-09-12T15:29:49.305+0000] {dagbag.py:587} INFO - Filling up the DagBag from /home/airflow/.local/lib/python3.12/site-packages/airflow/example_dags/tutorial_objectstorage.py
[2024-09-12T15:29:49.313+0000] {processor.py:925} INFO - DAG(s) 'tutorial_objectstorage' retrieved from /home/airflow/.local/lib/python3.12/site-packages/airflow/example_dags/tutorial_objectstorage.py
[2024-09-12T15:29:49.329+0000] {logging_mixin.py:190} INFO - [2024-09-12T15:29:49.328+0000] {dag.py:3229} INFO - Sync 1 DAGs
[2024-09-12T15:29:49.339+0000] {logging_mixin.py:190} INFO - [2024-09-12T15:29:49.339+0000] {dag.py:4156} INFO - Setting next_dagrun for tutorial_objectstorage to None, run_after=None
[2024-09-12T15:29:49.350+0000] {processor.py:208} INFO - Processing /home/airflow/.local/lib/python3.12/site-packages/airflow/example_dags/tutorial_objectstorage.py took 0.053 seconds
[2024-09-12T15:30:20.372+0000] {processor.py:186} INFO - Started process (PID=1310) to work on /home/airflow/.local/lib/python3.12/site-packages/airflow/example_dags/tutorial_objectstorage.py
[2024-09-12T15:30:20.373+0000] {processor.py:914} INFO - Processing file /home/airflow/.local/lib/python3.12/site-packages/airflow/example_dags/tutorial_objectstorage.py for tasks to queue
[2024-09-12T15:30:20.376+0000] {logging_mixin.py:190} INFO - [2024-09-12T15:30:20.375+0000] {dagbag.py:587} INFO - Filling up the DagBag from /home/airflow/.local/lib/python3.12/site-packages/airflow/example_dags/tutorial_objectstorage.py
[2024-09-12T15:30:20.383+0000] {processor.py:925} INFO - DAG(s) 'tutorial_objectstorage' retrieved from /home/airflow/.local/lib/python3.12/site-packages/airflow/example_dags/tutorial_objectstorage.py
[2024-09-12T15:30:20.399+0000] {logging_mixin.py:190} INFO - [2024-09-12T15:30:20.399+0000] {dag.py:3229} INFO - Sync 1 DAGs
[2024-09-12T15:30:20.408+0000] {logging_mixin.py:190} INFO - [2024-09-12T15:30:20.408+0000] {dag.py:4156} INFO - Setting next_dagrun for tutorial_objectstorage to None, run_after=None
[2024-09-12T15:30:20.419+0000] {processor.py:208} INFO - Processing /home/airflow/.local/lib/python3.12/site-packages/airflow/example_dags/tutorial_objectstorage.py took 0.051 seconds
[2024-09-12T15:30:51.716+0000] {processor.py:186} INFO - Started process (PID=1372) to work on /home/airflow/.local/lib/python3.12/site-packages/airflow/example_dags/tutorial_objectstorage.py
[2024-09-12T15:30:51.717+0000] {processor.py:914} INFO - Processing file /home/airflow/.local/lib/python3.12/site-packages/airflow/example_dags/tutorial_objectstorage.py for tasks to queue
[2024-09-12T15:30:51.719+0000] {logging_mixin.py:190} INFO - [2024-09-12T15:30:51.719+0000] {dagbag.py:587} INFO - Filling up the DagBag from /home/airflow/.local/lib/python3.12/site-packages/airflow/example_dags/tutorial_objectstorage.py
[2024-09-12T15:30:51.727+0000] {processor.py:925} INFO - DAG(s) 'tutorial_objectstorage' retrieved from /home/airflow/.local/lib/python3.12/site-packages/airflow/example_dags/tutorial_objectstorage.py
[2024-09-12T15:30:51.743+0000] {logging_mixin.py:190} INFO - [2024-09-12T15:30:51.743+0000] {dag.py:3229} INFO - Sync 1 DAGs
[2024-09-12T15:30:51.752+0000] {logging_mixin.py:190} INFO - [2024-09-12T15:30:51.752+0000] {dag.py:4156} INFO - Setting next_dagrun for tutorial_objectstorage to None, run_after=None
[2024-09-12T15:30:51.762+0000] {processor.py:208} INFO - Processing /home/airflow/.local/lib/python3.12/site-packages/airflow/example_dags/tutorial_objectstorage.py took 0.051 seconds
[2024-09-12T15:31:22.063+0000] {processor.py:186} INFO - Started process (PID=1434) to work on /home/airflow/.local/lib/python3.12/site-packages/airflow/example_dags/tutorial_objectstorage.py
[2024-09-12T15:31:22.065+0000] {processor.py:914} INFO - Processing file /home/airflow/.local/lib/python3.12/site-packages/airflow/example_dags/tutorial_objectstorage.py for tasks to queue
[2024-09-12T15:31:22.067+0000] {logging_mixin.py:190} INFO - [2024-09-12T15:31:22.067+0000] {dagbag.py:587} INFO - Filling up the DagBag from /home/airflow/.local/lib/python3.12/site-packages/airflow/example_dags/tutorial_objectstorage.py
[2024-09-12T15:31:22.075+0000] {processor.py:925} INFO - DAG(s) 'tutorial_objectstorage' retrieved from /home/airflow/.local/lib/python3.12/site-packages/airflow/example_dags/tutorial_objectstorage.py
[2024-09-12T15:31:22.091+0000] {logging_mixin.py:190} INFO - [2024-09-12T15:31:22.091+0000] {dag.py:3229} INFO - Sync 1 DAGs
[2024-09-12T15:31:22.100+0000] {logging_mixin.py:190} INFO - [2024-09-12T15:31:22.100+0000] {dag.py:4156} INFO - Setting next_dagrun for tutorial_objectstorage to None, run_after=None
[2024-09-12T15:31:22.111+0000] {processor.py:208} INFO - Processing /home/airflow/.local/lib/python3.12/site-packages/airflow/example_dags/tutorial_objectstorage.py took 0.053 seconds
[2024-09-12T15:31:52.391+0000] {processor.py:186} INFO - Started process (PID=1496) to work on /home/airflow/.local/lib/python3.12/site-packages/airflow/example_dags/tutorial_objectstorage.py
[2024-09-12T15:31:52.392+0000] {processor.py:914} INFO - Processing file /home/airflow/.local/lib/python3.12/site-packages/airflow/example_dags/tutorial_objectstorage.py for tasks to queue
[2024-09-12T15:31:52.394+0000] {logging_mixin.py:190} INFO - [2024-09-12T15:31:52.394+0000] {dagbag.py:587} INFO - Filling up the DagBag from /home/airflow/.local/lib/python3.12/site-packages/airflow/example_dags/tutorial_objectstorage.py
[2024-09-12T15:31:52.402+0000] {processor.py:925} INFO - DAG(s) 'tutorial_objectstorage' retrieved from /home/airflow/.local/lib/python3.12/site-packages/airflow/example_dags/tutorial_objectstorage.py
[2024-09-12T15:31:52.417+0000] {logging_mixin.py:190} INFO - [2024-09-12T15:31:52.417+0000] {dag.py:3229} INFO - Sync 1 DAGs
[2024-09-12T15:31:52.427+0000] {logging_mixin.py:190} INFO - [2024-09-12T15:31:52.426+0000] {dag.py:4156} INFO - Setting next_dagrun for tutorial_objectstorage to None, run_after=None
[2024-09-12T15:31:52.437+0000] {processor.py:208} INFO - Processing /home/airflow/.local/lib/python3.12/site-packages/airflow/example_dags/tutorial_objectstorage.py took 0.051 seconds
[2024-09-12T15:32:22.623+0000] {processor.py:186} INFO - Started process (PID=1557) to work on /home/airflow/.local/lib/python3.12/site-packages/airflow/example_dags/tutorial_objectstorage.py
[2024-09-12T15:32:22.624+0000] {processor.py:914} INFO - Processing file /home/airflow/.local/lib/python3.12/site-packages/airflow/example_dags/tutorial_objectstorage.py for tasks to queue
[2024-09-12T15:32:22.626+0000] {logging_mixin.py:190} INFO - [2024-09-12T15:32:22.626+0000] {dagbag.py:587} INFO - Filling up the DagBag from /home/airflow/.local/lib/python3.12/site-packages/airflow/example_dags/tutorial_objectstorage.py
[2024-09-12T15:32:22.634+0000] {processor.py:925} INFO - DAG(s) 'tutorial_objectstorage' retrieved from /home/airflow/.local/lib/python3.12/site-packages/airflow/example_dags/tutorial_objectstorage.py
[2024-09-12T15:32:22.650+0000] {logging_mixin.py:190} INFO - [2024-09-12T15:32:22.650+0000] {dag.py:3229} INFO - Sync 1 DAGs
[2024-09-12T15:32:22.660+0000] {logging_mixin.py:190} INFO - [2024-09-12T15:32:22.660+0000] {dag.py:4156} INFO - Setting next_dagrun for tutorial_objectstorage to None, run_after=None
[2024-09-12T15:32:22.671+0000] {processor.py:208} INFO - Processing /home/airflow/.local/lib/python3.12/site-packages/airflow/example_dags/tutorial_objectstorage.py took 0.053 seconds
[2024-09-12T15:32:52.937+0000] {processor.py:186} INFO - Started process (PID=1618) to work on /home/airflow/.local/lib/python3.12/site-packages/airflow/example_dags/tutorial_objectstorage.py
[2024-09-12T15:32:52.938+0000] {processor.py:914} INFO - Processing file /home/airflow/.local/lib/python3.12/site-packages/airflow/example_dags/tutorial_objectstorage.py for tasks to queue
[2024-09-12T15:32:52.941+0000] {logging_mixin.py:190} INFO - [2024-09-12T15:32:52.941+0000] {dagbag.py:587} INFO - Filling up the DagBag from /home/airflow/.local/lib/python3.12/site-packages/airflow/example_dags/tutorial_objectstorage.py
[2024-09-12T15:32:52.949+0000] {processor.py:925} INFO - DAG(s) 'tutorial_objectstorage' retrieved from /home/airflow/.local/lib/python3.12/site-packages/airflow/example_dags/tutorial_objectstorage.py
[2024-09-12T15:32:52.965+0000] {logging_mixin.py:190} INFO - [2024-09-12T15:32:52.965+0000] {dag.py:3229} INFO - Sync 1 DAGs
[2024-09-12T15:32:52.974+0000] {logging_mixin.py:190} INFO - [2024-09-12T15:32:52.974+0000] {dag.py:4156} INFO - Setting next_dagrun for tutorial_objectstorage to None, run_after=None
[2024-09-12T15:32:52.986+0000] {processor.py:208} INFO - Processing /home/airflow/.local/lib/python3.12/site-packages/airflow/example_dags/tutorial_objectstorage.py took 0.053 seconds
[2024-09-12T15:33:23.085+0000] {processor.py:186} INFO - Started process (PID=1680) to work on /home/airflow/.local/lib/python3.12/site-packages/airflow/example_dags/tutorial_objectstorage.py
[2024-09-12T15:33:23.086+0000] {processor.py:914} INFO - Processing file /home/airflow/.local/lib/python3.12/site-packages/airflow/example_dags/tutorial_objectstorage.py for tasks to queue
[2024-09-12T15:33:23.088+0000] {logging_mixin.py:190} INFO - [2024-09-12T15:33:23.088+0000] {dagbag.py:587} INFO - Filling up the DagBag from /home/airflow/.local/lib/python3.12/site-packages/airflow/example_dags/tutorial_objectstorage.py
[2024-09-12T15:33:23.096+0000] {processor.py:925} INFO - DAG(s) 'tutorial_objectstorage' retrieved from /home/airflow/.local/lib/python3.12/site-packages/airflow/example_dags/tutorial_objectstorage.py
[2024-09-12T15:33:23.113+0000] {logging_mixin.py:190} INFO - [2024-09-12T15:33:23.112+0000] {dag.py:3229} INFO - Sync 1 DAGs
[2024-09-12T15:33:23.121+0000] {logging_mixin.py:190} INFO - [2024-09-12T15:33:23.121+0000] {dag.py:4156} INFO - Setting next_dagrun for tutorial_objectstorage to None, run_after=None
[2024-09-12T15:33:23.133+0000] {processor.py:208} INFO - Processing /home/airflow/.local/lib/python3.12/site-packages/airflow/example_dags/tutorial_objectstorage.py took 0.053 seconds
[2024-09-12T15:33:53.543+0000] {processor.py:186} INFO - Started process (PID=1742) to work on /home/airflow/.local/lib/python3.12/site-packages/airflow/example_dags/tutorial_objectstorage.py
[2024-09-12T15:33:53.545+0000] {processor.py:914} INFO - Processing file /home/airflow/.local/lib/python3.12/site-packages/airflow/example_dags/tutorial_objectstorage.py for tasks to queue
[2024-09-12T15:33:53.547+0000] {logging_mixin.py:190} INFO - [2024-09-12T15:33:53.547+0000] {dagbag.py:587} INFO - Filling up the DagBag from /home/airflow/.local/lib/python3.12/site-packages/airflow/example_dags/tutorial_objectstorage.py
[2024-09-12T15:33:53.555+0000] {processor.py:925} INFO - DAG(s) 'tutorial_objectstorage' retrieved from /home/airflow/.local/lib/python3.12/site-packages/airflow/example_dags/tutorial_objectstorage.py
[2024-09-12T15:33:53.572+0000] {logging_mixin.py:190} INFO - [2024-09-12T15:33:53.572+0000] {dag.py:3229} INFO - Sync 1 DAGs
[2024-09-12T15:33:53.581+0000] {logging_mixin.py:190} INFO - [2024-09-12T15:33:53.581+0000] {dag.py:4156} INFO - Setting next_dagrun for tutorial_objectstorage to None, run_after=None
[2024-09-12T15:33:53.592+0000] {processor.py:208} INFO - Processing /home/airflow/.local/lib/python3.12/site-packages/airflow/example_dags/tutorial_objectstorage.py took 0.054 seconds
