[2024-09-12T15:20:09.340+0000] {processor.py:186} INFO - Started process (PID=64) to work on /home/airflow/.local/lib/python3.12/site-packages/airflow/example_dags/tutorial_dag.py
[2024-09-12T15:20:09.341+0000] {processor.py:914} INFO - Processing file /home/airflow/.local/lib/python3.12/site-packages/airflow/example_dags/tutorial_dag.py for tasks to queue
[2024-09-12T15:20:09.343+0000] {logging_mixin.py:190} INFO - [2024-09-12T15:20:09.343+0000] {dagbag.py:587} INFO - Filling up the DagBag from /home/airflow/.local/lib/python3.12/site-packages/airflow/example_dags/tutorial_dag.py
[2024-09-12T15:20:09.350+0000] {processor.py:925} INFO - DAG(s) 'tutorial_dag' retrieved from /home/airflow/.local/lib/python3.12/site-packages/airflow/example_dags/tutorial_dag.py
[2024-09-12T15:20:09.429+0000] {logging_mixin.py:190} INFO - [2024-09-12T15:20:09.428+0000] {override.py:1900} INFO - Created Permission View: can read on DAG:tutorial_dag
[2024-09-12T15:20:09.435+0000] {logging_mixin.py:190} INFO - [2024-09-12T15:20:09.435+0000] {override.py:1900} INFO - Created Permission View: can delete on DAG:tutorial_dag
[2024-09-12T15:20:09.438+0000] {logging_mixin.py:190} INFO - [2024-09-12T15:20:09.438+0000] {override.py:1900} INFO - Created Permission View: can edit on DAG:tutorial_dag
[2024-09-12T15:20:09.442+0000] {logging_mixin.py:190} INFO - [2024-09-12T15:20:09.442+0000] {override.py:1900} INFO - Created Permission View: can read on DAG Run:tutorial_dag
[2024-09-12T15:20:09.445+0000] {logging_mixin.py:190} INFO - [2024-09-12T15:20:09.445+0000] {override.py:1900} INFO - Created Permission View: can create on DAG Run:tutorial_dag
[2024-09-12T15:20:09.448+0000] {logging_mixin.py:190} INFO - [2024-09-12T15:20:09.448+0000] {override.py:1900} INFO - Created Permission View: menu access on DAG Run:tutorial_dag
[2024-09-12T15:20:09.452+0000] {logging_mixin.py:190} INFO - [2024-09-12T15:20:09.452+0000] {override.py:1900} INFO - Created Permission View: can delete on DAG Run:tutorial_dag
[2024-09-12T15:20:09.452+0000] {logging_mixin.py:190} INFO - [2024-09-12T15:20:09.452+0000] {dag.py:3229} INFO - Sync 1 DAGs
[2024-09-12T15:20:09.460+0000] {logging_mixin.py:190} INFO - [2024-09-12T15:20:09.460+0000] {dag.py:3252} INFO - Creating ORM DAG for tutorial_dag
[2024-09-12T15:20:09.461+0000] {logging_mixin.py:190} INFO - [2024-09-12T15:20:09.461+0000] {dag.py:4156} INFO - Setting next_dagrun for tutorial_dag to None, run_after=None
[2024-09-12T15:20:09.470+0000] {processor.py:208} INFO - Processing /home/airflow/.local/lib/python3.12/site-packages/airflow/example_dags/tutorial_dag.py took 0.135 seconds
[2024-09-12T15:20:39.650+0000] {processor.py:186} INFO - Started process (PID=127) to work on /home/airflow/.local/lib/python3.12/site-packages/airflow/example_dags/tutorial_dag.py
[2024-09-12T15:20:39.652+0000] {processor.py:914} INFO - Processing file /home/airflow/.local/lib/python3.12/site-packages/airflow/example_dags/tutorial_dag.py for tasks to queue
[2024-09-12T15:20:39.656+0000] {logging_mixin.py:190} INFO - [2024-09-12T15:20:39.655+0000] {dagbag.py:587} INFO - Filling up the DagBag from /home/airflow/.local/lib/python3.12/site-packages/airflow/example_dags/tutorial_dag.py
[2024-09-12T15:20:39.665+0000] {processor.py:925} INFO - DAG(s) 'tutorial_dag' retrieved from /home/airflow/.local/lib/python3.12/site-packages/airflow/example_dags/tutorial_dag.py
[2024-09-12T15:20:39.687+0000] {logging_mixin.py:190} INFO - [2024-09-12T15:20:39.687+0000] {dag.py:3229} INFO - Sync 1 DAGs
[2024-09-12T15:20:39.697+0000] {logging_mixin.py:190} INFO - [2024-09-12T15:20:39.697+0000] {dag.py:4156} INFO - Setting next_dagrun for tutorial_dag to None, run_after=None
[2024-09-12T15:20:39.709+0000] {processor.py:208} INFO - Processing /home/airflow/.local/lib/python3.12/site-packages/airflow/example_dags/tutorial_dag.py took 0.064 seconds
[2024-09-12T15:21:10.241+0000] {processor.py:186} INFO - Started process (PID=190) to work on /home/airflow/.local/lib/python3.12/site-packages/airflow/example_dags/tutorial_dag.py
[2024-09-12T15:21:10.242+0000] {processor.py:914} INFO - Processing file /home/airflow/.local/lib/python3.12/site-packages/airflow/example_dags/tutorial_dag.py for tasks to queue
[2024-09-12T15:21:10.245+0000] {logging_mixin.py:190} INFO - [2024-09-12T15:21:10.244+0000] {dagbag.py:587} INFO - Filling up the DagBag from /home/airflow/.local/lib/python3.12/site-packages/airflow/example_dags/tutorial_dag.py
[2024-09-12T15:21:10.252+0000] {processor.py:925} INFO - DAG(s) 'tutorial_dag' retrieved from /home/airflow/.local/lib/python3.12/site-packages/airflow/example_dags/tutorial_dag.py
[2024-09-12T15:21:10.268+0000] {logging_mixin.py:190} INFO - [2024-09-12T15:21:10.268+0000] {dag.py:3229} INFO - Sync 1 DAGs
[2024-09-12T15:21:10.278+0000] {logging_mixin.py:190} INFO - [2024-09-12T15:21:10.278+0000] {dag.py:4156} INFO - Setting next_dagrun for tutorial_dag to None, run_after=None
[2024-09-12T15:21:10.289+0000] {processor.py:208} INFO - Processing /home/airflow/.local/lib/python3.12/site-packages/airflow/example_dags/tutorial_dag.py took 0.054 seconds
[2024-09-12T15:21:41.341+0000] {processor.py:186} INFO - Started process (PID=252) to work on /home/airflow/.local/lib/python3.12/site-packages/airflow/example_dags/tutorial_dag.py
[2024-09-12T15:21:41.342+0000] {processor.py:914} INFO - Processing file /home/airflow/.local/lib/python3.12/site-packages/airflow/example_dags/tutorial_dag.py for tasks to queue
[2024-09-12T15:21:41.344+0000] {logging_mixin.py:190} INFO - [2024-09-12T15:21:41.344+0000] {dagbag.py:587} INFO - Filling up the DagBag from /home/airflow/.local/lib/python3.12/site-packages/airflow/example_dags/tutorial_dag.py
[2024-09-12T15:21:41.351+0000] {processor.py:925} INFO - DAG(s) 'tutorial_dag' retrieved from /home/airflow/.local/lib/python3.12/site-packages/airflow/example_dags/tutorial_dag.py
[2024-09-12T15:21:41.368+0000] {logging_mixin.py:190} INFO - [2024-09-12T15:21:41.368+0000] {dag.py:3229} INFO - Sync 1 DAGs
[2024-09-12T15:21:41.391+0000] {logging_mixin.py:190} INFO - [2024-09-12T15:21:41.379+0000] {dag.py:4156} INFO - Setting next_dagrun for tutorial_dag to None, run_after=None
[2024-09-12T15:21:41.405+0000] {processor.py:208} INFO - Processing /home/airflow/.local/lib/python3.12/site-packages/airflow/example_dags/tutorial_dag.py took 0.069 seconds
[2024-09-12T15:22:12.155+0000] {processor.py:186} INFO - Started process (PID=314) to work on /home/airflow/.local/lib/python3.12/site-packages/airflow/example_dags/tutorial_dag.py
[2024-09-12T15:22:12.156+0000] {processor.py:914} INFO - Processing file /home/airflow/.local/lib/python3.12/site-packages/airflow/example_dags/tutorial_dag.py for tasks to queue
[2024-09-12T15:22:12.160+0000] {logging_mixin.py:190} INFO - [2024-09-12T15:22:12.160+0000] {dagbag.py:587} INFO - Filling up the DagBag from /home/airflow/.local/lib/python3.12/site-packages/airflow/example_dags/tutorial_dag.py
[2024-09-12T15:22:12.167+0000] {processor.py:925} INFO - DAG(s) 'tutorial_dag' retrieved from /home/airflow/.local/lib/python3.12/site-packages/airflow/example_dags/tutorial_dag.py
[2024-09-12T15:22:12.185+0000] {logging_mixin.py:190} INFO - [2024-09-12T15:22:12.185+0000] {dag.py:3229} INFO - Sync 1 DAGs
[2024-09-12T15:22:12.196+0000] {logging_mixin.py:190} INFO - [2024-09-12T15:22:12.196+0000] {dag.py:4156} INFO - Setting next_dagrun for tutorial_dag to None, run_after=None
[2024-09-12T15:22:12.208+0000] {processor.py:208} INFO - Processing /home/airflow/.local/lib/python3.12/site-packages/airflow/example_dags/tutorial_dag.py took 0.057 seconds
[2024-09-12T15:22:42.674+0000] {processor.py:186} INFO - Started process (PID=376) to work on /home/airflow/.local/lib/python3.12/site-packages/airflow/example_dags/tutorial_dag.py
[2024-09-12T15:22:42.676+0000] {processor.py:914} INFO - Processing file /home/airflow/.local/lib/python3.12/site-packages/airflow/example_dags/tutorial_dag.py for tasks to queue
[2024-09-12T15:22:42.678+0000] {logging_mixin.py:190} INFO - [2024-09-12T15:22:42.678+0000] {dagbag.py:587} INFO - Filling up the DagBag from /home/airflow/.local/lib/python3.12/site-packages/airflow/example_dags/tutorial_dag.py
[2024-09-12T15:22:42.684+0000] {processor.py:925} INFO - DAG(s) 'tutorial_dag' retrieved from /home/airflow/.local/lib/python3.12/site-packages/airflow/example_dags/tutorial_dag.py
[2024-09-12T15:22:42.706+0000] {logging_mixin.py:190} INFO - [2024-09-12T15:22:42.706+0000] {dag.py:3229} INFO - Sync 1 DAGs
[2024-09-12T15:22:42.717+0000] {logging_mixin.py:190} INFO - [2024-09-12T15:22:42.716+0000] {dag.py:4156} INFO - Setting next_dagrun for tutorial_dag to None, run_after=None
[2024-09-12T15:22:42.728+0000] {processor.py:208} INFO - Processing /home/airflow/.local/lib/python3.12/site-packages/airflow/example_dags/tutorial_dag.py took 0.058 seconds
[2024-09-12T15:23:12.815+0000] {processor.py:186} INFO - Started process (PID=438) to work on /home/airflow/.local/lib/python3.12/site-packages/airflow/example_dags/tutorial_dag.py
[2024-09-12T15:23:12.816+0000] {processor.py:914} INFO - Processing file /home/airflow/.local/lib/python3.12/site-packages/airflow/example_dags/tutorial_dag.py for tasks to queue
[2024-09-12T15:23:12.818+0000] {logging_mixin.py:190} INFO - [2024-09-12T15:23:12.818+0000] {dagbag.py:587} INFO - Filling up the DagBag from /home/airflow/.local/lib/python3.12/site-packages/airflow/example_dags/tutorial_dag.py
[2024-09-12T15:23:12.824+0000] {processor.py:925} INFO - DAG(s) 'tutorial_dag' retrieved from /home/airflow/.local/lib/python3.12/site-packages/airflow/example_dags/tutorial_dag.py
[2024-09-12T15:23:12.840+0000] {logging_mixin.py:190} INFO - [2024-09-12T15:23:12.840+0000] {dag.py:3229} INFO - Sync 1 DAGs
[2024-09-12T15:23:12.849+0000] {logging_mixin.py:190} INFO - [2024-09-12T15:23:12.849+0000] {dag.py:4156} INFO - Setting next_dagrun for tutorial_dag to None, run_after=None
[2024-09-12T15:23:12.860+0000] {processor.py:208} INFO - Processing /home/airflow/.local/lib/python3.12/site-packages/airflow/example_dags/tutorial_dag.py took 0.050 seconds
[2024-09-12T15:23:43.115+0000] {processor.py:186} INFO - Started process (PID=500) to work on /home/airflow/.local/lib/python3.12/site-packages/airflow/example_dags/tutorial_dag.py
[2024-09-12T15:23:43.116+0000] {processor.py:914} INFO - Processing file /home/airflow/.local/lib/python3.12/site-packages/airflow/example_dags/tutorial_dag.py for tasks to queue
[2024-09-12T15:23:43.119+0000] {logging_mixin.py:190} INFO - [2024-09-12T15:23:43.118+0000] {dagbag.py:587} INFO - Filling up the DagBag from /home/airflow/.local/lib/python3.12/site-packages/airflow/example_dags/tutorial_dag.py
[2024-09-12T15:23:43.125+0000] {processor.py:925} INFO - DAG(s) 'tutorial_dag' retrieved from /home/airflow/.local/lib/python3.12/site-packages/airflow/example_dags/tutorial_dag.py
[2024-09-12T15:23:43.142+0000] {logging_mixin.py:190} INFO - [2024-09-12T15:23:43.142+0000] {dag.py:3229} INFO - Sync 1 DAGs
[2024-09-12T15:23:43.152+0000] {logging_mixin.py:190} INFO - [2024-09-12T15:23:43.152+0000] {dag.py:4156} INFO - Setting next_dagrun for tutorial_dag to None, run_after=None
[2024-09-12T15:23:43.163+0000] {processor.py:208} INFO - Processing /home/airflow/.local/lib/python3.12/site-packages/airflow/example_dags/tutorial_dag.py took 0.053 seconds
[2024-09-12T15:24:14.072+0000] {processor.py:186} INFO - Started process (PID=561) to work on /home/airflow/.local/lib/python3.12/site-packages/airflow/example_dags/tutorial_dag.py
[2024-09-12T15:24:14.074+0000] {processor.py:914} INFO - Processing file /home/airflow/.local/lib/python3.12/site-packages/airflow/example_dags/tutorial_dag.py for tasks to queue
[2024-09-12T15:24:14.077+0000] {logging_mixin.py:190} INFO - [2024-09-12T15:24:14.077+0000] {dagbag.py:587} INFO - Filling up the DagBag from /home/airflow/.local/lib/python3.12/site-packages/airflow/example_dags/tutorial_dag.py
[2024-09-12T15:24:14.085+0000] {processor.py:925} INFO - DAG(s) 'tutorial_dag' retrieved from /home/airflow/.local/lib/python3.12/site-packages/airflow/example_dags/tutorial_dag.py
[2024-09-12T15:24:14.105+0000] {logging_mixin.py:190} INFO - [2024-09-12T15:24:14.105+0000] {dag.py:3229} INFO - Sync 1 DAGs
[2024-09-12T15:24:14.118+0000] {logging_mixin.py:190} INFO - [2024-09-12T15:24:14.118+0000] {dag.py:4156} INFO - Setting next_dagrun for tutorial_dag to None, run_after=None
[2024-09-12T15:24:14.133+0000] {processor.py:208} INFO - Processing /home/airflow/.local/lib/python3.12/site-packages/airflow/example_dags/tutorial_dag.py took 0.069 seconds
[2024-09-12T15:24:44.318+0000] {processor.py:186} INFO - Started process (PID=623) to work on /home/airflow/.local/lib/python3.12/site-packages/airflow/example_dags/tutorial_dag.py
[2024-09-12T15:24:44.320+0000] {processor.py:914} INFO - Processing file /home/airflow/.local/lib/python3.12/site-packages/airflow/example_dags/tutorial_dag.py for tasks to queue
[2024-09-12T15:24:44.324+0000] {logging_mixin.py:190} INFO - [2024-09-12T15:24:44.323+0000] {dagbag.py:587} INFO - Filling up the DagBag from /home/airflow/.local/lib/python3.12/site-packages/airflow/example_dags/tutorial_dag.py
[2024-09-12T15:24:44.338+0000] {processor.py:925} INFO - DAG(s) 'tutorial_dag' retrieved from /home/airflow/.local/lib/python3.12/site-packages/airflow/example_dags/tutorial_dag.py
[2024-09-12T15:24:44.358+0000] {logging_mixin.py:190} INFO - [2024-09-12T15:24:44.358+0000] {dag.py:3229} INFO - Sync 1 DAGs
[2024-09-12T15:24:44.367+0000] {logging_mixin.py:190} INFO - [2024-09-12T15:24:44.367+0000] {dag.py:4156} INFO - Setting next_dagrun for tutorial_dag to None, run_after=None
[2024-09-12T15:24:44.379+0000] {processor.py:208} INFO - Processing /home/airflow/.local/lib/python3.12/site-packages/airflow/example_dags/tutorial_dag.py took 0.068 seconds
[2024-09-12T15:25:14.695+0000] {processor.py:186} INFO - Started process (PID=685) to work on /home/airflow/.local/lib/python3.12/site-packages/airflow/example_dags/tutorial_dag.py
[2024-09-12T15:25:14.697+0000] {processor.py:914} INFO - Processing file /home/airflow/.local/lib/python3.12/site-packages/airflow/example_dags/tutorial_dag.py for tasks to queue
[2024-09-12T15:25:14.700+0000] {logging_mixin.py:190} INFO - [2024-09-12T15:25:14.699+0000] {dagbag.py:587} INFO - Filling up the DagBag from /home/airflow/.local/lib/python3.12/site-packages/airflow/example_dags/tutorial_dag.py
[2024-09-12T15:25:14.706+0000] {processor.py:925} INFO - DAG(s) 'tutorial_dag' retrieved from /home/airflow/.local/lib/python3.12/site-packages/airflow/example_dags/tutorial_dag.py
[2024-09-12T15:25:14.728+0000] {logging_mixin.py:190} INFO - [2024-09-12T15:25:14.728+0000] {dag.py:3229} INFO - Sync 1 DAGs
[2024-09-12T15:25:14.740+0000] {logging_mixin.py:190} INFO - [2024-09-12T15:25:14.740+0000] {dag.py:4156} INFO - Setting next_dagrun for tutorial_dag to None, run_after=None
[2024-09-12T15:25:14.758+0000] {processor.py:208} INFO - Processing /home/airflow/.local/lib/python3.12/site-packages/airflow/example_dags/tutorial_dag.py took 0.066 seconds
[2024-09-12T15:25:44.930+0000] {processor.py:186} INFO - Started process (PID=753) to work on /home/airflow/.local/lib/python3.12/site-packages/airflow/example_dags/tutorial_dag.py
[2024-09-12T15:25:44.931+0000] {processor.py:914} INFO - Processing file /home/airflow/.local/lib/python3.12/site-packages/airflow/example_dags/tutorial_dag.py for tasks to queue
[2024-09-12T15:25:44.934+0000] {logging_mixin.py:190} INFO - [2024-09-12T15:25:44.933+0000] {dagbag.py:587} INFO - Filling up the DagBag from /home/airflow/.local/lib/python3.12/site-packages/airflow/example_dags/tutorial_dag.py
[2024-09-12T15:25:44.940+0000] {processor.py:925} INFO - DAG(s) 'tutorial_dag' retrieved from /home/airflow/.local/lib/python3.12/site-packages/airflow/example_dags/tutorial_dag.py
[2024-09-12T15:25:44.957+0000] {logging_mixin.py:190} INFO - [2024-09-12T15:25:44.957+0000] {dag.py:3229} INFO - Sync 1 DAGs
[2024-09-12T15:25:44.966+0000] {logging_mixin.py:190} INFO - [2024-09-12T15:25:44.966+0000] {dag.py:4156} INFO - Setting next_dagrun for tutorial_dag to None, run_after=None
[2024-09-12T15:25:44.979+0000] {processor.py:208} INFO - Processing /home/airflow/.local/lib/python3.12/site-packages/airflow/example_dags/tutorial_dag.py took 0.053 seconds
[2024-09-12T15:26:15.160+0000] {processor.py:186} INFO - Started process (PID=815) to work on /home/airflow/.local/lib/python3.12/site-packages/airflow/example_dags/tutorial_dag.py
[2024-09-12T15:26:15.162+0000] {processor.py:914} INFO - Processing file /home/airflow/.local/lib/python3.12/site-packages/airflow/example_dags/tutorial_dag.py for tasks to queue
[2024-09-12T15:26:15.164+0000] {logging_mixin.py:190} INFO - [2024-09-12T15:26:15.164+0000] {dagbag.py:587} INFO - Filling up the DagBag from /home/airflow/.local/lib/python3.12/site-packages/airflow/example_dags/tutorial_dag.py
[2024-09-12T15:26:15.171+0000] {processor.py:925} INFO - DAG(s) 'tutorial_dag' retrieved from /home/airflow/.local/lib/python3.12/site-packages/airflow/example_dags/tutorial_dag.py
[2024-09-12T15:26:15.187+0000] {logging_mixin.py:190} INFO - [2024-09-12T15:26:15.187+0000] {dag.py:3229} INFO - Sync 1 DAGs
[2024-09-12T15:26:15.197+0000] {logging_mixin.py:190} INFO - [2024-09-12T15:26:15.197+0000] {dag.py:4156} INFO - Setting next_dagrun for tutorial_dag to None, run_after=None
[2024-09-12T15:26:15.208+0000] {processor.py:208} INFO - Processing /home/airflow/.local/lib/python3.12/site-packages/airflow/example_dags/tutorial_dag.py took 0.052 seconds
[2024-09-12T15:26:46.445+0000] {processor.py:186} INFO - Started process (PID=877) to work on /home/airflow/.local/lib/python3.12/site-packages/airflow/example_dags/tutorial_dag.py
[2024-09-12T15:26:46.446+0000] {processor.py:914} INFO - Processing file /home/airflow/.local/lib/python3.12/site-packages/airflow/example_dags/tutorial_dag.py for tasks to queue
[2024-09-12T15:26:46.448+0000] {logging_mixin.py:190} INFO - [2024-09-12T15:26:46.448+0000] {dagbag.py:587} INFO - Filling up the DagBag from /home/airflow/.local/lib/python3.12/site-packages/airflow/example_dags/tutorial_dag.py
[2024-09-12T15:26:46.454+0000] {processor.py:925} INFO - DAG(s) 'tutorial_dag' retrieved from /home/airflow/.local/lib/python3.12/site-packages/airflow/example_dags/tutorial_dag.py
[2024-09-12T15:26:46.470+0000] {logging_mixin.py:190} INFO - [2024-09-12T15:26:46.470+0000] {dag.py:3229} INFO - Sync 1 DAGs
[2024-09-12T15:26:46.479+0000] {logging_mixin.py:190} INFO - [2024-09-12T15:26:46.479+0000] {dag.py:4156} INFO - Setting next_dagrun for tutorial_dag to None, run_after=None
[2024-09-12T15:26:46.489+0000] {processor.py:208} INFO - Processing /home/airflow/.local/lib/python3.12/site-packages/airflow/example_dags/tutorial_dag.py took 0.048 seconds
[2024-09-12T15:27:16.624+0000] {processor.py:186} INFO - Started process (PID=939) to work on /home/airflow/.local/lib/python3.12/site-packages/airflow/example_dags/tutorial_dag.py
[2024-09-12T15:27:16.625+0000] {processor.py:914} INFO - Processing file /home/airflow/.local/lib/python3.12/site-packages/airflow/example_dags/tutorial_dag.py for tasks to queue
[2024-09-12T15:27:16.627+0000] {logging_mixin.py:190} INFO - [2024-09-12T15:27:16.627+0000] {dagbag.py:587} INFO - Filling up the DagBag from /home/airflow/.local/lib/python3.12/site-packages/airflow/example_dags/tutorial_dag.py
[2024-09-12T15:27:16.633+0000] {processor.py:925} INFO - DAG(s) 'tutorial_dag' retrieved from /home/airflow/.local/lib/python3.12/site-packages/airflow/example_dags/tutorial_dag.py
[2024-09-12T15:27:16.649+0000] {logging_mixin.py:190} INFO - [2024-09-12T15:27:16.649+0000] {dag.py:3229} INFO - Sync 1 DAGs
[2024-09-12T15:27:16.658+0000] {logging_mixin.py:190} INFO - [2024-09-12T15:27:16.658+0000] {dag.py:4156} INFO - Setting next_dagrun for tutorial_dag to None, run_after=None
[2024-09-12T15:27:16.669+0000] {processor.py:208} INFO - Processing /home/airflow/.local/lib/python3.12/site-packages/airflow/example_dags/tutorial_dag.py took 0.049 seconds
[2024-09-12T15:27:47.477+0000] {processor.py:186} INFO - Started process (PID=1001) to work on /home/airflow/.local/lib/python3.12/site-packages/airflow/example_dags/tutorial_dag.py
[2024-09-12T15:27:47.479+0000] {processor.py:914} INFO - Processing file /home/airflow/.local/lib/python3.12/site-packages/airflow/example_dags/tutorial_dag.py for tasks to queue
[2024-09-12T15:27:47.482+0000] {logging_mixin.py:190} INFO - [2024-09-12T15:27:47.481+0000] {dagbag.py:587} INFO - Filling up the DagBag from /home/airflow/.local/lib/python3.12/site-packages/airflow/example_dags/tutorial_dag.py
[2024-09-12T15:27:47.490+0000] {processor.py:925} INFO - DAG(s) 'tutorial_dag' retrieved from /home/airflow/.local/lib/python3.12/site-packages/airflow/example_dags/tutorial_dag.py
[2024-09-12T15:27:47.517+0000] {logging_mixin.py:190} INFO - [2024-09-12T15:27:47.517+0000] {dag.py:3229} INFO - Sync 1 DAGs
[2024-09-12T15:27:47.530+0000] {logging_mixin.py:190} INFO - [2024-09-12T15:27:47.530+0000] {dag.py:4156} INFO - Setting next_dagrun for tutorial_dag to None, run_after=None
[2024-09-12T15:27:47.552+0000] {processor.py:208} INFO - Processing /home/airflow/.local/lib/python3.12/site-packages/airflow/example_dags/tutorial_dag.py took 0.080 seconds
[2024-09-12T15:28:18.187+0000] {processor.py:186} INFO - Started process (PID=1063) to work on /home/airflow/.local/lib/python3.12/site-packages/airflow/example_dags/tutorial_dag.py
[2024-09-12T15:28:18.188+0000] {processor.py:914} INFO - Processing file /home/airflow/.local/lib/python3.12/site-packages/airflow/example_dags/tutorial_dag.py for tasks to queue
[2024-09-12T15:28:18.191+0000] {logging_mixin.py:190} INFO - [2024-09-12T15:28:18.191+0000] {dagbag.py:587} INFO - Filling up the DagBag from /home/airflow/.local/lib/python3.12/site-packages/airflow/example_dags/tutorial_dag.py
[2024-09-12T15:28:18.200+0000] {processor.py:925} INFO - DAG(s) 'tutorial_dag' retrieved from /home/airflow/.local/lib/python3.12/site-packages/airflow/example_dags/tutorial_dag.py
[2024-09-12T15:28:18.219+0000] {logging_mixin.py:190} INFO - [2024-09-12T15:28:18.219+0000] {dag.py:3229} INFO - Sync 1 DAGs
[2024-09-12T15:28:18.232+0000] {logging_mixin.py:190} INFO - [2024-09-12T15:28:18.232+0000] {dag.py:4156} INFO - Setting next_dagrun for tutorial_dag to None, run_after=None
[2024-09-12T15:28:18.246+0000] {processor.py:208} INFO - Processing /home/airflow/.local/lib/python3.12/site-packages/airflow/example_dags/tutorial_dag.py took 0.065 seconds
[2024-09-12T15:28:48.613+0000] {processor.py:186} INFO - Started process (PID=1125) to work on /home/airflow/.local/lib/python3.12/site-packages/airflow/example_dags/tutorial_dag.py
[2024-09-12T15:28:48.615+0000] {processor.py:914} INFO - Processing file /home/airflow/.local/lib/python3.12/site-packages/airflow/example_dags/tutorial_dag.py for tasks to queue
[2024-09-12T15:28:48.617+0000] {logging_mixin.py:190} INFO - [2024-09-12T15:28:48.617+0000] {dagbag.py:587} INFO - Filling up the DagBag from /home/airflow/.local/lib/python3.12/site-packages/airflow/example_dags/tutorial_dag.py
[2024-09-12T15:28:48.623+0000] {processor.py:925} INFO - DAG(s) 'tutorial_dag' retrieved from /home/airflow/.local/lib/python3.12/site-packages/airflow/example_dags/tutorial_dag.py
[2024-09-12T15:28:48.639+0000] {logging_mixin.py:190} INFO - [2024-09-12T15:28:48.639+0000] {dag.py:3229} INFO - Sync 1 DAGs
[2024-09-12T15:28:48.648+0000] {logging_mixin.py:190} INFO - [2024-09-12T15:28:48.648+0000] {dag.py:4156} INFO - Setting next_dagrun for tutorial_dag to None, run_after=None
[2024-09-12T15:28:48.658+0000] {processor.py:208} INFO - Processing /home/airflow/.local/lib/python3.12/site-packages/airflow/example_dags/tutorial_dag.py took 0.049 seconds
[2024-09-12T15:29:18.978+0000] {processor.py:186} INFO - Started process (PID=1187) to work on /home/airflow/.local/lib/python3.12/site-packages/airflow/example_dags/tutorial_dag.py
[2024-09-12T15:29:18.980+0000] {processor.py:914} INFO - Processing file /home/airflow/.local/lib/python3.12/site-packages/airflow/example_dags/tutorial_dag.py for tasks to queue
[2024-09-12T15:29:18.982+0000] {logging_mixin.py:190} INFO - [2024-09-12T15:29:18.982+0000] {dagbag.py:587} INFO - Filling up the DagBag from /home/airflow/.local/lib/python3.12/site-packages/airflow/example_dags/tutorial_dag.py
[2024-09-12T15:29:18.989+0000] {processor.py:925} INFO - DAG(s) 'tutorial_dag' retrieved from /home/airflow/.local/lib/python3.12/site-packages/airflow/example_dags/tutorial_dag.py
[2024-09-12T15:29:19.006+0000] {logging_mixin.py:190} INFO - [2024-09-12T15:29:19.006+0000] {dag.py:3229} INFO - Sync 1 DAGs
[2024-09-12T15:29:19.016+0000] {logging_mixin.py:190} INFO - [2024-09-12T15:29:19.016+0000] {dag.py:4156} INFO - Setting next_dagrun for tutorial_dag to None, run_after=None
[2024-09-12T15:29:19.028+0000] {processor.py:208} INFO - Processing /home/airflow/.local/lib/python3.12/site-packages/airflow/example_dags/tutorial_dag.py took 0.054 seconds
[2024-09-12T15:29:49.361+0000] {processor.py:186} INFO - Started process (PID=1249) to work on /home/airflow/.local/lib/python3.12/site-packages/airflow/example_dags/tutorial_dag.py
[2024-09-12T15:29:49.363+0000] {processor.py:914} INFO - Processing file /home/airflow/.local/lib/python3.12/site-packages/airflow/example_dags/tutorial_dag.py for tasks to queue
[2024-09-12T15:29:49.365+0000] {logging_mixin.py:190} INFO - [2024-09-12T15:29:49.365+0000] {dagbag.py:587} INFO - Filling up the DagBag from /home/airflow/.local/lib/python3.12/site-packages/airflow/example_dags/tutorial_dag.py
[2024-09-12T15:29:49.371+0000] {processor.py:925} INFO - DAG(s) 'tutorial_dag' retrieved from /home/airflow/.local/lib/python3.12/site-packages/airflow/example_dags/tutorial_dag.py
[2024-09-12T15:29:49.390+0000] {logging_mixin.py:190} INFO - [2024-09-12T15:29:49.390+0000] {dag.py:3229} INFO - Sync 1 DAGs
[2024-09-12T15:29:49.400+0000] {logging_mixin.py:190} INFO - [2024-09-12T15:29:49.400+0000] {dag.py:4156} INFO - Setting next_dagrun for tutorial_dag to None, run_after=None
[2024-09-12T15:29:49.410+0000] {processor.py:208} INFO - Processing /home/airflow/.local/lib/python3.12/site-packages/airflow/example_dags/tutorial_dag.py took 0.054 seconds
[2024-09-12T15:30:20.445+0000] {processor.py:186} INFO - Started process (PID=1311) to work on /home/airflow/.local/lib/python3.12/site-packages/airflow/example_dags/tutorial_dag.py
[2024-09-12T15:30:20.446+0000] {processor.py:914} INFO - Processing file /home/airflow/.local/lib/python3.12/site-packages/airflow/example_dags/tutorial_dag.py for tasks to queue
[2024-09-12T15:30:20.448+0000] {logging_mixin.py:190} INFO - [2024-09-12T15:30:20.448+0000] {dagbag.py:587} INFO - Filling up the DagBag from /home/airflow/.local/lib/python3.12/site-packages/airflow/example_dags/tutorial_dag.py
[2024-09-12T15:30:20.454+0000] {processor.py:925} INFO - DAG(s) 'tutorial_dag' retrieved from /home/airflow/.local/lib/python3.12/site-packages/airflow/example_dags/tutorial_dag.py
[2024-09-12T15:30:20.471+0000] {logging_mixin.py:190} INFO - [2024-09-12T15:30:20.470+0000] {dag.py:3229} INFO - Sync 1 DAGs
[2024-09-12T15:30:20.480+0000] {logging_mixin.py:190} INFO - [2024-09-12T15:30:20.479+0000] {dag.py:4156} INFO - Setting next_dagrun for tutorial_dag to None, run_after=None
[2024-09-12T15:30:20.490+0000] {processor.py:208} INFO - Processing /home/airflow/.local/lib/python3.12/site-packages/airflow/example_dags/tutorial_dag.py took 0.050 seconds
[2024-09-12T15:30:51.734+0000] {processor.py:186} INFO - Started process (PID=1373) to work on /home/airflow/.local/lib/python3.12/site-packages/airflow/example_dags/tutorial_dag.py
[2024-09-12T15:30:51.735+0000] {processor.py:914} INFO - Processing file /home/airflow/.local/lib/python3.12/site-packages/airflow/example_dags/tutorial_dag.py for tasks to queue
[2024-09-12T15:30:51.737+0000] {logging_mixin.py:190} INFO - [2024-09-12T15:30:51.737+0000] {dagbag.py:587} INFO - Filling up the DagBag from /home/airflow/.local/lib/python3.12/site-packages/airflow/example_dags/tutorial_dag.py
[2024-09-12T15:30:51.743+0000] {processor.py:925} INFO - DAG(s) 'tutorial_dag' retrieved from /home/airflow/.local/lib/python3.12/site-packages/airflow/example_dags/tutorial_dag.py
[2024-09-12T15:30:51.759+0000] {logging_mixin.py:190} INFO - [2024-09-12T15:30:51.759+0000] {dag.py:3229} INFO - Sync 1 DAGs
[2024-09-12T15:30:51.768+0000] {logging_mixin.py:190} INFO - [2024-09-12T15:30:51.768+0000] {dag.py:4156} INFO - Setting next_dagrun for tutorial_dag to None, run_after=None
[2024-09-12T15:30:51.779+0000] {processor.py:208} INFO - Processing /home/airflow/.local/lib/python3.12/site-packages/airflow/example_dags/tutorial_dag.py took 0.050 seconds
[2024-09-12T15:31:22.080+0000] {processor.py:186} INFO - Started process (PID=1435) to work on /home/airflow/.local/lib/python3.12/site-packages/airflow/example_dags/tutorial_dag.py
[2024-09-12T15:31:22.081+0000] {processor.py:914} INFO - Processing file /home/airflow/.local/lib/python3.12/site-packages/airflow/example_dags/tutorial_dag.py for tasks to queue
[2024-09-12T15:31:22.084+0000] {logging_mixin.py:190} INFO - [2024-09-12T15:31:22.083+0000] {dagbag.py:587} INFO - Filling up the DagBag from /home/airflow/.local/lib/python3.12/site-packages/airflow/example_dags/tutorial_dag.py
[2024-09-12T15:31:22.090+0000] {processor.py:925} INFO - DAG(s) 'tutorial_dag' retrieved from /home/airflow/.local/lib/python3.12/site-packages/airflow/example_dags/tutorial_dag.py
[2024-09-12T15:31:22.107+0000] {logging_mixin.py:190} INFO - [2024-09-12T15:31:22.107+0000] {dag.py:3229} INFO - Sync 1 DAGs
[2024-09-12T15:31:22.117+0000] {logging_mixin.py:190} INFO - [2024-09-12T15:31:22.117+0000] {dag.py:4156} INFO - Setting next_dagrun for tutorial_dag to None, run_after=None
[2024-09-12T15:31:22.128+0000] {processor.py:208} INFO - Processing /home/airflow/.local/lib/python3.12/site-packages/airflow/example_dags/tutorial_dag.py took 0.052 seconds
[2024-09-12T15:31:52.460+0000] {processor.py:186} INFO - Started process (PID=1497) to work on /home/airflow/.local/lib/python3.12/site-packages/airflow/example_dags/tutorial_dag.py
[2024-09-12T15:31:52.461+0000] {processor.py:914} INFO - Processing file /home/airflow/.local/lib/python3.12/site-packages/airflow/example_dags/tutorial_dag.py for tasks to queue
[2024-09-12T15:31:52.463+0000] {logging_mixin.py:190} INFO - [2024-09-12T15:31:52.463+0000] {dagbag.py:587} INFO - Filling up the DagBag from /home/airflow/.local/lib/python3.12/site-packages/airflow/example_dags/tutorial_dag.py
[2024-09-12T15:31:52.469+0000] {processor.py:925} INFO - DAG(s) 'tutorial_dag' retrieved from /home/airflow/.local/lib/python3.12/site-packages/airflow/example_dags/tutorial_dag.py
[2024-09-12T15:31:52.486+0000] {logging_mixin.py:190} INFO - [2024-09-12T15:31:52.485+0000] {dag.py:3229} INFO - Sync 1 DAGs
[2024-09-12T15:31:52.495+0000] {logging_mixin.py:190} INFO - [2024-09-12T15:31:52.495+0000] {dag.py:4156} INFO - Setting next_dagrun for tutorial_dag to None, run_after=None
[2024-09-12T15:31:52.505+0000] {processor.py:208} INFO - Processing /home/airflow/.local/lib/python3.12/site-packages/airflow/example_dags/tutorial_dag.py took 0.050 seconds
[2024-09-12T15:32:22.678+0000] {processor.py:186} INFO - Started process (PID=1558) to work on /home/airflow/.local/lib/python3.12/site-packages/airflow/example_dags/tutorial_dag.py
[2024-09-12T15:32:22.679+0000] {processor.py:914} INFO - Processing file /home/airflow/.local/lib/python3.12/site-packages/airflow/example_dags/tutorial_dag.py for tasks to queue
[2024-09-12T15:32:22.681+0000] {logging_mixin.py:190} INFO - [2024-09-12T15:32:22.681+0000] {dagbag.py:587} INFO - Filling up the DagBag from /home/airflow/.local/lib/python3.12/site-packages/airflow/example_dags/tutorial_dag.py
[2024-09-12T15:32:22.688+0000] {processor.py:925} INFO - DAG(s) 'tutorial_dag' retrieved from /home/airflow/.local/lib/python3.12/site-packages/airflow/example_dags/tutorial_dag.py
[2024-09-12T15:32:22.704+0000] {logging_mixin.py:190} INFO - [2024-09-12T15:32:22.704+0000] {dag.py:3229} INFO - Sync 1 DAGs
[2024-09-12T15:32:22.713+0000] {logging_mixin.py:190} INFO - [2024-09-12T15:32:22.713+0000] {dag.py:4156} INFO - Setting next_dagrun for tutorial_dag to None, run_after=None
[2024-09-12T15:32:22.725+0000] {processor.py:208} INFO - Processing /home/airflow/.local/lib/python3.12/site-packages/airflow/example_dags/tutorial_dag.py took 0.052 seconds
[2024-09-12T15:32:52.942+0000] {processor.py:186} INFO - Started process (PID=1619) to work on /home/airflow/.local/lib/python3.12/site-packages/airflow/example_dags/tutorial_dag.py
[2024-09-12T15:32:52.943+0000] {processor.py:914} INFO - Processing file /home/airflow/.local/lib/python3.12/site-packages/airflow/example_dags/tutorial_dag.py for tasks to queue
[2024-09-12T15:32:52.946+0000] {logging_mixin.py:190} INFO - [2024-09-12T15:32:52.946+0000] {dagbag.py:587} INFO - Filling up the DagBag from /home/airflow/.local/lib/python3.12/site-packages/airflow/example_dags/tutorial_dag.py
[2024-09-12T15:32:52.952+0000] {processor.py:925} INFO - DAG(s) 'tutorial_dag' retrieved from /home/airflow/.local/lib/python3.12/site-packages/airflow/example_dags/tutorial_dag.py
[2024-09-12T15:32:52.968+0000] {logging_mixin.py:190} INFO - [2024-09-12T15:32:52.968+0000] {dag.py:3229} INFO - Sync 1 DAGs
[2024-09-12T15:32:52.977+0000] {logging_mixin.py:190} INFO - [2024-09-12T15:32:52.976+0000] {dag.py:4156} INFO - Setting next_dagrun for tutorial_dag to None, run_after=None
[2024-09-12T15:32:52.987+0000] {processor.py:208} INFO - Processing /home/airflow/.local/lib/python3.12/site-packages/airflow/example_dags/tutorial_dag.py took 0.049 seconds
[2024-09-12T15:33:23.156+0000] {processor.py:186} INFO - Started process (PID=1681) to work on /home/airflow/.local/lib/python3.12/site-packages/airflow/example_dags/tutorial_dag.py
[2024-09-12T15:33:23.157+0000] {processor.py:914} INFO - Processing file /home/airflow/.local/lib/python3.12/site-packages/airflow/example_dags/tutorial_dag.py for tasks to queue
[2024-09-12T15:33:23.159+0000] {logging_mixin.py:190} INFO - [2024-09-12T15:33:23.159+0000] {dagbag.py:587} INFO - Filling up the DagBag from /home/airflow/.local/lib/python3.12/site-packages/airflow/example_dags/tutorial_dag.py
[2024-09-12T15:33:23.165+0000] {processor.py:925} INFO - DAG(s) 'tutorial_dag' retrieved from /home/airflow/.local/lib/python3.12/site-packages/airflow/example_dags/tutorial_dag.py
[2024-09-12T15:33:23.181+0000] {logging_mixin.py:190} INFO - [2024-09-12T15:33:23.181+0000] {dag.py:3229} INFO - Sync 1 DAGs
[2024-09-12T15:33:23.190+0000] {logging_mixin.py:190} INFO - [2024-09-12T15:33:23.190+0000] {dag.py:4156} INFO - Setting next_dagrun for tutorial_dag to None, run_after=None
[2024-09-12T15:33:23.201+0000] {processor.py:208} INFO - Processing /home/airflow/.local/lib/python3.12/site-packages/airflow/example_dags/tutorial_dag.py took 0.050 seconds
[2024-09-12T15:33:53.550+0000] {processor.py:186} INFO - Started process (PID=1743) to work on /home/airflow/.local/lib/python3.12/site-packages/airflow/example_dags/tutorial_dag.py
[2024-09-12T15:33:53.551+0000] {processor.py:914} INFO - Processing file /home/airflow/.local/lib/python3.12/site-packages/airflow/example_dags/tutorial_dag.py for tasks to queue
[2024-09-12T15:33:53.553+0000] {logging_mixin.py:190} INFO - [2024-09-12T15:33:53.553+0000] {dagbag.py:587} INFO - Filling up the DagBag from /home/airflow/.local/lib/python3.12/site-packages/airflow/example_dags/tutorial_dag.py
[2024-09-12T15:33:53.559+0000] {processor.py:925} INFO - DAG(s) 'tutorial_dag' retrieved from /home/airflow/.local/lib/python3.12/site-packages/airflow/example_dags/tutorial_dag.py
[2024-09-12T15:33:53.575+0000] {logging_mixin.py:190} INFO - [2024-09-12T15:33:53.575+0000] {dag.py:3229} INFO - Sync 1 DAGs
[2024-09-12T15:33:53.584+0000] {logging_mixin.py:190} INFO - [2024-09-12T15:33:53.584+0000] {dag.py:4156} INFO - Setting next_dagrun for tutorial_dag to None, run_after=None
[2024-09-12T15:33:53.595+0000] {processor.py:208} INFO - Processing /home/airflow/.local/lib/python3.12/site-packages/airflow/example_dags/tutorial_dag.py took 0.050 seconds
