[2024-09-12T18:59:58.372+0000] {local_task_job_runner.py:123} INFO - ::group::Pre task execution logs
[2024-09-12T18:59:58.385+0000] {taskinstance.py:2612} INFO - Dependencies all met for dep_context=non-requeueable deps ti=<TaskInstance: snowflake_automation_dag.create_emr_cluster manual__2024-09-12T18:59:56.619655+00:00 [queued]>
[2024-09-12T18:59:58.391+0000] {taskinstance.py:2612} INFO - Dependencies all met for dep_context=requeueable deps ti=<TaskInstance: snowflake_automation_dag.create_emr_cluster manual__2024-09-12T18:59:56.619655+00:00 [queued]>
[2024-09-12T18:59:58.391+0000] {taskinstance.py:2865} INFO - Starting attempt 1 of 1
[2024-09-12T18:59:58.399+0000] {taskinstance.py:2888} INFO - Executing <Task(PythonOperator): create_emr_cluster> on 2024-09-12 18:59:56.619655+00:00
[2024-09-12T18:59:58.407+0000] {warnings.py:112} WARNING - /home/***/.local/lib/python3.12/site-packages/***/task/task_runner/standard_task_runner.py:70: DeprecationWarning: This process (pid=2081) is multi-threaded, use of fork() may lead to deadlocks in the child.
  pid = os.fork()

[2024-09-12T18:59:58.409+0000] {standard_task_runner.py:72} INFO - Started process 2083 to run task
[2024-09-12T18:59:58.410+0000] {standard_task_runner.py:104} INFO - Running: ['***', 'tasks', 'run', 'snowflake_automation_dag', 'create_emr_cluster', 'manual__2024-09-12T18:59:56.619655+00:00', '--job-id', '33', '--raw', '--subdir', 'DAGS_FOLDER/***_emr_spark_s3_snowflake.py', '--cfg-path', '/tmp/tmpjijd05j5']
[2024-09-12T18:59:58.413+0000] {standard_task_runner.py:105} INFO - Job 33: Subtask create_emr_cluster
[2024-09-12T18:59:58.474+0000] {task_command.py:467} INFO - Running <TaskInstance: snowflake_automation_dag.create_emr_cluster manual__2024-09-12T18:59:56.619655+00:00 [running]> on host 70476fe7f1d5
[2024-09-12T18:59:58.530+0000] {taskinstance.py:3131} INFO - Exporting env vars: AIRFLOW_CTX_DAG_OWNER='Airflow' AIRFLOW_CTX_DAG_ID='snowflake_automation_dag' AIRFLOW_CTX_TASK_ID='create_emr_cluster' AIRFLOW_CTX_EXECUTION_DATE='2024-09-12T18:59:56.619655+00:00' AIRFLOW_CTX_TRY_NUMBER='1' AIRFLOW_CTX_DAG_RUN_ID='manual__2024-09-12T18:59:56.619655+00:00'
[2024-09-12T18:59:58.532+0000] {taskinstance.py:731} INFO - ::endgroup::
[2024-09-12T18:59:59.367+0000] {logging_mixin.py:190} INFO - The cluster started with cluster id : {'JobFlowId': 'j-3I4TYH5DJLIOO', 'ClusterArn': 'arn:aws:elasticmapreduce:us-east-1:434838466180:cluster/j-3I4TYH5DJLIOO', 'ResponseMetadata': {'RequestId': '4eed2029-27b2-4725-aeb9-a71bd839373d', 'HTTPStatusCode': 200, 'HTTPHeaders': {'x-amzn-requestid': '4eed2029-27b2-4725-aeb9-a71bd839373d', 'content-type': 'application/x-amz-json-1.1', 'content-length': '118', 'date': 'Thu, 12 Sep 2024 18:59:58 GMT'}, 'RetryAttempts': 0}}
[2024-09-12T18:59:59.369+0000] {python.py:240} INFO - Done. Returned value was: {'JobFlowId': 'j-3I4TYH5DJLIOO', 'ClusterArn': 'arn:aws:elasticmapreduce:us-east-1:434838466180:cluster/j-3I4TYH5DJLIOO', 'ResponseMetadata': {'RequestId': '4eed2029-27b2-4725-aeb9-a71bd839373d', 'HTTPStatusCode': 200, 'HTTPHeaders': {'x-amzn-requestid': '4eed2029-27b2-4725-aeb9-a71bd839373d', 'content-type': 'application/x-amz-json-1.1', 'content-length': '118', 'date': 'Thu, 12 Sep 2024 18:59:58 GMT'}, 'RetryAttempts': 0}}
[2024-09-12T18:59:59.408+0000] {taskinstance.py:340} INFO - ::group::Post task execution logs
[2024-09-12T18:59:59.410+0000] {taskinstance.py:352} INFO - Marking task as SUCCESS. dag_id=snowflake_automation_dag, task_id=create_emr_cluster, run_id=manual__2024-09-12T18:59:56.619655+00:00, execution_date=20240912T185956, start_date=20240912T185958, end_date=20240912T185959
[2024-09-12T18:59:59.442+0000] {local_task_job_runner.py:266} INFO - Task exited with return code 0
[2024-09-12T18:59:59.455+0000] {warnings.py:112} WARNING - /home/***/.local/lib/python3.12/site-packages/***/models/baseoperator.py:1378: AirflowProviderDeprecationWarning: Call to deprecated class SnowflakeOperator. (This class is deprecated. Please use `***.providers.common.sql.operators.sql.SQLExecuteQueryOperator`. Also, you can provide `hook_params={'warehouse': <warehouse>, 'database': <database>, 'role': <role>, 'schema': <schema>, 'authenticator': <authenticator>,'session_parameters': <session_parameters>}`.)
  result = cls.__new__(cls)

[2024-09-12T18:59:59.469+0000] {taskinstance.py:3900} INFO - 1 downstream tasks scheduled from follow-on schedule check
[2024-09-12T18:59:59.471+0000] {local_task_job_runner.py:245} INFO - ::endgroup::
