[2024-09-12T18:03:31.990+0000] {local_task_job_runner.py:123} INFO - ::group::Pre task execution logs
[2024-09-12T18:03:32.005+0000] {taskinstance.py:2612} INFO - Dependencies all met for dep_context=non-requeueable deps ti=<TaskInstance: snowflake_automation_dag.create_emr_cluster manual__2024-09-12T18:03:30.640548+00:00 [queued]>
[2024-09-12T18:03:32.012+0000] {taskinstance.py:2612} INFO - Dependencies all met for dep_context=requeueable deps ti=<TaskInstance: snowflake_automation_dag.create_emr_cluster manual__2024-09-12T18:03:30.640548+00:00 [queued]>
[2024-09-12T18:03:32.013+0000] {taskinstance.py:2865} INFO - Starting attempt 1 of 1
[2024-09-12T18:03:32.025+0000] {taskinstance.py:2888} INFO - Executing <Task(PythonOperator): create_emr_cluster> on 2024-09-12 18:03:30.640548+00:00
[2024-09-12T18:03:32.033+0000] {warnings.py:112} WARNING - /home/***/.local/lib/python3.12/site-packages/***/task/task_runner/standard_task_runner.py:70: DeprecationWarning: This process (pid=1273) is multi-threaded, use of fork() may lead to deadlocks in the child.
  pid = os.fork()

[2024-09-12T18:03:32.035+0000] {standard_task_runner.py:72} INFO - Started process 1275 to run task
[2024-09-12T18:03:32.036+0000] {standard_task_runner.py:104} INFO - Running: ['***', 'tasks', 'run', 'snowflake_automation_dag', 'create_emr_cluster', 'manual__2024-09-12T18:03:30.640548+00:00', '--job-id', '20', '--raw', '--subdir', 'DAGS_FOLDER/***_emr_spark_s3_snowflake.py', '--cfg-path', '/tmp/tmp9jggs0g0']
[2024-09-12T18:03:32.039+0000] {standard_task_runner.py:105} INFO - Job 20: Subtask create_emr_cluster
[2024-09-12T18:03:32.093+0000] {task_command.py:467} INFO - Running <TaskInstance: snowflake_automation_dag.create_emr_cluster manual__2024-09-12T18:03:30.640548+00:00 [running]> on host 70476fe7f1d5
[2024-09-12T18:03:32.152+0000] {taskinstance.py:3131} INFO - Exporting env vars: AIRFLOW_CTX_DAG_OWNER='Airflow' AIRFLOW_CTX_DAG_ID='snowflake_automation_dag' AIRFLOW_CTX_TASK_ID='create_emr_cluster' AIRFLOW_CTX_EXECUTION_DATE='2024-09-12T18:03:30.640548+00:00' AIRFLOW_CTX_TRY_NUMBER='1' AIRFLOW_CTX_DAG_RUN_ID='manual__2024-09-12T18:03:30.640548+00:00'
[2024-09-12T18:03:32.154+0000] {taskinstance.py:731} INFO - ::endgroup::
[2024-09-12T18:03:32.872+0000] {logging_mixin.py:190} INFO - The cluster started with cluster id : {'JobFlowId': 'j-15YJDS609IQ2U', 'ClusterArn': 'arn:aws:elasticmapreduce:us-east-1:434838466180:cluster/j-15YJDS609IQ2U', 'ResponseMetadata': {'RequestId': '3658e3e7-c336-4fb7-b382-0c034aa317fc', 'HTTPStatusCode': 200, 'HTTPHeaders': {'x-amzn-requestid': '3658e3e7-c336-4fb7-b382-0c034aa317fc', 'content-type': 'application/x-amz-json-1.1', 'content-length': '118', 'date': 'Thu, 12 Sep 2024 18:03:32 GMT'}, 'RetryAttempts': 0}}
[2024-09-12T18:03:32.875+0000] {python.py:240} INFO - Done. Returned value was: {'JobFlowId': 'j-15YJDS609IQ2U', 'ClusterArn': 'arn:aws:elasticmapreduce:us-east-1:434838466180:cluster/j-15YJDS609IQ2U', 'ResponseMetadata': {'RequestId': '3658e3e7-c336-4fb7-b382-0c034aa317fc', 'HTTPStatusCode': 200, 'HTTPHeaders': {'x-amzn-requestid': '3658e3e7-c336-4fb7-b382-0c034aa317fc', 'content-type': 'application/x-amz-json-1.1', 'content-length': '118', 'date': 'Thu, 12 Sep 2024 18:03:32 GMT'}, 'RetryAttempts': 0}}
[2024-09-12T18:03:32.910+0000] {taskinstance.py:340} INFO - ::group::Post task execution logs
[2024-09-12T18:03:32.912+0000] {taskinstance.py:352} INFO - Marking task as SUCCESS. dag_id=snowflake_automation_dag, task_id=create_emr_cluster, run_id=manual__2024-09-12T18:03:30.640548+00:00, execution_date=20240912T180330, start_date=20240912T180332, end_date=20240912T180332
[2024-09-12T18:03:32.958+0000] {local_task_job_runner.py:266} INFO - Task exited with return code 0
[2024-09-12T18:03:32.973+0000] {warnings.py:112} WARNING - /home/***/.local/lib/python3.12/site-packages/***/models/baseoperator.py:1378: AirflowProviderDeprecationWarning: Call to deprecated class SnowflakeOperator. (This class is deprecated. Please use `***.providers.common.sql.operators.sql.SQLExecuteQueryOperator`. Also, you can provide `hook_params={'warehouse': <warehouse>, 'database': <database>, 'role': <role>, 'schema': <schema>, 'authenticator': <authenticator>,'session_parameters': <session_parameters>}`.)
  result = cls.__new__(cls)

[2024-09-12T18:03:32.986+0000] {taskinstance.py:3900} INFO - 1 downstream tasks scheduled from follow-on schedule check
[2024-09-12T18:03:32.989+0000] {local_task_job_runner.py:245} INFO - ::endgroup::
