[2024-09-12T17:15:57.289+0000] {local_task_job_runner.py:123} INFO - ::group::Pre task execution logs
[2024-09-12T17:15:57.302+0000] {taskinstance.py:2612} INFO - Dependencies all met for dep_context=non-requeueable deps ti=<TaskInstance: snowflake_automation_dag.ingest_layer manual__2024-09-12T17:15:53.704070+00:00 [queued]>
[2024-09-12T17:15:57.307+0000] {taskinstance.py:2612} INFO - Dependencies all met for dep_context=requeueable deps ti=<TaskInstance: snowflake_automation_dag.ingest_layer manual__2024-09-12T17:15:53.704070+00:00 [queued]>
[2024-09-12T17:15:57.308+0000] {taskinstance.py:2865} INFO - Starting attempt 1 of 1
[2024-09-12T17:15:57.314+0000] {taskinstance.py:2888} INFO - Executing <Task(PythonOperator): ingest_layer> on 2024-09-12 17:15:53.704070+00:00
[2024-09-12T17:15:57.320+0000] {warnings.py:112} WARNING - /home/***/.local/lib/python3.12/site-packages/***/task/task_runner/standard_task_runner.py:70: DeprecationWarning: This process (pid=617) is multi-threaded, use of fork() may lead to deadlocks in the child.
  pid = os.fork()

[2024-09-12T17:15:57.322+0000] {standard_task_runner.py:72} INFO - Started process 619 to run task
[2024-09-12T17:15:57.323+0000] {standard_task_runner.py:104} INFO - Running: ['***', 'tasks', 'run', 'snowflake_automation_dag', 'ingest_layer', 'manual__2024-09-12T17:15:53.704070+00:00', '--job-id', '15', '--raw', '--subdir', 'DAGS_FOLDER/***_emr_spark_s3_snowflake.py', '--cfg-path', '/tmp/tmpqq01u8te']
[2024-09-12T17:15:57.326+0000] {standard_task_runner.py:105} INFO - Job 15: Subtask ingest_layer
[2024-09-12T17:15:57.365+0000] {task_command.py:467} INFO - Running <TaskInstance: snowflake_automation_dag.ingest_layer manual__2024-09-12T17:15:53.704070+00:00 [running]> on host 70476fe7f1d5
[2024-09-12T17:15:57.421+0000] {taskinstance.py:3131} INFO - Exporting env vars: AIRFLOW_CTX_DAG_OWNER='Airflow' AIRFLOW_CTX_DAG_ID='snowflake_automation_dag' AIRFLOW_CTX_TASK_ID='ingest_layer' AIRFLOW_CTX_EXECUTION_DATE='2024-09-12T17:15:53.704070+00:00' AIRFLOW_CTX_TRY_NUMBER='1' AIRFLOW_CTX_DAG_RUN_ID='manual__2024-09-12T17:15:53.704070+00:00'
[2024-09-12T17:15:57.422+0000] {taskinstance.py:731} INFO - ::endgroup::
[2024-09-12T17:15:57.430+0000] {logging_mixin.py:190} INFO - The cluster id : j-1V208XABQ3GY2
[2024-09-12T17:15:57.431+0000] {logging_mixin.py:190} INFO - The step to be added : ['s3://emr-***-snowflake/scripts/ingest.sh']
[2024-09-12T17:15:57.887+0000] {logging_mixin.py:190} INFO - The emr step is added
[2024-09-12T17:15:57.888+0000] {python.py:240} INFO - Done. Returned value was: s-0393019259QCGUBA330K
[2024-09-12T17:15:57.910+0000] {taskinstance.py:340} INFO - ::group::Post task execution logs
[2024-09-12T17:15:57.911+0000] {taskinstance.py:352} INFO - Marking task as SUCCESS. dag_id=snowflake_automation_dag, task_id=ingest_layer, run_id=manual__2024-09-12T17:15:53.704070+00:00, execution_date=20240912T171553, start_date=20240912T171557, end_date=20240912T171557
[2024-09-12T17:15:57.949+0000] {local_task_job_runner.py:266} INFO - Task exited with return code 0
[2024-09-12T17:15:57.959+0000] {warnings.py:112} WARNING - /home/***/.local/lib/python3.12/site-packages/***/models/baseoperator.py:1378: AirflowProviderDeprecationWarning: Call to deprecated class SnowflakeOperator. (This class is deprecated. Please use `***.providers.common.sql.operators.sql.SQLExecuteQueryOperator`. Also, you can provide `hook_params={'warehouse': <warehouse>, 'database': <database>, 'role': <role>, 'schema': <schema>, 'authenticator': <authenticator>,'session_parameters': <session_parameters>}`.)
  result = cls.__new__(cls)

[2024-09-12T17:15:57.969+0000] {taskinstance.py:3900} INFO - 1 downstream tasks scheduled from follow-on schedule check
[2024-09-12T17:15:57.970+0000] {local_task_job_runner.py:245} INFO - ::endgroup::
