[2024-09-14T00:08:20.400+0000] {processor.py:186} INFO - Started process (PID=3618) to work on /opt/airflow/dags/airflow_emr_spark_s3_snowflake.py
[2024-09-14T00:08:20.402+0000] {processor.py:914} INFO - Processing file /opt/airflow/dags/airflow_emr_spark_s3_snowflake.py for tasks to queue
[2024-09-14T00:08:20.404+0000] {logging_mixin.py:190} INFO - [2024-09-14T00:08:20.404+0000] {dagbag.py:587} INFO - Filling up the DagBag from /opt/airflow/dags/airflow_emr_spark_s3_snowflake.py
[2024-09-14T00:08:20.931+0000] {logging_mixin.py:190} WARNING - /home/airflow/.local/lib/python3.12/site-packages/snowflake/sqlalchemy/base.py:1068 SAWarning: The GenericFunction 'flatten' is already registered and is going to be overridden.
[2024-09-14T00:08:20.934+0000] {processor.py:925} INFO - DAG(s) 'snowflake_automation_dag' retrieved from /opt/airflow/dags/airflow_emr_spark_s3_snowflake.py
[2024-09-14T00:08:20.990+0000] {logging_mixin.py:190} INFO - [2024-09-14T00:08:20.990+0000] {dag.py:3229} INFO - Sync 1 DAGs
[2024-09-14T00:08:20.997+0000] {logging_mixin.py:190} INFO - [2024-09-14T00:08:20.997+0000] {dag.py:4156} INFO - Setting next_dagrun for snowflake_automation_dag to None, run_after=None
[2024-09-14T00:08:21.007+0000] {processor.py:208} INFO - Processing /opt/airflow/dags/airflow_emr_spark_s3_snowflake.py took 0.612 seconds
[2024-09-14T01:11:00.461+0000] {processor.py:186} INFO - Started process (PID=3621) to work on /opt/airflow/dags/airflow_emr_spark_s3_snowflake.py
[2024-09-14T01:11:00.463+0000] {processor.py:914} INFO - Processing file /opt/airflow/dags/airflow_emr_spark_s3_snowflake.py for tasks to queue
[2024-09-14T01:11:00.465+0000] {logging_mixin.py:190} INFO - [2024-09-14T01:11:00.465+0000] {dagbag.py:587} INFO - Filling up the DagBag from /opt/airflow/dags/airflow_emr_spark_s3_snowflake.py
[2024-09-14T01:11:01.075+0000] {logging_mixin.py:190} WARNING - /home/airflow/.local/lib/python3.12/site-packages/snowflake/sqlalchemy/base.py:1068 SAWarning: The GenericFunction 'flatten' is already registered and is going to be overridden.
[2024-09-14T01:11:01.078+0000] {processor.py:925} INFO - DAG(s) 'snowflake_automation_dag' retrieved from /opt/airflow/dags/airflow_emr_spark_s3_snowflake.py
[2024-09-14T01:11:01.089+0000] {logging_mixin.py:190} INFO - [2024-09-14T01:11:01.088+0000] {dag.py:3229} INFO - Sync 1 DAGs
[2024-09-14T01:11:01.098+0000] {logging_mixin.py:190} INFO - [2024-09-14T01:11:01.098+0000] {dag.py:4156} INFO - Setting next_dagrun for snowflake_automation_dag to None, run_after=None
[2024-09-14T01:11:01.107+0000] {processor.py:208} INFO - Processing /opt/airflow/dags/airflow_emr_spark_s3_snowflake.py took 0.650 seconds
[2024-09-14T01:43:35.646+0000] {processor.py:186} INFO - Started process (PID=3629) to work on /opt/airflow/dags/airflow_emr_spark_s3_snowflake.py
[2024-09-14T01:43:35.647+0000] {processor.py:914} INFO - Processing file /opt/airflow/dags/airflow_emr_spark_s3_snowflake.py for tasks to queue
[2024-09-14T01:43:35.650+0000] {logging_mixin.py:190} INFO - [2024-09-14T01:43:35.649+0000] {dagbag.py:587} INFO - Filling up the DagBag from /opt/airflow/dags/airflow_emr_spark_s3_snowflake.py
[2024-09-14T01:43:36.180+0000] {logging_mixin.py:190} WARNING - /home/airflow/.local/lib/python3.12/site-packages/snowflake/sqlalchemy/base.py:1068 SAWarning: The GenericFunction 'flatten' is already registered and is going to be overridden.
[2024-09-14T01:43:36.183+0000] {processor.py:925} INFO - DAG(s) 'snowflake_automation_dag' retrieved from /opt/airflow/dags/airflow_emr_spark_s3_snowflake.py
[2024-09-14T01:43:36.192+0000] {logging_mixin.py:190} INFO - [2024-09-14T01:43:36.192+0000] {dag.py:3229} INFO - Sync 1 DAGs
[2024-09-14T01:43:36.199+0000] {logging_mixin.py:190} INFO - [2024-09-14T01:43:36.199+0000] {dag.py:4156} INFO - Setting next_dagrun for snowflake_automation_dag to None, run_after=None
[2024-09-14T01:43:36.210+0000] {processor.py:208} INFO - Processing /opt/airflow/dags/airflow_emr_spark_s3_snowflake.py took 0.569 seconds
[2024-09-14T02:05:10.712+0000] {processor.py:186} INFO - Started process (PID=3638) to work on /opt/airflow/dags/airflow_emr_spark_s3_snowflake.py
[2024-09-14T02:05:10.714+0000] {processor.py:914} INFO - Processing file /opt/airflow/dags/airflow_emr_spark_s3_snowflake.py for tasks to queue
[2024-09-14T02:05:10.717+0000] {logging_mixin.py:190} INFO - [2024-09-14T02:05:10.716+0000] {dagbag.py:587} INFO - Filling up the DagBag from /opt/airflow/dags/airflow_emr_spark_s3_snowflake.py
[2024-09-14T02:05:11.218+0000] {logging_mixin.py:190} WARNING - /home/airflow/.local/lib/python3.12/site-packages/snowflake/sqlalchemy/base.py:1068 SAWarning: The GenericFunction 'flatten' is already registered and is going to be overridden.
[2024-09-14T02:05:11.221+0000] {processor.py:925} INFO - DAG(s) 'snowflake_automation_dag' retrieved from /opt/airflow/dags/airflow_emr_spark_s3_snowflake.py
[2024-09-14T02:05:11.234+0000] {logging_mixin.py:190} INFO - [2024-09-14T02:05:11.234+0000] {dag.py:3229} INFO - Sync 1 DAGs
[2024-09-14T02:05:11.241+0000] {logging_mixin.py:190} INFO - [2024-09-14T02:05:11.241+0000] {dag.py:4156} INFO - Setting next_dagrun for snowflake_automation_dag to None, run_after=None
[2024-09-14T02:05:11.251+0000] {processor.py:208} INFO - Processing /opt/airflow/dags/airflow_emr_spark_s3_snowflake.py took 0.545 seconds
[2024-09-14T02:53:33.489+0000] {processor.py:186} INFO - Started process (PID=3647) to work on /opt/airflow/dags/airflow_emr_spark_s3_snowflake.py
[2024-09-14T02:53:33.490+0000] {processor.py:914} INFO - Processing file /opt/airflow/dags/airflow_emr_spark_s3_snowflake.py for tasks to queue
[2024-09-14T02:53:33.493+0000] {logging_mixin.py:190} INFO - [2024-09-14T02:53:33.492+0000] {dagbag.py:587} INFO - Filling up the DagBag from /opt/airflow/dags/airflow_emr_spark_s3_snowflake.py
[2024-09-14T02:53:33.999+0000] {logging_mixin.py:190} WARNING - /home/airflow/.local/lib/python3.12/site-packages/snowflake/sqlalchemy/base.py:1068 SAWarning: The GenericFunction 'flatten' is already registered and is going to be overridden.
[2024-09-14T02:53:34.003+0000] {processor.py:925} INFO - DAG(s) 'snowflake_automation_dag' retrieved from /opt/airflow/dags/airflow_emr_spark_s3_snowflake.py
[2024-09-14T02:53:34.014+0000] {logging_mixin.py:190} INFO - [2024-09-14T02:53:34.013+0000] {dag.py:3229} INFO - Sync 1 DAGs
[2024-09-14T02:53:34.024+0000] {logging_mixin.py:190} INFO - [2024-09-14T02:53:34.024+0000] {dag.py:4156} INFO - Setting next_dagrun for snowflake_automation_dag to None, run_after=None
[2024-09-14T02:53:34.034+0000] {processor.py:208} INFO - Processing /opt/airflow/dags/airflow_emr_spark_s3_snowflake.py took 0.550 seconds
[2024-09-14T03:38:23.991+0000] {processor.py:186} INFO - Started process (PID=3655) to work on /opt/airflow/dags/airflow_emr_spark_s3_snowflake.py
[2024-09-14T03:38:23.992+0000] {processor.py:914} INFO - Processing file /opt/airflow/dags/airflow_emr_spark_s3_snowflake.py for tasks to queue
[2024-09-14T03:38:23.995+0000] {logging_mixin.py:190} INFO - [2024-09-14T03:38:23.994+0000] {dagbag.py:587} INFO - Filling up the DagBag from /opt/airflow/dags/airflow_emr_spark_s3_snowflake.py
[2024-09-14T03:38:24.519+0000] {logging_mixin.py:190} WARNING - /home/airflow/.local/lib/python3.12/site-packages/snowflake/sqlalchemy/base.py:1068 SAWarning: The GenericFunction 'flatten' is already registered and is going to be overridden.
[2024-09-14T03:38:24.523+0000] {processor.py:925} INFO - DAG(s) 'snowflake_automation_dag' retrieved from /opt/airflow/dags/airflow_emr_spark_s3_snowflake.py
[2024-09-14T03:38:24.534+0000] {logging_mixin.py:190} INFO - [2024-09-14T03:38:24.533+0000] {dag.py:3229} INFO - Sync 1 DAGs
[2024-09-14T03:38:24.546+0000] {logging_mixin.py:190} INFO - [2024-09-14T03:38:24.546+0000] {dag.py:4156} INFO - Setting next_dagrun for snowflake_automation_dag to None, run_after=None
[2024-09-14T03:38:24.560+0000] {processor.py:208} INFO - Processing /opt/airflow/dags/airflow_emr_spark_s3_snowflake.py took 0.574 seconds
[2024-09-14T04:36:00.857+0000] {processor.py:186} INFO - Started process (PID=3663) to work on /opt/airflow/dags/airflow_emr_spark_s3_snowflake.py
[2024-09-14T04:36:00.858+0000] {processor.py:914} INFO - Processing file /opt/airflow/dags/airflow_emr_spark_s3_snowflake.py for tasks to queue
[2024-09-14T04:36:00.861+0000] {logging_mixin.py:190} INFO - [2024-09-14T04:36:00.860+0000] {dagbag.py:587} INFO - Filling up the DagBag from /opt/airflow/dags/airflow_emr_spark_s3_snowflake.py
[2024-09-14T04:36:01.377+0000] {logging_mixin.py:190} WARNING - /home/airflow/.local/lib/python3.12/site-packages/snowflake/sqlalchemy/base.py:1068 SAWarning: The GenericFunction 'flatten' is already registered and is going to be overridden.
[2024-09-14T04:36:01.380+0000] {processor.py:925} INFO - DAG(s) 'snowflake_automation_dag' retrieved from /opt/airflow/dags/airflow_emr_spark_s3_snowflake.py
[2024-09-14T04:36:01.394+0000] {logging_mixin.py:190} INFO - [2024-09-14T04:36:01.394+0000] {dag.py:3229} INFO - Sync 1 DAGs
[2024-09-14T04:36:01.402+0000] {logging_mixin.py:190} INFO - [2024-09-14T04:36:01.402+0000] {dag.py:4156} INFO - Setting next_dagrun for snowflake_automation_dag to None, run_after=None
[2024-09-14T04:36:01.410+0000] {processor.py:208} INFO - Processing /opt/airflow/dags/airflow_emr_spark_s3_snowflake.py took 0.558 seconds
[2024-09-14T05:50:58.606+0000] {processor.py:186} INFO - Started process (PID=3673) to work on /opt/airflow/dags/airflow_emr_spark_s3_snowflake.py
[2024-09-14T05:50:58.607+0000] {processor.py:914} INFO - Processing file /opt/airflow/dags/airflow_emr_spark_s3_snowflake.py for tasks to queue
[2024-09-14T05:50:58.611+0000] {logging_mixin.py:190} INFO - [2024-09-14T05:50:58.610+0000] {dagbag.py:587} INFO - Filling up the DagBag from /opt/airflow/dags/airflow_emr_spark_s3_snowflake.py
[2024-09-14T05:50:59.120+0000] {logging_mixin.py:190} WARNING - /home/airflow/.local/lib/python3.12/site-packages/snowflake/sqlalchemy/base.py:1068 SAWarning: The GenericFunction 'flatten' is already registered and is going to be overridden.
[2024-09-14T05:50:59.123+0000] {processor.py:925} INFO - DAG(s) 'snowflake_automation_dag' retrieved from /opt/airflow/dags/airflow_emr_spark_s3_snowflake.py
[2024-09-14T05:50:59.131+0000] {logging_mixin.py:190} INFO - [2024-09-14T05:50:59.131+0000] {dag.py:3229} INFO - Sync 1 DAGs
[2024-09-14T05:50:59.138+0000] {logging_mixin.py:190} INFO - [2024-09-14T05:50:59.138+0000] {dag.py:4156} INFO - Setting next_dagrun for snowflake_automation_dag to None, run_after=None
[2024-09-14T05:50:59.147+0000] {processor.py:208} INFO - Processing /opt/airflow/dags/airflow_emr_spark_s3_snowflake.py took 0.546 seconds
[2024-09-14T07:28:46.820+0000] {processor.py:186} INFO - Started process (PID=3688) to work on /opt/airflow/dags/airflow_emr_spark_s3_snowflake.py
[2024-09-14T07:28:46.821+0000] {processor.py:914} INFO - Processing file /opt/airflow/dags/airflow_emr_spark_s3_snowflake.py for tasks to queue
[2024-09-14T07:28:46.824+0000] {logging_mixin.py:190} INFO - [2024-09-14T07:28:46.823+0000] {dagbag.py:587} INFO - Filling up the DagBag from /opt/airflow/dags/airflow_emr_spark_s3_snowflake.py
[2024-09-14T07:28:47.325+0000] {logging_mixin.py:190} WARNING - /home/airflow/.local/lib/python3.12/site-packages/snowflake/sqlalchemy/base.py:1068 SAWarning: The GenericFunction 'flatten' is already registered and is going to be overridden.
[2024-09-14T07:28:47.328+0000] {processor.py:925} INFO - DAG(s) 'snowflake_automation_dag' retrieved from /opt/airflow/dags/airflow_emr_spark_s3_snowflake.py
[2024-09-14T07:28:47.336+0000] {logging_mixin.py:190} INFO - [2024-09-14T07:28:47.336+0000] {dag.py:3229} INFO - Sync 1 DAGs
[2024-09-14T07:28:47.343+0000] {logging_mixin.py:190} INFO - [2024-09-14T07:28:47.343+0000] {dag.py:4156} INFO - Setting next_dagrun for snowflake_automation_dag to None, run_after=None
[2024-09-14T07:28:47.352+0000] {processor.py:208} INFO - Processing /opt/airflow/dags/airflow_emr_spark_s3_snowflake.py took 0.537 seconds
[2024-09-14T08:51:38.902+0000] {processor.py:186} INFO - Started process (PID=3691) to work on /opt/airflow/dags/airflow_emr_spark_s3_snowflake.py
[2024-09-14T08:51:38.904+0000] {processor.py:914} INFO - Processing file /opt/airflow/dags/airflow_emr_spark_s3_snowflake.py for tasks to queue
[2024-09-14T08:51:38.906+0000] {logging_mixin.py:190} INFO - [2024-09-14T08:51:38.906+0000] {dagbag.py:587} INFO - Filling up the DagBag from /opt/airflow/dags/airflow_emr_spark_s3_snowflake.py
[2024-09-14T08:51:39.402+0000] {logging_mixin.py:190} WARNING - /home/airflow/.local/lib/python3.12/site-packages/snowflake/sqlalchemy/base.py:1068 SAWarning: The GenericFunction 'flatten' is already registered and is going to be overridden.
[2024-09-14T08:51:39.405+0000] {processor.py:925} INFO - DAG(s) 'snowflake_automation_dag' retrieved from /opt/airflow/dags/airflow_emr_spark_s3_snowflake.py
[2024-09-14T08:51:39.415+0000] {logging_mixin.py:190} INFO - [2024-09-14T08:51:39.415+0000] {dag.py:3229} INFO - Sync 1 DAGs
[2024-09-14T08:51:39.425+0000] {logging_mixin.py:190} INFO - [2024-09-14T08:51:39.425+0000] {dag.py:4156} INFO - Setting next_dagrun for snowflake_automation_dag to None, run_after=None
[2024-09-14T08:51:39.437+0000] {processor.py:208} INFO - Processing /opt/airflow/dags/airflow_emr_spark_s3_snowflake.py took 0.540 seconds
[2024-09-14T10:15:42.302+0000] {processor.py:186} INFO - Started process (PID=3700) to work on /opt/airflow/dags/airflow_emr_spark_s3_snowflake.py
[2024-09-14T10:15:42.304+0000] {processor.py:914} INFO - Processing file /opt/airflow/dags/airflow_emr_spark_s3_snowflake.py for tasks to queue
[2024-09-14T10:15:42.306+0000] {logging_mixin.py:190} INFO - [2024-09-14T10:15:42.306+0000] {dagbag.py:587} INFO - Filling up the DagBag from /opt/airflow/dags/airflow_emr_spark_s3_snowflake.py
[2024-09-14T10:15:42.798+0000] {logging_mixin.py:190} WARNING - /home/airflow/.local/lib/python3.12/site-packages/snowflake/sqlalchemy/base.py:1068 SAWarning: The GenericFunction 'flatten' is already registered and is going to be overridden.
[2024-09-14T10:15:42.801+0000] {processor.py:925} INFO - DAG(s) 'snowflake_automation_dag' retrieved from /opt/airflow/dags/airflow_emr_spark_s3_snowflake.py
[2024-09-14T10:15:42.811+0000] {logging_mixin.py:190} INFO - [2024-09-14T10:15:42.811+0000] {dag.py:3229} INFO - Sync 1 DAGs
[2024-09-14T10:15:42.820+0000] {logging_mixin.py:190} INFO - [2024-09-14T10:15:42.820+0000] {dag.py:4156} INFO - Setting next_dagrun for snowflake_automation_dag to None, run_after=None
[2024-09-14T10:15:42.833+0000] {processor.py:208} INFO - Processing /opt/airflow/dags/airflow_emr_spark_s3_snowflake.py took 0.536 seconds
[2024-09-14T11:11:05.145+0000] {processor.py:186} INFO - Started process (PID=3708) to work on /opt/airflow/dags/airflow_emr_spark_s3_snowflake.py
[2024-09-14T11:11:05.147+0000] {processor.py:914} INFO - Processing file /opt/airflow/dags/airflow_emr_spark_s3_snowflake.py for tasks to queue
[2024-09-14T11:11:05.150+0000] {logging_mixin.py:190} INFO - [2024-09-14T11:11:05.149+0000] {dagbag.py:587} INFO - Filling up the DagBag from /opt/airflow/dags/airflow_emr_spark_s3_snowflake.py
[2024-09-14T11:11:05.656+0000] {logging_mixin.py:190} WARNING - /home/airflow/.local/lib/python3.12/site-packages/snowflake/sqlalchemy/base.py:1068 SAWarning: The GenericFunction 'flatten' is already registered and is going to be overridden.
[2024-09-14T11:11:05.658+0000] {processor.py:925} INFO - DAG(s) 'snowflake_automation_dag' retrieved from /opt/airflow/dags/airflow_emr_spark_s3_snowflake.py
[2024-09-14T11:11:05.668+0000] {logging_mixin.py:190} INFO - [2024-09-14T11:11:05.667+0000] {dag.py:3229} INFO - Sync 1 DAGs
[2024-09-14T11:11:05.674+0000] {logging_mixin.py:190} INFO - [2024-09-14T11:11:05.674+0000] {dag.py:4156} INFO - Setting next_dagrun for snowflake_automation_dag to None, run_after=None
[2024-09-14T11:11:05.683+0000] {processor.py:208} INFO - Processing /opt/airflow/dags/airflow_emr_spark_s3_snowflake.py took 0.545 seconds
[2024-09-14T12:13:30.857+0000] {processor.py:186} INFO - Started process (PID=3717) to work on /opt/airflow/dags/airflow_emr_spark_s3_snowflake.py
[2024-09-14T12:13:30.858+0000] {processor.py:914} INFO - Processing file /opt/airflow/dags/airflow_emr_spark_s3_snowflake.py for tasks to queue
[2024-09-14T12:13:30.861+0000] {logging_mixin.py:190} INFO - [2024-09-14T12:13:30.860+0000] {dagbag.py:587} INFO - Filling up the DagBag from /opt/airflow/dags/airflow_emr_spark_s3_snowflake.py
[2024-09-14T12:13:31.536+0000] {logging_mixin.py:190} WARNING - /home/airflow/.local/lib/python3.12/site-packages/snowflake/sqlalchemy/base.py:1068 SAWarning: The GenericFunction 'flatten' is already registered and is going to be overridden.
[2024-09-14T12:13:31.538+0000] {processor.py:925} INFO - DAG(s) 'snowflake_automation_dag' retrieved from /opt/airflow/dags/airflow_emr_spark_s3_snowflake.py
[2024-09-14T12:13:31.548+0000] {logging_mixin.py:190} INFO - [2024-09-14T12:13:31.548+0000] {dag.py:3229} INFO - Sync 1 DAGs
[2024-09-14T12:13:31.559+0000] {logging_mixin.py:190} INFO - [2024-09-14T12:13:31.559+0000] {dag.py:4156} INFO - Setting next_dagrun for snowflake_automation_dag to None, run_after=None
[2024-09-14T12:13:31.568+0000] {processor.py:208} INFO - Processing /opt/airflow/dags/airflow_emr_spark_s3_snowflake.py took 0.716 seconds
[2024-09-14T13:50:11.743+0000] {processor.py:186} INFO - Started process (PID=3726) to work on /opt/airflow/dags/airflow_emr_spark_s3_snowflake.py
[2024-09-14T13:50:11.744+0000] {processor.py:914} INFO - Processing file /opt/airflow/dags/airflow_emr_spark_s3_snowflake.py for tasks to queue
[2024-09-14T13:50:11.747+0000] {logging_mixin.py:190} INFO - [2024-09-14T13:50:11.746+0000] {dagbag.py:587} INFO - Filling up the DagBag from /opt/airflow/dags/airflow_emr_spark_s3_snowflake.py
[2024-09-14T13:50:12.222+0000] {logging_mixin.py:190} WARNING - /home/airflow/.local/lib/python3.12/site-packages/snowflake/sqlalchemy/base.py:1068 SAWarning: The GenericFunction 'flatten' is already registered and is going to be overridden.
[2024-09-14T13:50:12.225+0000] {processor.py:925} INFO - DAG(s) 'snowflake_automation_dag' retrieved from /opt/airflow/dags/airflow_emr_spark_s3_snowflake.py
[2024-09-14T13:50:12.234+0000] {logging_mixin.py:190} INFO - [2024-09-14T13:50:12.234+0000] {dag.py:3229} INFO - Sync 1 DAGs
[2024-09-14T13:50:12.241+0000] {logging_mixin.py:190} INFO - [2024-09-14T13:50:12.241+0000] {dag.py:4156} INFO - Setting next_dagrun for snowflake_automation_dag to None, run_after=None
[2024-09-14T13:50:12.250+0000] {processor.py:208} INFO - Processing /opt/airflow/dags/airflow_emr_spark_s3_snowflake.py took 0.513 seconds
[2024-09-14T14:50:18.120+0000] {processor.py:186} INFO - Started process (PID=3735) to work on /opt/airflow/dags/airflow_emr_spark_s3_snowflake.py
[2024-09-14T14:50:18.121+0000] {processor.py:914} INFO - Processing file /opt/airflow/dags/airflow_emr_spark_s3_snowflake.py for tasks to queue
[2024-09-14T14:50:18.124+0000] {logging_mixin.py:190} INFO - [2024-09-14T14:50:18.124+0000] {dagbag.py:587} INFO - Filling up the DagBag from /opt/airflow/dags/airflow_emr_spark_s3_snowflake.py
[2024-09-14T14:50:18.627+0000] {logging_mixin.py:190} WARNING - /home/airflow/.local/lib/python3.12/site-packages/snowflake/sqlalchemy/base.py:1068 SAWarning: The GenericFunction 'flatten' is already registered and is going to be overridden.
[2024-09-14T14:50:18.630+0000] {processor.py:925} INFO - DAG(s) 'snowflake_automation_dag' retrieved from /opt/airflow/dags/airflow_emr_spark_s3_snowflake.py
[2024-09-14T14:50:18.639+0000] {logging_mixin.py:190} INFO - [2024-09-14T14:50:18.638+0000] {dag.py:3229} INFO - Sync 1 DAGs
[2024-09-14T14:50:18.645+0000] {logging_mixin.py:190} INFO - [2024-09-14T14:50:18.645+0000] {dag.py:4156} INFO - Setting next_dagrun for snowflake_automation_dag to None, run_after=None
[2024-09-14T14:50:18.654+0000] {processor.py:208} INFO - Processing /opt/airflow/dags/airflow_emr_spark_s3_snowflake.py took 0.539 seconds
[2024-09-14T16:00:19.747+0000] {processor.py:186} INFO - Started process (PID=3744) to work on /opt/airflow/dags/airflow_emr_spark_s3_snowflake.py
[2024-09-14T16:00:19.748+0000] {processor.py:914} INFO - Processing file /opt/airflow/dags/airflow_emr_spark_s3_snowflake.py for tasks to queue
[2024-09-14T16:00:19.750+0000] {logging_mixin.py:190} INFO - [2024-09-14T16:00:19.750+0000] {dagbag.py:587} INFO - Filling up the DagBag from /opt/airflow/dags/airflow_emr_spark_s3_snowflake.py
[2024-09-14T16:00:20.301+0000] {logging_mixin.py:190} WARNING - /home/airflow/.local/lib/python3.12/site-packages/snowflake/sqlalchemy/base.py:1068 SAWarning: The GenericFunction 'flatten' is already registered and is going to be overridden.
[2024-09-14T16:00:20.304+0000] {processor.py:925} INFO - DAG(s) 'snowflake_automation_dag' retrieved from /opt/airflow/dags/airflow_emr_spark_s3_snowflake.py
[2024-09-14T16:00:20.313+0000] {logging_mixin.py:190} INFO - [2024-09-14T16:00:20.313+0000] {dag.py:3229} INFO - Sync 1 DAGs
[2024-09-14T16:00:20.323+0000] {logging_mixin.py:190} INFO - [2024-09-14T16:00:20.323+0000] {dag.py:4156} INFO - Setting next_dagrun for snowflake_automation_dag to None, run_after=None
[2024-09-14T16:00:20.332+0000] {processor.py:208} INFO - Processing /opt/airflow/dags/airflow_emr_spark_s3_snowflake.py took 0.591 seconds
[2024-09-14T18:02:20.296+0000] {processor.py:186} INFO - Started process (PID=3753) to work on /opt/airflow/dags/airflow_emr_spark_s3_snowflake.py
[2024-09-14T18:02:20.297+0000] {processor.py:914} INFO - Processing file /opt/airflow/dags/airflow_emr_spark_s3_snowflake.py for tasks to queue
[2024-09-14T18:02:20.300+0000] {logging_mixin.py:190} INFO - [2024-09-14T18:02:20.299+0000] {dagbag.py:587} INFO - Filling up the DagBag from /opt/airflow/dags/airflow_emr_spark_s3_snowflake.py
[2024-09-14T18:02:20.863+0000] {logging_mixin.py:190} WARNING - /home/airflow/.local/lib/python3.12/site-packages/snowflake/sqlalchemy/base.py:1068 SAWarning: The GenericFunction 'flatten' is already registered and is going to be overridden.
[2024-09-14T18:02:20.867+0000] {processor.py:925} INFO - DAG(s) 'snowflake_automation_dag' retrieved from /opt/airflow/dags/airflow_emr_spark_s3_snowflake.py
[2024-09-14T18:02:20.878+0000] {logging_mixin.py:190} INFO - [2024-09-14T18:02:20.877+0000] {dag.py:3229} INFO - Sync 1 DAGs
[2024-09-14T18:02:20.887+0000] {logging_mixin.py:190} INFO - [2024-09-14T18:02:20.887+0000] {dag.py:4156} INFO - Setting next_dagrun for snowflake_automation_dag to None, run_after=None
[2024-09-14T18:02:20.898+0000] {processor.py:208} INFO - Processing /opt/airflow/dags/airflow_emr_spark_s3_snowflake.py took 0.607 seconds
[2024-09-14T19:36:19.366+0000] {processor.py:186} INFO - Started process (PID=3762) to work on /opt/airflow/dags/airflow_emr_spark_s3_snowflake.py
[2024-09-14T19:36:19.367+0000] {processor.py:914} INFO - Processing file /opt/airflow/dags/airflow_emr_spark_s3_snowflake.py for tasks to queue
[2024-09-14T19:36:19.369+0000] {logging_mixin.py:190} INFO - [2024-09-14T19:36:19.369+0000] {dagbag.py:587} INFO - Filling up the DagBag from /opt/airflow/dags/airflow_emr_spark_s3_snowflake.py
[2024-09-14T19:36:19.862+0000] {logging_mixin.py:190} WARNING - /home/airflow/.local/lib/python3.12/site-packages/snowflake/sqlalchemy/base.py:1068 SAWarning: The GenericFunction 'flatten' is already registered and is going to be overridden.
[2024-09-14T19:36:19.865+0000] {processor.py:925} INFO - DAG(s) 'snowflake_automation_dag' retrieved from /opt/airflow/dags/airflow_emr_spark_s3_snowflake.py
[2024-09-14T19:36:19.876+0000] {logging_mixin.py:190} INFO - [2024-09-14T19:36:19.876+0000] {dag.py:3229} INFO - Sync 1 DAGs
[2024-09-14T19:36:19.884+0000] {logging_mixin.py:190} INFO - [2024-09-14T19:36:19.884+0000] {dag.py:4156} INFO - Setting next_dagrun for snowflake_automation_dag to None, run_after=None
[2024-09-14T19:36:19.894+0000] {processor.py:208} INFO - Processing /opt/airflow/dags/airflow_emr_spark_s3_snowflake.py took 0.534 seconds
[2024-09-14T21:05:22.332+0000] {processor.py:186} INFO - Started process (PID=3771) to work on /opt/airflow/dags/airflow_emr_spark_s3_snowflake.py
[2024-09-14T21:05:22.333+0000] {processor.py:914} INFO - Processing file /opt/airflow/dags/airflow_emr_spark_s3_snowflake.py for tasks to queue
[2024-09-14T21:05:22.335+0000] {logging_mixin.py:190} INFO - [2024-09-14T21:05:22.335+0000] {dagbag.py:587} INFO - Filling up the DagBag from /opt/airflow/dags/airflow_emr_spark_s3_snowflake.py
[2024-09-14T21:05:22.826+0000] {logging_mixin.py:190} WARNING - /home/airflow/.local/lib/python3.12/site-packages/snowflake/sqlalchemy/base.py:1068 SAWarning: The GenericFunction 'flatten' is already registered and is going to be overridden.
[2024-09-14T21:05:22.830+0000] {processor.py:925} INFO - DAG(s) 'snowflake_automation_dag' retrieved from /opt/airflow/dags/airflow_emr_spark_s3_snowflake.py
[2024-09-14T21:05:22.839+0000] {logging_mixin.py:190} INFO - [2024-09-14T21:05:22.839+0000] {dag.py:3229} INFO - Sync 1 DAGs
[2024-09-14T21:05:22.850+0000] {logging_mixin.py:190} INFO - [2024-09-14T21:05:22.850+0000] {dag.py:4156} INFO - Setting next_dagrun for snowflake_automation_dag to None, run_after=None
[2024-09-14T21:05:22.859+0000] {processor.py:208} INFO - Processing /opt/airflow/dags/airflow_emr_spark_s3_snowflake.py took 0.532 seconds
[2024-09-14T22:06:30.495+0000] {processor.py:186} INFO - Started process (PID=3780) to work on /opt/airflow/dags/airflow_emr_spark_s3_snowflake.py
[2024-09-14T22:06:30.496+0000] {processor.py:914} INFO - Processing file /opt/airflow/dags/airflow_emr_spark_s3_snowflake.py for tasks to queue
[2024-09-14T22:06:30.498+0000] {logging_mixin.py:190} INFO - [2024-09-14T22:06:30.498+0000] {dagbag.py:587} INFO - Filling up the DagBag from /opt/airflow/dags/airflow_emr_spark_s3_snowflake.py
[2024-09-14T22:06:31.033+0000] {logging_mixin.py:190} WARNING - /home/airflow/.local/lib/python3.12/site-packages/snowflake/sqlalchemy/base.py:1068 SAWarning: The GenericFunction 'flatten' is already registered and is going to be overridden.
[2024-09-14T22:06:31.037+0000] {processor.py:925} INFO - DAG(s) 'snowflake_automation_dag' retrieved from /opt/airflow/dags/airflow_emr_spark_s3_snowflake.py
[2024-09-14T22:06:31.049+0000] {logging_mixin.py:190} INFO - [2024-09-14T22:06:31.049+0000] {dag.py:3229} INFO - Sync 1 DAGs
[2024-09-14T22:06:31.060+0000] {logging_mixin.py:190} INFO - [2024-09-14T22:06:31.060+0000] {dag.py:4156} INFO - Setting next_dagrun for snowflake_automation_dag to None, run_after=None
[2024-09-14T22:06:31.071+0000] {processor.py:208} INFO - Processing /opt/airflow/dags/airflow_emr_spark_s3_snowflake.py took 0.581 seconds
[2024-09-14T23:39:03.805+0000] {processor.py:186} INFO - Started process (PID=3789) to work on /opt/airflow/dags/airflow_emr_spark_s3_snowflake.py
[2024-09-14T23:39:03.807+0000] {processor.py:914} INFO - Processing file /opt/airflow/dags/airflow_emr_spark_s3_snowflake.py for tasks to queue
[2024-09-14T23:39:03.810+0000] {logging_mixin.py:190} INFO - [2024-09-14T23:39:03.809+0000] {dagbag.py:587} INFO - Filling up the DagBag from /opt/airflow/dags/airflow_emr_spark_s3_snowflake.py
[2024-09-14T23:39:04.295+0000] {logging_mixin.py:190} WARNING - /home/airflow/.local/lib/python3.12/site-packages/snowflake/sqlalchemy/base.py:1068 SAWarning: The GenericFunction 'flatten' is already registered and is going to be overridden.
[2024-09-14T23:39:04.298+0000] {processor.py:925} INFO - DAG(s) 'snowflake_automation_dag' retrieved from /opt/airflow/dags/airflow_emr_spark_s3_snowflake.py
[2024-09-14T23:39:04.307+0000] {logging_mixin.py:190} INFO - [2024-09-14T23:39:04.307+0000] {dag.py:3229} INFO - Sync 1 DAGs
[2024-09-14T23:39:04.446+0000] {logging_mixin.py:190} INFO - [2024-09-14T23:39:04.446+0000] {dag.py:4156} INFO - Setting next_dagrun for snowflake_automation_dag to None, run_after=None
[2024-09-14T23:39:04.552+0000] {processor.py:208} INFO - Processing /opt/airflow/dags/airflow_emr_spark_s3_snowflake.py took 0.752 seconds
