[2024-09-12T18:33:28.011+0000] {local_task_job_runner.py:123} INFO - ::group::Pre task execution logs
[2024-09-12T18:33:28.026+0000] {taskinstance.py:2612} INFO - Dependencies all met for dep_context=non-requeueable deps ti=<TaskInstance: snowflake_automation_dag.terminate_emr_cluster manual__2024-09-12T18:06:56.514228+00:00 [queued]>
[2024-09-12T18:33:28.031+0000] {taskinstance.py:2612} INFO - Dependencies all met for dep_context=requeueable deps ti=<TaskInstance: snowflake_automation_dag.terminate_emr_cluster manual__2024-09-12T18:06:56.514228+00:00 [queued]>
[2024-09-12T18:33:28.032+0000] {taskinstance.py:2865} INFO - Starting attempt 1 of 1
[2024-09-12T18:33:28.040+0000] {taskinstance.py:2888} INFO - Executing <Task(PythonOperator): terminate_emr_cluster> on 2024-09-12 18:06:56.514228+00:00
[2024-09-12T18:33:28.046+0000] {warnings.py:112} WARNING - /home/***/.local/lib/python3.12/site-packages/***/task/task_runner/standard_task_runner.py:70: DeprecationWarning: This process (pid=1709) is multi-threaded, use of fork() may lead to deadlocks in the child.
  pid = os.fork()

[2024-09-12T18:33:28.048+0000] {standard_task_runner.py:72} INFO - Started process 1711 to run task
[2024-09-12T18:33:28.049+0000] {standard_task_runner.py:104} INFO - Running: ['***', 'tasks', 'run', 'snowflake_automation_dag', 'terminate_emr_cluster', 'manual__2024-09-12T18:06:56.514228+00:00', '--job-id', '29', '--raw', '--subdir', 'DAGS_FOLDER/***_emr_spark_s3_snowflake.py', '--cfg-path', '/tmp/tmpeu21783o']
[2024-09-12T18:33:28.052+0000] {standard_task_runner.py:105} INFO - Job 29: Subtask terminate_emr_cluster
[2024-09-12T18:33:28.102+0000] {task_command.py:467} INFO - Running <TaskInstance: snowflake_automation_dag.terminate_emr_cluster manual__2024-09-12T18:06:56.514228+00:00 [running]> on host 70476fe7f1d5
[2024-09-12T18:33:28.168+0000] {taskinstance.py:3131} INFO - Exporting env vars: AIRFLOW_CTX_DAG_OWNER='Airflow' AIRFLOW_CTX_DAG_ID='snowflake_automation_dag' AIRFLOW_CTX_TASK_ID='terminate_emr_cluster' AIRFLOW_CTX_EXECUTION_DATE='2024-09-12T18:06:56.514228+00:00' AIRFLOW_CTX_TRY_NUMBER='1' AIRFLOW_CTX_DAG_RUN_ID='manual__2024-09-12T18:06:56.514228+00:00'
[2024-09-12T18:33:28.170+0000] {taskinstance.py:731} INFO - ::endgroup::
[2024-09-12T18:33:28.562+0000] {airflow_emr_spark_s3_snowflake.py:113} INFO - Terminated cluster j-1EI6GRS564UP8.
[2024-09-12T18:33:28.565+0000] {python.py:240} INFO - Done. Returned value was: None
[2024-09-12T18:33:28.589+0000] {taskinstance.py:340} INFO - ::group::Post task execution logs
[2024-09-12T18:33:28.592+0000] {taskinstance.py:352} INFO - Marking task as SUCCESS. dag_id=snowflake_automation_dag, task_id=terminate_emr_cluster, run_id=manual__2024-09-12T18:06:56.514228+00:00, execution_date=20240912T180656, start_date=20240912T183328, end_date=20240912T183328
[2024-09-12T18:33:28.671+0000] {local_task_job_runner.py:266} INFO - Task exited with return code 0
[2024-09-12T18:33:28.682+0000] {warnings.py:112} WARNING - /home/***/.local/lib/python3.12/site-packages/***/models/baseoperator.py:1378: AirflowProviderDeprecationWarning: Call to deprecated class SnowflakeOperator. (This class is deprecated. Please use `***.providers.common.sql.operators.sql.SQLExecuteQueryOperator`. Also, you can provide `hook_params={'warehouse': <warehouse>, 'database': <database>, 'role': <role>, 'schema': <schema>, 'authenticator': <authenticator>,'session_parameters': <session_parameters>}`.)
  result = cls.__new__(cls)

[2024-09-12T18:33:28.690+0000] {taskinstance.py:3900} INFO - 1 downstream tasks scheduled from follow-on schedule check
[2024-09-12T18:33:28.692+0000] {local_task_job_runner.py:245} INFO - ::endgroup::
