[2024-09-12T17:15:55.236+0000] {local_task_job_runner.py:123} INFO - ::group::Pre task execution logs
[2024-09-12T17:15:55.248+0000] {taskinstance.py:2612} INFO - Dependencies all met for dep_context=non-requeueable deps ti=<TaskInstance: snowflake_automation_dag.create_emr_cluster manual__2024-09-12T17:15:53.704070+00:00 [queued]>
[2024-09-12T17:15:55.253+0000] {taskinstance.py:2612} INFO - Dependencies all met for dep_context=requeueable deps ti=<TaskInstance: snowflake_automation_dag.create_emr_cluster manual__2024-09-12T17:15:53.704070+00:00 [queued]>
[2024-09-12T17:15:55.254+0000] {taskinstance.py:2865} INFO - Starting attempt 1 of 1
[2024-09-12T17:15:55.261+0000] {taskinstance.py:2888} INFO - Executing <Task(PythonOperator): create_emr_cluster> on 2024-09-12 17:15:53.704070+00:00
[2024-09-12T17:15:55.267+0000] {warnings.py:112} WARNING - /home/***/.local/lib/python3.12/site-packages/***/task/task_runner/standard_task_runner.py:70: DeprecationWarning: This process (pid=613) is multi-threaded, use of fork() may lead to deadlocks in the child.
  pid = os.fork()

[2024-09-12T17:15:55.269+0000] {standard_task_runner.py:72} INFO - Started process 615 to run task
[2024-09-12T17:15:55.271+0000] {standard_task_runner.py:104} INFO - Running: ['***', 'tasks', 'run', 'snowflake_automation_dag', 'create_emr_cluster', 'manual__2024-09-12T17:15:53.704070+00:00', '--job-id', '14', '--raw', '--subdir', 'DAGS_FOLDER/***_emr_spark_s3_snowflake.py', '--cfg-path', '/tmp/tmp0wz5939q']
[2024-09-12T17:15:55.274+0000] {standard_task_runner.py:105} INFO - Job 14: Subtask create_emr_cluster
[2024-09-12T17:15:55.319+0000] {task_command.py:467} INFO - Running <TaskInstance: snowflake_automation_dag.create_emr_cluster manual__2024-09-12T17:15:53.704070+00:00 [running]> on host 70476fe7f1d5
[2024-09-12T17:15:55.374+0000] {taskinstance.py:3131} INFO - Exporting env vars: AIRFLOW_CTX_DAG_OWNER='Airflow' AIRFLOW_CTX_DAG_ID='snowflake_automation_dag' AIRFLOW_CTX_TASK_ID='create_emr_cluster' AIRFLOW_CTX_EXECUTION_DATE='2024-09-12T17:15:53.704070+00:00' AIRFLOW_CTX_TRY_NUMBER='1' AIRFLOW_CTX_DAG_RUN_ID='manual__2024-09-12T17:15:53.704070+00:00'
[2024-09-12T17:15:55.375+0000] {taskinstance.py:731} INFO - ::endgroup::
[2024-09-12T17:15:55.917+0000] {logging_mixin.py:190} INFO - The cluster started with cluster id : {'JobFlowId': 'j-1V208XABQ3GY2', 'ClusterArn': 'arn:aws:elasticmapreduce:us-east-1:434838466180:cluster/j-1V208XABQ3GY2', 'ResponseMetadata': {'RequestId': '73408cf3-d720-4592-9e6e-ba702db04747', 'HTTPStatusCode': 200, 'HTTPHeaders': {'x-amzn-requestid': '73408cf3-d720-4592-9e6e-ba702db04747', 'content-type': 'application/x-amz-json-1.1', 'content-length': '118', 'date': 'Thu, 12 Sep 2024 17:15:55 GMT'}, 'RetryAttempts': 0}}
[2024-09-12T17:15:55.924+0000] {python.py:240} INFO - Done. Returned value was: {'JobFlowId': 'j-1V208XABQ3GY2', 'ClusterArn': 'arn:aws:elasticmapreduce:us-east-1:434838466180:cluster/j-1V208XABQ3GY2', 'ResponseMetadata': {'RequestId': '73408cf3-d720-4592-9e6e-ba702db04747', 'HTTPStatusCode': 200, 'HTTPHeaders': {'x-amzn-requestid': '73408cf3-d720-4592-9e6e-ba702db04747', 'content-type': 'application/x-amz-json-1.1', 'content-length': '118', 'date': 'Thu, 12 Sep 2024 17:15:55 GMT'}, 'RetryAttempts': 0}}
[2024-09-12T17:15:55.966+0000] {taskinstance.py:340} INFO - ::group::Post task execution logs
[2024-09-12T17:15:55.968+0000] {taskinstance.py:352} INFO - Marking task as SUCCESS. dag_id=snowflake_automation_dag, task_id=create_emr_cluster, run_id=manual__2024-09-12T17:15:53.704070+00:00, execution_date=20240912T171553, start_date=20240912T171555, end_date=20240912T171555
[2024-09-12T17:15:56.011+0000] {local_task_job_runner.py:266} INFO - Task exited with return code 0
[2024-09-12T17:15:56.022+0000] {warnings.py:112} WARNING - /home/***/.local/lib/python3.12/site-packages/***/models/baseoperator.py:1378: AirflowProviderDeprecationWarning: Call to deprecated class SnowflakeOperator. (This class is deprecated. Please use `***.providers.common.sql.operators.sql.SQLExecuteQueryOperator`. Also, you can provide `hook_params={'warehouse': <warehouse>, 'database': <database>, 'role': <role>, 'schema': <schema>, 'authenticator': <authenticator>,'session_parameters': <session_parameters>}`.)
  result = cls.__new__(cls)

[2024-09-12T17:15:56.033+0000] {taskinstance.py:3900} INFO - 1 downstream tasks scheduled from follow-on schedule check
[2024-09-12T17:15:56.034+0000] {local_task_job_runner.py:245} INFO - ::endgroup::
