[2024-09-12T18:06:58.204+0000] {local_task_job_runner.py:123} INFO - ::group::Pre task execution logs
[2024-09-12T18:06:58.217+0000] {taskinstance.py:2612} INFO - Dependencies all met for dep_context=non-requeueable deps ti=<TaskInstance: snowflake_automation_dag.create_emr_cluster manual__2024-09-12T18:06:56.514228+00:00 [queued]>
[2024-09-12T18:06:58.223+0000] {taskinstance.py:2612} INFO - Dependencies all met for dep_context=requeueable deps ti=<TaskInstance: snowflake_automation_dag.create_emr_cluster manual__2024-09-12T18:06:56.514228+00:00 [queued]>
[2024-09-12T18:06:58.223+0000] {taskinstance.py:2865} INFO - Starting attempt 1 of 1
[2024-09-12T18:06:58.231+0000] {taskinstance.py:2888} INFO - Executing <Task(PythonOperator): create_emr_cluster> on 2024-09-12 18:06:56.514228+00:00
[2024-09-12T18:06:58.238+0000] {warnings.py:112} WARNING - /home/***/.local/lib/python3.12/site-packages/***/task/task_runner/standard_task_runner.py:70: DeprecationWarning: This process (pid=1338) is multi-threaded, use of fork() may lead to deadlocks in the child.
  pid = os.fork()

[2024-09-12T18:06:58.241+0000] {standard_task_runner.py:72} INFO - Started process 1340 to run task
[2024-09-12T18:06:58.242+0000] {standard_task_runner.py:104} INFO - Running: ['***', 'tasks', 'run', 'snowflake_automation_dag', 'create_emr_cluster', 'manual__2024-09-12T18:06:56.514228+00:00', '--job-id', '24', '--raw', '--subdir', 'DAGS_FOLDER/***_emr_spark_s3_snowflake.py', '--cfg-path', '/tmp/tmprccrk4bn']
[2024-09-12T18:06:58.246+0000] {standard_task_runner.py:105} INFO - Job 24: Subtask create_emr_cluster
[2024-09-12T18:06:58.389+0000] {task_command.py:467} INFO - Running <TaskInstance: snowflake_automation_dag.create_emr_cluster manual__2024-09-12T18:06:56.514228+00:00 [running]> on host 70476fe7f1d5
[2024-09-12T18:06:58.466+0000] {taskinstance.py:3131} INFO - Exporting env vars: AIRFLOW_CTX_DAG_OWNER='Airflow' AIRFLOW_CTX_DAG_ID='snowflake_automation_dag' AIRFLOW_CTX_TASK_ID='create_emr_cluster' AIRFLOW_CTX_EXECUTION_DATE='2024-09-12T18:06:56.514228+00:00' AIRFLOW_CTX_TRY_NUMBER='1' AIRFLOW_CTX_DAG_RUN_ID='manual__2024-09-12T18:06:56.514228+00:00'
[2024-09-12T18:06:58.469+0000] {taskinstance.py:731} INFO - ::endgroup::
[2024-09-12T18:06:59.090+0000] {logging_mixin.py:190} INFO - The cluster started with cluster id : {'JobFlowId': 'j-1EI6GRS564UP8', 'ClusterArn': 'arn:aws:elasticmapreduce:us-east-1:434838466180:cluster/j-1EI6GRS564UP8', 'ResponseMetadata': {'RequestId': 'd2a44940-c10e-466b-a464-082d7d2867ee', 'HTTPStatusCode': 200, 'HTTPHeaders': {'x-amzn-requestid': 'd2a44940-c10e-466b-a464-082d7d2867ee', 'content-type': 'application/x-amz-json-1.1', 'content-length': '118', 'date': 'Thu, 12 Sep 2024 18:06:58 GMT'}, 'RetryAttempts': 0}}
[2024-09-12T18:06:59.091+0000] {python.py:240} INFO - Done. Returned value was: {'JobFlowId': 'j-1EI6GRS564UP8', 'ClusterArn': 'arn:aws:elasticmapreduce:us-east-1:434838466180:cluster/j-1EI6GRS564UP8', 'ResponseMetadata': {'RequestId': 'd2a44940-c10e-466b-a464-082d7d2867ee', 'HTTPStatusCode': 200, 'HTTPHeaders': {'x-amzn-requestid': 'd2a44940-c10e-466b-a464-082d7d2867ee', 'content-type': 'application/x-amz-json-1.1', 'content-length': '118', 'date': 'Thu, 12 Sep 2024 18:06:58 GMT'}, 'RetryAttempts': 0}}
[2024-09-12T18:06:59.130+0000] {taskinstance.py:340} INFO - ::group::Post task execution logs
[2024-09-12T18:06:59.132+0000] {taskinstance.py:352} INFO - Marking task as SUCCESS. dag_id=snowflake_automation_dag, task_id=create_emr_cluster, run_id=manual__2024-09-12T18:06:56.514228+00:00, execution_date=20240912T180656, start_date=20240912T180658, end_date=20240912T180659
[2024-09-12T18:06:59.162+0000] {local_task_job_runner.py:266} INFO - Task exited with return code 0
[2024-09-12T18:06:59.174+0000] {warnings.py:112} WARNING - /home/***/.local/lib/python3.12/site-packages/***/models/baseoperator.py:1378: AirflowProviderDeprecationWarning: Call to deprecated class SnowflakeOperator. (This class is deprecated. Please use `***.providers.common.sql.operators.sql.SQLExecuteQueryOperator`. Also, you can provide `hook_params={'warehouse': <warehouse>, 'database': <database>, 'role': <role>, 'schema': <schema>, 'authenticator': <authenticator>,'session_parameters': <session_parameters>}`.)
  result = cls.__new__(cls)

[2024-09-12T18:06:59.186+0000] {taskinstance.py:3900} INFO - 1 downstream tasks scheduled from follow-on schedule check
[2024-09-12T18:06:59.194+0000] {local_task_job_runner.py:245} INFO - ::endgroup::
