[2024-09-12T18:07:01.789+0000] {local_task_job_runner.py:123} INFO - ::group::Pre task execution logs
[2024-09-12T18:07:01.804+0000] {taskinstance.py:2612} INFO - Dependencies all met for dep_context=non-requeueable deps ti=<TaskInstance: snowflake_automation_dag.poll_step_layer manual__2024-09-12T18:06:56.514228+00:00 [queued]>
[2024-09-12T18:07:01.811+0000] {taskinstance.py:2612} INFO - Dependencies all met for dep_context=requeueable deps ti=<TaskInstance: snowflake_automation_dag.poll_step_layer manual__2024-09-12T18:06:56.514228+00:00 [queued]>
[2024-09-12T18:07:01.812+0000] {taskinstance.py:2865} INFO - Starting attempt 1 of 1
[2024-09-12T18:07:01.821+0000] {taskinstance.py:2888} INFO - Executing <Task(PythonOperator): poll_step_layer> on 2024-09-12 18:06:56.514228+00:00
[2024-09-12T18:07:01.828+0000] {warnings.py:112} WARNING - /home/***/.local/lib/python3.12/site-packages/***/task/task_runner/standard_task_runner.py:70: DeprecationWarning: This process (pid=1346) is multi-threaded, use of fork() may lead to deadlocks in the child.
  pid = os.fork()

[2024-09-12T18:07:01.831+0000] {standard_task_runner.py:72} INFO - Started process 1348 to run task
[2024-09-12T18:07:01.831+0000] {standard_task_runner.py:104} INFO - Running: ['***', 'tasks', 'run', 'snowflake_automation_dag', 'poll_step_layer', 'manual__2024-09-12T18:06:56.514228+00:00', '--job-id', '26', '--raw', '--subdir', 'DAGS_FOLDER/***_emr_spark_s3_snowflake.py', '--cfg-path', '/tmp/tmp6qjh_xws']
[2024-09-12T18:07:01.836+0000] {standard_task_runner.py:105} INFO - Job 26: Subtask poll_step_layer
[2024-09-12T18:07:01.902+0000] {task_command.py:467} INFO - Running <TaskInstance: snowflake_automation_dag.poll_step_layer manual__2024-09-12T18:06:56.514228+00:00 [running]> on host 70476fe7f1d5
[2024-09-12T18:07:02.019+0000] {taskinstance.py:3131} INFO - Exporting env vars: AIRFLOW_CTX_DAG_OWNER='Airflow' AIRFLOW_CTX_DAG_ID='snowflake_automation_dag' AIRFLOW_CTX_TASK_ID='poll_step_layer' AIRFLOW_CTX_EXECUTION_DATE='2024-09-12T18:06:56.514228+00:00' AIRFLOW_CTX_TRY_NUMBER='1' AIRFLOW_CTX_DAG_RUN_ID='manual__2024-09-12T18:06:56.514228+00:00'
[2024-09-12T18:07:02.020+0000] {taskinstance.py:731} INFO - ::endgroup::
[2024-09-12T18:07:02.030+0000] {logging_mixin.py:190} INFO - The cluster id : j-1EI6GRS564UP8
[2024-09-12T18:07:02.031+0000] {logging_mixin.py:190} INFO - The emr step id : s-03123881RDNM2HDDTE5B
[2024-09-12T18:07:02.344+0000] {logging_mixin.py:190} INFO - The step is PENDING
[2024-09-12T18:07:42.740+0000] {logging_mixin.py:190} INFO - The step is PENDING
[2024-09-12T18:08:25.109+0000] {logging_mixin.py:190} INFO - The step is PENDING
[2024-09-12T18:09:16.997+0000] {logging_mixin.py:190} INFO - The step is PENDING
[2024-09-12T18:09:59.778+0000] {logging_mixin.py:190} INFO - The step is PENDING
[2024-09-12T18:10:40.201+0000] {logging_mixin.py:190} INFO - The step is PENDING
[2024-09-12T18:11:21.149+0000] {logging_mixin.py:190} INFO - The step is PENDING
[2024-09-12T18:12:02.242+0000] {logging_mixin.py:190} INFO - The step is PENDING
[2024-09-12T18:12:42.699+0000] {logging_mixin.py:190} INFO - The step is PENDING
[2024-09-12T18:13:23.395+0000] {logging_mixin.py:190} INFO - The step is PENDING
[2024-09-12T18:14:03.992+0000] {logging_mixin.py:190} INFO - The step is PENDING
[2024-09-12T18:14:45.353+0000] {logging_mixin.py:190} INFO - The step is PENDING
[2024-09-12T18:15:26.584+0000] {logging_mixin.py:190} INFO - The step is PENDING
[2024-09-12T18:16:07.031+0000] {logging_mixin.py:190} INFO - The step is PENDING
[2024-09-12T18:16:47.490+0000] {logging_mixin.py:190} INFO - The step is PENDING
[2024-09-12T18:17:33.423+0000] {logging_mixin.py:190} INFO - The step is PENDING
[2024-09-12T18:18:14.116+0000] {logging_mixin.py:190} INFO - The step is PENDING
[2024-09-12T18:18:54.758+0000] {logging_mixin.py:190} INFO - The step is PENDING
[2024-09-12T18:19:36.645+0000] {logging_mixin.py:190} INFO - The step is PENDING
[2024-09-12T18:20:23.547+0000] {logging_mixin.py:190} INFO - The step is PENDING
[2024-09-12T18:21:06.660+0000] {logging_mixin.py:190} INFO - The step is PENDING
[2024-09-12T18:21:47.862+0000] {logging_mixin.py:190} INFO - The step is PENDING
[2024-09-12T18:22:29.667+0000] {logging_mixin.py:190} INFO - The step is PENDING
[2024-09-12T18:23:10.851+0000] {logging_mixin.py:190} INFO - The step is PENDING
[2024-09-12T18:23:51.661+0000] {logging_mixin.py:190} INFO - The step is PENDING
[2024-09-12T18:24:33.196+0000] {logging_mixin.py:190} INFO - The step is PENDING
[2024-09-12T18:25:13.800+0000] {logging_mixin.py:190} INFO - The step is PENDING
[2024-09-12T18:25:55.678+0000] {logging_mixin.py:190} INFO - The step is PENDING
[2024-09-12T18:26:36.907+0000] {logging_mixin.py:190} INFO - The step is PENDING
[2024-09-12T18:27:17.353+0000] {logging_mixin.py:190} INFO - The step is PENDING
[2024-09-12T18:27:58.833+0000] {logging_mixin.py:190} INFO - The step is PENDING
[2024-09-12T18:28:39.229+0000] {logging_mixin.py:190} INFO - The step is PENDING
[2024-09-12T18:29:19.646+0000] {logging_mixin.py:190} INFO - The step is PENDING
[2024-09-12T18:30:00.755+0000] {logging_mixin.py:190} INFO - The step is PENDING
[2024-09-12T18:30:41.208+0000] {logging_mixin.py:190} INFO - The step is PENDING
[2024-09-12T18:31:21.568+0000] {python.py:240} INFO - Done. Returned value was: None
[2024-09-12T18:31:21.612+0000] {taskinstance.py:340} INFO - ::group::Post task execution logs
[2024-09-12T18:31:21.615+0000] {taskinstance.py:352} INFO - Marking task as SUCCESS. dag_id=snowflake_automation_dag, task_id=poll_step_layer, run_id=manual__2024-09-12T18:06:56.514228+00:00, execution_date=20240912T180656, start_date=20240912T180701, end_date=20240912T183121
[2024-09-12T18:31:21.721+0000] {local_task_job_runner.py:266} INFO - Task exited with return code 0
[2024-09-12T18:31:21.741+0000] {warnings.py:112} WARNING - /home/***/.local/lib/python3.12/site-packages/***/models/baseoperator.py:1378: AirflowProviderDeprecationWarning: Call to deprecated class SnowflakeOperator. (This class is deprecated. Please use `***.providers.common.sql.operators.sql.SQLExecuteQueryOperator`. Also, you can provide `hook_params={'warehouse': <warehouse>, 'database': <database>, 'role': <role>, 'schema': <schema>, 'authenticator': <authenticator>,'session_parameters': <session_parameters>}`.)
  result = cls.__new__(cls)

[2024-09-12T18:31:21.766+0000] {taskinstance.py:3900} INFO - 0 downstream tasks scheduled from follow-on schedule check
[2024-09-12T18:31:21.769+0000] {local_task_job_runner.py:245} INFO - ::endgroup::
