[2024-09-12T17:02:55.840+0000] {local_task_job_runner.py:123} INFO - ::group::Pre task execution logs
[2024-09-12T17:02:55.852+0000] {taskinstance.py:2612} INFO - Dependencies all met for dep_context=non-requeueable deps ti=<TaskInstance: snowflake_automation_dag.create_emr_cluster manual__2024-09-12T17:02:54.712924+00:00 [queued]>
[2024-09-12T17:02:55.857+0000] {taskinstance.py:2612} INFO - Dependencies all met for dep_context=requeueable deps ti=<TaskInstance: snowflake_automation_dag.create_emr_cluster manual__2024-09-12T17:02:54.712924+00:00 [queued]>
[2024-09-12T17:02:55.858+0000] {taskinstance.py:2865} INFO - Starting attempt 1 of 1
[2024-09-12T17:02:55.864+0000] {taskinstance.py:2888} INFO - Executing <Task(PythonOperator): create_emr_cluster> on 2024-09-12 17:02:54.712924+00:00
[2024-09-12T17:02:55.870+0000] {warnings.py:112} WARNING - /home/***/.local/lib/python3.12/site-packages/***/task/task_runner/standard_task_runner.py:70: DeprecationWarning: This process (pid=415) is multi-threaded, use of fork() may lead to deadlocks in the child.
  pid = os.fork()

[2024-09-12T17:02:55.872+0000] {standard_task_runner.py:72} INFO - Started process 417 to run task
[2024-09-12T17:02:55.873+0000] {standard_task_runner.py:104} INFO - Running: ['***', 'tasks', 'run', 'snowflake_automation_dag', 'create_emr_cluster', 'manual__2024-09-12T17:02:54.712924+00:00', '--job-id', '9', '--raw', '--subdir', 'DAGS_FOLDER/***_emr_spark_s3_snowflake.py', '--cfg-path', '/tmp/tmpr8hwnf11']
[2024-09-12T17:02:55.876+0000] {standard_task_runner.py:105} INFO - Job 9: Subtask create_emr_cluster
[2024-09-12T17:02:55.921+0000] {task_command.py:467} INFO - Running <TaskInstance: snowflake_automation_dag.create_emr_cluster manual__2024-09-12T17:02:54.712924+00:00 [running]> on host 70476fe7f1d5
[2024-09-12T17:02:55.975+0000] {taskinstance.py:3131} INFO - Exporting env vars: AIRFLOW_CTX_DAG_OWNER='Airflow' AIRFLOW_CTX_DAG_ID='snowflake_automation_dag' AIRFLOW_CTX_TASK_ID='create_emr_cluster' AIRFLOW_CTX_EXECUTION_DATE='2024-09-12T17:02:54.712924+00:00' AIRFLOW_CTX_TRY_NUMBER='1' AIRFLOW_CTX_DAG_RUN_ID='manual__2024-09-12T17:02:54.712924+00:00'
[2024-09-12T17:02:55.977+0000] {taskinstance.py:731} INFO - ::endgroup::
[2024-09-12T17:02:57.578+0000] {logging_mixin.py:190} INFO - The cluster started with cluster id : {'JobFlowId': 'j-39Y37RC67PZUK', 'ClusterArn': 'arn:aws:elasticmapreduce:us-east-1:434838466180:cluster/j-39Y37RC67PZUK', 'ResponseMetadata': {'RequestId': '01f8ebef-0d7b-4634-81ed-c66f3617f28d', 'HTTPStatusCode': 200, 'HTTPHeaders': {'x-amzn-requestid': '01f8ebef-0d7b-4634-81ed-c66f3617f28d', 'content-type': 'application/x-amz-json-1.1', 'content-length': '118', 'date': 'Thu, 12 Sep 2024 17:02:57 GMT'}, 'RetryAttempts': 0}}
[2024-09-12T17:02:57.579+0000] {python.py:240} INFO - Done. Returned value was: {'JobFlowId': 'j-39Y37RC67PZUK', 'ClusterArn': 'arn:aws:elasticmapreduce:us-east-1:434838466180:cluster/j-39Y37RC67PZUK', 'ResponseMetadata': {'RequestId': '01f8ebef-0d7b-4634-81ed-c66f3617f28d', 'HTTPStatusCode': 200, 'HTTPHeaders': {'x-amzn-requestid': '01f8ebef-0d7b-4634-81ed-c66f3617f28d', 'content-type': 'application/x-amz-json-1.1', 'content-length': '118', 'date': 'Thu, 12 Sep 2024 17:02:57 GMT'}, 'RetryAttempts': 0}}
[2024-09-12T17:02:57.598+0000] {taskinstance.py:340} INFO - ::group::Post task execution logs
[2024-09-12T17:02:57.599+0000] {taskinstance.py:352} INFO - Marking task as SUCCESS. dag_id=snowflake_automation_dag, task_id=create_emr_cluster, run_id=manual__2024-09-12T17:02:54.712924+00:00, execution_date=20240912T170254, start_date=20240912T170255, end_date=20240912T170257
[2024-09-12T17:02:57.628+0000] {local_task_job_runner.py:266} INFO - Task exited with return code 0
[2024-09-12T17:02:57.638+0000] {warnings.py:112} WARNING - /home/***/.local/lib/python3.12/site-packages/***/models/baseoperator.py:1378: AirflowProviderDeprecationWarning: Call to deprecated class SnowflakeOperator. (This class is deprecated. Please use `***.providers.common.sql.operators.sql.SQLExecuteQueryOperator`. Also, you can provide `hook_params={'warehouse': <warehouse>, 'database': <database>, 'role': <role>, 'schema': <schema>, 'authenticator': <authenticator>,'session_parameters': <session_parameters>}`.)
  result = cls.__new__(cls)

[2024-09-12T17:02:57.648+0000] {taskinstance.py:3900} INFO - 1 downstream tasks scheduled from follow-on schedule check
[2024-09-12T17:02:57.650+0000] {local_task_job_runner.py:245} INFO - ::endgroup::
